ARM GAS  /tmp/ccr4jVKf.s 			page 1


   1              		.syntax unified
   2              		.cpu cortex-m4
   3              		.fpu softvfp
   4              		.eabi_attribute 20, 1
   5              		.eabi_attribute 21, 1
   6              		.eabi_attribute 23, 3
   7              		.eabi_attribute 24, 1
   8              		.eabi_attribute 25, 1
   9              		.eabi_attribute 26, 1
  10              		.eabi_attribute 30, 2
  11              		.eabi_attribute 34, 1
  12              		.eabi_attribute 18, 4
  13              		.thumb
  14              		.syntax unified
  15              		.file	"chcore.c"
  16              		.text
  17              	.Ltext0:
  18              		.section	.gnu.lto_.profile.3014ea43f38f0fa,"",%progbits
  19 0000 789C6361 		.ascii	"x\234ca`\004B \000\000\0009\000\007"
  19      60044220 
  19      00000039 
  19      0007
  20              		.text
  21              		.section	.gnu.lto_.icf.3014ea43f38f0fa,"",%progbits
  22 0000 789C6361 		.ascii	"x\234ca`d\000\001&\006d\000\000\000\236\000\010"
  22      60640001 
  22      26066400 
  22      00009E00 
  22      08
  23              		.text
  24              		.section	.gnu.lto_.jmpfuncs.3014ea43f38f0fa,"",%progbits
  25 0000 789C6361 		.ascii	"x\234ca`d\000\001&\006d\000\000\000\236\000\010"
  25      60640001 
  25      26066400 
  25      00009E00 
  25      08
  26              		.text
  27              		.section	.gnu.lto_.inline.3014ea43f38f0fa,"",%progbits
  28 0000 789C6361 		.ascii	"x\234ca`d\000\001&\006d\000\000\000\236\000\010"
  28      60640001 
  28      26066400 
  28      00009E00 
  28      08
  29              		.text
  30              		.section	.gnu.lto_.pureconst.3014ea43f38f0fa,"",%progbits
  31 0000 789C6361 		.ascii	"x\234ca`\004B \000\000\0009\000\007"
  31      60044220 
  31      00000039 
  31      0007
  32              		.text
  33              		.section	.gnu.lto_.symbol_nodes.3014ea43f38f0fa,"",%progbits
  34 0000 789C6361 		.ascii	"x\234ca`d`b\000\001\000\000F\000\010"
  34      60646062 
  34      00010000 
  34      460008
  35              		.text
  36              		.section	.gnu.lto_.refs.3014ea43f38f0fa,"",%progbits
ARM GAS  /tmp/ccr4jVKf.s 			page 2


  37 0000 789C6361 		.ascii	"x\234ca`\004B \000\000\0009\000\007"
  37      60044220 
  37      00000039 
  37      0007
  38              		.text
  39              		.section	.gnu.lto_.decls.3014ea43f38f0fa,"",%progbits
  40 0000 789C6361 		.ascii	"x\234ca`d\200\001\020K\005\210\377\003\001\210\035\306"
  40      60648001 
  40      104B0588 
  40      FF030188 
  40      1DC6
  41 0012 40000000 		.ascii	"@\000\000\000\260\216\004~"
  41      B08E047E 
  42              		.text
  43              		.section	.gnu.lto_.symtab.3014ea43f38f0fa,"",%progbits
  44              		.text
  45              		.section	.gnu.lto_.opts,"",%progbits
  46 0000 272D6666 		.ascii	"'-ffp-contract=off' '-fmath-errno' '-fsigned-zeros'"
  46      702D636F 
  46      6E747261 
  46      63743D6F 
  46      66662720 
  47 0033 20272D66 		.ascii	" '-ftrapping-math' '-fno-trapv' '-fno-openmp' '-fno"
  47      74726170 
  47      70696E67 
  47      2D6D6174 
  47      68272027 
  48 0066 2D6F7065 		.ascii	"-openacc' '-mcpu=cortex-m4' '-mno-thumb-interwork' "
  48      6E616363 
  48      2720272D 
  48      6D637075 
  48      3D636F72 
  49 0099 272D6D74 		.ascii	"'-mthumb' '-ggdb' '-O2' '-fomit-frame-pointer' '-fa"
  49      68756D62 
  49      2720272D 
  49      67676462 
  49      2720272D 
  50 00cc 6C69676E 		.ascii	"lign-functions=16' '-ffunction-sections' '-fdata-se"
  50      2D66756E 
  50      6374696F 
  50      6E733D31 
  50      36272027 
  51 00ff 6374696F 		.ascii	"ctions' '-fno-common' '-flto'\000"
  51      6E732720 
  51      272D666E 
  51      6F2D636F 
  51      6D6D6F6E 
  52              		.text
  53              		.comm	__gnu_lto_v1,1,1
  54              		.comm	__gnu_lto_slim,1,1
  55              		.ident	"GCC: (GNU Tools for ARM Embedded Processors) 5.4.1 20160609 (release) [ARM/embedded-5-bran
ARM GAS  /tmp/ccr4jVKf.s 			page 3


DEFINED SYMBOLS
                            *ABS*:00000000 chcore.c
                            *COM*:00000001 __gnu_lto_v1
                            *COM*:00000001 __gnu_lto_slim

NO UNDEFINED SYMBOLS
