ARM GAS  /tmp/ccRJRd9j.s 			page 1


   1              		.syntax unified
   2              		.cpu cortex-m4
   3              		.fpu softvfp
   4              		.eabi_attribute 20, 1
   5              		.eabi_attribute 21, 1
   6              		.eabi_attribute 23, 3
   7              		.eabi_attribute 24, 1
   8              		.eabi_attribute 25, 1
   9              		.eabi_attribute 26, 1
  10              		.eabi_attribute 30, 2
  11              		.eabi_attribute 34, 1
  12              		.eabi_attribute 18, 4
  13              		.thumb
  14              		.syntax unified
  15              		.file	"chcore_v7m.c"
  16              		.text
  17              	.Ltext0:
  18              		.section	.gnu.lto_.profile.af5f783dfbea19d3,"",%progbits
  19 0000 789C6361 		.ascii	"x\234ca`d`a`\000\222\2062\000\000\350\000X"
  19      60646061 
  19      60009286 
  19      320000E8 
  19      0058
  20              		.text
  21              		.section	.gnu.lto_.icf.af5f783dfbea19d3,"",%progbits
  22 0000 789C6361 		.ascii	"x\234ca`d\000\001\021\006\004`f\350\376\375\265\231"
  22      60640001 
  22      11060460 
  22      66E8FEFD 
  22      B599
  23 0012 85F969EF 		.ascii	"\205\371i\357\377\333|,\313\216\364?cd\000\000e\037"
  23      FFDB7C2C 
  23      CB8EF43F 
  23      63640000 
  23      651F
  24 0024 0960     		.ascii	"\011`"
  25              		.text
  26              		.section	.gnu.lto_.jmpfuncs.af5f783dfbea19d3,"",%progbits
  27 0000 789C6361 		.ascii	"x\234ca`d\000\001^\006\004`\206\022, \032\000\002\\"
  27      60640001 
  27      5E060460 
  27      86122C20 
  27      1A00025C 
  28 0014 001D     		.ascii	"\000\035"
  29              		.text
  30              		.section	.gnu.lto_.inline.af5f783dfbea19d3,"",%progbits
  31 0000 789C6361 		.ascii	"x\234ca`d\000\0017\006\004`f`\340\027cd`\022\271\320"
  31      60640001 
  31      37060460 
  31      6660E017 
  31      63646012 
  32 0016 C3C8C0B6 		.ascii	"\303\310\300\266@\236\011$\310\304\015\226\341\344\000"
  32      409E0924 
  32      C8C40D96 
  32      E1E400
  33 0025 4AF03C88 		.ascii	"J\360<\210\205\213\2630pq\203\204\346D\302\205\030\271"
  33      858BB330 
ARM GAS  /tmp/ccRJRd9j.s 			page 2


  33      70718384 
  33      E644C285 
  33      18B9
  34 0037 40240010 		.ascii	"@$\000\020\360\006\322"
  34      F006D2
  35              		.text
  36              		.section	.gnu.lto_.pureconst.af5f783dfbea19d3,"",%progbits
  37 0000 789C6361 		.ascii	"x\234ca`d\340b```f\330\305\310\274\213\221e\027#\000"
  37      6064E062 
  37      60606066 
  37      D8C5C8BC 
  37      8B916517 
  38 0016 0C24024B 		.ascii	"\014$\002K"
  39              		.text
  40              		.section	.gnu.lto__port_irq_epilogue.part.0.af5f783dfbea19d3,"",%progbits
  41 0000 789C9D54 		.ascii	"x\234\235T\337O\034U\024\276\347\336;\263\313\262@_"
  41      DF4F1C55 
  41      14BEE7DE 
  41      3BB3CBB2 
  41      405F
  42 0012 F48987E5 		.ascii	"\364\211\207\345\2014MH\207\350C\237|0\030\223\306l"
  42      81344D48 
  42      87E8439F 
  42      7C301893 
  42      C66C
  43 0024 DAECFE01 		.ascii	"\332\354\376\001\215\035\261\020\241\273\331\335\032"
  43      8D1DB110 
  43      A1BBD9DD 
  43      1A
  44 0031 F441865D 		.ascii	"\364A\206]\246 \265M\037dc\177\271\001b\240\255H\241"
  44      A620B54D 
  44      1F64637F 
  44      B90162A0 
  44      AD48A1
  45 0044 565DD0BA 		.ascii	"V]\320\272\245\245\330b!\244\265/-\012\013Rc\033\003"
  45      A5A5D862 
  45      21A4B52F 
  45      2D0A0B52 
  45      631B03
  46 0057 0D35A6C9 		.ascii	"\0155\246\3112\236sg\265\025jb\234d\356\2359\347|\367"
  46      329E7367 
  46      B5156A62 
  46      9C64EE9D 
  46      39E77CF7 
  47 006b 3BF73BE7 		.ascii	";\367;\347^\311\200\321\363\232\306X\017\316\257\342"
  47      5EC980D1 
  47      F39AC658 
  47      0FCEAFE2 
  48 007b 0B1E06FA 		.ascii	"\013\036\006\372\321i\374\320\201\253\231s\321\271\225"
  48      D169FCD0 
  48      81AB9973 
  48      D1B995
  49 008a 593E49A3 		.ascii	"Y>I\243_\200F\3266\257\374\353C\003\240\017\313\013"
  49      5F8046D6 
  49      36AFFCEB 
  49      4303A00F 
  49      CB0B
ARM GAS  /tmp/ccRJRd9j.s 			page 3


  50 009c AC55E742 		.ascii	"\254U\347Bj\320\012\217x\201\303x\307r\226o\353\267"
  50      6AD00A8F 
  50      7881C378 
  50      C772966F 
  50      EBB7
  51 00ae F0999F58 		.ascii	"\360\231\237X\257\265\006r`\013\306\034\256H\031\364"
  51      AFB50672 
  51      600BC61C 
  51      AE4819F4 
  52 00be C3368661 		.ascii	"\3036\206a\371\341\365\3562\275\235\302\002\256\023"
  52      F9E1F5EE 
  52      32BD9DC2 
  52      02AE13
  53 00cd 06909C31 		.ascii	"\006\220\2341\201\316\331\366s'\305\032\267\005\200"
  53      81CED9F6 
  53      7327C51A 
  53      B70580
  54 00dc C4DFD51B 		.ascii	"\304\337\325\033\307\027\313\351\227C\000\177\227\017"
  54      C717CBE9 
  54      9743007F 
  54      970F
  55 00ea 4D5CF408 		.ascii	"M\\\364\010\003h\231\334'\027nCu\237e%\255\371\271\354"
  55      036899DC 
  55      27176E43 
  55      759F6525 
  55      ADF9B9EC 
  56 00fe 73832396 		.ascii	"s\203#\226\365\376+\266\020p\026\004\256\012g\240\022"
  56      F5FE2BB6 
  56      10701604 
  56      AE0A67A0 
  56      12
  57 010f 4E43A54B 		.ascii	"NC\245K\375)T#\344\203\303\205\265\012\202t\251\004"
  57      FD295423 
  57      E483C385 
  57      B50A8274 
  57      A904
  58 0121 8F0DE4DA 		.ascii	"\217\015\344\332\003\210`\233\302\007Ux\327\265\245"
  58      0388609B 
  58      C2075578 
  58      D7B5A5
  59 0130 DE0AB14F 		.ascii	"\336\012\261O\261\375\266~\267\313\357\262\345\012\223"
  59      B1FDB67E 
  59      B7CBEFB2 
  59      E50A93
  60 013f 95C72C05 		.ascii	"\225\307,\005\225\360\3313\310\206\240z(dY\216\223\262"
  60      95F0D933 
  60      C886A07A 
  60      2864598E 
  60      93B2
  61 0151 8E8E3D0F 		.ascii	"\216\216=\017~P\374\\9\204\032%\263\205\246\341\240"
  61      7E50FC5C 
  61      39841A25 
  61      B385A6E1 
  61      A0
  62 0162 33B6820A 		.ascii	"3\266\202\012\220\236+\\\247Y\254r\256\346{\320\226"
  62      909E2B5C 
  62      A759AC72 
ARM GAS  /tmp/ccRJRd9j.s 			page 4


  62      AEE67BD0 
  62      96
  63 0173 9F5BE816 		.ascii	"\237[\350\026\033\024#\270\022\214m\3202wh\262\027$"
  63      1B1423B8 
  63      128C6DD0 
  63      327768B2 
  63      1724
  64 0185 8373A03B 		.ascii	"\203s\240;\0346\012M\0310\030&\030\214\340\210r7aH\372"
  64      1C360A4D 
  64      19301826 
  64      188CE088 
  64      72376148 
  65 019a 483A23AB 		.ascii	"H:#\253\336\315X\037\341n<\004*\344\355\305\022\211"
  65      DECD581F 
  65      E16E3C04 
  65      2AE4EDC5 
  65      1289
  66 01ac 39C179A8 		.ascii	"9\301y\250R\034W\363\347Gu\264\300\347 S\002\201p\001"
  66      521C57F3 
  66      E74775B4 
  66      C0E72053 
  66      02817001 
  67 01c0 79F2909C 		.ascii	"y\362\220\234\247\364h5Z\234<d\233\350\233\225\224\203"
  67      A7F46835 
  67      5A9C3C64 
  67      9BE89B95 
  67      9483
  68 01d2 2264CB90 		.ascii	"\"d\313\220|\330q\013\310\220\022\334\215\341\312=D"
  68      7CD8710B 
  68      C89012DC 
  68      8DE1CA3D 
  68      44
  69 01e3 108E01A9 		.ascii	"\020\216\001\251\223\007o\237~\301\215\020hB\306\233"
  69      93076F9F 
  69      7EC18D10 
  69      6842C69B 
  70 01f3 0B57D29A 		.ascii	"\013W\322\232\333\004\363\216\343T\300\027(\355?\200"
  70      DB04F38E 
  70      E354C017 
  70      28ED3F80 
  71 0203 82565E5B 		.ascii	"\202V^[\231NjdC\310R\377\303\356\022\202H\027\202\246"
  71      994E6A64 
  71      43C852FF 
  71      C3EE1282 
  71      481782A6 
  72 0217 5B33B353 		.ascii	"[3\263S\245\0318\325\206\373\337b\013/\256\015_R\215"
  72      A51938D5 
  72      86FBDF62 
  72      0B2FAE0D 
  72      5F528D
  73 022a D0F7A067 		.ascii	"\320\367\240g\344\204n\014\2224\326\213\266(\201\257"
  73      E4846E0C 
  73      9234D68B 
  73      B62881AF 
  74 023a 2003EBAA 		.ascii	" \003\353\252Q!\013\0065\342\317\217g\324\202>\300\030"
  74      51210B06 
  74      35E2CF8F 
ARM GAS  /tmp/ccRJRd9j.s 			page 5


  74      67D4823E 
  74      C018
  75 024c 2F8C2252 		.ascii	"/\214\"R\355\346\3073>7YIi\024\263B\300\344\375\245"
  75      EDE6C733 
  75      3E375949 
  75      6914B342 
  75      C0E4FDA5 
  76 0260 535EF19E 		.ascii	"S^\361\236R\376\376\322\352\345\322b\267<\352\020\305"
  76      52FEFED2 
  76      EAE5D262 
  76      B73CEA10 
  76      C5
  77 0271 6E1130F6 		.ascii	"n\0210\366\214n\371\232\366#\331=H\346\347\206\323\033"
  77      8C6EF99A 
  77      F623D93D 
  77      48E6E786 
  77      D31B
  78 0283 CA9D9BFA 		.ascii	"\312\235\233\372!D\021\305\262\362M\347\007\276Q%\275"
  78      214411C5 
  78      B2F24DE7 
  78      07BE5125 
  78      BD
  79 0294 480708D8 		.ascii	"H\007\010\330a@\177of\344\017_\325\011p\213ZJ\220\301"
  79      61407F6F 
  79      66E40F5F 
  79      D509708B 
  79      5A4A90C1 
  80 02a8 C531CBAB 		.ascii	"\3051\313\253\212\372m\261\250w\217\217~\350\243\242"
  80      8AFA6DB1 
  80      A8778F8F 
  80      7EE8A3A2 
  81 02b8 E6A8A812 		.ascii	"\346\250\250\022=\227\324\201\353\033N~\357\257\372"
  81      3D97D481 
  81      EB1B4E7E 
  81      EFAFFA
  82 02c7 189EEA88 		.ascii	"\030\236\352\210\351#\311\036\277\002\217\023\030.\253"
  82      E923C91E 
  82      BF028F13 
  82      182EAB
  83 02d6 EABBC5A0 		.ascii	"\352\273\305\240\324\330/\220\312\375t\335\357\252\242"
  83      D4D82F90 
  83      CAFD74DD 
  83      EFAAA2
  84 02e5 21229B7D 		.ascii	"!\"\233}p\307\323Z\260:\225\360~\207\343-\000W\240\025"
  84      70C7D35A 
  84      B03A95F0 
  84      7E87E32D 
  84      0057A015 
  85 02f9 1BBE8C2D 		.ascii	"\033\276\214-@\373\235\324\336'\301i{|\306CB\323\016"
  85      40FB9DD4 
  85      DE27C169 
  85      7B7CC643 
  85      42D30E
  86 030c 268AAAAC 		.ascii	"&\212\252\254\"\244s\253@\301\037wL\237\335]\224\370"
  86      22A473AB 
  86      40C11F77 
  86      4C9FDD5D 
ARM GAS  /tmp/ccRJRd9j.s 			page 6


  86      94F8
  87 031e BF567407 		.ascii	"\277Vt\007U\364\252\252(]x0\251*\372TV\326;\266(w8m"
  87      55F4AAAA 
  87      285D7830 
  87      A92AFA54 
  87      56D63BB6 
  88 0336 FB3B4C8B 		.ascii	"\373;L\213\370\344\337|\277\377?\276kO\370\256\377\013"
  88      F8E4DF7C 
  88      BFFF3FBE 
  88      6B4FF8AE 
  88      FF0B
  89 0348 1F5EBB30 		.ascii	"\037^\2730U\344\323\324!\377\025\222[\334\333q\005\241"
  89      55E4D3D4 
  89      21FF1592 
  89      5BDCDB71 
  89      05A1
  90 035a 6841996B 		.ascii	"hA\231k\352\032\032\3676\356\012\033\221\270aF\232\233"
  90      EA1A1AF7 
  90      36EE0A1B 
  90      91B86146 
  90      9A9B
  91 036c 23FB8D68 		.ascii	"#\373\215h$\226\210\033/\207\202u\301\026\303l0#\261"
  91      2496881B 
  91      2F878275 
  91      C116C36C 
  91      3023B1
  92 037f FA3D6FEF 		.ascii	"\372=o\357h\336n2=V\037?\320\224\250\335\214\251oI\030"
  92      68DE6E32 
  92      3D561F3F 
  92      D094A8DD 
  92      8CA96F49 
  93 0394 75C1F0CE 		.ascii	"u\301\360\316\260\321\270\337l:\360F\275a6\307\033\343"
  93      B0D1B8DF 
  93      6C3AF046 
  93      BD6136C7 
  93      1BE3
  94 03a6 7BF699E6 		.ascii	"{\366\231\346\366\006&\315DK\264,\030\012\007\252kk"
  94      F60626CD 
  94      444BB42C 
  94      180A07AA 
  94      6B6B
  95 03b8 02D178D4 		.ascii	"\002\321x\324\307\304K1V\236\210Dw\275\271;\0261\303"
  95      C7C44B31 
  95      569E8844 
  95      77BDB93B 
  95      1631C3
  96 03cb 89D7CDB7 		.ascii	"\211\327\315\267\312\202\341\0209k0\312\307x\214\211"
  96      CA82E110 
  96      396B30CA 
  96      C7788C89 
  97 03db 7894FD09 		.ascii	"x\224\375\011\204\023\377J"
  97      8413FF4A 
  98              		.text
  99              		.section	.gnu.lto_SVC_Handler.af5f783dfbea19d3,"",%progbits
 100 0000 789C9593 		.ascii	"x\234\225\223\337OSg\030\307\237\347\274\247?V\012z"
 100      DF4F5367 
 100      18C79FE7 
ARM GAS  /tmp/ccRJRd9j.s 			page 7


 100      BCA73F56 
 100      0A7A
 101 0012 634C3693 		.ascii	"cL6\223\265\027\\\230\020\217\027&\273\332\205\301\033"
 101      B5175C98 
 101      108F1726 
 101      BBDA85C1 
 101      1B
 102 0023 2F1A17FA 		.ascii	"/\032\027\372\007\030<v\243\221\332\246-\006w\241/\205"
 102      07183C76 
 102      A391DAA6 
 102      2D0677A1 
 102      2F85
 103 0035 4A944874 		.ascii	"J\224Ht\231\215\240[3t\221\315\241\026e\023\324z\004"
 103      998DA05B 
 103      337491CD 
 103      A1166513 
 103      D47A04
 104 0048 41491C66 		.ascii	"AI\034f\3110\232x\001\005K\202\321\210\321\340\015\340"
 104      C9309A78 
 104      01054B82 
 104      D188D1E0 
 104      0DE0
 105 005a F3BCA731 		.ascii	"\363\274\2471ZL\214'\3519=\357\363}\276\317\363|\336"
 105      5A4C8C27 
 105      E9393DEF 
 105      F37DBECF 
 105      F37CDE
 106 006d F7E880C0 		.ascii	"\367\350\200\300W\267\016\360\214\236_\321\017\005\240"
 106      57B70EF0 
 106      8C9E5FD1 
 106      0F05A0
 107 007c 766C02A0 		.ascii	"vl\002\240\305\255!\362\037\351F8\250\341A|\255-i8\334"
 107      C5AD21F2 
 107      1FE94638 
 107      A8E1417C 
 107      AD2D6938 
 108 0091 5E1CD436 		.ascii	"^\034\3246\236\223tM\215f\205\354\2650-\000V4\345\004"
 108      9E93744D 
 108      8D6685EC 
 108      B5302D00 
 108      5634E504 
 109 00a5 780E3702 		.ascii	"x\0167\002\311\376k\273tZ\274\322\322\002Q\247\327\205"
 109      C9FE6BBB 
 109      745ABCD2 
 109      D20251A7 
 109      D785
 110 00b7 7FBB67AA 		.ascii	"\177\273g\252\370UC\037\275\036\031\237\355Y#\014d\345"
 110      F855431F 
 110      BD1E199F 
 110      ED59230C 
 110      64E5
 111 00c9 F3E5C747 		.ascii	"\363\345\307G\274\325g\244LI\353\370\330\372.i\265\371"
 111      BCD567A4 
 111      4C49EBF8 
 111      D8FA2E69 
 111      B5F9
 112 00db D242E09F 		.ascii	"\322B\340\237(\310\024\377\300\015\330\213\033\2249"
ARM GAS  /tmp/ccRJRd9j.s 			page 8


 112      28C814FF 
 112      C00DD88B 
 112      1B9439
 113 00ea A90BB9E5 		.ascii	"\251\013\271\345\023\225\3166.\357\303\363Xm\027\306"
 113      1395CE36 
 113      2EEFC3F3 
 113      586D17C6 
 114 00fa BFD049A3 		.ascii	"\277\320I\243h\274B\242b\307h\336%\266({\353\367\201"
 114      68BC42A2 
 114      62C768DE 
 114      25B6287B 
 114      EBF781
 115 010d 0768DB4F 		.ascii	"\007h\333O-\016\256\353\353\227\362\360\266\264\320"
 115      2D0EAEEB 
 115      EB97F2F0 
 115      B6B4D0
 116 011c B16FB53F 		.ascii	"\261o\265?^\300\352\213u\226\\Yi\245\341\276\276\372"
 116      5EC0EA8B 
 116      75965C59 
 116      69A5E1BE 
 116      BEFA
 117 012e 66DEED22 		.ascii	"f\336\355\"\034d\252\253\273\003\322\302\341T2\200\027"
 117      1C64AAAB 
 117      BB03D2C2 
 117      E1543280 
 117      17
 118 013f 5498F12C 		.ascii	"T\230\361,h\032?\305\034\266\024\026\247O\210\017\233"
 118      681A3FC5 
 118      1CB61416 
 118      A74F880F 
 118      9B
 119 0150 B43AEEB5 		.ascii	"\264:\356\265\240\256\032\\\321p\325\004\354\204\027"
 119      A0AE1A5C 
 119      D170D504 
 119      EC8417
 120 015f D149B52F 		.ascii	"\321I\265/\321\235fh$I\2463\223\325\375?f\345I\"\341"
 120      D19D6668 
 120      2449A633 
 120      93D5FD3F 
 120      66E54922 
 121 0174 E4A4A542 		.ascii	"\344\244\245Bz\346\013\235*b\016\375\012\304X\341\362"
 121      7AE60B9D 
 121      2A620EFD 
 121      0AC458E1 
 121      F2
 122 0185 909356B0 		.ascii	"\220\223V\260\037\365V\301\006\227\251N\001SS\334\004"
 122      1FF556C1 
 122      0697A94E 
 122      015353DC 
 122      04
 123 0196 BBB13947 		.ascii	"\273\2619Gx-]\264t\005I\265^\304\324\313\366\333\310"
 123      782D5DB4 
 123      740549B5 
 123      5EC4D4CB 
 123      F6DBC8
 124 01a9 0BAD42D8 		.ascii	"\013\255B\330\032M\205\317s\212 A\353\351C\305\256*"
 124      1A4D85CF 
ARM GAS  /tmp/ccRJRd9j.s 			page 9


 124      738A2041 
 124      EBE943C5 
 124      AE2A
 125 01bb 5B41FEE2 		.ascii	"[A\376\342\375=D\364\341\025B\366A\222n\273.w9\355$"
 125      FD3D44F4 
 125      E11542F6 
 125      41926EBB 
 125      2E7739ED 
 126 01d0 072F9514 		.ascii	"\007/\225\024\224|\347\351\354/nq@\021x:\2730RQ\332"
 126      947CE7E9 
 126      EC2F6E71 
 126      4011783A 
 126      BB305251 
 127 01e5 F1A5475E 		.ascii	"\361\245G^y\254\305\315\0332\360\221\015\371\233\255"
 127      79ACC5CD 
 127      1B32F091 
 127      0DF99BAD 
 128 01f5 1D3087A9 		.ascii	"\0350\207\251\302b.S\316v\374>\262\242DW+\247\013\370"
 128      C2622E53 
 128      CE76FC3E 
 128      B2A24457 
 128      2BA70BF8 
 129 0209 8F227B95 		.ascii	"\217\"{\225\017\007\302Q\244xO\266\377\215\307\177\012"
 129      0F07C251 
 129      A4784FB6 
 129      FF8DC77F 
 129      0A
 130 021a 6DB62E4E 		.ascii	"m\266.N\351\233\271&\335\212\355`\211\355\343\356\241"
 130      E99BB926 
 130      DD8AED60 
 130      89EDE3EE 
 130      A1
 131 022b 9F3DCC76 		.ascii	"\237=\314v\210\331:(rM\235\3423\271\324=\257\377W|o"
 131      88D93A28 
 131      724D9DE2 
 131      33B9D43D 
 131      AFFF577C 
 132 0240 63263A53 		.ascii	"c&:S\277yU\362uN\306\033\370nj\325\032\323_\313\302"
 132      BF7955F2 
 132      754EC61B 
 132      F86E6AD5 
 132      1AD35FCB 
 133 0255 B9EBEDFF 		.ascii	"\271\353\355\377\243\350AE` \377\360\244\247t(s\035"
 133      A3E84145 
 133      6020FFF0 
 133      A4A77428 
 133      731D
 134 0267 91AE87B3 		.ascii	"\221\256\207\263R\376$\221)\344?B\341\246:\325\231\364"
 134      52FE2491 
 134      29E43F42 
 134      E1A63AD5 
 134      99F4
 135 0279 F07D17F3 		.ascii	"\360}\027\363\327i\032\213b\212\312\364\331r*\207'\261"
 135      D7691A8B 
 135      628ACAF4 
 135      D9722A87 
 135      27B1
ARM GAS  /tmp/ccRJRd9j.s 			page 10


 136 028b 44449411 		.ascii	"DD\224\021\261\2463\235\370%\340-\016\352eA\371z\002"
 136      B1A6339D 
 136      F825E02D 
 136      0EEA6541 
 136      F97A02
 137 029e B912E030 		.ascii	"\271\022\3400\207\035\253i\216(\232\267m\232\223\237"
 137      871DAB69 
 137      8E289AB7 
 137      6D9A939F 
 138 02ae A4395AA2 		.ascii	"\2449Z\242\271\234\235\316W0\3151\324U\337\200w\024"
 138      B99C9DCE 
 138      5730CD31 
 138      D455DF80 
 138      7714
 139 02c0 CEDEFCC8 		.ascii	"\316\336\374\310\023\257\277X\312v\263\366\345\205\376"
 139      13AFBF58 
 139      CA76B3F6 
 139      E585FE
 140 02cf C90A957D 		.ascii	"\311\012\225}W\341\034\267q*\004\000\363t\222\237\314"
 140      57E11CB7 
 140      712A0400 
 140      F374929F 
 140      CC
 141 02e0 BB793805 		.ascii	"\273y8\005\346\005}Q\364\351\221\274\246\266!\274+\274"
 141      E6057D51 
 141      F4E991BC 
 141      A6B621BC 
 141      2BBC
 142 02f2 23684413 		.ascii	"#hD\023\206\031\215D\242{\215X4\236L\030[\353\002\265"
 142      86198D44 
 142      A27B8D58 
 142      349E4C18 
 142      5BEB02B5 
 143 0306 8166C36C 		.ascii	"\201f\303l0\243\361\320\316}\337D6\231\240\233\311\346"
 143      30A3F1D0 
 143      CE7DDF44 
 143      3699A09B 
 143      C9E6
 144 0318 98331E4A 		.ascii	"\2303\036J45&7\257N\0145'\215\332@p{\320\010\3575\033"
 144      34352637 
 144      AF4E0C35 
 144      278DDA40 
 144      707BD008 
 145 032f 9B76870C 		.ascii	"\233v\207\0143\222\010'v\376`\232\233\032\2402P\027"
 145      33920827 
 145      76FE609A 
 145      9B1AA032 
 145      5017
 146 0341 F4556FAE 		.ascii	"\364Uo\256\361\305\0221\017\210o\343P\225\214\306v|"
 146      F1C51231 
 146      0F886FE3 
 146      50958CC6 
 146      767C
 147 0353 FF5D3C6A 		.ascii	"\377]<j\006\223\365\346\236\312@\260\216\2035\244\362"
 147      0693F5E6 
 147      9ECA40B0 
 147      8E8335A4 
ARM GAS  /tmp/ccRJRd9j.s 			page 11


 147      F2
 148 0364 80160791 		.ascii	"\200\026\007\221\210\201c_}cS\3503\272l\200\265\354"
 148      8881635F 
 148      7D6353E8 
 148      33BA6C80 
 148      B5EC
 149 0376 B3AB3E11 		.ascii	"\263\253>\021\212\305\303\354\005\256H(\022\215\357"
 149      8AC5C3EC 
 149      05AE4828 
 149      128DEF
 150 0385 87B715D0 		.ascii	"\207\267\025\320\316\266"
 150      CEB6
 151              		.text
 152              		.section	.gnu.lto__port_irq_epilogue.af5f783dfbea19d3,"",%progbits
 153 0000 789C9553 		.ascii	"x\234\225S\335K\323Q\030>\3179\277\3155-v\345Et1/\274"
 153      DD4BD351 
 153      183ECF39 
 153      BFCD352D 
 153      76E54574 
 154 0017 08A49F17 		.ascii	"\010\244\237\027\221W]\204W]\254\300\375\001\222k\344"
 154      91575D84 
 154      575DACC0 
 154      FD01926B 
 154      E4
 155 0028 C0B9D834 		.ascii	"\300\271\3304\354j\307\315\265\272\023\312\220(\006"
 155      EC6AC7CD 
 155      B5BA13CA 
 155      902806
 156 0037 7DE0ACFC 		.ascii	"}\340\254\374,\253\331\3249\023\012\314\010\026D\273"
 156      2CABD9D4 
 156      39130ACC 
 156      081644BB 
 157 0047 F103ADC5 		.ascii	"\361\003\255\305\002\255\204\202\334:\357o&\245Dt`;"
 157      02AD8482 
 157      DC3AEF6F 
 157      26A54474 
 157      603B
 158 0059 3BE779DF 		.ascii	";\347y\337\363\274\357\363>\323\030\030\255\234`lP\355"
 158      F3BCEFF3 
 158      3ED31818 
 158      AD9C606C 
 158      50ED
 159 006b 47D50766 		.ascii	"G\325\007f\006\336=\317X\247\205s\221\251d\322\252%"
 159      06DE3DCF 
 159      58A78573 
 159      91A964D2 
 159      AA25
 160 007d EB98AC10 		.ascii	"\353\230\254\0200\3215\264\322\336i1\001\364CZ\300\202"
 160      30D135B4 
 160      D2DE6931 
 160      01F4435A 
 160      C082
 161 008f 5C682604 		.ascii	"\\h&\004\261\30179\322\321\325\004?\330'\325Z\230-\324"
 161      B1C13739 
 161      D2D1D504 
 161      3FD827D5 
 161      5A982DD4 
ARM GAS  /tmp/ccRJRd9j.s 			page 12


 162 00a3 CA780A11 		.ascii	"\312x\012\021EP\344\006\027C\037\0162\025\2664R\350"
 162      4550E406 
 162      17431F0E 
 162      3215B634 
 162      52E8
 163 00b5 D96BEEA2 		.ascii	"\331k\356\2420{\011D\034f*h\250!%\213\305\260\224\305"
 163      307B0944 
 163      1C662A68 
 163      A821258B 
 163      C5B094C5 
 164 00c9 DAF96A0B 		.ascii	"\332\371j\013g\021\001A_\214\255\2510\342\\\347\234"
 164      67110141 
 164      5F8CADA9 
 164      30E25CE7 
 164      9C
 165 00da 76B18490 		.ascii	"v\261\204\220\215\336z\3355|]|\345\021\301\241\251\343"
 165      8DDE7ADD 
 165      357C5D7C 
 165      E511C1A1 
 165      A9E3
 166 00ec FACB6BCB 		.ascii	"\372\313k\313\373\350(`W\307\367\311h\006B\007E\216"
 166      FBE82860 
 166      57C7F7C9 
 166      68064207 
 166      458E
 167 00fe 4DBEEDB5 		.ascii	"M\276\355\265V\337\2222$\027\262\375\216\351;\027dw"
 167      56DF9232 
 167      2417B2FD 
 167      8EE93B17 
 167      6477
 168 0110 A7252234 		.ascii	"\247%\"4\334\203PU\340.\016\240\037\007J\245\336G\265"
 168      DC835055 
 168      E02E0EA0 
 168      1F074AA5 
 168      DE47B5
 169 0123 CA89E6E4 		.ascii	"\312\211\346\344\204F\317i\260c@a\357\021Z\352\211\316"
 169      8446CF69 
 169      B0634061 
 169      EF115AEA 
 169      89CE
 170 0135 1DFEB38B 		.ascii	"\035\376\263\213\324\245\002\214\036\212\034;\032L\215"
 170      D4A5028C 
 170      1E8A1C3B 
 170      1A4C8D
 171 0144 656350E0 		.ascii	"ecP\340 \201|\007(s/AL\014C\004\213]\342`X\015\205a"
 171      20817C07 
 171      28732F41 
 171      4C0C4304 
 171      8B5DE260 
 172 015c 84D401BB 		.ascii	"\204\324\001\273\014\205\337\214\215~\263V\335FL\366"
 172      0C85DF8C 
 172      8D7EB356 
 172      DD464CF6 
 173 016c DA23C244 		.ascii	"\332#\302D)\003\313O\245ES\002a\024U\214n\326\362\231"
 173      2903CB4F 
 173      A5455302 
 173      6114558C 
ARM GAS  /tmp/ccRJRd9j.s 			page 13


 173      6ED6F299 
 174 0180 2C573778 		.ascii	",W7x\240\206Fu3<4\364\211O\316\254TT\365me\233)\366"
 174      A0864675 
 174      333C34F4 
 174      894FCEAC 
 174      5454F56D 
 175 0198 F3E0E89B 		.ascii	"\363\340\350\233r#{\214\262\361\010\032[\0027$`l\025"
 175      72237B8C 
 175      B2F1081A 
 175      5B023724 
 175      606C15
 176 01ab E9F1442E 		.ascii	"\351\361D.v\204\272\013\013\032\362\325H\372U\031iR"
 176      7684BA0B 
 176      0B1AF2D5 
 176      48FA5519 
 176      6952
 177 01bd 66F4DA99 		.ascii	"f\364\332\231H^1\225\216\362]X\356\243\231\364\206\026"
 177      485E3195 
 177      8EF25D58 
 177      EEA399F4 
 177      8616
 178 01cf 2D31DC50 		.ascii	"-1\334P\303\267\340\211R\3651U\240\200|\317\363\273"
 178      C3B7E089 
 178      52F53155 
 178      A0807CCF 
 178      F3BB
 179 01e1 567D4076 		.ascii	"V}@v)d\017\022\210\241`X\003\343\320\025S\370\307\205"
 179      29640F12 
 179      88A16058 
 179      03E3D015 
 179      53F8C785 
 180 01f5 0C2F1189 		.ascii	"\014/\021\211\022\327\247\271\225\233\206\376\200\264"
 180      12D7A7B9 
 180      959B86FE 
 180      80B4
 181 0203 E1A97A66 		.ascii	"\341\251zf\021]\331\360\376\255 \0251\224O|\337[\212"
 181      115DD9F0 
 181      FEAD2015 
 181      31944F7C 
 181      DF5B8A
 182 0216 60486E4D 		.ascii	"`HnMo]I\231\251\024\037\020\266Q$Q'\022\371lYpS^\224"
 182      6F5D4999 
 182      A9141F10 
 182      B6512451 
 182      2712F96C 
 183 022f D21611D6 		.ascii	"\322\026\021\326\"\327\024\355\004\202\312]\345F\206"
 183      22D714ED 
 183      0482CA5D 
 183      E54686
 184 023e C69275DB 		.ascii	"\306\222u\333\256\372\303+\271\023\377\360\312\244\341"
 184      AEFAC32B 
 184      B913FFF0 
 184      CAA4E1
 185 024d 956D5D34 		.ascii	"\225m]4U\311\324\337\275\362b\225oy\305\264\313+_\342"
 185      55C9D4DF 
 185      BDF26295 
 185      6F79C5B4 
ARM GAS  /tmp/ccRJRd9j.s 			page 14


 185      CB2B5FE2 
 186 0261 D4468A40 		.ascii	"\324F\212@\363N\257l\314\203\230\030\246\377\342\225"
 186      F34EAF6C 
 186      CC839818 
 186      A6FFE295 
 187 0271 B4E19599 		.ascii	"\264\341\225\231\337\274R\210-N\226\377\262\301\224"
 187      DFBC5288 
 187      2D4E96FF 
 187      B2C194
 188 0280 61836786 		.ascii	"a\203g\206\015v\316|\366\327\314\211\300\220\303d\374"
 188      0D76CE7C 
 188      F6D7CC89 
 188      C090C364 
 188      FC
 189 0291 CB3E921E 		.ascii	"\313>\222\036\306ZS\316V7*\245\246\276\331\323\3449"
 189      C65A53CE 
 189      56372AA5 
 189      A6BED9D3 
 189      E439
 190 02a3 E9D47D01 		.ascii	"\351\324}\001\335\345\363z}\255\372Y\237\277-\240\037"
 190      DDE5F37A 
 190      7DADFA59 
 190      9FBF2DA0 
 190      1F
 191 02b4 6B70D43B 		.ascii	"kp\324;:tW\263\313\347w7\236\253\363\036r1\323\271S"
 191      3A7457B3 
 191      CBE77737 
 191      9EABF31E 
 191      7231D3B9 
 192 02c9 2DEDEEFF 		.ascii	"-\355\356\377Hif\265\273\203\335\035mz\275\303y\334"
 192      486966B5 
 192      BB83DD1D 
 192      6D7ABDC3 
 192      79DC
 193 02db A97B5A5D 		.ascii	"\251{Z]-\355\247\335\272\313\033\360\004\032\317\270"
 193      2DEDA7DD 
 193      BACB1BF0 
 193      041ACFB8 
 194 02eb 5C2AC1E6 		.ascii	"\\*\301\346p6\330\233N\005\334g\375\236\032{u-\343~"
 194      7036D89B 
 194      4E05DC67 
 194      FD9E1A7B 
 194      752DE37E 
 195 02ff 56E6757B 		.ascii	"V\346u{}\376\363\354'\002\344\217D"
 195      7DFEF3EC 
 195      2702E48F 
 195      44
 196              		.text
 197              		.section	.gnu.lto_.symbol_nodes.af5f783dfbea19d3,"",%progbits
 198 0000 789C6361 		.ascii	"x\234ca`d\250a\000\002\246\377\214\365\014\014\023\316"
 198      6064A861 
 198      0002A6FF 
 198      8CF50C0C 
 198      13CE
 199 0012 3130D433 		.ascii	"10\32430\356lY\330\240\300\300\300\370\223\261\236\021"
 199      30EE6C59 
 199      D8A0C0C0 
ARM GAS  /tmp/ccRJRd9j.s 			page 15


 199      C0F893B1 
 199      9E11
 200 0024 2CC6C0D0 		.ascii	",\306\300\320\260\000$\360\213\261\236\011Y\200\351"
 200      B00024F0 
 200      8BB19E09 
 200      5980E9
 201 0033 1B633D33 		.ascii	"\033c=3T\027\303\256\006E\240\310w\306z\026\024\021"
 201      5417C3AE 
 201      0645A0C8 
 201      77C67A16 
 201      1411
 202 0045 C61F8CF5 		.ascii	"\306\037\214\365\2540M c\231\031X\031\226\264\277\221"
 202      AC304D20 
 202      63991958 
 202      1996B4BF 
 202      91
 203 0056 67666160 		.ascii	"gfa`x\264R\215\001\000$\370\037\355"
 203      78B4528D 
 203      010024F8 
 203      1FED
 204              		.text
 205              		.section	.gnu.lto_.refs.af5f783dfbea19d3,"",%progbits
 206 0000 789C6361 		.ascii	"x\234ca`d\340d```b`b\344gb\022`\000\000\001x\0007"
 206      6064E064 
 206      60606062 
 206      6062E467 
 206      62126000 
 207              		.text
 208              		.section	.gnu.lto_.decls.af5f783dfbea19d3,"",%progbits
 209 0000 789CBD58 		.ascii	"x\234\275XiLTY\026\256\373n\261TQ\200Az\246;!3\246\307"
 209      694C5459 
 209      16AEFB6E 
 209      B1545180 
 209      417AA63B 
 210 0018 447E8C82 		.ascii	"D~\214\202\3323\323\235\364\217F\324\321I\234&\205\372"
 210      DA33D39D 
 210      F48F46D4 
 210      D1499C26 
 210      85FA
 211 002a 6792A9C6 		.ascii	"g\222\251\306\242\224\312\260YUL\333\311$\375\004\024"
 211      A294CAB0 
 211      59554CDB 
 211      C924FD04 
 211      14
 212 003b 94564171 		.ascii	"\224VAq\303\215\305\015\001\3317\021-A\026\261\245\021"
 212      C38DC50D 
 212      01D93711 
 212      2D4116B1 
 212      A511
 213 004d 15444050 		.ascii	"\025D@P\0207DP\004\021\3049\367\336\367\352=Jp\234L"
 213      10374450 
 213      0411C439 
 213      F7DEF7EA 
 213      3D4A709C 
 214 0062 322F9CAA 		.ascii	"2/\234\252:\357}\367;\313=\367\274{Q*\220\202\\\216"
 214      3AEF7DF7 
 214      3BCB3DF7 
ARM GAS  /tmp/ccRJRd9j.s 			page 16


 214      BC7B512A 
 214      90825C8E 
 215 0076 9F2A1451 		.ascii	"\237*\024QX\241\210\005\365\035\\J\270\267V!]\216 9"
 215      58A18805 
 215      F51D5C4A 
 215      B8B75621 
 215      5D8E2039 
 216 008a 20792005 		.ascii	" y \005 E % \027\024\357_\004\347.\214\367\000\361\004"
 216      20452025 
 216      201714EF 
 216      5F04E72E 
 216      8CF700F1 
 217 009f A905B90F 		.ascii	"\251\005\271\0172\017\244\034\244\037\244\015\244\001"
 217      320FA41C 
 217      A41FA40D 
 217      A401
 218 00ad 640DC873 		.ascii	"d\015\310s\220A\220J\220!\020\016\344\016H\247\314\366"
 218      9041904A 
 218      9021100E 
 218      E40E48A7 
 218      CCF6
 219 00bf 08C8B860 		.ascii	"\010\310\270`S\364\303\376\"~\251\354l\337\027\354\317"
 219      53F4C3FE 
 219      227EA9EC 
 219      6CDF17EC 
 219      CF
 220 00d0 13EC125B 		.ascii	"\023\354\022[B\330\224\273H\306\315\301}%\210\023z\237"
 220      42D894BB 
 220      48C6CDC1 
 220      7D258813 
 220      7A9F
 221 00e2 9BC4AB11 		.ascii	"\233\304\253\021\270\347\331\305&r\352@\376\016\362"
 221      B8E7D9C5 
 221      2672EA40 
 221      FE0EF2
 222 00f1 3B90EF40 		.ascii	";\220\357@\262\005S\177#\234\002\307:\370\035,\330\310"
 222      B205537F 
 222      239C02C7 
 222      3AF81D2C 
 222      D8C8
 223 0103 91D9B4BF 		.ascii	"\221\331\264\277\336rh\262\240f\314\255\035\265!\310"
 223      DE7268B2 
 223      A066CCAD 
 223      1DB521C8 
 224 0113 079A45EF 		.ascii	"\007\232E\357\"\304>\021\025\005\023\252*\244?\333-"
 224      22C43E11 
 224      150513AA 
 224      2AA43FDB 
 224      2D
 225 0124 2402059D 		.ascii	"$\002\005\235\023\177*ld\364O\034\377N\274(\211\304"
 225      137F2A6C 
 225      64F44F1C 
 225      FF4EBC28 
 225      89C4
 226 0136 8E84414C 		.ascii	"\216\204AL\027\006+\220\240s\222\001\304Tq\200\214\217"
 226      17062B90 
 226      A0739201 
ARM GAS  /tmp/ccRJRd9j.s 			page 17


 226      C4547180 
 226      8C8F
 227 0148 B92BD049 		.ascii	"\271+\320I>\333bBb\320\023;.\224h0d\005~7=|\373\000"
 227      3EDB6242 
 227      62D0133B 
 227      2E946830 
 227      64057E37 
 228 0160 2DC8E6E1 		.ascii	"-\310\346\341J\344y\356k)5\327c\363\016\343a\016y\250"
 228      4AE479EE 
 228      6B2935D7 
 228      63F30EE3 
 228      610E79A8 
 229 0174 9112D4A1 		.ascii	"\221\022\324\241k)=n\240z\252\321\034P\337^9\224\302"
 229      6B293D6E 
 229      A07AAAD1 
 229      1C50DF5E 
 229      3994C2
 230 0187 7DBA8F8E 		.ascii	"}\272\217\216\213\341\347(\321\332_\241,\344\205\316"
 230      8BE1E728 
 230      D1DA5FA1 
 230      2CE485CE 
 231 0197 202FB094 		.ascii	" /\260\224\215\240\334\321:%c\332[\336|\036\177\236"
 231      8DA0DCD1 
 231      3A2563DA 
 231      5BDE7C1E 
 231      7F9E
 232 01a9 CA5BF3F8 		.ascii	"\312[\363\370\356C\217\335\367\305\304\326\3030_\202"
 232      EE438FDD 
 232      F7C5C4D6 
 232      C3305F82 
 233 01b9 42A71146 		.ascii	"B\247\021F\231h\001q\017~\222\257S\250\035\374\316A"
 233      99680171 
 233      0F7E92AF 
 233      53A81DFC 
 233      CE41
 234 01cb 9FC3C867 		.ascii	"\237\303\310g\327\012\012\334\261\226z\372a\213\271"
 234      D70A0ADC 
 234      B1967AFA 
 234      618BB9
 235 01da 532C9E3C 		.ascii	"S,\236<8q\301\005,v\363|w~]x\\\306Vk\"\242 tV2x\226"
 235      3871C105 
 235      2C76F37C 
 235      777E5D78 
 235      5CC6566B 
 236 01f6 1A841F79 		.ascii	"\032\204\037y\324\330\275\356\023/\\\360^D\255\015\265"
 236      D4D8BDEE 
 236      132F5CF0 
 236      5E44AD0D 
 236      B5
 237 0207 5AC75D19 		.ascii	"Z\307]\031\203\365|\227\006\206\323\321\371\322\350"
 237      83F57C97 
 237      0686D3D1 
 237      F9D2E8
 238 0216 7C717401 		.ascii	"|qt\001\035}\272f\370\004\306\231l\364O\351\371\333"
 238      1D7DBA66 
 238      F804C699 
 238      6CF44FE9 
ARM GAS  /tmp/ccRJRd9j.s 			page 18


 238      F9DB
 239 0228 9C60742A 		.ascii	"\234`t*\211xl\361A\336\032\013ns\224\242P\242(\224G"
 239      89786CF1 
 239      41DE1A0B 
 239      6E7394A2 
 239      50A22894 
 240 023d 5C4469BA 		.ascii	"\\Di\272\006_\326\271\340bF\263\277\262&\331\221\321"
 240      065FD6B9 
 240      E06246B3 
 240      BFB226D9 
 240      91D1
 241 024f 5887EB34 		.ascii	"X\207\3534|\342f>\365\033JR,\221\024\313IJ(I\352\201"
 241      7CE2663E 
 241      F51B4A52 
 241      2C9114CB 
 241      494A2849 
 242 0265 91C78EB8 		.ascii	"\221\307\216\270\236\221\\\253\271q\300\011\337\247"
 242      9E915CAB 
 242      B971C009 
 242      DFA7
 243 0273 8AB2F76C 		.ascii	"\212\262\367lQ\013F*/\004\211C\336q<\037\315\017F\247"
 243      510B462A 
 243      2F048943 
 243      DE713C1F 
 243      CD0F46A7 
 244 0287 CED9A840 		.ascii	"\316\331\250@\213\275\220\257\227\002\235G\336\250\034"
 244      8BBD90AF 
 244      97029D47 
 244      DEA81C
 245 0296 C10A47E7 		.ascii	"\301\012G\347\000R\001\271M\341\235\351\235\024>\236"
 245      005201B9 
 245      4DE19DE9 
 245      9D143E9E 
 246 02a6 E767D19F 		.ascii	"\347g\321\237'\305rQ\020\025\225\011\231`\271\2771\320"
 246      27C57251 
 246      10159509 
 246      9960B9BF 
 246      31D0
 247 02b8 637590CF 		.ascii	"cu\220\317\023\201H\023U9e\242\322\313\0164\273\212"
 247      13814813 
 247      553965A2 
 247      D2CB0E34 
 247      BB8A
 248 02ca 13B5CB20 		.ascii	"\023\265\313 N\024\200P\251\024b\251\230\352\0134\274"
 248      4E148050 
 248      A91462A9 
 248      98EA0B34 
 248      BC
 249 02db CEFACC2C 		.ascii	"\316\372\314,R\231\363\324\210T\276;\334\312\355/\037"
 249      5299F3D4 
 249      8854BE3B 
 249      DCCAED2F 
 249      1F
 250 02ec 7365B708 		.ascii	"se\267\010m\363\256\027\307\235p<-q\256vGa\201\013\362"
 250      6DF3AE17 
 250      C79D703C 
 250      2D71AE76 
ARM GAS  /tmp/ccRJRd9j.s 			page 19


 250      4761810B 
 251 0301 5653AFBB 		.ascii	"VS\257\273[\233\227&\305\221\271\250FjtI\2621O\015\237"
 251      5B9B9726 
 251      C591B9A8 
 251      466A7449 
 251      B2314F0D 
 252 0316 F12421E0 		.ascii	"\361$!\340\265G\275\233\302\3463\252\202\234\0001\001"
 252      B547BD9B 
 252      C2E633AA 
 252      829C0031 
 252      01
 253 0327 222BDCBC 		.ascii	"\"+\334\274\0107\301H\346\361\244tG\374\230\0319Xtf"
 253      0837C148 
 253      E6F1A474 
 253      47FC9819 
 253      39587466 
 254 033b 546D3372 		.ascii	"Tm3rk\377\027\331$Y\265`\343\262d\003L\316h\244f\032"
 254      6BFF17D9 
 254      2459B560 
 254      E3B26403 
 254      4CCE68A4 
 255 0351 23643C18 		.ascii	"#d<\030\032\210}\320\355\302V\342\247\240n.\316\330"
 255      1A887DD0 
 255      EDC256E2 
 255      A7A06E2E 
 255      CED8
 256 0363 A5C19598 		.ascii	"\245\301\225\230Fz\254c(\307\011WQ\205{\230t\262P\215"
 256      467AAC63 
 256      28C70957 
 256      51857B98 
 256      74B2508D 
 257 0377 34DEDB25 		.ascii	"4\336\333%\013\362U\202\256\202\2155\032\301\033\346"
 257      0BF25582 
 257      AE828D35 
 257      1AC11BE6 
 258 0387 69E9DDF5 		.ascii	"i\351\335\365C1$\035\015H\203\256H\256\256\321\260\011"
 258      4331241D 
 258      0D4883AE 
 258      48AEAED1 
 258      B009
 259 0399 DAB7FFCC 		.ascii	"\332\267\377\314m\025\036f\306\232\007\177>\"82\013"
 259      6D151E66 
 259      C69A077F 
 259      3E223832 
 259      0B
 260 03aa D4A787EF 		.ascii	"\324\247\207\357\334\321\340Q\366\254\260n\250N\205"
 260      DCD1E051 
 260      F6ACB06E 
 260      A84E85
 261 03b9 27999252 		.ascii	"'\231\222R1\334\340\300\200\316\240\2665\345%\270\341"
 261      31DCE0C0 
 261      80CEA0B6 
 261      35E525B8 
 261      E1
 262 03ca 68257DB6 		.ascii	"h%}\2665\243z\314\025oa\312\351']\023\030\3073e\274"
 262      35A37ACC 
 262      156F61CA 
ARM GAS  /tmp/ccRJRd9j.s 			page 20


 262      E9275D13 
 262      18C73365 
 263 03df BC8677C6 		.ascii	"\274\206w\306\011L9U\327V\347\216w2El>\036\254\371\234"
 263      094C3955 
 263      D756E78E 
 263      7732456C 
 263      3E1EACF9 
 264 03f4 7D74F1B0 		.ascii	"}t\361\260\232\365\"\236{\313\251\023\022\207\233\224"
 264      9AF5229E 
 264      7BCBA913 
 264      12879B94 
 265 0404 68EEECB9 		.ascii	"h\356\354\271py\203\244\223\370a\341\377\230|b+\237"
 265      707983A4 
 265      93F861E1 
 265      FF987C62 
 265      2B9F
 266 0416 184463FB 		.ascii	"\030Dc\373\005bkC\263\245d\\\243\345\270\020>\024IB"
 266      05626B43 
 266      B3A5645C 
 266      A3E5B810 
 266      3E144942 
 267 042a 3DF3C8A2 		.ascii	"=\363\310\242@\255\000h!\200[\302\010\310\010\272\013"
 267      40AD0068 
 267      21805BC2 
 267      08C808BA 
 267      0B
 268 043b 996B4773 		.ascii	"\231kGsQ\027H\007\310=\220\333 \335 \235 w\320\\Z\241"
 268      51174807 
 268      C83D90DB 
 268      20DD209D 
 268      2077D05C 
 269 0451 D4B235B9 		.ascii	"\324\2625\271E#\232\255\2677[G\315f\221O\001=r\303\206"
 269      45239AAD 
 269      B7375B47 
 269      CD66914F 
 269      013D72C3 
 270 0466 BE698FF6 		.ascii	"\276i\217\366\261\371\310\260o$l\263=\266\011\331\201"
 270      B1F9C8B0 
 270      6F246CB3 
 270      3DB609D9 
 270      81
 271 0477 774B6EFC 		.ascii	"wKn\374<\275\033\024L\013\301\372j\217\206\207\225\016"
 271      3CBD1B14 
 271      4C0BC1FA 
 271      6A8F8687 
 271      950E
 272 0489 20855003 		.ascii	" \205P\003R<c7<I\013\303\224\352\306\264>\312\003J\224"
 272      523C6337 
 272      3C490BC3 
 272      94EAC6B4 
 272      3ECA034A 
 273 049e EC364E9F 		.ascii	"\3546N\237u9zB\012\351\372\364!14\314{\365\316\204\325"
 273      75397A42 
 273      0AE9FAF4 
 273      213134CC 
 273      7BF5CE84 
 274 04b3 1A7971CB 		.ascii	"\032yq\313\301\012t\037ih\227\200o\000\327\274\033\265"
ARM GAS  /tmp/ccRJRd9j.s 			page 21


 274      C10A741F 
 274      69689780 
 274      6F00D7BC 
 274      1BB5
 275 04c5 BAB39AE1 		.ascii	"\272\263\232\341H/\035ljV\253\343\205\266D\006\303\003"
 275      482F1D6C 
 275      6A56ABE3 
 275      85B64406 
 275      C303
 276 04d7 696C2F59 		.ascii	"il/Y\232\020\012\352a\213\273\352E\336)\015\033\215"
 276      9A100AEA 
 276      618BBBEA 
 276      45DE290D 
 276      1B8D
 277 04e9 654BD093 		.ascii	"eK\320\223-\301[\257+\337hp\012-NeatW\232\033\362f="
 277      2DC15BAF 
 277      2BDF6870 
 277      0A2D4E65 
 277      6174579A 
 278 0501 552DEB8D 		.ascii	"U-\353\215Oa\365?\224z#m\240\203?\222\333\264\251\222"
 278      4F61F53F 
 278      947A236D 
 278      A0833F92 
 278      DBB4A992 
 279 0515 6FDA0B06 		.ascii	"o\332\013\006\323y\330\036\212\035\370\021\224\332S"
 279      D379D81E 
 279      8A1DF811 
 279      94DA53
 280 0524 EACD1320 		.ascii	"\352\315\023 |\314\334I\337\373\372\036\362H\024\270"
 280      7CCCDC49 
 280      DFFBFA1E 
 280      F24814B8 
 281 0534 BF4194BB 		.ascii	"\277A\224\273\017\236?\240\336\367#\0171\006\252\300"
 281      0F9E3FA0 
 281      DEF7230F 
 281      3106AAC0 
 282 0544 88E2232D 		.ascii	"\210\342#-G]f\216\367\231\030\257\257\227|e{\262\225"
 282      475D668E 
 282      F79918AF 
 282      AF977C65 
 282      7BB295
 283 0557 7D7BB46B 		.ascii	"}{\264k\324U0g\025\315\015 \226\035\005zN\315=c\346"
 283      D4553067 
 283      15CD0D20 
 283      961D057A 
 283      4ECD3D63 
 284 056c 9E537337 		.ascii	"\236Ss7{\263\3625S\346\206\364p\311\336\24007\203tn"
 284      7BB3F235 
 284      53E686F4 
 284      70C9DEA0 
 284      30378374 
 285 0581 C61FE43E 		.ascii	"\306\037\344>\234\212\316\235\202\036\022\320C\024\335"
 285      9C8ACE9D 
 285      821E12D0 
 285      4314DD
 286 0590 D2D17C40 		.ascii	"\322\321|@\205\217\261Vp&\347h\236\033\316dJBU\365a"
 286      858FB156 
ARM GAS  /tmp/ccRJRd9j.s 			page 22


 286      7026E768 
 286      9E1BCE64 
 286      4A4255F5 
 287 05a5 4725A4FA 		.ascii	"G%\244\372%M3\334\251\330\\\342.\177\371\220\016,\361"
 287      254D33DC 
 287      A9D85CE2 
 287      2E7FF990 
 287      0E2CF1
 288 05b8 BE9AF2F2 		.ascii	"\276\232\362\362y\2358\270\331]\330\227t\365|w\346\315"
 288      799D38B8 
 288      D95DD897 
 288      74F57C77 
 288      E6CD
 289 05ca 039EDFCD 		.ascii	"\003\236\337\315\363\261\310\223\000\321\013\261\033"
 289      F3B1C893 
 289      00D10BB1 
 289      1B
 290 05d7 A261A424 		.ascii	"\242a\244$\232\364\232\035\241\357\241\376\223\255\263"
 290      9AF49A1D 
 290      A1EFA1FE 
 290      93ADB3
 291 05e6 F0A3993C 		.ascii	"\360\243\231<\211\353?\336\302)\311\276\222\370\000"
 291      89EB3FDE 
 291      C229C9BE 
 291      92F800
 292 05f5 3649236C 		.ascii	"6I#lI_<\343\026\346\015un\014\011\336\345gF[\035\231"
 292      495F3CE3 
 292      16E60D75 
 292      6E0C09DE 
 292      E567465B 
 293 060b 77D6BD57 		.ascii	"w\326\275W\277f{\21045\201\241Q\233k\257\301\265Q\271"
 293      BF667B88 
 293      343581A1 
 293      519B6BAF 
 293      C1B551B9 
 294 061f 6BE3D4B5 		.ascii	"k\343\324\265\336\361\234sB\303t\004\365y\317\350}\347"
 294      DEF19C73 
 294      42C37404 
 294      F579CFE8 
 294      7DE7
 295 0631 998BE1AD 		.ascii	"\231\213\341\255X\014\023\254\332\206\267o\031\025\266"
 295      580C13AC 
 295      DA86B76F 
 295      1915B6
 296 0640 7E4EA449 		.ascii	"~N\244I\367\035\336\251a\305\361%i\340\251\373\236\273"
 296      F71DDEA9 
 296      61C5F125 
 296      69E0A9FB 
 296      9EBB
 297 0652 D8D7E23B 		.ascii	"\330\327\342; \233\244d<\347!RR\005F\\\351\315\251r"
 297      209BA464 
 297      3CE72152 
 297      5205465C 
 297      E9CDA972 
 298 0666 C32F58A6 		.ascii	"\303/X\246\006\266\\\230\024\263\236\037\267<\345v\257"
 298      06B65C98 
 298      14B39E1F 
ARM GAS  /tmp/ccRJRd9j.s 			page 23


 298      B73CE576 
 298      AF
 299 0677 9075252D 		.ascii	"\220u%-\202\315\234\355\035\004?\245\270\2429\022W\367"
 299      82CD9CED 
 299      1D043FA5 
 299      B8A23912 
 299      57F7
 300 0689 B1877B5C 		.ascii	"\261\207{\\q\234\003e\312\270\332\020 $\250h\203\220"
 300      719C0365 
 300      CAB8DA10 
 300      2024A868 
 300      8390
 301 069b 1FB6C78A 		.ascii	"\037\266\307\212\221Hb\344$\261\224\244\265\257*\030"
 301      914862E4 
 301      24B194A4 
 301      B5AF2A18 
 302 06ab EF719861 		.ascii	"\357q\230a\336\036\356\256\356C\266\252\210\254\177"
 302      DE1EEEAE 
 302      EE43B6AA 
 302      88AC7F
 303 06ba 21550549 		.ascii	"!U\005I\375\026\221\032m\345\224D\223\330\343({\366"
 303      FD16911A 
 303      6DE59444 
 303      93D8E328 
 303      7BF6
 304 06cc B5BA0E21 		.ascii	"\265\272\016!y\361\010\364w\217\3332TL\037\244\357\262"
 304      79F108F4 
 304      778FDB32 
 304      544C1FA4 
 304      EFB2
 305 06de 8923A582 		.ascii	"\211#\245\202\356I\266\265]\211\211N,\271\251\004~\257"
 305      EE49B6B5 
 305      5D89894E 
 305      2CB9A904 
 305      7EAF
 306 06f0 F3E17637 		.ascii	"\363\341v7\234\306\274\353\312\313\037u\230y\336vp\302"
 306      9CC6BCEB 
 306      CACB1F75 
 306      9879DE76 
 306      70C2
 307 0702 BC9D61F3 		.ascii	"\274\235a\363v::-Y)\315\214\205V^\002\347\205\266s\004"
 307      763A3A2D 
 307      5929CD8C 
 307      85565E02 
 307      E785B673 
 308 0717 BE93CE0C 		.ascii	"\276\223\316\014\035D\320\321\025mIB\203\354&zqs\353"
 308      1D44D0D1 
 308      156D4942 
 308      83EC267A 
 308      7173EB
 309 072a 880A6731 		.ascii	"\210\012g1\3139\267\371m*b9\006,'\376\347\255\012\014"
 309      CB39B7F9 
 309      6D2A6239 
 309      062C27FE 
 309      E7AD0A0C 
 310 073e 499A6C6F 		.ascii	"I\232lor\220[O\342>`\375F_Z\254\320`\233\210^\322w\245"
 310      72905B4F 
ARM GAS  /tmp/ccRJRd9j.s 			page 24


 310      E23E60FD 
 310      465F5AAC 
 310      D0609B88 
 311 0756 567CA793 		.ascii	"V|\247\223<T\3246\303v$\217y\363|4}\333\007\352w\237"
 311      3C54D436 
 311      C376248F 
 311      79F37C34 
 311      7DDB07EA 
 312 076c 988707CC 		.ascii	"\230\207\007\314\223\270#]\205\016\366yH\006O\330\333"
 312      93B8235D 
 312      850EF679 
 312      48064FD8 
 312      DB
 313 077d 673FF564 		.ascii	"g?\365d\237\350I\375\226\213\373\337\363{FtBMq\2550"
 313      9FE849FD 
 313      968BFBDF 
 313      F37B4674 
 313      424D71AD 
 314 0792 BDF544EF 		.ascii	"\275\365D\357\233,lp\302\305\314\317=\273_78\343r\246"
 314      9B2C6C70 
 314      C2C5CCCF 
 314      3DBB5F37 
 314      38E372A6 
 315 07a6 940E6495 		.ascii	"\224\016d\225\2722\244U\256{\012\372\313\254\301\023"
 315      BA32A455 
 315      AE7B0AFA 
 315      CBACC113 
 316 07b6 8EB89281 		.ascii	"\216\270\222\201\017\265M\346\271K\035\227\271|\004"
 316      0FB54DE6 
 316      B94B1D97 
 316      B97C04
 317 07c5 9C60AFC0 		.ascii	"\234`\257\300c\234\324qI\037y"
 317      639CD471 
 317      491F79
 318 07d0 D91887E5 		.ascii	"\331\030\207\345h\342\362\214hq\375z\260\365{`,\355"
 318      68E2F28C 
 318      6871FD7A 
 318      B0F57B60 
 318      2CED
 319 07e2 892BBEC4 		.ascii	"\211+\276\304\3546\235\212o\302\342<\177\304\226\224"
 319      EC369D8A 
 319      6FC2E23C 
 319      7FC49694 
 320 07f2 1CCA0626 		.ascii	"\034\312\006&r\335p-\033_Qz\276V\330\351\371\202\232"
 320      72DD702D 
 320      1B5F517A 
 320      BE56D8E9 
 320      F9829A
 321 0805 957DA9D1 		.ascii	"\225}\251\321\005_e\317&\022\217\025\252\360u!\300\227"
 321      055F65CF 
 321      26128F15 
 321      AAF07521 
 321      C097
 322 0817 9D8F85B2 		.ascii	"\235\217\205\262\367&\357\327\214\243\273U\270\205="
 322      F726EFD7 
 322      8CA3BB55 
 322      B8853D
ARM GAS  /tmp/ccRJRd9j.s 			page 25


 323 0826 7B97187F 		.ascii	"{\227\030\177\320\011\2673%\27119\303\005w3e\374Qr\033"
 323      D009B733 
 323      25B93139 
 323      C3057733 
 323      65FC5172 
 324 083b 62A334B2 		.ascii	"b\2434\262\222\365\024J\366\354\310\316\375.\270\217"
 324      92F5144A 
 324      F6ECC8CE 
 324      FD2EB88F 
 325 084b 615BDB62 		.ascii	"a[\333b\313\005\254\013\2501\355\223U\3563\327L\236"
 325      CB05AC0B 
 325      A831ED93 
 325      55EE33D7 
 325      4C9E
 326 085d 5833B91C 		.ascii	"X3\271\034\215*wKo\2463\214\366\"\275Lv\242\360b'\212"
 326      8D2A774B 
 326      6FA6338C 
 326      F622BD4C 
 326      76A2F062 
 327 0873 22EBCB1C 		.ascii	"\"\353\313\034%~B-q\327\013\333jT\262\023\305o\312\310"
 327      257E422D 
 327      71D70BDB 
 327      6A54B213 
 327      C56FCAC8 
 328 0887 66BF18E6 		.ascii	"f\277\030\346\240Pj<^\266\275\376\324\367{\021\347M"
 328      A0506A3C 
 328      5EB6BDFE 
 328      D4F77B11 
 328      E74D
 329 0899 4869560B 		.ascii	"HiV\013`\312\362\231\375\314c\247/\273\342af\340Y\362"
 329      60CAF299 
 329      FDCC63A7 
 329      2FBBE261 
 329      66E059F2 
 330 08ad D3782C3B 		.ascii	"\323x,;Mxe\021\003e`\240D2P\314\315`\241tz\013\027\343"
 330      4D786511 
 330      036560A0 
 330      443250CC 
 330      CD60A174 
 331 08c5 2B0E3BC9 		.ascii	"+\016;\311\3736\341\313\201\347\331t}\226\323\242\311"
 331      FB36E1CB 
 331      81E7D974 
 331      7D96D3A2 
 331      C9
 332 08d6 13EB3C6D 		.ascii	"\023\353<m[a\242\232\025\306G\261\247\337\357\270\300"
 332      5B61A29A 
 332      15C647B1 
 332      A7DFEFB8 
 332      C0
 333 08e7 C9D9CF7D 		.ascii	"\311\331\317}\210\275\262\271\343\033<\301\346\355U"
 333      88BDB2B9 
 333      E31B3CC1 
 333      E6ED55
 334 08f6 63C73D84 		.ascii	"c\307=\204yG\252\304^\275r\312\011\3072\245?\363Z\275"
 334      7947AAC4 
 334      5EBD72CA 
 334      09C732A5 
ARM GAS  /tmp/ccRJRd9j.s 			page 26


 334      3FF35ABD 
 335 090a 23DECE94 		.ascii	"#\336\316\224\336\2767e\030\357b\312\311\376\364\035"
 335      DEBE3765 
 335      18EF62CA 
 335      C9FEF41D 
 336 091a 2A9C2C8C 		.ascii	"*\234,\214\351\035h\024\216%?\221\251\033\037,\271)"
 336      E91D6814 
 336      8E253F91 
 336      A91B1F2C 
 336      B929
 337 092c 5609397E 		.ascii	"V\0119~<y\365\340\2353N\241\340_w\037=\320\240As\351"
 337      3C79F5E0 
 337      9D334EA1 
 337      E05F771F 
 337      3DD0A041 
 338 0942 357BAEEC 		.ascii	"5{\256\354b\007\207\330\030\276;\351\345\246\2677\311"
 338      620787D8 
 338      18BE3BE9 
 338      E5A6B737 
 338      C9
 339 0953 5B498332 		.ascii	"[I\2032 \2103\220\362\253\234lWz\232\223o\264a\357<"
 339      20883390 
 339      F2AB9C6C 
 339      577A9A93 
 339      6FB461EF 
 340 0968 AC233B58 		.ascii	"\254#;Xhp\350'\001+\266=\264\215\223\357w\201\335\332"
 340      6870E827 
 340      012BB63D 
 340      B48D93EF 
 340      7781DDDA 
 341 097c DC45F7BB 		.ascii	"\334E\367\273\204\371\224=\363\01193\0017I\340\314\351"
 341      84F9943D 
 341      F3093933 
 341      013749E0 
 341      CCE9
 342 098e DD90538F 		.ascii	"\335\220S\217H\350\313\366\350x{\352\026\011|\334\036"
 342      48E8CBF6 
 342      E8787BEA 
 342      16097CDC 
 342      1E
 343 099f 9C2681A7 		.ascii	"\234&\201\247\234\215\252!\254*\372\214\300\311\301"
 343      9C8DAA21 
 343      AC2AFA8C 
 343      C0C9C1
 344 09ae E83654C3 		.ascii	"\3506T\303un.j\007i\005\371\005\344g\220[ 7An\200\324"
 344      756E2E6A 
 344      076905F9 
 344      05E46790 
 344      5B203741 
 345 09c5 80D483D4 		.ascii	"\200\324\203\324\201\\\003i\000i\002i\004i\003i\006"
 345      815C0369 
 345      00690269 
 345      04690369 
 345      06
 346 09d6 6901B903 		.ascii	"i\001\271\003R\013r\205\023\017S\304\317\022\311\317"
 346      520B7285 
 346      130F53C4 
ARM GAS  /tmp/ccRJRd9j.s 			page 27


 346      CF12C9CF 
 347 09e6 4A7B3F65 		.ascii	"J{?eg8\006\276)\201ON\237\\1_\311\233y\353\035:o\251"
 347      673806BE 
 347      29814F4E 
 347      9F5C315F 
 347      C99B79EB 
 348 09fe 306F4705 		.ascii	"0oG\005\260\330C\321a\373t\025I\314\027\354\231\345"
 348      B0D843D1 
 348      61FB7415 
 348      49CC17EC 
 348      99E5
 349 0a10 C71486BE 		.ascii	"\307\024\206\276-\241\323\247O\256\315\017@\037eh\322"
 349      2DA1D3A7 
 349      4FAECD0F 
 349      401F6568 
 349      D2
 350 0a21 C42FD9A3 		.ascii	"\304/\331\243\345'@\202\275+aS\354\261\007\337\253\210"
 350      E5274082 
 350      BD2B6153 
 350      ECB107DF 
 350      AB88
 351 0a33 F3921F59 		.ascii	"\363\222\037Y\366\350\226\251^C>\316\351\370\274\357"
 351      F6E896A9 
 351      5E433ECE 
 351      E9F8BCEF 
 352 0a43 5005E4E3 		.ascii	"P\005\344\343\254\000\026\027\260\374\274\310\230\313"
 352      AC001617 
 352      B0FCBCC8 
 352      98CB
 353 0a51 24E6F3D3 		.ascii	"$\346\363\323O\213<\323\2034\323\007\200y\257\000\026"
 353      4F8B3CD3 
 353      8334D307 
 353      8079AF00 
 353      16
 354 0a62 5FB0688F 		.ascii	"_\260h\217}\246\013$\346\213\323gZvl=\324E\217\255\000"
 354      7DA60B24 
 354      E68BD367 
 354      5A766C3D 
 354      D4458FAD 
 355 0a77 9A7A6C25 		.ascii	"\232zl%\251\352<\366\011;\266\222d\035\232>Y\013%\037"
 355      A9EA3CF6 
 355      093BB692 
 355      641D9A3E 
 355      590B251F 
 356 0a8b 5F501F77 		.ascii	"_P\037w\203\217\211\366\253x\227\275\217y\222\217\326"
 356      838F89F6 
 356      AB7897BD 
 356      8F79928F 
 356      D6
 357 0a9c 6967CC76 		.ascii	"ig\314vfm\354\332\333\250\304M\264\371p=\227s\373\341"
 357      666DECDA 
 357      DBA8C44D 
 357      B4F9703D 
 357      9773FBE1 
 358 0ab0 FD379BF9 		.ascii	"\3757\233\371>\326\205\210\357wap\207\324\326I(3,;\324"
 358      3ED68588 
 358      EF776170 
ARM GAS  /tmp/ccRJRd9j.s 			page 28


 358      87D4D649 
 358      28332C3B 
 359 0ac5 09ABEDFF 		.ascii	"\011\253\355\377\261\362\310\377\020\007\036\355q\237"
 359      B1F2C8FF 
 359      10071EED 
 359      719F
 360 0ad3 7244BBCB 		.ascii	"rD\273\313\311\017\333]\034;\242\301\367\264\007\272"
 360      C90FDB5D 
 360      1C3BA2C1 
 360      F7B407BA 
 361 0ae3 EC2907BA 		.ascii	"\354)\007\272n\001\335M\321\325#-9N\270\215u\357\366"
 361      6E01DD4D 
 361      D1D5232D 
 361      394EB88D 
 361      75EFF6
 362 0af6 ED65BF88 		.ascii	"\355e\277\210\377\035\316\257\373\327A\273\363\300="
 362      FF1DCEAF 
 362      FBD741BB 
 362      F3C03D
 363 0b05 2933F7E4 		.ascii	")3\367\344\233\355\373t\263}r\364u\202\033\356gL\325"
 363      9BEDFB74 
 363      B37D72F4 
 363      75821BEE 
 363      674CD5
 364 0b18 A73BCB84 		.ascii	"\247;\313\204\223\205\365\346\372)\007\202\036\211\245"
 364      9385F5E6 
 364      FA290782 
 364      1E89A5
 365 0b27 47CED2CB 		.ascii	"G\316\322\313}\256\370L\027\031a\262\350\214\246\215"
 365      7DAEF84C 
 365      171961B2 
 365      E88CA68D 
 366 0b37 3A43A431 		.ascii	":C\24414bC\224aAd\220\311\262\300\327\371\317\177]3"
 366      34624394 
 366      61416490 
 366      C9B2C0D7 
 366      F9CF7F5D 
 367 0b4c C7FFABAF 		.ascii	"\307\377\253\257\024\277\367\0171\2563~\033\350\023"
 367      14BFF70F 
 367      31AE337E 
 367      1BE813
 368 0b5b 61F6D147 		.ascii	"a\366\321G\204\205E\204\373\2201f\037?\355*\377U\233"
 368      84854584 
 368      FB903166 
 368      1F3FED2A 
 368      FF559B
 369 0b6e 7CF421FA 		.ascii	"|\364!\372\010\223A\367\317?\205-\320+>a|\346\357\215"
 369      089341F7 
 369      CF3F852D 
 369      D02B3E61 
 369      7CE6EF8D 
 370 0b82 167D886E 		.ascii	"\026}\210n\275)\"Lg4\233\376\013\212\020\305lFa\330"
 370      BD29224C 
 370      67349BFE 
 370      0B8A10C5 
 370      6C4661D8 
 371 0b96 64B4D808 		.ascii	"d\264\330\010\\\002\327\372\353V\004\205\007\207\032"
ARM GAS  /tmp/ccRJRd9j.s 			page 29


 371      5C02D7FA 
 371      EB560485 
 371      07871A
 372 0ba5 4C1EEFBB 		.ascii	"L\036\357\273\374\231>$P\037\262\322\034`2\030\302\""
 372      FC993E24 
 372      501FB2D2 
 372      1C603218 
 372      C222
 373 0bb7 2DC68870 		.ascii	"-\306\210p\255ac\224\321d\010v\320-\211\210\010\375"
 373      AD616394 
 373      D1640876 
 373      D02D8988 
 373      08FD
 374 0bc9 ADCCBEC9 		.ascii	"\255\314\276\311\342c\014\327\207F\005\033\300\254Y"
 374      E2630CD7 
 374      8746051B 
 374      C0AC59
 375 0bd8 1F120C26 		.ascii	"\037\022\014&\325:]\2241\334\262x\221\316\262\306'\312"
 375      D53A5D94 
 375      31DCB278 
 375      91CEB2C6 
 375      27CA
 376 0bea 6CF25967 		.ascii	"l\362Yg\014\367\331\240\327\317\0172\205\315\017\217"
 376      0CF7D9A0 
 376      D7CF0F32 
 376      85CD0F8F 
 377 0bfa 0837CC37 		.ascii	"\0107\3147\004\2553\316\377\203\356\213\371\213|\027"
 377      04AD33CE 
 377      FF83EE8B 
 377      F98B7C17 
 378 0c0a FE71E322 		.ascii	"\376q\343\"\237)\017l\204aA\372\020c\270\301G\027lX"
 378      9F290F6C 
 378      846141FA 
 378      1063B8C1 
 378      47176C58 
 379 0c1e 1F14156A 		.ascii	"\037\024\025j\321Y~\2104\230\301\200\263H\377\227\377"
 379      D1597E88 
 379      3498C180 
 379      B348FF97 
 379      FF
 380 0c2f 85DEFC83 		.ascii	"\205\336\374\203\331Gg\266\004\003\027p*7E\232M\316"
 380      D94767B6 
 380      04031770 
 380      2A37459A 
 380      4DCE
 381 0c41 26C30600 		.ascii	"&\303\006\000\353,\336\037\225b\030\306E\352\035CM:"
 381      EB2CDE1F 
 381      956218C6 
 381      45EA1D43 
 381      4D3A
 382 0c53 4B483036 		.ascii	"KH06-\\\304\231\026s&\370\\\310\231|]\204\274[\364\226"
 382      2D5CC499 
 382      167326F8 
 382      5CC8997C 
 382      5D84BC5B 
 383 0c69 4D4A7D48 		.ascii	"MJ}H\220I\245\323m0Xt\001\201\001\256A\241\337\007\375"
 383      9049A5D3 
ARM GAS  /tmp/ccRJRd9j.s 			page 30


 383      6D305874 
 383      018101AE 
 383      41A1DF07 
 384 0c7e 60D619C3 		.ascii	"`\326\031\303C!>\337\367m\301(\037\377U\201+\003\245"
 384      43213EDF 
 384      F76DC128 
 384      1FFF5581 
 384      2B03A5
 385 0c91 E486998D 		.ascii	"\344\206\231\215f\035D\0116\201\310\314\210<\251\215"
 385      661D4409 
 385      3681C8CC 
 385      883CA98D 
 386 0ca1 A8F0D008 		.ascii	"\250\360\320\010\375?\244\331\225\335te\320%~\201\313"
 386      FD3FA4D9 
 386      95DD7465 
 386      D0257E81 
 386      CB
 387 0cb2 02B42B55 		.ascii	"\002\264+U\332e\201\313\264k\227-\365U\256\014\364\323"
 387      DA6581CB 
 387      B46B972D 
 387      F555AE0C 
 387      F4D3
 388 0cc4 2A57AD5A 		.ascii	"*W\255Z\256\305~K\265x)|\007,\327*\375\226\007j\225"
 388      AEC57E4B 
 388      B578297C 
 388      072CD72A 
 388      FD96076A 
 389 0cd9 4B96FB69 		.ascii	"K\226\373i\035\340\021\000\226\022}\005\371\360\207"
 389      1DE01100 
 389      96127D05 
 389      F9F087
 390 0ce8 0F87C015 		.ascii	"\017\207\300\025\376\201Z\034\270\"@\305f\370K\235\305"
 390      FE815A1C 
 390      B82240C5 
 390      66F84B9D 
 390      C5
 391 0cf9 49F8C6FE 		.ascii	"I\370\306\376\376\360\304_\353\340\267R\353\257U\256"
 391      FEF0C45F 
 391      EBE0B752 
 391      EBAF55AE 
 392 0d09 5DFDAD56 		.ascii	"]\375\255V\271\022\320\016\376\001kV.\205O?\177\255"
 392      B912D00E 
 392      FE016B56 
 392      2E854F3F 
 392      7FAD
 393 0d1b CF47054A 		.ascii	"\317G\005JJW\037\366\005\231\346@\377%\272\3250\347"
 393      4A571FF6 
 393      0599E640 
 393      FF25BAD5 
 393      30E7
 394 0d2d 1E34A229 		.ascii	"\0364\242)A\252l\267\376\015\217\235I\020"
 394      41AA6CB7 
 394      FE0D8F9D 
 394      4910
 395              		.text
 396              		.section	.gnu.lto_.symtab.af5f783dfbea19d3,"",%progbits
 397 0000 5356435F 		.ascii	"SVC_Handler\000"
ARM GAS  /tmp/ccRJRd9j.s 			page 31


 397      48616E64 
 397      6C657200 
 398 000c 00       		.ascii	"\000"
 399 000d 00       		.ascii	"\000"
 400 000e 00       		.ascii	"\000"
 401 000f 00000000 		.ascii	"\000\000\000\000\000\000\000\000"
 401      00000000 
 402 0017 B4000000 		.ascii	"\264\000\000\000"
 403 001b 5F706F72 		.ascii	"_port_irq_epilogue\000"
 403      745F6972 
 403      715F6570 
 403      696C6F67 
 403      756500
 404 002e 00       		.ascii	"\000"
 405 002f 00       		.ascii	"\000"
 406 0030 00       		.ascii	"\000"
 407 0031 00000000 		.ascii	"\000\000\000\000\000\000\000\000"
 407      00000000 
 408 0039 B6000000 		.ascii	"\266\000\000\000"
 409 003d 5F706F72 		.ascii	"_port_switch_from_isr\000"
 409      745F7377 
 409      69746368 
 409      5F66726F 
 409      6D5F6973 
 410 0053 00       		.ascii	"\000"
 411 0054 02       		.ascii	"\002"
 412 0055 00       		.ascii	"\000"
 413 0056 00000000 		.ascii	"\000\000\000\000\000\000\000\000"
 413      00000000 
 414 005e B0000000 		.ascii	"\260\000\000\000"
 415 0062 5F706F72 		.ascii	"_port_exit_from_isr\000"
 415      745F6578 
 415      69745F66 
 415      726F6D5F 
 415      69737200 
 416 0076 00       		.ascii	"\000"
 417 0077 02       		.ascii	"\002"
 418 0078 00       		.ascii	"\000"
 419 0079 00000000 		.ascii	"\000\000\000\000\000\000\000\000"
 419      00000000 
 420 0081 B2000000 		.ascii	"\262\000\000\000"
 421 0085 63685363 		.ascii	"chSchIsPreemptionRequired\000"
 421      68497350 
 421      7265656D 
 421      7074696F 
 421      6E526571 
 422 009f 00       		.ascii	"\000"
 423 00a0 02       		.ascii	"\002"
 424 00a1 00       		.ascii	"\000"
 425 00a2 00000000 		.ascii	"\000\000\000\000\000\000\000\000"
 425      00000000 
 426 00aa BE000000 		.ascii	"\276\000\000\000"
 427              		.text
 428              		.section	.gnu.lto_.opts,"",%progbits
 429 0000 272D6666 		.ascii	"'-ffp-contract=off' '-fmath-errno' '-fsigned-zeros'"
 429      702D636F 
 429      6E747261 
ARM GAS  /tmp/ccRJRd9j.s 			page 32


 429      63743D6F 
 429      66662720 
 430 0033 20272D66 		.ascii	" '-ftrapping-math' '-fno-trapv' '-fno-openmp' '-fno"
 430      74726170 
 430      70696E67 
 430      2D6D6174 
 430      68272027 
 431 0066 2D6F7065 		.ascii	"-openacc' '-mcpu=cortex-m4' '-mno-thumb-interwork' "
 431      6E616363 
 431      2720272D 
 431      6D637075 
 431      3D636F72 
 432 0099 272D6D74 		.ascii	"'-mthumb' '-ggdb' '-O2' '-fomit-frame-pointer' '-fa"
 432      68756D62 
 432      2720272D 
 432      67676462 
 432      2720272D 
 433 00cc 6C69676E 		.ascii	"lign-functions=16' '-ffunction-sections' '-fdata-se"
 433      2D66756E 
 433      6374696F 
 433      6E733D31 
 433      36272027 
 434 00ff 6374696F 		.ascii	"ctions' '-fno-common' '-flto'\000"
 434      6E732720 
 434      272D666E 
 434      6F2D636F 
 434      6D6D6F6E 
 435              		.text
 436              		.comm	__gnu_lto_v1,1,1
 437              		.comm	__gnu_lto_slim,1,1
 438              		.ident	"GCC: (GNU Tools for ARM Embedded Processors) 5.4.1 20160609 (release) [ARM/embedded-5-bran
ARM GAS  /tmp/ccRJRd9j.s 			page 33


DEFINED SYMBOLS
                            *ABS*:00000000 chcore_v7m.c
                            *COM*:00000001 __gnu_lto_v1
                            *COM*:00000001 __gnu_lto_slim

NO UNDEFINED SYMBOLS
