ARM GAS  /tmp/ccyWBzyx.s 			page 1


   1              		.syntax unified
   2              		.cpu cortex-m4
   3              		.fpu softvfp
   4              		.eabi_attribute 20, 1
   5              		.eabi_attribute 21, 1
   6              		.eabi_attribute 23, 3
   7              		.eabi_attribute 24, 1
   8              		.eabi_attribute 25, 1
   9              		.eabi_attribute 26, 1
  10              		.eabi_attribute 30, 2
  11              		.eabi_attribute 34, 1
  12              		.eabi_attribute 18, 4
  13              		.thumb
  14              		.syntax unified
  15              		.file	"crt1.c"
  16              		.text
  17              	.Ltext0:
  18              		.section	.gnu.lto_.profile.5b1feb7caf185770,"",%progbits
  19 0000 789C6361 		.ascii	"x\234ca`d`a`\000\222\222\242\000\000\261\0009"
  19      60646061 
  19      60009292 
  19      A20000B1 
  19      0039
  20              		.text
  21              		.section	.gnu.lto_.icf.5b1feb7caf185770,"",%progbits
  22 0000 789C6361 		.ascii	"x\234ca`d\000\0015\006\004`cX?\363A\013\023#\230d\002"
  22      60640001 
  22      35060460 
  22      63583FF3 
  22      410B1323 
  23 0017 93CC8DB7 		.ascii	"\223\314\215\267O\375\344g9\362d\372[\026\326\213\337"
  23      4FFDE467 
  23      39F264FA 
  23      5B16D68B 
  23      DF
  24 0028 36F6F031 		.ascii	"6\366\3601\000\000S4\021\273"
  24      00005334 
  24      11BB
  25              		.text
  26              		.section	.gnu.lto_.jmpfuncs.5b1feb7caf185770,"",%progbits
  27 0000 789C6361 		.ascii	"x\234ca`d\000\001A\006\004`\005b\240(\023\003\0033\003"
  27      60640001 
  27      41060460 
  27      0562A028 
  27      13030333 
  28 0015 030B9003 		.ascii	"\003\013\220\003\000\003d\000&"
  28      00036400 
  28      26
  29              		.text
  30              		.section	.gnu.lto_.inline.5b1feb7caf185770,"",%progbits
  31 0000 789C6361 		.ascii	"x\234ca`d\000\201x\006\004`e``fbd`\0022\331\026\310"
  31      60640081 
  31      78060460 
  31      65606066 
  31      62646002 
  32 0018 8328A022 		.ascii	"\203(\240\"t\021&\014\021f \017\"\302\002&\201\224\310"
  32      7411260C 
ARM GAS  /tmp/ccyWBzyx.s 			page 2


  32      1166200F 
  32      22C20226 
  32      8194C8
  33 002b 4A0EA088 		.ascii	"J\016\240\210\322\246\347\215\214pe\014\000\000\232"
  33      D2A6E78D 
  33      8C70650C 
  33      00009A
  34 003a 06B8     		.ascii	"\006\270"
  35              		.text
  36              		.section	.gnu.lto_.pureconst.5b1feb7caf185770,"",%progbits
  37 0000 789C6361 		.ascii	"x\234ca`d\340f```e\220`\224`\222`6a\221\002\000\004"
  37      6064E066 
  37      60606065 
  37      90609460 
  37      92603661 
  38 0018 2200B6   		.ascii	"\"\000\266"
  39              		.text
  40              		.section	.gnu.lto___core_init.5b1feb7caf185770,"",%progbits
  41 0000 789C6361 		.ascii	"x\234ca`d\000\201j \266\000bi fdf`d\232p\216\201\241"
  41      60640081 
  41      6A20B600 
  41      62692066 
  41      64666064 
  42 0019 91838991 		.ascii	"\221\203\211\221\021\304h\340`d\250gb\254g\374\312\364"
  42      11C468E0 
  42      6064A867 
  42      62AC67FC 
  42      CAF4
  43 002b 9789F150 		.ascii	"\227\211\361P\373\263\235L\232\313\033\200\340A\353"
  43      FBB39D4C 
  43      9ACB1B80 
  43      E041EB
  44 003a 32C38615 		.ascii	"2\303\206\025\007\030[\231\031\030\3763\201Mb`\\\316"
  44      07185B99 
  44      1918FE33 
  44      814D6260 
  44      5CCE
  45 004c A8C90054 		.ascii	"\250\311\000T\366h\343\277\251\274l- e\012\020I\306"
  45      F668E3BF 
  45      A9BC6C2D 
  45      20650A10 
  45      49C6
  46 005e 158C6C20 		.ascii	"\025\214l \353\326\007\035h\370\377\277\271\241\341"
  46      EBD6071D 
  46      68F8FFBF 
  46      B9A1E1
  47 006d A3C13C55 		.ascii	"\243\301<U\240\304\007 \006Y\363\221\211\011D3\277b"
  47      A0C40720 
  47      0659F391 
  47      89094433 
  47      BF62
  48 007f 64022905 		.ascii	"d\002)\005\233\366\201\211\021$\006Ta\346\234\221\231"
  48      9BF68189 
  48      11240654 
  48      61E69C91 
  48      99
  49 0090 94E91FAC 		.ascii	"\224\351\037\254\237_\254\237\234\237\233\233\237\247"
ARM GAS  /tmp/ccyWBzyx.s 			page 3


  49      9F5FAC9F 
  49      9C9F9B9B 
  49      9FA7
  50 009e 5F5C9258 		.ascii	"_\\\222XTRZ\240\357\030\344\353\354[\001\022-\310\314"
  50      54525AA0 
  50      EF18E4EB 
  50      EC5B0112 
  50      2DC8CC
  51 00b1 492D2AD6 		.ascii	"I-*\326wwv\326O.*1\324Kf\000\000\243\376?\271"
  51      777776D6 
  51      4F2E2A31 
  51      D44B6600 
  51      00A3FE3F 
  52              		.text
  53              		.section	.gnu.lto___early_init.5b1feb7caf185770,"",%progbits
  54 0000 789C6361 		.ascii	"x\234ca`d\000\201* \266\000bi fdf`d\232p\216\201\241"
  54      60640081 
  54      2A20B600 
  54      62692066 
  54      64666064 
  55 0019 91838991 		.ascii	"\221\203\211\221\021\304h\340`d\250gb\254g\374\312\364"
  55      11C468E0 
  55      6064A867 
  55      62AC67FC 
  55      CAF4
  56 002b 9789F150 		.ascii	"\227\211\361P\373\263\235L\232\313\033\200\340\301\323"
  56      FBB39D4C 
  56      9ACB1B80 
  56      E0C1D3
  57 003a 75860D2B 		.ascii	"u\206\015+\0160\266230\374g\002\233\304\300\270\234"
  57      0E30B632 
  57      3330FC67 
  57      029BC4C0 
  57      B89C
  58 004c 519301A8 		.ascii	"Q\223\001\250\354\321\306\177Sy\331Z@\312\024 \222\214"
  58      ECD1C67F 
  58      5379D95A 
  58      40CA1420 
  58      928C
  59 005e 2B18D940 		.ascii	"+\030\331@\326\255\017:\320\360\377\177sC\303g\005F"
  59      D6AD0F3A 
  59      D0F0FF7F 
  59      7343C367 
  59      0546
  60 0070 A0F80720 		.ascii	"\240\370\007 \006\331\362\221\211\011D3\277bd\002\251"
  60      06D9F291 
  60      89094433 
  60      BF626402 
  60      A9
  61 0081 041BF681 		.ascii	"\004\033\366\201\211\021$\006Ta\346\234\221\231\224"
  61      89112406 
  61      5461E69C 
  61      919994
  62 0090 E91FAC9F 		.ascii	"\351\037\254\237_\254\237\234\237\233\233\237\247_\\"
  62      5FAC9F9C 
  62      9F9B9B9F 
  62      A75F5C
ARM GAS  /tmp/ccyWBzyx.s 			page 4


  63 009f 92585452 		.ascii	"\222XTRZ\240\357\030\344\353\354[\001\022-\310\314I"
  63      5AA0EF18 
  63      E4EBEC5B 
  63      01122DC8 
  63      CC49
  64 00b1 2D2AD677 		.ascii	"-*\326wwv\326O.*1\324Kf\000\000q\271?P"
  64      7776D64F 
  64      2E2A31D4 
  64      4B660000 
  64      71B93F50 
  65              		.text
  66              		.section	.gnu.lto___late_init.5b1feb7caf185770,"",%progbits
  67 0000 789C6361 		.ascii	"x\234ca`d\000\201* \266\000bi fdf`d\232p\216\201\241"
  67      60640081 
  67      2A20B600 
  67      62692066 
  67      64666064 
  68 0019 91838991 		.ascii	"\221\203\211\221\021\304h\340`d\250gb\254g\374\312\364"
  68      11C468E0 
  68      6064A867 
  68      62AC67FC 
  68      CAF4
  69 002b 9789F150 		.ascii	"\227\211\361P\373\263\235L\232\313\033\200\340\301\322"
  69      FBB39D4C 
  69      9ACB1B80 
  69      E0C1D2
  70 003a 6D860D2B 		.ascii	"m\206\015+\0160\266230\374g\002\233\304\300\270\234"
  70      0E30B632 
  70      3330FC67 
  70      029BC4C0 
  70      B89C
  71 004c 519301A8 		.ascii	"Q\223\001\250\354\321\306\177Sy\331Z@\312\024 \222\214"
  71      ECD1C67F 
  71      5379D95A 
  71      40CA1420 
  71      928C
  72 005e 2B18D940 		.ascii	"+\030\331@\326\255\017:\320\360\377\177sC\303G\005F"
  72      D6AD0F3A 
  72      D0F0FF7F 
  72      7343C347 
  72      0546
  73 0070 A0F80720 		.ascii	"\240\370\007 \006\331\362\221\211\011D3\277bd\002\251"
  73      06D9F291 
  73      89094433 
  73      BF626402 
  73      A9
  74 0081 041BF681 		.ascii	"\004\033\366\201\211\021$\006Ta\346\234\221\231\224"
  74      89112406 
  74      5461E69C 
  74      919994
  75 0090 E91FAC9F 		.ascii	"\351\037\254\237_\254\237\234\237\233\233\237\247_\\"
  75      5FAC9F9C 
  75      9F9B9B9F 
  75      A75F5C
  76 009f 92585452 		.ascii	"\222XTRZ\240\357\030\344\353\354[\001\022-\310\314I"
  76      5AA0EF18 
  76      E4EBEC5B 
ARM GAS  /tmp/ccyWBzyx.s 			page 5


  76      01122DC8 
  76      CC49
  77 00b1 2D2AD677 		.ascii	"-*\326wwv\326O.*1\324Kf\000\000M\263?\026"
  77      7776D64F 
  77      2E2A31D4 
  77      4B660000 
  77      4DB33F16 
  78              		.text
  79              		.section	.gnu.lto___default_exit.5b1feb7caf185770,"",%progbits
  80 0000 789C6361 		.ascii	"x\234ca`d\000\201J \266\000bS fde`d\232p\216\201\241"
  80      60640081 
  80      4A20B600 
  80      62532066 
  80      64656064 
  81 0019 91838991 		.ascii	"\221\203\211\221\031\304`dfd\201\010\260@\004\034\031"
  81      19C46064 
  81      66648108 
  81      B040041C 
  81      19
  82 002a 19EA9998 		.ascii	"\031\352\231\230Y\030\201\004\003\004|e\372\313\304"
  82      59188104 
  82      03047C65 
  82      FACBC4
  83 0039 78A8FDD9 		.ascii	"x\250\375\331N&\315\345\015@\360\340\350n\303\206\025"
  83      4E26CDE5 
  83      0D40F0E0 
  83      E86EC386 
  83      15
  84 004a 07185B81 		.ascii	"\007\030[\201\012\3763A\3240.g\324d\000*{\264\361\337"
  84      0AFE3341 
  84      D4302E67 
  84      D464002A 
  84      7BB4F1DF 
  85 005e 545EB616 		.ascii	"T^\266\026\2202\005\210$\343\012F6\220C\326\007\035"
  85      90320588 
  85      24E30A46 
  85      369043D6 
  85      071D
  86 0070 68F8FFBF 		.ascii	"h\370\377\277\271\241\341\273\301oU\240\300\007\240"
  86      B9A1E1BB 
  86      C16F55A0 
  86      C007A0
  87 007f 24239064 		.ascii	"$#\220d\002:\341\003\320.\240\335\214\037\230X\2404"
  87      023AE103 
  87      D02EA0DD 
  87      8C1F9858 
  87      A034
  88 0091 C4E966CE 		.ascii	"\304\351f\316\031\231I\231\376\301\372\371\305\372\311"
  88      19994999 
  88      FEC1FAF9 
  88      C5FAC9
  89 00a0 F9B9B9F9 		.ascii	"\371\271\271\371y\372\305%\211E%\245\005\372\216A\276"
  89      79FAC525 
  89      894525A5 
  89      05FA8E41 
  89      BE
  90 00b1 CEBE1520 		.ascii	"\316\276\025 \321\202\314\234\324\242b}wgg\375\344\242"
ARM GAS  /tmp/ccyWBzyx.s 			page 6


  90      D182CC9C 
  90      D4A2627D 
  90      776767FD 
  90      E4A2
  91 00c3 1243BD64 		.ascii	"\022C\275d\006\000Z\210B\227"
  91      06005A88 
  91      4297
  92              		.text
  93              		.section	.gnu.lto___init_ram_areas.5b1feb7caf185770,"",%progbits
  94 0000 789C8D54 		.ascii	"x\234\215T]L\\E\024\2363s\377\366\336\205\335\006|\253"
  94      5D4C5C45 
  94      149E3373 
  94      FFF6DE85 
  94      DD067CAB 
  95 0014 090FF2D0 		.ascii	"\011\017\362\320\027W|0jb\224\360\340S5\326g\243\025"
  95      17577C30 
  95      6A6294F0 
  95      E05335D6 
  95      67A315
  96 0027 4D24DAB2 		.ascii	"M$\332\262\001\232\370`\262\003\273\253\266\032\003"
  96      019AF860 
  96      B203BBAB 
  96      B61A03
  97 0036 316D901F 		.ascii	"1m\220\037\211iL\261\264,\264\376t\241\265\013b\261"
  97      89694CB1 
  97      B42CB4FE 
  97      74A1B50B 
  97      62B1
  98 0048 04D192A6 		.ascii	"\004\321\222\246O\306\350\032I\212\306\354\2624\306"
  98      4FC6E81A 
  98      498AC6EC 
  98      B234C6
  99 0057 C682E79C 		.ascii	"\306\202\347\234\271\304\205Z\323M\366\316\314\231s"
  99      B9C4855A 
  99      D34DF6CE 
  99      CC9973
 100 0066 BEF39D6F 		.ascii	"\276\363\235of\216%@\320\257\307\021\242\031\307\217"
 100      668E2540 
 100      D0AFC711 
 100      A219C78F 
 101 0076 F10F5101 		.ascii	"\361\017Q\001\262wI\210nO\2022\023\005\266\231Xf2\343"
 101      B2774988 
 101      6E4F8232 
 101      1305B699 
 101      586632E3 
 102 008a D9D27A77 		.ascii	"\331\322zw^\010\355;\031W\350\250\003\036\331\3015\343"
 102      5E08ED3B 
 102      1957E8A8 
 102      031ED9C1 
 102      35E3
 103 009c 8CE749D7 		.ascii	"\214\347I\327\354Gx?\"\203\3619Z\372\305\010.\003\003"
 103      EC47783F 
 103      2283F139 
 103      5AFAC508 
 103      2E0303
 104 00af DCEC03D0 		.ascii	"\334\354\003\320\250=\020)\251,\333q\275H\340C\312R"
 104      A83D1029 
ARM GAS  /tmp/ccyWBzyx.s 			page 7


 104      A92CDB71 
 104      BD48E043 
 104      CA52
 105 00c1 020A16A2 		.ascii	"\002\012\026\242\321\207\010\332\302\374\274p\274!o"
 105      D18708DA 
 105      C2FCBC70 
 105      BC216F
 106 00d0 49987D6B 		.ascii	"I\230}k%/\367\234\320\370\373)[l\322\243\005\310*!6"
 106      252FF79C 
 106      D0F8FB29 
 106      5B6CD2A3 
 106      05C82A21 
 107 00e5 A5F18113 		.ascii	"\245\361\201\023\260G\240\333\225\314\304\220Z\227Y"
 107      B047A0DB 
 107      95CCC490 
 107      5A9759
 108 00f4 0560E1B2 		.ascii	"\005`\341\262\374\355\300/\265\264\224\320\200\313\314"
 108      FCEDC02F 
 108      B5B494D0 
 108      80CBCC
 109 0103 C868CE52 		.ascii	"\310h\316R\217\000y\236\374\353\312\021\325x\\\353\036"
 109      8F00799E 
 109      FCEBCA11 
 109      D5785CEB 
 109      1E
 110 0114 5D38FADE 		.ascii	"]8\372\336\275\037\350B\246!\253\024\234\004\205\240"
 110      BD1FE842 
 110      A621AB14 
 110      9C0485A0 
 111 0124 F009EC86 		.ascii	"\360\011\354\206Q\330\315\340\350]\234\3348Z\343d(}"
 111      51D8CDE0 
 111      E85D9CDC 
 111      385AE364 
 111      287D
 112 0136 038C41A3 		.ascii	"\003\214A\243I\014\247\300AQ\025Y\320i\356\327\277\227"
 112      490CA7C0 
 112      41511559 
 112      D069EED7 
 112      BF97
 113 0148 03F518C3 		.ascii	"\003\365\030\303w\217\015\016EC\370\301\245X\010o\301"
 113      778F0D0E 
 113      4543F8C1 
 113      A558086F 
 113      C1
 114 0159 E9DBE161 		.ascii	"\351\333\341a\234\243\027\013\207s\276z\202\2437\226"
 114      9CA3170B 
 114      8773BE7A 
 114      82A33796 
 115 0169 AF97EC30 		.ascii	"\257\227\3540zh)\252{\273=\012\316\375G\360\0044\346"
 115      7A6829AA 
 115      7BBB3D0A 
 115      CEFD47F0 
 115      0434E6
 116 017c F615F4E6 		.ascii	"\366\025\364\346fZ\027\372j/\364\377\021\271\007\004"
 116      665A17FA 
 116      6A2FF4FF 
 116      11B90704 
ARM GAS  /tmp/ccyWBzyx.s 			page 8


 117 018c 11920CAC 		.ascii	"\021\222\014\254\330\303\342\257\307_\237\355\001\317"
 117      D8C3E2AF 
 117      C75F9FED 
 117      01CF
 118 019a A302616B 		.ascii	"\243\002ak\360c\307x\035\347\275]d\255cC=C\011Q\302"
 118      F063C778 
 118      1DE7BD5D 
 118      64AD6343 
 118      3D430951 
 119 01af 724B4294 		.ascii	"rKB\224\245\304A\025\241\2074\343\362M\351\307\262\263"
 119      A5C44115 
 119      A18734E3 
 119      F24DE9C7 
 119      B2B3
 120 01c1 DFB924B4 		.ascii	"\337\271$\264\303\374\3237/VjS\267t\277\326q\264\035"
 120      C3FCD337 
 120      2F566A53 
 120      B774BFD6 
 120      71B41D
 121 01d4 5646C5CB 		.ascii	"VF\305\313\003c\257\216\300pw/\233]8\003)\230\244Bp"
 121      0363AF8E 
 121      C070772F 
 121      9B5D3803 
 121      2998A442 
 122 01e9 6F73F5CC 		.ascii	"os\365\314x\304\204\350> \240\2630\202\342\302\247\220"
 122      78C484E8 
 122      3E20A0B3 
 122      3082E2C2 
 122      A790
 123 01fb 12945989 		.ascii	"\022\224Y\211\214K\231\343L)\255@\254@\317T\371RE\355"
 123      8C4B99E3 
 123      4C29AD40 
 123      AC40CF54 
 123      F95245ED 
 124 020f 3C1F2C81 		.ascii	"<\037,\201\270\363\361 \300g\340\244\225_MR1\311?\347"
 124      B8F3F120 
 124      C067E0A4 
 124      955F4D52 
 124      31C93FE7 
 125 0223 17DE8E12 		.ascii	"\027\336\216\022\035\212z\036k\366\020\024>\017\371"
 125      1D8A7A1E 
 125      6BF61014 
 125      3E0FF9
 126 0232 7CD87FAE 		.ascii	"|\330\177\256R\2338MD#\360\005R\331\340\253\006\347"
 126      529B384D 
 126      4423F005 
 126      52D9E0AB 
 126      06E7
 127 0244 20219085 		.ascii	" !\220\205~\234p)\025b3\223\276yeR\005;\261\237\373"
 127      7E9C7029 
 127      15623393 
 127      BE796552 
 127      053BB19F 
 128 0259 5FEC3C63 		.ascii	"_\354<c\323\333\204\251m\330\023\204\035\010\261\006"
 128      D3DB84A9 
 128      6DD81384 
 128      1D08B106 
ARM GAS  /tmp/ccyWBzyx.s 			page 9


 129 0269 B05D52D4 		.ascii	"\260]R\324\376\276-Ua\032Rr\324M\253\372`\361\306\013"
 129      FEBE2D55 
 129      611A5272 
 129      D44DABFA 
 129      60F1C60B 
 130 027d 289325F0 		.ascii	"(\223%\360-*$t\363\310\265\374\303\206QMu\361\326\266"
 130      2D2A2474 
 130      F3C8B5FC 
 130      C386514D 
 130      75F1D6B6 
 131 0291 E251693F 		.ascii	"\342Qi?\215\317\343<Q\203\013$9\306\036\373\250\206"
 131      8DCFE33C 
 131      51830B24 
 131      39C61EFB 
 131      A886
 132 02a3 22771612 		.ascii	"\"w\026\022cg\025:\177\211\316\210\215\376\351\2417"
 132      6367153A 
 132      7F89CE88 
 132      8DFEE9A1 
 132      37
 133 02b4 7FCC3F60 		.ascii	"\177\314?`r\305\310\201ng\021\344\277e\304\214\327J"
 133      72C5C881 
 133      6E6711E4 
 133      BF65C48C 
 133      D74A
 134 02c6 FE41E315 		.ascii	"\376A\343\025\247\234\325^,d\234\017\332\026\330'\302"
 134      A79CD55E 
 134      2C649C0F 
 134      DA16D827 
 134      C2
 135 02d7 93E66025 		.ascii	"\223\346`%\314\202}\2449\366\305\263\266A\212n/\346"
 135      CC827DA4 
 135      39F6C5B3 
 135      B6418A6E 
 135      2FE6
 136 02e9 CE3A5F64 		.ascii	"\316:_d\235\371\331\026P\347\237!\263\224>h0\024\302"
 136      9DF9D916 
 136      50E79F21 
 136      B3943E68 
 136      3014C2
 137 02fc D0E1AE81 		.ascii	"\320\341\256\201\304\323T?\224\337@.\326b\345\2455\300"
 137      C4D3543F 
 137      94DF402E 
 137      D662E5A5 
 137      35C0
 138 030e AD40FD4E 		.ascii	"\255@\375N\206\230u\276B\002;t\017\321\0253)\033\320"
 138      869875BE 
 138      42023B74 
 138      0FD11533 
 138      291BD0
 139 0321 E06E29BE 		.ascii	"\340n)\276^\272z\\\335Y7+\324m\006\211T\037\210\217"
 139      5EBA7A5C 
 139      DD59372B 
 139      D46D0689 
 139      541F888F 
 140 0335 EF751677 		.ascii	"\357u\026wX\241kS\241\216u\024p\233\216u\254\220G\012"
 140      58A16B53 
ARM GAS  /tmp/ccyWBzyx.s 			page 10


 140      A18E7514 
 140      709B8E75 
 140      AC90470A 
 141 0349 41954216 		.ascii	"A\225B\026\2132yuK\224]w+\312W,\012_\244\271\035\242"
 141      8B327975 
 141      4B945D77 
 141      2BCA572C 
 141      0A5FA4B9 
 142 035f 58086344 		.ascii	"X\010cD\301\231\347\340Q\327\271\247\370\212EH\001f"
 142      C199E7E0 
 142      51D7B9A7 
 142      F88A4548 
 142      0166
 143 0371 5B7CD4F8 		.ascii	"[|\324\370\326c\002\204^.-\016\007\246\373\306\341\353"
 143      D6630284 
 143      5E2E2D0E 
 143      07A6FBC6 
 143      E1EB
 144 0383 2AEEFC60 		.ascii	"*\356\374`\353\015\374\364\260\242\207\211k\214\030"
 144      EB0DFCF4 
 144      B0A28789 
 144      6B8C18
 145 0392 985E5FB0 		.ascii	"\230^_\260)\"\000\357\356\373\306|U\337\350[\030\\\265"
 145      292200EF 
 145      EEFBC67C 
 145      55DFE85B 
 145      185CB5
 146 03a5 9B721AF7 		.ascii	"\233r\032\367\364!,\025\276\301\222\340\222i\217\270"
 146      F4212C15 
 146      BEC192E0 
 146      92698FB8 
 147 03b5 FFCE6FD7 		.ascii	"\377\316o\327\277\217\205}\345\031z\372\227\241\011"
 147      BF8F857D 
 147      E5197AFA 
 147      97A109
 148 03c4 AB5DE0AE 		.ascii	"\253]\340\256B\215-\020\357;P\226>5\266Ull\345\247L"
 148      428D2D10 
 148      EF3B5096 
 148      3E35B655 
 148      6C6CE5A7 
 149 03d9 DFE04D40 		.ascii	"\337\340M@+^\231\207Z^i{\261\355\351g\023\355\235\211"
 149      2B5E9987 
 149      5A5E697B 
 149      B1EDE967 
 149      13ED9D89 
 150 03ed D6F60307 		.ascii	"\326\366\003\007\332\017&:\273\366wt\035J&\232\367\355"
 150      DA0F263A 
 150      BBF67774 
 150      1D4A269A 
 150      F7ED
 151 03ff 6DD9FB3A 		.ascii	"m\331\373:Y\223m\257\275\334\321\231x\262\245%\321\332"
 151      59936DAF 
 151      BDDCD199 
 151      78B2A525 
 151      D1DA
 152 0411 D1D5747F 		.ascii	"\321\325t\177\253P\035\373\223\262+\011\311\177\000"
 152      AB501DFB 
ARM GAS  /tmp/ccyWBzyx.s 			page 11


 152      93B22B09 
 152      C97F00
 153 0420 F5FB330E 		.ascii	"\365\3733\016"
 154              		.text
 155              		.section	.gnu.lto_ram_areas.5b1feb7caf185770,"",%progbits
 156 0000 789C75D1 		.ascii	"x\234u\321KO\023Q\030\306\361\363\316i\031\252\\\275"
 156      4B4F1351 
 156      18C6F1F3 
 156      CE6919AA 
 156      5CBD
 157 0012 E0ADEA37 		.ascii	"\340\255\3527p\002\013\323\015\211\244\013W\015\004"
 157      70020BD3 
 157      0D89A40B 
 157      570D04
 158 0021 3F813426 		.ascii	"?\2014&6\021\333\2645q\327Y0\010\354]\301\202\005\004"
 158      3611DBB4 
 158      3571D759 
 158      3008EC5D 
 158      C1820504 
 159 0035 6F68B948 		.ascii	"oh\271Hm\005[\321\252(\240\365\262r\343\202\270re0M"
 159      6D055BD1 
 159      AA28A0F5 
 159      B272E382 
 159      B8726530 
 160 004a CACD33F3 		.ascii	"\312\3153\363\314B\247y\317b\376\311{NN~9\343\023$\354"
 160      CC42A779 
 160      CF62FEC9 
 160      7B4E4E7E 
 160      39E31324 
 161 005f D5E31722 		.ascii	"\325\343\027\"$\260\3664\312\347\177}\3273{\346\210"
 161      24B0F634 
 161      CAE77F7D 
 161      D7337BE6 
 161      88
 162 0070 69FE98AE 		.ascii	"i\376\230\256\365\351\226\024\243\262n\313\\ g\203\352"
 162      F5E99614 
 162      A3B26ECB 
 162      5C206783 
 162      EA
 163 0081 3652CE5C 		.ascii	"6R\316\\\253\233\007\234\271t\346\177~n\025\033CK\346"
 163      AB9B079C 
 163      B974E67F 
 163      7E6E151B 
 163      434BE6
 164 0094 C8A479C9 		.ascii	"\310\244y\311\222\264\257\011z@\231}\215\350\276\035"
 164      92B4AF09 
 164      7A40997D 
 164      8DE8BE1D 
 165 00a4 8DEED991 		.ascii	"\215\356\331\2214C\031\373\370\366\230U\225\333\232"
 165      344319FB 
 165      F8F69855 
 165      95DB9A
 166 00b3 2535D2FF 		.ascii	"%5\322\377\277\265\264r\247\333\271\327\307\001\375"
 166      BFB5B472 
 166      A7DBB9D7 
 166      C701FD
 167 00c2 0CB08101 		.ascii	"\014\260\201\001\352\0340\013\340\023\000\037\0038\013"
ARM GAS  /tmp/ccyWBzyx.s 			page 12


 167      EA1C300B 
 167      E013001F 
 167      03380B
 168 00d1 E0D6CE6C 		.ascii	"\340\326\316l\241\005\300\006\0170\347\002\0339`\200"
 168      A105C006 
 168      0F30E702 
 168      1B396080 
 169 00e1 011E6280 		.ascii	"\001\036b\200\2079\340\022\200O\001\\\004p\001\300\265"
 169      8739E012 
 169      804F015C 
 169      047001C0 
 169      B5
 170 00f2 A9C26E13 		.ascii	"\251\302n\023\200~\017p\316\0056q\300f\006\330\302\000"
 170      807E0F70 
 170      CE053671 
 170      C06606D8 
 170      C200
 171 0104 5B39E032 		.ascii	"[9\3402\200\317\001,\000\230\007\2602\224\235p\177\261"
 171      80CF012C 
 171      009807B0 
 171      32949D70 
 171      7FB1
 172 0116 CF031C77 		.ascii	"\317\003\034w\201m\034\260\235\001\036a\200G9\340*\200"
 172      816D1CB0 
 172      9D011E61 
 172      804739E0 
 172      2A80
 173 0128 2F012C01 		.ascii	"/\001,\001X\004p\365wv\306}A\351\001\336u\201\3078\340"
 173      580470F5 
 173      7776C67D 
 173      41E901DE 
 173      7581C738 
 174 013d 7106D8C1 		.ascii	"q\006\330\301\000Op\300w\000\276\005\360\015\200e\000"
 174      004F70C0 
 174      7700BE05 
 174      F00D8065 
 174      00
 175 014e CB07D552 		.ascii	"\313\007\325R+\200\232\007x0\014\340I\016x\212\001\236"
 175      2B809A07 
 175      78300CE0 
 175      490E788A 
 175      019E
 176 0160 66806738 		.ascii	"f\200g8\340&\200\033\000\256\003\370\001\300\177E;\256"
 176      E026801B 
 176      00AE03F8 
 176      01C07F45 
 176      3BAE
 177 0172 28C889CE 		.ascii	"(\310\211\3162\242s\214\350<'\372\002\321g\210*\020"
 177      32A2738C 
 177      E83C27FA 
 177      02D16788 
 177      2A10
 178 0184 7D826868 		.ascii	"}\202hh\274\\\323q\334\224\226\224\324\031\244\257\024"
 178      BC5CD371 
 178      DC949694 
 178      D419A4AF 
 178      14
ARM GAS  /tmp/ccyWBzyx.s 			page 13


 179 0195 A2AE207D 		.ascii	"\242\256 }TyOAZS}\255\372J\365\205\352\212\3523\325"
 179      54794F41 
 179      5A537DAD 
 179      FA4AF585 
 179      EA8AEA33 
 180 01aa 9CEABCEA 		.ascii	"\234\352\274\352\234\352#\325\207\024\022\364M}.\206"
 180      9CEA23D5 
 180      871412F4 
 180      4D7D2E86 
 181 01ba AFC70662 		.ascii	"\257\307\006b\275W\214x\312\210\306\007\007\3437\215"
 181      BD578C78 
 181      CA88C607 
 181      07E3378D 
 182 01ca 54FA6A32 		.ascii	"T\372j2}+a\364\364G\302\221\333\3664\021\273q-\2312"
 182      7D2B61F4 
 182      F447C291 
 182      DBF63411 
 182      BB712D99 
 183 01df 2E87C346 		.ascii	".\207\303F4\231\356\274\020\025\177\001\226\275\034"
 183      3499EEBC 
 183      10157F01 
 183      96BD1C
 184 01ee 81       		.ascii	"\201"
 185              		.text
 186              		.section	.gnu.lto_.symbol_nodes.5b1feb7caf185770,"",%progbits
 187 0000 789C55CD 		.ascii	"x\234U\315WR\002Q\000D\321\276\023\014\030\020P\024"
 187      57520251 
 187      0044D1BE 
 187      130C1810 
 187      5014
 188 0012 5184C5B9 		.ascii	"Q\204\305\271\2167\006\314 (\346\270\016\027\301\206"
 188      8E3706CC 
 188      2028E6B8 
 188      0E17C186 
 189 0022 300DFD43 		.ascii	"0\015\375C\315\327\251\272\325U\235\010\355#)\372V\220"
 189      CDD7A9BA 
 189      D5559D08 
 189      ED2329FA 
 189      5690
 190 0034 06634DF9 		.ascii	"\006cM\371\312:y\371Q\240X~\025\242b\371S\210g\245\222"
 190      CA3A79F9 
 190      51A0587E 
 190      15A262F9 
 190      538867A5 
 191 0049 978C9014 		.ascii	"\227\214\220\0246\351D\312\252R\234\036@;\277J\017\211"
 191      36E944CA 
 191      AA529C1E 
 191      403BBF4A 
 191      0F89
 192 005b EC11B13D 		.ascii	"\354\021\261=&\261]R{\302\234=e\336\236\261`\317Y\264"
 192      26B15D52 
 192      7BC29C3D 
 192      65DE9EB1 
 192      60CF59B4 
 193 006f 1794EC25 		.ascii	"\027\224\354%K\366\212e\333c\305\366Y\265\327\224\355"
 193      4BF68A65 
 193      DB63C5F6 
ARM GAS  /tmp/ccyWBzyx.s 			page 14


 193      59B5D794 
 193      ED
 194 0080 80353BA4 		.ascii	"\2005;\244bo\250\332[jv\304\272\275c\303\336S\267\017"
 194      626FA8DA 
 194      5B6A76C4 
 194      BABD63C3 
 194      DE53B70F 
 195 0094 6CDA47B6 		.ascii	"l\332G\266\354\023\015\373\314\266}\241i_\331\261o\354"
 195      EC130DFB 
 195      CCB67DA1 
 195      695FD9B1 
 195      6FEC
 196 00a6 DA775AF6 		.ascii	"\332wZ\366\203=\373I{\252\376\001\213\3221\357"
 196      833DFB49 
 196      7BAAFE01 
 196      8BD231EF 
 197              		.text
 198              		.section	.gnu.lto_.refs.5b1feb7caf185770,"",%progbits
 199 0000 789C05C1 		.ascii	"x\234\005\301\013\026BP\024\000\300\333\034O\037*\351"
 199      0B164250 
 199      1400C0DB 
 199      1C4F1F2A 
 199      E9
 200 0011 23858456 		.ascii	"#\205\204V\323\376\367c&\213M\374#B&\221\2061\311m\355"
 200      D3FEF763 
 200      268B4DFC 
 200      23422691 
 200      8631C96D 
 201 0026 EC1D144A 		.ascii	"\354\035\024JG'g\225\213\332\325\315\335C\343\251\365"
 201      47276795 
 201      8BDAD5CD 
 201      DD43E3A9 
 201      F5
 202 0037 F2D6E90D 		.ascii	"\362\326\351\015>F_\223\331\342\027+|\302\003\232"
 202      3E465F93 
 202      D9E2172B 
 202      7CC2039A 
 203              		.text
 204              		.section	.gnu.lto_.decls.5b1feb7caf185770,"",%progbits
 205 0000 789CA596 		.ascii	"x\234\245\226kL\024Y\026\200\353\366m\241i\232\206 "
 205      6B4C1459 
 205      1680EBF6 
 205      6DA1699A 
 205      8620
 206 0012 99988D33 		.ascii	"\231\230\2153\303L\230h\262\253-\210\230\3717\0337\231"
 206      C34C9868 
 206      B2AB2D88 
 206      98F9371B 
 206      3799
 207 0024 6493D9DD 		.ascii	"d\223\331\335\354\354\314\337^\304\336\225,6.4Y\315"
 207      ECECCCDF 
 207      5EC4DE95 
 207      2C362E34 
 207      59CD
 208 0036 FE295E2A 		.ascii	"\376)^*\"C\243\"\362\360\001:\012\014\012\"\335\312"
 208      2243A322 
 208      F2F0013A 
ARM GAS  /tmp/ccyWBzyx.s 			page 15


 208      0A0C0A22 
 208      DDCA
 209 0048 43ED5161 		.ascii	"C\355Qax\211 \242\"o\361\001\010>\000A|\261\347\236"
 209      788920A2 
 209      226FF101 
 209      083E0041 
 209      7CB1E79E 
 210 005c 5BFDAC66 		.ascii	"[\375\254f\367\307V<M\335\352\363}\347\326\271\267\312"
 210      F7C7563C 
 210      4DDDEAF3 
 210      7DE7D6B9 
 210      B7CA
 211 006e 560A4460 		.ascii	"V\012D`\307'A\202p\220\012B\232B\020\026\341\360\205"
 211      C7274182 
 211      70900A42 
 211      9A421016 
 211      E1F085
 212 0081 6BDF0BCE 		.ascii	"k\337\013\316c\031D%D5\204\005\242\016\242\001\3423"
 212      63194425 
 212      44358405 
 212      A20EA201 
 212      E233
 213 0093 88418861 		.ascii	"\210A\210a\210\007\020\017!\036C\214AL@LB<\203x\001"
 213      8807100F 
 213      211E438C 
 213      414C404C 
 213      423C8378 
 214 00a8 310D310B 		.ascii	"1\0151\0131\007\361\032\342\015\304;\210\017\254\000"
 214      3107F11A 
 214      E20DC43B 
 214      880FAC00 
 215 00b8 4C4301A1 		.ascii	"LC\001\241\204\360\201PA\250!4\020Z\210 \210`\210\020"
 215      84F08150 
 215      41A82134 
 215      105A8820 
 215      88608810 
 216 00cc 888F2056 		.ascii	"\210\217 V@\374\012b%\304'Dp;*\271\3161\177\"]\363<"
 216      40FC0A62 
 216      25C42744 
 216      703B2AB9 
 216      CE317F22 
 217 00e3 AABDE455 		.ascii	"\252\275\344U{\311\263x\311\263x\311\253\363\222W\347"
 217      7BC9B378 
 217      C9B378C9 
 217      ABF39257 
 217      E7
 218 00f4 258FF54D 		.ascii	"%\217\365M#\345\005C\204@|\012\311\355\360w\025D(\234"
 218      23E50543 
 218      84407C0A 
 218      C9EDF077 
 218      1544289C 
 219 0108 0FC0DF7E 		.ascii	"\017\300\337~\210\317\340\274\015\376\376\011B\011q"
 219      88CFE0BC 
 219      0DFEFE09 
 219      420971
 220 0117 17A21BE2 		.ascii	"\027\242\033\3426\304-\251F\203\364w\320\243\316\240"
 220      36C42DA9 
ARM GAS  /tmp/ccyWBzyx.s 			page 16


 220      4683F477 
 220      D0A3CEA0 
 221 0127 C4B44B2E 		.ascii	"\304\264K.Vg`\011\017;B\005\336\313\225RoWH\275\016"
 221      56676009 
 221      0F3B4205 
 221      DECB9552 
 221      6F5748BD 
 222 013c 917A1F24 		.ascii	"\221z\037$\255\205FZ\033\225\264VJi\355\330$\330Z\262"
 222      AD85465A 
 222      1B95B456 
 222      4A69EDD8 
 222      24D85AB2 
 223 0150 35656BCB 		.ascii	"5ek\313\326\230\2555[s\266\366l\017\260\275\300\366"
 223      D698AD35 
 223      5B73B6F6 
 223      6C0FB0BD 
 223      C0F6
 224 0162 04DB1B6C 		.ascii	"\004\333\033l\217\260\275\302\366\014\333;\303\036\363"
 224      8FB0BDC2 
 224      F60CDB3B 
 224      C31EF3
 225 0171 7FAF201F 		.ascii	"\177\257 \037\252\033\027\264}\244\227\300\266$A\274"
 225      AA1B17B4 
 225      7DA497C0 
 225      B62441BC 
 226 0181 AB847F12 		.ascii	"\253\204\177\022\014\201\007\016\005\347?\307%bO\224"
 226      0C81070E 
 226      05E73FC7 
 226      25624F94 
 227 0191 C60AFBA9 		.ascii	"\306\012\373\251\340\220\341?;\277h?\370\3758\354D\202"
 227      E090E13F 
 227      3BBF683F 
 227      F8FD38EC 
 227      4482
 228 01a3 F8D8BEBE 		.ascii	"\370\330\276\276D\032+\234\005\010\037\332\001\027\037"
 228      441A2B9C 
 228      05081FDA 
 228      01171F
 229 01b2 9FAEA473 		.ascii	"\237\256\244s\316\331qO\304~\323\027\356g\377\342C\241"
 229      CED9714F 
 229      C47ED317 
 229      EE67FFE2 
 229      43A1
 230 01c4 A3707EA3 		.ascii	"\243p~\243\177\252b\031\325\342yU\321\273.\225R!\220"
 230      7FAA6219 
 230      D5E27955 
 230      D1BB2E95 
 230      522190
 231 01d7 32427966 		.ascii	"2Byf\347\223\367\217\310\332\012\021\016\263(*~\355"
 231      E793F78F 
 231      C8DA0A11 
 231      0EB3282A 
 231      7EED
 232 01e9 6C5C575A 		.ascii	"l\\WZU\021\235U\220`5Q\302\360\345\215\202Q-\014C\324"
 232      55119D55 
 232      90603551 
 232      C2F0E58D 
ARM GAS  /tmp/ccyWBzyx.s 			page 17


 232      82512D0C 
 233 01ff 241486EF 		.ascii	"$\024\206\357[\012\013\024+\016!\227*\206*\311\367\037"
 233      5B0A0B14 
 233      2B0E2197 
 233      2A862AC9 
 233      F71F
 234 0211 91336425 		.ascii	"\2213d%\251 +a\036g\311\012\370\334\254\344\246\276"
 234      A9202B61 
 234      1E67C90A 
 234      F8DCACE4 
 234      A6BE
 235 0223 595B96FF 		.ascii	"Y[\226\377\347\307\305\343\307\305\341\205\341\220C"
 235      E7C7C5E3 
 235      C7C5E185 
 235      E19043
 236 0232 A96233D4 		.ascii	"\251b3\324\012eY\244\224P\362\023Y\013\331\345D\311"
 236      0A6559A4 
 236      9450F213 
 236      590BD9E5 
 236      44C9
 237 0244 46EC364E 		.ascii	"F\3546N\223>\270\261J\3629\253;\225\335\021H\277]b\372"
 237      933EB8B1 
 237      4AF239AB 
 237      3B95DD11 
 237      48BF5D62 
 238 0259 2996D49B 		.ascii	")\226\324\233\201\\m\233k\325\210\346bQ\374\012\305"
 238      815C6D9B 
 238      6BD588E6 
 238      6251FC0A 
 238      C5
 239 026a 550EF139 		.ascii	"U\016\3619\020W\271\212\253Q\374\374\366\213AJ\377\272"
 239      1057B98A 
 239      AB51FCFC 
 239      F68B414A 
 239      FFBA
 240 027c 84B82439 		.ascii	"\204\270$9\363\022\221\304\325m\256\342\363\016q\015"
 240      F31291C4 
 240      D56DAEE2 
 240      F30E710D 
 241 028c 88CFBB8A 		.ascii	"\210\317\273\212-(.\353}u\325\237\306\241\370X\313\203"
 241      2D282EEB 
 241      7D75D59F 
 241      C6A1F858 
 241      CB83
 242 029e 620DFD37 		.ascii	"b\015\3757\236\217\217\335\356\013dE.\330\213\214ft"
 242      9E8F8FDD 
 242      EE0B6445 
 242      2ED88B8C 
 242      6674
 243 02b0 35F8D9CB 		.ascii	"5\370\331\313\222\213D\311.\226\236\250\024\003X\345"
 243      928B44C9 
 243      2E969EA8 
 243      140358E5 
 244 02c0 62D1D6EF 		.ascii	"b\321\326\357V\331\352\250\\\013\225\255\256\225\353"
 244      56D9EAA8 
 244      5C0B95AD 
 244      AE95EB
ARM GAS  /tmp/ccyWBzyx.s 			page 18


 245 02cf B072E7E1 		.ascii	"\260r\347\341\314]\204\246\021,w\241%\265\306\207y\252"
 245      CC5D84A6 
 245      112C77A1 
 245      25B5C687 
 245      79AA
 246 02e1 449BB903 		.ascii	"D\233\271\003<\311vO\275\335#\260S\247\244\001%\265"
 246      3CC9764F 
 246      BDDD23B0 
 246      53A7A401 
 246      25B5
 247 02f3 1D07AE69 		.ascii	"\035\007\256ii.\227X\037\2674\251\371&\020\011[\366"
 247      692E9758 
 247      1FB734A9 
 247      F9261009 
 247      5BF6
 248 0305 3B4FAF13 		.ascii	";O\257\023\276\013D\025\214g\367\246\317K\233\304\027"
 248      BE0B4415 
 248      8C67F7A6 
 248      CF4B9BC4 
 248      17
 249 0316 86F50F3A 		.ascii	"\206\365\017:S4\352=\322\256\010n\326\262/\234\333\342"
 249      5334EA3D 
 249      D2AE086E 
 249      D6B22F9C 
 249      DBE2
 250 0328 67A2864F 		.ascii	"g\242\206O\335Jb\203!\244\027\324\317\266.\3434\223"
 250      DD4A6283 
 250      21A417D4 
 250      CFB62EE3 
 250      3493
 251 033a ED9EB99E 		.ascii	"\355\236\271\236\242\244\307x\345\201\346\262\237\230"
 251      A2A4C778 
 251      E581E6B2 
 251      9F98
 252 0348 79959AB0 		.ascii	"y\225\232\260\315\037\010\227*'k\027\002\370%\226q+"
 252      CD1F0897 
 252      2A276B17 
 252      02F82596 
 252      712B
 253 035a 7BFAA42F 		.ascii	"{\372\244/-\307tES\326\371j\177\262Z}\212\325\036\356"
 253      2DC77445 
 253      53D6F96A 
 253      7FB25A7D 
 253      8AD51EEE 
 254 036e 6BFB5DCE 		.ascii	"k\373]\316n\330\316\244\231\250I\223\363vWA}\001\246"
 254      6ED8CEA4 
 254      99A84993 
 254      F3765741 
 254      7D01A6
 255 0381 97224D4F 		.ascii	"\227\"MOpL\216\374BV31K$\215p\361:\237b\331\311\234"
 255      704C8EFC 
 255      42563331 
 255      4B248D70 
 255      F13A9F62 
 256 0398 121F9A89 		.ascii	"\022\037\232\211\217\222\"\277\246|^\355(\322\273?\022"
 256      8F9222BF 
 256      A67C5EED 
ARM GAS  /tmp/ccyWBzyx.s 			page 19


 256      28D2BB3F 
 256      12
 257 03a9 9E9B20D2 		.ascii	"\236\233 \322\0065Z\2345\232\311\322EZ\275\027\021{"
 257      06355A9C 
 257      359AC9D2 
 257      455ABD17 
 257      117B
 258 03bb 8E8668F6 		.ascii	"\216\206h\366:\011T:\333\326N4\3223\331\326\236u\331"
 258      3A09543A 
 258      DBD64E34 
 258      D233D9D6 
 258      9E75D9
 259 03ce 970EF107 		.ascii	"\227\016\361\007\333\374\254\350\222?\035\347\203[/"
 259      DBFCACE8 
 259      923F1DE7 
 259      835B2F
 260 03dd DA8FF8F3 		.ascii	"\332\217\370\363V\006\271\254[\210\264n7'\347/\252\351"
 260      5606B9AC 
 260      5B88B46E 
 260      3727E72F 
 260      AAE9
 261 03ef 6BCCF539 		.ascii	"k\314\3659\231\234\334IIXX\330\352\345a%\254*<\225\337"
 261      999CDC49 
 261      495858D8 
 261      EAE56125 
 261      AC2A3C95 
 262 0404 1E80A772 		.ascii	"\036\200\247r\035+E\272\340^\356\220\345\316Y_\305Y"
 262      1D2B45BA 
 262      E05EEE90 
 262      E5CE595F 
 262      C559
 263 0416 9C619F02 		.ascii	"\234a\237\002\346\333\372\015b\206\017&\337\360L\326"
 263      E6DBFA0D 
 263      62860F26 
 263      DFF04CD6 
 264 0426 79E60E3A 		.ascii	"y\346\016:r\257y\027\207\263\\l\251\255\327 \212*\226"
 264      72AF7917 
 264      87B35C6C 
 264      A9ADD720 
 264      8A2A96
 265 0439 2348DD64 		.ascii	"#H\335dG\216\364r\022\211I \235\300\336D\214\231 \211"
 265      478EF472 
 265      12894920 
 265      9DC0DE44 
 265      8C992089 
 266 044d F4404FEF 		.ascii	"\364@O\357\2220\322\015q\033\342\026\011C\214W\357\033"
 266      9230D20D 
 266      711BE216 
 266      09438C57 
 266      EF1B
 267 045f 27F9A22D 		.ascii	"'\371\242-\215\342\004:\274N\026\353C\217\356\334\353"
 267      8DE2043A 
 267      BC4E16EB 
 267      438FEEDC 
 267      EB
 268 0470 6AF2A3E9 		.ascii	"j\362\243\351\024\227zz\256\362\241\222,_\355\2658\271"
 268      14977A7A 
ARM GAS  /tmp/ccyWBzyx.s 			page 20


 268      AEF2A192 
 268      2C5FEDB5 
 268      38B9
 269 0482 0F35FF57 		.ascii	"\0175\377W}~G3\001\260\013{!\365\236s\207\260\373\303"
 269      7D7E4733 
 269      01B00B7B 
 269      21F59E73 
 269      87B0FBC3 
 270 0496 8A4597DB 		.ascii	"\212E\227\333Ni\203\315R\211\257L\230x\005\212\\\306"
 270      4E6983CD 
 270      5289AF4C 
 270      9878058A 
 270      5CC6
 271 04a8 3BEC23C1 		.ascii	";\354#\301\366\207\206e\217\314Nv+\226K\023\262-9!\301"
 271      F6878665 
 271      8FCC4E76 
 271      2B964B13 
 271      B22D3921 
 272 04bd EB6CD80B 		.ascii	"\353l\330\013a\317\370\204\217k\265\376\377Vm\356\364"
 272      61CFF884 
 272      8F6BB5FE 
 272      FF566DEE 
 272      F4
 273 04ce 83F3E48B 		.ascii	"\203\363\344\213\023b'\274\000\027v}\232,\332\224d\200"
 273      136227BC 
 273      0017767D 
 273      9A2CDA94 
 273      6480
 274 04e0 04934BFC 		.ascii	"\004\223K\374>\\@v\345/\360\022\033$_\0007=\233U\023"
 274      3E5C4076 
 274      E52FF012 
 274      1B245F00 
 274      373D9B55 
 275 04f5 4873B18B 		.ascii	"Hs\261\213\344dIc\256\032$\303\260\0229M!\371\342U%"
 275      E4644963 
 275      AE1A24C3 
 275      B012394D 
 275      21F9E255 
 276 050a EEED2149 		.ascii	"\356\355!I\342\334\343C\354ED\206Q1\221\325\263\030"
 276      E2DCE343 
 276      EC454486 
 276      513191D5 
 276      B318
 277 051c 484BB9A2 		.ascii	"HK\271\242>/\247\237p\205XhH\363C~D\306\217 \377\000"
 277      3E2FA79F 
 277      70855868 
 277      48F3437E 
 277      44C68F20 
 278 0532 F9531F6E 		.ascii	"\371S\037n[}\250\225\3633\3717\253\250\304\367\332\371"
 278      5B7DA895 
 278      F333F937 
 278      ABA8C4F7 
 278      DAF9
 279 0544 51193F8A 		.ascii	"Q\031?\212\374C\344\363\313\247\362\325\264\221\363"
 279      FC43E4F3 
 279      CBA7F2D5 
 279      B491F3
ARM GAS  /tmp/ccyWBzyx.s 			page 21


 280 0553 A7C4D1BD 		.ascii	"\247\304\321\275v>\277Ic3\0234<\222\031\036\241\341"
 280      763EBF49 
 280      63331334 
 280      3C92191E 
 280      A1E1
 281 0565 311A1E5D 		.ascii	"1\032\036]k\036Q\321\036n\030J\275\236\242\225\232\220"
 281      6B1E51D1 
 281      1E6E184A 
 281      BD9EA295 
 281      9A90
 282 0577 E7D28427 		.ascii	"\347\322\204'2\305\023T\214\241\"\345E\3369\177:\306"
 282      32C51354 
 282      8CA122E5 
 282      45DE397F 
 282      3AC6
 283 0589 1599960A 		.ascii	"\025\231\226\012\033\365l\302\270\214\037G~\002\371"
 283      1BF56CC2 
 283      B88C1F47 
 283      7E02F9
 284 0598 2E9BA5DC 		.ascii	".\233\245\334\227\316q\276t\3527\236-x*\243\237\"=\211"
 284      97CE71BE 
 284      74EA379E 
 284      2D782AA3 
 284      9F223D89 
 285 05ac F4E3D17D 		.ascii	"\364\343\321}\347|h\272\022\351\303\207.\367h\345-\230"
 285      E77C68BA 
 285      12E9C387 
 285      2EF768E5 
 285      2D98
 286 05be 9219A6D0 		.ascii	"\222\031\246\320\360\014\015\375\307N/hh.74_zv\320W"
 286      F00C0DFD 
 286      C74E2F68 
 286      682E3734 
 286      5F7A76D0 
 287 05d3 6AC11197 		.ascii	"j\301\021\227\026<\227)\236\243\342\005*\362\352\332"
 287      163C9729 
 287      9EA3E205 
 287      2AF2EADA 
 288 05e3 2FF8D252 		.ascii	"/\370\322R\256(\311\250\275\245\366l\301K\031\377\022"
 288      AE28C9A8 
 288      BDA5F66C 
 288      C14B19FF 
 288      12
 289 05f4 F969E417 		.ascii	"\371i\344\027;\216\335PP+\347\207\026/\225\371x6aF\306"
 289      3B8EDD50 
 289      502BE787 
 289      162F95F9 
 289      78366146 
 290 0609 CF203F8B 		.ascii	"\317 ?\213|k\303\376z\330\007\234o\275>\220\355e\037"
 290      7C6BC3FE 
 290      7AD8079C 
 290      6FBD3E90 
 290      ED651F
 291 061c BC92195E 		.ascii	"\274\222\031^\241a\016\015\207\367e|L{\270\340\240\265"
 291      A1610E0D 
 291      87F7657C 
 291      4C7BB8E0 
ARM GAS  /tmp/ccyWBzyx.s 			page 22


 291      A0B5
 292 062e AF3C50EA 		.ascii	"\257<P\352\301y\227\036\314\313\014\363hx\315\237\205"
 292      C179971E 
 292      CCCB0CF3 
 292      6878CD9F 
 292      85
 293 063f B3B5163F 		.ascii	"\263\265\026?:\306\025\363\355/\017\313z\260 \343\027"
 293      3AC615F3 
 293      ED2F0FCB 
 293      7AB020E3 
 293      17
 294 0650 907F83FC 		.ascii	"\220\177\203\374\333\342\205r%\235\343|E\255\365\264"
 294      DBE28572 
 294      259DE37C 
 294      45ADF5B4 
 295 0660 CAB3076F 		.ascii	"\312\263\007oe\374[\344\337!_Xt\264^C\323\227!\337="
 295      65FC5BE4 
 295      DF215F58 
 295      74B45E43 
 295      D39721DF 
 296 0675 3430A890 		.ascii	"40\250\220\367\340\275\314\360\036\015\037\320p\366"
 296      F7E0BDCC 
 296      F01E0D1F 
 296      D070F6
 297 0684 F2409D1F 		.ascii	"\362@\235\037\315\345\206\351\206\312\224\000\251\011"
 297      CDE586E9 
 297      86CA9400 
 297      A909
 298 0692 B52E4D58 		.ascii	"\265.MX\224)\026Q!*\230\"\375\365\256B\025-\345\212"
 298      94291651 
 298      212A9822 
 298      FDF5AE42 
 298      152DE58A 
 299 06a6 DEA66C8B 		.ascii	"\336\246l\213\254\011\311\012O\036\256\300g\012\362"
 299      AC09C90A 
 299      4F1EAEC0 
 299      670AF2
 300 06b5 4D795935 		.ascii	"MyY5\376\324\312\371\334\013\342\275e\236MH\225\361"
 300      FED4CAF9 
 300      DC0BE2BD 
 300      659E4D48 
 300      95F1
 301 06c7 A9C8A721 		.ascii	"\251\310\247!\377\343\254\271EI\0339_\360c[+\2217!]"
 301      FFE3ACB9 
 301      45491B39 
 301      5FF0635B 
 301      2B913721 
 302 06dc 664847C3 		.ascii	"fHG\303.4d\374|\252LM{\270\341F\273\245X\332J\266+."
 302      2E3464FC 
 302      7CAA4C4D 
 302      7BB8E146 
 302      BBA558DA 
 303 06f4 4DD82D53 		.ascii	"M\330-S\354F\305\036T\324\225VN\303\013\201+\316\274"
 303      EC46C51E 
 303      54D49556 
 303      4EC30B81 
 303      2BCEBC
ARM GAS  /tmp/ccyWBzyx.s 			page 23


 304 0707 9C30FB79 		.ascii	"\2340\373y6!C\306g \277\027\371\213S\367_\373\3209\316"
 304      362143C6 
 304      6720BF17 
 304      F98B53F7 
 304      5FFBD039 
 305 071c D7BF99B8 		.ascii	"\327\277\231\270&{+f\312\370L\344\367!?\323f\206\247"
 305      267B2B66 
 305      CAF84CE4 
 305      F7213FD3 
 305      6686A7
 306 072f 21DD07F9 		.ascii	"!\335\007\371}W:\217\250\345M\310\222\031\262\320\360"
 306      7D573A8F 
 306      A8E54DC8 
 306      9219B2D0 
 306      F0
 307 0740 031AEA1B 		.ascii	"\003\032\352\033\336~Ls\271`dl\264DZ\005[\217K\017\262"
 307      DE7E4C73 
 307      B960646C 
 307      B4445A05 
 307      5B8F4B0F 
 308 0755 65866C34 		.ascii	"e\206l4\230\321`\256,~\007\033\201+\026~\310< \373\237"
 308      98D160AE 
 308      2C7E071B 
 308      812B167E 
 308      C83C20FB 
 309 076a 2147C6E7 		.ascii	"!G\306\347 \277\237\337Cw\305\335\000j\345\374\351\221"
 309      20BF9FDF 
 309      4377C5DD 
 309      006AE5FC 
 309      E991
 310 077c 138FD49E 		.ascii	"\023\217\324\236=8 \343\017 \177\020\371a\213\265RK"
 310      3D3820E3 
 310      0F207F10 
 310      F9618BB5 
 310      524B
 311 078e 1B397FA7 		.ascii	"\0339\177\247/\265\323\313k1Wf\310E\303!4\2341\217\346"
 311      2FB5D3CB 
 311      6B315766 
 311      C845C321 
 311      349C318F 
 312 07a3 F9D21E6E 		.ascii	"\371\322\036nH/\272?\355/5\241\317\245\011y2E\036*\016"
 312      482FBA3F 
 312      ED2F35A1 
 312      CFA50979 
 312      32451E2A 
 313 07b8 A3A2A0FB 		.ascii	"\243\242\240\373 \374l\037\343\212\274\253\251'\224"
 313      20FC6C1F 
 313      E38ABCAB 
 313      A92794
 314 07c7 9E4DC897 		.ascii	"\236M\310\227\361\371\310\027 "
 314      F1F9C817 
 314      20
 315 07d0 3FB97B68 		.ascii	"?\271{h\0206\002\347w-Z\273d\257\204B\031_\210|\021"
 315      103602E7 
 315      772D5ABB 
 315      64AF8442 
 315      195F887C 
ARM GAS  /tmp/ccyWBzyx.s 			page 24


 316 07e5 F279336F 		.ascii	"\362y3oRa#\370\"\377\330RS\353\345\265xDf8\202\206\243"
 316      526123F8 
 316      22FFD852 
 316      53EBE5B5 
 316      78446638 
 317 07fc 68E868B6 		.ascii	"h\350h\266\336S\272\375\340\355w\371U&\220c\012\374"
 317      DE53BAFD 
 317      E0ED77F9 
 317      55269063 
 317      0AFC
 318 080e C1CBFEB2 		.ascii	"\301\313\376\262>w\2368K\334\262\331\357\020g\366q)"
 318      3E779E38 
 318      4BDCB2D9 
 318      EF1067F6 
 318      7129
 319 0820 FB3866A7 		.ascii	"\3738f\247\327\346\224\251\354\331\346%\177L\223b\240"
 319      D7E694A9 
 319      ECD9E625 
 319      7F4C9362 
 319      A0
 320 0831 FCF5FA98 		.ascii	"\374\365\372\230\370\004\203>\326\030kR\376\313\020"
 320      F804833E 
 320      D6186B52 
 320      FECB10
 321 0840 FD0FD5D7 		.ascii	"\375\017\325\327\177\370.t\323\227_\012Q\233\266\306"
 321      7FF82E74 
 321      D3975F0A 
 321      519BB6C6 
 322 0850 6E8EFDE3 		.ascii	"n\216\375\343\267\272\370D]L\374\266m\361F]\242):\301"
 322      B7BAF844 
 322      5D4CFCB6 
 322      6DF1465D 
 322      A2293AC1 
 323 0864 94B45DF7 		.ascii	"\224\264]\367\333?\177\263\351\233\035\354\352\366\330"
 323      DB3F7FB3 
 323      E99B1DEC 
 323      EAF6D8
 324 0873 384342A2 		.ascii	"8CB\242\356\353M\233t1\011\246\360\2651\202F\2577D'"
 324      EEEB4D9B 
 324      743109A6 
 324      F0B53182 
 324      46AF3744 
 325 0888 C4ED4423 		.ascii	"\304\355D#\330\343\242M\334\256\325\353\267\030\376"
 325      D8E3A24D 
 325      DCAED5EB 
 325      B718FE
 326 0897 169D1467 		.ascii	"\026\235\024g\322\033v\304\232TF(kJJ0\006\351\361k}"
 326      D21B76C4 
 326      9A544628 
 326      6B4A4A30 
 326      06E9F16B 
 327 08ac 42F4367D 		.ascii	"B\3646}t\202!:\321\317q\246\216\211\003\027\236\253"
 327      7482213A 
 327      D1CF71A6 
 327      8E890317 
 327      9EAB
 328 08be F5FAA458 		.ascii	"\365\372\244X\243i}\204\336\364\235.)1A\2679\326\250"
ARM GAS  /tmp/ccyWBzyx.s 			page 25


 328      A3697D84 
 328      DEF49D2E 
 328      293141B7 
 328      39D6A8
 329 08d1 FB7B4CCC 		.ascii	"\373{L\314\232\350\204mk\214\361F\303\032C\364\346\330"
 329      9AE8846D 
 329      6B8CF146 
 329      C31A43F4 
 329      E6D8
 330 08e3 351BF491 		.ascii	"5\033\364\221k\"\326\205G\3753B\347\366\205.\326\030"
 330      6B22D685 
 330      47FD3342 
 330      E7F6852E 
 330      D618
 331 08f5 1397B4C5 		.ascii	"\023\227\264\305\240\333\026\035\2635\326h\3209\346"
 331      A0DB161D 
 331      B335D668 
 331      D039E6
 332 0904 62DAB9DD 		.ascii	"b\332\271\335\220\270v\253\240\262\353\177\377\377\350"
 332      90B876AB 
 332      A0B2EB7F 
 332      FFFFE8
 333 0913 137726EA 		.ascii	"\023w&\352\364\211\246-\340\002\247\037\336\030\233"
 333      F489A62D 
 333      E002A71F 
 333      DE189B
 334 0922 BE16CF4C 		.ascii	"\276\026\317L\206\035|\2501\306\353\035\337\005\262"
 334      861D7CA8 
 334      31C6EB1D 
 334      DF05B2
 335 0931 FB758CF4 		.ascii	"\373u\214\364\246`=\353\305:\275\023\321\007\270^\322"
 335      A6603DEB 
 335      C53ABD13 
 335      D107B85E 
 335      D2
 336 0942 6BA511EF 		.ascii	"k\245\021\357\216>P\032\032\343\371\327\234\017\227"
 336      8E3E501A 
 336      1AE3F9D7 
 336      9C0F97
 337 0951 F3E16E7C 		.ascii	"\363\341n|\270;\037\356\301G\310\371\0107>\302\235\217"
 337      B83B1FEE 
 337      C147C8F9 
 337      08373EC2 
 337      9D8F
 338 0963 F0E0D7CB 		.ascii	"\360\340\327\313\371\365n\374zw~\275\007\037)\347#\335"
 338      F9F56EFC 
 338      7A777EBD 
 338      071F29E7 
 338      23DD
 339 0975 F848773E 		.ascii	"\370Hw>\322\203\337 \3477\270\361\033\334\371\015\036"
 339      D283DF20 
 339      E737B8F1 
 339      1BDCF90D 
 339      1E
 340 0986 7C949C8F 		.ascii	"|\224\234\217r\343\243\334\371(\017~\243\234\337\350"
 340      72E3A3DC 
 340      F9280F7E 
ARM GAS  /tmp/ccyWBzyx.s 			page 26


 340      A39CDFE8 
 341 0996 C66F74E7 		.ascii	"\306ot\3477:\370\377\000\001rS\254"
 341      373AF8FF 
 341      00017253 
 341      AC
 342              		.text
 343              		.section	.gnu.lto_.symtab.5b1feb7caf185770,"",%progbits
 344 0000 5F5F636F 		.ascii	"__core_init\000"
 344      72655F69 
 344      6E697400 
 345 000c 00       		.ascii	"\000"
 346 000d 01       		.ascii	"\001"
 347 000e 00       		.ascii	"\000"
 348 000f 00000000 		.ascii	"\000\000\000\000\000\000\000\000"
 348      00000000 
 349 0017 AF000000 		.ascii	"\257\000\000\000"
 350 001b 5F5F6561 		.ascii	"__early_init\000"
 350      726C795F 
 350      696E6974 
 350      00
 351 0028 00       		.ascii	"\000"
 352 0029 01       		.ascii	"\001"
 353 002a 00       		.ascii	"\000"
 354 002b 00000000 		.ascii	"\000\000\000\000\000\000\000\000"
 354      00000000 
 355 0033 B2000000 		.ascii	"\262\000\000\000"
 356 0037 5F5F6C61 		.ascii	"__late_init\000"
 356      74655F69 
 356      6E697400 
 357 0043 00       		.ascii	"\000"
 358 0044 01       		.ascii	"\001"
 359 0045 00       		.ascii	"\000"
 360 0046 00000000 		.ascii	"\000\000\000\000\000\000\000\000"
 360      00000000 
 361 004e B5000000 		.ascii	"\265\000\000\000"
 362 0052 5F5F6465 		.ascii	"__default_exit\000"
 362      6661756C 
 362      745F6578 
 362      697400
 363 0061 00       		.ascii	"\000"
 364 0062 01       		.ascii	"\001"
 365 0063 00       		.ascii	"\000"
 366 0064 00000000 		.ascii	"\000\000\000\000\000\000\000\000"
 366      00000000 
 367 006c BA000000 		.ascii	"\272\000\000\000"
 368 0070 5F5F696E 		.ascii	"__init_ram_areas\000"
 368      69745F72 
 368      616D5F61 
 368      72656173 
 368      00
 369 0081 00       		.ascii	"\000"
 370 0082 00       		.ascii	"\000"
 371 0083 00       		.ascii	"\000"
 372 0084 00000000 		.ascii	"\000\000\000\000\000\000\000\000"
 372      00000000 
 373 008c BC000000 		.ascii	"\274\000\000\000"
 374 0090 5F5F7261 		.ascii	"__ram0_init_text__\000"
ARM GAS  /tmp/ccyWBzyx.s 			page 27


 374      6D305F69 
 374      6E69745F 
 374      74657874 
 374      5F5F00
 375 00a3 00       		.ascii	"\000"
 376 00a4 02       		.ascii	"\002"
 377 00a5 00       		.ascii	"\000"
 378 00a6 00000000 		.ascii	"\000\000\000\000\000\000\000\000"
 378      00000000 
 379 00ae E0000000 		.ascii	"\340\000\000\000"
 380 00b2 5F5F7261 		.ascii	"__ram0_init__\000"
 380      6D305F69 
 380      6E69745F 
 380      5F00
 381 00c0 00       		.ascii	"\000"
 382 00c1 02       		.ascii	"\002"
 383 00c2 00       		.ascii	"\000"
 384 00c3 00000000 		.ascii	"\000\000\000\000\000\000\000\000"
 384      00000000 
 385 00cb E2000000 		.ascii	"\342\000\000\000"
 386 00cf 5F5F7261 		.ascii	"__ram0_clear__\000"
 386      6D305F63 
 386      6C656172 
 386      5F5F00
 387 00de 00       		.ascii	"\000"
 388 00df 02       		.ascii	"\002"
 389 00e0 00       		.ascii	"\000"
 390 00e1 00000000 		.ascii	"\000\000\000\000\000\000\000\000"
 390      00000000 
 391 00e9 E4000000 		.ascii	"\344\000\000\000"
 392 00ed 5F5F7261 		.ascii	"__ram0_noinit__\000"
 392      6D305F6E 
 392      6F696E69 
 392      745F5F00 
 393 00fd 00       		.ascii	"\000"
 394 00fe 02       		.ascii	"\002"
 395 00ff 00       		.ascii	"\000"
 396 0100 00000000 		.ascii	"\000\000\000\000\000\000\000\000"
 396      00000000 
 397 0108 E6000000 		.ascii	"\346\000\000\000"
 398 010c 5F5F7261 		.ascii	"__ram1_init_text__\000"
 398      6D315F69 
 398      6E69745F 
 398      74657874 
 398      5F5F00
 399 011f 00       		.ascii	"\000"
 400 0120 02       		.ascii	"\002"
 401 0121 00       		.ascii	"\000"
 402 0122 00000000 		.ascii	"\000\000\000\000\000\000\000\000"
 402      00000000 
 403 012a E8000000 		.ascii	"\350\000\000\000"
 404 012e 5F5F7261 		.ascii	"__ram1_init__\000"
 404      6D315F69 
 404      6E69745F 
 404      5F00
 405 013c 00       		.ascii	"\000"
 406 013d 02       		.ascii	"\002"
ARM GAS  /tmp/ccyWBzyx.s 			page 28


 407 013e 00       		.ascii	"\000"
 408 013f 00000000 		.ascii	"\000\000\000\000\000\000\000\000"
 408      00000000 
 409 0147 EA000000 		.ascii	"\352\000\000\000"
 410 014b 5F5F7261 		.ascii	"__ram1_clear__\000"
 410      6D315F63 
 410      6C656172 
 410      5F5F00
 411 015a 00       		.ascii	"\000"
 412 015b 02       		.ascii	"\002"
 413 015c 00       		.ascii	"\000"
 414 015d 00000000 		.ascii	"\000\000\000\000\000\000\000\000"
 414      00000000 
 415 0165 EC000000 		.ascii	"\354\000\000\000"
 416 0169 5F5F7261 		.ascii	"__ram1_noinit__\000"
 416      6D315F6E 
 416      6F696E69 
 416      745F5F00 
 417 0179 00       		.ascii	"\000"
 418 017a 02       		.ascii	"\002"
 419 017b 00       		.ascii	"\000"
 420 017c 00000000 		.ascii	"\000\000\000\000\000\000\000\000"
 420      00000000 
 421 0184 EE000000 		.ascii	"\356\000\000\000"
 422 0188 5F5F7261 		.ascii	"__ram2_init_text__\000"
 422      6D325F69 
 422      6E69745F 
 422      74657874 
 422      5F5F00
 423 019b 00       		.ascii	"\000"
 424 019c 02       		.ascii	"\002"
 425 019d 00       		.ascii	"\000"
 426 019e 00000000 		.ascii	"\000\000\000\000\000\000\000\000"
 426      00000000 
 427 01a6 F0000000 		.ascii	"\360\000\000\000"
 428 01aa 5F5F7261 		.ascii	"__ram2_init__\000"
 428      6D325F69 
 428      6E69745F 
 428      5F00
 429 01b8 00       		.ascii	"\000"
 430 01b9 02       		.ascii	"\002"
 431 01ba 00       		.ascii	"\000"
 432 01bb 00000000 		.ascii	"\000\000\000\000\000\000\000\000"
 432      00000000 
 433 01c3 F2000000 		.ascii	"\362\000\000\000"
 434 01c7 5F5F7261 		.ascii	"__ram2_clear__\000"
 434      6D325F63 
 434      6C656172 
 434      5F5F00
 435 01d6 00       		.ascii	"\000"
 436 01d7 02       		.ascii	"\002"
 437 01d8 00       		.ascii	"\000"
 438 01d9 00000000 		.ascii	"\000\000\000\000\000\000\000\000"
 438      00000000 
 439 01e1 F4000000 		.ascii	"\364\000\000\000"
 440 01e5 5F5F7261 		.ascii	"__ram2_noinit__\000"
 440      6D325F6E 
ARM GAS  /tmp/ccyWBzyx.s 			page 29


 440      6F696E69 
 440      745F5F00 
 441 01f5 00       		.ascii	"\000"
 442 01f6 02       		.ascii	"\002"
 443 01f7 00       		.ascii	"\000"
 444 01f8 00000000 		.ascii	"\000\000\000\000\000\000\000\000"
 444      00000000 
 445 0200 F6000000 		.ascii	"\366\000\000\000"
 446 0204 5F5F7261 		.ascii	"__ram3_init_text__\000"
 446      6D335F69 
 446      6E69745F 
 446      74657874 
 446      5F5F00
 447 0217 00       		.ascii	"\000"
 448 0218 02       		.ascii	"\002"
 449 0219 00       		.ascii	"\000"
 450 021a 00000000 		.ascii	"\000\000\000\000\000\000\000\000"
 450      00000000 
 451 0222 F8000000 		.ascii	"\370\000\000\000"
 452 0226 5F5F7261 		.ascii	"__ram3_init__\000"
 452      6D335F69 
 452      6E69745F 
 452      5F00
 453 0234 00       		.ascii	"\000"
 454 0235 02       		.ascii	"\002"
 455 0236 00       		.ascii	"\000"
 456 0237 00000000 		.ascii	"\000\000\000\000\000\000\000\000"
 456      00000000 
 457 023f FA000000 		.ascii	"\372\000\000\000"
 458 0243 5F5F7261 		.ascii	"__ram3_clear__\000"
 458      6D335F63 
 458      6C656172 
 458      5F5F00
 459 0252 00       		.ascii	"\000"
 460 0253 02       		.ascii	"\002"
 461 0254 00       		.ascii	"\000"
 462 0255 00000000 		.ascii	"\000\000\000\000\000\000\000\000"
 462      00000000 
 463 025d FC000000 		.ascii	"\374\000\000\000"
 464 0261 5F5F7261 		.ascii	"__ram3_noinit__\000"
 464      6D335F6E 
 464      6F696E69 
 464      745F5F00 
 465 0271 00       		.ascii	"\000"
 466 0272 02       		.ascii	"\002"
 467 0273 00       		.ascii	"\000"
 468 0274 00000000 		.ascii	"\000\000\000\000\000\000\000\000"
 468      00000000 
 469 027c FE000000 		.ascii	"\376\000\000\000"
 470 0280 5F5F7261 		.ascii	"__ram4_init_text__\000"
 470      6D345F69 
 470      6E69745F 
 470      74657874 
 470      5F5F00
 471 0293 00       		.ascii	"\000"
 472 0294 02       		.ascii	"\002"
 473 0295 00       		.ascii	"\000"
ARM GAS  /tmp/ccyWBzyx.s 			page 30


 474 0296 00000000 		.ascii	"\000\000\000\000\000\000\000\000"
 474      00000000 
 475 029e 00010000 		.ascii	"\000\001\000\000"
 476 02a2 5F5F7261 		.ascii	"__ram4_init__\000"
 476      6D345F69 
 476      6E69745F 
 476      5F00
 477 02b0 00       		.ascii	"\000"
 478 02b1 02       		.ascii	"\002"
 479 02b2 00       		.ascii	"\000"
 480 02b3 00000000 		.ascii	"\000\000\000\000\000\000\000\000"
 480      00000000 
 481 02bb 02010000 		.ascii	"\002\001\000\000"
 482 02bf 5F5F7261 		.ascii	"__ram4_clear__\000"
 482      6D345F63 
 482      6C656172 
 482      5F5F00
 483 02ce 00       		.ascii	"\000"
 484 02cf 02       		.ascii	"\002"
 485 02d0 00       		.ascii	"\000"
 486 02d1 00000000 		.ascii	"\000\000\000\000\000\000\000\000"
 486      00000000 
 487 02d9 04010000 		.ascii	"\004\001\000\000"
 488 02dd 5F5F7261 		.ascii	"__ram4_noinit__\000"
 488      6D345F6E 
 488      6F696E69 
 488      745F5F00 
 489 02ed 00       		.ascii	"\000"
 490 02ee 02       		.ascii	"\002"
 491 02ef 00       		.ascii	"\000"
 492 02f0 00000000 		.ascii	"\000\000\000\000\000\000\000\000"
 492      00000000 
 493 02f8 06010000 		.ascii	"\006\001\000\000"
 494 02fc 5F5F7261 		.ascii	"__ram5_init_text__\000"
 494      6D355F69 
 494      6E69745F 
 494      74657874 
 494      5F5F00
 495 030f 00       		.ascii	"\000"
 496 0310 02       		.ascii	"\002"
 497 0311 00       		.ascii	"\000"
 498 0312 00000000 		.ascii	"\000\000\000\000\000\000\000\000"
 498      00000000 
 499 031a 08010000 		.ascii	"\010\001\000\000"
 500 031e 5F5F7261 		.ascii	"__ram5_init__\000"
 500      6D355F69 
 500      6E69745F 
 500      5F00
 501 032c 00       		.ascii	"\000"
 502 032d 02       		.ascii	"\002"
 503 032e 00       		.ascii	"\000"
 504 032f 00000000 		.ascii	"\000\000\000\000\000\000\000\000"
 504      00000000 
 505 0337 0A010000 		.ascii	"\012\001\000\000"
 506 033b 5F5F7261 		.ascii	"__ram5_clear__\000"
 506      6D355F63 
 506      6C656172 
ARM GAS  /tmp/ccyWBzyx.s 			page 31


 506      5F5F00
 507 034a 00       		.ascii	"\000"
 508 034b 02       		.ascii	"\002"
 509 034c 00       		.ascii	"\000"
 510 034d 00000000 		.ascii	"\000\000\000\000\000\000\000\000"
 510      00000000 
 511 0355 0C010000 		.ascii	"\014\001\000\000"
 512 0359 5F5F7261 		.ascii	"__ram5_noinit__\000"
 512      6D355F6E 
 512      6F696E69 
 512      745F5F00 
 513 0369 00       		.ascii	"\000"
 514 036a 02       		.ascii	"\002"
 515 036b 00       		.ascii	"\000"
 516 036c 00000000 		.ascii	"\000\000\000\000\000\000\000\000"
 516      00000000 
 517 0374 0E010000 		.ascii	"\016\001\000\000"
 518 0378 5F5F7261 		.ascii	"__ram6_init_text__\000"
 518      6D365F69 
 518      6E69745F 
 518      74657874 
 518      5F5F00
 519 038b 00       		.ascii	"\000"
 520 038c 02       		.ascii	"\002"
 521 038d 00       		.ascii	"\000"
 522 038e 00000000 		.ascii	"\000\000\000\000\000\000\000\000"
 522      00000000 
 523 0396 10010000 		.ascii	"\020\001\000\000"
 524 039a 5F5F7261 		.ascii	"__ram6_init__\000"
 524      6D365F69 
 524      6E69745F 
 524      5F00
 525 03a8 00       		.ascii	"\000"
 526 03a9 02       		.ascii	"\002"
 527 03aa 00       		.ascii	"\000"
 528 03ab 00000000 		.ascii	"\000\000\000\000\000\000\000\000"
 528      00000000 
 529 03b3 12010000 		.ascii	"\022\001\000\000"
 530 03b7 5F5F7261 		.ascii	"__ram6_clear__\000"
 530      6D365F63 
 530      6C656172 
 530      5F5F00
 531 03c6 00       		.ascii	"\000"
 532 03c7 02       		.ascii	"\002"
 533 03c8 00       		.ascii	"\000"
 534 03c9 00000000 		.ascii	"\000\000\000\000\000\000\000\000"
 534      00000000 
 535 03d1 14010000 		.ascii	"\024\001\000\000"
 536 03d5 5F5F7261 		.ascii	"__ram6_noinit__\000"
 536      6D365F6E 
 536      6F696E69 
 536      745F5F00 
 537 03e5 00       		.ascii	"\000"
 538 03e6 02       		.ascii	"\002"
 539 03e7 00       		.ascii	"\000"
 540 03e8 00000000 		.ascii	"\000\000\000\000\000\000\000\000"
 540      00000000 
ARM GAS  /tmp/ccyWBzyx.s 			page 32


 541 03f0 16010000 		.ascii	"\026\001\000\000"
 542 03f4 5F5F7261 		.ascii	"__ram7_init_text__\000"
 542      6D375F69 
 542      6E69745F 
 542      74657874 
 542      5F5F00
 543 0407 00       		.ascii	"\000"
 544 0408 02       		.ascii	"\002"
 545 0409 00       		.ascii	"\000"
 546 040a 00000000 		.ascii	"\000\000\000\000\000\000\000\000"
 546      00000000 
 547 0412 18010000 		.ascii	"\030\001\000\000"
 548 0416 5F5F7261 		.ascii	"__ram7_init__\000"
 548      6D375F69 
 548      6E69745F 
 548      5F00
 549 0424 00       		.ascii	"\000"
 550 0425 02       		.ascii	"\002"
 551 0426 00       		.ascii	"\000"
 552 0427 00000000 		.ascii	"\000\000\000\000\000\000\000\000"
 552      00000000 
 553 042f 1A010000 		.ascii	"\032\001\000\000"
 554 0433 5F5F7261 		.ascii	"__ram7_clear__\000"
 554      6D375F63 
 554      6C656172 
 554      5F5F00
 555 0442 00       		.ascii	"\000"
 556 0443 02       		.ascii	"\002"
 557 0444 00       		.ascii	"\000"
 558 0445 00000000 		.ascii	"\000\000\000\000\000\000\000\000"
 558      00000000 
 559 044d 1C010000 		.ascii	"\034\001\000\000"
 560 0451 5F5F7261 		.ascii	"__ram7_noinit__\000"
 560      6D375F6E 
 560      6F696E69 
 560      745F5F00 
 561 0461 00       		.ascii	"\000"
 562 0462 02       		.ascii	"\002"
 563 0463 00       		.ascii	"\000"
 564 0464 00000000 		.ascii	"\000\000\000\000\000\000\000\000"
 564      00000000 
 565 046c 1E010000 		.ascii	"\036\001\000\000"
 566              		.text
 567              		.section	.gnu.lto_.opts,"",%progbits
 568 0000 272D6666 		.ascii	"'-ffp-contract=off' '-fmath-errno' '-fsigned-zeros'"
 568      702D636F 
 568      6E747261 
 568      63743D6F 
 568      66662720 
 569 0033 20272D66 		.ascii	" '-ftrapping-math' '-fno-trapv' '-fno-openmp' '-fno"
 569      74726170 
 569      70696E67 
 569      2D6D6174 
 569      68272027 
 570 0066 2D6F7065 		.ascii	"-openacc' '-mcpu=cortex-m4' '-mno-thumb-interwork' "
 570      6E616363 
 570      2720272D 
ARM GAS  /tmp/ccyWBzyx.s 			page 33


 570      6D637075 
 570      3D636F72 
 571 0099 272D6D74 		.ascii	"'-mthumb' '-ggdb' '-O2' '-fomit-frame-pointer' '-fa"
 571      68756D62 
 571      2720272D 
 571      67676462 
 571      2720272D 
 572 00cc 6C69676E 		.ascii	"lign-functions=16' '-ffunction-sections' '-fdata-se"
 572      2D66756E 
 572      6374696F 
 572      6E733D31 
 572      36272027 
 573 00ff 6374696F 		.ascii	"ctions' '-fno-common' '-flto'\000"
 573      6E732720 
 573      272D666E 
 573      6F2D636F 
 573      6D6D6F6E 
 574              		.text
 575              		.comm	__gnu_lto_v1,1,1
 576              		.comm	__gnu_lto_slim,1,1
 577              		.ident	"GCC: (GNU Tools for ARM Embedded Processors) 5.4.1 20160609 (release) [ARM/embedded-5-bran
ARM GAS  /tmp/ccyWBzyx.s 			page 34


DEFINED SYMBOLS
                            *ABS*:00000000 crt1.c
                            *COM*:00000001 __gnu_lto_v1
                            *COM*:00000001 __gnu_lto_slim

NO UNDEFINED SYMBOLS
