ARM GAS  /tmp/ccsNmjVb.s 			page 1


   1              		.syntax unified
   2              		.cpu cortex-m4
   3              		.fpu softvfp
   4              		.eabi_attribute 20, 1
   5              		.eabi_attribute 21, 1
   6              		.eabi_attribute 23, 3
   7              		.eabi_attribute 24, 1
   8              		.eabi_attribute 25, 1
   9              		.eabi_attribute 26, 1
  10              		.eabi_attribute 30, 2
  11              		.eabi_attribute 34, 1
  12              		.eabi_attribute 18, 4
  13              		.thumb
  14              		.syntax unified
  15              		.file	"debug.c"
  16              		.text
  17              	.Ltext0:
  18              		.section	.gnu.lto_.profile.4f75e3fc00dde600,"",%progbits
  19 0000 789C6361 		.ascii	"x\234ca`\004B \000\000\0009\000\007"
  19      60044220 
  19      00000039 
  19      0007
  20              		.text
  21              		.section	.gnu.lto_.icf.4f75e3fc00dde600,"",%progbits
  22 0000 789C6361 		.ascii	"x\234ca`d\000\001>\006\004`bx\364\263k\015?\343\201"
  22      60640001 
  22      3E060460 
  22      6278F4B3 
  22      6B0D3FE3 
  23 0015 9ED6364E 		.ascii	"\236\3266N\006\000.\200\005\227"
  23      06002E80 
  23      0597
  24              		.text
  25              		.section	.gnu.lto_.jmpfuncs.4f75e3fc00dde600,"",%progbits
  26 0000 789C6361 		.ascii	"x\234ca`d\000\001&\006d\000\000\000\236\000\010"
  26      60640001 
  26      26066400 
  26      00009E00 
  26      08
  27              		.text
  28              		.section	.gnu.lto_.inline.4f75e3fc00dde600,"",%progbits
  29 0000 789C6361 		.ascii	"x\234ca`d\000\001&\006d\000\000\000\236\000\010"
  29      60640001 
  29      26066400 
  29      00009E00 
  29      08
  30              		.text
  31              		.section	.gnu.lto_.pureconst.4f75e3fc00dde600,"",%progbits
  32 0000 789C6361 		.ascii	"x\234ca`\004B \000\000\0009\000\007"
  32      60044220 
  32      00000039 
  32      0007
  33              		.text
  34              		.section	.gnu.lto_uart_config.4f75e3fc00dde600,"",%progbits
  35 0000 789C6361 		.ascii	"x\234ca`d\000\201` \206\260\030\030\37621\256\177\263"
  35      60640081 
  35      602086B0 
ARM GAS  /tmp/ccsNmjVb.s 			page 2


  35      1818FE32 
  35      31AE7FB3 
  36 0014 F327EF17 		.ascii	"\363'\357\027\246Vf\240 \220\273hM\307\021\016\020\227"
  36      A65666A0 
  36      2090BB68 
  36      4DC7110E 
  36      1097
  37 0026 91B1A185 		.ascii	"\221\261\241\205\035(0y\367\326\225\254\026\333\032"
  37      1D283079 
  37      F7D695AC 
  37      16DB1A
  38 0035 3A163438 		.ascii	":\02648\26423\375cb`\\\301(\363\217\211\221q9\210b\202"
  38      B43233FD 
  38      6362605C 
  38      C128F38F 
  38      89917139 
  39 004c 50CC208A 		.ascii	"P\314 \212\201q%\243\005\003\000_\321\033\357"
  39      817125A3 
  39      0503005F 
  39      D11BEF
  40              		.text
  41              		.section	.gnu.lto_.symbol_nodes.4f75e3fc00dde600,"",%progbits
  42 0000 789C6361 		.ascii	"x\234ca`d\020a\000\002\326iL\014\215B \306T&F0\203\001"
  42      60641061 
  42      0002D669 
  42      4C0C8D42 
  42      20C65426 
  43 0018 001F0402 		.ascii	"\000\037\004\002z"
  43      7A
  44              		.text
  45              		.section	.gnu.lto_.refs.4f75e3fc00dde600,"",%progbits
  46 0000 789C6361 		.ascii	"x\234ca`\004B \000\000\0009\000\007"
  46      60044220 
  46      00000039 
  46      0007
  47              		.text
  48              		.section	.gnu.lto_.decls.4f75e3fc00dde600,"",%progbits
  49 0000 789CB559 		.ascii	"x\234\265Y{P\024\331\271\237\323g\030\206a\200\255\325"
  49      7B5014D9 
  49      B99FD367 
  49      18866180 
  49      ADD5
  50 0012 A4B62A24 		.ascii	"\244\266*$\331JX3\177\\\035\037\233}T\245\222l\231\272"
  50      D94A5833 
  50      7F5C1D1F 
  50      9B7D54A5 
  50      926C99BA 
  51 0026 B9B5954D 		.ascii	"\271\265\225M\266\262k\352\336\373\3178\016\275@\002"
  51      B6B26BEA 
  51      DEFBCF38 
  51      0EBD4002 
  52 0036 03996956 		.ascii	"\003\231iV\366\217TZ\300\027\2500<D\360\315\212\212"
  52      F68F545A 
  52      C017A830 
  52      3C44F0CD 
  52      8A8A
  53 0048 E0FA4041 		.ascii	"\340\372@Ay\316\242\013(\250 \212\202\362\362\001\353"
ARM GAS  /tmp/ccsNmjVb.s 			page 3


  53      79CEA20B 
  53      28A8208A 
  53      82F2F201 
  53      EB
  54 0059 03455041 		.ascii	"\003EPA\020\310w\316\351\241{\206\236u\253Ri\375\246"
  54      10C877CE 
  54      E9A17B86 
  54      9E75AB52 
  54      69FDA6
  55 006c FB3BFD9D 		.ascii	"\373;\375\235\357\367=O\237n\264\032\244!\307\033?\326"
  55      EFF73D4F 
  55      9F6EB41A 
  55      A421C71B 
  55      3FD6
  56 007e 68FE5FAB 		.ascii	"h\376_\253\321D\303\365\014\034\034\234\377\242\361"
  56      D144C3F5 
  56      0C1C1C9C 
  56      FFA2F1
  57 008d 3EC8D83F 		.ascii	">\310\330?@<\017y\217\023\036\303y\001\320/\200\266"
  57      403C0F79 
  57      8F131EC3 
  57      7901D02F 
  57      80B6
  58 009f 020FAA34 		.ascii	"\002\017\2524.8o\001\312\004\332\3543\307sLqh\213\253"
  58      2E386F01 
  58      CA04DAEC 
  58      33C7734C 
  58      71688BAB 
  59 00b3 263D1473 		.ascii	"&=\024s\210\\_\036n\331\031\374\224C\257\033\320k\300"
  59      885C5F1E 
  59      6ED919FC 
  59      9443AF1B 
  59      D06BC0
  60 00c6 960F9C6B 		.ascii	"\226\017\234k0\000;\337\200D\004|\353\340\324]\264\250"
  60      30003BDF 
  60      8044047C 
  60      EBE0D45D 
  60      B4A8
  61 00d8 54842353 		.ascii	"T\204#S\024\271pY\311\223\013\005\267C\231\344\233\300"
  61      14B97059 
  61      C9930B05 
  61      B74399E4 
  61      9BC0
  62 00ea 16543D3D 		.ascii	"\026T==\037\300\364\350\201mK=\272\0033V\013l\311X\352"
  62      1FC0F4E8 
  62      816D4B3D 
  62      BA033356 
  62      0B6CC958 
  63 00ff C930FC03 		.ascii	"\3110\374\003\212X\361\250\244\"\204\335r\023\376\340"
  63      8A58F1A8 
  63      A42284DD 
  63      7213FEE0 
  64 010f C08E2D46 		.ascii	"\300\216-F\306\277\007\354\225\326\236\"\214\177DE\273"
  64      C6BF07EC 
  64      95D69E22 
  64      8C7F4445 
  64      BB
ARM GAS  /tmp/ccsNmjVb.s 			page 4


  65 0120 9B8A4B88 		.ascii	"\233\212K\210\226_\030\020\011Q\030\014\035yx\372E\010"
  65      965F1810 
  65      0951180C 
  65      1D7978FA 
  65      4508
  66 0132 1BA2E667 		.ascii	"\033\242\346g\214\354\013\304\021\344\232k\330\\v<\030"
  66      8CEC0BC4 
  66      11E49A6B 
  66      D85C763C 
  66      18
  67 0143 990CFB89 		.ascii	"\231\014\373\211\265}uE\306\323\242\370\032*G\006t\002"
  67      B57D7545 
  67      C6D3A2F8 
  67      1A2A4706 
  67      7402
  68 0155 6174082D 		.ascii	"at\010-\002\303a\036\374n\020\305d13E|\275)T\203JP8"
  68      02C3611E 
  68      FC6E10C5 
  68      64313345 
  68      7CBD2954 
  69 016d 3A8CC235 		.ascii	":\214\3025\350$2\021\265D\020\225\301\340q\030\004\210"
  69      E8243211 
  69      B5441095 
  69      C1E07118 
  69      0488
  70 017f E27DAE42 		.ascii	"\342}\256B\035^\213(F\376\211Cc\206Y\214\232\264\267"
  70      1D5E8B28 
  70      46FE8943 
  70      6386598C 
  70      9AB4B7
  71 0192 4B09C669 		.ascii	"K\011\306i\300\250\2201\000\322/\310)u\0201grw\010\356"
  71      C0A89031 
  71      00D22FC8 
  71      29751031 
  71      67727708 
  72 01a7 6420DBF3 		.ascii	"d \333\363\352j\002\220\301\244\256\241ZE\0033';\343"
  72      EA6A0290 
  72      C1A4AEA1 
  72      5A450333 
  72      273BE3
  73 01ba 776DEB21 		.ascii	"wm\353!K\250\012\354\251\224\3559M\355\001\224\233e"
  73      4BA80AEC 
  73      A994ED39 
  73      4DED0194 
  73      9B65
  74 01cc 9BCFE871 		.ascii	"\233\317\350q>\313|UEu\203\224\261\305\300\246\334\331"
  74      3ECB7C55 
  74      45758394 
  74      B1C5C0A6 
  74      DCD9
  75 01de D91F8AF7 		.ascii	"\331\037\212\367\262{\015\031\251\233\014\370\020e\270"
  75      B27B0D19 
  75      A99B0CF8 
  75      1065B8
  76 01ed E303DB77 		.ascii	"\343\003\333w\006y|vo\325\001@=\000\270}\001\324\315"
  76      06797C76 
  76      6FD50140 
ARM GAS  /tmp/ccsNmjVb.s 			page 5


  76      3D00B87D 
  76      01D4CD
  77 0200 FD5ADDE1 		.ascii	"\375Z\335\341\355\243\335\367\202\030\272IQ\024\363"
  77      EDA3DDF7 
  77      8218BA49 
  77      5114F3
  78 020f A5A228AE 		.ascii	"\245\242(\256\034-\322\341rfM\346\315\027\325\301\270"
  78      1C2DD2E1 
  78      72664DE6 
  78      CD17D5C1 
  78      B8
  79 0220 8E31676F 		.ascii	"\2161go\2677\005\340\263\214\331S\337\277\020_e\327"
  79      B73705E0 
  79      B38CD953 
  79      DFBF105F 
  79      65D7
  80 0232 95B9D543 		.ascii	"\225\271\325Cz\334\305\230[3\323\177\305\367\331\365"
  80      7ADCC598 
  80      5B33D37F 
  80      C5F7D9F5 
  81 0242 C6D28D0D 		.ascii	"\306\322\215\015\241x\2041\205uU\017\003q2F\312\032"
  81      A1788431 
  81      8575550F 
  81      03713246 
  81      CA1A
  82 0254 7E9DD5F0 		.ascii	"~\235\325\360\301\373\275/1v\261{\3757\033\217\206\342"
  82      C1FBBD2F 
  82      3176B17B 
  82      FD371B8F 
  82      86E2
  83 0266 6CC6548D 		.ascii	"l\306T\215m\257\012\303\005\214\271p{f\304\200\3672"
  83      6DAF0AC3 
  83      058CB970 
  83      7B66C480 
  83      F732
  84 0278 A6A260DA 		.ascii	"\246\242`\332\255\305\007\031\263v\363\341<\322=:V\257"
  84      ADC50719 
  84      B376F3E1 
  84      3CD23D3A 
  84      56AF
  85 028a 81307467 		.ascii	"\2010tgx\242\\\313\206H\370\222`hg\376\315c\241\270"
  85      78A25CCB 
  85      8648F892 
  85      606867FE 
  85      CD63A1B8 
  86 029e 944EE1EA 		.ascii	"\224N\341\352\306\2164\350\345\242\235Z\236\"\212\010"
  86      C68E34E8 
  86      E5A29D5A 
  86      9E228A08 
  87 02ae 5D83F85E 		.ascii	"]\203\370^\225\343\253\223\302+\316\015o\007\204W'\205"
  87      95E3AB93 
  87      C22BCE0D 
  87      6F078457 
  87      2785
  88 02c0 F70A0CB6 		.ascii	"\367\012\014\266\263\360\216\274\030>\241\305\345\014"
  88      B3F08EBC 
  88      183EA1C5 
ARM GAS  /tmp/ccsNmjVb.s 			page 6


  88      E50C
  89 02ce A326ED61 		.ascii	"\243&\355aM\220\242h\027\225\220\242\355\002\214\353"
  89      4D90A268 
  89      179590A2 
  89      ED028CEB 
  90 02de 32C635E4 		.ascii	"2\3065\344\037\244S\035\244_\234\3147\342Z\006R\225"
  90      1FA4531D 
  90      A45F9CCC 
  90      37E25A06 
  90      5295
  91 02f0 D6DDAD65 		.ascii	"\326\335\255eE\253\242\241[E\203T\264\227\376\233\025"
  91      45ABA2A1 
  91      5B458354 
  91      B497FE9B 
  91      15
  92 0301 ED4DB0E7 		.ascii	"\355M\260\347\206lO\227\247h'\262O\237\014\306gY\204"
  92      866C4F97 
  92      A76827B2 
  92      4F9F0CC6 
  92      675984
  93 0314 D37387F6 		.ascii	"\323s\207\366\207\342\363\214\231\3746\247\023\261\364"
  93      87E2F38C 
  93      99FC36A7 
  93      13B1F4
  94 0323 19814DAE 		.ascii	"\031\201M\256\352t\205\261\032\352\243k\303\304\206"
  94      EA7485B1 
  94      1AEAA36B 
  94      C3C486
  95 0332 692DBEC6 		.ascii	"i-\276\306d\257mj\277\241\303\275\314\326\343\033;\363"
  95      64AF6D6A 
  95      BFA1C3BD 
  95      CCD6E31B 
  95      3BF3
  96 0344 03FCDA7A 		.ascii	"\003\374\332z\327\237\255\356,R\373w\300\316\333*v6"
  96      D79FADEE 
  96      2C52FB77 
  96      C0CEDB2A 
  96      7636
  97 0356 5CDA33AA 		.ascii	"\\\3323\252\307w\031\334iW\026\024\343\003\306\364l"
  97      C77719DC 
  97      69571614 
  97      E303C6F4 
  97      6C
  98 0367 4BAF0AC6 		.ascii	"K\257\012\306\323\214\251\315\0309\025\204\327j)\263"
  98      D38CA9CD 
  98      18391584 
  98      D76A29B3 
  99 0377 7EFCD6D1 		.ascii	"~\374\326\3210\274E\353\265\024\317gK\361\375\024w\277"
  99      30BC45EB 
  99      B514CF67 
  99      4BF1FD14 
  99      77BF
 100 0389 16E7B27B 		.ascii	"\026\347\262{G\326\336)\326\303\275p\250,\244X\006\303"
 100      47D6DE29 
 100      D6C3BD70 
 100      A82CA458 
 100      06C3
ARM GAS  /tmp/ccsNmjVb.s 			page 7


 101 039b D93278C2 		.ascii	"\3312x\302=zX\213\013\250,\327V\326\371\215\234\356"
 101      3D7A588B 
 101      0BA82CD7 
 101      56D6F98D 
 101      9CEE
 102 03ad BA671FD0 		.ascii	"\272g\037\320\222z\002f?\226\315\016\237\355\330\341"
 102      927A0266 
 102      3F96CD0E 
 102      9FEDD8E1 
 103 03bd 4251F786 		.ascii	"BQ\367\206\006-\013G\213\301\371ap>\\r\376\0218?$-\202"
 103      062D0B47 
 103      8BC1F961 
 103      703E5C72 
 103      FE11383F 
 104 03d4 BB0F9E0D 		.ascii	"\273\017\236\015\301\373\030\300P\316\203\015XQO\341"
 104      C1FB18C0 
 104      50CE830D 
 104      58514FE1 
 105 03e4 B49E9E02 		.ascii	"\264\236\236\002\300\210\014\360\004\371A\030UGH\316"
 105      C0880CF0 
 105      04F94118 
 105      554748CE 
 106 03f4 6E2F0DC2 		.ascii	"n/\015\302\245\014!\347\360\341\022\271+\2623~SC\020"
 106      A50C21E7 
 106      F0E112B9 
 106      2BB2337E 
 106      534310
 107 0407 C600E199 		.ascii	"\306\000\341\231\214\360\324\037\302su\204\334\202\201"
 107      8CF0D41F 
 107      C2737584 
 107      DC8281
 108 0416 37F00916 		.ascii	"7\360\011\026\317\364M\323G0\256dhc5_\236\220\027\270"
 108      CFF44DD3 
 108      4730AE64 
 108      6863355F 
 108      9E9017B8 
 109 042a 71F41A9A 		.ascii	"q\364\032\232\004\244\027\337\003iB\035\251{\347\343"
 109      04A417DF 
 109      0369421D 
 109      A97BE7E3 
 110 043a 512DAE67 		.ascii	"Q-\256gP\373\316\034i\013\304M\014j\252w\250\"t\026"
 110      50FBCE1C 
 110      690BC44D 
 110      0C6AAA77 
 110      A8227416 
 111 044e 6A02A066 		.ascii	"j\002\240f\000j\352{@M\253C=J\275\333'=\277\337 \315"
 111      006AEA7B 
 111      404DAB43 
 111      3D4ABDDB 
 111      273DBFDF 
 112 0464 92B36D19 		.ascii	"\222\263m\031nc\300CE\027\217\223%\326d@\377T\224\214"
 112      6E63C043 
 112      45178F93 
 112      25D66440 
 112      FF54948C 
 113 0478 8995CC0E 		.ascii	"\211\225\314\016\327\255\274 |\235\231\225[<^\310y\236"
 113      D7ADBC20 
ARM GAS  /tmp/ccsNmjVb.s 			page 8


 113      7C9D9995 
 113      5B3C5EC8 
 113      799E
 114 048a 387B52C4 		.ascii	"8{R\304\237\2559\006\220g\001\246\224t\304:\316D\246"
 114      9FAD3906 
 114      906701A6 
 114      9474C43A 
 114      CE44A6
 115 049d 51EC142E 		.ascii	"Q\354\024.\034%s\236\356\255\033\012\241O\331\265\234"
 115      1C25739E 
 115      EEAD1B0A 
 115      A14FD9B5 
 115      9C
 116 04ae 01A572B3 		.ascii	"\001\245r\263^\230\244\236X\237z0#\030\337f \273\\\317"
 116      5E98A49E 
 116      589F7A30 
 116      2318DF66 
 116      20BB5CCF 
 117 04c2 AB0CFE41 		.ascii	"\253\014\376A6\372\005\251I\3735}\314n\000\220\3652"
 117      36FA05A9 
 117      49FB357D 
 117      CC6E0090 
 117      F532
 118 04d4 08603294 		.ascii	"\010`2\224\236#7\316j\361C\206R_\336\371D\347\037e\223"
 118      9E2337CE 
 118      6AF14386 
 118      525FDEF9 
 118      44E71F65 
 119 04e9 5F94DEC1 		.ascii	"_\224\336\301\350\235WD\361M\224\0160i2\314\006\017"
 119      E89D5744 
 119      F14D940E 
 119      306932CC 
 119      060F
 120 04fb CCFEB687 		.ascii	"\314\376\266\207Y\2341M~\312QI\317\262\241A\2339\243"
 120      599C314D 
 120      7ECA5149 
 120      CFB2A141 
 120      9B39A3
 121 050e B4374ABE 		.ascii	"\2647J\276U\336\201\360\236\000\032\350\253\3435\023"
 121      55DE81F0 
 121      9E001AE8 
 121      ABE33513 
 122 051e 465C4419 		.ascii	"F\\D\031mYr\357^\310\1778\202Y\210U\001\331WiP6\250"
 122      6D5972EF 
 122      5EC87F38 
 122      82598855 
 122      01D95769 
 123 0535 CAE0B067 		.ascii	"\312\340\260g\227V \202\375\303\377$\303p\255\247g\225"
 123      97562082 
 123      FDC3FF24 
 123      C370ADA7 
 123      6795
 124 0547 A2C8046F 		.ascii	"\242\310\004o\310-\015\312\002_\\\034-\211\256\306\226"
 124      C82D0DCA 
 124      025F5C1C 
 124      2D89AEC6 
 124      96
ARM GAS  /tmp/ccsNmjVb.s 			page 9


 125 0558 549D4192 		.ascii	"T\235A\222\316|\225\364\203\222\201\216P/\257r\274\274"
 125      CE7C95F4 
 125      8392818E 
 125      502FAF72 
 125      BCBC
 126 056a CA9DF5EA 		.ascii	"\312\235\365\352\353\013)\305\301\370\020\363\352\326"
 126      EB0B29C5 
 126      C1F810F3 
 126      EAD6
 127 0578 D4DE3B81 		.ascii	"\324\336;\201\370(c\306\267\235\333\027\202\313\031"
 127      F82863C6 
 127      B79DDB17 
 127      82CB19
 128 0587 9355DA7A 		.ascii	"\223U\332zM\207+\031\323\363\325t\265\016\3270f\367"
 128      4D872B19 
 128      D3F3D574 
 128      B50ED730 
 128      66F7
 129 0599 CD278703 		.ascii	"\315'\207\003\261\2332\334\240k\177\031\254\333&%\362"
 129      B19B32DC 
 129      A06B7F19 
 129      ACDB2625 
 129      F2
 130 05aa 5F7E28AF 		.ascii	"_~(\257\302;\301\330\025F)\011\254]\2667\206\211\020"
 130      C23BC1D8 
 130      15462909 
 130      AC5DB637 
 130      868910
 131 05bd 8B1D9C11 		.ascii	"\213\035\234\021m\227\363\263\302\310\314\353Knh\327"
 131      6D97F3B3 
 131      C2C8CCEB 
 131      4B6E68D7 
 132 05cd E3730CEA 		.ascii	"\343s\014\352\311\243+/C\360\005\306\210/j\273t\270"
 132      C9A32B2F 
 132      43F005C6 
 132      882F6ABB 
 132      74B8
 133 05df 8D313772 		.ascii	"\21517r\307\373\202\360\025\3064]M\257\203G\004c\016"
 133      C7FB82F0 
 133      15C6345D 
 133      4DAF8347 
 133      04630E
 134 05f2 34F78901 		.ascii	"4\367\211\001\270\2131\325i\315/\365\270\2331\005\225"
 134      B88B31D5 
 134      69CD2FF5 
 134      B89B3105 
 134      95
 135 0603 EB930DB8 		.ascii	"\353\223\015\270\2171%3\243\031F|[\362\274\272\255\220"
 135      8F312533 
 135      A319467C 
 135      5BF2BCBA 
 135      AD90
 136 0615 63ED1701 		.ascii	"c\355\027\001\354!wz\023fK\370\036n\212\013\336\324"
 136      EC21777A 
 136      13664BF8 
 136      1E6E8A0B 
 136      DED4
ARM GAS  /tmp/ccsNmjVb.s 			page 10


 137 0627 DEB18B43 		.ascii	"\336\261\213C\021\364\230g\202\237B\342m_\335\343\225"
 137      11F49867 
 137      829F42E2 
 137      6D5FDDE3 
 137      95
 138 0638 3D97EF88 		.ascii	"=\227\357\210b\226\221:S\000\316\034\341\346\311\276"
 138      6296913A 
 138      5300CE1C 
 138      E1E6C9BE 
 139 0648 5FA0915F 		.ascii	"_\240\221_Bv\333t\202\273\366\232Q\314\264R\341B_\341"
 139      4276DB74 
 139      82BBF69A 
 139      51CCB452 
 139      E1425FE1 
 140 065c 522A5C82 		.ascii	"R*\\\202d\351+\262\364n_i\272\207W\252\356\220\205w"
 140      64E92BB2 
 140      F46E5F69 
 140      BA8757AA 
 140      EE908577 
 141 0670 A90B2B55 		.ascii	"\251\013+UW\312\322\373|\245\315\276\302\227e\341=\276"
 141      57CAD2FB 
 141      7CA5CDBE 
 141      C29765E1 
 141      3DBE
 142 0682 C2071556 		.ascii	"\302\007\025V\273\2446\020\221\0007\2404\017\000.\332"
 142      BBA43610 
 142      910037A0 
 142      340F002E 
 142      DA
 143 0693 2F4D8134 		.ascii	"/M\2014\243\243P\014\307\270\010t\030\250\014\350\020"
 143      A3A3500C 
 143      C7B80874 
 143      18A80CE8 
 143      10
 144 06a4 D071A0AF 		.ascii	"\320q\240\257\200J\200J\201\212\271\010\332:\254VF\267"
 144      804A804A 
 144      818AB908 
 144      DA3AAC56 
 144      46B7
 145 06b6 1A49AD80 		.ascii	"\032I\255\200\002\215T(\232Y\273N_\233\237/\272S1\265"
 145      028D5428 
 145      9A59BB4E 
 145      5F9B9F2F 
 145      BA5331B5 
 146 06ca AC48D50D 		.ascii	"\254H\325\015E\200Ze/\366\252{\241\020\256\226\205\277"
 146      45805A65 
 146      2FF6AA7B 
 146      A110AE96 
 146      85BF
 147 06dc 544F1415 		.ascii	"TO\024\025\206R\251\031/\310\016\362\352;\245\260\006"
 147      8652A919 
 147      2FC80EF2 
 147      EA3BA5B0 
 147      06
 148 06ed 9D98EDBB 		.ascii	"\235\230\355\273\236\352\302\261\020\274CG\012\016\347"
 148      9EEAC2B1 
 148      10BC4347 
ARM GAS  /tmp/ccsNmjVb.s 			page 11


 148      0A0EE7
 149 06fc 97F63E0F 		.ascii	"\227\366>\017B\021\246y\254\222z\007?.\356a\225\004"
 149      4211A679 
 149      AC927A07 
 149      3F2EEE61 
 149      9504
 150 070e 13503E60 		.ascii	"\023P>`\236Rw\206\205\245,\215\206\345\224wX\\\322>"
 150      9E527786 
 150      85A52C8D 
 150      86E59477 
 150      585CD23E 
 151 0722 8826407E 		.ascii	"\210&@~\037\222\224\221\004T@\002\312\245\000\223\036"
 151      1F929491 
 151      04544002 
 151      CAA50093 
 151      1E
 152 0733 481E1CC2 		.ascii	"H\036\034\302\270\230\232\204\036\014\224tp\370+\306"
 152      B8989A84 
 152      1E0C9474 
 152      70F82BC6 
 153 0743 ECE8ADEF 		.ascii	"\354\350\255\357\221\366\365g\011_\336\233\263\321("
 153      91F6F567 
 153      095FDE9B 
 153      B3D128
 154 0752 75047913 		.ascii	"u\004y\023\034|\376\274C\207O1\341\262\231\342u\030"
 154      1C7CFEBC 
 154      43874F31 
 154      E1B299E2 
 154      7518
 155 0764 D732E665 		.ascii	"\3272\346e\321\245\353z\334\310\230\257\247:w\030p+"
 155      D1A5EB7A 
 155      DCC898AF 
 155      A73A7718 
 155      702B
 156 0776 657E3571 		.ascii	"e~5q/\365q\010\212\230\007\375c\234'\375'\377L&r\202"
 156      2FF57108 
 156      8A9807FD 
 156      639C27FD 
 156      27FF4C26 
 157 078c DFF9EC4E 		.ascii	"\337\371\354N\004t\230\321H\332\314\0241{\300m\223\211"
 157      047498D1 
 157      48DACC14 
 157      317BC06D 
 157      9389
 158 079e 05EBC9F3 		.ascii	"\005\353\311\363\337\266\214\260`\221\027\230:x\352"
 158      DFB68CB0 
 158      60911798 
 158      3A78EA
 159 07ad D62B8355 		.ascii	"\326+\203U\353\257&\253\241&\253HMVrl\012\011\3118\204"
 159      EBAF26AB 
 159      A126AB48 
 159      4D56726C 
 159      0A09C938 
 160 07c2 640CEAEE 		.ascii	"d\014\352\3569\3203\240\247@\243@#@"
 160      39D033A0 
 160      A740A340 
 160      2340
ARM GAS  /tmp/ccsNmjVb.s 			page 12


 161 07d0 4F808681 		.ascii	"O\200\206\201\036\003=\002\272\001t\025\350\"\320\327"
 161      1E033D02 
 161      BA017415 
 161      E822D0D7 
 162 07e0 40DF009D 		.ascii	"@\337\000\235\005:#\205\224\025\317\325\354\037\263"
 162      053A2385 
 162      9415CFD5 
 162      EC1FB3
 163 07ef BA8475AF 		.ascii	"\272\204u\257\206\3631\356\210o\251U\264\2073i\362\266"
 163      86F331EE 
 163      886FA955 
 163      B4873369 
 163      F2B6
 164 0801 77CCD797 		.ascii	"w\314\327\227\243sV\205\335\036\355\015P(5\352\362T"
 164      A3735685 
 164      DD1EED0D 
 164      502835EA 
 164      F254
 165 0813 BDB2261B 		.ascii	"\275\262&\033\275j\262\201\325\244Wl\212\341.i\003T"
 165      BD6AB281 
 165      D5A4576C 
 165      8AE12E69 
 165      0354
 166 0825 0716374A 		.ascii	"\007\0267J\261\231\204\330L\200\177\315@MJ\037\373\206"
 166      B19984D8 
 166      4C807FCD 
 166      404D4A1F 
 166      FB86
 167 0837 C712F252 		.ascii	"\307\022\362R\304\246\305\350\034X\321\200\260\027\202"
 167      C4A6C5E8 
 167      1C58D180 
 167      B01782
 168 0846 D75AA634 		.ascii	"\327Z\2464\343\274\227\031\347\276\313\214\227\000\375"
 168      E3BC9719 
 168      E7BECB8C 
 168      9700FD
 169 0855 4A33DCE3 		.ascii	"J3\334\343\274\270Q\207Z\300\206\257\324m\230\023\211"
 169      BCB85187 
 169      5AC086AF 
 169      D46D9813 
 169      89
 170 0866 0B5E2690 		.ascii	"\013^&\220\231\254\177\324\013\345\005 \377\207\012"
 170      99AC7FD4 
 170      0BE50520 
 170      FF870A
 171 0875 452485FC 		.ascii	"E$\205\374q\363H*-\344K\000\362\215\224\314\331M\316"
 171      71F3482A 
 171      2DE44B00 
 171      F28D94CC 
 171      D94DCE
 172 0888 197F853C 		.ascii	"\031\177\205<+q\005lj\223\354k\207\353\313\200\321\352"
 172      2B71056C 
 172      6A93EC6B 
 172      87EBCB80 
 172      D1EA
 173 089a 15A1F634 		.ascii	"\025\241\3664\251\\\210\253M\200\320\346g\255g\000n"
 173      A95C88AB 
ARM GAS  /tmp/ccsNmjVb.s 			page 13


 173      4D80D0E6 
 173      67AD6700 
 173      6E
 174 08ab 1F804669 		.ascii	"\037\200Fi\206\177\200\326\363t\251l\221\352`\256z\305"
 174      867F80D6 
 174      F374A96C 
 174      91EA60AE 
 174      7AC5
 175 08bd B255C796 		.ascii	"\262U\307\226\2556\357eK\332\267M\374\266 k\015\354"
 175      AD36EF65 
 175      4BDAB74D 
 175      FCB6206B 
 175      0DEC
 176 08cf DB4828CE 		.ascii	"\333H(\316\311;i\",\007l\345y\251\363;@\352\274o\365"
 176      C93B6922 
 176      2C076CE5 
 176      79A9F33B 
 176      40EABC6F 
 177 08e4 9F9173AE 		.ascii	"\237\221s\256\276\026v\201\013\327%w:\341\372\232\227"
 177      BE167681 
 177      0BD72577 
 177      3AE1FA9A 
 177      97
 178 08f5 2B65CA58 		.ascii	"+e\312X\021g\256\253;\243\256\273Y\232\340\253\233\271"
 178      1167AEAB 
 178      3BA3AEBB 
 178      599AE0AB 
 178      9BB9
 179 0907 7E8CB97E 		.ascii	"~\214\271~]\335\365\377\311\317$\256\023\247Zd\327\257"
 179      5DDDF5FF 
 179      C9CF24AE 
 179      13A75A64 
 179      D7AF
 180 0919 7BB99E74 		.ascii	"{\271\236tNr\375&7\037]\364u\375\202\242V\262\324\354"
 180      4E72FD26 
 180      371F5DF4 
 180      75FD82A2 
 180      56B2D4EC 
 181 092d D3D079C4 		.ascii	"\323\320y\304\270!0\356!\344\361\001\320}\240\001\240"
 181      B82130EE 
 181      21E4F101 
 181      D07DA001 
 181      A0
 182 093e BB40BD40 		.ascii	"\273@\275@=@\335^A\251\274L\363KV\332K\000J\224\370"
 182      3D40DD5E 
 182      41A9BC4C 
 182      F34B56DA 
 182      4B004A94 
 183 0953 7DC66ECF 		.ascii	"}\306n\317R\254M\255\257\222\036\277D5\367\201l\233"
 183      52AC4DAD 
 183      AF921EBF 
 183      4435F781 
 183      6C9B
 184 0965 7F5965F3 		.ascii	"\177Ye\363\366{5o\237\312\372\321\017w\373\210\202^"
 184      F67B356F 
 184      9FCAFAD1 
 184      0F77FB88 
ARM GAS  /tmp/ccsNmjVb.s 			page 14


 184      825E
 185 0977 D0D82F65 		.ascii	"\320\330/e\343\0168|\033\034\273\345\325}c\223I[\017"
 185      E30E387C 
 185      1B1CBBE5 
 185      D57D6393 
 185      495B0F
 186 098a AC231690 		.ascii	"\254#\026\220O\026\227%y\265\365\203\312\273\273\002"
 186      4F169725 
 186      79B5F583 
 186      CABBBB02 
 187 099a C85A43AA 		.ascii	"\310ZC\252\263G\222\235\355\022\337:\357\334\213H\262"
 187      B347929D 
 187      ED12DF3A 
 187      EFDC8B48 
 187      B2
 188 09ab FBE7EC5A 		.ascii	"\373\347\354Zh\"\377\267VJ$\371\004q\353UQ\252\311\220"
 188      6822FFB7 
 188      564A24F9 
 188      0471EB55 
 188      51AAC990 
 189 09bf 623A0871 		.ascii	"b:\010q\032\370~q\372\026D\3458\015\2628\371[\005\321"
 189      1AF87E71 
 189      FA1644E5 
 189      380DB238 
 189      F95B05D1 
 190 09d3 3D088FBC 		.ascii	"=\010\217\274\020zJr\345\266\353\344-\212\250\032\224"
 190      107A4A72 
 190      E5B6EBE4 
 190      2D8AA81A 
 190      94
 191 09e4 4BB285EA 		.ascii	"K\262\205\352\362<\207\223\252\2372O\340I\367\355w:"
 191      F23C8793 
 191      AA9F324F 
 191      E049F7ED 
 191      773A
 192 09f6 0241715D 		.ascii	"\002Aq]\222\036t\304\355{\257\222\036\271H\213\203\310"
 192      921E74C4 
 192      ED7BAF92 
 192      1EB9488B 
 192      83C8
 193 0a08 DEF72FCB 		.ascii	"\336\367/\313\302}\365\"\0157\310\314\335$N5\207\347"
 193      C27DF522 
 193      0D37C8CC 
 193      DD244E35 
 193      87E7
 194 0a1a 89EE3598 		.ascii	"\211\3565\230~ux(u\215\364\"\305z\346\201\342\341:\322"
 194      7E757828 
 194      758DF422 
 194      C57AE681 
 194      E2E13AD2 
 195 0a2e 1C2C1E5D 		.ascii	"\034,\036]I\277\033\214\253\311.\223E\273\230(y\357"
 195      49BF1B8C 
 195      ABC92E93 
 195      45BB9828 
 195      79EF
 196 0a40 7FA926AA 		.ascii	"\177\251&\252Ha[\272\224Bx\265Dk|w\004sw\347\273\232"
 196      48615BBA 
ARM GAS  /tmp/ccsNmjVb.s 			page 15


 196      944278B5 
 196      446B7C77 
 196      047377E7 
 197 0a56 A9EFF0CA 		.ascii	"\251\357\360\312\206\266\250K+\224g6\317\256\277[}\205"
 197      86B6A84B 
 197      2B946736 
 197      CFAEBF5B 
 197      7D85
 198 0a68 95BB7326 		.ascii	"\225\273s&=-\257\326y\352\322\212\034L\236\2272F\266"
 198      3D2DAFD6 
 198      79EAD28A 
 198      1C4C9E97 
 198      3246B6
 199 0a7b 8FDB7CC5 		.ascii	"\217\333|\305\347\276\260\2143\345d#sZ]Z\241\374\371"
 199      E7BEB08C 
 199      33E56423 
 199      735A5D5A 
 199      A1FCF9
 200 0a8e 8744D6D3 		.ascii	"\207D\326\323N\365\337\325N\317\330\332Y\257\276v&\035"
 200      4EF5DFD5 
 200      4ECFD8DA 
 200      59AFBE76 
 200      261D
 201 0aa0 A0DF1D49 		.ascii	"\240\337\035II\327\312\257\223\365\312\265s\354\343"
 201      49D7CAAF 
 201      93F5CAB5 
 201      73ECE3
 202 0aaf BC03A212 		.ascii	"\274\003\242\022\256\361\273\340F\255\004\255Q\005\315"
 202      AEF1BBE0 
 202      46AD04AD 
 202      5105CD
 203 0abe DD799756 		.ascii	"\335y\227V\032\331\307\270e\254F\212Ev\311\233\356u"
 203      1AD9C7B8 
 203      65AC468A 
 203      4576C99B 
 203      EE75
 204 0ad0 EBDEFA52 		.ascii	"\353\336\372R\334\263G\354{6\035\355\372\022@\021\225"
 204      DCB347EC 
 204      7B361DED 
 204      FA124011 
 204      95
 205 0ae1 3EC05A68 		.ascii	">\300Zhv\177\243!#\360;\305\275E\336\265\237\326\344"
 205      767FA321 
 205      23F03BC5 
 205      BD45DEB5 
 205      9FD6E4
 206 0af4 E8F1ED40 		.ascii	"\350\361\355@\272g\376ff\314\035\306\266\336\234\342"
 206      BA67FE66 
 206      66CC1DC6 
 206      B6DE9CE2 
 207 0b04 FBFE7CF6 		.ascii	"\373\376|\366}\177mE\306\014\306\217\231h\321\304\344"
 207      7D7F6D45 
 207      C60CC68F 
 207      9968D1C4 
 207      E4
 208 0b15 30794F5D 		.ascii	"0yO]@>Tc\305\307\241\005\354\343P]\363\271\375F<J\205"
 208      403E5463 
ARM GAS  /tmp/ccsNmjVb.s 			page 16


 208      C5C7A105 
 208      ECE3505D 
 208      F3B9FD46 
 209 0b2c B97DEEE4 		.ascii	"\271}\356\344\265\310\363EEL\021\015\007Ci\361\243\031"
 209      B5C8F345 
 209      454C110D 
 209      074369F1 
 209      A319
 210 0b3e B2D35987 		.ascii	"\262\323Y\207Md\026\373\240\202\303Q2\226\277\015}H"
 210      4D6416FB 
 210      A082C351 
 210      3296BF0D 
 210      7D48
 211 0b50 BF3CAEC5 		.ascii	"\277<\256\305\006\224\212g\235^ }N\251u\335\0300\340"
 211      06948A67 
 211      9D5E207D 
 211      4EA975DD 
 211      1830E0
 212 0b63 6986513C 		.ascii	"i\206Q<\334R\032\346\027c\243_\214\232\264\005\354\323"
 212      DC521AE6 
 212      1763A35F 
 212      8C9AB405 
 212      ECD3
 213 0b75 1060AC97 		.ascii	"\020`\254\2271\000Rz\313\312\355\232\324\342\365z\352"
 213      3100527A 
 213      CBCAED9A 
 213      D4E2F57A 
 213      EA
 214 0b86 55FBE8C8 		.ascii	"U\373\350\310K\214\323\0313v\340\344:\016\273(\243;"
 214      4B8CD319 
 214      3376E0E4 
 214      3A0EBB28 
 214      A33B
 215 0b98 5971AC19 		.ascii	"Yq\254\031\303{:y\207`k\324\215\302\377k\236\350\023"
 215      C37B3A79 
 215      87606BD4 
 215      8DC2FF6B 
 215      9EE813
 216 0bab C53423D5 		.ascii	"\3054#\325\275\011tg\340y\262I\245\276\275\332\221e"
 216      BD097467 
 216      E079B249 
 216      A5BEBDDA 
 216      9165
 217 0bbd 145B5752 		.ascii	"\024[WR\3414_\3419\273%\237\207\216\206\212\2234g\201"
 217      E1345FE1 
 217      39BB259F 
 217      878E868A 
 217      93346781 
 218 0bd1 A72E1C81 		.ascii	"\247.\034\201\266\000e\002m\306\312Gj\217\214\261F\025"
 218      B6006502 
 218      6DC6CA47 
 218      6A8F8CB1 
 218      4615
 219 0be3 43C48A57 		.ascii	"C\304\212WQ\366\374%\177\233J\227\204\375.\204'/\323"
 219      51F6FC25 
 219      7F9B4A97 
 219      84FD2E84 
ARM GAS  /tmp/ccsNmjVb.s 			page 17


 219      272FD3
 220 0bf6 46011965 		.ascii	"F\001\031e\351B\224Z\356U<\016\301\027i\224\270\315"
 220      E942945A 
 220      EE553C0E 
 220      C1176994 
 220      B8CD
 221 0c08 BB4AAA43 		.ascii	"\273J\252C\320<\223\372\2033\027L\177\225\033\014\355"
 221      D03C93FA 
 221      8333174C 
 221      7F951B0C 
 221      ED
 222 0c19 C565DA0C 		.ascii	"\305e\332\0149 \234-\347\214\2003\314\242u-!\363$\020"
 222      39209C2D 
 222      E78C8033 
 222      CCA2752D 
 222      21F32410 
 223 0c2d B75F108D 		.ascii	"\267_\020\215*\002\371\263D\312\306[zh\246\243\264\231"
 223      2A02F9B3 
 223      44CAC65B 
 223      7A68A6A3 
 223      B499
 224 0c3f 4CA55050 		.ascii	"L\245PPAh+L\232f\235\247\010;\031\371\224\323\240<\374"
 224      41682B4C 
 224      9A669DA7 
 224      083B19F9 
 224      94D3A03C 
 225 0c54 96264870 		.ascii	"\226&HpXm\274%NH\322\377\376\217+\336\\\376\376\373"
 225      586DBC25 
 225      4E48D2FF 
 225      FE8F2BDE 
 225      5CFEFEFB 
 226 0c68 9A80F8D5 		.ascii	"\232\200\370\325v\336\241w\360\326\330\004GL\274\301"
 226      76DEA177 
 226      F0D6D804 
 226      474CBCC1 
 227 0c78 62498CB1 		.ascii	"bI\214\261\013\313\226Z\204\025\346D\247\303\274*\306"
 227      0BCB965A 
 227      8415E644 
 227      A7C3BC2A 
 227      C6
 228 0c89 6E8EB2D9 		.ascii	"n\216\262\331\026Z\035q\013\355\361v~!o]\025\263\360"
 228      165A1D71 
 228      0BEDF176 
 228      7E216F5D 
 228      15B3F0
 229 0c9c 9796B717 		.ascii	"\227\226\267\027.]\274\344\235\277/5{\3350\307\330m"
 229      2E5DBCE4 
 229      9DBF2F35 
 229      7BDD30C7 
 229      D86D
 230 0cae B18991BC 		.ascii	"\261\211\221\2749\316j\213\216\261\363fK$\377\23151"
 230      39CE6A8B 
 230      8EB1F366 
 230      4B24FF99 
 230      3531
 231 0cc0 56B0085F 		.ascii	"V\260\010_$\360\316E\321\032\275G\375\207\377\216z\347"
 231      24F0CE45 
ARM GAS  /tmp/ccsNmjVb.s 			page 18


 231      D11ABD47 
 231      FD87FF8E 
 231      7AE7
 232 0cd2 174EB3C5 		.ascii	"\027N\263\305)D\202.\320\031(\020\323-\302\273\313\243"
 232      2944822E 
 232      D0192810 
 232      D32DC2BB 
 232      CBA3
 233 0ce4 6356C5FC 		.ascii	"cV\305\374\351\023s\274\323l\213\217\213\213\267\233"
 233      E91373BC 
 233      D36C8B8F 
 233      8B8BB79B 
 234 0cf4 13E21D82 		.ascii	"\023\342\035\202\323\374\301\237?Z\376Q\022\031K\210"
 234      D3FCC19F 
 234      3F5AFE51 
 234      12194B88 
 235 0d04 89E51D4E 		.ascii	"\211\345\035N\363\357\227/7\333\242=6\005B@bc\234\202"
 235      F3EF972F 
 235      37DBA23D 
 235      36054240 
 235      62639C82 
 236 0d18 9E4FE0ED 		.ascii	"\236O\340\355\2403*\230\377\234\267\013qV\347\337,\202"
 236      A0332A98 
 236      FF9CB70B 
 236      7156E7DF 
 236      2C82
 237 0d2a 3ECE19F5 		.ascii	">\316\031\365\367D>\221\327\332\371$\3415[\264E\210"
 237      F7443E91 
 237      D7DAF924 
 237      E1355BB4 
 237      4588
 238 0d3c 8668453A 		.ascii	"\206hE:-l4\301\301\177\036\3465d\021\002W[c\004\320"
 238      2D6C34C1 
 238      C17F1EE6 
 238      35641102 
 238      575B6304 
 239 0d51 13A69026 		.ascii	"\023\246\220&\000\241J\306\"\240D\035\277\232\240\350"
 239      00A14AC6 
 239      22A0441D 
 239      BF9AA0E8 
 240 0d61 560B6042 		.ascii	"V\013`B\002\234\234|\\\002\266\331\205 \213E\212S\240"
 240      029C9C7C 
 240      5C02B6D9 
 240      85208B45 
 240      8A53A0
 241 0d74 740E8051 		.ascii	"t\016\200Q\370\245\010F\320\013\222\326\204\350x\007"
 241      F8A50846 
 241      D00B92D6 
 241      84E87807 
 242 0d84 1FE824B6 		.ascii	"\037\350$\266:\243\002\200@`\265 8\022^g@\026\007\377"
 242      3AA30280 
 242      4060B520 
 242      38125E67 
 242      401607FF 
 243 0d98 19EFE0ED 		.ascii	"\031\357\340\355\220s\001\224\307\257\372k\202\236O"
 243      90730194 
 243      C7AFFA6B 
ARM GAS  /tmp/ccsNmjVb.s 			page 19


 243      829E4F
 244 0da7 8A116CF1 		.ascii	"\212\021l\361\221\274\316\021\371\005\314\320\202\210"
 244      91BCCE11 
 244      F905CCD0 
 244      8288
 245 0db5 338865FD 		.ascii	"3\210e\375=@\363\234\0052\016\352>\213\265F9\003\205"
 245      3D40F39C 
 245      05320EEA 
 245      3E8BB546 
 245      390385
 246 0dc8 3898019C 		.ascii	"8\230\001\234S\260\012\274^\240'\242\322\272\312\352"
 246      53B00ABC 
 246      5EA027A2 
 246      D2BACAEA 
 247 0dd8 E4A59A79 		.ascii	"\344\245\232y\347m\010\226\347\302\340\024\376f\215"
 247      E76D0896 
 247      E7C2E014 
 247      FE668D
 248 0de7 8D89B25B 		.ascii	"\215\211\262[\004\323\253\262\022m\003/ \015Z\2735\216"
 248      04D3ABB2 
 248      126D032F 
 248      200D5ABB 
 248      358E
 249 0df9 D7DAA2AD 		.ascii	"\327\332\242\255\216\200\370\330H\336\021`\347W\363"
 249      8E80F8D8 
 249      48DE1160 
 249      E757F3
 250 0e08 0E6C1392 		.ascii	"\016l\023\2228g\002\027K\2124\012\312\301\"`\307\222"
 250      38670217 
 250      4B8A340A 
 250      CAC12260 
 250      C792
 251 0e1a 25408B39 		.ascii	"%@\2139\307\373\234\343=\316\361.\347x\207s\374\222"
 251      C7FB9CE3 
 251      3DCEF12E 
 251      E7788773 
 251      FC92
 252 0e2c 73BC1D4C 		.ascii	"s\274\035L4\223\310\301\244\377\372^\270\226\317\337"
 252      3493C8C1 
 252      A4FFFA5E 
 252      B896CFDF 
 253 0e3c 8D036C23 		.ascii	"\215\003l#\235h\213\267\013\220d-)\247\240\331\334\005"
 253      9D688BB7 
 253      0B90642D 
 253      29A7A0D9 
 253      DC05
 254 0e4e C425C4C7 		.ascii	"\304%\304\307\307\352\245\220\012z\270\021\227\010r"
 254      C7EAA590 
 254      0A7AB811 
 254      970872
 255 0e5d 81F4D722 		.ascii	"\201\364\327\"\374T\001\344\020fk\324\026\355\264EG"
 255      FC5401E4 
 255      10666BD4 
 255      16EDB445 
 255      47
 256 0e6e 82EE9FF8 		.ascii	"\202\356\237\370\273\0179\207\333?\367;\375\013\247"
 256      BB0F3987 
ARM GAS  /tmp/ccsNmjVb.s 			page 20


 256      DB3FF73B 
 256      FD0BA7
 257 0e7d A742FDAA 		.ascii	"\247B\375\252\200* M\025\311\257J\214Zd\323\004'Z\231"
 257      802A204D 
 257      15C9AF4A 
 257      8C5A64D3 
 257      04275A99 
 258 0e91 1B9FC544 		.ascii	"\033\237\305Da\233c\251\224\232%\357H\251!\0270\276"
 258      619B63A9 
 258      949A25EF 
 258      48A92117 
 258      30BE
 259 0ea3 24C099C0 		.ascii	"$\300\231\300\363\221p\265\354=\205\346hk\254\024\242"
 259      F39170B5 
 259      EC3D85E6 
 259      686BAC14 
 259      A2
 260 0eb4 4F3EFD68 		.ascii	"O>\375h\331R\363\037\376\360;\363\212O>\370\363\247"
 260      D952F31F 
 260      FEF03BF3 
 260      8A4F3EF8 
 260      F3A7
 261 0ec6 9F2F21F7 		.ascii	"\237/!\367\240\344\0341p\212\215%^\031?\241\334r\212"
 261      A0E41C31 
 261      708A8D25 
 261      5E193FA1 
 261      DC728A
 262 0ed9 F52F8E0A 		.ascii	"\365/\216\012\374#"
 262      FC23
 263              		.text
 264              		.section	.gnu.lto_.symtab.4f75e3fc00dde600,"",%progbits
 265 0000 74726163 		.ascii	"trace_mtx\000"
 265      655F6D74 
 265      7800
 266 000a 00       		.ascii	"\000"
 267 000b 00       		.ascii	"\000"
 268 000c 00       		.ascii	"\000"
 269 000d 00000000 		.ascii	"\000\000\000\000\000\000\000\000"
 269      00000000 
 270 0015 7D010000 		.ascii	"}\001\000\000"
 271 0019 75617274 		.ascii	"uart_config\000"
 271      5F636F6E 
 271      66696700 
 272 0025 00       		.ascii	"\000"
 273 0026 00       		.ascii	"\000"
 274 0027 00       		.ascii	"\000"
 275 0028 00000000 		.ascii	"\000\000\000\000\000\000\000\000"
 275      00000000 
 276 0030 97010000 		.ascii	"\227\001\000\000"
 277              		.text
 278              		.section	.gnu.lto_.opts,"",%progbits
 279 0000 272D6666 		.ascii	"'-ffp-contract=off' '-fmath-errno' '-fsigned-zeros'"
 279      702D636F 
 279      6E747261 
 279      63743D6F 
 279      66662720 
 280 0033 20272D66 		.ascii	" '-ftrapping-math' '-fno-trapv' '-fno-openmp' '-fno"
ARM GAS  /tmp/ccsNmjVb.s 			page 21


 280      74726170 
 280      70696E67 
 280      2D6D6174 
 280      68272027 
 281 0066 2D6F7065 		.ascii	"-openacc' '-mcpu=cortex-m4' '-mno-thumb-interwork' "
 281      6E616363 
 281      2720272D 
 281      6D637075 
 281      3D636F72 
 282 0099 272D6D74 		.ascii	"'-mthumb' '-ggdb' '-O2' '-fomit-frame-pointer' '-fa"
 282      68756D62 
 282      2720272D 
 282      67676462 
 282      2720272D 
 283 00cc 6C69676E 		.ascii	"lign-functions=16' '-ffunction-sections' '-fdata-se"
 283      2D66756E 
 283      6374696F 
 283      6E733D31 
 283      36272027 
 284 00ff 6374696F 		.ascii	"ctions' '-fno-common' '-flto'\000"
 284      6E732720 
 284      272D666E 
 284      6F2D636F 
 284      6D6D6F6E 
 285              		.text
 286              		.comm	__gnu_lto_v1,1,1
 287              		.comm	__gnu_lto_slim,1,1
 288              		.ident	"GCC: (GNU Tools for ARM Embedded Processors) 5.4.1 20160609 (release) [ARM/embedded-5-bran
ARM GAS  /tmp/ccsNmjVb.s 			page 22


DEFINED SYMBOLS
                            *ABS*:00000000 debug.c
                            *COM*:00000001 __gnu_lto_v1
                            *COM*:00000001 __gnu_lto_slim

NO UNDEFINED SYMBOLS
