ARM GAS  /tmp/ccgsnTFi.s 			page 1


   1              		.syntax unified
   2              		.cpu cortex-m4
   3              		.fpu softvfp
   4              		.eabi_attribute 20, 1
   5              		.eabi_attribute 21, 1
   6              		.eabi_attribute 23, 3
   7              		.eabi_attribute 24, 1
   8              		.eabi_attribute 25, 1
   9              		.eabi_attribute 26, 1
  10              		.eabi_attribute 30, 2
  11              		.eabi_attribute 34, 1
  12              		.eabi_attribute 18, 4
  13              		.thumb
  14              		.syntax unified
  15              		.file	"hal.c"
  16              		.text
  17              	.Ltext0:
  18              		.section	.gnu.lto_.profile.520c796e19ee6df7,"",%progbits
  19 0000 789C6361 		.ascii	"x\234ca`d`e`\000\222\255\214\374\000\002\036\000\241"
  19      60646065 
  19      600092AD 
  19      8CFC0002 
  19      1E00A1
  20              		.text
  21              		.section	.gnu.lto_.icf.520c796e19ee6df7,"",%progbits
  22 0000 789C6361 		.ascii	"x\234ca`d\000\001\016\006\004`dh\335vg>7\003\000\015"
  22      60640001 
  22      0E060460 
  22      6468DD76 
  22      673E3703 
  23 0016 5D02D0   		.ascii	"]\002\320"
  24              		.text
  25              		.section	.gnu.lto_.jmpfuncs.520c796e19ee6df7,"",%progbits
  26 0000 789C6361 		.ascii	"x\234ca`d\000\001#\006\004`d@\001L\214\177\231\030\233"
  26      60640001 
  26      23060460 
  26      6440014C 
  26      8C7F9918 
  27 0015 7FEDFFCC 		.ascii	"\177\355\377\314W\377\267aFC\203@+3C'3H\335r\306z\006"
  27      57FFB761 
  27      46438340 
  27      2B334327 
  27      3348DD72 
  28 002c 4616200B 		.ascii	"F\026 \013\000\370\215\012^"
  28      00F88D0A 
  28      5E
  29              		.text
  30              		.section	.gnu.lto_.inline.520c796e19ee6df7,"",%progbits
  31 0000 789C6361 		.ascii	"x\234ca`d\000\201p\006\004\000\212\010\2662220\001\331"
  31      60640081 
  31      70060400 
  31      8A08B632 
  31      32323001 
  32 0015 6C0BE499 		.ascii	"l\013\344\231\300b\\d\021L\334 \343\300L\006\000\244"
  32      C0625C64 
  32      114CDC20 
  32      E3C04C06 
ARM GAS  /tmp/ccgsnTFi.s 			page 2


  32      00A4
  33 0027 160251   		.ascii	"\026\002Q"
  34              		.text
  35              		.section	.gnu.lto_.pureconst.520c796e19ee6df7,"",%progbits
  36 0000 789C6361 		.ascii	"x\234ca`d`f`\000\222\022\000\000p\000\""
  36      60646066 
  36      60009212 
  36      00007000 
  36      22
  37              		.text
  38              		.section	.gnu.lto_halInit.520c796e19ee6df7,"",%progbits
  39 0000 789C75D2 		.ascii	"x\234u\322O/\003A\024\000\360\367f\266\273m\2658\022"
  39      4F2F0341 
  39      1400F0F7 
  39      66B6BB6D 
  39      B53812
  40 0013 0E2E0EBD 		.ascii	"\016.\016\275\250\357\340\346\"\341\023\340BH$|\200"
  40      A8EFE0E6 
  40      22E113E0 
  40      4248247C 
  40      80
  41 0024 9DDA6E70 		.ascii	"\235\332np\023\011\221&\364\330Vi\375-{a\343\346BB\""
  41      13099126 
  41      F4D85669 
  41      FD2D7B61 
  41      E3E64242 
  42 0039 4422E220 		.ascii	"D\"\342 \"\016\004\027I\2557Kd\016\346%\233\231\235"
  42      220E0417 
  42      49AD374B 
  42      640EE625 
  42      9B999D
  43 004c F79B376F 		.ascii	"\367\2337o\2221\000AF\202\003\264\301\317\207\034\220"
  43      92310041 
  43      468203B4 
  43      C1CF871C 
  43      90
  44 005d CD9F0264 		.ascii	"\315\237\002d\242\014QND\024\301fh\343\007\2533<\236"
  44      A20C514E 
  44      4414C166 
  44      68E307AB 
  44      333C9E
  45 0070 79F058AA 		.ascii	"y\360X\252 (\356\334U.\212>\272\264=`a%\300\002\246"
  45      2028EEDC 
  45      552E8A3E 
  45      BAB43D60 
  45      6125C002 
  46 0085 80D8FDD6 		.ascii	"\200\330\375\326\327b\322\314J\326\361\223\304\"\232"
  46      D762D2CC 
  46      4AD6F193 
  46      C4229A
  47 0094 F2B86ABF 		.ascii	"\362\270j\277/\202\300\021\342\272\273\324\331\004\360"
  47      2F82C011 
  47      E2BABBD4 
  47      D904F0
  48 00a3 424979CC 		.ascii	"BIy\314+cr\344\217\350\370\365\244\324\262\216\347="
  48      2B6372E4 
  48      8FE8F8F5 
ARM GAS  /tmp/ccgsnTFi.s 			page 3


  48      A4D4B28E 
  48      E73D
  49 00b5 DF58765D 		.ascii	"\337Xv]\314\012\321\354r\014\030\225\300\022\332\340"
  49      CC0AD1EC 
  49      720C1895 
  49      C012DAE0 
  50 00c5 72068F98 		.ascii	"r\006\217\230\365\027\314\377)\017\250\036\340\032Q"
  50      F517CCFF 
  50      290FA81E 
  50      E01A51
  51 00d4 CA2DB9C7 		.ascii	"\312-\271\307g\326;s\271\201\362\327\371<zk$\272\034"
  51      67D63B73 
  51      B981F2D7 
  51      F93C7A6B 
  51      24BA1C
  52 00e7 52638E2E 		.ascii	"Rc\216. \227Or\345\261<\256d\346\303\345\010\256\323"
  52      20974F72 
  52      E5B13CAE 
  52      64E6C3E5 
  52      08AED3
  53 00fa A5CBD81E 		.ascii	"\245\313\330\036\346\202\247\355J\214\266\264\310\032"
  53      E682A7ED 
  53      4A8CB6B4 
  53      C81A
  54 0108 1B98C7F0 		.ascii	"\033\230\307\360X\254\240\355r\023d\323\313\232N\250"
  54      58ACA0ED 
  54      721364D3 
  54      CB9A4EA8 
  55 0118 69AA8FD5 		.ascii	"i\252\217\325\277\246\035\377RO\015\242\233\012\315"
  55      BFA61DFF 
  55      524F0DA2 
  55      9B0ACD
  56 0127 595A1A21 		.ascii	"YZ\032!\272\245\320\232\236\232D\267\025z\256\247\026"
  56      BAA5D09A 
  56      9E9A44B7 
  56      157AAEA7 
  56      16
  57 0138 D11D855E 		.ascii	"\321\035\205^\351i\224\350\256Bo\3654FtO\241\357z\032"
  57      E96994E8 
  57      AE426FF5 
  57      3446744F 
  57      A1EF7A1A 
  58 014c 275A53E8 		.ascii	"'ZS\350\247\2366\020\335W\350f\\K\023D\017\024z\250"
  58      A79E3610 
  58      DD57E866 
  58      5C4B1344 
  58      0F147AA8 
  59 0160 A749A2DE 		.ascii	"\247I\242\336/}\302i\377\2427\2442^\350\375\321#\245"
  59      2F7DC269 
  59      FFA237A4 
  59      325EE8FD 
  59      D123A5
  60 0173 97D5DA33 		.ascii	"\227\325\33232:4\3327\220\236\230J\217\014\216\247\247"
  60      323A34DA 
  60      37909E98 
  60      4A8F0C8E 
  60      A7A7
ARM GAS  /tmp/ccgsnTFi.s 			page 4


  61 0185 2687E5D8 		.ascii	"&\207\345\3305\014\337\246\217\031\005"
  61      350CDFA6 
  61      8F1905
  62              		.text
  63              		.section	.gnu.lto_.symbol_nodes.520c796e19ee6df7,"",%progbits
  64 0000 789C55C9 		.ascii	"x\234U\311\271\015\302P\020E\321\367\337\267\361N\013"
  64      B90DC250 
  64      1045D1F7 
  64      DFB7F14E 
  64      0B
  65 0011 40695432 		.ascii	"@iT2\016,HI\330wp\025\304\216\251\001$\207\324\200\260"
  65      0E2C4849 
  65      D8777015 
  65      C48EA901 
  65      2487D480 
  66 0026 2762A22B 		.ascii	"'b\242+\235\033\300a\352\000pI\001\026O\240\313\243"
  66      9D1BC061 
  66      EA007049 
  66      01164FA0 
  66      CBA3
  67 0038 9C00E186 		.ascii	"\234\000\341\206\030w\307\335)N\017P\226\235\270\033"
  67      1877C7DD 
  67      294E0F50 
  67      969DB81B 
  68 0048 8506AE14 		.ascii	"\205\006\256\024o\340B\011\014\234)\241\201\023e`\340"
  68      6FE04209 
  68      0C9C29A1 
  68      81136560 
  68      E0
  69 0059 48890C1C 		.ascii	"H\211\014\034(\261\201=%1\260\243\244\006\266\224\314"
  69      28B1813D 
  69      2531B0A3 
  69      A406B694 
  69      CC
  70 006a C09A921B 		.ascii	"\300\232\222\033XQ\212\177\360\030\242~}\235G\201F\233"
  70      58518A7F 
  70      F018A27E 
  70      7D9D4781 
  70      469B
  71 007c A3D566A8 		.ascii	"\243\325f\250\336}S\324\332\004\2156F\253\215P\315>"
  71      DE7D53D4 
  71      DA048D36 
  71      46AB8D50 
  71      CD3E
  72 008e 238F016A 		.ascii	"#\217\001jm\210F\033\240\325zT\363\276D\335\025?9\012"
  72      6D88461B 
  72      A0D57A54 
  72      F3BE44DD 
  72      153F390A 
  73 00a2 54F1     		.ascii	"T\361"
  74              		.text
  75              		.section	.gnu.lto_.refs.520c796e19ee6df7,"",%progbits
  76 0000 789C6361 		.ascii	"x\234ca`d`c`\000\222L\214L\014\000\000\243\000\022"
  76      60646063 
  76      6000924C 
  76      8C4C0C00 
  76      00A30012 
ARM GAS  /tmp/ccgsnTFi.s 			page 5


  77              		.text
  78              		.section	.gnu.lto_.decls.520c796e19ee6df7,"",%progbits
  79 0000 789CA556 		.ascii	"x\234\245V{PT\327\031\277\347\036va\227]p$\323\332\031"
  79      7B5054D7 
  79      19BFE71E 
  79      7661975D 
  79      7024D3DA 
  80 0015 A64333EB 		.ascii	"\246C3\353\204\177p\023b;\315L\377H\252\215\332\261"
  80      847F7013 
  80      623BCD4C 
  80      FF48AA8D 
  80      DAB1
  81 0027 86A989ED 		.ascii	"\206\251\211\355L\377\330Y\330Uv\006X\272\273\264f\372"
  81      4CFFD859 
  81      D8557606 
  81      58BABBB4 
  81      66FA
  82 0039 472FB202 		.ascii	"G/\262\002\"\317j\225W\034\015\246\200A@\220\004\001"
  82      22CF6A95 
  82      571C0DA6 
  82      80414090 
  82      0401
  83 004b 23263E08 		.ascii	"#&>\010\025Y\300\340\203\207\004\001\013(\362\220\367"
  83      1559C0E0 
  83      83870401 
  83      0B28F290 
  83      F7
  84 005c ABDF39E7 		.ascii	"\253\3379\347\336\275\260\242\364qg\277{\356w\317\357"
  84      DEBDB0A2 
  84      F47167BF 
  84      7BEE77CF 
  84      EF
  85 006d F7FBBEF3 		.ascii	"\367\373\276\363\235\307^/\016q\344:\243\345\270\253"
  85      9DC75E2F 
  85      0E71E43A 
  85      A3E5B8AB 
  86 007d 98E33AE1 		.ascii	"\230\343:\341y\031.\036\332}`\244w\230c\227\037\330"
  86      79192E1E 
  86      DA7D60A4 
  86      77986397 
  86      1FD8
  87 008f 33B031B0 		.ascii	"3\2601\260\011\260I\260i\260Y\260y\260E\302%\034 a0"
  87      09B049B0 
  87      69B059B0 
  87      79B045C2 
  87      251C2061 
  88 00a4 05980ACC 		.ascii	"\005\230\012\314\0271\035-\342V]D\313[\214\343\007}"
  88      17311D2D 
  88      E2565D44 
  88      CB5B8CE3 
  88      077D
  89 00b6 23D0FA23 		.ascii	"#\320\372#\026o\010\314\007\255\216\353+\352)D}\022"
  89      166F08CC 
  89      07AD8EEB 
  89      2BEA2944 
  89      7D12
  90 00c8 67598C3B 		.ascii	"gY\214;/\3461-\3465!\346\271V\334E\036\2658\313\363"
ARM GAS  /tmp/ccgsnTFi.s 			page 6


  90      2FE6312D 
  90      E63521E6 
  90      B956DC45 
  90      1EB538CB 
  91 00dd F1731E6D 		.ascii	"\361s\036mT#/p\307\232r\037\371\201\373\232\032\005"
  91      54232F70 
  91      C79A721F 
  91      F981FB9A 
  91      1A05
  92 00ef 815BD335 		.ascii	"\201[\3235V\357\313z{\020\370\325\227\237\20627pE\357"
  92      56EFCB7A 
  92      7B10F8D5 
  92      979F8632 
  92      377045EF 
  93 0103 6B626F79 		.ascii	"kboy\235\363\251\037\353\256'\376\321\303\031G\2741"
  93      9DF3A91F 
  93      EBAE27FE 
  93      D1C31947 
  93      BC31
  94 0115 8F489C11 		.ascii	"\217H\234\021g\177\217\250\264\011\334\326\321[\237"
  94      677F8FA8 
  94      B409DCD6 
  94      D15B9F
  95 0124 88EE0670 		.ascii	"\210\356\006p;\217$\236Rb\025Ev5\024\177N2zC\215H\375"
  95      3B8F249E 
  95      52621545 
  95      7635147F 
  95      4E327A43 
  96 013b FDE155D9 		.ascii	"\375\341U\331\223K\263Z\366\212 \\\217\027\373\321\226"
  96      934BB35A 
  96      F68A205C 
  96      8F17FBD1 
  96      96
  97 014c 1201AE4C 		.ascii	"\022\001\256LA\340\177,\217\2465c\374\2547\376!A\361"
  97      41E07F2C 
  97      8FA63563 
  97      FCAC37FE 
  97      2141F1
  98 015f 37D22A2B 		.ascii	"7\322*+|Q\260\372\037\004\327\363\367\3174\227\004a"
  98      7C51B0FA 
  98      1F04D7F3 
  98      F7CF3497 
  98      0461
  99 0171 03FA02A9 		.ascii	"\003\372\002\251\321E\204Q%\332B\212\362\206\032\356"
  99      D1458451 
  99      25DA428A 
  99      F2861AEE 
 100 0181 C9827048 		.ascii	"\311\202pH\310L\02066\370q\250\010\005\242B\024\310"
 100      C84C1036 
 100      36F871A8 
 100      0805A242 
 100      14C8
 101 0193 A12A144C 		.ascii	"\241*\024L\002\022 \252\200\227\027\340%\204(>\233\365"
 101      021220AA 
 101      809717E0 
 101      2584283E 
 101      9BF5
ARM GAS  /tmp/ccgsnTFi.s 			page 7


 102 01a5 A9121FA4 		.ascii	"\251\022\037\244!r.\236\233V\273C\034K\331ZBB\\\202"
 102      21722E9E 
 102      9B56BB43 
 102      1C4BD95A 
 102      42425C82 
 103 01b9 105FCA21 		.ascii	"\020_\312! \342KcT\257\035\243\267\2463\236\307\267"
 103      20E24B63 
 103      54AF1DA3 
 103      B7A6339E 
 103      C7B7
 104 01cb 101D6D6E 		.ascii	"\020\035mn\355\363F\005+\225\017\270\317\216]o\342\261"
 104      EDF34605 
 104      2B950FB8 
 104      CF8E5D6F 
 104      E2B1
 105 01dd 8BF50DDC 		.ascii	"\213\365\015\334K\310Q\342v\346d.\336\027\224\270\233"
 105      4BC851E2 
 105      76E6642E 
 105      DE1794B8 
 105      9B
 106 01ee 3969CF66 		.ascii	"9i\317f\316x\341~\346\334O\230n\327\342a\352\250Jg\217"
 106      CE78E17E 
 106      E6DC4F98 
 106      6ED7E261 
 106      EAA84A67 
 107 0203 F669904E 		.ascii	"\366i\220N\027\240\323\005\353t\272OIb=-\315\177=V\230"
 107      17A0D305 
 107      EB74BA4F 
 107      49623D2D 
 107      CD7F3D56 
 108 0218 28641A69 		.ascii	"(d\032i\3665\220\3757(@\316\263\014n\034z\013n\034\305"
 108      F63590FD 
 108      372840CE 
 108      B30C6E1C 
 108      7A0B6E1C 
 109 022d D74F356B 		.ascii	"\327O5k$\360eOp\255\014\316\022\347H@\016\016}\016\200"
 109      24F0654F 
 109      70AD0CCE 
 109      12E74840 
 109      0E0E7D0E 
 110 0242 73B48FC0 		.ascii	"s\264\217\300a\314\350\006\014\377\032\322\241\233`"
 110      61CCE806 
 110      0CFF1AD2 
 110      A19B60
 111 0251 5F833580 		.ascii	"_\2035\200]\005\373\026\354:\322\321Ye\361\272\345x"
 111      5D05FB16 
 111      EC3AD2D1 
 111      5965F1BA 
 111      E578
 112 0263 573CE3E9 		.ascii	"W<\343\351=r;\321\352\306\326{bK\345\334\350\244\325"
 112      3D723BD1 
 112      EAC6D67B 
 112      624BE5DC 
 112      E8A4D5
 113 0276 7780B0E0 		.ascii	"w\200\260\340C@\2348ar\320\211\346\300\034\241\336\211"
 113      43409C38 
 113      6172D089 
ARM GAS  /tmp/ccgsnTFi.s 			page 8


 113      E6C01CA1 
 113      DE89
 114 0288 A9D4576B 		.ascii	"\251\324Wk\206-Br\33499\307\272\265k\262\022\37579\313"
 114      862D4272 
 114      DC3939C7 
 114      BAB56BB2 
 114      12FD3739 
 115 029d F2B5CBCD 		.ascii	"\362\265\313\315\3200}W\226\234.%\376\214n$>\341\354"
 115      D0307D57 
 115      969C2E25 
 115      FE8C6E24 
 115      3EE1EC
 116 02b0 58960F0A 		.ascii	"X\226\017\012\016`\351\347\264\"\222\376-`7\312K\216"
 116      0E60E9E7 
 116      B42292FE 
 116      2D6037CA 
 116      4B8E
 117 02c2 8CE625C5 		.ascii	"\214\346%\305G\377\204\232\3777\365\207\370\023E\025"
 117      47FF849A 
 117      FF37F587 
 117      F8134515 
 118 02d2 A77CD80A 		.ascii	"\247|\330\012,\"\373zp\361\306\260\002W\263\215]\322"
 118      2C22FB7A 
 118      70F1C6B0 
 118      0257B38D 
 118      5DD2
 119 02e4 74B3533C 		.ascii	"t\263S<@\222Ig\333\264+I\215\257\260\316\345\301\373"
 119      40924967 
 119      DBB42B49 
 119      8DAFB0CE 
 119      E5C1FB
 120 02f7 052AD639 		.ascii	"\005*\3269J\374\224\252c\005\376\370\006\353l\0338\343"
 120      4AFC94AA 
 120      6305FEF8 
 120      06EB6C1B 
 120      38E3
 121 0309 D4B04E17 		.ascii	"\324\260N\027\361\3233*/\250q\023\353,\032\310O\027"
 121      F1D3332A 
 121      2FA87113 
 121      EB2C1AC8 
 121      4F17
 122 031b 3B7F0E6E 		.ascii	";\177\016nUSu\267\002\337a}\235\343\355I\276\270\203"
 122      555375B7 
 122      02DF617D 
 122      9DE3ED49 
 122      BEB883
 123 032e 39650BC7 		.ascii	"9e\013\307\013\225\270\2279\215\2353\337{3\326\002I"
 123      0B95B897 
 123      398D9D33 
 123      DF7B33D6 
 123      0249
 124 0340 66286DB9 		.ascii	"f(m\271S#\236P\344 Ij\232,\344\361 \005\373f]\376\344"
 124      53239E50 
 124      E420496A 
 124      9A2CE4F1 
 124      2005FB66 
 125 0357 4B2D826D 		.ascii	"K-\202m ^\301\253\012\366\000\012v\237\316C\247X\255"
ARM GAS  /tmp/ccgsnTFi.s 			page 9


 125      205EC1AB 
 125      0AF6000A 
 125      769FCE43 
 125      A758AD
 126 036a 01A8D643 		.ascii	"\001\250\326C\250L\017X/X\037\330#\260n\260~\260\357"
 126      A84C0F58 
 126      2F581FD8 
 126      23B06EB0 
 126      7EB0EF
 127 037d C1BAE455 		.ascii	"\301\272\344U\013\263\323\322\026\030O\027\020\231\237"
 127      0BB3D3D2 
 127      16184F17 
 127      10999F
 128 038c 0E981F22 		.ascii	"\016\230\037\"\345\236\211\342U\233\012\340\331{\311"
 128      E59E89E2 
 128      559B0AE0 
 128      D97BC9
 129 039b 8A205897 		.ascii	"\212 X\227'\266y\365\372\001\260\353\267\022\370\236"
 129      27B679F5 
 129      FA01B0EB 
 129      B712F89E 
 130 03ab 2758EFA1 		.ascii	"'X\357\241{\317\015\275\353\011-}A\267\332\235\304y"
 130      7BCF0DBD 
 130      EB092D7D 
 130      41B7DA9D 
 130      C479
 131 03bd 4F70C90B 		.ascii	"Op\311\013\340Q\267r\273'\370;\317\321e\272\205[=\261"
 131      E051B772 
 131      BB27F83B 
 131      CFD165BA 
 131      855B3DB1 
 132 03d1 2D9ED819 		.ascii	"-\236\330\031\267\356\035Ol\333\013I\224\273\205o{\202"
 132      B7EE1D4F 
 132      6CDB0B49 
 132      94BB856F 
 132      7B82
 133 03e3 9B3CB77B 		.ascii	"\233<\267{m+\335\356\235\253\267;\254\214\253\263O\016"
 133      6D2BDDEE 
 133      9DABB73B 
 133      AC8CABB3 
 133      4F0E
 134 03f5 FBE351B6 		.ascii	"\373\343Q\266\307\\W3\272\375P\300\332\013\002\015\302"
 134      C75C5733 
 134      BAFD50C0 
 134      DA0B020D 
 134      C2
 135 0406 3AF85FD6 		.ascii	":\370_\326\004\313`\262\215\356\330\177\201\300cy\307"
 135      04CB60B2 
 135      8DEED87F 
 135      81C06379 
 135      C7
 136 0417 76D21D0B 		.ascii	"v\322\035\013y\234L\316}\340\037 \006\256\177i`\356"
 136      799C4CCE 
 136      7DE01F20 
 136      06AE7F69 
 136      60EE
 137 0429 3F8E0A9A 		.ascii	"?\216\012\232\265\251\2719jM\212\374\017\204\206V\234"
ARM GAS  /tmp/ccgsnTFi.s 			page 10


 137      B5A9B939 
 137      6A4D8AFC 
 137      0F848656 
 137      9C
 138 043a 361C1A46 		.ascii	"6\034\032F\032\202$-\240\227*\256\317\372u@D\370\362"
 138      1A82242D 
 138      A0972AAE 
 138      CFFA7540 
 138      44F8F2
 139 044d 411BA806 		.ascii	"A\033\250\006B\354\216\250q\314\250\313\311?\367+$\001"
 139      42EC8EA8 
 139      71CCA8CB 
 139      C93FF72B 
 139      2401
 140 045f 459F971E 		.ascii	"E\237\227\0369\267\030\375I\374e\351\242\"\262:\022"
 140      39B718FD 
 140      49FC65E9 
 140      A222B23A 
 140      12
 141 0470 49CC17C9 		.ascii	"I\314\027\311\034\022}^\016\200\230+\021V\350\261tE"
 141      1C127D5E 
 141      0E80982B 
 141      1156E8B1 
 141      7445
 142 0482 393967F7 		.ascii	"99g\367\230\220T\242\321J\241W\215\347\330)\262\370"
 142      989054A2 
 142      D14AA157 
 142      8DE7D829 
 142      B2F8
 143 0494 6D5E2EBF 		.ascii	"m^.\277\351\004\235\203\004!\310\013\355\373\301\212"
 143      E9049D83 
 143      0421C80B 
 143      EDFBC18A 
 144 04a4 6A8DA04D 		.ascii	"j\215\240Mp\017\367b\304\262\305\351\333\370\365\323"
 144      700FF762 
 144      C4B2C5E9 
 144      DBF8F5D3 
 145 04b4 C2E972F8 		.ascii	"\302\351r\370\306\310\375\305\211\004\241\001hA\004"
 145      C6C8FDC5 
 145      8904A101 
 145      684104
 146 04c3 859ECAF3 		.ascii	"\205\236\312\363\013\217\244y\002\247\000\207\236\241"
 146      0B8FA479 
 146      02A70087 
 146      9EA1
 147 04d1 D7C95954 		.ascii	"\327\311YT1\362P\201\3631\0159\230\332W\243\004\231"
 147      31F25081 
 147      F3310D39 
 147      98DA57A3 
 147      0499
 148 04e3 1EF88E38 		.ascii	"\036\370\2168\231\367\273\370\202\304\372LDc\241QYe"
 148      99F7BBF8 
 148      82C4FA4C 
 148      4463A151 
 148      5965
 149 04f5 94AAC0C3 		.ascii	"\224\252\300\303\030U\2705\320\365\027|\215\011\014"
 149      1855B835 
ARM GAS  /tmp/ccgsnTFi.s 			page 11


 149      D0F5177C 
 149      8D090C
 150 0504 CFF7B46B 		.ascii	"\317\367\264kD\201\272\356}\245\025\202SE\351\3432}"
 150      4481BAEE 
 150      7DA51582 
 150      5345E9E3 
 150      327D
 151 0516 5CA24F50 		.ascii	"\\\242OPzv]\227\340\203\273\030?\271\261\256[+\362s"
 151      7A765D97 
 151      E083BB18 
 151      3FB9B1AE 
 151      5B2BF273 
 152 052a 1FEEC94A 		.ascii	"\037\356\311J8\275\223\322\237\313\364\347\022}\222"
 152      38BD93D2 
 152      9FCBF4E7 
 152      127D92
 153 0539 D2ABCECC 		.ascii	"\322\253\316\314\364jq\222\027;\205+\223:\244\374\277"
 153      F46A7192 
 153      173B852B 
 153      933AA4FC 
 153      BF
 154 054a EA8D3CE5 		.ascii	"\352\215<\345\016?%\363\247$\3764\345\347O\347U\361"
 154      0E3F25F3 
 154      A724FE34 
 154      E5E74FE7 
 154      55F1
 155 055c F802E3A7 		.ascii	"\370\002\343\247\316V\035\226\302\217?zWN\177F\346\317"
 155      CE561D96 
 155      C28F3F7A 
 155      574E7F46 
 155      E6CF
 156 056e 48FC59CA 		.ascii	"H\374Y\312O(\274\233\256\302\275\"\377BZ\267\277\310"
 156      4F28BC9B 
 156      AEC2BD22 
 156      FF425AB7 
 156      BFC8
 157 0580 BFF838EC 		.ascii	"\277\3708\354\274\233?'\363\347$\376<\345W\316&\347"
 157      BC9B3F27 
 157      F3E724FE 
 157      3CE557CE 
 157      26E7
 158 0592 219CA9A0 		.ascii	"!\234\251\240\374\3637\217\012>\"\177t(,oE\375\027d"
 158      FCF3378F 
 158      0A3E227F 
 158      74282C6F 
 158      45FD1764 
 159 05a6 85054961 		.ascii	"\205\005Ia\221*\\\373n(Y\201k\230\302\221\364I\2274"
 159      912A5CFB 
 159      6E285981 
 159      6B98C291 
 159      F4499734 
 160 05ba 01C74762 		.ascii	"\001\307Gb\033\334\031,\311\374%\211\277L\371\315\215"
 160      1BDC192C 
 160      C9FC2589 
 160      BF4CF9CD 
 160      8D
 161 05cb 050B5ADC 		.ascii	"\005\013Z\334\307\370\017\234\013w\245\012~\361lg\243"
ARM GAS  /tmp/ccgsnTFi.s 			page 12


 161      C7F80F9C 
 161      0B77A50A 
 161      7EF16C67 
 161      A3
 162 05dc 9B2FF06E 		.ascii	"\233/\360n><2~<O\370\265\355\267\377\2003\225\224\336"
 162      3E3C327E 
 162      3C4FF8B5 
 162      EDB7FF80 
 162      339594DE 
 163 05f0 1A9F9DE4 		.ascii	"\032\237\235\344\036\300\370\357\213\335\364C2\375\220"
 163      1EC0F8EF 
 163      8BDDF443 
 163      32FD90
 164 05ff 444FA0F4 		.ascii	"DO\240\364\364\223\365\035J\\\303\370\327\362\373\356"
 164      F493F51D 
 164      4A5CC3F8 
 164      D7F2FBEE 
 165 060f 48FCE353 		.ascii	"H\374\343SaW\334|\247\314wJ\374\303\224\177\256$\247"
 165      6157DC7C 
 165      A7CC774A 
 165      FCC3947F 
 165      AE24A7
 166 0622 5F85FB18 		.ascii	"_\205\373\030\377\\{v\205\326\213g\247\010\331\035\360"
 166      FF5C7B76 
 166      85D68B67 
 166      A708D91D 
 166      F0
 167 0633 6E7EB9B8 		.ascii	"n~\271\270D\365\322}\224\314\223}\224\304\213\033\251"
 167      44F5D27D 
 167      94CC937D 
 167      94C48B1B 
 167      A9
 168 0644 A371A9D6 		.ascii	"\243q\251\326[L\300\325l\316\246\011\000\006%\312\011"
 168      5B4CC0D5 
 168      6CCEA609 
 168      000625CA 
 168      09
 169 0655 244A091C 		.ascii	"$J\011\034\241\011\344\234\312(\307x\234%\340\254\231"
 169      A109E49C 
 169      CA28C778 
 169      9C25E0AC 
 169      99
 170 0666 1E94EABF 		.ascii	"\036\224\352\2774\375\356\\\241<\203)\262B\212\244p"
 170      34FDEE5C 
 170      A13C8329 
 170      B2428AA4 
 170      70
 171 0677 942A347C 		.ascii	"\224*4|S:\345\213\313\274\331\266/\276X\256\330\\ \214"
 171      533AE58B 
 171      CBBCD9B6 
 171      2FBE58AE 
 171      D85C208C 
 172 068b 82424B86 		.ascii	"\202BK\206!{\324)$o\244Ge*\023X\361M\220JtP\032\277"
 172      217BD429 
 172      246FA447 
 172      652A1358 
 172      F14D904A 
ARM GAS  /tmp/ccgsnTFi.s 			page 13


 173 06a3 990CB3BF 		.ascii	"\231\014\263\277\354\261f\325\361J\202\312\003M\347"
 173      ECB166D5 
 173      F14A82CA 
 173      034DE7
 174 06b2 35527878 		.ascii	"5Rxx\004\302\241fa\317*<\031\246\214\317\340\331qLZ"
 174      04C2A166 
 174      61CF2A3C 
 174      19A68CCF 
 174      E0D9714C 
 175 06c7 65D8CEED 		.ascii	"e\330\316\355F\207\321\313\270\337\026\345\263c\317"
 175      4687D1CB 
 175      B8DF16E5 
 175      B363CF
 176 06d6 4741DBDE 		.ascii	"GA\333\336y\207S\033\014q\226\030\307\333\241\006\307"
 176      7987531B 
 176      0C719618 
 176      C7DBA106 
 176      C7
 177 06e7 47FA38BB 		.ascii	"G\3728\273M\037n\211\321\037\210\210\0101\332\242Cb"
 177      4D1F6E89 
 177      D11F8888 
 177      0831DAA2 
 177      4362
 178 06f9 AC31E610 		.ascii	"\2541\346\020\2631\334\022\362S\303\326\220\3207\337"
 178      B331DC12 
 178      F253C3D6 
 178      90D037DF 
 179 0709 FAD91F43 		.ascii	"\372\331\037C\365\253:\364\226\230\210\2508\223Y\037"
 179      F5AB3AF4 
 179      969888A8 
 179      3893591F 
 180 0719 6D8C88B4 		.ascii	"m\214\210\264\304\230\365\006\223y\2771.\312ap|\034"
 180      C498F506 
 180      9379BF31 
 180      2ECA6170 
 180      7C1C
 181 072b 6BB66F89 		.ascii	"k\266o\211\344|$\371_\377?\362\366\217\355z\203\335"
 181      E47C24F9 
 181      5FFF3FF2 
 181      F68FED7A 
 181      83DD
 182 073d 61022DD0 		.ascii	"a\002-\320\304V\223M\021\033\027k\262y[\355\261f\263"
 182      C456934D 
 182      111B176B 
 182      B2795BED 
 182      B166B3
 183 0750 C9A6B492 		.ascii	"\311\246\264\222x6E\264\325d\266\221\021Fn\335\026i"
 183      783645B4 
 183      D564B691 
 183      11466EDD 
 183      1669
 184 0762 09B77CB0 		.ascii	"\011\267|\260Wo\265\353#\215Q\372X\253\315a\327\357"
 184      576FB5EB 
 184      238D51FA 
 184      58ABCD61 
 184      D7EF
 185 0774 FDF0376F 		.ascii	"\375\3607o\207\352w\357\336\256\337\021\266\353\203"
ARM GAS  /tmp/ccgsnTFi.s 			page 14


 185      87EA77EF 
 185      DEAEDF11 
 185      B6EB83
 186 0783 3F85922E 		.ascii	"?\205\222.C,XT\224\011\2047\332\035\321\220\353\201"
 186      432C5854 
 186      94098437 
 186      DA1DD190 
 186      EB81
 187 0795 588BD560 		.ascii	"X\213\325`7;\342b\015\016e\330\016R5e\330\373\254\371"
 187      373BE262 
 187      0D0E65D8 
 187      0E523565 
 187      D8FBACF9 
 188 07a9 156BB6B3 		.ascii	"\025k\266\263f\033k~\311\232\367X\263\2134\252\260\367"
 188      661B6B7E 
 188      C99AF758 
 188      B38B34AA 
 188      B0F7
 189 07bb 766FB3C6 		.ascii	"vo\263\306\354\267\034\360\206\030\273b,\216\037ydd"
 189      ECB71CF0 
 189      8618BB62 
 189      2C8E1F79 
 189      6464
 190 07cd B74590   		.ascii	"\267E\220"
 191 07d0 764B04A7 		.ascii	"vK\004\247\264;\010 \310\003 \015\236\344h'\343V\205"
 191      B43B0820 
 191      C803200D 
 191      9EE46827 
 191      E35685
 192 07e3 5B8D3613 		.ascii	"[\2156\023\201\372\321'=\275C\207\367\237M\007\310\353"
 192      81FAD127 
 192      3DBD4387 
 192      F79F4D07 
 192      C8EB
 193 07f5 9FBC4201 		.ascii	"\237\274B\001 \004isD\254\207\004\010A\332Mq\004\031"
 193      20046973 
 193      44AC8704 
 193      0841DA4D 
 193      710419
 194 0808 FCAAACCC 		.ascii	"\374\252\254\3146\0134q\366pB\210\216\246\322\233_A"
 194      360B3471 
 194      F6704288 
 194      8EA6D29B 
 194      5F41
 195 081a 0088C11E 		.ascii	"\000\210\301\036k!h \255\227\210\250\013\204\365\220"
 195      6B216820 
 195      AD9788A8 
 195      0B84F590 
 196 082a 4C5369A7 		.ascii	"LSi\247\305\321\255\2331Q\265\204\256[\010\200\020\244"
 196      C5D1AD9B 
 196      3151B584 
 196      AE5B0880 
 196      10A4
 197 083c D1B42E12 		.ascii	"\321\264.\022 \200\324JK\311`\001\274&r\205\243\177"
 197      2080D44A 
 197      4BC96001 
 197      BC267285 
ARM GAS  /tmp/ccgsnTFi.s 			page 15


 197      A37F
 198 084e C572A4F7 		.ascii	"\305r\244\367\367\267\036<\250\217\224W\"Q\222\366R"
 198      F7B71E3C 
 198      A88F9457 
 198      225192F6 
 198      52
 199 085f 045D47FF 		.ascii	"\004]G\377\006F\252^\364"
 199      0646AA5E 
 199      F4
 200              		.text
 201              		.section	.gnu.lto_.symtab.520c796e19ee6df7,"",%progbits
 202 0000 68616C49 		.ascii	"halInit\000"
 202      6E697400 
 203 0008 00       		.ascii	"\000"
 204 0009 00       		.ascii	"\000"
 205 000a 00       		.ascii	"\000"
 206 000b 00000000 		.ascii	"\000\000\000\000\000\000\000\000"
 206      00000000 
 207 0013 EF000000 		.ascii	"\357\000\000\000"
 208 0017 70616C5F 		.ascii	"pal_default_config\000"
 208      64656661 
 208      756C745F 
 208      636F6E66 
 208      696700
 209 002a 00       		.ascii	"\000"
 210 002b 02       		.ascii	"\002"
 211 002c 00       		.ascii	"\000"
 212 002d 00000000 		.ascii	"\000\000\000\000\000\000\000\000"
 212      00000000 
 213 0035 0D010000 		.ascii	"\015\001\000\000"
 214 0039 7374496E 		.ascii	"stInit\000"
 214      697400
 215 0040 00       		.ascii	"\000"
 216 0041 02       		.ascii	"\002"
 217 0042 00       		.ascii	"\000"
 218 0043 00000000 		.ascii	"\000\000\000\000\000\000\000\000"
 218      00000000 
 219 004b F1000000 		.ascii	"\361\000\000\000"
 220 004f 626F6172 		.ascii	"boardInit\000"
 220      64496E69 
 220      7400
 221 0059 00       		.ascii	"\000"
 222 005a 02       		.ascii	"\002"
 223 005b 00       		.ascii	"\000"
 224 005c 00000000 		.ascii	"\000\000\000\000\000\000\000\000"
 224      00000000 
 225 0064 F3000000 		.ascii	"\363\000\000\000"
 226 0068 77646749 		.ascii	"wdgInit\000"
 226      6E697400 
 227 0070 00       		.ascii	"\000"
 228 0071 02       		.ascii	"\002"
 229 0072 00       		.ascii	"\000"
 230 0073 00000000 		.ascii	"\000\000\000\000\000\000\000\000"
 230      00000000 
 231 007b F5000000 		.ascii	"\365\000\000\000"
 232 007f 72746349 		.ascii	"rtcInit\000"
 232      6E697400 
ARM GAS  /tmp/ccgsnTFi.s 			page 16


 233 0087 00       		.ascii	"\000"
 234 0088 02       		.ascii	"\002"
 235 0089 00       		.ascii	"\000"
 236 008a 00000000 		.ascii	"\000\000\000\000\000\000\000\000"
 236      00000000 
 237 0092 F7000000 		.ascii	"\367\000\000\000"
 238 0096 73647549 		.ascii	"sduInit\000"
 238      6E697400 
 239 009e 00       		.ascii	"\000"
 240 009f 02       		.ascii	"\002"
 241 00a0 00       		.ascii	"\000"
 242 00a1 00000000 		.ascii	"\000\000\000\000\000\000\000\000"
 242      00000000 
 243 00a9 F9000000 		.ascii	"\371\000\000\000"
 244 00ad 6D6D6349 		.ascii	"mmcInit\000"
 244      6E697400 
 245 00b5 00       		.ascii	"\000"
 246 00b6 02       		.ascii	"\002"
 247 00b7 00       		.ascii	"\000"
 248 00b8 00000000 		.ascii	"\000\000\000\000\000\000\000\000"
 248      00000000 
 249 00c0 FB000000 		.ascii	"\373\000\000\000"
 250 00c4 75736249 		.ascii	"usbInit\000"
 250      6E697400 
 251 00cc 00       		.ascii	"\000"
 252 00cd 02       		.ascii	"\002"
 253 00ce 00       		.ascii	"\000"
 254 00cf 00000000 		.ascii	"\000\000\000\000\000\000\000\000"
 254      00000000 
 255 00d7 FD000000 		.ascii	"\375\000\000\000"
 256 00db 73706949 		.ascii	"spiInit\000"
 256      6E697400 
 257 00e3 00       		.ascii	"\000"
 258 00e4 02       		.ascii	"\002"
 259 00e5 00       		.ascii	"\000"
 260 00e6 00000000 		.ascii	"\000\000\000\000\000\000\000\000"
 260      00000000 
 261 00ee FF000000 		.ascii	"\377\000\000\000"
 262 00f2 7364496E 		.ascii	"sdInit\000"
 262      697400
 263 00f9 00       		.ascii	"\000"
 264 00fa 02       		.ascii	"\002"
 265 00fb 00       		.ascii	"\000"
 266 00fc 00000000 		.ascii	"\000\000\000\000\000\000\000\000"
 266      00000000 
 267 0104 01010000 		.ascii	"\001\001\000\000"
 268 0108 69326349 		.ascii	"i2cInit\000"
 268      6E697400 
 269 0110 00       		.ascii	"\000"
 270 0111 02       		.ascii	"\002"
 271 0112 00       		.ascii	"\000"
 272 0113 00000000 		.ascii	"\000\000\000\000\000\000\000\000"
 272      00000000 
 273 011b 03010000 		.ascii	"\003\001\000\000"
 274 011f 61646349 		.ascii	"adcInit\000"
 274      6E697400 
 275 0127 00       		.ascii	"\000"
ARM GAS  /tmp/ccgsnTFi.s 			page 17


 276 0128 02       		.ascii	"\002"
 277 0129 00       		.ascii	"\000"
 278 012a 00000000 		.ascii	"\000\000\000\000\000\000\000\000"
 278      00000000 
 279 0132 05010000 		.ascii	"\005\001\000\000"
 280 0136 5F70616C 		.ascii	"_pal_lld_init\000"
 280      5F6C6C64 
 280      5F696E69 
 280      7400
 281 0144 00       		.ascii	"\000"
 282 0145 02       		.ascii	"\002"
 283 0146 00       		.ascii	"\000"
 284 0147 00000000 		.ascii	"\000\000\000\000\000\000\000\000"
 284      00000000 
 285 014f 09010000 		.ascii	"\011\001\000\000"
 286 0153 68616C5F 		.ascii	"hal_lld_init\000"
 286      6C6C645F 
 286      696E6974 
 286      00
 287 0160 00       		.ascii	"\000"
 288 0161 02       		.ascii	"\002"
 289 0162 00       		.ascii	"\000"
 290 0163 00000000 		.ascii	"\000\000\000\000\000\000\000\000"
 290      00000000 
 291 016b 0B010000 		.ascii	"\013\001\000\000"
 292              		.text
 293              		.section	.gnu.lto_.opts,"",%progbits
 294 0000 272D6666 		.ascii	"'-ffp-contract=off' '-fmath-errno' '-fsigned-zeros'"
 294      702D636F 
 294      6E747261 
 294      63743D6F 
 294      66662720 
 295 0033 20272D66 		.ascii	" '-ftrapping-math' '-fno-trapv' '-fno-openmp' '-fno"
 295      74726170 
 295      70696E67 
 295      2D6D6174 
 295      68272027 
 296 0066 2D6F7065 		.ascii	"-openacc' '-mcpu=cortex-m4' '-mno-thumb-interwork' "
 296      6E616363 
 296      2720272D 
 296      6D637075 
 296      3D636F72 
 297 0099 272D6D74 		.ascii	"'-mthumb' '-ggdb' '-O2' '-fomit-frame-pointer' '-fa"
 297      68756D62 
 297      2720272D 
 297      67676462 
 297      2720272D 
 298 00cc 6C69676E 		.ascii	"lign-functions=16' '-ffunction-sections' '-fdata-se"
 298      2D66756E 
 298      6374696F 
 298      6E733D31 
 298      36272027 
 299 00ff 6374696F 		.ascii	"ctions' '-fno-common' '-flto'\000"
 299      6E732720 
 299      272D666E 
 299      6F2D636F 
 299      6D6D6F6E 
ARM GAS  /tmp/ccgsnTFi.s 			page 18


 300              		.text
 301              		.comm	__gnu_lto_v1,1,1
 302              		.comm	__gnu_lto_slim,1,1
 303              		.ident	"GCC: (GNU Tools for ARM Embedded Processors) 5.4.1 20160609 (release) [ARM/embedded-5-bran
ARM GAS  /tmp/ccgsnTFi.s 			page 19


DEFINED SYMBOLS
                            *ABS*:00000000 hal.c
                            *COM*:00000001 __gnu_lto_v1
                            *COM*:00000001 __gnu_lto_slim

NO UNDEFINED SYMBOLS
