ARM GAS  /tmp/cc08ohYX.s 			page 1


   1              		.syntax unified
   2              		.cpu cortex-m4
   3              		.fpu softvfp
   4              		.eabi_attribute 20, 1
   5              		.eabi_attribute 21, 1
   6              		.eabi_attribute 23, 3
   7              		.eabi_attribute 24, 1
   8              		.eabi_attribute 25, 1
   9              		.eabi_attribute 26, 1
  10              		.eabi_attribute 30, 2
  11              		.eabi_attribute 34, 1
  12              		.eabi_attribute 18, 4
  13              		.thumb
  14              		.syntax unified
  15              		.file	"hal_st_lld.c"
  16              		.text
  17              	.Ltext0:
  18              		.section	.gnu.lto_.profile.8a1e919707c9e592,"",%progbits
  19 0000 789C6361 		.ascii	"x\234ca`d`a`\000\222\345*\000\001|\000\246"
  19      60646061 
  19      600092E5 
  19      2A00017C 
  19      00A6
  20              		.text
  21              		.section	.gnu.lto_.icf.8a1e919707c9e592,"",%progbits
  22 0000 789C6361 		.ascii	"x\234ca`d\000\001\021\006\004`f\2705\373\311\024.\306"
  22      60640001 
  22      11060460 
  22      66B835FB 
  22      C9142EC6 
  23 0014 090FBFBF 		.ascii	"\011\017\277\277\346ez\263\364\332\025f\006\000f3\011"
  23      E6657AB3 
  23      F4DA1566 
  23      06006633 
  23      09
  24 0025 B5       		.ascii	"\265"
  25              		.text
  26              		.section	.gnu.lto_.jmpfuncs.8a1e919707c9e592,"",%progbits
  27 0000 789C6361 		.ascii	"x\234ca`d\000\201Z\006\004`\002\023\214\177\231\030"
  27      60640081 
  27      5A060460 
  27      02138C7F 
  27      9918
  28 0012 9B7FEDFF 		.ascii	"\233\177\355\377\314W\377\267aFC\203@+3C'3P\202q9c="
  28      CC57FFB7 
  28      61464383 
  28      402B3343 
  28      27335082 
  29 002a 03230B54 		.ascii	"\003#\013T)NU+ \252\200f\261\200\324<=9\271\215\347"
  29      294E552B 
  29      20AA8066 
  29      B180D43C 
  29      3D39B98D 
  30 003f 0B532B33 		.ascii	"\013S+3#\243\014\343JF\031\240\012\240h\327\257\353"
  30      23A30CE3 
  30      4A4619A0 
  30      0AA068D7 
ARM GAS  /tmp/cc08ohYX.s 			page 2


  30      AFEB
  31 0051 7D1C1051 		.ascii	"}\034\020Q\016\306U Q\006\000\245r!O"
  31      0EC65520 
  31      510600A5 
  31      72214F
  32              		.text
  33              		.section	.gnu.lto_.inline.8a1e919707c9e592,"",%progbits
  34 0000 789C6361 		.ascii	"x\234ca`d\000\201h\006\004`b`\0209\016\024g\342\273"
  34      60640081 
  34      68060460 
  34      62601039 
  34      0E1467E2 
  35 0015 17C0C0B6 		.ascii	"\027\300\300\266@\236\011$\310\310\005\222\341\0062"
  35      409E0924 
  35      C8C80592 
  35      E10632
  36 0024 204C6C04 		.ascii	" Ll\004D\232\211AD\006H\312<\270\305\010\327\315\314"
  36      449A8941 
  36      440648CA 
  36      3CB8C508 
  36      D7CDCC
  37 0037 03369601 		.ascii	"\0036\226\001\000Z\323\006\206"
  37      005AD306 
  37      86
  38              		.text
  39              		.section	.gnu.lto_.pureconst.8a1e919707c9e592,"",%progbits
  40 0000 789C6361 		.ascii	"x\234ca`d`c```b\330\305\310$\005\000\003\243\000\345"
  40      60646063 
  40      60606062 
  40      D8C5C824 
  40      050003A3 
  41              		.text
  42              		.section	.gnu.lto_VectorB0.8a1e919707c9e592,"",%progbits
  43 0000 789C8D55 		.ascii	"x\234\215UKl\023W\024}w\336\370\023'N\322\256\332\012"
  43      4B6C1357 
  43      147D77DE 
  43      F813274E 
  43      D2AEDA0A 
  44 0014 45CE22AA 		.ascii	"E\316\"\252\220\020\223\002m\327U\272A\302E\212\331"
  44      90109302 
  44      6DD755BA 
  44      41C2458A 
  44      D9
  45 0025 47C158B5 		.ascii	"G\301X\265\325\030#;D\260\362$\266I\253l\262\241D\250"
  45      D518233B 
  45      44B0F224 
  45      B649AB6C 
  45      B2A144A8 
  46 0039 ADA5A28A 		.ascii	"\255\245\242\212\000MB\322\322\326\001\202I\370\223"
  46      004D42D2 
  46      D2D60182 
  46      49F893
  47 0048 4F81F06B 		.ascii	"O\201\360k\332*\037\205$4\255\234\017\270\255H\246\367"
  47      DA2A1F85 
  47      2434AD9C 
  47      0FB8AD48 
  47      A6F7
ARM GAS  /tmp/cc08ohYX.s 			page 3


  48 005a 3E7F6AC6 		.ascii	">\177j\306\270t\026\236\231w\356}\347\334\373\316\\"
  48      B874169E 
  48      9977EE7D 
  48      E7DCFBCE 
  48      5C
  49 006b CB0C185D 		.ascii	"\313\014\030]`bl\031\357\333\350\331\300@j\037e\254"
  49      60626C19 
  49      EFDBE8D9 
  49      C0406A1F 
  49      65AC
  50 007d D92C49BC 		.ascii	"\331,I\274\277\202\251\026\371\236\302\324\022\016r"
  50      BF82A916 
  50      F99EC2D4 
  50      120E72
  51 008c 6A5906A0 		.ascii	"jY\006\240\007\325\014,(q\031\202\360DZ\223`\260\365"
  51      07D50C2C 
  51      28711982 
  51      F0445A93 
  51      60B0F5
  52 009f 514CDA78 		.ascii	"QL\332x\\\305kr6Y\244v\306!\302\031\323$\226\3428\016"
  52      5CC56B72 
  52      3659A476 
  52      C621C219 
  52      D32496E2 
  53 00b5 1B19864D 		.ascii	"\033\031\206M\367\256\037\266\032\303\024f\373$\203"
  53      F7AE1FB6 
  53      1AC31466 
  53      FB2483
  54 00c4 43271851 		.ascii	"C'\030Q\012\340BOm\\\325\264\220\252\256Uko\226\033"
  54      0AE0424F 
  54      6D5CD5B4 
  54      90AAAE55 
  54      6B6F961B 
  55 00d8 58848391 		.ascii	"X\204\203\221~\030K`$\021/I\022\335\371<\204\343w\306"
  55      7E184B60 
  55      24112F49 
  55      12DDF93C 
  55      84E377C6 
  56 00ec 807269E3 		.ascii	"\200ri\343Xlq\302\024\\S?V\325\362\010\2274\2116<\001"
  56      586C71C2 
  56      145C533F 
  56      56D5F208 
  56      97348936 
  57 0102 41C23E8D 		.ascii	"A\302>\215\014\216\231V\245\010\307}\3605\364\367\205"
  57      0C8E9956 
  57      A508C77D 
  57      F035F4F7 
  57      85
  58 0113 95520CED 		.ascii	"\225R\014\355\020\241\234d\320\362\365\243\247>\212"
  58      10A19C64 
  58      D0F2F5A3 
  58      A73E8A
  59 0122 C2E7CDED 		.ascii	"\302\347\315\355bY\206SX\332I\330 0\355q_w\021\246\274"
  59      62598653 
  59      58DA49D8 
  59      2030ED71 
  59      5F7711A6 
ARM GAS  /tmp/cc08ohYX.s 			page 4


  60 0137 467B7C0D 		.ascii	"F{|\015\321\024-tA0\302\015l\036\370\213e\0305\024\313"
  60      D1142D74 
  60      4130C20D 
  60      6C1EF88B 
  60      65183514 
  61 014c A01B6544 		.ascii	"\240\033eD\270\211=\202\301\376\336\344\220\201\202"
  61      B8893D82 
  61      C1FEDEE4 
  61      908182
  62 015b 43DC90AB 		.ascii	"C\334\220\253\314,\224\215v%\023\226\324+uH\306\245"
  62      CC2C948D 
  62      76251396 
  62      D42B7548 
  62      C6A5
  63 016d 63DD4FAF 		.ascii	"c\335O\257\232Q\026v\263\010N\303\006\350IK:9\262\272"
  63      9A511676 
  63      B3084EC3 
  63      06E8494B 
  63      3A39B2BA 
  64 0181 6252BAD4 		.ascii	"bR\272\3240\"\026\350EM\353\242\327\320\007\0122\205"
  64      302216E8 
  64      454DEBA2 
  64      D7D0070A 
  64      3285
  65 0193 9E1D1AE6 		.ascii	"\236\035\032\346)\2424\327e-\031/\243\315\001$\370\006"
  65      29A234D7 
  65      652D192F 
  65      A3CD0124 
  65      F806
  66 01a5 779982F0 		.ascii	"w\231\202\360D\350\215t\014\006\364,\306\376\262\246"
  66      44E88D74 
  66      0C06F42C 
  66      C6FEB2A6 
  67 01b5 02187C4B 		.ascii	"\002\030|K4\214\332\315Y\177\005G\351\253\211\344\214"
  67      348CDACD 
  67      597F0547 
  67      E9AB89E4 
  67      8C
  68 01c6 909EA3AA 		.ascii	"\220\236\243\252\231d:\330\177k;\363\257\266\357@\311"
  68      99643AD8 
  68      7F6B3BF3 
  68      AFB6EF40 
  68      C9
  69 01d7 ADDA8244 		.ascii	"\255\332\202D\337c\3164\264\224S\336\255\360\351\317"
  69      DF63CE34 
  69      B49453DE 
  69      ADF0E9CF 
  70 01e7 3801C540 		.ascii	"8\001\305@\265/\215\034\235)\245\327\022\260\341\353"
  70      B52F8D1C 
  70      9D29A5D7 
  70      12B0E1EB 
  71 01f7 DCB9D671 		.ascii	"\334\271\326q\340o\213N\235\031x\320a\251:\246\252-"
  71      E06F8B4E 
  71      9D1978D0 
  71      61A93AA6 
  71      AA2D
  72 0209 EA64F284 		.ascii	"\352d\362\204\375\342W\207\324\366fs\204[\241\0378\232"
ARM GAS  /tmp/cc08ohYX.s 			page 5


  72      FDE25787 
  72      D4F66673 
  72      845BA11F 
  72      389A
  73 021b 0A6228E7 		.ascii	"\012b(\347\207t\015p\026\2520\247uA=/\323vV\260\301"
  73      87740D70 
  73      16AA30A7 
  73      75413D2F 
  73      D37656B0 
  74 0230 39C4E6A0 		.ascii	"9\304\346\240e\272\267ux\333\363\276\214\337|\346\020"
  74      65BAB775 
  74      78DBF3BE 
  74      8CDF7CE6 
  74      10
  75 0241 96D4B074 		.ascii	"\226\324\260t\0354w\270\015:\360\340\317\023*\353\015"
  75      1D3477B8 
  75      0D3AF0E0 
  75      CF132AEB 
  75      0D
  76 0252 CD60005D 		.ascii	"\315`\000]\240\317\231:r\215\274r\201R\014z\360\367"
  76      A0CF993A 
  76      728DBC72 
  76      81520C7A 
  76      F0F7
  77 0264 8928753B 		.ascii	"\211(u;N\240Q\007\252\013#@\322\031\\$\330\224O7Ht0"
  77      4EA05107 
  77      AA0B2340 
  77      D2195C24 
  77      D8944F37 
  78 027b 445F0FB0 		.ascii	"D_\017\260\373\200\370\227\321\276?-\225\363\020U;l"
  78      FB80F897 
  78      D1BE3F2D 
  78      95F31055 
  78      3B6C
  79 028d 115E4A29 		.ascii	"\021^J)]3gU\263L>\274\004\225B]bq|B\302\025\270\014"
  79      5D336755 
  79      B34C3EBC 
  79      0495425D 
  79      62717C42 
  80 02a5 B2680483 		.ascii	"\262h\004\203+\242\341\235\003C\263%\225\277\245\263"
  80      2BA2E19D 
  80      0343B325 
  80      95BFA5B3 
  81 02b5 CB2876B9 		.ascii	"\313(v\271\273\357n\261\310\276J\331p\015d<.I\364\224"
  81      BBEF6EB1 
  81      C8BE4AD9 
  81      700D643C 
  81      2E49F494 
  82 02c9 A1F34393 		.ascii	"\241\363C\223\211\266Y#U\367B\373\233EK\340z\372\013"
  82      89B65923 
  82      55F742FB 
  82      9B454BE0 
  82      7AFA0B
  83 02dc A0F8E51B 		.ascii	"\240\370\345\033\303\257\353\272\320\266\226\351xQ~"
  83      C3AFEBBA 
  83      D0B696E9 
  83      78517E
ARM GAS  /tmp/cc08ohYX.s 			page 6


  84 02eb 91374491 		.ascii	"\2217D\2217\013\020X\004\016\3039\004KmO\337\321\037"
  84      370B1058 
  84      040EC339 
  84      044B6D4F 
  84      DFD11F
  85 02fe 6996A038 		.ascii	"i\226\2408\377H\277\020G:BhI>\375\250\240\037+@o\025"
  85      FF48BF10 
  85      473A4268 
  85      493EFDA8 
  85      A01F2B40 
  86 0314 38FC98A6 		.ascii	"8\374\230\246\317\030\3719{.|\360\022{\336\022\366\314"
  86      CF18F939 
  86      7B2E7CF0 
  86      127BDE12 
  86      F6CC
  87 0326 7E15563C 		.ascii	"~\025V<\315\333\205\3559u\344\017\242\034#\275\245y"
  87      CDDB85ED 
  87      3975E40F 
  87      A21C23BD 
  87      A579
  88 0338 7E5AE924 		.ascii	"~Z\351$?\335!\260L\357\247'\243@\\\014\306\013\370\351"
  88      3FDD21B0 
  88      4CEFA727 
  88      A3405C0C 
  88      C60BF8E9 
  89 034c AEA8F55E 		.ascii	"\256\250\365^\216\237\326\243S\003\305\031\253\334\026"
  89      8E9FD6A3 
  89      5303C519 
  89      ABDC16
  90 035b 56B92FAC 		.ascii	"V\271/\254\242\367\305\203\214/\210@\314\0159=\246C"
  90      A2F7C583 
  90      8C2F8840 
  90      CC0D393D 
  90      A643
  91 036d 9397B402 		.ascii	"\223\227\264\002c\032U\224c\356\303\354\341\311\005"
  91      631A5594 
  91      63EEC3EC 
  91      E1C905
  92 037c C7F92B18 		.ascii	"\307\371+\030\367Sj\234\377\317\371=Qh~\377\234\235"
  92      F7536A9C 
  92      FFCFF93D 
  92      51687EFF 
  92      9C9D
  93 038e DFBFBC7C 		.ascii	"\337\277\274|~\277\212\274\277\246\365=\206\226\270"
  93      7EBF8ABC 
  93      BFA6F53D 
  93      8696B8
  94 039d B65384D2 		.ascii	"\266S\204\322\225\300\377\030,\021{\260\245\306\355"
  94      95C0FF18 
  94      2C117BB0 
  94      A5C6ED
  95 03ac D9EDD9E9 		.ascii	"\331\355\331\351P|\001\305]\337\240\354\363\371\033"
  95      507C01C5 
  95      5DDFA0EC 
  95      F3F91B
  96 03bb 038A6397 		.ascii	"\003\212c\227}\353\026e\307\216\367\225]\333\355Mo\021"
  96      7DEB1665 
ARM GAS  /tmp/cc08ohYX.s 			page 7


  96      C78EF795 
  96      5DDBED4D 
  96      6F11
  97 03cd 521768AC 		.ascii	"R\027h\254kh\330\263\331\311\014M\365\015\373]\233r"
  97      6B68D8B3 
  97      D9C90C4D 
  97      F50DFB5D 
  97      9B72
  98 03df 129D3EAF 		.ascii	"\022\235>\257\327\2677\235\373^\255\275\306~@q\272\235"
  98      D7B7379D 
  98      FB5EADBD 
  98      C67E4071 
  98      BA9D
  99 03f1 3EBFABAE 		.ascii	">\277\253\256\351]\357f7\253\316\017v\035hTj\354\216"
  99      E95DEF66 
  99      37ABCE0F 
  99      761D6854 
  99      6AEC8E
 100 0404 ED0EC5B3 		.ascii	"\355\016\305\263\327\331\260\177\217Kqz\003\236@\335"
 100      D7D9B07F 
 100      8F4B717A 
 100      039E40DD 
 101 0414 874E2726 		.ascii	"\207N'&T\350d\371\002\370\343o\024w\035\214\253\331"
 101      54E864F9 
 101      02F8E36F 
 101      14771D8C 
 101      ABD9
 102 0426 1DDC8183 		.ascii	"\035\334\201\203\001\204\313\355\216Z\333\356\372\200"
 102      0184CBED 
 102      8E5ADBEE 
 102      FA80
 103 0434 6B9FDFB3 		.ascii	"k\237\337\263\311VU\315$?3y]^\237\377 \373\007\233\257"
 103      C95655CD 
 103      243F3379 
 103      5D5E9FFF 
 103      20FB079B 
 104 0449 CAC4     		.ascii	"\312\304"
 105              		.text
 106              		.section	.gnu.lto_st_lld_init.8a1e919707c9e592,"",%progbits
 107 0000 789C9D94 		.ascii	"x\234\235\224KL\023A\030\307\347\277\273\335.\025_\211"
 107      4B4C1341 
 107      18C7E7BF 
 107      BBDD2E15 
 107      5F89
 108 0012 377BF08A 		.ascii	"7{\360\212\007\327\"w\017z1\201\230\010\027O\304\307"
 108      07D72277 
 108      0F7A3181 
 108      9808174F 
 108      C4C7
 109 0024 0112128C 		.ascii	"\001\022\022\214\020\343\255\203\355\002\361\240\030"
 109      10E3AD83 
 109      ED02F1A0 
 109      18
 110 0031 626F8483 		.ascii	"bo\204\203\211 \012\264\010H\021\265T\020Q^F\005\023"
 110      89200AB4 
 110      084811B5 
 110      5410515E 
ARM GAS  /tmp/cc08ohYX.s 			page 8


 110      460513
 111 0044 E511131A 		.ascii	"\345\021\023\032\"\036\026\250\217h\240\3167[\012\306"
 111      221E16A8 
 111      8F68A0CE 
 111      375B0AC6 
 112 0054 8B74929D 		.ascii	"\213t\222\235\335y\364\367\373\276yTc`T\256\272\030"
 112      DD79F4F7 
 112      FBBE7954 
 112      636054AE 
 112      BA18
 113 0066 2B10EF83 		.ascii	"+\020\357\203\342\201\312\2404L0Vc(\000}p\003\314\257"
 113      E281CAA0 
 113      344C3056 
 113      6328007D 
 113      7003CCAF 
 114 007a C08F6FCA 		.ascii	"\300\217o\312\272\202x]\"\252\344\265pQ\026\026\357"
 114      BA82785D 
 114      22AAE4B5 
 114      70511616 
 114      EF
 115 008b E6F3D618 		.ascii	"\346\363\326\030,\225\261\224\"I\014-\310cb\332\347"
 115      2C95B194 
 115      22490C2D 
 115      C86362DA 
 115      E7
 116 009c C8C6EDDD 		.ascii	"\310\306\355\335z\220\246\035r\006\321\012\235t\235"
 116      7A90A61D 
 116      7206D10A 
 116      9D749D
 117 00ab 67623C95 		.ascii	"gb<\225\012p\276rt)o\277\302,U(E\345\242J\247\2121["
 117      0A70BE72 
 117      74296FBF 
 117      C22C5528 
 117      45E5A24A 
 118 00c3 FC80D42B 		.ascii	"\374\200\324+\212Bo5\201x\377\312\273\002B\004T\212"
 118      8A426F35 
 118      8178FFCA 
 118      BB024204 
 118      548A
 119 00d5 2264C527 		.ascii	"\"d\305'\335I\305R\025\220-\3304\234\310q\232\334\256"
 119      DD49C552 
 119      15902DD8 
 119      349CC871 
 119      9ADCAE
 120 00e8 E79AE85A 		.ascii	"\347\232\350Z\236\377\035u5\243ID\247\242\015^\334\203"
 120      9EFF1D75 
 120      35A34944 
 120      A7A20D5E 
 120      DC83
 121 00fa 97D1DCD5 		.ascii	"\227\321\334\325\320\324B\256\331\316\2035|\237\245"
 121      D0D442AE 
 121      D9CE8335 
 121      7C9FA5
 122 0109 6AB88F66 		.ascii	"j\270\217fl\310\350\361\000&K \360SwD\252\343\352\036"
 122      6CC8E8F1 
 122      00264B20 
 122      F0537744 
ARM GAS  /tmp/cc08ohYX.s 			page 9


 122      AAE3EA1E 
 123 011d 1AA93508 		.ascii	"\032\2515\010\016Q\332\005ED\023\002M\331\211\246cK"
 123      0E51DA05 
 123      45441302 
 123      4DD989A6 
 123      634B
 124 012f D30953C0 		.ascii	"\323\011S\300\011\323\177kZs\\\256\355I\271dR\327\003"
 124      09D37F6B 
 124      5A735CAE 
 124      ED49B964 
 124      52D703
 125 0142 835D86D3 		.ascii	"\203]\206\323\344\261\006\276GtM\315\365M{\034\233\216"
 125      E4B106BE 
 125      47744DCD 
 125      F54D7B1C 
 125      9B8E
 126 0154 88B085D3 		.ascii	"\210\260\205\323\266\336\265\325\233\333m]\322F\313"
 126      B6DEB5D5 
 126      9BDB6D5D 
 126      D246CB
 127 0163 8D877F27 		.ascii	"\215\207\177'E\256\177\262\370on\367\026\267\207\262"
 127      45AE7FB2 
 127      F86F6EF7 
 127      16B787B2 
 128 0173 D00993B4 		.ascii	"\320\011\223\264g\202\3564)\223\203[\3460\321\376\303"
 128      6782EE34 
 128      2993835B 
 128      E630D1FE 
 128      C3
 129 0184 F6384D3A 		.ascii	"\3668M:\012\2641w:\276\217\030\302UC\035\307\305~\033"
 129      0AB43177 
 129      3ABE8F18 
 129      C255431D 
 129      C7C57E1B 
 130 0198 78248CBD 		.ascii	"x$\214\275ic\333xr\315MF\220\257O\372\344\361\211\302"
 130      6963DB78 
 130      72CD4D46 
 130      90AF4FFA 
 130      E4F189C2 
 131 01ac 14C343FC 		.ascii	"\024\303C\374}\257\004jh9\200~'\217d\370S&\200\035\341"
 131      7DAF046A 
 131      6839807E 
 131      278F64F8 
 131      5326801D 
 132 01c1 1F4BBC4A 		.ascii	"\037K\274J\370\001\211_\036\010\177p9\370\224({\361"
 132      F801895F 
 132      1E087F70 
 132      39F89428 
 132      7BF1
 133 01d3 246DB0B3 		.ascii	"$m\260\2634<\225\006\215\014\317\244!\263@\032\030b"
 133      343C9506 
 133      8D0CCFA4 
 133      21B3401A 
 133      1862
 134 01e5 9BF1CF66 		.ascii	"\233\361\317fC\317\301\240\244\213\333KC\251PdV\367"
 134      43CFC1A0 
 134      A48BDB4B 
ARM GAS  /tmp/cc08ohYX.s 			page 10


 134      43A95064 
 134      56F7
 135 01f7 75D25EF1 		.ascii	"u\322^\361\263\304\217\303\304a\257<r\317\341\313\310"
 135      B3C48FC3 
 135      C461AF3C 
 135      72CFE1CB 
 135      C8
 136 0208 ECAC641A 		.ascii	"\354\254d\032\206\244L'\334\260 gb\237\313\016\367B"
 136      86A44C27 
 136      DCB02067 
 136      629FCB0E 
 136      F742
 137 021a E2DC841B 		.ascii	"\342\334\204\033\331\206\263\263\304\275\2248\203p\243"
 137      D986B3B3 
 137      C4BD9438 
 137      8370A3
 138 0229 72A17BEA 		.ascii	"r\241{\352\306\"\351\223\002\274\332\014v>;\372kI\317"
 138      C622E993 
 138      02BCDA0C 
 138      763E3BFA 
 138      6B49CF
 139 023c 21FA9808 		.ascii	"!\372\230\010\226pK\260b\215o\345\015\242\371\321\350"
 139      96704BB0 
 139      628D6FE5 
 139      0DA2F9D1 
 139      E8
 140 024d D78F6EFF 		.ascii	"\327\217n\377:\257\347tS<)\272$\030\207\237\306\026"
 140      3AAFE774 
 140      533C29BA 
 140      2418879F 
 140      C616
 141 025f 471B6B73 		.ascii	"G\033ks)\224]B0\001/]\356_37\014\247\313\300$\274\226"
 141      29945D42 
 141      30012F5D 
 141      EE5F3337 
 141      0CA7CBC0 
 142 0276 9ACBBEE0 		.ascii	"\232\313\276\340Z\354M\261\004R\261\005B\374\371\211"
 142      5AEC4DB1 
 142      0452B105 
 142      42FCF989 
 143 0286 C39F7FA2 		.ascii	"\303\237\177\242\254\374|\371\351b\263\262\312,;Wa^"
 143      ACFC7CF9 
 143      E962B3B2 
 143      CA2C3B57 
 143      615E
 144 0298 AABC5C5D 		.ascii	"\252\274\\]e\026\227\024\035\3137\013\013O\232%\247"
 144      65169714 
 144      1DCB370B 
 144      0B4F9A25 
 144      A7
 145 02a9 8AAEF868 		.ascii	"\212\256\370h\244\264\252\272\264\242\342\342\221\013"
 145      A4B4AABA 
 145      B4A2E2E2 
 145      910B
 146 02b7 EC0FCC35 		.ascii	"\354\017\3145\354\240"
 146      ECA0
 147              		.text
ARM GAS  /tmp/cc08ohYX.s 			page 11


 148              		.section	.gnu.lto_.symbol_nodes.8a1e919707c9e592,"",%progbits
 149 0000 789C55C9 		.ascii	"x\234U\311\273\015\302@\020E\321\267o\374'A4`\250t6"
 149      BB0DC240 
 149      1045D1B7 
 149      6FFC2741 
 149      3460A874 
 150 0015 B0844444 		.ascii	"\260\204DD\302\037\003\201\253 \266LF\015\004\016]\003"
 150      C21F0381 
 150      AB20B64C 
 150      460D040E 
 150      5D03
 151 0027 C2DE8889 		.ascii	"\302\336\210\211\256tn\004\207\271\003\300\035\025\330"
 151      AE746E04 
 151      87B903C0 
 151      1D15D8
 152 0036 BE81314F 		.ascii	"\276\2011O\277\002\342#\341\027\200pOuf\271+\225A\000"
 152      BF02E223 
 152      E1178070 
 152      4F7566B9 
 152      2B954100 
 153 004a EF97235C 		.ascii	"\357\227#\\\250b\340L\215\014\334\251\261\201\03351"
 153      A862E04C 
 153      8D0CDCA9 
 153      B1811B35 
 153      31
 154 005b 50535303 		.ascii	"PSS\003'jf\340@\315\015<\250\305?\010\0124\237\257\023"
 154      276A66E0 
 154      40CD0D3C 
 154      A8C53F08 
 154      0A349FAF 
 155 0070 E4684333 		.ascii	"\344hC3\264]\227\010R\364\241\011\252\327\324\030\325"
 155      B45D9708 
 155      52F4A109 
 155      AAD7D418 
 155      D5
 156 0081 66280511 		.ascii	"f(\005\021\232PA;\2253\364\353\241\304\017\011R@$"
 156      9A50413B 
 156      9533F4EB 
 156      A1C40F09 
 156      524024
 157              		.text
 158              		.section	.gnu.lto_.refs.8a1e919707c9e592,"",%progbits
 159 0000 789C6361 		.ascii	"x\234ca`d\340d```b`bddb\024d\000\000\0011\000)"
 159      6064E064 
 159      60606062 
 159      60626464 
 159      62146400 
 160              		.text
 161              		.section	.gnu.lto_.decls.8a1e919707c9e592,"",%progbits
 162 0000 789CCD59 		.ascii	"x\234\315Y\013PT\311z\236>=\274_\026\232\033\353\306"
 162      0B5054C9 
 162      7A9E3E3D 
 162      BC5F169A 
 162      1BEBC6
 163 0013 DC72376E 		.ascii	"\334r7nI\245\242#\350\336\275[\251TVG\024\022\335\265"
 163      49A5A223 
 163      E8DEBD5B 
ARM GAS  /tmp/cc08ohYX.s 			page 12


 163      A9545647 
 163      1412DDB5 
 164 0027 06772BB9 		.ascii	"\006w+\271Ij\2028\012\025\036.\240\321\252Te\004\224"
 164      496A8238 
 164      0A151E2E 
 164      A0D1AA54 
 164      650494
 165 003a 87E2F250 		.ascii	"\207\342\362PT\336\002\212\012\272,\312C\021\035A\020"
 165      54DE028A 
 165      0ABA2CCA 
 165      43111D41 
 165      10
 166 004b 79288B88 		.ascii	"y(\213\210\"\240\240\010\272* \210\370\000\311\337\335"
 166      22A0A008 
 166      BA2A2088 
 166      F800C9DF 
 166      DD
 167 005c E7CCE939 		.ascii	"\347\314\3519\214\336\255J\245*S\374s\316\337\375\375"
 167      8CDEAD4A 
 167      A52A53FC 
 167      73CEDFFD 
 167      FD
 168 006d 5FFFDD7F 		.ascii	"_\377\335\177?\376\036\324*\244\"\237\300\371*U\231"
 168      3FFE1ED4 
 168      2AA4229F 
 168      C0F92A55 
 168      99
 169 007e 8D4AB51F 		.ascii	"\215J\265\037\324i\370`(\373\016D\000)\003\271\250b"
 169      D469F860 
 169      28FB0E44 
 169      002903B9 
 169      A862
 170 0090 1F27901A 		.ascii	"\037'\220\032\220+ \365 M - 7@~\006\271\011r\013\344"
 170      902B20F5 
 170      204D202D 
 170      2037407E 
 170      06B90972 
 171 00a6 36483708 		.ascii	"6H7\010a\357UY~\210\375,\221\177!H\237\330\306Y\220"
 171      61EF5559 
 171      7E88FD2C 
 171      917F2148 
 171      9FD8C659 
 172 00bb 46900720 		.ascii	"F\220\007 \227A>\003\343\277\002\031\204ww\2209\242"
 172      97413E03 
 172      E3BF0219 
 172      84777790 
 172      39A2
 173 00cd 1F1E50B6 		.ascii	"\037\036P\266\0101\356\277\200\257\331\"\347m\261m\015"
 173      0831EEBF 
 173      80AFD922 
 173      E76DB16D 
 173      0D
 174 00de 9479822C 		.ascii	"\224y\202,\005\371\034\344o\021\363\353\357\020\363"
 174      05F91CE4 
 174      6F11F3EB 
 174      EF10F3
 175 00ed F1EFE1B9 		.ascii	"\361\357\341\271\0341\237\265\360\364F\254\017Mb\237"
ARM GAS  /tmp/cc08ohYX.s 			page 13


 175      1C319FB5 
 175      F0F446AC 
 175      0F4D629F 
 176 00fd ACF94CFA 		.ascii	"\254\371L\372\353\302\371\234\012\240d\321\267\\x\346"
 176      EBC2F99C 
 176      0AA064D1 
 176      B75C78E6 
 177 010d 20D9DF71 		.ascii	" \331\337q(;\202\230\257] \216 ;@?\004\362\347 \177"
 177      283B8298 
 177      AF5D208E 
 177      203B403F 
 177      04F2E720 
 178 0122 093217E4 		.ascii	"\0112\027\344\267 \356 \237\200\314\007\3713\304\306"
 178      B720EE20 
 178      9F80CC07 
 178      F933C4C6 
 179 0132 FB8A3876 		.ascii	"\373\2128v\312\317\224\200~\216)\311\304/\005\344\356"
 179      CACF9480 
 179      7E8E29C9 
 179      C42F05E4 
 179      EE
 180 0143 88D4A0BE 		.ascii	"\210\324\240\276hI\177\350\012\352\034G4\037\324\364"
 180      68497FE8 
 180      0AEA1C47 
 180      341FD4F4 
 181 0153 AA978D36 		.ascii	"\252\227\2156\254\326\036\324k\243\235\327]\034\343"
 181      ACD61ED4 
 181      6BA39DD7 
 181      5D1CE3
 182 0162 8CF0498A 		.ascii	"\214\360I\2126\2727\270\222\212\343h\036*D\363\240\227"
 182      36BA37B8 
 182      928AE368 
 182      1E2A44F3 
 182      A097
 183 0174 27113886 		.ascii	"'\0218\2064\363\320\011P\001^T~\364<b\326\016\240\356"
 183      34F3D009 
 183      50015E54 
 183      7EF43C62 
 183      D60EA0EE 
 184 0188 A92BABC7 		.ascii	"\251+\253\307\214\273\201T\337z]\375\326\031\013\010"
 184      8CBB8154 
 184      DF7A5DFD 
 184      D6190B08 
 185 0198 DED567A2 		.ascii	"\336\325g\242\356\037qE\036\363\020\220!\307c\264\005"
 185      EE1F7145 
 185      1EF31090 
 185      21C763B4 
 185      05
 186 01a9 A35150A1 		.ascii	"\243QP\241\237\220#:\205\260\344q\272\021Z\037\371o"
 186      9F90233A 
 186      85B0E471 
 186      BA115A1F 
 186      F96F
 187 01bb 520CEFF6 		.ascii	"R\014\357\366\364\011%Q\306\221<\243\355\\\025Z:\017"
 187      F4092551 
 187      C6913CA3 
 187      ED5C155A 
ARM GAS  /tmp/cc08ohYX.s 			page 14


 187      3A0F
 188 01cd 2D99A742 		.ascii	"-\231\247B\247\221\007\255R\241\022 \374Qt\247\270\261"
 188      A79107AD 
 188      52A11220 
 188      FC5174A7 
 188      B8B1
 189 01df D7CE3D49 		.ascii	"\327\316=I\344\376\012Q\356b\250/\242\336\227\"w\251"
 189      E4FE0A51 
 189      EE62A82F 
 189      A2DE9722 
 189      77A9
 190 01f1 0F047DF7 		.ascii	"\017\004}\367js\214\255\243\310\235\364\247\270\007"
 190      6A738CAD 
 190      A3C89DF4 
 190      A7B807
 191 0200 9A8A6EBA 		.ascii	"\232\212n\272\362\334g>\306\235\327vw7vN \334\3428\236"
 191      F2DC673E 
 191      C69DD776 
 191      7737764E 
 191      20DCE238 
 192 0215 45EEDC40 		.ascii	"E\356\334@\226!g\322Y\362\004tO\303\211\"2n\013\035"
 192      962167D2 
 192      59F20474 
 192      4FC38922 
 192      326E0B1D 
 193 0229 1159486E 		.ascii	"\021YHnP\364\343\263so\\X\021\341k\035\234z\204\026"
 193      50F4E3B3 
 193      736F5C58 
 193      11E16B1D 
 193      9C7A8416 
 194 023d 174BA366 		.ascii	"\027K\243f'\207\267\355\207\321\002;<\213\240\204\372"
 194      2787B7ED 
 194      87D1023B 
 194      3C8BA084 
 194      FA
 195 024e C433A54E 		.ascii	"\3043\245N\310\203\215n\357D\201\3639\243q\026\252\002"
 195      C8838D6E 
 195      EF4481F3 
 195      39A37116 
 195      AA02
 196 0260 47CF218C 		.ascii	"G\317!\214*\321b\322\344B\342b\234\354\231\312\354\026"
 196      2AD162D2 
 196      E442E262 
 196      9CEC99CA 
 196      EC16
 197 0272 3A0F1D87 		.ascii	":\017\035\207\006\011\020U@a9\353\372\211\202\344<["
 197      06091055 
 197      406139EB 
 197      FA8982E4 
 197      3C5B
 198 0284 FC3D6DE2 		.ascii	"\374=m\342\360\331\223\023\216\346&\306c\227\025\223"
 198      F0D99313 
 198      8EE626C6 
 198      63971593 
 199 0294 262E4213 		.ascii	"&.B\023\027\344&\252\320\207\333\250\266\322\006\261"
 199      17E426AA 
 199      D087DBA8 
ARM GAS  /tmp/cc08ohYX.s 			page 15


 199      B6D206B1 
 200 02a4 8776DE97 		.ascii	"\207v\336\227\326\275q\355B\235\010f4\232E;\210\020"
 200      D6BD71ED 
 200      429D0866 
 200      349A453B 
 200      8810
 201 02b6 FB465454 		.ascii	"\373FTTL\250\252\222\377\314EH\002\212\272 \275\252"
 201      4CA8AA92 
 201      FFCC4548 
 201      028ABA20 
 201      BDAA
 202 02c8 CC64F44F 		.ascii	"\314d\364O\262\237\226>\224DfG\242\021\323Ec\025\022"
 202      B29F963E 
 202      94446647 
 202      A211D345 
 202      631512
 203 02db 75416E00 		.ascii	"uAn\0001U2\340\370\230\273\"\235\354\263\271OH\212\337"
 203      315532E0 
 203      F898BB22 
 203      9DECB3B9 
 203      4F488ADF 
 204 02ef F3E16785 		.ascii	"\363\341g\205\256\270\016\3210O]\313H\027\346\246\211"
 204      AEB80ED1 
 204      304F5DCB 
 204      4817E6A6 
 204      89
 205 0300 CB6FBE1A 		.ascii	"\313o\276\032}\367\033n\322\\Fs\341{\203\232\031f\304"
 205      7DF71B6E 
 205      D25C4673 
 205      E17B839A 
 205      1966C4
 206 0313 E7C7B97C 		.ascii	"\347\307\271|\232k\314-1\366V_\017K-5\032\343\301NM"
 206      9A6BCC2D 
 206      31F6565F 
 206      0F4B2D35 
 206      1AE3C14E 
 207 0328 60C82407 		.ascii	"`\310$\007\303D\327\026\272\204\272\300\203\032\364"
 207      C344D716 
 207      BA84BAC0 
 207      831AF4
 208 0337 29D903F6 		.ascii	")\331\003\366\016\347\272\341\235ta\242'\205\015Y\230"
 208      0EE7BAE1 
 208      9D7461A2 
 208      27850D59 
 208      98
 209 0348 F1982A52 		.ascii	"\361\230*R\360a\243)\006h\004JS+\323\324\3624W(\315"
 209      F061A329 
 209      0668044A 
 209      532BD3D4 
 209      F2345728 
 210 035d FD91B1AB 		.ascii	"\375\221\261\253N8\221\321\234|~t\034\001M/L\213\344"
 210      4E3891D1 
 210      9C7C7E74 
 210      1C014D2F 
 210      4C8BE4
 211 0370 D490D8FC 		.ascii	"\324\220\330\374\335\246$D}Fu2K\235\270\320Q=e\250\315"
 211      DDA62444 
ARM GAS  /tmp/cc08ohYX.s 			page 16


 211      7D467532 
 211      4B9DB8D0 
 211      513D65A8 
 212 0385 DBD38F70 		.ascii	"\333\323\217p\013cxZ4\320\341j\261f\310\022\223\273"
 212      0B63785A 
 212      34D0E16A 
 212      B166C812 
 212      93BB
 213 0397 DFC0D60C 		.ascii	"\337\300\326\014\331\245j\233\242\260Z`ed@\240lwu\326"
 213      D9A56A9B 
 213      A2B05A60 
 213      656440A0 
 213      6C7775D6 
 214 03ab 3DF50787 		.ascii	"=\365\007\207\256\221\016\3355$\216]b\276\351\275\255"
 214      AE910EDD 
 214      35248E5D 
 214      62BEE9BD 
 214      AD
 215 03bc E8EC645A 		.ascii	"\350\354dZXjt\256\017\201\240\253\262\247W%O\233\250"
 215      586A74AE 
 215      0F81A0AB 
 215      B2A75725 
 215      4F9BA8
 216 03cf A71D3F3C 		.ascii	"\247\035?<\177a\203\247\231\247S\007_\027a\321\374\316"
 216      7F6183A7 
 216      99A75307 
 216      5F1761D1 
 216      FCCE
 217 03e1 DD7F4B21 		.ascii	"\335\177K!\346\244\243\315\262y\263d\336B\315\373\306"
 217      E6A4A3CD 
 217      B279B364 
 217      DE42CDFB 
 217      C6
 218 03f2 A33BED70 		.ascii	"\243;\355p\031\246\346\373*&\247\305\326M\243\215\316"
 218      19A6E6FB 
 218      2A26A7C5 
 218      D64DA38D 
 218      CE
 219 0403 304ED4FA 		.ascii	"0N\324\372\272l}]\262\276A\255\343+j\0231ne\326\306"
 219      BA6C7D5D 
 219      B2BE41AD 
 219      E32B6A13 
 219      316E65D6 
 220 0418 EAAE0AB5 		.ascii	"\352\256\012\265\330xZ\316\266\375R\343\255\262y\253"
 220      D8785ACE 
 220      B6FD52E3 
 220      ADB279AB 
 221 0428 64FE3335 		.ascii	"d\37635\3579\223\375\306\026G\251Y\234R\013\023\034"
 221      EF3993FD 
 221      C61647A9 
 221      599C520B 
 221      131C
 222 043a 24DFD3FF 		.ascii	"$\337\323\377\325\354{\233l\336&\231\337\244\346\371"
 222      D5EC7B9B 
 222      6CDE2699 
 222      DFA4E6F9 
 223 044a B5AFC69D 		.ascii	"\265\257\306\235q\0063/n\271_l/\372\376R\366\275]\266"
ARM GAS  /tmp/cc08ohYX.s 			page 17


 223      7106332F 
 223      6EB95F6C 
 223      2FFAFE52 
 223      F6BD5DB6 
 224 045e 6E97AC6F 		.ascii	"n\227\254oQ\353G%\335u\002.a\326\027\2633R\005i\334"
 224      51EB4725 
 224      DD75022E 
 224      61D617B3 
 224      33520569 
 225 0473 3B42CDE3 		.ascii	";B\315\343\336!\233wH\346\267\251yF\373\203|\001_f\346"
 225      DE219B77 
 225      48E6B7A9 
 225      7946FB83 
 225      7C015F66 
 226 0488 B1CF0A3A 		.ascii	"\261\317\012:\004\032w\262\341\260\270\367w_\356t3\227"
 226      041A77B2 
 226      E1B0B8F7 
 226      775FEE74 
 226      3397
 227 049a 75225A78 		.ascii	"u\"Zx0\355\300\270\335\007'C\027\235\014w\245\3110\032"
 227      30EDC0B8 
 227      DD072743 
 227      179D0C77 
 227      A5C9301A 
 228 04ae 1FD7288D 		.ascii	"\037\327(\215H\373\300\226\303\245\306\030\007\202A"
 228      48FBC096 
 228      C3A5C618 
 228      078241
 229 04bd 7764AFEE 		.ascii	"wd\257\356H^uS\257F\357\266\3679\1772\245\316\201\003"
 229      485E7553 
 229      AF46EFB6 
 229      F7397F32 
 229      A5CE8103 
 230 04d1 0A3676BA 		.ascii	"\0126v\272I\306\357\235\264\305\2616\324\321#-ci\216"
 230      49C6EF9D 
 230      B4C5B136 
 230      D4D1232D 
 230      63698E
 231 04e4 F8005326 		.ascii	"\370\000S&c+\336\331}\226ol\315%\0135\362L\224\311\030"
 231      632BDED9 
 231      7D966F6C 
 231      CD250B35 
 231      F24C94C9 
 232 04f9 FF153D0F 		.ascii	"\377\025=\017\356C\003\260\"\271c\344\036\224\364\240"
 232      EE4303B0 
 232      22B963E4 
 232      1E94F4A0 
 233 0509 4F54A817 		.ascii	"OT\250\027}F\216\250\252\312>7\213%AFK\356I\237x\214"
 233      7D468EA8 
 233      AACA3E37 
 233      8B254146 
 233      4BEE499F 
 234 051f F4D163E4 		.ascii	"\364\321c\344\335\243\037\007\235-\320\227-\320\017"
 234      DDA31F07 
 234      9D2DD097 
 234      2DD00F
 235 052e 60B188FD 		.ascii	"`\261\210\375y@\015*\372\016\\r`\307\367\035\342i\305"
ARM GAS  /tmp/cc08ohYX.s 			page 18


 235      79400D2A 
 235      FA0E5C72 
 235      60C7F71D 
 235      E269C5
 236 0541 5051850B 		.ascii	"PQ\205\013;\277MD\2779p$\306\231\325\267\022\275\266"
 236      3BBF4D44 
 236      BF397024 
 236      C699D5B7 
 236      12BDB6
 237 0554 E3EA881A 		.ascii	"\343\352\210\032g\263n\265\026\306\265br|F\377\272M"
 237      67B36EB5 
 237      16C6B562 
 237      727C46FF 
 237      BA4D
 238 0566 1E4C9A9B 		.ascii	"\036L\232\233\337\265\330\340\002f/%\013\356b\262\260"
 238      DFB5D8E0 
 238      02662F25 
 238      0BEE62B2 
 238      B0
 239 0577 FF7C6D95 		.ascii	"\377|m\225\023.d\225\017\023\036\324\332\342b\246Hn"
 239      132E6495 
 239      0F131ED4 
 239      DAE262A6 
 239      486E
 240 0589 B98B6EE5 		.ascii	"\271\213n\345t\2157\"\\\302*\253*.\324\213\011\314\022"
 240      748D3722 
 240      5CC22AAB 
 240      2A2ED48B 
 240      09CC12
 241 059c 721C8E34 		.ascii	"r\034\2164g91u\026\250\345\003\327\352\035Y\217\214"
 241      67393175 
 241      16A8E503 
 241      D7EA1D59 
 241      8F8C
 242 05ae 08F4EAB6 		.ascii	"\010\364\352\266\356\257p\031\263\254\031-)\024{\207"
 242      EEAF7019 
 242      B3AC192D 
 242      29147B87 
 243 05be 411D9EC8 		.ascii	"A\035\236\310\213\267\377p\3523&\245>\243\254/\261Y"
 243      8BB7FF70 
 243      EA3326A5 
 243      3EA3AC2F 
 243      B159
 244 05d0 F7CFD8C8 		.ascii	"\367\317\330\310\371@$\235~#\000\037\246\360\2274\037"
 244      F940249D 
 244      7E23001F 
 244      A6F09734 
 244      1F
 245 05e1 1893F281 		.ascii	"\030\223\362\201{\223\231u\230G\017~\014}:\377\350A"
 245      7B939975 
 245      98470F7E 
 245      0C7D3AFF 
 245      E841
 246 05f3 477C8EB9 		.ascii	"G|\216\271\2311\326\363D\014\222\007\250\307^UE\333"
 246      9931D6F3 
 246      440C9207 
 246      A8C75E55 
ARM GAS  /tmp/cc08ohYX.s 			page 19


 246      45DB
 247 0605 E36A5697 		.ascii	"\343jV\227z1\253\305\016_f\212\224\331\271\263\314."
 247      7A31ABC5 
 247      0E5F668A 
 247      94D9B9B3 
 247      CC2E
 248 0617 EAF60A5C 		.ascii	"\352\366\012\\\307j.%\247\364 |\215)C1\217z\305\021"
 248      C76A2E25 
 248      A7F4207C 
 248      8D294331 
 248      8F7AC511 
 249 062b 9A0BEA81 		.ascii	"\232\013\352\201\246\247\013\361uV\365\276\241v!ng\357"
 249      A6A70BF1 
 249      7556F5BE 
 249      A176216E 
 249      67EF
 250 063d F5E5C70B 		.ascii	"\365\345\307\013\021\276\313\224\321\364\372\247\216"
 250      11BECB94 
 250      D1F4FAA7 
 250      8E
 251 064a F81E5372 		.ascii	"\370\036Sr\3332+\355q\037S\216\275N;\346\214\007\230"
 251      DB322BED 
 251      711F538E 
 251      BD4E3BE6 
 251      8C0798
 252 065d D27EEE56 		.ascii	"\322~\356V\234\023~\312\224\270\237~:\344\204\207\231"
 252      9C137ECA 
 252      94B89F7E 
 252      3AE48487 
 252      99
 253 066e 1255D599 		.ascii	"\022U\325\231\354\306\032\355\245\253\366h\177\256\203"
 253      ECC61AED 
 253      A5ABF668 
 253      7FAE83
 254 067d 18175BD0 		.ascii	"\030\027[\320\023\332\232'\020\036c\340\262\254\216"
 254      13DA9A27 
 254      101E63E0 
 254      B2AC8E
 255 068c 6CA70F47 		.ascii	"l\247\017G\"^\020#\261\204\006\"\243\363}\211\2338\264"
 255      225E1023 
 255      B1840622 
 255      A3F37D89 
 255      9B38B4
 256 069f 262910FD 		.ascii	"&)\020\375\210\345\250*\224 \270K6\004]\232z\264\336"
 256      88E5A82A 
 256      9420B84B 
 256      36045D9A 
 256      7AB4DE
 257 06b2 9E470F7E 		.ascii	"\236G\017~\004\375\233\206\373\375\247\035\320\002\305"
 257      04FD9B86 
 257      FBFDA71D 
 257      D002C5
 258 06c1 C763C182 		.ascii	"\307c\301\202\331\013\026\344\031c\242\215\275/\206"
 258      D90B16E4 
 258      1963A28D 
 258      BD2F86
 259 06d0 FF7D68B4 		.ascii	"\377}h\264\337hLq\246L\003\260~s\204\331\362JxDi\217"
ARM GAS  /tmp/cc08ohYX.s 			page 20


 259      DF684C71 
 259      A64C03B0 
 259      7E7384D9 
 259      F24A7844 
 260 06e6 936F15B5 		.ascii	"\223o\025\2650\225v9\033\223\374)\372\275\022=5\003"
 260      30957639 
 260      1B93FC29 
 260      FABD123D 
 260      3503
 261 06f8 7D484647 		.ascii	"}HFG\013\0124s\331S\006\237\225\301\223J\352\267Jp\253"
 261      0B0A3473 
 261      D953069F 
 261      95C1934A 
 261      EAB74A70 
 262 070d 0C7EAE04 		.ascii	"\014~\256\004?\233\341\307\005\031\375J\211\036RR\247"
 262      3F9BE1C7 
 262      0519FD4A 
 262      891E5252 
 262      A7
 263 071e CBE028EB 		.ascii	"\313\340(\353N\363\324\3552\372\027%\365\023K\364N\243"
 263      4EF3D4ED 
 263      32FA1725 
 263      F5134BF4 
 263      4EA3
 264 0730 E9EEBF10 		.ascii	"\351\356\277\020\360\036\301\035\305\211\324R\364\320"
 264      F01EC11D 
 264      C589D452 
 264      F4D0
 265 073e 43A51FFB 		.ascii	"C\245\037\373e\346]J?4\012l\233\214}j\335\013\016\\"
 265      65E65D4A 
 265      3F340A6C 
 265      9B8C7D6A 
 265      DD0B0E5C 
 266 0752 2983DF28 		.ascii	")\203\337(\301\023Jp\211\014\236\266\036p\016\334!\203"
 266      C1134A70 
 266      890C9EB6 
 266      1E700EDC 
 266      2183
 267 0764 1F5B9F4B 		.ascii	"\037[\237K\236\362X\\\244c1\016'\311\013\021+m)bL\370"
 267      9EF2585C 
 267      A463310E 
 267      27C90B11 
 267      2B6D2962 
 268 077a 61CE9499 		.ascii	"a\316\224\231w*\007cXf\246\211\275)\025\300p\266\001"
 268      772A0763 
 268      5866A689 
 268      BD2915C0 
 268      70B601
 269 078d 48251E19 		.ascii	"H%\036\031*3QU\327<\222$bJ\365\332z\367\371\206\313"
 269      2A335155 
 269      D73C9224 
 269      624AF5DA 
 269      7AF7F986 
 270 07a2 E586DF59 		.ascii	"\345\206\337Y\237\225\014\235,\356\216F\024\251B\261"
 270      9F950C9D 
 270      2CEE8E46 
 270      14A942B1 
ARM GAS  /tmp/cc08ohYX.s 			page 21


 271 07b2 C23CB45B 		.ascii	"\302<\264[ \225\004\017.\240L\301\003\035\020\026\240"
 271      2095040F 
 271      2EA04CC1 
 271      031D1016 
 271      A0
 272 07c3 2320FB40 		.ascii	"# \373@R@2@rA\016\201$"
 272      52403240 
 272      72410E81 
 272      24
 273 07d0 82FC0092 		.ascii	"\202\374\000\222\015r\020$\013$\031$\035$\011$\015$"
 273      0D721024 
 273      0B241924 
 273      1D240924 
 273      0D24
 274 07e2 15E430C8 		.ascii	"\025\3440\310^\220\375\302\002\256S\331\262\223F\353"
 274      5E90FDC2 
 274      02AE53D9 
 274      B29346EB 
 275 07f2 A3C37729 		.ascii	"\243\303w)MF\307X\235X\014Lr\257\346\216\343\256\370"
 275      4D46C758 
 275      9D580C4C 
 275      72AFE68E 
 275      E3AEF8
 276 0805 A42DBD3C 		.ascii	"\244-\275<\265G\237:\201\320l\017\253=E\005\320\301"
 276      B5479F3A 
 276      81D06C0F 
 276      AB3D4505 
 276      D0C1
 277 0817 FFEBCEB2 		.ascii	"\377\353\316\262\350\366t!\022\335|h,O0\3478$\330\324"
 277      E8F67421 
 277      12DD7C68 
 277      2C4F30E7 
 277      3824D8D4 
 278 082b 67E3AEC3 		.ascii	"g\343\256\303\267-\023\361|\256\203*tT`Y\007<\001]7"
 278      B72D13F1 
 278      7CAE832A 
 278      74546059 
 278      073C015D 
 279 0840 3D6112B7 		.ascii	"=a\022\267v\201;\200\347\260\003\370\316\304\375\011"
 279      76813B80 
 279      E7B003F8 
 279      CEC4FD09 
 280 0850 1779BF65 		.ascii	"\027y\277eW\362B\350\3621\032\334\343\334~K\024r4\274"
 280      57F242E8 
 280      F2311ADC 
 280      E3DC7E4B 
 280      147234BC 
 281 0864 3B755E3C 		.ascii	";u^<\306\310\3110\374p\342\301G\216\345\223\322apB\240"
 281      C6C8C930 
 281      FC70E2C1 
 281      478EE593 
 281      D2617042 
 282 0879 A7C1CB84 		.ascii	"\247\301\313\204]\023bVa\007\352\361\201\314}\316\314"
 282      5D136256 
 282      6107EAF1 
 282      81CC7DCE 
 282      CC
ARM GAS  /tmp/cc08ohYX.s 			page 22


 283 088a 9B3F904B 		.ascii	"\233?\220KBn\332\260\323\214\037\010\300\233\"\352\315"
 283      426EDAB0 
 283      D38C1F08 
 283      C09B22EA 
 283      CD
 284 089b 29EACD49 		.ascii	")\352\315I\346\315)\352\315`\241q\302\025\227\323\370"
 284      E6CD29EA 
 284      CD60A171 
 284      C21597D3 
 284      F8
 285 08ac A1F1CC1B 		.ascii	"\241\361\314\033\343$\3656\301\225\353\314+\237\270"
 285      E324F536 
 285      C195EBCC 
 285      2B9FB8
 286 08bb E8A6BDC6 		.ascii	"\350\246\275\306\334(\343W,\203>-\017%\274\312\227\245"
 286      DC28E357 
 286      2C833E2D 
 286      0F25BCCA 
 286      97A5
 287 08cd 1F059232 		.ascii	"\037\005\2222\216\274jJ\306\3701#\252l\177\\\342\"\022"
 287      8EBC6A4A 
 287      C6F83123 
 287      AA6C7F5C 
 287      E22212
 288 08e0 A5E5E8D3 		.ascii	"\245\345\350\323\242\215\015\340\321\002JS\"\323\224"
 288      A28D0DE0 
 288      D1024A53 
 288      22D394
 289 08ef F0343F51 		.ascii	"\3604?Q\232\332W\035\247\354\360\033F\323\225Py\003"
 289      9ADA571D 
 289      A7ECF01B 
 289      46D39550 
 289      7903
 290 0901 8B344937 		.ascii	"\2134I7\377\3530\273\002\326\260+`\251\314S\312\363"
 290      FFEB30BB 
 290      02D6B02B 
 290      60A9CC53 
 290      CAF3
 291 0913 9CA13CC7 		.ascii	"\234\241<\307&^\357q\305{\355(O\355\361\236J7\306cj"
 291      265EEF71 
 291      C57BED28 
 291      4FEDF19E 
 291      4A37C663 
 292 0928 DFC46E80 		.ascii	"\337\304n\200G\330\015\360\254\314r\226g)\243,\267\007"
 292      47D80DF0 
 292      ACCC7296 
 292      6729A32C 
 292      B707
 293 093a 6A36E234 		.ascii	"j6\3424Fr\362Tv\211+.`\312\236\232\332L[\310\312Q\005"
 293      4672F254 
 293      76892B2E 
 293      60CA9E9A 
 293      DA4C5BC8 
 294 0951 35FA40EE 		.ascii	"5\372@\356\336\331\221\267\364\203Y\372y\201d\351\347"
 294      DED991B7 
 294      F48359FA 
 294      798164E9 
ARM GAS  /tmp/cc08ohYX.s 			page 23


 294      E7
 295 0962 04314B1F 		.ascii	"\0041K\037L\251\035@b_o\275\333\3220\372\010\016]\243"
 295      4CA91D40 
 295      625F6FBD 
 295      DBD230FA 
 295      080E5DA3 
 296 0976 3106CD21 		.ascii	"1\006\315!HT.\371\211*\0055\321dW\253\250\253\257\307"
 296      48542EF9 
 296      892A0535 
 296      D16457AB 
 296      A8ABAFC7 
 297 098a 2F5FB6C7 		.ascii	"/_\266\307\017\231{\345)\355\361\016\346@n?d\031\310"
 297      0F997BE5 
 297      29EDF10E 
 297      E6406E3F 
 297      6419C8
 298 099d 0B729F2F 		.ascii	"\013r\237/\360D\325\224(\357Ng\251-\236\020G\256&\271"
 298      F044D594 
 298      28EF4E67 
 298      A92D9E10 
 298      47AE26B9 
 299 09b1 56243255 		.ascii	"V$2Un\260\030\271\2132\313E\236\345\022e\331\177\364"
 299      6EB018B9 
 299      8B32CB45 
 299      9EE51265 
 299      D97FF4
 300 09c4 6ABC1AEF 		.ascii	"j\274\032\357\265g7\337\033\303\3436\346\351\260\325"
 300      B56737DF 
 300      1BC3E336 
 300      E6E9B0D5 
 301 09d4 623A9864 		.ascii	"b:\230d\032\023Os\231\322\\\353?U\343\212s\030\315\320"
 301      1A134F73 
 301      99D25CEB 
 301      3F55E38A 
 301      7318CDD0 
 302 09e8 AE8BEFDD 		.ascii	"\256\213\357\335\244\351\220\272*\335b:\324\310<5<O"
 302      A4E990BA 
 302      2ADD623A 
 302      D4C83C35 
 302      3C4F
 303 09fa 2DE5E9CD 		.ascii	"-\345\351\315\031Lu\301g\031O~S\343:\261Og7[\364\351"
 303      194C75C1 
 303      67194F7E 
 303      53E33AB1 
 303      4F67375B 
 304 0a10 8A4C7285 		.ascii	"\212Lr\205'\251\243$\305-W\273\305\265\027G\222\355"
 304      27A9A324 
 304      C52D57BB 
 304      C5B51747 
 304      92ED
 305 0a22 DC430D70 		.ascii	"\334C\015p\374\233\030\251\224\211\273\213\231xAe/\344"
 305      FC9B18A9 
 305      9489BB8B 
 305      99784165 
 305      2FE4
 306 0a34 284DACD2 		.ascii	"(M\254\322T\277\027r\220\016\246\304\365\305\336\024"
 306      54BF1772 
ARM GAS  /tmp/cc08ohYX.s 			page 24


 306      900EA6C4 
 306      F5C5DE14 
 307 0a44 91AF893E 		.ascii	"\221\257\211>]3q\307\005w\263\312\351'\235\371b6<Bo"
 307      5D3371C7 
 307      0577B3CA 
 307      E9279DF9 
 307      62363C42 
 308 0a59 7AE71E8C 		.ascii	"z\347\036\214\270\342\001V\231\\;>\346\204\177aJw\336"
 308      B8E20156 
 308      995C3B3E 
 308      E6847F61 
 308      4A77DE
 309 0a6c FEA36A86 		.ascii	"\376\243j\206|L\364\254\311\311\0305\036f\225mQ\251"
 309      7C4CF4AC 
 309      C9C91835 
 309      1E66956D 
 309      51A9
 310 0a7e 05B6F80D 		.ascii	"\005\266\370\015S\336\015\025\216\330\342h\007\026\321"
 310      53DE0D15 
 310      8ED8E268 
 310      0716D1
 311 0a8d B1CC17CE 		.ascii	"\261\314\027\3168\221)\273\012\332\367\332\341\203L"
 311      389129BB 
 311      0ADAF7DA 
 311      E1834C
 312 0a9c 19EB4AAC 		.ascii	"\031\353J\254w\306G\230r\245\341\341M{\\\304\224\235"
 312      77C64798 
 312      72A5E1E1 
 312      4D7B5CC4 
 312      949D
 313 0aae 8F4B6231 		.ascii	"\217Kb1.c\312\213\326\332\004\007|\211)-\361)\007\004"
 313      2E63CA8B 
 313      D6DA0407 
 313      7C89292D 
 313      F1290704 
 314 0ac2 7C9529D2 		.ascii	"|\225)\322f\344\3166\243\351\214\221,g|\203\325]\310"
 314      66E4CE36 
 314      A3E98C91 
 314      2C677C83 
 314      D55DC8
 315 0ad5 DF75C21E 		.ascii	"\337u\302\036w2%\346zb\2673\356c\312\351\307\261&;\374"
 315      773225E6 
 315      7A62B733 
 315      EE63CAE9 
 315      C7B1263B 
 316 0aea 4484B5BC 		.ascii	"D\204\265\274)v\305/D\245\253L\203\337\261\367#\217"
 316      2976C52F 
 316      44A5AB4C 
 316      83DFB1F7 
 316      238F
 317 0afc CFA5BAE1 		.ascii	"\317\245\272\341\030\366ka_\317`\202+Nd\312\356K\007"
 317      18F66B61 
 317      5FCF6082 
 317      2B4E64CA 
 317      EE4B07
 318 0b0f AA1DF041 		.ascii	"\252\035\360A\246\\\351\205\033f.{\177\232`\352\024"
 318      A65CE985 
ARM GAS  /tmp/cc08ohYX.s 			page 25


 318      1B662E7B 
 318      7F9A60EA 
 318      14
 319 0b20 F009A69C 		.ascii	"\360\011\246\2348\227\330g\203K\231\362\260\"\346\225"
 319      3897D867 
 319      834B99F2 
 319      B022E695 
 320 0b30 1A9733A5 		.ascii	"\032\2273\245h2\273\325\001W\211\277C\236\357}\344\212"
 320      6832BBD5 
 320      015789BF 
 320      439EEF7D 
 320      E48A
 321 0b42 6B993276 		.ascii	"k\2312v\345\370\230\270\363'\221\2206\306e,\021sz\362"
 321      E5F898B8 
 321      F3279190 
 321      36C6652C 
 321      11737AF2 
 322 0b56 6BF0B19B 		.ascii	"k\360\261\233\351/lq=\305~:\234\364v\310mF&M>\263\245"
 322      E92F6C71 
 322      3DC57E3A 
 322      9CF476C8 
 322      6D46264D 
 323 0b6d 9C9A7EF2 		.ascii	"\234\232~\362\350\357\212\325\345\377|>\277\321h\314"
 323      E8EF8AD5 
 323      E5FF7C3E 
 323      BFD168CC 
 324 0b7d AD412425 		.ascii	"\255A$%G\2750\357\2420\227\352\315H\262\336\207\312"
 324      47BD30EF 
 324      A23097EA 
 324      CD48B2DE 
 324      87CA
 325 0b8f 39C94D11 		.ascii	"9\311M\021m>\222Y\"\301\241/r\350~%\332\"'#\307\345"
 325      6D3E9259 
 325      22C1A12F 
 325      72E87E25 
 325      DA222723 
 326 0ba5 A1B09D14 		.ascii	"\241\260\235\024M<iVz\322\244\344N\017\223\271\033\225"
 326      4D3C6956 
 326      7AD2A4E4 
 326      4E0F93B9 
 326      1B95
 327 0bb7 DC0D8282 		.ascii	"\334\015\202\202;\205\343\376Y\311\335\252\344>\313"
 327      3B85E3FE 
 327      59C9DDAA 
 327      E43ECB
 328 0bc6 F9FD44C9 		.ascii	"\371\375D\311\255Qf)\3739On(\321-J\356\013\034\367#"
 328      AD516629 
 328      FB394F6E 
 328      28D12D4A 
 328      EE0B1CF7 
 329 0bdb 257A660A 		.ascii	"%zf\012\224\315\221_U\302\353\225\344w9\362{J\364\314"
 329      94CD915F 
 329      55C2EB95 
 329      E47739F2 
 329      7B4AF4CC 
 330 0bef 5C758483 		.ascii	"\\u\204\203\337U\302\237Y\304'\012n2\"\232\034,\017"
 330      DF55C29F 
ARM GAS  /tmp/cc08ohYX.s 			page 26


 330      59C4270A 
 330      6E32229A 
 330      1C2C0F
 331 0c02 AD475322 		.ascii	"\255GS\"'\360{\034\274[\011\357\022\224\276Tr\276\014"
 331      27F07B1C 
 331      BC5B09EF 
 331      1294BE54 
 331      72BE0C
 332 0c15 2AE1336F 		.ascii	"*\3413o3w8\370}\353=\345\306\245\233C\367X\367\205C"
 332      337738F8 
 332      7DEB3DE5 
 332      C6A59B43 
 332      F758F785 
 333 0c2a A771637E 		.ascii	"\247qc~\335z@yWJ8\370s\353!\342\341\2579_:\224p\376"
 333      DD7A4079 
 333      574A38F8 
 333      73EB21E2 
 333      E1AF395F 
 334 0c42 1E6B91BE 		.ascii	"\036k\221\276>\203\354\351)\345\"x\222\273\306a\017"
 334      3E83ECE9 
 334      29E52278 
 334      92BBC661 
 334      0F
 335 0c53 B4172F40 		.ascii	"\264\027/@/!\357\334\005\317Ix\306\302\363\025<G@\336"
 335      2F21EFDC 
 335      05CF4978 
 335      C6C2F315 
 335      3C4740DE 
 336 0c67 8244831E 		.ascii	"\202D\203\036\0032\004\357S \257A\336\203\274\003y\003"
 336      033204EF 
 336      5320AF41 
 336      DE83BC03 
 336      7903
 337 0c79 B21BEA7E 		.ascii	"\262\033\352~\000I\000\331\011\222\010\022\0172\014"
 337      004900D9 
 337      09920812 
 337      0F320C
 338 0c88 757BE039 		.ascii	"u{\3409\006\317q\220i\220\027 \243$O\206\362\011x\032"
 338      06CF7190 
 338      69901720 
 338      A3244F86 
 338      F209781A 
 339 0c9c 319FD8B7 		.ascii	"1\237\330\267q\275z\240\354\325\214Kq;\207\356\263\216"
 339      71BD7AA0 
 339      ECD58C4B 
 339      713B87EE 
 339      B38E
 340 0cae B6B8DA70 		.ascii	"\266\270\332p\360\307\326\347\006G>\312\241;\255\317"
 340      F0C7D6E7 
 340      06473ECA 
 340      A13BADCF 
 341 0cbe 6A9EFC3C 		.ascii	"j\236\374<\007\037\260\276 \271\033[\316\220\317N\210"
 341      071FB0BE 
 341      20B91B5B 
 341      CE90CF4E 
 341      88
 342 0ccf 0841595E 		.ascii	"\010AY^\331\310\224\237\032\362I\201\244b\011\235\363"
ARM GAS  /tmp/cc08ohYX.s 			page 27


 342      D9C8949F 
 342      1AF24981 
 342      A462099D 
 342      F3
 343 0ce0 ED4AAE87 		.ascii	"\355J\256\2073\232~\3055}\333\372T\340\372\225\304\315"
 343      339A7EC5 
 343      357DDBFA 
 343      54E0FA95 
 343      C4CD
 344 0cf2 B336EB7B 		.ascii	"\2636\353{\257\305\017 \034\371/V71\216\373-\007\276"
 344      AFC50F20 
 344      1CF92F56 
 344      37318EFB 
 344      2D07BE
 345 0d05 65DD710E 		.ascii	"e\335q\016\235\311yr\315\372\336k\336\011\310\017\330"
 345      9DC97972 
 345      CDFADE6B 
 345      DE09C80F 
 345      D8
 346 0d16 A1F2E67B 		.ascii	"\241\362\346{G\271\371r\227~\222\372\027\027\3678\341"
 346      47B9F972 
 346      977E92FA 
 346      1717F738 
 346      E1
 347 0d27 DD4EF41E 		.ascii	"\335N\364\036\367\362\364\205.g\345=NZ\010(\005\346"
 347      F7F2F485 
 347      2E67E53D 
 347      4E5A0828 
 347      05E6
 348 0d39 FFFFB7B5 		.ascii	"\377\377\267\265\300\346H\331\360\\r\357K\006\347\222"
 348      C0E648D9 
 348      F05C72EF 
 348      4B06E792 
 349 0d49 B0399323 		.ascii	"\2609\223#3\206\366q_\177\257\227\305\265/\031\363\327"
 349      3386F671 
 349      5F7FAF97 
 349      C5B52F19 
 349      F3D7
 350 0d5b BE54CCAE 		.ascii	"\276T\314\256}\360\004\360\233\266}\273lp\212\023K\232"
 350      7DF004F0 
 350      9BB67DBB 
 350      6C708A13 
 350      4B9A
 351 0d6d 7A4A4AEC 		.ascii	"zJJ\354\361a\246L\365_\352u\300\271T\261\035I(hC\210"
 351      F161A64C 
 351      F55FEA75 
 351      C0B954B1 
 351      1D492868 
 352 0d83 1EF0B359 		.ascii	"\036\360\263Y\214z:\346\310A:\000nd~,\376#\035\346\233"
 352      8C7A3AE6 
 352      C8413A00 
 352      6E647E2C 
 352      FE231DE6 
 353 0d98 F67E2576 		.ascii	"\366~%v\346\002\223\301i\326\301,\372l4:;\350o\034\231"
 353      E60293C1 
 353      69D6C12C 
 353      FA6C343A 
ARM GAS  /tmp/cc08ohYX.s 			page 28


 353      3BE86F1C 
 354 0dad CA054398 		.ascii	"\312\005C\230\356\363N\222I:\323I+{\241\374\203n\246"
 354      EEF34E92 
 354      493AD349 
 354      2B7BA1FC 
 354      836EA6
 355 0dc0 18FF7488 		.ascii	"\030\377t\210\377A\210E\006\310!\220\303b<`\230\016"
 355      FF418845 
 355      06C82190 
 355      C3623C60 
 355      980E
 356 0dd2 F54FF522 		.ascii	"\365O\365\"\\\310fT\312\333\223\315\366\310c6\363l<"
 356      5CC86654 
 356      CADB93CD 
 356      F6C86336 
 356      F36C3C
 357 0de5 8DDECF73 		.ascii	"\215\336\317s\200$K\216S&\215\223\325\006Q6\264\363"
 357      80244B8E 
 357      53268D93 
 357      D5065136 
 357      B4F3
 358 0df7 2BDA4CBC 		.ascii	"+\332L\274\327Yb\371o\351\034\213\020\347\212!\316\245"
 358      D75962F9 
 358      6FE91C8B 
 358      10E78A21 
 358      CEA5
 359 0e09 21EE4D7C 		.ascii	"!\356M|Va\371\337\207.\213\377'\034\021\321\344\251"
 359      5661F9DF 
 359      872E8BFF 
 359      271C11D1 
 359      E4A9
 360 0e1b 0E08F40F 		.ascii	"\016\010\364\017\267_\375\365\267\363\265_~\251r\324"
 360      B75FFDF5 
 360      B7F3B55F 
 360      7EA972D4 
 361 0e2b EBB70685 		.ascii	"\353\267\006\205F.\365\322G~\253\331\032\021\256\331"
 361      462EF5D2 
 361      477EABD9 
 361      1A11AED9 
 362 0e3b 1014AAD9 		.ascii	"\020\024\252\331\034\020\260\310?<dQhX\250a\221\301"
 362      1C10B0C8 
 362      3F3C6451 
 362      6858A861 
 362      91C1
 363 0e4d 7F43D0A2 		.ascii	"\177C\320\242\317\365\313\026y-\361\374\375\367^\032"
 363      CFF5CB16 
 363      792DF1FC 
 363      FDF75E1A 
 364 0e5d 8B0A4D50 		.ascii	"\213\012MPh@\360\326\215\006M\210\177@`P\250A\243\337"
 364      6840F0D6 
 364      8D064D88 
 364      7F406050 
 364      A841A3DF 
 365 0e71 68D8E4BF 		.ascii	"h\330\344\27758R\037\271c\213!bq\240\312^\242\377\207"
 365      3538521F 
 365      B9638B21 
 365      6271A0CA 
ARM GAS  /tmp/cc08ohYX.s 			page 29


 365      5EA2FF87 
 366 0e85 FF0D7DC4 		.ascii	"\377\015}\304\216\010\215>\"r#p\021\316\357\014\001"
 366      8E088D3E 
 366      22722370 
 366      11CEEF0C 
 366      01
 367 0e96 9161E12B 		.ascii	"\221a\341+\226xi\003\2036\004}\343\247\011\213\320\004"
 367      96786903 
 367      8336047D 
 367      E3A7098B 
 367      D004
 368 0ea8 FA076BB6 		.ascii	"\372\007k\266\204\205GFh\374\326\257]\352\245Y\263f"
 368      84854746 
 368      68FCD6AF 
 368      5DEAA559 
 368      B366
 369 0eba A566BDEF 		.ascii	"\245f\275\357\332m\236\244\006l\365\301\301\033\027"
 369      DA6D9EA4 
 369      066CF5C1 
 369      C11B17
 370 0ec9 07A89CD8 		.ascii	"\007\250\234\330\233>(4(\322]O\014\364A\341\337\353"
 370      9B3E2834 
 370      28D25D4F 
 370      0CF441E1 
 370      DFEB
 371 0edb 0D5B8282 		.ascii	"\015[\202\202\3036o5\374\015\307\030\020\026\022\022"
 371      C3366F35 
 371      FC0DC718 
 371      10161212 
 372 0eeb 162A922E 		.ascii	"\026*\222.\327\255\325\256\335\256\011\010\014\010\013"
 372      D7ADD5AE 
 372      DDAE0908 
 372      0C080B
 373 0efa 37E8B77D 		.ascii	"7\350\267}\021\002~\314\322G\206\373\007\030\364A\021"
 373      11027ECC 
 373      D24786FB 
 373      0718F441 
 373      11
 374 0f0b E1FA6083 		.ascii	"\341\372`\203\3776\303|\316:<\322\354}@ \305\201\305"
 374      FF36C37C 
 374      CE3A3CD2 
 374      EC7D4020 
 374      C581C5
 375 0f1e 1CFDC60D 		.ascii	"\034\375\306\015\233\365\001\201\206\200\377`\026\304"
 375      9BF50181 
 375      8680FF60 
 375      16C4
 376 0f2c F683561B 		.ascii	"\366\203V\033\015\033\266n\006\253\337rV[C\203\303\340"
 376      0D1BB66E 
 376      06ABDF72 
 376      565B4383 
 376      C3E0
 377 0f3e B1293C2C 		.ascii	"\261)<,\204\330\272\007\004\372\355\210X\037\024b\010"
 377      84D8BA07 
 377      04FAED88 
 377      581F1462 
 377      08
ARM GAS  /tmp/cc08ohYX.s 			page 30


 378 0f4f F7F10FDD 		.ascii	"\367\361\017\335\030l\010\367\375\335\207\350`\020\201"
 378      186C08F7 
 378      FDDD87E8 
 378      601081
 379 0f5e 6C2EEF02 		.ascii	"l.\357\002O\305\373f\010\2154\204\223B\276\213\264p"
 379      4FC5FB66 
 379      088D3484 
 379      9342BE8B 
 379      B470
 380 0f70 56E8B6A0 		.ascii	"V\350\266\240\000\357P\377\015\301\006\026\205\277\266"
 380      00EF50FF 
 380      0DC10616 
 380      85BFB6
 381 0f7f 1A0371EC 		.ascii	"\032\003q\354\304Q#6\320\264\203\0247\225\213^\277i"
 381      C4512336 
 381      D0B48314 
 381      37958B5E 
 381      BF69
 382 0f91 6B68805E 		.ascii	"kh\200^\277\370\017\237\177\371\205\275\244\331h"
 382      BFF80F9F 
 382      7FF985BD 
 382      A4D968
 383 0fa0 B56B754B 		.ascii	"\265kuK\205ot\352\225k\227\353\360J\255N\275b\345z\035"
 383      856F74EA 
 383      956B97EB 
 383      F04AAD4E 
 383      BD62E57A 
 384 0fb5 D66A7558 		.ascii	"\326juX\007\262\\\247\303\353\374\264X\373\365z\265"
 384      07B25CA7 
 384      C3EBFCB4 
 384      58FBF57A 
 384      B5
 385 0fc6 56EBADA3 		.ascii	"V\353\255\243x/\372\355\211\275W\353\004?\260\364\365"
 385      782FFAED 
 385      89BD57EB 
 385      043FB0F4 
 385      F5
 386 0fd7 D6A9FDD6 		.ascii	"\326\251\375\326\002Z\253\363\002\361\004\344?\351<"
 386      025AABF3 
 386      02F104E4 
 386      3FE93C
 387 0fe6 7FD54C89 		.ascii	"\177\325L\211\210\014!S5\210\004\327\311\254\350#\335"
 387      880C2153 
 387      358804D7 
 387      C9ACE823 
 387      DD
 388 0ff7 C322FC83 		.ascii	"\303\"\374\203a\234\327\300x"
 388      619CD7C0 
 388      78
 389 1000 AD82E1F2 		.ascii	"\255\202\341\362\365\323\375NAH\020d\270\311\223L\015"
 389      F5D3FD4E 
 389      41481064 
 389      B8C9934C 
 389      0D
 390 1011 1A170EEF 		.ascii	"\032\027\016\357N\247\232\305\200;\230\213`8\"\014\221"
 390      4EA79AC5 
 390      803B988B 
ARM GAS  /tmp/cc08ohYX.s 			page 31


 390      6038220C 
 390      91
 391 1022 FA15CBFD 		.ascii	"\372\025\313\375\274\327\351|]\374\203\377\323\177G"
 391      BCD7E97C 
 391      5DFC83FF 
 391      D37F47
 392 1031 044CD160 		.ascii	"\004L\321`XRKf\316H\303\366H\215v\255\237\257\237\034"
 392      58524B66 
 392      CE48C3F6 
 392      488D76AD 
 392      9FAF9F1C 
 393 1045 DC9088A0 		.ascii	"\334\220\210\240\010=,,hz6q\341\033\31391G\354\300\267"
 393      083D2C2C 
 393      687A3671 
 393      E11BCB39 
 393      3147ECC0 
 394 105a 74F6482E 		.ascii	"t\366H.Q\037-\212\346P\227\024s\314\211+t\\\267f\215"
 394      511F2D8A 
 394      E6509714 
 394      73CC892B 
 394      745CB766 
 395 106f DF725FED 		.ascii	"\337r_\355\252\325:\362\352\353\345G^m\374\374\264\253"
 395      AAD53AF2 
 395      EAEBE547 
 395      5E6DFCFC 
 395      B4AB
 396 1081 750E3A6F 		.ascii	"u\016:o?o\335w\336+\177\217\265~$rZ\271\350s\207\345"
 396      3F6FDD77 
 396      DE2B7F8F 
 396      B57E2472 
 396      5AB9E873 
 397 1097 EB5678AD 		.ascii	"\353Vx\255Y\347\375\265\216\274y\2627\251v\231\303r"
 397      59E7FDB5 
 397      8EBC79B2 
 397      37A97699 
 397      C372
 398 10a9 9F154BC5 		.ascii	"\237\025K\305Z\0373\316G\211[jGX\240\204<=\371\032/"
 398      5A1F33CE 
 398      47895B6A 
 398      4758A084 
 398      3C3DF91A 
 399 10be 3BC2406B 		.ascii	";\302@k|D\204\217%\302\323\236\330\352\374\326\353\310"
 399      7C44848F 
 399      25C2D39E 
 399      D8EAFCD6 
 399      EBC8
 400 10d0 8B277931 		.ascii	"\213'y1\327-\261'\326\254\316G\002\3710\020\326\372"
 400      D72DB127 
 400      D6ACCE47 
 400      02F93010 
 400      D6FA
 401 10e2 EAD4A493 		.ascii	"\352\324\244\223v\320_\362\024\264:\273\225\332\177"
 401      76D05FF2 
 401      14B43ABB 
 401      95DA7F
 402 10f1 24AF5F7C 		.ascii	"$\257_|,6~\353\331\374Z\265l\373v6\2636-\363\372r\373"
 402      2C367EEB 
ARM GAS  /tmp/cc08ohYX.s 			page 32


 402      D9FC5AB5 
 402      6CFB7636 
 402      B3362DF3 
 403 1108 7632B774 		.ascii	"v2\267tZ\255~=\354\220+\015\233l\2117\253\376h\353\273"
 403      5AAD7E3D 
 403      EC902B0D 
 403      9B6C8937 
 403      ABFE68EB 
 404 111d 52FBCD4A 		.ascii	"R\373\315Jo\242y\255\372\243\353\312\025\253\327j\277"
 404      6FA279AD 
 404      FAA3EBCA 
 404      15ABD76A 
 404      BF
 405 112e 9530FF03 		.ascii	"\2250\377\003\200\205n{"
 405      80856E7B 
 406              		.text
 407              		.section	.gnu.lto_.symtab.8a1e919707c9e592,"",%progbits
 408 0000 56656374 		.ascii	"VectorB0\000"
 408      6F724230 
 408      00
 409 0009 00       		.ascii	"\000"
 410 000a 00       		.ascii	"\000"
 411 000b 00       		.ascii	"\000"
 412 000c 00000000 		.ascii	"\000\000\000\000\000\000\000\000"
 412      00000000 
 413 0014 C2000000 		.ascii	"\302\000\000\000"
 414 0018 73745F6C 		.ascii	"st_lld_init\000"
 414      6C645F69 
 414      6E697400 
 415 0024 00       		.ascii	"\000"
 416 0025 00       		.ascii	"\000"
 417 0026 00       		.ascii	"\000"
 418 0027 00000000 		.ascii	"\000\000\000\000\000\000\000\000"
 418      00000000 
 419 002f C4000000 		.ascii	"\304\000\000\000"
 420 0033 5F706F72 		.ascii	"_port_irq_epilogue\000"
 420      745F6972 
 420      715F6570 
 420      696C6F67 
 420      756500
 421 0046 00       		.ascii	"\000"
 422 0047 02       		.ascii	"\002"
 423 0048 00       		.ascii	"\000"
 424 0049 00000000 		.ascii	"\000\000\000\000\000\000\000\000"
 424      00000000 
 425 0051 C6000000 		.ascii	"\306\000\000\000"
 426 0055 5F747261 		.ascii	"_trace_isr_leave\000"
 426      63655F69 
 426      73725F6C 
 426      65617665 
 426      00
 427 0066 00       		.ascii	"\000"
 428 0067 02       		.ascii	"\002"
 429 0068 00       		.ascii	"\000"
 430 0069 00000000 		.ascii	"\000\000\000\000\000\000\000\000"
 430      00000000 
 431 0071 CB000000 		.ascii	"\313\000\000\000"
ARM GAS  /tmp/cc08ohYX.s 			page 33


 432 0075 5F646267 		.ascii	"_dbg_check_leave_isr\000"
 432      5F636865 
 432      636B5F6C 
 432      65617665 
 432      5F697372 
 433 008a 00       		.ascii	"\000"
 434 008b 02       		.ascii	"\002"
 435 008c 00       		.ascii	"\000"
 436 008d 00000000 		.ascii	"\000\000\000\000\000\000\000\000"
 436      00000000 
 437 0095 CD000000 		.ascii	"\315\000\000\000"
 438 0099 5F646267 		.ascii	"_dbg_check_unlock_from_isr\000"
 438      5F636865 
 438      636B5F75 
 438      6E6C6F63 
 438      6B5F6672 
 439 00b4 00       		.ascii	"\000"
 440 00b5 02       		.ascii	"\002"
 441 00b6 00       		.ascii	"\000"
 442 00b7 00000000 		.ascii	"\000\000\000\000\000\000\000\000"
 442      00000000 
 443 00bf CF000000 		.ascii	"\317\000\000\000"
 444 00c3 63685379 		.ascii	"chSysTimerHandlerI\000"
 444      7354696D 
 444      65724861 
 444      6E646C65 
 444      724900
 445 00d6 00       		.ascii	"\000"
 446 00d7 02       		.ascii	"\002"
 447 00d8 00       		.ascii	"\000"
 448 00d9 00000000 		.ascii	"\000\000\000\000\000\000\000\000"
 448      00000000 
 449 00e1 D1000000 		.ascii	"\321\000\000\000"
 450 00e5 5F646267 		.ascii	"_dbg_check_lock_from_isr\000"
 450      5F636865 
 450      636B5F6C 
 450      6F636B5F 
 450      66726F6D 
 451 00fe 00       		.ascii	"\000"
 452 00ff 02       		.ascii	"\002"
 453 0100 00       		.ascii	"\000"
 454 0101 00000000 		.ascii	"\000\000\000\000\000\000\000\000"
 454      00000000 
 455 0109 D3000000 		.ascii	"\323\000\000\000"
 456 010d 5F646267 		.ascii	"_dbg_check_enter_isr\000"
 456      5F636865 
 456      636B5F65 
 456      6E746572 
 456      5F697372 
 457 0122 00       		.ascii	"\000"
 458 0123 02       		.ascii	"\002"
 459 0124 00       		.ascii	"\000"
 460 0125 00000000 		.ascii	"\000\000\000\000\000\000\000\000"
 460      00000000 
 461 012d D5000000 		.ascii	"\325\000\000\000"
 462 0131 5F747261 		.ascii	"_trace_isr_enter\000"
 462      63655F69 
ARM GAS  /tmp/cc08ohYX.s 			page 34


 462      73725F65 
 462      6E746572 
 462      00
 463 0142 00       		.ascii	"\000"
 464 0143 02       		.ascii	"\002"
 465 0144 00       		.ascii	"\000"
 466 0145 00000000 		.ascii	"\000\000\000\000\000\000\000\000"
 466      00000000 
 467 014d D7000000 		.ascii	"\327\000\000\000"
 468 0151 6E766963 		.ascii	"nvicEnableVector\000"
 468      456E6162 
 468      6C655665 
 468      63746F72 
 468      00
 469 0162 00       		.ascii	"\000"
 470 0163 02       		.ascii	"\002"
 471 0164 00       		.ascii	"\000"
 472 0165 00000000 		.ascii	"\000\000\000\000\000\000\000\000"
 472      00000000 
 473 016d DC000000 		.ascii	"\334\000\000\000"
 474              		.text
 475              		.section	.gnu.lto_.opts,"",%progbits
 476 0000 272D6666 		.ascii	"'-ffp-contract=off' '-fmath-errno' '-fsigned-zeros'"
 476      702D636F 
 476      6E747261 
 476      63743D6F 
 476      66662720 
 477 0033 20272D66 		.ascii	" '-ftrapping-math' '-fno-trapv' '-fno-openmp' '-fno"
 477      74726170 
 477      70696E67 
 477      2D6D6174 
 477      68272027 
 478 0066 2D6F7065 		.ascii	"-openacc' '-mcpu=cortex-m4' '-mno-thumb-interwork' "
 478      6E616363 
 478      2720272D 
 478      6D637075 
 478      3D636F72 
 479 0099 272D6D74 		.ascii	"'-mthumb' '-ggdb' '-O2' '-fomit-frame-pointer' '-fa"
 479      68756D62 
 479      2720272D 
 479      67676462 
 479      2720272D 
 480 00cc 6C69676E 		.ascii	"lign-functions=16' '-ffunction-sections' '-fdata-se"
 480      2D66756E 
 480      6374696F 
 480      6E733D31 
 480      36272027 
 481 00ff 6374696F 		.ascii	"ctions' '-fno-common' '-flto'\000"
 481      6E732720 
 481      272D666E 
 481      6F2D636F 
 481      6D6D6F6E 
 482              		.text
 483              		.comm	__gnu_lto_v1,1,1
 484              		.comm	__gnu_lto_slim,1,1
 485              		.ident	"GCC: (GNU Tools for ARM Embedded Processors) 5.4.1 20160609 (release) [ARM/embedded-5-bran
ARM GAS  /tmp/cc08ohYX.s 			page 35


DEFINED SYMBOLS
                            *ABS*:00000000 hal_st_lld.c
                            *COM*:00000001 __gnu_lto_v1
                            *COM*:00000001 __gnu_lto_slim

NO UNDEFINED SYMBOLS
