ARM GAS  /tmp/ccQNmNrd.s 			page 1


   1              		.syntax unified
   2              		.cpu cortex-m4
   3              		.fpu softvfp
   4              		.eabi_attribute 20, 1
   5              		.eabi_attribute 21, 1
   6              		.eabi_attribute 23, 3
   7              		.eabi_attribute 24, 1
   8              		.eabi_attribute 25, 1
   9              		.eabi_attribute 26, 1
  10              		.eabi_attribute 30, 2
  11              		.eabi_attribute 34, 1
  12              		.eabi_attribute 18, 4
  13              		.thumb
  14              		.syntax unified
  15              		.file	"hal_wdg_lld.c"
  16              		.text
  17              	.Ltext0:
  18              		.section	.gnu.lto_.profile.7b2b5ab3fb99f04a,"",%progbits
  19 0000 789C6361 		.ascii	"x\234ca`d`a`\000\222j\222\000\000\317\000J"
  19      60646061 
  19      6000926A 
  19      920000CF 
  19      004A
  20              		.text
  21              		.section	.gnu.lto_.icf.7b2b5ab3fb99f04a,"",%progbits
  22 0000 789C6361 		.ascii	"x\234ca`d\000\0015\006\004`c\2303\341\300_V\306mM'\237"
  22      60640001 
  22      35060460 
  22      639833E1 
  22      C05F56C6 
  23 0018 30312D3F 		.ascii	"01-?:g#'s\347\211\276\377\334,\323\316|\351\344g\335"
  23      3A672327 
  23      73E789BE 
  23      FFDC2CD3 
  23      CE7CE9E4 
  24 002e 35F54523 		.ascii	"5\365E##\003\000Y\231\021h"
  24      23030059 
  24      991168
  25              		.text
  26              		.section	.gnu.lto_.jmpfuncs.7b2b5ab3fb99f04a,"",%progbits
  27 0000 789C6361 		.ascii	"x\234ca`d\000\001S\006\004`\001b&FF\306zf\020\301\304"
  27      60640001 
  27      53060460 
  27      01622646 
  27      46C67A66 
  28 0017 F89789B1 		.ascii	"\370\227\211\261\371\327\376\317|\365\177\033f44\010"
  28      F9D7FECF 
  28      7CF57F1B 
  28      66343408 
  29 0027 B4323374 		.ascii	"\26423t2\003\2250.g\254g`da`\005\251b\000\000P\201\013"
  29      32039530 
  29      2E67AC67 
  29      60646160 
  29      05A96200 
  30 003f F4       		.ascii	"\364"
  31              		.text
  32              		.section	.gnu.lto_.inline.7b2b5ab3fb99f04a,"",%progbits
ARM GAS  /tmp/ccQNmNrd.s 			page 2


  33 0000 789C6361 		.ascii	"x\234ca`d\000\201]\014\010\300\302\300\300\312\302\310"
  33      60640081 
  33      5D0C08C0 
  33      C2C0C0CA 
  33      C2C8
  34 0012 C0C4B240 		.ascii	"\300\304\262@\236\201m\201<\023H\214\211\201_\207\221"
  34      9E816D81 
  34      3C13488C 
  34      89815F87 
  34      91
  35 0023 89418191 		.ascii	"\211A\201\221\201\331\001L*\260\211\314\372\306\002"
  35      81D9014C 
  35      2AB089CC 
  35      FAC602
  36 0032 91677CC1 		.ascii	"\221g|\301\316\002!A\004\007\230\311\001\322\305\314"
  36      CE022141 
  36      040798C9 
  36      01D2C5CC 
  37 0042 C0C1C308 		.ascii	"\300\301\303\010$\262\37721nm?\263\221\353\013S+3#\020"
  37      24B2FF32 
  37      316E6D3F 
  37      B391EB0B 
  37      532B3323 
  38 0057 2C679461 		.ascii	",g\224af`\340\310\2021\200\006\202\254\205\033'\300"
  38      6660E0C8 
  38      82318006 
  38      82AC851B 
  38      27C0
  39 0069 C4C0DAA1 		.ascii	"\304\300\332\241.\000\266\231\033(\303\310\300\012r"
  39      2E00B699 
  39      1B28C3C8 
  39      C00A72
  40 0078 1323C401 		.ascii	"\023#\304\001,L\027\3701l\006\001\000H\231\030 "
  40      2C4C17F8 
  40      316C0601 
  40      00489918 
  40      20
  41              		.text
  42              		.section	.gnu.lto_.pureconst.7b2b5ab3fb99f04a,"",%progbits
  43 0000 789C6361 		.ascii	"x\234ca`d\340d```a\220`\222b\226d\225\002\000\002\256"
  43      6064E064 
  43      60606061 
  43      90609262 
  43      96649502 
  44 0017 0082     		.ascii	"\000\202"
  45              		.text
  46              		.section	.gnu.lto_wdg_lld_init.7b2b5ab3fb99f04a,"",%progbits
  47 0000 789C8D90 		.ascii	"x\234\215\220\277KBQ\024\307\357\367\276\207\211P\264"
  47      BF4B4251 
  47      14C7EFF7 
  47      BE878950 
  47      B4
  48 0011 D71034B9 		.ascii	"\327\0204\271\364\264\242\177 \251\305\0102h\224JHA"
  48      F4B4A27F 
  48      20A9C508 
  48      3268944A 
  48      4841
ARM GAS  /tmp/ccQNmNrd.s 			page 3


  49 0023 3032AA25 		.ascii	"02\252%\274Zb.\321PAC8j?L%\202\334D\202\026\251\251"
  49      BC5A622E 
  49      D1504143 
  49      386A3F4C 
  49      2582DC44 
  50 003b A945841C 		.ascii	"\251E\204\034\244A\311F\265s\236CS\320\201\313\271\234"
  50      A441C946 
  50      B5739E43 
  50      53D081CB 
  50      B99C
  51 004d EF39E7F3 		.ascii	"\3579\347\363\345\350\002\202c\237\322\014\345\021z"
  51      E5E80282 
  51      639FD20C 
  51      E5117A
  52 005c D004E4C9 		.ascii	"\320\004\344\311\213\020Q\253\004\370\243\254\020\021"
  52      8B1051AB 
  52      04F8A3AC 
  52      1011
  53 006a 8908BE65 		.ascii	"\211\010\276eG\242\234\250\027\245=\255(\252\0375\207"
  53      47A29CA8 
  53      17A53DAD 
  53      28AA1F35 
  53      87
  54 007b CA9410D7 		.ascii	"\312\224\020\327\204\350Is\223@\032vAm\265B\367l\320"
  54      84E84973 
  54      93401A76 
  54      416DB542 
  54      F76CD0
  55 008e 72C86D63 		.ascii	"r\310mc}\021\031X\030\227[*\251^\357@\251/\307\305\270"
  55      7D111958 
  55      18975B2A 
  55      A95EEF40 
  55      A92FC7C5 
  56 00a3 2E449344 		.ascii	".D\223D\306\264\244\344\254\325\021k\347\237[\032\367"
  56      C6B4A4E4 
  56      ACD5116B 
  56      E79F5B1A 
  56      F7
  57 00b4 D3A2F378 		.ascii	"\323\242\363x\371u\240-\343\032\300{\213\305\317\367"
  57      F975A02D 
  57      E31AC07B 
  57      8BC5CFF7 
  58 00c4 8148471D 		.ascii	"\201HG\035)5L\265$\241\271\334\250\274=\331R\270\214"
  58      29354CB5 
  58      24A1B9DC 
  58      A8BC3DD9 
  58      52B88C
  59 00d7 2AB32E71 		.ascii	"*\263.qM~\2570j\212\307\217\371\244\325\310\262\027"
  59      4D7EAF30 
  59      6A8AC78F 
  59      F9A4D5C8 
  59      B217
  60 00e9 E58C6B1A 		.ascii	"\345\214k\032n\220B\3274\214[\030\324\361\220\250\024"
  60      6E9042D7 
  60      348C5B18 
  60      D4F190A8 
  60      14
ARM GAS  /tmp/ccQNmNrd.s 			page 4


  61 00fa 6C0C210A 		.ascii	"l\014!\012\2624\306&\232\277&\376K\275\373\233\252#"
  61      B234C626 
  61      9ABF26FE 
  61      4BBDFB9B 
  61      AA23
  62 010c 6752F904 		.ascii	"gR\371\004\310\367\251\335\323\316\020Su\250\252R:\012"
  62      C8F7A9DD 
  62      D3CE1053 
  62      75A8AA52 
  62      3A0A
  63 011e 34DA40AC 		.ascii	"4\332@\254t?\307\\\363\236M\032\240\253\220\331\351"
  63      743FC75C 
  63      F39E4D1A 
  63      A0AB90D9 
  63      E9
  64 012f 597F602D 		.ascii	"Y\177`-\260\3501Ba\303\277\03246C[\333a\303\263\274"
  64      B0E83142 
  64      61C3BF1A 
  64      3436435B 
  64      DB61C3B3 
  65 0144 303569B8 		.ascii	"05i\270\335.co\3055\277\343d\311\273\353\333\360\006"
  65      DD2E636F 
  65      C535BFE3 
  65      64C9BBEB 
  65      DBF006
  66 0157 83BE8975 		.ascii	"\203\276\211u\361\003\325\011\2348"
  66      F103D509 
  66      9C38
  67              		.text
  68              		.section	.gnu.lto_wdg_lld_start.7b2b5ab3fb99f04a,"",%progbits
  69 0000 789CA592 		.ascii	"x\234\245\222MHUA\024\307\347?s?\274\366\236\264i\347"
  69      4D485541 
  69      14C7E73F 
  69      733FBCF6 
  69      9EB469E7 
  70 0014 42283017 		.ascii	"B(0\027u\263\242\210V\221\344\306\0102h)\325\243\024"
  70      75B3A288 
  70      5691E4C6 
  70      08326829 
  70      D5A314
  71 0027 042DA3DA 		.ascii	"\004-\243\3325\276\017*p\221P\322\207\351F\321,?^\366"
  71      35BE0F2A 
  71      709150D2 
  71      87E946D1 
  71      2C3F5EF6 
  72 003b A1AFD2D7 		.ascii	"\241\257\322\3273\023\"\213\010\011j\221\226Y\210\205"
  72      3313228B 
  72      08096A91 
  72      96598885 
  73 004b CF8C6891 		.ascii	"\317\214h\221\2573s\025\265Eh]\270sg\346\316\371\375"
  73      AF337315 
  73      B545685D 
  73      B87367E6 
  73      CEF9FD
  74 005e FFE7CC31 		.ascii	"\377\347\3141\030\230z\002\006c\333\351\273\213^X\014"
  74      18987A02 
  74      0663DBE9 
ARM GAS  /tmp/ccQNmNrd.s 			page 5


  74      BB8B5E58 
  74      0C
  75 006f FCFC73C6 		.ascii	"\374\374s\306*\3238\2047\021\334\254\032`L\246\033a"
  75      2AD33884 
  75      3711DCAC 
  75      1A604CA6 
  75      1B61
  76 0081 9B499FE9 		.ascii	"\233I\237\351\355\3570\000\365\225i`\247\2710\015\320"
  76      EDEF3000 
  76      F5956960 
  76      A7B9300D 
  76      D0
  77 0092 C8BCE73B 		.ascii	"\310\274\347;\377\305\22183\326\315s\232$=\303\375\343"
  77      FFC59138 
  77      33D6CD73 
  77      9A243DC3 
  77      FDE3
  78 00a4 1B64731C 		.ascii	"\033ds\034\021:\220\342\336\0314!\207N\275\014w\324"
  78      113A90E2 
  78      DE193421 
  78      874EBD0C 
  78      77D4
  79 00b6 8A691E11 		.ascii	"\212i\036\021\200A\313\344\340\225\017\031j\311\221"
  79      8041CBE4 
  79      E0950F19 
  79      6AC991
  80 00c5 45CBBA9A 		.ascii	"E\313\272\232\301-b+\030M/t\326\256\315n\2242(e* \235"
  80      C12D622B 
  80      184D2F74 
  80      D6AECD6E 
  80      94322865 
  81 00dc 88106881 		.ascii	"\210\020h\201 \032\256#\023\315\310d\264\305p\003\331"
  81      201AAE23 
  81      13CDC864 
  81      B4C57003 
  81      D9
  82 00ed EAF4FBE8 		.ascii	"\352\364\373\350\314E\277\025V\342Y\236$n\302R\371\266"
  82      CC45BF15 
  82      56E2599E 
  82      246EC252 
  82      F9B6
  83 00ff EF8DCB54 		.ascii	"\357\215\313T*$\345\325\334w\253\375\034*BP\254a\322"
  83      2A24E5D5 
  83      DC77ABFD 
  83      1C2A4250 
  83      AC61D2
  84 0112 605A3458 		.ascii	"`Z4X\266\2329j`l\222b)\355$\347\364\021c\010\306\222"
  84      B69A396A 
  84      606C9262 
  84      29ED24E7 
  84      F4116308 
  85 0128 1F8F2A56 		.ascii	"\037\217*VH\010\322\251\211$^\330\312\257\320&\177\014"
  85      4808D2A9 
  85      89245ED8 
  85      CAAFD026 
  85      7F0C
  86 013a 3C3DEBAB 		.ascii	"<=\353\253\3075\312\324\016Q\016\255dK\3557\216\006"
ARM GAS  /tmp/ccQNmNrd.s 			page 6


  86      C735CAD4 
  86      0E510EAD 
  86      644BED37 
  86      8E06
  87 014c DB6C771D 		.ascii	"\333lw\035\251\240\015\365\230\3215@;\\6\206\304\364"
  87      A9A00DF5 
  87      98D13540 
  87      3B5C3686 
  87      C4F4
  88 015e F02A055C 		.ascii	"\360*\005\\H3\026\321*U\032\333\310O\032\211\242c\226"
  88      483316D1 
  88      2A551ADB 
  88      C84F1A89 
  88      A26396
  89 0171 F97A6AAA 		.ascii	"\371zj\252\317\347\266\3120\2119\210j\254J\020\267\340"
  89      CFE7B6CA 
  89      30893988 
  89      6AAC4A10 
  89      B7E0
  90 0183 D2EF9986 		.ascii	"\322\357\231\206\252Q\237b9\030j\001:U\024\245!\030"
  90      AA519F62 
  90      39186A01 
  90      3A5514A5 
  90      2118
  91 0195 5D1AE591 		.ascii	"]\032\345\221\210E?EM/\021s\261\363\277\250\334\326"
  91      88453F45 
  91      4D2F1173 
  91      B1F3BFA8 
  91      DCD6
  92 01a7 2ABA9C77 		.ascii	"*\272\234w\310\374\010\302oC\207\347!\355\023\335?\375"
  92      C8FC08C2 
  92      6F4387E7 
  92      21ED13DD 
  92      3FFD
  93 01b9 4AD304C3 		.ascii	"J\323\004\303]\255\250*h2\352\037$\2711W\302\350D\265"
  93      5DADA82A 
  93      6832EA1F 
  93      24B93157 
  93      C2E844B5 
  94 01cd ED45594B 		.ascii	"\355EYK)\232\205{ZW\265\027\272t\321\202\261\2215\036"
  94      299A857B 
  94      5A57B517 
  94      BA74D182 
  94      B191351E 
  95 01e1 C15E5837 		.ascii	"\301^X7\353\317[H'\011t\317\002\353.u}\313\240\\VF\304"
  95      EBCF5B48 
  95      270974CF 
  95      02EB2E75 
  95      7DCBA05C 
  96 01f8 0AC434D2 		.ascii	"\012\3044\322P\310\373\336=\324\214\314\335\303r\012"
  96      50C8FBDE 
  96      3DD48CCC 
  96      DDC3720A 
  97 0208 FF40734C 		.ascii	"\377@sL\305y\010\227\374hw\311\211j\307\363\347,\325"
  97      C5790897 
  97      FC6877C9 
  97      896AC7F3 
ARM GAS  /tmp/ccQNmNrd.s 			page 7


  97      E72CD5
  98 021b 508F0659 		.ascii	"P\217\006Y\012\324\373?\206\342\232c+\316#e\310\321"
  98      0AD4FB3F 
  98      86E29A63 
  98      2BCE2365 
  98      C8D1
  99 022d 3DD6F1D5 		.ascii	"=\326\361\325\273\355e\302\022\363m\325\247\333\352"
  99      BBED65C2 
  99      12F36DD5 
  99      A7DBEA
 100 023c 4DC3B9CF 		.ascii	"M\303\271\317~\257\255Z\2068\036S\224\302O\376\033\276"
 100      7EAFAD5A 
 100      86381E53 
 100      94C24FFE 
 100      1BBE
 101 024e 7F1EFF44 		.ascii	"\177\036\377D\343\277\364\364\275r<\374\263\313\002"
 101      E3BFF4F4 
 101      BD723CFC 
 101      B3CB02
 102 025d 0314358E 		.ascii	"\003\0245\216`\2747_\301g\333\011\324F\324\202\233w"
 102      60BC375F 
 102      C167DB09 
 102      D446D482 
 102      9B77
 103 026f 16971C2C 		.ascii	"\026\227\034,\331S\350\226U\270\305\007J\335\362\262"
 103      D953E896 
 103      55B8C507 
 103      4ADDF2B2 
 104 027f 63C72BDC 		.ascii	"c\307+\334\302}\2737mt\013\012\362\334S\373\363\362"
 104      C27DBB37 
 104      6D740B0A 
 104      F2DC53FB 
 104      F3F2
 105 0291 4FE4AA5F 		.ascii	"O\344\252_E'\003G\212JK\003\353\0171\203\246\345\277"
 105      45270347 
 105      8A4A4B03 
 105      EB0F3183 
 105      A6E5BF
 106 02a4 01EF978A 		.ascii	"\001\357\227\212\005"
 106      05
 107              		.text
 108              		.section	.gnu.lto_wdg_lld_stop.7b2b5ab3fb99f04a,"",%progbits
 109 0000 789C4D51 		.ascii	"x\234MQMHTQ\024>\337\275\3277?\230\264ta \2640\027\365"
 109      4D485451 
 109      143EDFBD 
 109      D7373F98 
 109      B4746120 
 110 0018 664A6AD1 		.ascii	"fJj\3212\301\215\021d\320R\252\201\224\006\224\214j"
 110      32C18D11 
 110      64D052AA 
 110      81940694 
 110      8C6A
 111 002a F7AE33F3 		.ascii	"\367\2563\363\320v.JJ,W\242e\215\216\346b\3324\270i"
 111      D0762E4A 
 111      4A2C57A2 
 111      658D8EE6 
 111      62DA34B8 
ARM GAS  /tmp/ccQNmNrd.s 			page 8


 112 003f 8A2C5ABB 		.ascii	"\212,Z\273\351\017\011i\241XH\321\314\363\234[b\027"
 112      E90F0969 
 112      A15848D1 
 112      CCF39C5B 
 112      6217
 113 0051 1EE79CEF 		.ascii	"\036\347\234\357\236\363\235\357\273\317\020H\3166\207"
 113      9EF39DEF 
 113      BBCF1048 
 113      CE3687
 114 0060 D31C3BF8 		.ascii	"\323\034;\370C\003A\215\275#\032\216+\245\253)\262I"
 114      4303418D 
 114      BD231A8E 
 114      2BA5AB29 
 114      B249
 115 0072 533D44B6 		.ascii	"S=D\266Q\303\374\205\015 \211\215\203\002\245\015\002"
 115      51C3FC85 
 115      0D20898D 
 115      8302A50D 
 115      02
 116 0083 FC543585 		.ascii	"\374T5\205\225\221\365\262j\237\261|>\206\365\224\235"
 116      9591F5B2 
 116      6A9FB17C 
 116      3E86F594 
 116      9D
 117 0094 AD20D444 		.ascii	"\255 \324D\221r+\0103h\347\256\017\205\205I\375C\205"
 117      91722B08 
 117      3368E7AE 
 117      0F858549 
 117      FD4385
 118 00a7 1A305C6E 		.ascii	"\0320\\n\255N|i\222R\241\225\313G\343\253'\365)\020"
 118      AD4E7C69 
 118      9252A195 
 118      CB47E3AB 
 118      27F52910 
 119 00bb A7779726 		.ascii	"\247w\227&\217\264M[\233\263\266\226\261\211Pk<\201"
 119      8FB44D5B 
 119      9BB3B696 
 119      B189506B 
 119      3C81
 120 00cd 66363C46 		.ascii	"f6<F\013f\321B\014\021\346\320&\335\237K\365{\007\274"
 120      0B66D142 
 120      0C11E6D0 
 120      26DD9F4B 
 120      F57B07BC 
 121 00e1 822C6FBD 		.ascii	"\202,o\275\263\267\025O\341\261300\177\276b\243(o\355"
 121      B3B7154F 
 121      E1B13330 
 121      307FBE62 
 121      A3286FED 
 122 00f5 83F49FC3 		.ascii	"\203\364\237\303\036/\3479\303\014\206h\223[\305\317"
 122      1E2FE739 
 122      C30C8668 
 122      935BC5CF 
 123 0105 965212F5 		.ascii	"\226R\022\365:r/J\265\264\014\347\265h\034\017W\336"
 123      3A722F4A 
 123      B5B40CE7 
 123      B5681C0F 
ARM GAS  /tmp/ccQNmNrd.s 			page 9


 123      57DE
 124 0117 C744A376 		.ascii	"\307D\243v\302v^\275\031m\234\302Cv\327\220g\354\031"
 124      C2765EBD 
 124      196D9CC2 
 124      4376D790 
 124      67EC19
 125 012a 4B117CFA 		.ascii	"K\021|\372k\256\030\363\217\206\332C\021S\250;\337\230"
 125      6BAE18F3 
 125      8F86DA43 
 125      1153A83B 
 125      DF98
 126 013c 874F9F50 		.ascii	"\207O\237PX\323\373|\313#oKI\341\363\000,\3104\311v"
 126      58D3FB7C 
 126      CB236F4B 
 126      49E1F300 
 126      2CC834C9 
 127 0151 4DD594FE 		.ascii	"M\325\224\376\006#\215\302W.\177_\213\0055;j\355\301"
 127      06238DC2 
 127      572E7F5F 
 127      8B05353B 
 127      6AEDC1
 128 0164 50C72225 		.ascii	"P\307\"%VJ\010\350\177Iq')\377\373\345v\023\267\336"
 128      564A08E8 
 128      7F497127 
 128      29FFFBE5 
 128      7613B7DE 
 129 0178 77AD7179 		.ascii	"w\255qy\000\201_O\314]c\241\303c\016N`\211\177\325\342"
 129      00815F4F 
 129      CC5D63A1 
 129      C3630E4E 
 129      60897FD5 
 130 018d 3FB5D1C6 		.ascii	"?\265\321\306b1\301#\315\302\361\234\365\272\265XF\020"
 130      6231C123 
 130      CDC2F19C 
 130      F5BAB558 
 130      4610
 131 019f EAA4D363 		.ascii	"\352\244\323c\334kl W\371\325\345.\345l\262\012\206"
 131      DC6B6C20 
 131      57F9D5E5 
 131      2EE56CB2 
 131      0A86
 132 01b1 D95BC799 		.ascii	"\331[\307\231\276\376\313\375\347z\374\201!\277\357"
 132      BEFECBFD 
 132      E77AFC81 
 132      21BFEF
 133 01c0 52D61F1C 		.ascii	"R\326\037\034\270~c\310\357\271p\366\304q\277\273\273"
 133      B87E63C8 
 133      EFB970F6 
 133      C471BFBB 
 133      BB
 134 01d1 D3BF7DB1 		.ascii	"\323\277}\261\263\353fZ\256zoe\256\366f\263\231cW\310"
 134      B3EB665A 
 134      AE7A6F65 
 134      AEF666B3 
 134      996357C8 
 135 01e5 703AB80B 		.ascii	"p:\270\013\220\000\274\333"
 135      9000BCDB 
ARM GAS  /tmp/ccQNmNrd.s 			page 10


 136              		.text
 137              		.section	.gnu.lto_wdg_lld_reset.7b2b5ab3fb99f04a,"",%progbits
 138 0000 789C5590 		.ascii	"x\234U\220M(\204Q\024\206\357{\357\307P\303\312\216"
 138      4D288451 
 138      1486EF7B 
 138      EFC750C3 
 138      CA8E
 139 0012 858DB0E0 		.ascii	"\205\215\260\3406\210dI)\221BY\312_\250)B\330\271\346"
 139      36886449 
 139      29914259 
 139      CA5FA829 
 139      42D8B9E6 
 140 0026 27EC2824 		.ascii	"'\354($\031\026L\376\231a\305j\032\213)\205,\244\254"
 140      19164CFE 
 140      9961C56A 
 140      1A8B2985 
 140      2CA4AC
 141 0039 84265919 		.ascii	"\204&Y\031\221\025\343\234\217\005\267\276\3169\367"
 141      9115E39C 
 141      8F05B7BE 
 141      CE39F7
 142 0048 9EF39CF7 		.ascii	"\236\363\234\367\375,\001\301'@\241\212b6}P\002r\346"
 142      FD2C01C1 
 142      2740A18A 
 142      62367D50 
 142      0272E6
 143 005b 42888934 		.ascii	"B\210\2114\011pb\322 \306%\306\361.?%\242\223\361cY"
 143      097062D2 
 143      20C625C6 
 143      F12E3F25 
 143      A293F163 
 144 0070 B861E8DC 		.ascii	"\270a\350\334\005\327\\f3\002\277\022\")m\222\300\006"
 144      05D75C66 
 144      3302BF12 
 144      22296D92 
 144      C006
 145 0082 0AA9EBCA 		.ascii	"\012\251\353\312\027ZVo\322\257\000\213\312\304\371"
 145      175A566F 
 145      D2AF008B 
 145      CAC4F9
 146 0091 D2432697 		.ascii	"\322C&\227\022\271T\256,\234\227\253\012\010J\347\216"
 146      12B954AE 
 146      2C9C97AB 
 146      0A084AE7 
 146      8E
 147 00a2 960BF283 		.ascii	"\226\013\362\203\306x\214\231\3556\351~\245\260\015"
 147      C6788C99 
 147      ED36E97E 
 147      A5B00D
 148 00b1 45346C21 		.ascii	"E4l!\007\233\310\021t%\260\203|\356\276\017\177\315"
 148      079BC811 
 148      7425B083 
 148      7CEEBE0F 
 148      7FCD
 149 00c3 67A4FA78 		.ascii	"g\244\372xy\356\317J\354\"\225M\0344EL2\3515&\340Z\314"
 149      79EECF4A 
 149      EC22954D 
ARM GAS  /tmp/ccQNmNrd.s 			page 11


 149      1C34454C 
 149      32E93526 
 150 00da 4B21E534 		.ascii	"K!\3454\241h\326\022\342\205\372\330GBJ\216*\016\317"
 150      A168D612 
 150      E285FAD8 
 150      47424A8E 
 150      2A0ECF
 151 00ed 492236C8 		.ascii	"I\"6\310\223^\245\210\272\340\217^:X\235\262%}\304\316"
 151      935EA588 
 151      BAE08F5E 
 151      3A589DB2 
 151      257DC4CE 
 152 0101 A69CAB08 		.ascii	"\246\234\253\010\220\257\024/)\336#\021|\037|\364\354"
 152      90AF142F 
 152      29DE2311 
 152      7C1F7CF4 
 152      EC
 153 0112 3B741131 		.ascii	";t\0211\261\217U|\331\216q\000-\342\210\276\335e1\360"
 153      B18F557C 
 153      D98E7100 
 153      2DE288BE 
 153      DD6531F0 
 154 0126 2FCDFA47 		.ascii	"/\315\372G\233`\321\225\244\210\227\"\364\313\274y}"
 154      9B60D195 
 154      A4889722 
 154      F4CBBC79 
 154      7D
 155 0137 3D75EA3D 		.ascii	"=u\352=\343\243e\016\204m,\333\301!4=\337\256O?e0\313"
 155      E3A3650E 
 155      846D2CDB 
 155      C121343D 
 155      DFAE4F3F 
 156 014e 81ED6B89 		.ascii	"\201\355k\211#\232z\206'\022\256\343]\366\377~\241v"
 156      239A7A86 
 156      2712AEE3 
 156      5DF6FF7E 
 156      A176
 157 0160 32455ACA 		.ascii	"2EZ\312\252{\373:\372\032\233u\377\220\356mw\353\201"
 157      AA7BFB3A 
 157      FA1A9B75 
 157      FF90EE6D 
 157      77EB81
 158 0173 FEC1E121 		.ascii	"\376\301\341!\335\334\322PZ\242\353\353k\364XkM\355"
 158      DDDCD250 
 158      5AA2EBEB 
 158      6BF4586B 
 158      4DED
 159 0185 888B9FDA 		.ascii	"\210\213\237\332F\273z\332\334\356\256\342NaQ:\360\015"
 159      46BB7ADA 
 159      DCEEAEE2 
 159      4E61513A 
 159      F00D
 160 0197 EE6E9E4A 		.ascii	"\356n\236J"
 161              		.text
 162              		.section	.gnu.lto_.symbol_nodes.7b2b5ab3fb99f04a,"",%progbits
 163 0000 789C558A 		.ascii	"x\234U\212;\025\200@\014\0047\233\003\001(\000\221\324"
 163      3B158040 
ARM GAS  /tmp/ccQNmNrd.s 			page 12


 163      0C04379B 
 163      03012800 
 163      91D4
 164 0012 090E688E 		.ascii	"\011\016h\216\257\023D\234\012$ \200@w\333\314{;\223"
 164      AF13449C 
 164      0A242080 
 164      4077DBCC 
 164      7B3B93
 165 0025 201811E3 		.ascii	" \030\021\343B\003\346\002\004.\037\200&S\246\356S+"
 165      4203E602 
 165      042E1F80 
 165      2653A6EE 
 165      532B
 166 0037 4D2AC58D 		.ascii	"M*\305\215\306:>\011\217X\271\323\264Rr\320\322\377"
 166      C63A3E09 
 166      8F58B9D3 
 166      B45272D0 
 166      D2FF
 167 0049 00EE7D34 		.ascii	"\000\356}4\332\342~\212\340\005\027/\032\203"
 167      DAE27E8A 
 167      E005172F 
 167      1A83
 168              		.text
 169              		.section	.gnu.lto_.refs.7b2b5ab3fb99f04a,"",%progbits
 170 0000 789C6361 		.ascii	"x\234ca`d\340c```b`\004\001&Ff&\026f\006\000\002\011"
 170      6064E063 
 170      60606062 
 170      60040126 
 170      46662616 
 171 0019 002A     		.ascii	"\000*"
 172              		.text
 173              		.section	.gnu.lto_.decls.7b2b5ab3fb99f04a,"",%progbits
 174 0000 789CA557 		.ascii	"x\234\245W{PT\327\031\277\337=\013.\327]\264\220\351"
 174      7B5054D7 
 174      19BFDF3D 
 174      0B2ED75D 
 174      B490E9
 175 0013 38199A6A 		.ascii	"8\031\232j\206\214L;\272\212&\251\377\245#\251\332\372"
 175      868C4C3B 
 175      BA8A26A9 
 175      FFA523A9 
 175      DAFA
 176 0025 1A50339D 		.ascii	"\032P3\235\376\261\203\313\"\333\341aw\327\024\377\350"
 176      FEB183CB 
 176      22DBE161 
 176      77D714FF 
 176      E8
 177 0036 E4F21011 		.ascii	"\344\362\020\021cy\230\032@\211\010\032\004|\000\242"
 177      6379981A 
 177      4089081A 
 177      047C00A2 
 178 0046 8814BB94 		.ascii	"\210\024\273\224\010\013\202E\0335\370@\024\237\250"
 178      080B8245 
 178      1B35F840 
 178      149FA8
 179 0055 110545A2 		.ascii	"\021\005E\242H\277s\316\335\275\027\002\332i\357\360"
 179      48BF73CE 
ARM GAS  /tmp/ccQNmNrd.s 			page 13


 179      DDBD1702 
 179      DA69EFF0 
 180 0065 EDBDDFB9 		.ascii	"\355\275\337\271\337\367\373\336\347\\t\002\010\364"
 180      DFF7FBDE 
 180      E75C7402 
 180      08F4
 181 0073 BA671484 		.ascii	"\272g\024\204$Q\020\366#;\202\227\017\256\255A\302%"
 181      245110F6 
 181      233B8297 
 181      0FAEAD41 
 181      C225
 182 0085 E128D237 		.ascii	"\341(\3227\002\277\350\272\033i\004\011P\226 \351\201"
 182      02BFE8BA 
 182      1B690409 
 182      509620E9 
 182      81
 183 0096 CB19F0EE 		.ascii	"\313\031\360\356\017\302\250\313\255\350P\254\227H/"
 183      0FC2A8CB 
 183      ADE850AC 
 183      97482F
 184 00a5 14AC0105 		.ascii	"\024\254\001\005\373\031\322 \305Rd\351},\006\265eP"
 184      FB19D220 
 184      C55264E9 
 184      7D2C06B5 
 184      6550
 185 00b7 300290DE 		.ascii	"0\002\220\336R\260(\306L\244k\012n?\322-\244.\244)\324"
 185      52B028C6 
 185      4CA46B0A 
 185      6E3FD22D 
 185      A42EA429 
 186 00cc 2F05FB21 		.ascii	"/\005\373!\322}\244\247H\235H}H\337!=P\354\215\010?"
 186      D27DA4A7 
 186      489D487D 
 186      48DF213D 
 186      50EC8D08 
 187 00e1 BE686C93 		.ascii	"\276hl\223\307\261\351\322\3040\025xn\252\221&\001\307"
 187      C7B1E9D2 
 187      C4301578 
 187      6EAA9126 
 187      01C7
 188 00f3 7AA6C405 		.ascii	"z\246\304\005J^@\311\213\366\"\212o\343\305\243\215"
 188      4A5E40C9 
 188      8BF6228A 
 188      6FE3C5A3 
 188      8D
 189 0104 43D4F80F 		.ascii	"C\324\370\017\212\336\330kX\204\263\251\025\273\310"
 189      8ADED86B 
 189      5884B3A9 
 189      15BBC8
 190 0113 80080112 		.ascii	"\200\010\001\022\350\220}\334\236\337\343\217\354[\022"
 190      E8907DDC 
 190      9EDFE38F 
 190      EC5B12
 191 0122 4C47F6C5 		.ascii	"LG\366\305\335/:\201\2775 \233\226\333T\343'\245\313"
 191      DD2F3A81 
 191      BF35209B 
 191      96DB54E3 
ARM GAS  /tmp/ccQNmNrd.s 			page 14


 191      27A5CB
 192 0135 7865A5C8 		.ascii	"xe\245\310\001n\177\372b?\004A\011\004\241\2252\220"
 192      016E7FFA 
 192      623F0441 
 192      0904A195 
 192      3290
 193 0147 F0D71404 		.ascii	"\360\327\024\004\245\310\242xqom\243\017\3276\"{\245"
 193      A5C8A278 
 193      716F6DA3 
 193      0FD73622 
 193      7BA5
 194 0159 E88B7D3A 		.ascii	"\350\213}:\216}\227\276>\377\274\376\007\003\021\001"
 194      8E7D97BE 
 194      3EFFBCFE 
 194      07031101 
 195 0169 9F754792 		.ascii	"\237uG\222\257\355\361\207\220 @0\220\276f\026dY\024"
 195      AFEDF187 
 195      90204030 
 195      90BE6616 
 195      645914
 196 017c A0122438 		.ascii	"\240\022$8\010\304\343q\276\214\326\373>\243\313\370"
 196      08C4E371 
 196      BE8CD6FB 
 196      3EA3CBF8 
 197 018c AC67775C 		.ascii	"\254gw\\I\226\373\212d\337i\002\314\013\2029A\002\034"
 197      4996FB8A 
 197      64DF6902 
 197      CC0B8239 
 197      41021C
 198 019f 8210F64A 		.ascii	"\202\020\366J\200\012\004<\314\335\031\350\272\025\034"
 198      800A043C 
 198      CCDD19E8 
 198      BA151C
 199 01ae 90A5407F 		.ascii	"\220\245@\177\004\014\372\000\276.g\316WA\200'\004*"
 199      040CFA00 
 199      BE2E67CE 
 199      57418027 
 199      042A
 200 01c0 7CA9B92D 		.ascii	"|\251\271-\325WR\240\263\336\004]w\342J\247\217\026"
 200      D55752A0 
 200      B3DE045D 
 200      77E24AA7 
 200      8F16
 201 01d2 FBC8EBB0 		.ascii	"\373\310\353\260G>?y_2dPl%\215\325\020\240\311\343Q"
 201      473E3F79 
 201      5F326450 
 201      6C258DD5 
 201      10A0C9E3 
 202 01e7 30B02E3A 		.ascii	"0\260.:\312\222~x\323\315R=\246-H\202\021\240\374\203"
 202      CA927E78 
 202      D3CD523D 
 202      A62D4882 
 202      11A0FC83 
 203 01fb DA2123E7 		.ascii	"\332!#\347)\330\251\221A\327\024dWJ \322\212=\256\253"
 203      29D8A991 
 203      41D71464 
 203      574A20D2 
ARM GAS  /tmp/ccQNmNrd.s 			page 15


 203      8A3DAEAB 
 204 020f 369249EC 		.ascii	"6\222I\354\325\316+\015e\223u\230\304Z p\234B\343bM"
 204      D5CE2B0D 
 204      65937598 
 204      C45A2070 
 204      9C42E362 
 205 0224 81BB5322 		.ascii	"\201\273S\"?a\002yWoV\353\251@\035\012\3742\010N\200"
 205      3F610279 
 205      576F56EB 
 205      A9401D0A 
 205      FC32084E 
 206 0239 8E2E0F6E 		.ascii	"\216.\017n\035<\240'o3\221\343;/\276O%\352Q\342\027"
 206      1D3CA027 
 206      6F3391E3 
 206      3B2FBE4F 
 206      25EA51E2 
 207 024e 41F0772E 		.ascii	"A\360w.\321qg\370\026\314>\340)\3232o?\211\035\225W"
 207      D17167F8 
 207      16CC3EE0 
 207      29D3326F 
 207      3F891D95 
 208 0263 5BF4A00F 		.ascii	"[\364\240\017Ic\231KN\366\315\365\367\244N\000\027\350"
 208      4963994B 
 208      4EF6CDF5 
 208      F7A44E00 
 208      17E8
 209 0275 E11F301B 		.ascii	"\341\0370\033\0320\207'A\0075\030\3621\364\213\325\273"
 209      1A308727 
 209      41073518 
 209      F231F48B 
 209      D5BB
 210 0287 BB7E9F23 		.ascii	"\273~\237#I\226\201J\011TLm\322\3559\215\005\006\262"
 210      4996814A 
 210      09544C6D 
 210      D2ED398D 
 210      0506B2
 211 029a 923A243E 		.ascii	"\222:$>\314\274\334%B\210\236\351\270.\033e\021\276"
 211      CCBCDC25 
 211      42889EE9 
 211      B82E1B65 
 211      11BE
 212 02ac 41D87FA2 		.ascii	"A\330\177\242\177\\\207\351\013\3028\016@#\332\235\310"
 212      7F5C87E9 
 212      0BC2380E 
 212      4023DA9D 
 212      C8
 213 02bd 078A82A6 		.ascii	"\007\212\202\246^U\235\032\362\277\014\235\200\363\003"
 213      5E559D1A 
 213      F2BF0C9D 
 213      80F303
 214 02cc 53BDD34C 		.ascii	"S\275\323L\177\201\221\300\211\261\202\372\347]\002"
 214      7F8191C0 
 214      89B182FA 
 214      E75D02
 215 02db 8FA0C28B 		.ascii	"\217\240\302\213\236Guk`\177\036\375\021\317\305@Tt"
 215      9E47756B 
 215      607F1EFD 
ARM GAS  /tmp/ccQNmNrd.s 			page 16


 215      11CFC540 
 215      5474
 216 02ed 509438AF 		.ascii	"P\2248\257(\013\240\360\242j\0008\353Q\320\340qw\025"
 216      280BA0F0 
 216      A26A0038 
 216      EB51D0E0 
 216      717715
 217 0300 38D5676F 		.ascii	"8\325goL\340\311\357\213\255\337\256#\177`\365\036n"
 217      4CE0C9EF 
 217      8BADDFAE 
 217      237F60F5 
 217      1E6E
 218 0312 D9992F4E 		.ascii	"\331\231/N\333\241\214\370t\035\254\371\251\2463\233"
 218      DBA18CF8 
 218      741DACF9 
 218      A9A6339B 
 219 0322 611AFEAE 		.ascii	"a\032\376\256\325q\265\207r\321%\277w\013\345\302\012"
 219      D571B587 
 219      72D125BF 
 219      770BE5C2 
 219      0A
 220 0333 B9BBB2F9 		.ascii	"\271\273\262\371\343\353U\262\274\005\365tT\014\232"
 220      E3EB55B2 
 220      BC05F574 
 220      540C9A
 221 0342 D48234B1 		.ascii	"\324\2024\261\371\205Sp\031\355\273\341]T\335\361|_"
 221      F9855370 
 221      19EDBBE1 
 221      5D54DDF1 
 221      7C5F
 222 0354 A69E1400 		.ascii	"\246\236\024\000\263\231_7\320\252\354\023\264\004\367"
 222      B3995F37 
 222      D0AAEC13 
 222      B404F7
 223 0363 5E1DBEA3 		.ascii	"^\035\276\243#\345\374\335\3279E\015FR\305\231\253\356"
 223      23E5FCDD 
 223      D739450D 
 223      4652C599 
 223      ABEE
 224 0375 D272BA59 		.ascii	"\322r\272Y\315\304Q\300k\212f\032f\362i8\227\371d\357"
 224      CDC451C0 
 224      6B8A661A 
 224      66F26938 
 224      97F964EF 
 225 0389 24729489 		.ascii	"$r\224\211\213M\333\216TM\206\020\276\235tg\237\011"
 225      8B4DDB8E 
 225      544D8610 
 225      BE9D7467 
 225      9F09
 226 039b CBDE8CCD 		.ascii	"\313\336\214\315\012gq6\377\245z7\223Ne\272:\214\202"
 226      0A677136 
 226      FFA57A37 
 226      934E65BA 
 226      3A8C82
 227 03ae 375EE8C0 		.ascii	"7^\350\300\036A`*\010gp\261\235O{\351\336\354\"_\262"
 227      1E41602A 
 227      086770B1 
ARM GAS  /tmp/ccQNmNrd.s 			page 17


 227      9D4F7BE9 
 227      DEEC225F 
 228 03c3 83ED5C62 		.ascii	"\203\355\\b^u\331\240\34452\2223\037\247b*|\2136\316"
 228      5E75D9A0 
 228      E4353292 
 228      331FA762 
 228      2A7C8B36 
 229 03d8 A936CEC2 		.ascii	"\2516\316\302\304F\376=\276\221\232\357\313k\214|\267"
 229      C446FE3D 
 229      BE919AEF 
 229      CB6B8C7C 
 229      B7
 230 03e9 7431A3AD 		.ascii	"t1\243\255[Z}I/\337.\313N\344\276\015\201\301\301!\331"
 230      5B5A7D49 
 230      2FDF2ECB 
 230      4EE4BE0D 
 230      81C1C121 
 231 03fe AC502E1C 		.ascii	"\254P.\034\033\247\000\347Q\273\225\325\351\"\004\262"
 231      1BA700E7 
 231      51BB95D5 
 231      E92204B2 
 232 040e 26BF84D8 		.ascii	"&\277\204\330\235\020\014\337A0\253u\021\365\240\273"
 232      9D100CDF 
 232      4130AB75 
 232      11F5A0BB 
 233 041e FECBCF1E 		.ascii	"\376\313\317\036\027\247\311Y\221\314\315\013\350&\225"
 233      17A7C959 
 233      91CCCD0B 
 233      E82695
 234 042d F73A64A2 		.ascii	"\367:d\242\010\373)\016\227w=i6x\204\333\306\025\236"
 234      08FB290E 
 234      97773D69 
 234      367884DB 
 234      C6159E
 235 0440 4B65F940 		.ascii	"Ke\371@v\242,\356\313(3f\206\233\2167\326N\"\305\204"
 235      76A22CEE 
 235      CB283366 
 235      869B8E37 
 235      D64E22C5 
 236 0455 27ED6966 		.ascii	"'\355if\272\036B\002\271\316\356V\240:W\021\367\262"
 236      BA1E4202 
 236      B9CEEE56 
 236      A03A5711 
 236      F7B2
 237 0467 9A330A21 		.ascii	"\2323\012!\010\343\006\010W0\256\211bD[w\217\225\270"
 237      08E30608 
 237      5730AE89 
 237      62445B77 
 237      8F95B8
 238 047a F4818AAA 		.ascii	"\364\201\212\252kBUa\254\336\366m\003\007\015\2436\346"
 238      6B425561 
 238      ACDEF66D 
 238      03070DA3 
 238      36E6
 239 048c 2E4DAC02 		.ascii	".M\254\002\\\343\0333\355\304\202G\375:r\220E\003Uu"
 239      5CE31B33 
 239      EDC48247 
ARM GAS  /tmp/ccQNmNrd.s 			page 18


 239      FD3A7290 
 239      45035575 
 240 04a0 C35BFDC8 		.ascii	"\303[\375\310\021\316$\327ufO\341u\353\246\374\225\033"
 240      11CE24D7 
 240      75664FE1 
 240      75EBA6FC 
 240      951B
 241 04b2 0F2EE949 		.ascii	"\017.\351I=\177\331P\231\236\353O\0328\323Q\222\336"
 241      3D7FD950 
 241      999EEB4F 
 241      1A38D351 
 241      92DE
 242 04c4 41E81193 		.ascii	"A\350\021\223\362_7\305\341\346\023#:r\212\353oK\315"
 242      F25F37C5 
 242      E1E61323 
 242      3A728AEB 
 242      6F4BCD
 243 04d7 2C95889B 		.ascii	",\225\210\2333\347\372\332\012&\363\031\232\212\354"
 243      33E7FADA 
 243      0A26F319 
 243      9A8AEC
 244 04e6 B1DB2D4D 		.ascii	"\261\333-M\022\367B\246\207\306\223\374\246\373\022"
 244      12F742A6 
 244      87C693FC 
 244      A6FB12
 245 04f5 39CD647D 		.ascii	"9\315d}\017\015\266\324\211\020\214\355\023\030\\$\247"
 245      0F0DB6D4 
 245      89108CED 
 245      13185C24 
 245      A7
 246 0506 A660477C 		.ascii	"\246`G|\265(\377\334MY\3161\300-\254r/V\341\221\266"
 246      B528FFDC 
 246      4D59CE31 
 246      C02DAC72 
 246      2F56E191 
 247 051b CABCAB3C 		.ascii	"\312\274\253<=\201\032\256\374?\346\311\256T\302\304"
 247      3D811AAE 
 247      FC3FE6C9 
 247      AE54C2C4 
 248 052b 6F8E2F3E 		.ascii	"o\216/>W\225\336\241\221\2763Vzl\013m\357]\314\316\201"
 248      5795DEA1 
 248      91BE3356 
 248      7A6C0B6D 
 248      EF5DCCCE 
 249 0540 47A37B28 		.ascii	"G\243{([9mX9\357\241\362]f\345\221\322\006\337c\306"
 249      5B396D58 
 249      39EFA1F2 
 249      5D66E591 
 249      D206DF63 
 250 0555 1E6239FB 		.ascii	"\036b9\373\220\036 \335\367\266<u \257wqN\212\354\236"
 250      901E20DD 
 250      F7B63C75 
 250      20AF7771 
 250      4E8AEC9E 
 251 0569 C33CB83D 		.ascii	"\303<\270=\256\007<:\314U\333\356\235G\214$M\307:\365"
 251      AE073C3A 
 251      CC55DBEE 
ARM GAS  /tmp/ccQNmNrd.s 			page 19


 251      9D478C24 
 251      4DC73AF5 
 252 057d 76DE817B 		.ascii	"v\336\201{F\265S{\247\321N\355G\345\307j\247>\322t\352"
 252      46B5537B 
 252      A7D14EED 
 252      47E5C76A 
 252      A73ED274 
 253 0592 18FFE009 		.ascii	"\030\377\340\011\272\365&\027\321f}Nk\273qT\347\365"
 253      BAF52617 
 253      D1667D4E 
 253      6BBB7154 
 253      E7F5
 254 05a4 8FEABC01 		.ascii	"\217\352\274\001O\347\371\234\332\177\361\206\216\027"
 254      4FE7F99C 
 254      DA7FF186 
 254      8E17
 255 05b2 CF33CD6B 		.ascii	"\3173\315kn\224\260i\306\366\204\323\350\326\320k\247"
 255      6E94B069 
 255      C6F684D3 
 255      E8D6D06B 
 255      A7
 256 05c3 F96CEB3B 		.ascii	"\371l\353;_\312\256$\302\216\315nE\\9 M\232\272Q\331"
 256      5FCAAE24 
 256      C28ECD6E 
 256      455C3920 
 256      4D9ABA51 
 257 05d8 FE8C9FF3 		.ascii	"\376\214\237\363\302\241}\350\031\013\255)3OOm\006\033"
 257      C2A17DE8 
 257      190BAD29 
 257      334F4F6D 
 257      061B
 258 05ea FEA1D714 		.ascii	"\376\241\327\024\356\006\360\317C\270\256\240\321\304"
 258      EE06F0CF 
 258      43B8AEA0 
 258      D1C4
 259 05f8 3CC7C43C 		.ascii	"<\307\304<\303\204<E\032\364&El\373[\263\333\317\233"
 259      C3843C45 
 259      1AF42645 
 259      6CFB5BB3 
 259      DBCF9B
 260 060b FBFACD3F 		.ascii	"\373\372\315?\243\340/P\347\272\232\373\241\037\347"
 260      A3E02F50 
 260      E7BA9AFB 
 260      A11FE7
 261 061a DE6BE207 		.ascii	"\336k\342\007\204}\275\011\310J\031\2727z\342_\214\312"
 261      847DBD09 
 261      C84A19BA 
 261      377AE25F 
 261      8CCA
 262 062c FB4BEFC4 		.ascii	"\373K\357\304oy\225\271\311G'\3625z\004\342\332\346"
 262      6F7995B9 
 262      C94727F2 
 262      357A04E2 
 262      DAE6
 263 063e E18A46DF 		.ascii	"\341\212F\337\011\017\313W\354\260\034\006\345\264<"
 263      090FCB57 
 263      ECB01C06 
ARM GAS  /tmp/ccQNmNrd.s 			page 20


 263      E5B43C
 264 064d F4555789 		.ascii	"\364UW\211\3509-7\257VOK\224\203\0265\242\026\355i9"
 264      E8392D37 
 264      AF564F4B 
 264      94831635 
 264      A216ED69 
 265 0662 C24ECB94 		.ascii	"\302N\313\224\246\342\352\311d;\353H\030l\257X\301a"
 265      A6E2EAC9 
 265      643BEB48 
 265      186CAF58 
 265      C161
 266 0674 5C7D7463 		.ascii	"\\}tcN\242\037\234\024C\026\275\030\370\250b$\211\024"
 266      4EA21F9C 
 266      144316BD 
 266      18F8A862 
 266      248914
 267 0687 A33CE342 		.ascii	"\243<\343B\275\017)\344\030\273\272:[|\025\220\374V"
 267      BD0F29E4 
 267      18BBBA3A 
 267      5B7C1590 
 267      FC56
 268 0699 2D48B20A 		.ascii	"-H\262\012\222\254\005Ia \256\276\275\271\204\034\342"
 268      92AC0549 
 268      6120AEBE 
 268      BDB9841C 
 268      E2
 269 06aa 20F7CB6F 		.ascii	" \367\313o_\360\037\225;\372\325\253\306\277I\364\344"
 269      5FF01F95 
 269      3BFAD5AB 
 269      C6BF49F4 
 269      E4
 270 06bb AEA5F174 		.ascii	"\256\245\361t2a\271\3035%wi\365\005]\272\011s\267Y\244"
 270      3261B9C3 
 270      35257769 
 270      F5055DBA 
 270      0973B759 
 271 06d0 B94B1395 		.ascii	"\271K\023\225\334\365T\356\352\223\320\337n<b\037\367"
 271      DCF554EE 
 271      EA93D0DF 
 271      6E3C621F 
 271      F7
 272 06e1 AC3C5371 		.ascii	"\254<SqSN\017`R\220\252:\234*\362\377\023 \2359{\372"
 272      534E0F60 
 272      5290AA3A 
 272      9C2AF2FF 
 272      13209D39 
 273 06f7 64ED8038 		.ascii	"d\355\2008\343\242n7v\015~`\263/\226\014\367! \267\270"
 273      E3A26E37 
 273      760D7E60 
 273      B32F960C 
 273      F72120B7 
 274 070c FF7BDAFB 		.ascii	"\377{\332\373wH\244\2373\325\031{\316\220\367\212\345"
 274      7748A49F 
 274      33D5197B 
 274      CE90F78A 
 274      E5
 275 071d 8E425A9D 		.ascii	"\216BZ\235\277T&\273\344-\037\261\357\362\255h\000S"
ARM GAS  /tmp/ccQNmNrd.s 			page 21


 275      BF5426BB 
 275      E42D1FB1 
 275      EFF2AD68 
 275      0053
 276 072f A8F99CCF 		.ascii	"\250\371\234\317\300\225-\342\014\001>\027\337C\325"
 276      C0952DE2 
 276      0C013E17 
 276      DF43D5
 277 073e DEB233A1 		.ascii	"\336\2623\241\344%\207\271\320\3722\211\302\024\026"
 277      E42587B9 
 277      D0FA3289 
 277      C21416
 278 074d CAAE9AB8 		.ascii	"\312\256\232\270$\331\245c\015\265\215;\351mM\201\256"
 278      24D9A563 
 278      0DB58D3B 
 278      E96D4D81 
 278      AE
 279 075e E0EF5F19 		.ascii	"\340\357_\031\200\373|O\256^R\276\016\262\336|\020@"
 279      80FB7C4F 
 279      AE5E52BE 
 279      0EB2DE7C 
 279      1040
 280 0770 A628D17F 		.ascii	"\246(\321\177Q\352\216_\2372*\3774\037j\016\263x\376"
 280      51EA8E5F 
 280      9F322AFF 
 280      341F6A0E 
 280      B378FE
 281 0783 D95D6789 		.ascii	"\331]g\211\211\264\373}\022\266\310\034\376\361\257"
 281      89B4FB7D 
 281      12B6C81C 
 281      FEF1AF
 282 0792 C37EAFA7 		.ascii	"\303~\257\247O\021\253V\254\224\350\303\352\345K\226"
 282      4F11AB56 
 282      AC94E8C3 
 282      EAE54B96 
 283 07a2 2F59A55F 		.ascii	"/Y\245_\264|\365\364\205\013\026\0103\026\306\330\326"
 283      B47CF5F4 
 283      850B1608 
 283      3316C6D8 
 283      D6
 284 07b3 DA564498 		.ascii	"\332VD\230\022\034\246\230\310X\223-\336\022\273!\312"
 284      121CA698 
 284      C858932D 
 284      DE12BB21 
 284      CA
 285 07c4 4A9FCD7F 		.ascii	"J\237\315\177\216Z7;F\220\360\346"
 285      8E5A373B 
 285      4690F0E6 
 286 07d0 70463AAD 		.ascii	"pF:\255f\247\001\037\315\261\261Qf[\274\3159\177\214"
 286      66A7011F 
 286      CDB1B151 
 286      665BBCCD 
 286      397F8C
 287 07e3 E6FA04BB 		.ascii	"\346\372\004\273\323a\212X\265l^\250i\351\3220S\"Z\373"
 287      D3618A58 
 287      B56C5EA8 
 287      69E9D230 
ARM GAS  /tmp/ccQNmNrd.s 			page 22


 287      53225AFB 
 288 07f7 74AE0788 		.ascii	"t\256\007\210\252\315\266\010F\017\002\"\332\235\276"
 288      AACDB608 
 288      460F0222 
 288      DA9DBE
 289 0806 9684F868 		.ascii	"\226\204\370h\333:q\275]2\2337\330\342\235\363B\315"
 289      DB3A71BD 
 289      5D329B37 
 289      D8E29DF3 
 289      42CD
 290 0818 CED5A60D 		.ascii	"\316\325\246\015\016\273i\255-\336\264\316b\231\025"
 290      0EBB69AD 
 290      2DDEB4CE 
 290      629915
 291 0827 698F9B15 		.ascii	"i\217\233\025\237\020o\235e\215\\k\233\365\276y\376"
 291      9F106F9D 
 291      658D5C6B 
 291      9BF5BE79 
 291      FE
 292 0838 ACD03973 		.ascii	"\254\3209s?\370S\250i\324\013\257\333q\221\226\030["
 292      3FF853A8 
 292      69D40BAF 
 292      DB719196 
 292      185B
 293 084a BCD5648E 		.ascii	"\274\325d\216\262FGn\210u\232\235\033\327[\035\030\205"
 293      B246476E 
 293      88759A9D 
 293      1BD75B1D 
 293      1885
 294 085c DE03FFDB 		.ascii	"\336\003\377\333\377\007\336\261\321aB\327\243\020\013"
 294      FF07DEB1 
 294      D16142D7 
 294      A3100B
 295 086b 31893DD6 		.ascii	"1\211=\326\376?d!F\240\265Y\310B\367a\231\245|\230\335"
 295      FE3F6421 
 295      46A0B559 
 295      C842F761 
 295      99A57C98 
 296 0880 F6A9D54E 		.ascii	"\366\251\325NP\210\204/\015\027W\206\213\277\013\027"
 296      5088842F 
 296      0D175786 
 296      8BBF0B17 
 297 0890 23C23FD4 		.ascii	"#\302?\324\340[\022\342\342\022\342M\326D\247i\341\262"
 297      E05B12E2 
 297      E212E24D 
 297      D644A769 
 297      E1B2
 298 08a2 88251168 		.ascii	"\210%\021h\206[\372\315\374\304D\223\303\0317/4z~\350"
 298      865BFACD 
 298      FCC44493 
 298      C319372F 
 298      347A7EE8 
 299 08b6 82C44434 		.ascii	"\202\304D4aXB\213\275\012\243\017\263F\033\324\254'"
 299      6158428B 
 299      BD0AA30F 
 299      B3461BD4 
 299      AC27
ARM GAS  /tmp/ccQNmNrd.s 			page 23


 300 08c8 ACF796C0 		.ascii	"\254\367\226\300nuX\235~\226\230\210\215\216\305\221"
 300      6E75589D 
 300      7E969888 
 300      8D8EC591 
 301 08d8 B1CE7734 		.ascii	"\261\316w4\226\354No\310\226\030\014\032\001\215Z\014"
 301      96EC4E6F 
 301      C896180C 
 301      1A018D5A 
 301      0C
 302 08e9 C1683647 		.ascii	"\301h6Go\210\267\230\315\263\177\365\301\234\017\365"
 302      6F88B798 
 302      CDB37FF5 
 302      C19C0FF5 
 303 08f9 1ECE8706 		.ascii	"\036\316\207\0062\367?\353l\376\010"
 303      32F73FEB 
 303      6CFE08
 304              		.text
 305              		.section	.gnu.lto_.symtab.7b2b5ab3fb99f04a,"",%progbits
 306 0000 7764675F 		.ascii	"wdg_lld_init\000"
 306      6C6C645F 
 306      696E6974 
 306      00
 307 000d 00       		.ascii	"\000"
 308 000e 00       		.ascii	"\000"
 309 000f 00       		.ascii	"\000"
 310 0010 00000000 		.ascii	"\000\000\000\000\000\000\000\000"
 310      00000000 
 311 0018 C8000000 		.ascii	"\310\000\000\000"
 312 001c 57444744 		.ascii	"WDGD1\000"
 312      3100
 313 0022 00       		.ascii	"\000"
 314 0023 00       		.ascii	"\000"
 315 0024 00       		.ascii	"\000"
 316 0025 00000000 		.ascii	"\000\000\000\000\000\000\000\000"
 316      00000000 
 317 002d 0E010000 		.ascii	"\016\001\000\000"
 318 0031 7764675F 		.ascii	"wdg_lld_start\000"
 318      6C6C645F 
 318      73746172 
 318      7400
 319 003f 00       		.ascii	"\000"
 320 0040 00       		.ascii	"\000"
 321 0041 00       		.ascii	"\000"
 322 0042 00000000 		.ascii	"\000\000\000\000\000\000\000\000"
 322      00000000 
 323 004a FF000000 		.ascii	"\377\000\000\000"
 324 004e 7764675F 		.ascii	"wdg_lld_stop\000"
 324      6C6C645F 
 324      73746F70 
 324      00
 325 005b 00       		.ascii	"\000"
 326 005c 00       		.ascii	"\000"
 327 005d 00       		.ascii	"\000"
 328 005e 00000000 		.ascii	"\000\000\000\000\000\000\000\000"
 328      00000000 
 329 0066 01010000 		.ascii	"\001\001\000\000"
 330 006a 7764675F 		.ascii	"wdg_lld_reset\000"
ARM GAS  /tmp/ccQNmNrd.s 			page 24


 330      6C6C645F 
 330      72657365 
 330      7400
 331 0078 00       		.ascii	"\000"
 332 0079 00       		.ascii	"\000"
 333 007a 00       		.ascii	"\000"
 334 007b 00000000 		.ascii	"\000\000\000\000\000\000\000\000"
 334      00000000 
 335 0083 03010000 		.ascii	"\003\001\000\000"
 336 0087 63685379 		.ascii	"chSysHalt\000"
 336      7348616C 
 336      7400
 337 0091 00       		.ascii	"\000"
 338 0092 02       		.ascii	"\002"
 339 0093 00       		.ascii	"\000"
 340 0094 00000000 		.ascii	"\000\000\000\000\000\000\000\000"
 340      00000000 
 341 009c 08010000 		.ascii	"\010\001\000\000"
 342              		.text
 343              		.section	.gnu.lto_.opts,"",%progbits
 344 0000 272D6666 		.ascii	"'-ffp-contract=off' '-fmath-errno' '-fsigned-zeros'"
 344      702D636F 
 344      6E747261 
 344      63743D6F 
 344      66662720 
 345 0033 20272D66 		.ascii	" '-ftrapping-math' '-fno-trapv' '-fno-openmp' '-fno"
 345      74726170 
 345      70696E67 
 345      2D6D6174 
 345      68272027 
 346 0066 2D6F7065 		.ascii	"-openacc' '-mcpu=cortex-m4' '-mno-thumb-interwork' "
 346      6E616363 
 346      2720272D 
 346      6D637075 
 346      3D636F72 
 347 0099 272D6D74 		.ascii	"'-mthumb' '-ggdb' '-O2' '-fomit-frame-pointer' '-fa"
 347      68756D62 
 347      2720272D 
 347      67676462 
 347      2720272D 
 348 00cc 6C69676E 		.ascii	"lign-functions=16' '-ffunction-sections' '-fdata-se"
 348      2D66756E 
 348      6374696F 
 348      6E733D31 
 348      36272027 
 349 00ff 6374696F 		.ascii	"ctions' '-fno-common' '-flto'\000"
 349      6E732720 
 349      272D666E 
 349      6F2D636F 
 349      6D6D6F6E 
 350              		.text
 351              		.comm	__gnu_lto_v1,1,1
 352              		.comm	__gnu_lto_slim,1,1
 353              		.ident	"GCC: (GNU Tools for ARM Embedded Processors) 5.4.1 20160609 (release) [ARM/embedded-5-bran
ARM GAS  /tmp/ccQNmNrd.s 			page 25


DEFINED SYMBOLS
                            *ABS*:00000000 hal_wdg_lld.c
                            *COM*:00000001 __gnu_lto_v1
                            *COM*:00000001 __gnu_lto_slim

NO UNDEFINED SYMBOLS
