ARM GAS  /tmp/cc2gD6Dh.s 			page 1


   1              		.syntax unified
   2              		.cpu cortex-m4
   3              		.fpu softvfp
   4              		.eabi_attribute 20, 1
   5              		.eabi_attribute 21, 1
   6              		.eabi_attribute 23, 3
   7              		.eabi_attribute 24, 1
   8              		.eabi_attribute 25, 1
   9              		.eabi_attribute 26, 1
  10              		.eabi_attribute 30, 2
  11              		.eabi_attribute 34, 1
  12              		.eabi_attribute 18, 4
  13              		.thumb
  14              		.syntax unified
  15              		.file	"hal_pal.c"
  16              		.text
  17              	.Ltext0:
  18              		.section	.gnu.lto_.profile.4354a53ecd9655da,"",%progbits
  19 0000 789C6361 		.ascii	"x\234ca`d`a`\000\222\021\206\000\001K\000\224"
  19      60646061 
  19      60009211 
  19      8600014B 
  19      0094
  20              		.text
  21              		.section	.gnu.lto_.icf.4354a53ecd9655da,"",%progbits
  22 0000 789C6361 		.ascii	"x\234ca`d\000\0015\006\004`cX\263\360\325z^\306\331"
  22      60640001 
  22      35060460 
  22      6358B3F0 
  22      D57A5EC6 
  23 0015 8F565CE3 		.ascii	"\217V\\\343a\272\363i\331O&\346\363S>\2643\262\334;"
  23      61BAF369 
  23      D94F26E6 
  23      F3533EB4 
  23      33B2DC3B 
  24 0029 F9EC0D2F 		.ascii	"\371\354\015/\353\321\203\223\257\2623\000\000t\205"
  24      EBD18393 
  24      AFB23300 
  24      007485
  25 0038 1300     		.ascii	"\023\000"
  26              		.text
  27              		.section	.gnu.lto_.jmpfuncs.4354a53ecd9655da,"",%progbits
  28 0000 789C6D8D 		.ascii	"x\234m\215\261\015\2000\020\003m\177D\211X\227\352#"
  28      B10D8030 
  28      10036D7F 
  28      44895897 
  28      EA23
  29 0012 A114D980 		.ascii	"\241\024\331\200\015\200)\030\212\016)\022\011)hp\353"
  29      0D802918 
  29      8A0E2912 
  29      09296870 
  29      EB
  30 0023 3B3B8068 		.ascii	";;\200hI\370b \351b\021\227\373\274F/q\215qJ\206l\265"
  30      49F86220 
  30      E9621197 
  30      FBBC462F 
  30      718D714A 
ARM GAS  /tmp/cc2gD6Dh.s 			page 2


  31 003a E6460703 		.ascii	"\346F\007\003$\322\374\217c\266\272\312\275s\341\345"
  31      24D2FC8F 
  31      63B6BACA 
  31      BD73E1E5 
  32 004a 38F471CD 		.ascii	"8\364q\315\355\360GR6U\351\350\022\036\207V!\234"
  32      EDF04752 
  32      3655E9E8 
  32      121E8756 
  32      219C
  33              		.text
  34              		.section	.gnu.lto_.inline.4354a53ecd9655da,"",%progbits
  35 0000 789C6361 		.ascii	"x\234ca`d\000\001\017\010\005\006\314\014\014\002\""
  35      60640001 
  35      0F080506 
  35      CC0C0C02 
  35      22
  36 0011 8C6C0C0A 		.ascii	"\214l\014\012Y\177\231\030\247\265\036:\317\376\205"
  36      597F9918 
  36      A7B51E3A 
  36      CFFE85
  37 0020 A9959999 		.ascii	"\251\225\231\231\221\201q9\243\014\003\203B6\224\316"
  37      91817139 
  37      A30C0383 
  37      423694CE 
  38 0030 004AAF59 		.ascii	"\000J\257Y\366\361\000?H\232\205\221\237q\005\243\014"
  38      F6F1003F 
  38      489A8591 
  38      9F7105A3 
  38      0C
  39 0041 B3038342 		.ascii	"\263\003\203B:\214\0012\023H0;\260r\256pc\340\274a\306"
  39      3A8C0132 
  39      1348303B 
  39      B072AE70 
  39      63E0BC61 
  40 0056 C4C0B240 		.ascii	"\304\300\262@\336\201\201q\011{\003#\007\023\003\353"
  40      DE818171 
  40      097B0323 
  40      071303EB 
  41 0066 1615200D 		.ascii	"\026\025 \015\262\222\211\233A\004\350\022&\006QIFv"
  41      B292899B 
  41      4104E812 
  41      26065149 
  41      4676
  42 0078 A0C5E836 		.ascii	"\240\305\3506\3416\232\021\304d\023|\321\302\210\333"
  42      E1369A11 
  42      C464137C 
  42      D1C288DB 
  43 0088 02A60BFC 		.ascii	"\002\246\013\374\015LH\326\2600\010\311\203\375G\274"
  43      0D4C48D6 
  43      B03008C9 
  43      83FD47BC 
  44 0098 35ACAC1D 		.ascii	"5\254\254\035\352x}\300\302\013\014\270\011~ \010\265"
  44      EA787DC0 
  44      C20B0CB8 
  44      097E2008 
  44      B5
  45 00a9 85010013 		.ascii	"\205\001\000\023\3014\226"
ARM GAS  /tmp/cc2gD6Dh.s 			page 3


  45      C13496
  46              		.text
  47              		.section	.gnu.lto_.pureconst.4354a53ecd9655da,"",%progbits
  48 0000 789C6361 		.ascii	"x\234ca`d`g```f\220b\222b\221\004\000\001\263\000c"
  48      60646067 
  48      60606066 
  48      90629262 
  48      91040001 
  49              		.text
  50              		.section	.gnu.lto_palReadBus.4354a53ecd9655da,"",%progbits
  51 0000 789C8D52 		.ascii	"x\234\215RKKUQ\024^\337\336\347u\257Wm\330\300Bp \016"
  51      4B4B5551 
  51      145EDFDE 
  51      E775AF57 
  51      6DD8C042 
  52 0017 EAE06FA8 		.ascii	"\352\340o\250A\263\240~@\250\004JB\2228\276[\317=\241"
  52      41B3A07E 
  52      40A8044A 
  52      429238BE 
  52      5BCF3DA1 
  53 002b 10A1831E 		.ascii	"\020\241\203\036ha\015\314\314\267=5+1\350\005\025F"
  53      68610DCC 
  53      CCB73D35 
  53      2B31E805 
  53      1546
  54 003d 50189159 		.ascii	"P\030\221YHH\003\257\025A\244\267\265\366\275\351\035"
  54      484803AF 
  54      1541A4B7 
  54      B5F6BDE9 
  54      1D
  55 004e 7AE0ECBD 		.ascii	"z\340\354\275\327:\337\372\326\267\276}\034\002\311"
  55      D73ADFFA 
  55      D6B7BE7D 
  55      1C02C9
  56 005d D3A689AA 		.ascii	"\323\246\211\252x?\310/<\202\352~E\324\036(\345\\q\311"
  56      783FC82F 
  56      3C82EA7E 
  56      45D41E28 
  56      E55C71C9 
  57 0071 24F5DA33 		.ascii	"$\365\3323\"\223\322\312y\033r\350\316\356\345\310\201"
  57      2293D2CA 
  57      791B72E8 
  57      CEEEE5C8 
  57      81
  58 0082 9B47B980 		.ascii	"\233G\271\200\034L\000J+\355\270H\343\227\332PX\310"
  58      1C4C004A 
  58      2BEDB848 
  58      E397DA50 
  58      58C8
  59 0094 4C5CD23F 		.ascii	"L\\\322?U\254\011\016\207\331\227\275_\312$\004*9\354"
  59      55AC090E 
  59      87D997BD 
  59      5FCA2404 
  59      2A39EC
  60 00a7 336FBAFC 		.ascii	"3o\272\374\232Ac:\314\322\300rKO\024\037\212\265\242"
  60      9A41633A 
  60      CCD2C072 
ARM GAS  /tmp/cc2gD6Dh.s 			page 4


  60      4B4F141F 
  60      8AB5A2
  61 00ba 9C225C47 		.ascii	"\234\"\\G\005\006Q!Z\206P\303\330x\341\302i\255+A|\376"
  61      05065121 
  61      5A8650C3 
  61      D878E1C2 
  61      69AD2B41 
  62 00d0 F8696928 		.ascii	"\370ii(\250\036\220:\323s\334$b\255q\003\272\270\216"
  62      A81E903A 
  62      D373DC24 
  62      62AD7103 
  62      BAB88E
  63 00e3 53846154 		.ascii	"S\204aT\013|yr\363\\\251\2271\374Tv\361\224\214c\332"
  63      0B7C7972 
  63      F35CA997 
  63      31FC5476 
  63      F1948C63 
  64 00f8 11783C38 		.ascii	"\021x<881~d\316\344r\2211}\265g\253R\012R\3470\203\343"
  64      38317E64 
  64      CEE47291 
  64      317DB567 
  64      AB520A52 
  65 0110 F1E2FABC 		.ascii	"\361\342\372\274x\201\204\0119%e)!\321Ik\374\312\330"
  65      78818409 
  65      39256529 
  65      21D1496B 
  65      FCCAD8
  66 0123 59A564D7 		.ascii	"Y\245d\327\237\221Y\214\306\317h\341\216\264\314\177"
  66      9F91598C 
  66      C6CF68E1 
  66      8EB4CC7F 
  67 0133 3E9E7FED 		.ascii	">\236\177\355\313\300\032\204Q;\217\3005\261\233z\005"
  67      CBC01A84 
  67      513B8FC0 
  67      35B19B7A 
  67      05
  68 0144 1D33C863 		.ascii	"\0353\310c\305\234\337O_t\246\372q\031\261\366\271:"
  68      C59CDF4F 
  68      5F74A6FA 
  68      7119B1F6 
  68      B93A
  69 0156 0FE7FCC0 		.ascii	"\017\347\374\300\327\2161?\334\027\353\000c\350\307"
  69      D78E313F 
  69      DC17EB00 
  69      63E8C7
  70 0165 A6A8278C 		.ascii	"\246\250'\214#$\356\367^o\023\214\\\313\316\225K\263"
  70      2324EEF7 
  70      5E6F138C 
  70      5CCBCE95 
  70      4BB3
  71 0177 00E598D8 		.ascii	"\000\345\230\330j\346\320b\255\376\006G\200\3027=\375"
  71      6AE6D062 
  71      ADFE0647 
  71      80C2373D 
  71      FD
  72 0188 FD839FDE 		.ascii	"\375\203\237\3360\235\306\354\212u\"\247\304\206I\244"
  72      309DC6EC 
ARM GAS  /tmp/cc2gD6Dh.s 			page 5


  72      8A7522A7 
  72      C48649A4 
  73 0198 A9586FD2 		.ascii	"\251Xo\322\032\035\375y\364\243\214\241\027-4)\346I"
  73      1A1DFD79 
  73      F4A38CA1 
  73      172D3429 
  73      E649
  74 01aa FA79EFF0 		.ascii	"\372y\357\360\011\026\332\336m\323%\270\311\327=UP\233"
  74      0916DADE 
  74      6DD325B8 
  74      C9D73D55 
  74      509B
  75 01bc 5B9D1A4B 		.ascii	"[\235\032Kp\311n\341\270\305zm[\334F:\326)\253\307\265"
  75      70C96EE1 
  75      B8C57A6D 
  75      5BDC463A 
  75      D629ABC7 
  76 01d1 5EC9F0D9 		.ascii	"^\311\360\331'W\013\362\275\235\314_\212;v~\371_q\227"
  76      27570BF2 
  76      BD9DCC5F 
  76      8A3B767E 
  76      F95F7197 
  77 01e5 E75FC1FC 		.ascii	"\347_\301\374\177\003\375b\361\245V|\021_\031w\300\275"
  77      7F03FD62 
  77      F1A5567C 
  77      115F1977 
  77      C0BD
  78 01f7 02DFBBF5 		.ascii	"\002\337\273\365\365\307\251p\324d\370C9\246-\245\375"
  78      F5C7A970 
  78      D464F843 
  78      39A62DA5 
  78      FD
  79 0208 23662CE5 		.ascii	"#f,\345\326\235\004;\273\223\373\333w2k\011\242u/O\220"
  79      D69D043B 
  79      BB93FBDB 
  79      77326B09 
  79      A2752F4F 
  80 021d 88A42828 		.ascii	"\210\244((\346L\356\204S\341\201\345\024\267\3610\317"
  80      E64CEE84 
  80      53E181E5 
  80      14B7F130 
  80      CF
  81 022e F9B7C059 		.ascii	"\371\267\300Ybi\223\264\012UHH\3475\366\204Me\025{\016"
  81      626993B4 
  81      0A554848 
  81      E735F684 
  81      4D65157B 
  82 0243 3436D537 		.ascii	"46\3257\035>\032\236l\015\033\353\232\303\326S\015\262"
  82      1D3E1A9E 
  82      6C0D1BEB 
  82      9AC3D653 
  82      0DB2
  83 0255 1F6BA96B 		.ascii	"\037k\251k\336\337@\272\276\255\365\037\340\330!,"
  83      DEDF40BA 
  83      BEADF51F 
  83      E0D8212C 
  84              		.text
ARM GAS  /tmp/cc2gD6Dh.s 			page 6


  85              		.section	.gnu.lto_palWriteBus.4354a53ecd9655da,"",%progbits
  86 0000 789C8D52 		.ascii	"x\234\215R[KTQ\024\336\337\331\347\234\231q\306\231"
  86      5B4B5451 
  86      14DEDFD9 
  86      E79C9971 
  86      C699
  87 0012 A9A71E2C 		.ascii	"\251\247\036,\204\002\363\241N\376\206\"\350)\250\037"
  87      8402F3A1 
  87      4EFE8622 
  87      E829A81F 
  88 0022 106A8192 		.ascii	"\020j\201\222Pd=\317v.eD`\017Y\210b\004\246\346\335"
  88      50643DCF 
  88      762E6544 
  88      600F5988 
  88      6204A6E6 
  89 0037 2EA6594E 		.ascii	".\246YN\023aE\027\254\2500B+\223\220\210\031-\212\310"
  89      13614517 
  89      ACA83042 
  89      2B939088 
  89      192D8AC8 
  90 004b 99D6DA73 		.ascii	"\231\326\332s\322\241'7\234\265\317^{\255o}\353[\333"
  90      D2A12737 
  90      9CB5CF5E 
  90      7BAD6F7D 
  90      EB5BDB
  91 005e 1410BCF6 		.ascii	"\024\020\274\366\230Bl\245}\027}\260\005\214\246gB4"
  91      98426CA5 
  91      7D177DB0 
  91      058CA667 
  91      4234
  92 0070 780DC3BC 		.ascii	"x\015\303\274d\011U$\323\017\205P\001i\230\257\034:"
  92      64095524 
  92      D30F8550 
  92      016998AF 
  92      1C3A
  93 0082 5AE39BE8 		.ascii	"Z\343\233\350d\302\312GY\000\377(/D\304\220\246\205"
  93      64C2CA47 
  93      5900FF28 
  93      2F44C490 
  93      A685
  94 0094 087E18CB 		.ascii	"\010~\030\313\006R\247\346G\215\362NEk\366\301\267\035"
  94      0652A7E6 
  94      478DF24E 
  94      456BF6C1 
  94      B71D
  95 00a6 AA2B8984 		.ascii	"\252+\211\204\024\"g\350\222\002\235(\247\250\251\370"
  95      142267E8 
  95      92029D28 
  95      A7A8A9F8 
  96 00b6 60ABFC6E 		.ascii	"`\253\374n$$`\3221\363\264\345S\220\217\006J\351\230"
  96      242460D2 
  96      31F3B4E5 
  96      53908F06 
  96      4AE998
  97 00c9 98BA7052 		.ascii	"\230\272pR\312R\010\372\177?3\333\355-\353P*\252\324"
  97      CA5208FA 
  97      7F3F33DB 
ARM GAS  /tmp/cc2gD6Dh.s 			page 7


  97      ED2DEB50 
  97      2AAAD4
  98 00dc D241E54B 		.ascii	"\322A\345KH\211\253\220\204\207n\224\240\013%\202\\"
  98      4889AB90 
  98      84876E94 
  98      A00B2582 
  98      5C
  99 00ed 023D28A3 		.ascii	"\002=(\243\350\266\354\345I\277\334\2423G\333[\273m"
  99      E8B6ECE5 
  99      49BFDCA2 
  99      3347DB5B 
  99      BB6D
 100 00ff 3773E410 		.ascii	"7s\344\020g\232\350\375?\323\024\350C\031\207\177\034"
 100      679AE8FD 
 100      3FD314E8 
 100      4319877F 
 100      1C
 101 0110 CA9E2FB6 		.ascii	"\312\236/\266\343L\274\364\364?\306\350\207Mb\201\034"
 101      E34CBCF4 
 101      F43FC6E8 
 101      874D6281 
 101      1C
 102 0121 03FB922A 		.ascii	"\003\373\222*\227\213)\365\262bb\363z\003\\\321$\004"
 102      978B29F5 
 102      B26262F3 
 102      7A035CD1 
 102      2404
 103 0133 CB26637B 		.ascii	"\313&c{\3008^\372\365\370\330\024\261\361\363u\200M"
 103      C0385EFA 
 103      F5F8D814 
 103      B1F1F375 
 103      804D
 104 0145 311F836C 		.ascii	"1\037\203lBl\302l\204HS\011\0261c\030\274\313\017\210"
 104      426CC26C 
 104      84485309 
 104      16316318 
 104      BCCB0F88 
 105 0159 4FC796CE 		.ascii	"O\307\226\316J\256\032\223\254fs\"\365\334\303\302H"
 105      4AAE1A93 
 105      AC667322 
 105      F5DCC3C2 
 105      48
 106 016a 080C1063 		.ascii	"\010\014\020c^\031C\012\232\215\234Gt\014\371X\026\361"
 106      5E19430A 
 106      9A8D9C47 
 106      740CF958 
 106      16F1
 107 017c E7E4E3C6 		.ascii	"\347\344\343\306@;\332Ho/e\347\303\311\3371\027\355"
 107      403BDA48 
 107      6F2F65E7 
 107      C3C9DF31 
 107      17ED
 108 018e F738DB12 		.ascii	"\3678\333\022\322\207A\264#\253'\201!8\202\352\275\225"
 108      D28741B4 
 108      23AB2781 
 108      213882EA 
 108      BD95
ARM GAS  /tmp/cc2gD6Dh.s 			page 8


 109 01a0 AB00BD57 		.ascii	"\253\000\275W2\311\020\027\363!\204\341\225b\246\230"
 109      32C91017 
 109      F32184E1 
 109      9562A698 
 110 01b0 AE905F60 		.ascii	"\256\220_`r\240\326u\364\353;OdY5*\025N\310\242\234"
 110      72A0D675 
 110      F4EB3B4F 
 110      6459352A 
 110      154EC8A2 
 111 01c5 C1025D43 		.ascii	"\301\002]CD\024\362\365\353\021\304~O,\005)\364\242"
 111      4414F2F5 
 111      EB11C47E 
 111      4F2C0529 
 111      F4A2
 112 01d7 0EF5B3AC 		.ascii	"\016\365\263\254\354~\324\322s\230\21064iw\0007\350"
 112      EC7ED4D2 
 112      73988836 
 112      34697700 
 112      37E8
 113 01e9 F15C77D9 		.ascii	"\361\\w\331\346\026\206\373}\224\262\2011n\022_]\026"
 113      E61686FB 
 113      7D94B281 
 113      316E125F 
 113      5D16
 114 01fb 23882464 		.ascii	"#\210$d\261\346ci\255\270\371s3n\373\366Z\332\017\342"
 114      B1E66369 
 114      ADB8F973 
 114      336EFBF6 
 114      5ADA0FE2 
 115 020f 966E9F1F 		.ascii	"\226n\237\037?F\251}\202\310\332y\000\312\360\210\002"
 115      3F46A97D 
 115      82C8DA79 
 115      00CAF088 
 115      02
 116 0220 3D7D6B01 		.ascii	"=}k\00141\246\001\365C\271\255\001c\177\\\300\"\215"
 116      3431A601 
 116      F543B9AD 
 116      01637F5C 
 116      C0228D
 117 0233 E92BC4F4 		.ascii	"\351+\304\364\257mF\343\2533\272\223\307lv1\003y\214"
 117      AF6D46E3 
 117      AB33BA93 
 117      C76C7631 
 117      03798C
 118 0246 17E9276D 		.ascii	"\027\351'm~\326\330B\030w\011\200B\322nH\261\256\034"
 118      7ED6D842 
 118      18770980 
 118      42D26E48 
 118      B1AE1C
 119 0259 286412A4 		.ascii	"(d\022\244\326\362LV\242B\332\353g\327/\327\025\326"
 119      D6F24C56 
 119      A242DAEB 
 119      67D72FD7 
 119      15D6
 120 026b B92172A5 		.ascii	"\271!r\245\2325\337\302a\006\3650\013\270\023\200\215"
 120      9A35DFC2 
 120      6106F530 
ARM GAS  /tmp/cc2gD6Dh.s 			page 9


 120      0BB81380 
 120      8D
 121 027c 0997FB9B 		.ascii	"\011\227\373\233\305\305\373\001\247O\305\351\"\214"
 121      C5C5FB01 
 121      A74FC5E9 
 121      228C
 122 028a A4A6EF0E 		.ascii	"\244\246\357\016\372\314\334\347\327\226{\265\016\367"
 122      FACCDCE7 
 122      D7967BB5 
 122      0EF7
 123 0298 E064E935 		.ascii	"\340d\3515Qc)8TR, \232\314\355\326\003\346\225\246\321"
 123      51632938 
 123      54522C20 
 123      9ACCEDD6 
 123      03E695A6 
 124 02ad D068A9F7 		.ascii	"\320h\251\367\215;kj\253j\367\356w\216\324;5\225uN\375"
 124      8D3B6B6A 
 124      AB6AF7EE 
 124      778ED43B 
 124      3595754E 
 125 02c2 B16ADE0F 		.ascii	"\261j\336\017\034\255\254\333^-d\325\211z\263\252\366"
 125      1CADACDB 
 125      5E2D64D5 
 125      897AB3AA 
 125      F6
 126 02d3 78FD5F93 		.ascii	"x\375_\223\233_5"
 126      9B5F35
 127              		.text
 128              		.section	.gnu.lto_palSetBusMode.4354a53ecd9655da,"",%progbits
 129 0000 789C8D52 		.ascii	"x\234\215R[KTQ\024\336\337^\347\234\2718:\366\326\203"
 129      5B4B5451 
 129      14DEDF5E 
 129      E79CB938 
 129      3AF6D683 
 130 0014 8550603E 		.ascii	"\205P`>\324\344o(\3501\250\227\336\302\033(\031F\322"
 130      D4E46F28 
 130      E831A897 
 130      DEC21B28 
 130      1946D2
 131 0027 F36C673C 		.ascii	"\363lg<f/%D\027\244\260\227IM\363\332mLs\360\245\033"
 131      662F2544 
 131      17A4B097 
 131      494DF3DA 
 131      6D4C73F0 
 132 003d 15420F61 		.ascii	"\025B\017aHvAD\"f\260\022\004\235\326\332ci\321\203"
 132      48764144 
 132      2266B012 
 132      049DD6DA 
 132      6369D183 
 133 0051 1BCED97B 		.ascii	"\033\316\331{-\276\365\255o}{;\012JV3)\265\217\367\303"
 133      2DBEF5AD 
 133      6F7D7B3B 
 133      0A4A5633 
 133      29B58FF7 
 134 0066 FCC153D0 		.ascii	"\374\301S\320\235\257\225j\015j\355\334r\225\011S\366"
 134      9DAF956A 
 134      0D6AEDDC 
ARM GAS  /tmp/cc2gD6Dh.s 			page 10


 134      72950953 
 134      F6
 135 0077 99522642 		.ascii	"\231R&B\332y\033\343\320\235\330\315\221\003\267\200"
 135      DA791BE3 
 135      D09DD8CD 
 135      9103B780 
 136 0087 72013998 		.ascii	"r\0019\230 T\\\223\343\"\216\037zMc\372\374BZW\366\030"
 136      20545C93 
 136      E3228E1F 
 136      7A4D63FA 
 136      FC425A57 
 137 009d 5EF3A9D5 		.ascii	"^\363\251\325\203\2467\003\237\373\344\265m\251\320"
 137      83A63703 
 137      9FFBE4B5 
 137      6DA9D0
 138 00ac 834A46CD 		.ascii	"\203JF\315\264\015\337\240\357\332'\300\3410\367\252"
 138      B40DDFA0 
 138      EFDA27C0 
 138      E130F7AA 
 139 00bc EB738984 		.ascii	"\353s\211\204\032\345\034\3723\327\332\211\312\241\370"
 139      1AE51CFA 
 139      33D7DA89 
 139      CAA1F8
 140 00cb 3CF761BE 		.ascii	"<\367a\276/X\2212&a\314J\235\011\371D\270\003b>\364"
 140      2F589132 
 140      2661CC4A 
 140      9D09F944 
 140      B803623E 
 141 00e0 A10CBD28 		.ascii	"\241\014\275(S\234R\350G\005\243\227\307R\227\213h\257"
 141      539C52E8 
 141      4705A397 
 141      C752978B 
 141      68AF
 142 00f2 AD7C7971 		.ascii	"\255|yq\362\304F\341X\275\024:\030\370\267\320Q\270"
 142      F2C446E1 
 142      58BD143A 
 142      18F8B7D0 
 142      51B8
 143 0104 8B0A417F 		.ascii	"\213\012A\177\032Y\277R\354\265\211\356\362\013\277"
 143      1A59BF52 
 143      ECB589EE 
 143      F20BBF
 144 0113 0563101E 		.ascii	"\005c\020\036{\005N\014\035\313\230|>i\314T\325\267"
 144      7B054E0C 
 144      1DCB987C 
 144      3E69CC54 
 144      D5B7
 145 0125 3D110D69 		.ascii	"=\021\015i\3500\203\353\361\317\013\360/\020\2240$\247"
 145      E83083EB 
 145      F1CF0BF0 
 145      2F109430 
 145      24A7
 146 0137 302CADCA 		.ascii	"0,\255\3122\211\270\224\323Zv\372\210\266\331\344\320"
 146      3289B894 
 146      D35A76FA 
 146      88B6D9E4 
 146      D0
ARM GAS  /tmp/cc2gD6Dh.s 			page 11


 147 0148 2512DE24 		.ascii	"%\022\336$\211]W\375\3517\001\231\234\2400\304\232d"
 147      895D57FD 
 147      E9370199 
 147      9CA030C4 
 147      9A64
 148 015a E5342936 		.ascii	"\3454)6\237\026\220\030G\001+.\255<}\321\021\351\306"
 148      9F169018 
 148      47012B2E 
 148      AD3C7DD1 
 148      11E9C6
 149 016d 4D3634C8 		.ascii	"M64\310\325\0058\347S_\022\203\201\330~\237B\030F7\326"
 149      D50538E7 
 149      535F1283 
 149      81D87E9F 
 149      42184637 
 150 0182 ADD51841 		.ascii	"\255\325\030ALq\277w\264I0p;\227\211J\263\020\242\030"
 150      4C71BF77 
 150      B4493070 
 150      3B97894A 
 150      B310A218 
 151 0196 FDD3CC51 		.ascii	"\375\323\314Q\263U\264\010G\200\302\227N\177}\037\210"
 151      B355B408 
 151      4780C297 
 151      4E7F7D1F 
 151      88
 152 01a7 AF990E63 		.ascii	"\257\231\016cJ}\012\347\265X0\206\270\332\252\267\310"
 152      4A7D0AE7 
 152      B5583086 
 152      B8DAAAB7 
 152      C8
 153 01b8 7A9C5C9D 		.ascii	"z\234\\\235Z.a\350u\013-\022\343$\375\274\253\377\024"
 153      5A2E61E8 
 153      750B2D12 
 153      E324FDBC 
 153      ABFF14
 154 01cb 0B6DEDB4 		.ascii	"\013m\355\264\351\010\356\363\353\270\267\2416\2774"
 154      E908EEF3 
 154      EBB8B7A1 
 154      36BF34
 155 01da 3A18E292 		.ascii	":\030\342\222\235\302\361\200\365\332\266x\210\270O"
 155      9DC2F180 
 155      F5DAB678 
 155      88B84F
 156 01e9 C5568F6B 		.ascii	"\305V\217k\275\222\341g~n\214\357mg\374\022<\262\343"
 156      BD92E167 
 156      7E6E8CEF 
 156      6D67FC12 
 156      3CB2E3
 157 01fc CBEB469A 		.ascii	"\313\353F\232\307\337\342_`;\004Q\214[\002{\365\217"
 157      C7DFE25F 
 157      603B0451 
 157      8C5B027B 
 157      F58F
 158 020e FF26086E 		.ascii	"\377&\010n\357\002&6/`\322\022$\263^\201 \304\"\230"
 158      EF022636 
 158      2F60D212 
 158      24B35E81 
ARM GAS  /tmp/cc2gD6Dh.s 			page 12


 158      20C42298 
 159 0222 462DC2FB 		.ascii	"F-\302\373\277\321\245yi\214'l4\017l\013\302>\355PK"
 159      BFD1A579 
 159      698C276C 
 159      340F6C0B 
 159      C23EED50 
 160 0237 4864E68E 		.ascii	"Hd\346\216\330\032YY\236\217\375a\350\256C\015\2155"
 160      D81A5959 
 160      9E8FFD61 
 160      E8AE430D 
 160      8D35
 161 0249 8D478FC7 		.ascii	"\215G\217\307\232[b\015\325M\261\226\263\265\262\237"
 161      9A5B620D 
 161      D54DB196 
 161      B3B5B29F 
 162 0259 3C53DD74 		.ascii	"<S\335t\240VQ\315\271\026\347ts]\375/h\316$\240"
 162      A05651CD 
 162      B916E774 
 162      735DFD2F 
 162      68CE24A0 
 163              		.text
 164              		.section	.gnu.lto_.symbol_nodes.4354a53ecd9655da,"",%progbits
 165 0000 789C55C9 		.ascii	"x\234U\3111\016\202@\024E\321\373\337\014\332\273\001"
 165      310E8240 
 165      1445D1FB 
 165      DF0CDABB 
 165      01
 166 0011 60A57F0A 		.ascii	"`\245\177\012cm\203\242P\262\012\027\001\033\261q\007"
 166      636D83A2 
 166      50B20A17 
 166      011BB171 
 166      07
 167 0022 4C1013E7 		.ascii	"L\020\023\34757y'bt\344\251\223\303u\206\234Wj\241z"
 167      35377927 
 167      6274E4A9 
 167      93C37586 
 167      9C576AA1 
 168 0037 887482A0 		.ascii	"\210t\202\240\233\334Jz\312\276t\227\253\244A\332\310"
 168      9BDC4A7A 
 168      CABE7497 
 168      ABA441DA 
 168      C8
 169 0048 7A79D808 		.ascii	"zy\330\010Rj\300Fy\374?\002\007\316\237\305\202\366"
 169      526AC046 
 169      79FC3F02 
 169      07CE9FC5 
 169      82F6
 170 005a C65F8F4C 		.ascii	"\306_\217L\227w\315\012\212e!\244"
 170      9777CD0A 
 170      8A6521A4 
 171              		.text
 172              		.section	.gnu.lto_.refs.4354a53ecd9655da,"",%progbits
 173 0000 789C6361 		.ascii	"x\234ca`d\020``\000\222L\214,\214LL\314,\214,L\254,"
 173      60641060 
 173      6000924C 
 173      8C2C8C4C 
 173      4CCC2C8C 
ARM GAS  /tmp/cc2gD6Dh.s 			page 13


 174 0018 0C0002D5 		.ascii	"\014\000\002\325\000:"
 174      003A
 175              		.text
 176              		.section	.gnu.lto_.decls.4354a53ecd9655da,"",%progbits
 177 0000 789CA558 		.ascii	"x\234\245XkPTG\026\276}{\006\307a\030,4)\177\220-M\021"
 177      6B505447 
 177      16BE7D7B 
 177      06C76118 
 177      2C34297F 
 178 0018 A5B656C7 		.ascii	"\245\266V\307WL\334\037[\233\210\217du\261\306<6U[5"
 178      574CDC1F 
 178      5B9B888F 
 178      6475B1C6 
 178      3C36555B 
 179 002d 8B80616A 		.ascii	"\213\200aj\021\\fHU~\345\002\243<|\361\022P$*\202\200"
 179      115C6648 
 179      557EE502 
 179      A33C7CF1 
 179      1250242A 
 180 0043 A0220F15 		.ascii	"\240\"\017\025A\0311\030\005y\370B\001\025\024\037\321"
 180      41193118 
 180      0579F842 
 180      0115141F 
 180      D1
 181 0054 681C1523 		.ascii	"h\034\025#\2028{\272\373\336\271wF&\273U\271EO\367\351"
 181      82387BBA 
 181      FBDEB977 
 181      4626BB55 
 181      B9454FF7 
 182 0069 3EFD9DEF 		.ascii	">\375\235\357\234>\335}/*\016q\344Y7\211\343\036\363"
 182      9C3EDD7D 
 182      2F2A0E71 
 182      E4593789 
 182      E31EF3
 183 007c 1CD70FA2 		.ascii	"\034\327\017\242\023\036\025\364}\001E\015\245\026J"
 183      131E15F4 
 183      7D01450D 
 183      A5164A
 184 008b 3D942628 		.ascii	"=\224&(\357\300\370D6\205\216\275\013\355\351P\014P"
 184      EFC0F844 
 184      36858EBD 
 184      0BEDE950 
 184      0C50
 185 009d E641F933 		.ascii	"\346A\3713\024\014\375\177\201\372#(!\242\256\364\020"
 185      140CFD7F 
 185      81FA2328 
 185      21A2AEF4 
 185      10
 186 00ae FD095007 		.ascii	"\375\011P\007@\001\223\\\207\210\031\012\265/\301\202"
 186      4001935C 
 186      8788190A 
 186      B52FC182 
 187 00be 3A50B4B1 		.ascii	":P\264\261\0101\3335P\346B[\017E\013\3452\310\204\337"
 187      0831DB35 
 187      50E6425B 
 187      0F450BE5 
 187      32C884DF 
ARM GAS  /tmp/cc2gD6Dh.s 			page 14


 188 00d2 5BD07E1B 		.ascii	"[\320~\033\312\010\264'C\315\213\370\204\007\0229(\037"
 188      CA08B427 
 188      43CD8BF8 
 188      84071239 
 188      281F
 189 00e4 C23340F4 		.ascii	"\3023@\364K\262Ol\023\016\336\354\023\277\217y\330w"
 189      4BB24F6C 
 189      130EDEEC 
 189      13BF8F79 
 189      D877
 190 00f6 708C835A 		.ascii	"p\214\203Z\301\201\330\177\005\362/\034\3431]\301\343"
 190      C181D87F 
 190      05F22F1C 
 190      E3315DC1 
 190      E3
 191 0107 230F1E06 		.ascii	"#\017\036\006/<\376\370\033q \261?\251\340A8/\206z\201"
 191      2F3CFEF8 
 191      1B7120B1 
 191      3FA9E041 
 191      382F867A 
 192 011c 186F250F 		.ascii	"\030o%\017\314\271\257\0071\357\271\016\243<:o\253\334"
 192      CCB9AF07 
 192      31EFB90E 
 192      A33C3A6F 
 192      ABDC
 193 012e 81077914 		.ascii	"\201\007y\024\240E*\020\237\264m\037\320\2038I\213\246"
 193      A0452A10 
 193      9FB46D1F 
 193      D0833849 
 193      8BA6
 194 0140 8038EAE8 		.ascii	"\2008\352\350\034\325\261Q-\210=\345\316\303>\332\024"
 194      1CD5B151 
 194      2D883DE5 
 194      CEC33EDA 
 194      14
 195 0151 019EF424 		.ascii	"\001\236\364$!\340\214\236\014\224\242@T\202\002\301"
 195      21E08C9E 
 195      0C94A240 
 195      548202C1 
 196 0161 C23EA485 		.ascii	"\302>\244\205_C *\003\021\324\257t\333\352\020\233\355"
 196      5F43202A 
 196      0311D4AF 
 196      74DBEA10 
 196      9BED
 197 0173 0BE2919B 		.ascii	"\013\342\221\233[\033\3073\354\253d\370\362\320\361"
 197      5B1BC733 
 197      ECAB64F8 
 197      F2D0F1
 198 0182 611DE611 		.ascii	"a\035\346\021\264U\325\211}\273\365(8\020\001\030\322"
 198      B455D589 
 198      7DBBF528 
 198      38100118 
 198      D2
 199 0193 EEA51604 		.ascii	"\356\245\026\004\201\347\320!\244E\373\021\226\030o"
 199      81E7D021 
 199      A445FB11 
 199      96186F
ARM GAS  /tmp/cc2gD6Dh.s 			page 15


 200 01a2 17C0BAE3 		.ascii	"\027\300\272\343;\322\015m\015\255\241'Qp\024\012>\223"
 200      3BD20D6D 
 200      0DADA127 
 200      5170140A 
 200      3E93
 201 01b4 39343710 		.ascii	"947\020\315\012\344\320\001\024L\2078T\011\200\007\031"
 201      CD0AE4D0 
 201      01144C87 
 201      38540980 
 201      0719
 202 01c6 9DAE87B9 		.ascii	"\235\256\207\271\311( ]\304\376+\242\330\0250^N\331"
 202      C928205D 
 202      C4FE2BA2 
 202      D815305E 
 202      4ED9
 203 01d8 57A100C9 		.ascii	"W\241\000\311\007\242\335\363\3439\033\365\225`\247"
 203      07A2DDF3 
 203      E3391BF5 
 203      9560A7
 204 01e7 FF2FEC17 		.ascii	"\377/\354\027e\305O\364J\354\352\337\302N\2538\234\250"
 204      65C54FF4 
 204      4AECEADF 
 204      C24EAB38 
 204      9CA8
 205 01f9 D1A5116C 		.ascii	"\321\245\021l1\2165(@\021\310Z\244#\316\222\032\264"
 205      318E3528 
 205      4011C85A 
 205      A423CE92 
 205      1AB4
 206 020b 937A5F37 		.ascii	"\223z_7\371{\217\372a)\352\345\214\312\310O\331\335"
 206      F97B8FFA 
 206      6129EAE5 
 206      8CCAC84F 
 206      D9DD
 207 021d 62D4C9EC 		.ascii	"b\324\311\354\304\372\356\014\177\026\365~2\234$$\217"
 207      C4FAEE0C 
 207      7F16F57E 
 207      329C2424 
 207      8F
 208 022e BE1185A3 		.ascii	"\276\021\205\243\200v\204\242\325Q\246\207%\246G7U\034"
 208      807684A2 
 208      D551A687 
 208      25A64737 
 208      551C
 209 0240 F7F1F4CB 		.ascii	"\367\361\364\313\253v\261\363\301V\0377\277\216\271"
 209      AB76B1F3 
 209      C1561F37 
 209      BF8EB9
 210 024f F9552FFA 		.ascii	"\371U/\372UO\231\355yPwJ\315\210\372\201\230\332znD"
 210      554F99ED 
 210      7950774A 
 210      CD88FA81 
 210      98DA7A6E 
 211 0264 E3DDCDE3 		.ascii	"\343\335\315\343\222\233\015\314\315\321k\011\257y6"
 211      929B0DCC 
 211      CDD16B09 
 211      AF7936
ARM GAS  /tmp/cc2gD6Dh.s 			page 16


 212 0273 5B0FA2F3 		.ascii	"[\017\242\363~\367\0361\271\034d\370^~j\213\312\323"
 212      7EF71E31 
 212      B91C64F8 
 212      5E7E6A8B 
 212      CAD3
 213 0285 CD46403B 		.ascii	"\315F@;A\321\354\224\370q\211\270\355|w\031\366t\323"
 213      41D1EC94 
 213      F87189B8 
 213      ED7C7719 
 213      F674D3
 214 0298 ABF6EBBB 		.ascii	"\253\366\353\273UN?77O\272\271\331$\272\331D\335\334"
 214      554E3F37 
 214      374FBAB9 
 214      D924BAD9 
 214      44DDDC
 215 02ab 5E3FD822 		.ascii	"^?\330\"\272\251!D\367V\246j\3608\222\365\350\372\231"
 215      BAA92144 
 215      F756A66A 
 215      F03892F5 
 215      E8FA99
 216 02be B272B2F9 		.ascii	"\262r\262\371\246k\0219n\375\241\353\340\303\272\227"
 216      A66B1139 
 216      6EFDA1EB 
 216      E0C3BA97 
 217 02ce 7EAC8B68 		.ascii	"~\254\213ht\336\033\275\203fVH\373!P\336\270\027\266"
 217      74DE1BBD 
 217      83665648 
 217      FB2150DE 
 217      B817B6
 218 02e1 3C2D1A87 		.ascii	"<-\032\207\337\"Z\374\351M\325U\276(\230\355\233\376"
 218      DF225AFC 
 218      E94DD555 
 218      BE2898ED 
 218      9BFE
 219 02f3 8C625D9D 		.ascii	"\214b]\235 L@-\340\303\031\204\321\217h&a3\235\260O"
 219      204C402D 
 219      E0C31984 
 219      D18F6826 
 219      61339DB0 
 220 0308 9149732E 		.ascii	"\221Is.\306\350,\2444\030$\212\3504t6\263\020\227\025"
 220      C6E82CA4 
 220      3418248A 
 220      E8347436 
 220      B3109715 
 221 031c 6514FAE0 		.ascii	"e\024\372\340o\250\211m5\373^h]&\234\311\363*\210\211"
 221      6FA8896D 
 221      35FB5E68 
 221      5D269CC9 
 221      F32A8889 
 222 0330 3630D12A 		.ascii	"60\321*\233hA\336m\234\033\333\206\355\207_3\374p\013"
 222      9B6841DE 
 222      6D9C1BDB 
 222      86ED875F 
 222      33FC700B 
 223 0344 A246722E 		.ascii	"\242Fr.\345>\363E\332\340\261\021:\307@`t\372\332\277"
 223      E53EF345 
 223      DAE0B111 
ARM GAS  /tmp/cc2gD6Dh.s 			page 17


 223      3AC74060 
 223      74FADABF 
 224 0358 2B5A07E1 		.ascii	"+Z\007\341A\035\300\247]\346\323&\255\330\345'Os\364"
 224      411DC0A7 
 224      5DE6D326 
 224      ADD8E527 
 224      4F73F4
 225 036b 78233D6B 		.ascii	"x#=kP\376\263\353\367\307\263\005\011V\034y\001\354"
 225      50FEB3EB 
 225      F7C7B305 
 225      09561C79 
 225      01EC
 226 037d C81BDA7D 		.ascii	"\310\033\332};\223\307YL\265\263$\245\023\223\234L\372"
 226      3B93C759 
 226      4CB5B324 
 226      A513939C 
 226      4CFA
 227 038f BF1DAA74 		.ascii	"\277\035\252tf\367\373\341<6\377\027\333\235~_\206="
 227      66F7FBE1 
 227      3C36FF17 
 227      DB9D7E5F 
 227      863D
 228 03a1 19C4FD43 		.ascii	"\031\304\375C}\207\325\270\200\215m\312njR\341B&\354"
 228      7D87D5B8 
 228      808D6DCA 
 228      6E6A52E1 
 228      4226EC
 229 03b4 D99691AC 		.ascii	"\331\226\221\254\306%L(\313L\257\324\3422&\\p\234+\360"
 229      C6254C28 
 229      CB4CAFD4 
 229      E232265C 
 229      709C2BF0 
 230 03c8 65893D01 		.ascii	"e\211=\001\304f\347\013\273?C\344A\314\333wex<.g\252"
 230      C466E70B 
 230      BB3F43E4 
 230      41CCDB77 
 230      65783C2E 
 231 03de C5C3230E 		.ascii	"\305\303#\016\222N\323H:aE2Mc\311\324\330zv\257\016"
 231      924ED348 
 231      3A614532 
 231      4D63C9D4 
 231      D87A76AF 
 232 03f3 1FA2CA7C 		.ascii	"\037\242\312|\221=q\035\222b\015\376iK\301\271k\340"
 232      913D711D 
 232      92620DFE 
 232      694BC1B9 
 232      6BE0
 233 0405 C775E2DC 		.ascii	"\307u\342\334\00087Mt\256\037:\373\\\261\316x\364i\222"
 233      0038374D 
 233      74AE1F3A 
 233      FB5CB1CE 
 233      78F46992 
 234 0419 2020740B 		.ascii	"  t\013B}S\016\36541\322'2z\357jq\003\263Q\3468W\341"
 234      427D530E 
 234      F53431D2 
 234      27327AEF 
 234      6A7103B3 
ARM GAS  /tmp/cc2gD6Dh.s 			page 18


 235 0432 EFD5C65D 		.ascii	"\357\325\306]\2576\234\311\323hz\335\001\033\267e\033"
 235      AF369CC9 
 235      D3687ADD 
 235      011BB765 
 235      1B
 236 0443 B7A4E54C 		.ascii	"\267\244\345L\034*l\320\340fvu\354\317\356\336\351\203"
 236      1C2A6CD0 
 236      E0667675 
 236      ECCFEEDE 
 236      E983
 237 0455 82260605 		.ascii	"\202&\006\005\027\0223\375}\233\243\263\222\327\013"
 237      171233FD 
 237      7D9BA3B3 
 237      92D70B
 238 0464 9DFFA2D3 		.ascii	"\235\377\242\323\357\301\364\373h\242l\325@v\350l\262"
 238      EFC1F4FB 
 238      68A26CD5 
 238      4076E86C 
 238      B2
 239 0475 9132E8AE 		.ascii	"\2212\350\256\262\2033q\234b\367\022m0\210~\006z?\241"
 239      B2833371 
 239      9C62F712 
 239      6D30887E 
 239      067A3FA1 
 240 0489 20F40005 		.ascii	" \364\000\005\321=G\321\355U[t\022\364\2151\241\257"
 240      D13D47D1 
 240      ED555B74 
 240      12F48D31 
 240      A1AF
 241 049b 1110E687 		.ascii	"\021\020\346\207}g\007/\300%\005J\234\350\003\333\274"
 241      7D67072F 
 241      C025054A 
 241      9CE803DB 
 241      BC
 242 04ac AAC2C2D3 		.ascii	"\252\302\302\323\325\0324)((8S<\357\004dU\222x\210&"
 242      D51A3429 
 242      28283853 
 242      3CEF0464 
 242      55927888 
 243 04c1 51128F81 		.ascii	"Q\022\217\201\304/@\342\221L\002pk;p\202`Od\346{\201"
 243      C42F40E2 
 243      914C0270 
 243      6B3B7082 
 243      604F64E6 
 244 04d7 06517725 		.ascii	"\006Qw%\246\354!\243\\\320\021\270M\260\3330\335\255"
 244      A6EC21A3 
 244      5CD011B8 
 244      4DB0DB30 
 244      DDAD
 245 04e9 3DDEB519 		.ascii	"=\336\265\031\347\374-z\302\031t\3349\243\307O\363\273"
 245      E7FC2D7A 
 245      C21974DC 
 245      39A3C74F 
 245      F3BB
 246 04fb FC2701DF 		.ascii	"\374'\001\337\004\357|97\262\212\354\015`\331k;u\271"
 246      04EF7C39 
 246      37B28AEC 
ARM GAS  /tmp/cc2gD6Dh.s 			page 19


 246      0D60D96B 
 246      3B75B9
 247 050e 5687CFB2 		.ascii	"V\207\317\262t\275\323z0Q\203\333\230\360}\333\201V"
 247      74BDD37A 
 247      305183DB 
 247      98F07DDB 
 247      8156
 248 0520 353ECF84 		.ascii	"5>\317\204\372\362\003\027x|\205\011\025u\216\015\010"
 248      FAF20317 
 248      787C8509 
 248      15758E0D 
 248      08
 249 0531 F731E149 		.ascii	"\3671\341I\362A+\276\313\332\266\202\364\016\361\006"
 249      F2412BBE 
 249      CBDAB682 
 249      F40EF106 
 250 0541 F8138839 		.ascii	"\370\023\2109\251;\372U\342EG\266FUWi\275\006?\244\272"
 250      A93BFA55 
 250      E24547B6 
 250      46555769 
 250      BD063FA4 
 251 0556 7EF93987 		.ascii	"~\3719\207.A\222\220g\"\371\011\016\012*\024lI\202="
 251      2E419290 
 251      6722F909 
 251      0E0A2A14 
 251      6C49823D 
 252 056a 570ACE65 		.ascii	"W\012\316e\010\3163\010\216\300O\224\203\363\004)bi"
 252      08CE3308 
 252      8EC04F94 
 252      83F30429 
 252      6269
 253 057c 83981FE9 		.ascii	"\203\230\037\351\340\231\272\003\034\356\366T\277\342"
 253      E099BA03 
 253      1CEEF654 
 253      BFE2
 254 058a A60EE8CE 		.ascii	"\246\016\350\316v\005\372\013Ou\203\207\366\211\016"
 254      7605FA0B 
 254      4F758387 
 254      F6890E
 255 0599 9D901E46 		.ascii	"\235\220\036Fu\207=u/xB\037\225\225\257\216\315\243"
 255      75873D75 
 255      2F78421F 
 255      9595AF8E 
 255      CDA3
 256 05ab 14C9592E 		.ascii	"\024\311Y.\260\005{\011\032Ct\220\350\223\004[\307\007"
 256      B0057B09 
 256      1A437490 
 256      E893045B 
 256      C707
 257 05bd A35158B3 		.ascii	"\243QX\263\365|\020\262AI\2042\002r\002\324\257\240"
 257      F57C10B2 
 257      41498432 
 257      027202D4 
 257      AFA0
 258 05cf 76424982 		.ascii	"vBI\202v2\224\327\256$$\004\362d\002O\307\216\033#\300"
 258      763294D7 
 258      AE242404 
ARM GAS  /tmp/cc2gD6Dh.s 			page 20


 258      F264024F 
 258      C78E1B23 
 259 05e4 B4B365ED 		.ascii	"\264\263e\355AO\355Soh\037\223\265\273<\265/zF\"SV~"
 259      414FED53 
 259      6F681F93 
 259      B5BB3CB5 
 259      2F7A4622 
 260 05fb 3E36B422 		.ascii	">6\264\"\275G\332u$\275AI\231\336\014(C\231\013\277"
 260      BD47DA75 
 260      24BD4149 
 260      99DE0C28 
 260      43990BBF 
 261 060f 8EB95A4A 		.ascii	"\216\271ZJ\222\015\262\335Kc\223d\332\220\213\366\266"
 261      920DB2DD 
 261      4B639364 
 261      DA908BF6 
 261      B6
 262 0620 A11A3576 		.ascii	"\241\0325v\260Sq\340\354\260\003\243\340\211\214\320"
 262      B05371E0 
 262      ECB003A3 
 262      E0898CD0 
 263 0630 F90E4408 		.ascii	"\371\016D\010\245\301\354\024\336u\324\021~^\326\016"
 263      A5C1EC14 
 263      DE75D411 
 263      7E5ED60E 
 264 0640 A5C292FD 		.ascii	"\245\302\222\375\236\345\003>m\247\257\236t\177\001"
 264      9EE5033E 
 264      6DA7AF9E 
 264      747F01
 265 064f 4D53B0E7 		.ascii	"MS\260\347\320\006^'2!\357\355\251y\367\374\310uB\310"
 265      D0065E27 
 265      3221EFED 
 265      A979F7FC 
 265      C87542C8 
 266 0663 675E1BDD 		.ascii	"g^\033\335\006\344u\214\374\305\234@B~3\250o\224\311"
 266      06E4758C 
 266      FCC59C40 
 266      427E33A8 
 266      6F94C9
 267 0676 C36CA8BC 		.ascii	"\303l\250\274\241\243M\300\331\315\300`VO\237\036\247"
 267      A1A34DC0 
 267      D9CDC060 
 267      564F9F1E 
 267      A7
 268 0687 60B777A2 		.ascii	"`\267w\242\3207\337\211B\3315\366\260\263\343\"\302"
 268      D037DF89 
 268      42D935F6 
 268      B0B3E322 
 268      C2
 269 0698 5BA83A9F 		.ascii	"[\250:\237ws\337\220\312\353+C6\230\012\025\257\230"
 269      7773DF90 
 269      CAEB2B43 
 269      36980A15 
 269      AF98
 270 06aa 0C3E10A5 		.ascii	"\014>\020\245\363\322\025\363r\373\374Fr\305d\361Z\224"
 270      F3D215F3 
 270      72FBFC46 
ARM GAS  /tmp/cc2gD6Dh.s 			page 21


 270      72C564F1 
 270      5A94
 271 06bc 29530F65 		.ascii	")S\017e7\214\272\347J\301\006_\024$\337*[w\3763\263"
 271      378CBAE7 
 271      4AC1065F 
 271      1424DF2A 
 271      5B77FE33 
 272 06d1 643D596F 		.ascii	"d=Yo2c\013\314\310\365\222g\354\320mh\241\311A\"s\036"
 272      32630BCC 
 272      C8F59267 
 272      ECD06D68 
 272      A1C94122 
 273 06e7 79287B5E 		.ascii	"y({^A\342\002\313\257\325\271\342\352n\003\3729\260"
 273      41E202CB 
 273      AFD5B9E2 
 273      EA6E03FA 
 273      39B0
 274 06f9 727950B6 		.ascii	"ryP\266\362\312k\350*\203'\357;?\214\011_\252\270\206"
 274      F2CA6BE8 
 274      2A8327EF 
 274      3B3F8C09 
 274      5FAAB886 
 275 070d 6A5B68CE 		.ascii	"j[h\316\347\362\036\327\020zY\366l\020c\233\212F\262"
 275      E7F21ED7 
 275      107A59F6 
 275      6C10639B 
 275      8A46B2
 276 0720 F0F9D542 		.ascii	"\360\371\325B\344J\313g-4-w\000\360v9<\271o\246\245"
 276      E44ACB67 
 276      2D342D77 
 276      00F07639 
 276      3CB96FA6 
 277 0735 C41AE503 		.ascii	"\304\032\345\003\331\337\"\016\366\366\016\234\273\246"
 277      D9DF220E 
 277      F6F60E9C 
 277      BBA6
 278 0743 734BBB1D 		.ascii	"sK\273\035niW\300\263\027g\250\311kvU\363K}/\234\262"
 278      6E6957C0 
 278      B31767A8 
 278      C96B7655 
 278      F34B7D2F 
 279 0759 F0298D26 		.ascii	"\360)\215&P\014\204\330/\242\205c\205\212\234\374\347"
 279      500C84D8 
 279      2FA28563 
 279      858A9CFC 
 279      E7
 280 076a EA4292A2 		.ascii	"\352B\222\242(\363R\223s\201\321?i\276Sz(\210\214\216"
 280      28F35293 
 280      7381D13F 
 280      69BE537A 
 280      28888C8E 
 281 077e C4494C16 		.ascii	"\304IL\026'sH\224y\331\000b\2424A\201\307\350\212p2"
 281      27734894 
 281      79D90062 
 281      A2344181 
 281      C7E88A70 
 282 0793 67974F48 		.ascii	"g\227OH\012\321\315\013\015\243\032\234F\227\004\275"
ARM GAS  /tmp/cc2gD6Dh.s 			page 22


 282      0AD1CD0B 
 282      0DA31A9C 
 282      469704BD 
 283 07a3 B495F6F3 		.ascii	"\264\225\366\363*\236E\004\255R\321\257\330\306\366"
 283      2A9E4504 
 283      AD52D1AF 
 283      D8C6F6
 284 07b2 C7BE9373 		.ascii	"\307\276\223s\304\327\206)*\232\003r\010w\363\223\341"
 284      C4D78629 
 284      2A9A0372 
 284      0877F393 
 284      E1
 285 07c3 7717AF62 		.ascii	"w\027\257bp}G\204\301q\357\356\022"
 285      707D4784 
 285      C171EFEE 
 285      12
 286 07d0 76550AFD 		.ascii	"vU\012\375\275\267\226\3465\334\026\204\000\025\321"
 286      BDB796E6 
 286      35DC1684 
 286      0015D1
 287 07df 423BE565 		.ascii	"B;\345e\205&\251\276\347{\201U!\377.L,\311Kj\365\305"
 287      8526A9BE 
 287      E77B8155 
 287      21FF2E4C 
 287      2CC94B6A 
 288 07f5 D58CC7FE 		.ascii	"\325\214\307\376\232\224!?\312\203\030c<\352\352G*\264"
 288      9A94213F 
 288      CA831863 
 288      3CEAEA47 
 288      2AB4
 289 0807 2E6E453C 		.ascii	".nE<\355\034H\251\035\247\344\366\305\333\012j{)\265"
 289      ED1C48A9 
 289      1DA7E4F6 
 289      C5DB0A6A 
 289      7B29B5
 290 081a 6289DAE3 		.ascii	"b\211\332\343\346\235\371\376\214\232\375\371zLN^\201"
 290      E69DF9FE 
 290      8C9AFDF9 
 290      7A4C4E5E 
 290      81
 291 082b BCC3831A 		.ascii	"\274\303\203\032\332#s\333\243\344VB\271\215\336\030"
 291      DA2373DB 
 291      A3E45642 
 291      B98DDE18 
 292 083b 78CAE346 		.ascii	"x\312\343F\306m_[\331+\025nc9\2348\274\241V\343\365"
 292      C66D5F5B 
 292      D92B156E 
 292      63399C38 
 292      BCA156E3 
 293 0850 3428E7BD 		.ascii	"4(\347\275~@l^\\L? \366\301\346.\343\337\374\200xq3"
 293      7E406C5E 
 293      5C4C3F20 
 293      F6C1E62E 
 293      E3DFFC80 
 294 0867 F92CA6DE 		.ascii	"\371,\246\336\022\015\026\201'\003Cw}\\\021\250`\021"
 294      120D1681 
 294      27034377 
ARM GAS  /tmp/cc2gD6Dh.s 			page 23


 294      7D5C11A8 
 294      6011
 295 0879 E8ADBADD 		.ascii	"\350\255\272\335\255\367\032\202\0034\004\373\245\020"
 295      ADF71A82 
 295      033404FB 
 295      A510
 296 0887 DC4ACD2E 		.ascii	"\334J\315.\030/\257\316\367\025p\300$\300\367'UD\245"
 296      182FAFCE 
 296      F71570C0 
 296      24C0F727 
 296      5544A5
 297 089a 328F5265 		.ascii	"2\217Re\020\016\322 \330\035Ey\030w\261 \374\\~\267"
 297      100ED220 
 297      D81D4579 
 297      1877B120 
 297      FC5C7EB7 
 298 08ae 4BEFB6B1 		.ascii	"K\357\266\261\252\335\262\342\020\333X\240y\366Tk\""
 298      AADDB2E2 
 298      10DB58A0 
 298      79F6546B 
 298      22
 299 08bf 73E4902B 		.ascii	"s\344\220+\245\326\037/\270\241\362\312\271\232r\256"
 299      A5D61F2F 
 299      B8A1F2CA 
 299      B99A72AE 
 300 08cf 92380F1C 		.ascii	"\2228\017\034\332\341\320\002\347~\362-poE{\345m!%\200"
 300      DAE1D002 
 300      E77EF22D 
 300      706F457B 
 300      E56D2125 
 301 08e4 6AA14A99 		.ascii	"j\241J\231p%\317\376e\203j(\331G\305IY\376\330\311\310"
 301      7025CFFE 
 301      65836A28 
 301      D947C549 
 301      59FED8C9 
 302 08f9 8E15CB91 		.ascii	"\216\025\313\221\035\203\367\344\014;\314by%\331\326"
 302      1D83F7E4 
 302      0C3BCC62 
 302      7925D9D6 
 303 0909 C6D29F1C 		.ascii	"\306\322\237\034\243GX\347\243\236-\017t^\311\326Q\262"
 303      A34758E7 
 303      A39E2D0F 
 303      745EC9D6 
 303      51B2
 304 091b 4725B2DB 		.ascii	"G%\262\333_\\\252\363\025\311\336\330\274:\257J\260"
 304      5F5CAAF3 
 304      15C9DED8 
 304      BC3AAF4A 
 304      B0
 305 092c 8D273AA8 		.ascii	"\215':\250V\246Z+Q=F\251V\344d\225\352\246nU\357\204"
 305      56A65A2B 
 305      513D46A9 
 305      56E46495 
 305      EAA66E55 
 306 0942 D3AF06BE 		.ascii	"\323\257\006\276\373\311\367X\352\306W>x\267\232\262"
 306      FBC9F758 
 306      EAC6573E 
ARM GAS  /tmp/cc2gD6Dh.s 			page 24


 306      78B79AB2 
 307 0952 DFDDF62C 		.ascii	"\337\335\366,G\213\0172\341\372\203\324\363\370\275"
 307      478B0F32 
 307      E1FA83D4 
 307      F3F8BD
 308 0961 3D42E72E 		.ascii	"=B\347.\262\200\377\310\333+\244\244'\320y\3508X\200"
 308      B280FFC8 
 308      DB2BA4A4 
 308      27D079E8 
 308      385880
 309 0974 ADA4F827 		.ascii	"\255\244\370'P\003\364\324\363S9t\202\177\017\346&\024"
 309      5003F4D4 
 309      F3533974 
 309      827F0FE6 
 309      2614
 310 0986 D90BF453 		.ascii	"\331\013\364S\217RC\307\230\241\033Y[\213\324\270\231"
 310      8F5243C7 
 310      98A11B59 
 310      5B8BD4B8 
 310      99
 311 0997 61976CA8 		.ascii	"a\227l\250\315@\014\333>\264\230\342\036\023qa\033("
 311      CD400CDB 
 311      3EB498E2 
 311      1E137161 
 311      1B28
 312 09a9 6E0B3BF4 		.ascii	"n\013;\3644\022\334\223\024\367\376p\373WS/R\330\223"
 312      3412DC93 
 312      14F7FE70 
 312      FB57532F 
 312      52D893
 313 09bc 0CF651DA 		.ascii	"\014\366Q\332\231\003\010\337b\260i\235\033\263x\021"
 313      990308DF 
 313      62B0699D 
 313      1BB37811 
 314 09cc B66B0985 		.ascii	"\266k\011\205=)\302Bb)\376\351q\012z\232\010\354\017"
 314      3D29C242 
 314      6229FEE9 
 314      710A7A9A 
 314      08EC0F
 315 09df 14B6A7FE 		.ascii	"\024\266\247\376\350M\177\367\024#9\352\212|\263xv7"
 315      E84D7FF7 
 315      142339EA 
 315      8A7CB378 
 315      7637
 316 09f1 D3B37BDD 		.ascii	"\323\263{\335\246\033?\252\334\264\353\334\264O\213"
 316      A61B3FAA 
 316      DCB4EBDC 
 316      B44F8B
 317 0a00 DAA45685 		.ascii	"\332\244V\205G\205\305\251\326\204Y\376\255Y\362\367"
 317      4785C5A9 
 317      D68459FE 
 317      AD59F2F7 
 318 0a10 CFA72C5C 		.ascii	"\317\247,\\\260\200\323\232L\361\346\030\353\3349&\353"
 318      B080D39A 
 318      4CF1E618 
 318      EBDC3926 
 318      EB
ARM GAS  /tmp/cc2gD6Dh.s 			page 25


 319 0a21 E786784B 		.ascii	"\347\206xK\234a\2259\306\360ux\370\214\260\27053bbc"
 319      9C619539 
 319      C6F07578 
 319      F88CB0B8 
 319      35336262 
 320 0a36 22674486 		.ascii	"\"gD\206\2552\317x\3374o\306\234Y\263\347\377g\216\301"
 320      AD32CF78 
 320      DF346FC6 
 320      9C59B3E7 
 320      FF678EC1 
 321 0a4a 6DC0608E 		.ascii	"m\300`\216\011\217\216\217\2104\254\011\013\2172\307"
 321      098F8E8F 
 321      8834AC09 
 321      0B8F32C7 
 322 0a5a 441A4C11 		.ascii	"D\032L\021\221\253\303\342\243\255&\353\267k#-3\243"
 322      91ABC3E2 
 322      A3AD26EB 
 322      B76B232D 
 322      33A3
 323 0a6c 388D04FF 		.ascii	"8\215\004\377\351\357\201\267|k1\230,\326\010\300\002"
 323      E9EF81B7 
 323      7C6B3198 
 323      2CD608C0 
 323      02
 324 0a7d 4C9D3976 		.ascii	"L\2359vml\234\2258b\262\316[\030e^e\016]i\210\265\030"
 324      6D6C9C95 
 324      3862B2CE 
 324      5B18655E 
 324      650E5D69 
 325 0a94 A2C2A20D 		.ascii	"\242\302\242\015d\304bX\371\331\362\271s\014\313\226"
 325      64C46258 
 325      F9D9F2B9 
 325      730CCB96 
 326 0aa4 851896AC 		.ascii	"\205\030\226\254\370$\364\2339d\310\264\026Jtt\004 "
 326      F824F49B 
 326      3964C8B4 
 326      164A7474 
 326      0420
 327 0ab6 F8102D73 		.ascii	"\370\020-s\204\352\243\305\306\245\344g\231j\331\302"
 327      84EAA3C5 
 327      C6A5E467 
 327      996AD9C2 
 328 0ac6 BF19551F 		.ascii	"\277\031U\037\2574\032\321\227h\251:<:2,N\214\315\354"
 328      AF341AD1 
 328      9768A93A 
 328      3C3A322C 
 328      4E8CCDEC 
 329 0ada F926AB46 		.ascii	"\371&\253Fj`K\244\025\207\206\030\361'!F\365\212\317"
 329      6A604BA4 
 329      15878618 
 329      F1272146 
 329      F58ACF
 330 0aed 578418C7 		.ascii	"W\204\030\307\205\256\\\261hQ\210\321'\364\263\257V"
 330      85AE5CB1 
 330      685188D1 
 330      27F4B3AF 
 330      56
ARM GAS  /tmp/cc2gD6Dh.s 			page 26


 331 0afe 2C32AA97 		.ascii	",2\252\227\207\206,2\342\217\215F\235\305\272\006\034"
 331      87862C32 
 331      E28F8D46 
 331      9DC5BA06 
 331      1C
 332 0b0f FF7AAD39 		.ascii	"\377z\2559\326d\3252\312\346\010\223\325'v\365j@\321"
 332      D664D532 
 332      CAE60893 
 332      D52776F5 
 332      6A40D1
 333 0b22 1148D3EA 		.ascii	"\021H\323\3520\213\365C\223u\321\357\012\216\024\227"
 333      308BF543 
 333      9375D1EF 
 333      0A8E1497 
 334 0b32 A91EA190 		.ascii	"\251\036\241\220\024D\337AC\375I\350\307\361\026-\010"
 334      1444DF41 
 334      43FD49E8 
 334      C7F1162D 
 334      08
 335 0b43 C6C8B008 		.ascii	"\306\310\260\010h\276\3431\305\022\027\356R\017\347"
 335      68BEE331 
 335      C51217EE 
 335      520FE7
 336 0b52 7CA1FA32 		.ascii	"|\241\3722\316l\215\004M?h\257\214\264BkylD\244\306"
 336      CE6C8D04 
 336      4D3F68AF 
 336      8CB4426B 
 336      796C44A4 
 337 0b67 1CBB062A 		.ascii	"\034\273\006*\223u|x\324\312o-K\303\242\255\177P@\305"
 337      93757C78 
 337      D4CA6F2D 
 337      4BC3A2AD 
 337      7F5040C5 
 338 0b7b 595DC6C3 		.ascii	"Y]\306\303\243`\361\300\364[R\370M\340\374\327q\261"
 338      A360F1C0 
 338      F45B52F8 
 338      4DE0FCD7 
 338      71B1
 339 0b8d F16B0980 		.ascii	"\361k\011\200\257L\205\3633\231V\307\307\204\233L3?"
 339      AF4C85F3 
 339      339956C7 
 339      C7849B4C 
 339      333F
 340 0b9f 7C7FC107 		.ascii	"|\177\301\007\032I\322)H(u\346\317\232\243w\343\344"
 340      1A49D229 
 340      482875E6 
 340      CF9AA377 
 340      E3E4
 341 0bb1 3EF8C17F 		.ascii	">\370\301\177\001w!\357\344"
 341      017721EF 
 341      E4
 342              		.text
 343              		.section	.gnu.lto_.symtab.4354a53ecd9655da,"",%progbits
 344 0000 70616C52 		.ascii	"palReadBus\000"
 344      65616442 
 344      757300
 345 000b 00       		.ascii	"\000"
ARM GAS  /tmp/cc2gD6Dh.s 			page 27


 346 000c 00       		.ascii	"\000"
 347 000d 00       		.ascii	"\000"
 348 000e 00000000 		.ascii	"\000\000\000\000\000\000\000\000"
 348      00000000 
 349 0016 22010000 		.ascii	"\"\001\000\000"
 350 001a 70616C57 		.ascii	"palWriteBus\000"
 350      72697465 
 350      42757300 
 351 0026 00       		.ascii	"\000"
 352 0027 00       		.ascii	"\000"
 353 0028 00       		.ascii	"\000"
 354 0029 00000000 		.ascii	"\000\000\000\000\000\000\000\000"
 354      00000000 
 355 0031 27010000 		.ascii	"'\001\000\000"
 356 0035 70616C53 		.ascii	"palSetBusMode\000"
 356      65744275 
 356      734D6F64 
 356      6500
 357 0043 00       		.ascii	"\000"
 358 0044 00       		.ascii	"\000"
 359 0045 00       		.ascii	"\000"
 360 0046 00000000 		.ascii	"\000\000\000\000\000\000\000\000"
 360      00000000 
 361 004e 2F010000 		.ascii	"/\001\000\000"
 362 0052 63685379 		.ascii	"chSysHalt\000"
 362      7348616C 
 362      7400
 363 005c 00       		.ascii	"\000"
 364 005d 02       		.ascii	"\002"
 365 005e 00       		.ascii	"\000"
 366 005f 00000000 		.ascii	"\000\000\000\000\000\000\000\000"
 366      00000000 
 367 0067 34010000 		.ascii	"4\001\000\000"
 368 006b 5F70616C 		.ascii	"_pal_lld_setgroupmode\000"
 368      5F6C6C64 
 368      5F736574 
 368      67726F75 
 368      706D6F64 
 369 0081 00       		.ascii	"\000"
 370 0082 02       		.ascii	"\002"
 371 0083 00       		.ascii	"\000"
 372 0084 00000000 		.ascii	"\000\000\000\000\000\000\000\000"
 372      00000000 
 373 008c 3A010000 		.ascii	":\001\000\000"
 374              		.text
 375              		.section	.gnu.lto_.opts,"",%progbits
 376 0000 272D6666 		.ascii	"'-ffp-contract=off' '-fmath-errno' '-fsigned-zeros'"
 376      702D636F 
 376      6E747261 
 376      63743D6F 
 376      66662720 
 377 0033 20272D66 		.ascii	" '-ftrapping-math' '-fno-trapv' '-fno-openmp' '-fno"
 377      74726170 
 377      70696E67 
 377      2D6D6174 
 377      68272027 
 378 0066 2D6F7065 		.ascii	"-openacc' '-mcpu=cortex-m4' '-mno-thumb-interwork' "
ARM GAS  /tmp/cc2gD6Dh.s 			page 28


 378      6E616363 
 378      2720272D 
 378      6D637075 
 378      3D636F72 
 379 0099 272D6D74 		.ascii	"'-mthumb' '-ggdb' '-O2' '-fomit-frame-pointer' '-fa"
 379      68756D62 
 379      2720272D 
 379      67676462 
 379      2720272D 
 380 00cc 6C69676E 		.ascii	"lign-functions=16' '-ffunction-sections' '-fdata-se"
 380      2D66756E 
 380      6374696F 
 380      6E733D31 
 380      36272027 
 381 00ff 6374696F 		.ascii	"ctions' '-fno-common' '-flto'\000"
 381      6E732720 
 381      272D666E 
 381      6F2D636F 
 381      6D6D6F6E 
 382              		.text
 383              		.comm	__gnu_lto_v1,1,1
 384              		.comm	__gnu_lto_slim,1,1
 385              		.ident	"GCC: (GNU Tools for ARM Embedded Processors) 5.4.1 20160609 (release) [ARM/embedded-5-bran
ARM GAS  /tmp/cc2gD6Dh.s 			page 29


DEFINED SYMBOLS
                            *ABS*:00000000 hal_pal.c
                            *COM*:00000001 __gnu_lto_v1
                            *COM*:00000001 __gnu_lto_slim

NO UNDEFINED SYMBOLS
