ARM GAS  /tmp/ccMwY61l.s 			page 1


   1              		.syntax unified
   2              		.cpu cortex-m4
   3              		.fpu softvfp
   4              		.eabi_attribute 20, 1
   5              		.eabi_attribute 21, 1
   6              		.eabi_attribute 23, 3
   7              		.eabi_attribute 24, 1
   8              		.eabi_attribute 25, 1
   9              		.eabi_attribute 26, 1
  10              		.eabi_attribute 30, 2
  11              		.eabi_attribute 34, 1
  12              		.eabi_attribute 18, 4
  13              		.thumb
  14              		.syntax unified
  15              		.file	"hal_st.c"
  16              		.text
  17              	.Ltext0:
  18              		.section	.gnu.lto_.profile.5aee5f58c76a6a64,"",%progbits
  19 0000 789C6361 		.ascii	"x\234ca`d`a`\000\222\356r\000\001\026\000p"
  19      60646061 
  19      600092EE 
  19      72000116 
  19      0070
  20              		.text
  21              		.section	.gnu.lto_.icf.5aee5f58c76a6a64,"",%progbits
  22 0000 789C6361 		.ascii	"x\234ca`d\000\001#\006\004\340`\230?\363\3201.\306\025"
  22      60640001 
  22      230604E0 
  22      60983FF3 
  22      D0312EC6 
  23 0015 67AFDDE5 		.ascii	"g\257\335\345a:\374\356\322Mf\346\373\235\247\2470\263"
  23      613AFCEE 
  23      D24D66E6 
  23      FB9DA7A7 
  23      30B3
  24 0027 CCFEB4E2 		.ascii	"\314\376\264\342\025\013\353\3679G\2672\262\255j\354"
  24      150BEBF7 
  24      3947B732 
  24      B2AD6AEC 
  25 0037 7FC8CABE 		.ascii	"\177\310\312\276u\327\227\016~\006\000y\204\030N"
  25      75D7970E 
  25      7E060079 
  25      84184E
  26              		.text
  27              		.section	.gnu.lto_.jmpfuncs.5aee5f58c76a6a64,"",%progbits
  28 0000 789C6361 		.ascii	"x\234ca`d\000\201J\006\004`\005\021\214@P\317\304\370"
  28      60640081 
  28      4A060460 
  28      05118C40 
  28      50CFC4F8 
  29 0014 9789B1F9 		.ascii	"\227\211\261\371\327\376\317|\365\177\033f44\010\264"
  29      D7FECF7C 
  29      F57F1B66 
  29      343408B4 
  30 0024 32337432 		.ascii	"23t2\203d\2273\32630\2620\000\331,8\0242v2\003\215f"
  30      83649733 
  30      D63330B2 
ARM GAS  /tmp/ccMwY61l.s 			page 2


  30      3000D92C 
  30      38143276 
  31 003c 5C0151C8 		.ascii	"\\\001Q\310\306\300\200]\015\023P\315J\210\032\006\000"
  31      C6C0805D 
  31      0D1350CD 
  31      4A881A06 
  31      00
  32 004d C1D4200D 		.ascii	"\301\324 \015"
  33              		.text
  34              		.section	.gnu.lto_.inline.5aee5f58c76a6a64,"",%progbits
  35 0000 789C6361 		.ascii	"x\234ca`d\000\201r\006\004`e``\341ad`\0022\331\026\310"
  35      60640081 
  35      72060460 
  35      656060E1 
  35      61646002 
  36 0018 83280646 		.ascii	"\203(\006F.\020\301\300\303\013\024\346\333\220\013"
  36      2E10C1C0 
  36      C30B14E6 
  36      DB900B
  37 0027 1767E206 		.ascii	"\027g\342\006\01133\2600\003%\230.\360\303%X\030\270"
  37      093333B0 
  37      30032598 
  37      2EF0C325 
  37      5818B8
  38 003a B881425C 		.ascii	"\270\201B\\\023\374\320\324\262\341\222`\000\000'K\010"
  38      13FCD0D4 
  38      B2E19260 
  38      0000274B 
  38      08
  39 004b ED       		.ascii	"\355"
  40              		.text
  41              		.section	.gnu.lto_.pureconst.5aee5f58c76a6a64,"",%progbits
  42 0000 789C6361 		.ascii	"x\234ca`d\340f```e\220`\224b\226b\221b\223\002\000\003"
  42      6064E066 
  42      60606065 
  42      90609462 
  42      96629162 
  43 0018 FA00A4   		.ascii	"\372\000\244"
  44              		.text
  45              		.section	.gnu.lto_stInit.5aee5f58c76a6a64,"",%progbits
  46 0000 789C6361 		.ascii	"x\234ca`d\000\201\225@,\007\304\322@\314\310\314\300"
  46      60640081 
  46      95402C07 
  46      C4D240CC 
  46      C8CCC0
  47 0013 C834E11C 		.ascii	"\3104\341\034\003C#\007\023##\210\321\300\301\310P\317"
  47      03432307 
  47      13232388 
  47      D1C0C1C8 
  47      50CF
  48 0025 C458CFF8 		.ascii	"\304X\317\370\225\351/\023\343\241\366g;\2314\2277\000"
  48      95E92F13 
  48      E3A1F667 
  48      3B993497 
  48      3700
  49 0037 C183D6F9 		.ascii	"\301\203\326\371\314\015+\0160\266230\374g\002\233\304"
  49      CC0D2B0E 
ARM GAS  /tmp/ccMwY61l.s 			page 3


  49      30B63233 
  49      30FC6702 
  49      9BC4
  50 0049 C0B89C51 		.ascii	"\300\270\234Q\223\001\250\354\321\306\177Sy\331Z@\312"
  50      9301A8EC 
  50      D1C67F53 
  50      79D95A40 
  50      CA
  51 005a 1420928C 		.ascii	"\024 \222\214+\030\331@\326\255\017:\320\360\377\177"
  51      2B18D940 
  51      D6AD0F3A 
  51      D0F0FF7F 
  52 006a 7343C375 		.ascii	"sC\303u\203\377L@\235\037\200\222 k>21\201h\346\027"
  52      83FF4C40 
  52      9D1F8092 
  52      206B3E32 
  52      318168E6 
  53 007f 8CCD07FE 		.ascii	"\214\315\007\376\362\202T\203\314\331\271\363\315m\366"
  53      F2825483 
  53      CCD9B9F3 
  53      CD6DF6
  54 008e FABF0D1D 		.ascii	"\372\277\015\035\015\015\002\255\314\214\377\231\200"
  54      0D0D02AD 
  54      CC8CFF99 
  54      80
  55 009b 4630AE64 		.ascii	"F0\256d\254ghefbx\305\330t\340?+X)\010|\000J\002M\000"
  55      AC676865 
  55      666278C5 
  55      D874E03F 
  55      2B582908 
  56 00b5 9A27E39C 		.ascii	"\232'\343\234\221\231\224\351\037\254\237_\254\237\221"
  56      919994E9 
  56      1FAC9F5F 
  56      AC9F91
  57 00c4 98A35F5C 		.ascii	"\230\243_\\\224\014\242\343\213K\364\222\031\000\371"
  57      940CA2E3 
  57      8B4BF492 
  57      1900F9
  58 00d3 4447B2   		.ascii	"DG\262"
  59              		.text
  60              		.section	.gnu.lto_stStartAlarm.5aee5f58c76a6a64,"",%progbits
  61 0000 789C9D53 		.ascii	"x\234\235SMHTQ\024\276\337\275\317\367t*u\023\270\220"
  61      4D485451 
  61      14BEDFBD 
  61      CFF7742A 
  61      7513B890 
  62 0014 1242C416 		.ascii	"\022B\304\026\275\246Z\027Q\004A\022\224\233Z\024\246"
  62      BDA65A17 
  62      51044112 
  62      949B5A14 
  62      A6
  63 0025 81926134 		.ascii	"\201\222a4\322v\256\316\274\376\027\022\024%\311,\""
  63      D276AECE 
  63      BCFE1712 
  63      1425C92C 
  63      22
  64 0036 4CCDBF7E 		.ascii	"L\315\277~\254\261\037_\223\026-,\242h\323\017f`\"\006"
ARM GAS  /tmp/ccMwY61l.s 			page 4


  64      ACB11F5F 
  64      93162D2C 
  64      A268D30F 
  64      66602206 
  65 004a 865658E9 		.ascii	"\206VX\351t\316\235\021\324Vu\341\275\373\316\235\357"
  65      74CE9D11 
  65      D45675E1 
  65      BDFBCE9D 
  65      EF
  66 005b 9CEF7CF7 		.ascii	"\234\357|\367;c\011\010^\233-!\366\321\276\201\036d"
  66      3B630908 
  66      5E9B2D21 
  66      F6D1BE81 
  66      1E64
  67 006d 08C886E7 		.ascii	"\010\310\206\347B\324eJ\251zW\010\035\260\336\270B/"
  67      42D4654A 
  67      A97A5708 
  67      1DB0DEB8 
  67      422F
  68 007f 55B052C7 		.ascii	"U\260R\307\026\300\037:\023\",\225\2050\276\311\031"
  68      16C01F3A 
  68      13222C95 
  68      8530BEC9 
  68      19
  69 0090 89C48991 		.ascii	"\211\304\211\221\270,n\326\264\206\274\317k\3655\037"
  69      B82C6ED6 
  69      B486BCCF 
  69      6BF5351F 
  70 00a0 9E122229 		.ascii	"\236\022\")\015\205@3\212\011\3652\332uYMIO\001\026"
  70      0D854033 
  70      8A09F532 
  70      DA75594D 
  70      494F0116 
  71 00b4 855F071B 		.ascii	"\205_\007\033?es(Q@\341\257\326\256w9j%\004}\217\366"
  71      3F657328 
  71      5140E1AF 
  71      D6AE7739 
  71      6A25047D 
  72 00ca 0D9D43D1 		.ascii	"\015\235C\321U\255\353\265\376U\241\263<\245\320\012"
  72      55ADEBB5 
  72      FE55A1B3 
  72      3CA5D00A 
  73 00da 45F5D082 		.ascii	"E\365\320\202|\\C\276\240#\2016\0241|\270{\366\3742"
  73      7C5C43BE 
  73      A0238136 
  73      14317CB8 
  73      7BF6FC32 
  74 00ee 3BCAF405 		.ascii	";\312\364\005\247\346xq\0356I\004\035t\356\362u2\031"
  74      A7E67871 
  74      1D364904 
  74      1D74EEF2 
  74      753219
  75 0101 D1BA29D8 		.ascii	"\321\272)\330\262*\220\001\316\263\251\202\345\360K"
  75      B22A9001 
  75      CEB3A982 
  75      E5F04B
  76 0110 8809C2B3 		.ascii	"\210\011\302\263\254\257R\362\256F\220\350\235nnz\232"
ARM GAS  /tmp/ccMwY61l.s 			page 5


  76      ACAF52F2 
  76      AE4690E8 
  76      9D6E6E7A 
  76      9A
  77 0121 B3B0B67F 		.ascii	"\263\260\266\177\346E\320\224MJ,\246\025h\207Ml\035"
  77      E645D094 
  77      4D4A2CA6 
  77      1568874D 
  77      6C1D
  78 0133 B023CAA6 		.ascii	"\260#\312\246\037/x\211\027\016\253\3130\330\347\355"
  78      1F2F7889 
  78      170EABCB 
  78      30D8E7ED 
  79 0143 3F2602A9 		.ascii	"?&\002\251\220\361\254\377J\307\367\247\23114\325Q\234"
  79      90F1ACFF 
  79      4AC7F7A7 
  79      993134D5 
  79      519C
  80 0155 EB291B5D 		.ascii	"\353)\033]$\255\223\2441\276upj\322q\333u\264N\017\305"
  80      24AD93A4 
  80      31BE7570 
  80      6AD271DB 
  80      75B44E0F 
  81 016a BEE56FF4 		.ascii	"\276\345o\364\224\203n\3040K\255\032*\334\200+F\020"
  81      94836EC4 
  81      304BAD1A 
  81      2ADC802B 
  81      4610
  82 017c F97D7CDC 		.ascii	"\371}|\334J\261:)\342\201\344\017?\207\231,H\334\244"
  82      4AB13A29 
  82      E281E40F 
  82      3F87992C 
  82      48DCA4
  83 018f 721F117D 		.ascii	"r\037\021}\373\230Z\347\316\011E\220\316\361\370\364"
  83      FB985AE7 
  83      CE094590 
  83      CEF1F8F4 
  84 019f B21444E0 		.ascii	"\262\024D\340\0263\012\026\257D\357\0125\012\213\201"
  84      16330A16 
  84      AF44EF0A 
  84      350A8B81 
  85 01af DC433C3E 		.ascii	"\334C<>\376\326\011\317\350\223\246\277\314\244d\356"
  85      FED609CF 
  85      E893A6BF 
  85      CCA464EE 
  86 01bf DB088BF9 		.ascii	"\333\010\213\371\362\262\214\274\310\317\276\311l\202"
  86      F2B28CBC 
  86      C8CFBEC9 
  86      6C82
  87 01cd 5E34D02C 		.ascii	"^4\320,6\201\217\2375\266\035b\205\015\3468\200;40="
  87      36818F9F 
  87      35B61D62 
  87      850DE638 
  87      803B3430 
  88 01e2 6985C9B1 		.ascii	"i\205\311\261\033\035Y\224\222\3075\356\2224C\2138\302"
  88      1B1D5994 
  88      92C735EE 
ARM GAS  /tmp/ccMwY61l.s 			page 6


  88      9234438B 
  88      38C2
  89 01f4 9E5A62FA 		.ascii	"\236Zb\372\261\214\031\303\250\317e\374)\377t\177@\355"
  89      B18C19C3 
  89      A8CF65FC 
  89      29FF747F 
  89      40ED
  90 0206 3574B1D6 		.ascii	"5t\261\326\236q\024^\341\371\360\343\307\325%\355G\013"
  90      9E71145E 
  90      E1F9F0E3 
  90      C7D525ED 
  90      470B
  91 0218 78467A17 		.ascii	"xFz\027\316\210\231\275{(\214\250\014\272\252D\343t"
  91      CE8899BD 
  91      7B288CA8 
  91      0CBAAA44 
  91      E374
  92 022a F33D2F7B 		.ascii	"\363=/{\261\247\257\203\014I\373\252\376\366\365\276"
  92      B1A7AF83 
  92      0C49FBAA 
  92      FEF6F5BE 
  93 023a F1F501EC 		.ascii	"\361\365\001\354\177\262\354\313\362\225\236Z\212\207"
  93      7FB2ECCB 
  93      F2959E5A 
  93      8A87
  94 0248 C632A4AA 		.ascii	"\3062\244\252\260\350\013\335\357\355`'c\364\036\366"
  94      B0E80BDD 
  94      EFED6027 
  94      63F41EF6 
  95 0258 B40F2E56 		.ascii	"\264\017.VS\276\001\300G0\335\353T\327\207z\347\037"
  95      53BE01C0 
  95      4730DDEB 
  95      54D7877A 
  95      E71F
  96 026a 59F526AE 		.ascii	"Y\365&\256\370\310P\312t\305\004\334\371n9\324\312c"
  96      F8C850CA 
  96      74C504DC 
  96      F96E39D4 
  96      CA63
  97 027c CA648689 		.ascii	"\312d\206\211\377e\350\237\233C\3030`\030\356\307\316"
  97      FF65E89F 
  97      9B43C330 
  97      6018EEC7 
  97      CE
  98 028d B604520C 		.ascii	"\266\004R\014\022O(\223l\033\362\306\362\314\277\220"
  98      124F2893 
  98      6C1BF2C6 
  98      F2CCBF90 
  99 029d EF578CA1 		.ascii	"\357W\214\241\336\177\265\315\230\314k\202n\205\354"
  99      DE7FB5CD 
  99      98CC6B82 
  99      6E85EC
 100 02ac A532F95B 		.ascii	"\2452\371[*\253\016T\355\334\355\326\204\334\312\262"
 100      2AAB0E54 
 100      EDDCEDD6 
 100      84DCCAB2 
 101 02bc 6A3774B4 		.ascii	"j7t\264\234\367\375\241\3325\345\302);\020\252\255:"
ARM GAS  /tmp/ccMwY61l.s 			page 7


 101      9CF7FDA1 
 101      DA35E5C2 
 101      293B10AA 
 101      AD3A
 102 02ce 7C70DD22 		.ascii	"|p\335\"\320\221\232\243\265!wwi\311\372u\356\216\035"
 102      D0919AA3 
 102      B5217777 
 102      69C9FA75 
 102      EE8E1D
 103 02e1 5BDDD2ED 		.ascii	"[\335\322\355%\307\202\351\264\375\325\325\025k*\205"
 103      25C782E9 
 103      B4FDD5D5 
 103      156B2A85 
 104 02f1 C5797F00 		.ascii	"\305y\177\000\354\347\231\370"
 104      ECE799F8 
 105              		.text
 106              		.section	.gnu.lto_stStopAlarm.5aee5f58c76a6a64,"",%progbits
 107 0000 789C6550 		.ascii	"x\234eP\277KBQ\024\276\337}\242\217\"hjI(hr\361\252"
 107      BF4B4251 
 107      14BEDF7D 
 107      A28F2268 
 107      6A492868 
 108 0017 2DEDB504 		.ascii	"-\355\265\004J\224\356R6(\010\206OZ\275\226\217\206"
 108      4A94EE52 
 108      36280886 
 108      4F5ABD96 
 108      8F86
 109 0029 9696DAC2 		.ascii	"\226\226\332\302!B\263T\032\203\002\021\244)\375\017"
 109      2142B354 
 109      1A830211 
 109      A429FD0F 
 110 0039 421A1C1A 		.ascii	"B\032\034\032J\311~,\371:\367\331\320\217\003\227\357"
 110      4AC97E2C 
 110      F93AF7D9 
 110      D08F0397 
 110      EF
 111 004a 9CFB7DE7 		.ascii	"\234\373}\347|\347^\007\003S\261@\260J8M\007\032\003"
 111      7CE75E07 
 111      0353B140 
 111      B04A384D 
 111      071A03
 112 005d 3F683196 		.ascii	"?h1\226\3239\240\022\251\203e9\262x\345\237\034\215"
 112      D339A012 
 112      A9836539 
 112      B278E59F 
 112      1C8D
 113 006f BDEE15F7 		.ascii	"\275\356\025\367\024%E\247\371\344\223\245:L\2151\213"
 113      142545A7 
 113      F9E493A5 
 113      3A4C8D31 
 113      8B
 114 0080 DB93188A 		.ascii	"\333\223\030\212\3600\222=\\\016\017'\234y%\233\035"
 114      F030923D 
 114      5C0E0F27 
 114      9C79259B 
 114      1D
 115 0091 9128C1A9 		.ascii	"\221(\301\251\354jkuiY\273R\366}7s\324\331#R\331\364"
ARM GAS  /tmp/ccMwY61l.s 			page 8


 115      EC6A6B75 
 115      6959BB52 
 115      F67D3773 
 115      D4D92352 
 116 00a7 3957A875 		.ascii	"9W\250u\321\030|\024\332\315\361\337S\352\373\367~{"
 116      D1187C14 
 116      DACDF1DF 
 116      53EAFBF7 
 116      7E7B
 117 00b9 86C5F1CF 		.ascii	"\206\305\361\317\000gp\222C\031Nb\216\314F\3335\340"
 117      00677092 
 117      43194E62 
 117      8ECC46DB 
 117      35E0
 118 00cb A6065BD8 		.ascii	"\246\006[\330\252\274\367\306F\245\022;\350\352\244"
 118      AABCF7C6 
 118      46A5123B 
 118      E8EAA4
 119 00da FA76AB17 		.ascii	"\372v\253\027p\234\243z\322\3248.\340\3069\334L\351"
 119      709CA37A 
 119      D2D4382E 
 119      E0C639DC 
 119      4CE9
 120 00ec CB778317 		.ascii	"\313w\203\027\227\250\310|Nv\254\353\251\031S\323PA"
 120      97A8C87C 
 120      4E76ACEB 
 120      A91953D3 
 120      5041
 121 00fe 0143DAD3 		.ascii	"\001C\332\323\366A\025\342\247\215\006\206\0325?b\247"
 121      F64115E2 
 121      A78D0686 
 121      1A353F62 
 121      A7
 122 010f 73FAACAB 		.ascii	"s\372\254\253\035\355\257\350\321\242\364 js/\306\023"
 122      1DEDAFE8 
 122      D1A2F420 
 122      6A732FC6 
 122      13
 123 0120 1B8995B0 		.ascii	"\033\211\225\260H\031\"\276\236\024F:\2460jd\2741\026"
 123      481922BE 
 123      9E14463A 
 123      A6306A64 
 123      BC3116
 124 0133 F8436EA5 		.ascii	"\370Cn\245\322\031C\204#\241\371\200\010\006\227Dd9"
 124      D2194384 
 124      23A1F980 
 124      08069744 
 124      6439
 125 0145 B4EDFF96 		.ascii	"\264\355\377\226G\223\311Mo\234}\001#&\216\250"
 125      4793C94D 
 125      6F9C7D01 
 125      23268EA8 
 126              		.text
 127              		.section	.gnu.lto_stSetAlarm.5aee5f58c76a6a64,"",%progbits
 128 0000 789C9552 		.ascii	"x\234\225RMHTQ\024\276\347\3367o~\362o\227\213A\205"
 128      4D485451 
 128      14BEE7DE 
ARM GAS  /tmp/ccMwY61l.s 			page 9


 128      376F7EF2 
 128      6F978B41 
 129 0015 10B185AF 		.ascii	"\020\261\205\257\261\326m\012\"P\202tS\213\304\237@"
 129      B1D66D0A 
 129      22508274 
 129      538BC49F 
 129      40
 130 0026 C9301A69 		.ascii	"\3110\032i\027su\346e\326F\202$%\231\205\304\330\330"
 130      177375E6 
 130      65D64682 
 130      24259985 
 130      C4D8D8
 131 0039 388E9535 		.ascii	"8\216\2255Z\371\230\012i\241\321\246E%L\006\"6\205\342"
 131      5AF9980A 
 131      69A1D1A6 
 131      45254C06 
 131      223685E2 
 132 004d CF60A5D3 		.ascii	"\317`\245\3239w\014\322V]x\357\276s\337w\316w\276\373"
 132      39770CD2 
 132      565D78EF 
 132      BE73DF77 
 132      CE77BEFB 
 133 0061 1D8D01A3 		.ascii	"\035\215\001\243uU0v\016\367#\370\200\215\001\357\231"
 133      75553076 
 133      0EF723F8 
 133      808D01EF 
 133      99
 134 0072 65ACC3C1 		.ascii	"e\254\303\301\271\230(b\322\245\2757\230\314\021\240"
 134      B9982862 
 134      D2A5BD37 
 134      98CC11A0 
 135 0082 658F3500 		.ascii	"e\2175\000\372\220\016`>.4\360\301:\337\342\220\350"
 135      FA900E60 
 135      3E2E34F0 
 135      C13ADFE2 
 135      90E8
 136 0094 5A88F3F2 		.ascii	"Z\210\363\362\220\304\22547\016\311!\013L\254\233\341"
 136      90C49534 
 136      370EC921 
 136      0B4CAC9B 
 136      E1
 137 00a5 8A824108 		.ascii	"\212\202A\010\312\021\365.0zW\254qS\000h\030\256\314"
 137      CA11F52E 
 137      307A57AC 
 137      71530068 
 137      18AECC
 138 00b8 F47FC9A3 		.ascii	"\364\177\311\243\220C\011\206?\303\243\237\362E10\374"
 138      90430986 
 138      3FC3A39F 
 138      F2453130 
 138      FC
 139 00c9 5E9C4ADE 		.ascii	"^\234J\336\202\262{RvJ\231n\222NS\010\010\203\300zp"
 139      82B27B52 
 139      764A996E 
 139      924E5308 
 139      0883C07A 
 140 00de 1FDC3004 		.ascii	"\037\3340\004n\206G\014\206\241\214\340\363\261\355"
ARM GAS  /tmp/ccMwY61l.s 			page 10


 140      6E86470C 
 140      86A18CE0 
 140      F3B1ED
 141 00ed DBB97A80 		.ascii	"\333\271z\200\350K\272\377\360\302\003\320Q\"\340A\364"
 141      E84BBAFF 
 141      F0C203D0 
 141      5122E041 
 141      F4
 142 00fe B4253319 		.ascii	"\264%3\031\277\224}\236\271\003\016\033P\236\216\025"
 142      BF947D9E 
 142      B9030E1B 
 142      509E8E15 
 143 010e 343BBD18 		.ascii	"4;\275\030[F<\311Z\341\234v\261\000\211\211\315\320"
 143      5B463CC9 
 143      5AE19C76 
 143      B1008989 
 143      CDD0
 144 0120 C074FEEE 		.ascii	"\300t\376\356\332\326\315o\036U6\303a/-\203\010\350"
 144      DAD6CD6F 
 144      1E5536C3 
 144      612F2D83 
 144      08E8
 145 0132 C83602BA 		.ascii	"\3106\002\272_\350\370\263\327L\274\265\223:\233\302"
 145      5FE8F8B3 
 145      D74CBCB5 
 145      933A9BC2 
 146 0142 CE46D2CB 		.ascii	"\316F\322\313\256lHx\322?8\2621\355\010\302@\007\306"
 146      AE6C4878 
 146      D23F38B2 
 146      31ED08C2 
 146      4007C6
 147 0155 05A6D061 		.ascii	"\005\246\320a\024\245EQ\032\341\3033k\253v#\"\003\035"
 147      14A54551 
 147      1AE1C333 
 147      6BAB7623 
 147      22031D
 148 0168 32195C77 		.ascii	"2\031\\w\0375\205\035b\020\204mlUQ\301\030\030l\001"
 148      1F35851D 
 148      6210846D 
 148      6C5551C1 
 148      18186C01 
 149 017c FCBFAEA5 		.ascii	"\374\277\256\245\264,\253=K\374:\223\266\362\211I\003"
 149      B42CAB3D 
 149      4BFC3A93 
 149      B6F28949 
 149      03
 150 018d 0E0FB1DC 		.ascii	"\016\017\261\334g\010|x\211\255S\347\210BH4\025\337"
 150      67087C78 
 150      89AD53E7 
 150      88424834 
 150      15DF
 151 019f CCCD4218 		.ascii	"\314\315B\030<\"FF\342\005\233(\022\213\240\021\220"
 151      3C224646 
 151      E2059B28 
 151      128BA011 
 151      90
 152 01b0 7A88C753 		.ascii	"z\210\307S\037\355\276-y]\365\347\310p\342~\014>\366"
ARM GAS  /tmp/ccMwY61l.s 			page 11


 152      1FEDBE2D 
 152      795DF5E7 
 152      C870E27E 
 152      0C3EF6
 153 01c3 B73CA792 		.ascii	"\267<\247\222\347\3771\265\232\207\320;\012\352$\023"
 153      E7FF31B5 
 153      9A87D03B 
 153      0AEA2413 
 154 01d3 E8F84DFF 		.ascii	"\350\370M\377\360\005R\330\243\216]\360\004\007f|Ga"
 154      F00552D8 
 154      A38E5DF0 
 154      0407667C 
 154      4761
 155 01e5 66696CC4 		.ascii	"fil\304\211)\205T\343)JS\264\020\007\237)\366\251~4"
 155      89298554 
 155      E3294A53 
 155      B410079F 
 155      29F6A97E 
 156 01fa 65C63C74 		.ascii	"e\306<t\026\020\276\333\272\361\312%\316*\272`x<\005"
 156      1610BEDB 
 156      BAF1CA25 
 156      CE2ABA60 
 156      783C05
 157 020d A583341F 		.ascii	"\245\2034\037V\254K\364I+PB32\261{F\324\354MB\251_\330"
 157      56AC4BF4 
 157      492B5042 
 157      3332B17B 
 157      46D4EC4D 
 158 0225 F0AA12FD 		.ascii	"\360\252\022\375\233\241\257f\336^O\277{\010\262\343"
 158      9BA1AF66 
 158      DE5E4FBF 
 158      7B08B2E3 
 159 0235 ABF8D7D7 		.ascii	"\253\370\327\327g\312\327\347\240\377\227e\221\375\305"
 159      67CAD7E7 
 159      A0FF9765 
 159      91FDC5
 160 0244 A6C88117 		.ascii	"\246\310\201\027\3122\310V!\321\275\2619\335\023%\214"
 160      CA32C856 
 160      21D1BDB1 
 160      39DD1325 
 160      8C
 161 0255 3C439E4E 		.ascii	"<C\236N\201\001\0071_\001\300\002\017\365\212\222\223"
 161      81010731 
 161      5F01C002 
 161      0FF58A92 
 161      93
 162 0266 66BA504D 		.ascii	"f\272PM0\365\306\226\240\323\232<\241.\210\3262V\304"
 162      30F5C696 
 162      A0D39A3C 
 162      A12E88D6 
 162      3256C4
 163 0279 AB413BDC 		.ascii	"\253A;\334\307\232[\032ZN\325\030m^\243\271\276\325"
 163      C79A5B1A 
 163      5A4ED518 
 163      6D5EA3B9 
 163      BED5
 164 028b F05E6EA4 		.ascii	"\360^n\244\275\316\333^\321\310\354\365\015\336\366"
ARM GAS  /tmp/ccMwY61l.s 			page 12


 164      BDCEDB5E 
 164      D1C8ECF5 
 164      0DDEF6
 165 029a 968BE72B 		.ascii	"\226\213\347+\367\200.\265]n\367\0325\265\325\207+\215"
 165      F7802EB5 
 165      5D6EF71A 
 165      35B5D587 
 165      2B8D
 166 02ac AAAAE346 		.ascii	"\252\252\343F\355\311\352+\236\235\264\272\326\326\246"
 166      EDC9EA2B 
 166      9E9DB4BA 
 166      D6D6A6
 167 02bb 8A66A651 		.ascii	"\212f\246Q\336o\256UV\322"
 167      DE6FAE55 
 167      56D2
 168              		.text
 169              		.section	.gnu.lto_stGetAlarm.5aee5f58c76a6a64,"",%progbits
 170 0000 789C9552 		.ascii	"x\234\225R=LSQ\024>\337\275\257\257\005\005\334th\010"
 170      3D4C5351 
 170      143EDFBD 
 170      AFAF0505 
 170      DC746808 
 171 0014 89130E3C 		.ascii	"\211\023\016<\213\316.:H\0021\012\203\033Q\034 \222"
 171      8BCE2E3A 
 171      4802310A 
 171      831B511C 
 171      2092
 172 0026 602871ED 		.ascii	"`(q\355\205\366\031\211\013\016\022\2036\035\034P\020"
 172      85F61989 
 172      0B0E1283 
 172      361D1C50 
 172      10
 173 0037 0AF8DB6A 		.ascii	"\012\370\333j\224`\010q\000\177\006\007\215\011jB\010"
 173      94600871 
 173      007F0607 
 173      8D096A42 
 173      08
 174 0048 61A00125 		.ascii	"a\240\001%5\264\317s^k\2428y\223w\357;\367|\357|\337"
 174      35B4CF73 
 174      5E6BA238 
 174      799377EF 
 174      3BF77CEF 
 175 005e 77CEB308 		.ascii	"w\316\263\010$+\247\210N\363y\224\037\004\010jh\211"
 175      242BA788 
 175      4EF37994 
 175      1F04086A 
 175      6889
 176 0070 A83FA494 		.ascii	"\250?\244\224\316\326\222\251\264>8d\366jX\245k\013"
 176      CED692A9 
 176      B43E3864 
 176      F66A58A5 
 176      6B0B
 177 0082 90171302 		.ascii	"\220\027\023\002\305\224\266\020\303wUPx\227\230\272"
 177      C594B610 
 177      C3775550 
 177      789798BA 
 178 0092 ADB794AB 		.ascii	"\255\267\224\253\011\026\207\271\305\221o\325\022\002"
ARM GAS  /tmp/ccMwY61l.s 			page 13


 178      091687B9 
 178      C5916FD5 
 178      1202
 179 00a0 751CDE32 		.ascii	"u\034\3362\357\007\203\365\243\306\014\230e\267x\366"
 179      EF0783F5 
 179      A3C60C98 
 179      65B778F6 
 180 00b0 7ADC3DE9 		.ascii	"z\334=\351jE\236\"\334E\030\243\010\013\367=\324\023"
 180      6A459E22 
 180      DC4518A3 
 180      080BF73D 
 180      D413
 181 00c2 83BF4E17 		.ascii	"\203\277N\027oT\331\011\303\253nP\223\24089\006\233"
 181      6F54D909 
 181      C3AB6E50 
 181      93A03839 
 181      069B
 182 00d4 E5822FD2 		.ascii	"\345\202/\322gf\215\347\305\215\311\037.\034\014j\342"
 182      67668DE7 
 182      C58DC91F 
 182      2E1C0C6A 
 182      E2
 183 00e5 4A01DEB4 		.ascii	"J\001\336\264-\033\321\006\303EaN)9\365\012\346\262"
 183      2D1BD106 
 183      C345614E 
 183      2939F50A 
 183      E6B2
 184 00f7 F95472A1 		.ascii	"\371Tr\241\346\357\322\263\327\012\021\277\252\247\260"
 184      E6EFD2B3 
 184      D70A11BF 
 184      AAA7B0
 185 0106 9B95300E 		.ascii	"\233\2250\016\233\311\356\303\216\353\000'\207\335\271"
 185      9BC9EEC3 
 185      8EEB0027 
 185      87DDB9
 186 0115 3741B163 		.ascii	"7A\261c\371\330\245\211\355\215\312R(x1|g\362\307B("
 186      F9D8A589 
 186      ED8DCA52 
 186      2878317C 
 186      67F2C742 
 187 012a 85643FC7 		.ascii	"\205d?\307\373\\\035\300$\373\232\020_\234\034[\334"
 187      FB5C1DC0 
 187      24FB9A10 
 187      5F9C1C5B 
 187      DC
 188 013b DA0C3A13 		.ascii	"\332\014:\023&\321o\226\275\255\3601W\333H#\205\"K\365"
 188      26D16F96 
 188      BDADF031 
 188      57DB4823 
 188      85224BF5 
 189 014f A9300587 		.ascii	"\2510\005\207V\020\337\271\262n\225X\313\304\363\336"
 189      5610DFB9 
 189      B26E9558 
 189      CBC4F3DE 
 190 015f F66C8D30 		.ascii	"\366l\2150i(Ls\271/H||\305\322E9\243\030\222^\317\344"
 190      69284C73 
 190      B92F487C 
ARM GAS  /tmp/ccMwY61l.s 			page 14


 190      7CC5D245 
 190      39A31892 
 191 0176 AB4A10C2 		.ascii	"\253J\020\302\214\337I1\257)[\253Wa\011P4d2\353\237"
 191      8CDF4931 
 191      AF295BAB 
 191      57610950 
 191      346432EB 
 192 018b 82B182B9 		.ascii	"\202\261\202\271\352\353\013zJ\270\037 F\177\332\013"
 192      EAEB0B7A 
 192      4AB81F20 
 192      467FDA0B 
 193 019b F9F6E23F 		.ascii	"\371\366\342?_nV3\364\246\017\015\311\014\344\372\365"
 193      5F6E5633 
 193      F4A60F0D 
 193      C90CE4FA 
 193      F5
 194 01ac C8F84571 		.ascii	"\310\370Eq8\344_W\340\021\317\376a\331\241\26763Y\301"
 194      38E45F57 
 194      E011CFFE 
 194      61D9A1B7 
 194      363359C1 
 195 01c0 9F1C901A 		.ascii	"\237\034\220\032\217\331\232O\213'\210\271\272\322\327"
 195      8FD99A4F 
 195      8B2788B9 
 195      BAD2D7
 196 01cf 63FD1EC6 		.ascii	"c\375\036\306\213|\312\233\267w\015c\260\210\3620\364"
 196      8B7CCA9B 
 196      B7770D63 
 196      B088F230 
 196      F4
 197 01e0 BFC378EA 		.ascii	"\277\303x\352\017##\206\365\177\265zg\177\223\253\367"
 197      0F232386 
 197      F57FB57A 
 197      677F93AB 
 197      F7
 198 01f1 20EBB71A 		.ascii	" \353\267\032\245B\"vx\372\263\035I\013\306$!\303x\006"
 198      A5422276 
 198      78FAB31D 
 198      490BC624 
 198      21C37806 
 199 0205 0787B880 		.ascii	"\007\207\270\200\217\300sDh\015\003\313\256\367\026"
 199      8FC07344 
 199      680D03CB 
 199      AEF716
 200 0214 A53E4B07 		.ascii	"\245>K\007\370\307\202x\340\276\205\217wv\235\357:\325"
 200      F8C78278 
 200      E0BE858F 
 200      77769DEF 
 200      3AD5
 201 0226 EAF4449D 		.ascii	"\352\364D\235\316s\335N\264\267C\316\366h_C\0075\356"
 201      CE73DD4E 
 201      B4B743CE 
 201      F6685F43 
 201      0735EE
 202 0239 4A5EEAE9 		.ascii	"J^\352\351\355\213:\255m-G\032\235\346\346\023N[S\313"
 202      ED8B3AAD 
 202      6D2D471A 
ARM GAS  /tmp/ccMwY61l.s 			page 15


 202      9DE6E613 
 202      4E5B53CB 
 203 024d E54819DE 		.ascii	"\345H\031\336\336\335}\241\241\223~\001\353\263(x"
 203      DEDD7DA1 
 203      A1937E01 
 203      EBB32878 
 204              		.text
 205              		.section	.gnu.lto_.symbol_nodes.5aee5f58c76a6a64,"",%progbits
 206 0000 789C558A 		.ascii	"x\234U\212\273\015\302@\020\005g\337\236-\234R\001\364"
 206      BB0DC240 
 206      100567DF 
 206      9E2D9C52 
 206      01F4
 207 0012 407F7B81 		.ascii	"@\177{\201\013 \301\374\211h\001\002\212\240\006*A\234"
 207      0B20C1FC 
 207      89680102 
 207      8AA0062A 
 207      419C
 208 0024 CE09F792 		.ascii	"\316\011\367\222\221f^\302xR\246\235\002\266o(x\345"
 208      91665EC2 
 208      7852A69D 
 208      02B66F28 
 208      78E5
 209 0036 753193C2 		.ascii	"u1\223\302\032\323]D^\202k\257P{>(\274=_e\363\371\250"
 209      1AD35D44 
 209      5E826BAF 
 209      507B3E28 
 209      BC3D5F65 
 210 004d 486DBA49 		.ascii	"Hm\272I5\331I\321\325\0049\257\300\316\212\376_8\013"
 210      35D949D1 
 210      D50439AF 
 210      C0CE8AFE 
 210      5F380B
 211 0060 EE9FAFB9 		.ascii	"\356\237\257\271\015\214\217\215\247\031}\005?\312\323"
 211      0D8C8F8D 
 211      A7197D05 
 211      3FCAD3
 212 006f 2852     		.ascii	"(R"
 213              		.text
 214              		.section	.gnu.lto_.refs.5aee5f58c76a6a64,"",%progbits
 215 0000 789C6361 		.ascii	"x\234ca`d\020````ddbbadabeadcbga\000\000\003%\000D"
 215      60641060 
 215      60606064 
 215      64626261 
 215      64616265 
 216              		.text
 217              		.section	.gnu.lto_.decls.5aee5f58c76a6a64,"",%progbits
 218 0000 789CB558 		.ascii	"x\234\265X{L\025W\032\2373gx].\340\242i\314\2064ji$"
 218      7B4C1557 
 218      1A9F3367 
 218      785D2EE0 
 218      A269CC86 
 219 0018 D9E015B4 		.ascii	"\331\340\025\264\335v\263ij\321\330nj\273\271\330f\223"
 219      DD76B369 
 219      6AD1D86E 
 219      6ABBB9D8 
 219      6693
ARM GAS  /tmp/ccMwY61l.s 			page 16


 220 002a FDE32E22 		.ascii	"\375\343.\"-$\010\226{m\342\037\233\035\001\005QV\020"
 220      2D240896 
 220      7B6DE21F 
 220      9B1D0105 
 220      515610
 221 003d F081A880 		.ascii	"\360\201\250\200\242\"\210\310S\274\200W\251\200\200"
 221      A22288C8 
 221      53BC8057 
 221      A98080
 222 004c 96228288 		.ascii	"\226\"\202\210\010>\3007\"RQ\021\331\357<\206\231{\013"
 222      083EC037 
 222      22525111 
 222      D9EF3C86 
 222      997B0B
 223 005f 6E37BB3B 		.ascii	"n7\273;\341\273\314w\316\357\374\276\327\231s\316\214"
 223      E1BBCC77 
 223      CEEFFCBE 
 223      D79973CE 
 223      8C
 224 0070 2420815C 		.ascii	"$ \201\\\3113\005A\304\2020K\024\204\011\270\234\241"
 224      C9330541 
 224      C482304B 
 224      148409B8 
 224      9CA1
 225 0082 ED6B1050 		.ascii	"\355k\020P\205r\220j\201]. g@ZA\332@\332A:A\272@\256"
 225      8572906A 
 225      815D2E20 
 225      67405A41 
 225      DA40DA41 
 226 009b 83008570 		.ascii	"\203\000\205p\023\244\037\344\256`\177\235\341\375\204"
 226      13A41FE4 
 226      AE607F9D 
 226      E1FD84
 227 00aa F71E888D 		.ascii	"\367\036\210\215\267\213\274\257K\370\345E\354x\360"
 227      B78BBCAF 
 227      4BF8E545 
 227      EC78F0
 228 00b9 31DE20B3 		.ascii	"1\336 \263@Z@\346\203\370\203\353\277\003y\014\367\013"
 228      405A40E6 
 228      83F883EB 
 228      BF03790C 
 228      F70B
 229 00cb 10F3B30C 		.ascii	"\020\363\263\014\244\007d\234\333\372-\264\317\003y"
 229      A407649C 
 229      DBFA2DB4 
 229      CF0379
 230 00da 0744E27C 		.ascii	"\007D\342|\357#\346\353\007\360\037q\177\265\027\211"
 230      EF23E6EB 
 230      07F01F71 
 230      7FB51789 
 231 00ea 4BE236B5 		.ascii	"K\3426\2656\020\347\0239\346\017\350\227\376\266\377"
 231      3610E713 
 231      39E60FE8 
 231      97FEB6FF 
 232 00fa 07FE929C 		.ascii	"\007\376\222\234Z5\376\212\032\177%\316\245\370\372"
 232      5A35FE8A 
 232      1A7F25CE 
ARM GAS  /tmp/ccMwY61l.s 			page 17


 232      A5F8FA
 233 0109 47EE6BBF 		.ascii	"G\356k\277\203=\222{\375\377\300V\247\306\326G\334\226"
 233      833D927B 
 233      FDFFC056 
 233      A7C6D647 
 233      DC96
 234 011b 63FDC645 		.ascii	"c\375\306E\364S|q\026\036\021\221\267\016I\240>\271"
 234      F4537C71 
 234      161E1191 
 234      B70E49A0 
 234      3EB9
 235 012d 9079CB13 		.ascii	"\220y\313\023\324Y:4\007\324\261\273\351]\210\365\352"
 235      D4593A34 
 235      07D4B1BB 
 235      E95D88F5 
 235      EA
 236 013e 41DDB4AB 		.ascii	"A\335\264\253\276\322M\227(\303\225\022'{7z\222\216"
 236      BED24D97 
 236      28C39512 
 236      277B377A 
 236      928E
 237 0150 23C8071D 		.ascii	"#\310\007\035F>`\341(\322\301\257\301\007\345\203\012"
 237      463E60E1 
 237      28D2C1AF 
 237      C107E583 
 237      0A
 238 0161 F003F7AB 		.ascii	"\360\003\367\253\352\234\330h\017P\257\345\246\347I"
 238      EA9CD868 
 238      0F50AFE5 
 238      A6E749
 239 0170 8CFB2EE9 		.ascii	"\214\373.\351\276\374\274\346\245\036\213\010\356\245"
 239      BEFCBCE6 
 239      A51E8B08 
 239      EEA5
 240 017e D2D8DE1C 		.ascii	"\322\330\336\034O\344\347\203\200\014\351\016Q\013\262"
 240      4FE4E783 
 240      800CE90E 
 240      510BB2
 241 018d 2C0AE804 		.ascii	",\012\350\004\322\241c\010+\036g\312`}\350\037\244\031"
 241      D2A16308 
 241      2B1E67CA 
 241      607DE81F 
 241      A419
 242 019f EE5DE97F 		.ascii	"\356]\351\177h\211\225\207re\347\331\002Z\344\203\026"
 242      68899587 
 242      7265E7D9 
 242      025AE483 
 242      16
 243 01b0 FA08A808 		.ascii	"\372\010\250\010\371\321.\001\025\003\341q\346\316\310"
 243      F9D12E01 
 243      1503E171 
 243      E6CEC8
 244 01bf F57E5FEF 		.ascii	"\365~_\357\024N\3751\242\324\205\320]@\235/A\336J\010"
 244      144EFD31 
 244      A2D485D0 
 244      5D409D2F 
 244      41DE4A08 
ARM GAS  /tmp/ccMwY61l.s 			page 18


 245 01d3 047CB5A1 		.ascii	"\004|\265\241%\336Y\307\251S\376\035\265\365\324\265"
 245      25DE59C7 
 245      A953FE1D 
 245      B5F5D4B5 
 246 01e3 2E272D77 		.ascii	".'-w\351\233\270'\266\326>\320\351\223\0107Oc\031\362"
 246      E99BB827 
 246      B6D63ED0 
 246      E9930837 
 246      4F6319F2 
 247 01f7 D6E4B11C 		.ascii	"\326\344\261\034\221\011@\377\003z|\250u\\\317\262\250"
 247      910940FF 
 247      037A7CA8 
 247      755CCFB2 
 247      A8
 248 0208 238E154C 		.ascii	"#\216\025LT8O_\203J\245\006\025\314\263\316\256\370"
 248      54384F5F 
 248      834AA506 
 248      15CCB3CE 
 248      AEF8
 249 021a 2A5E4177 		.ascii	"*^AwP+od\234vc5\270B\272;\036\356L@\216I\251\002\266"
 249      502B6F64 
 249      9C766335 
 249      B842BA3B 
 249      1EEE4C40 
 250 0233 9394ED14 		.ascii	"\223\224\355\024u\274Rq|4?\357\211\247c\230\323\242"
 250      75BC5271 
 250      7C343FEF 
 250      89A76398 
 250      D3A2
 251 0245 930A2B62 		.ascii	"\223\012+b]\355\302\264\332\205Y\315\303\254\246a\276"
 251      5DEDC2B4 
 251      DA8559CD 
 251      C3ACA661 
 251      BE
 252 0256 2E39F7C2 		.ascii	".9\367\302\263\033u!\230\310h\006-6B\354\027Q\021\230"
 252      B31B7521 
 252      98C86806 
 252      2D3642EC 
 252      17511198 
 253 026a 505550FF 		.ascii	"PUP\377&\233\220\002\344\272\250\334\012\223d\364O\031"
 253      269B9002 
 253      E4BAA8DC 
 253      0A9364F4 
 253      4F19
 254 027c 3FA15C94 		.ascii	"?\241\\\224DeG|\020\323\371`\001q]T\015 \246*\0034|"
 254      4465477C 
 254      10D3F960 
 254      01715D54 
 254      0D20A62A 
 255 0293 CC5D4EA7 		.ascii	"\314]N\247\372<\031\023R\236\276\204\222\301^'\354B"
 255      FA3C1913 
 255      529EBE84 
 255      92C15E27 
 255      EC42
 256 02a5 1E01D47A 		.ascii	"\036\001\324zg\274\037-(T\246\376\333\3523:~~O\2468"
 256      67BC1F2D 
 256      2854A6FE 
ARM GAS  /tmp/ccMwY61l.s 			page 19


 256      DBEA333A 
 256      7E7E4FA6 
 257 02ba 7B072FF9 		.ascii	"{\007/\371\034\011}\375\226&\21564\033~WI\014\233\222"
 257      1C097DFD 
 257      96268D36 
 257      341B7E57 
 257      490C9B92 
 258 02ce 515EE236 		.ascii	"Q^\3426/[\316.\226\373z\207\026\355\226m\3610L$(T\213"
 258      2F5BCE2E 
 258      96FB7A87 
 258      16ED966D 
 258      F1304C24 
 259 02e5 303A8D16 		.ascii	"0:\215\026\020\007j\351#\205jP7xv\006\315\203\221q\205"
 259      10076AE9 
 259      23856A50 
 259      37787606 
 259      CD839171 
 260 02fa 57939CF0 		.ascii	"W\223\234\360b\352KOc~\001Y\025\346\353\020\211\310"
 260      62EA4B4F 
 260      637E0159 
 260      15E6EB10 
 260      89C8
 261 030c 0B9A8E3F 		.ascii	"\013\232\216?\254z\341\301\232\010\242m\333\360A\027"
 261      AC7AE1C1 
 261      9A08A26D 
 261      DBF04117 
 262 031c BC84DC8B 		.ascii	"\274\204\334\213\365\311\245%\356\310\217=\266}U\365"
 262      F5C9A525 
 262      EEC88F3D 
 262      B67D55F5 
 263 032c 4B531388 		.ascii	"KS\023\210\311\006\230\034\347T\223\363\311\264HTg\203"
 263      C906981C 
 263      E75493F3 
 263      C9B44854 
 263      6783
 264 033e 301903AA 		.ascii	"0\031\003\252\207g\012x\011\020\375\000\215ul\356\346"
 264      87670A78 
 264      0910FD00 
 264      8D756CEE 
 264      E6
 265 034f 1F4CCD75 		.ascii	"\037L\315u\306\271\210\032\331]vtT7i\244r\313b\310\324"
 265      C6B9881A 
 265      D95D7674 
 265      543769A4 
 265      72CB62C8 
 266 0364 0CD40436 		.ascii	"\014\324\0046\032U\033\015hz#\347\2476\262\255\274\373"
 266      1A551B0D 
 266      687A23E7 
 266      A736B2AD 
 266      BCFB
 267 0376 95177EC6 		.ascii	"\225\027~\306\214L<\033(\207\307\314oj\206\013S00wR"
 267      8C4C3C1B 
 267      2887C7CC 
 267      6F6A860B 
 267      53303077 
 268 038b DBDE3B4A 		.ascii	"\333\336;J\334i\001w\232Uw\232\224Ga\177A\317\001\027"
 268      DC690177 
ARM GAS  /tmp/ccMwY61l.s 			page 20


 268      9A55779A 
 268      9447617F 
 268      41CF0117 
 269 039f 89CC6C82 		.ascii	"\211\314l\202\200ZA[E\361\266'N\323V\365GZ\325\213\210"
 269      805A415B 
 269      45F1B627 
 269      4ED356F5 
 269      475AD58B 
 270 03b4 97B5362B 		.ascii	"\227\2656+c6T\265\217VU\277#Nn\204as\010\012\235U\355"
 270      633654B5 
 270      8F5655BF 
 270      234E6E84 
 270      6173080A 
 271 03cb 9DD556B5 		.ascii	"\235\325V\265\225V\365\374X\211'>H\027Yt\364\336\231"
 271      9556F5FC 
 271      5889273E 
 271      48175974 
 271      F4DE99
 272 03de 4A27C662 		.ascii	"J'\306b\033\251\327\313)\033\310CLf\306O*\307OZ\216"
 272      1BA9D7CB 
 272      291BC843 
 272      4C66C64F 
 272      2AC74F5A 
 273 03f3 36CAB1BD 		.ascii	"6\312\261\275tt\277\023.f$eci\303\"')nPH\210#\227T\222"
 273      7474BF13 
 273      2E662465 
 273      6369C322 
 273      27296E50 
 274 040d 4B5A9276 		.ascii	"KZ\222vJR8\322Z\342\201\255\214\344\207\211\213\227"
 274      4A5238D2 
 274      5AE281AD 
 274      8CE48789 
 274      8B97
 275 041f 5DB4B193 		.ascii	"]\264\261\223\264\250\301w\330M\351\354\222\330d\035"
 275      B4A8C177 
 275      D84DE9EC 
 275      92D8641D 
 276 042f B7F8A4C1 		.ascii	"\267\370\244\301crJ\003\012]Vm^\326\332\354\2446\237"
 276      63724A03 
 276      0A5D566D 
 276      5ED6DAEC 
 276      A4369F
 277 0442 6C7D9CED 		.ascii	"l}\234\355\205\353\231\315\312\321W\003\036\204\006"
 277      85EB99CD 
 277      CAD15703 
 277      1E8406
 278 0451 EA75B9E3 		.ascii	"\352u\271\343\357\033\016l\262\245 \372\370\240+*\313"
 278      EF1B0E6C 
 278      B2A520FA 
 278      F8A02B2A 
 278      CB
 279 0462 15BED7C0 		.ascii	"\025\276\327\300BD\030lC\007wa\274\021S\206\007\005"
 279      4244186C 
 279      43077761 
 279      BC115386 
 279      0705
 280 0474 031D9E76 		.ascii	"\003\035\236v\013Z\251\235\333\335lA#Y\257k\216\305"
ARM GAS  /tmp/ccMwY61l.s 			page 21


 280      0B5AA99D 
 280      DBDD6C41 
 280      2359AF6B 
 280      8EC5
 281 0486 B4DED0C6 		.ascii	"\264\336\320\306\353\275\251f\357ui\332z\367\320\220"
 281      EBBDA966 
 281      EF7569DA 
 281      7AF7D090 
 282 0496 AF29F5BE 		.ascii	"\257)\365\276u\"kH\307\235\255\315\\\227\036\227\375"
 282      75226B48 
 282      C79DADCD 
 282      5C971E97 
 282      FD
 283 04a7 2981A0AB 		.ascii	")\201\240\253\252\247W\025O\257SO\307\2076'Js\213\360"
 283      AAA75715 
 283      4FAF534F 
 283      C7873627 
 283      4A738BF0 
 284 04bb 7ED81561 		.ascii	"~\330\025a;!$%\305\243\345\010W3\347s.<\335\241\303"
 284      3B212425 
 284      C5A3E508 
 284      5733E773 
 284      2E3CDDA1 
 285 04d0 4D4C893D 		.ascii	"ML\211=v\275Y|\367\200\334\012\026z\237\353\323\344"
 285      76BD597C 
 285      F780DC0A 
 285      167A9FEB 
 285      D3E4
 286 04e2 F84659A2 		.ascii	"\370FY\242\273\320\0150\0003G\263y\365AK/\232+\240\233"
 286      BBD00D30 
 286      003347B3 
 286      79F5414B 
 286      2F9A2BA0 
 287 04f7 E85D1246 		.ascii	"\350]\022F\365\315\004\257\271\227\250\035+\263\363"
 287      F5CD04AF 
 287      B997A81D 
 287      2BB3F3
 288 0506 28A9B108 		.ascii	"(\251\261\010\341^F\235\237p\177Xb\324\266\262\345\211"
 288      E15E469D 
 288      9F707F58 
 288      62D4B6B2 
 288      E589
 289 0518 291B288C 		.ascii	")\033(\214\362\302D\320\354\026\267\241\345\026\341"
 289      F2C244D0 
 289      EC16B7A1 
 289      E516E1
 290 0527 EDA7BC3F 		.ascii	"\355\247\274?_\273Z+\315}d\307\3730}\217\204_0\336M"
 290      5FBB5A2B 
 290      CD7D64C7 
 290      FB307D8F 
 290      845F30DE 
 291 053c 39F19B75 		.ascii	"9\361\233u\234w\304\236\267\323\216\367\016\264\014"
 291      9C77C49E 
 291      B7D38EF7 
 291      0EB40C
 292 054b 10DEBB94 		.ascii	"\020\336\273\224w\254\377\370\035\275]\321H\305\325"
 292      77ACFFF8 
ARM GAS  /tmp/ccMwY61l.s 			page 22


 292      1DBD5DD1 
 292      48C5D5
 293 055a C4DF8302 		.ascii	"\304\337\203\002\361\214\336\243\033\221\262Ez\363-"
 293      F18CDEA3 
 293      1B91B245 
 293      7AF32D
 294 0569 32D33AD2 		.ascii	"2\323:\322\304O1\256\244{\260\240\322\203\355\2406\322"
 294      C44F31AE 
 294      A47BB0A0 
 294      D283EDA0 
 294      36D2
 295 057b 7D692027 		.ascii	"}i '\236o\317\255D\257\353h\030\222p\202\304\326\364"
 295      9E6FCFAD 
 295      44AFEB68 
 295      18927082 
 295      C4D6F4
 296 058e C389AD98 		.ascii	"\303\211\255\230l\326q\277z=ji\031\273\340\204\223\331"
 296      6CD671BF 
 296      7A3D6A69 
 296      19BBE084 
 296      93D9
 297 05a0 F82DE7CA 		.ascii	"\370-\347\312\353\371\351\254\221\350\351\247\352\254"
 297      EBF9E9AC 
 297      91E8E9A7 
 297      EAAC
 298 05ae EE388575 		.ascii	"\3568\205u\336J\272Y\347\2143\230\242\270\345\315\335"
 298      DE4ABA59 
 298      E78C3398 
 298      A2B8E5CD 
 298      DD
 299 05bf DADFFD73 		.ascii	"\332\337\375s\023\302\273Y\247\265\262\272\236\207\260"
 299      13C2BB59 
 299      A7B5B2BA 
 299      9E87B0
 300 05ce 90ACDD43 		.ascii	"\220\254\335C-{\335\231:\203,D\003\347\353u,\"\031\201"
 300      2D7BDD99 
 300      3A832C44 
 300      03E7EB75 
 300      2C221981 
 301 05e2 5ED376ED 		.ascii	"^\323v\355c\274\217\215<;\\|\230G\207A}<\232\273\331"
 301      63BC8F8D 
 301      3C3B5C7C 
 301      98478741 
 301      7D3C9ABB 
 302 05f7 75FAC3C7 		.ascii	"u\372\303\307\230r\370x\311bI\330\333[\2529\026Y\350"
 302      9872F878 
 302      C96249D8 
 302      DB5BAA39 
 302      1659E8
 303 060a 72FD1CE0 		.ascii	"r\375\034\340\243\024\376\212\236\027\306\224E\362\372"
 303      A314FE8A 
 303      9E17C694 
 303      45F2FA
 304 0619 ABAC7358 		.ascii	"\253\254sX\213~\374&t\321\201\274\235:\234\313\334\334"
 304      8B7EFC26 
 304      74D181BC 
 304      9D3A9CCB 
ARM GAS  /tmp/ccMwY61l.s 			page 23


 304      DCDC
 305 062b F3B4E71E 		.ascii	"\363\264\347\036\257\231\037\250\207\236Y\343\\\361"
 305      AF991FA8 
 305      879E59E3 
 305      5CF1
 306 0639 21D69756 		.ascii	"!\326\227V\273\367\202\013>\312\024\345|\353\315\316"
 306      BBF7820B 
 306      3ECA14E5 
 306      7CEBCDCE 
 307 0649 B7B19D9F 		.ascii	"\267\261\235\237\340\"\326s:u{\017\302%L\031\214\357"
 307      E022D673 
 307      3A757B0F 
 307      C2254C19 
 307      8CEF
 308 065b EFE3199A 		.ascii	"\357\343\031\232\015jF\363\203\371\270\222u\275n\254"
 308      0D6A46F3 
 308      83F9B892 
 308      75BD6EAC 
 309 066b 9B8F6BD8 		.ascii	"\233\217k\330}}\305\221\303\010\3271e8\263\376\201\016"
 309      7D7DC591 
 309      C308D731 
 309      6538B3FE 
 309      810E
 310 067d 373025BB 		.ascii	"70%\273-\353\244+nb\312\241\347;\016\351\361\217Li\257"
 310      2DEBA42B 
 310      6E62CAA1 
 310      E73B0EE9 
 310      F18F4C69 
 311 0692 BA9CE88E 		.ascii	"\272\234\350\216\333\231\222x\342\304.w|\205)\261\326"
 311      DB999278 
 311      E2C42E77 
 311      7C8529B1 
 311      D6
 312 06a3 AE542F66 		.ascii	"\256T/f\264\217\350\267\363ng\363\263\232\354L\316S"
 312      B48FE8B7 
 312      F36E67F3 
 312      B39AEC4C 
 312      CE53
 313 06b5 6D2DA308 		.ascii	"m-\243\010_c\340\362\275\035\373\334\247\257D\252\310"
 313      5F63E0F2 
 313      BD1DFBDC 
 313      A7AF44AA 
 313      C8
 314 06c6 2BB19016 		.ascii	"+\261\220\026bO\327\353b/\236Z\233R\210\207\200~@\321"
 314      624FD7EB 
 314      622F9E5A 
 314      9B528887 
 314      807E40D1 
 315 06da DB456F65 		.ascii	"\333Eoe\014]7\322\362\352]\265\350\307o@\277\325\330"
 315      0C5D37D2 
 315      F2EA5DB5 
 315      E8C76F40 
 315      BFD5D8
 316 06ed 7BBBC80D 		.ascii	"{\273\310\015\371:\\~\276\2763}}s\345\3708\271/\355"
 316      F93A5C7E 
 316      BEBE337D 
 316      7D73E5F8 
ARM GAS  /tmp/ccMwY61l.s 			page 24


 316      38B92FED 
 317 0701 CEDF0687 		.ascii	"\316\337\006\207o\313\362v=e\032\204\007\364\2608S}"
 317      6FCBF276 
 317      3D651A84 
 317      07F4B038 
 317      537D
 318 0713 121E51DA 		.ascii	"\022\036Q\332#\344W\240#l%\335\260\261\204P\364&\321"
 318      23E457A0 
 318      236C25DD 
 318      B0B18450 
 318      F426D1
 319 0726 01BD5174 		.ascii	"\001\275QtD\357R\321[\034\321\314\345\000\025\\\246"
 319      44EF52D1 
 319      5B1CD1CC 
 319      E500155C 
 319      A6
 320 0737 82E31DC1 		.ascii	"\202\343\035\301\261\242\003\270U\005\377\354\350\365"
 320      B1A203B8 
 320      5505FFEC 
 320      E8F5
 321 0745 C82FBCAE 		.ascii	"\310/\274\256V\321\257\035\321\317\034\375\310T\301"
 321      56D1AF1D 
 321      D1CF1CFD 
 321      C854C1
 322 0754 49533BAD 		.ascii	"IS;\255\245nW\321\303\216\324O\354\321\033d\333\325"
 322      A56E57D1 
 322      C38ED44F 
 322      ECD11B64 
 322      DBD5
 323 0766 BF12709A 		.ascii	"\277\022p\232\350\215R8\265R=t\337\321\217t\2259\331"
 323      E88D5238 
 323      B5523D74 
 323      DFD18F74 
 323      9539D9
 324 0779 D10F8303 		.ascii	"\321\017\203\003\266M\305>\235\332\013\015\370\244\012"
 324      B64DC53E 
 324      9DDA0B0D 
 324      F8A40A
 325 0788 DEE0483C 		.ascii	"\336\340H<\341\010.V\301\011S\027\\\003\356P\301CS\317"
 325      E1082E56 
 325      C1095317 
 325      5C03EE50 
 325      C14353CF 
 326 079c A5003517 		.ascii	"\245\0005\027\2654\027\343\260U\274\340XeI\3415\321"
 326      B53417E3 
 326      B055BCE0 
 326      586549E1 
 326      35D1
 327 07ae A6394B65 		.ascii	"\2469Ke\336\354\350\306\250\312L\017}\2664\000\303f"
 327      DEECE8C6 
 327      A8CA4C0F 
 327      7DB63400 
 327      C366
 328 07c0 052081EF 		.ascii	"\005 \201\357 \302$\221\265\333\207\234S0\245\222"
 328      20C22491 
 328      B5DB879C 
 328      5330A592 
ARM GAS  /tmp/ccMwY61l.s 			page 25


 329 07d0 A70E5F6B 		.ascii	"\247\016_k\270B5\0347\365\254d\350T\276:\312\310\"\240"
 329      B842351C 
 329      37F5AC64 
 329      E854BE3A 
 329      CAC822A0 
 330 07e4 6DA20FFA 		.ascii	"m\242\017\372'\355$xp\001\035\024\375\320^\321\027\345"
 330      27ED2478 
 330      70011D14 
 330      FDD05ED1 
 330      17E5
 331 07f6 83EC00C9 		.ascii	"\203\354\000\311\0049\000r\004$\033$\003d'\310!\220"
 331      04390072 
 331      04241B24 
 331      036427C8 
 331      2190
 332 0808 FD207920 		.ascii	"\375 y \273ArAv\201\354\003\331\003\222\003\222\016"
 332      BB417241 
 332      7681EC03 
 332      D9039203 
 332      920E
 333 081a 9225FA6A 		.ascii	"\222%\372j\202\332\247:\2318uv\264!\355P\321[\247\234"
 333      82DAA73A 
 333      99387576 
 333      B421ED50 
 333      D15BA79C 
 334 082e 580C4CDE 		.ascii	"X\014L\3366Z:\216x\3424'z\004o\217;\226\217\320L\277"
 334      365A3A8E 
 334      78E23427 
 334      7A046F8F 
 334      3B968FD0 
 335 0844 29234585 		.ascii	")#E\205\020\340\377;XV\335\236nD\252[\000\306\216\212"
 335      10E0FF3B 
 335      5856DD9E 
 335      6E44AA5B 
 335      00C68E8A 
 336 0858 93872E52 		.ascii	"\223\207.Rl\352\263\274qw\247\375Y\260@\023\240\200"
 336      6CEAB3BC 
 336      7177A7FD 
 336      59B04013 
 336      A080
 337 086a 8E89ECE5 		.ascii	"\216\211\354\345\026\376\223\227v\353\311\033^v\350"
 337      16FE9397 
 337      76EBC91B 
 337      5E76E8
 338 0879 1EBB4348 		.ascii	"\036\273CH\021G\027Q\364\305W\215'\234\361~\232\017"
 338      11471751 
 338      F4C5578D 
 338      279CF17E 
 338      9A0F
 339 088b 74E1DCA5 		.ascii	"t\341\334\245].\270\202*\322\355\242\262\016\214\334"
 339      5D2EB882 
 339      2AD2EDA2 
 339      B20E8CDC 
 340 089b D86712BF 		.ascii	"\330g\022\277\004\372u\"6{\316w\223_'\312 ''D7\362\315"
 340      04FA7522 
 340      367BCE77 
 340      935F27CA 
ARM GAS  /tmp/ccMwY61l.s 			page 26


 340      20272744 
 341 08b2 0152560A 		.ascii	"\001RV\012)\243_I\240\205~9\231Ao\265\237WD7T,N~^!\347"
 341      29A35F49 
 341      A0857E39 
 341      99416FB5 
 341      9F574437 
 342 08cd 99C15B36 		.ascii	"\231\301[6\273\327\022\002\321|\233\020\265G\363\242"
 342      BBD71202 
 342      D17C9B10 
 342      B547F3A2 
 343 08dd D1E45BE4 		.ascii	"\321\344[\344e\300VL\316\324+\352\3626\221\367\201\354"
 343      65C0564C 
 343      CED42BEA 
 343      F23691F7 
 343      81EC
 344 08ef 4F290E1D 		.ascii	"O)\016\035W\363v\\\324\034\316+Dr`\315)\035\311\364"
 344      57F3765C 
 344      D41CCE2B 
 344      447260CD 
 344      291DC9F4 
 345 0903 C0D52CCA 		.ascii	"\300\325,\312\276\332\322\227\210\021\331\206\233\364"
 345      BEDAD297 
 345      8811D986 
 345      9BF4
 346 0911 8C85BE55 		.ascii	"\214\205\276UT\252$\225Z\222\223\224\244{\242*\333\003"
 346      54AA2495 
 346      5A929394 
 346      A47BA22A 
 346      DB03
 347 0923 FFC848F6 		.ascii	"\377\310H\366\015\304n\360\340$\231\315\012\0119\356"
 347      0DC46EF0 
 347      E02499CD 
 347      0A0939EE 
 348 0933 55A92455 		.ascii	"U\251$UZ\222S\224\344\364\275\203\231\022\276\301H\222"
 348      5A925394 
 348      E4F4BD83 
 348      9912BEC1 
 348      4892
 349 0945 921FB971 		.ascii	"\222\037\271q\216\266f\255#V\225\303\252\345\250\246"
 349      8EB666AD 
 349      235695C3 
 349      AAE5A8A6 
 350 0955 1C153B33 		.ascii	"\034\025;3>\302\303\234b\317\340bN1\326\354\303\336"
 350      3EC2C39C 
 350      62CFE062 
 350      4E31D6EC 
 350      C3DE
 351 0967 5772D8FB 		.ascii	"Wr\330\373J\215JR\243%\251\025\347\011RhxH\214\263\331"
 351      4A8D4A52 
 351      A325A915 
 351      E7095268 
 351      78488CB3 
 352 097c F2595484 		.ascii	"\362YT\204\305u\371\027_\315\011\372\360C\301'(<bU\304"
 352      C575F917 
 352      5FCD09FA 
 352      F043C127 
 352      283C6255 
ARM GAS  /tmp/ccMwY61l.s 			page 27


 353 0991 97C18668 		.ascii	"\227\301\206h\263!<$\322`\216\011%\377Mf\313\202PAo"
 353      B3213C24 
 353      D2608E09 
 353      25FF4D66 
 353      CB825041 
 354 09a6 B6045B42 		.ascii	"\266\004[Bb,K\"Cb\326\350L\246u\021Q\226E\201&\313W"
 354      622C4B22 
 354      4362D6E8 
 354      4CA67511 
 354      51964581 
 355 09bd 8675E618 		.ascii	"\206u\346\030\303\252\210(\303\267\241\241\376\320\347"
 355      C3AA8828 
 355      C3B7A1A1 
 355      FED0E7
 356 09cc 1F151D15 		.ascii	"\037\025\035\025\346\037\026\262*\302\377=\323b\377"
 356      E61F16B2 
 356      2AC2FF3D 
 356      D362FF
 357 09db C08501EF 		.ascii	"\300\205\001\357\177\027h\260\3530DD\205F\256[\035f"
 357      7F1768B0 
 357      EB304444 
 357      8546AE5B 
 357      1D66
 358 09ed 5813121A 		.ascii	"X\023\022\032\036\021\025f0\255\016\373&d]\244\305d"
 358      1E111566 
 358      30AD0EFB 
 358      26645DA4 
 358      C564
 359 09ff 59BF36CC 		.ascii	"Y\2776\314\274 \\pU\350\377\364\337\320\233\327\233"
 359      BC205C70 
 359      55E8FFF4 
 359      DFD09BD7 
 359      9B
 360 0a10 0DE0FD6A 		.ascii	"\015\340\375j\340\002N7P-\021k\302L\226w4\201\306X&"
 360      E0024E37 
 360      502D116B 
 360      C24C9677 
 360      3481C658 
 361 0a25 E1A1E104 		.ascii	"\341\241\341\004\301=p'\361F\257e\341\302}\230E\271"
 361      C13D7027 
 361      F146AF65 
 361      E1C27D98 
 361      45B9
 362 0a37 5DCE6F01 		.ascii	"]\316o\001a\212\214\\m\212\200\034\006:\244nmt\214\305"
 362      618A8C5C 
 362      6D8A801C 
 362      063AA46E 
 362      6D748CC5 
 363 0a4b 6C085EB9 		.ascii	"l\010^\271bQ\240\341\363\317\227\032V~\266\342\373\000"
 363      6251A0E1 
 363      F3CF971A 
 363      567EB6E2 
 363      FB00
 364 0a5d 9E4C3288 		.ascii	"\236L2\210\270\023\032\036\274\336\374iH\244\345\355"
 364      B8131A1E 
 364      BCDEFC69 
 364      48A4E5ED 
ARM GAS  /tmp/ccMwY61l.s 			page 28


 365 0a6d 37B80340 		.ascii	"7\270\003@\017m\346\005\017\223\351\233uQ\241&\323\202"
 365      0F6DE605 
 365      0F93E99B 
 365      7551A126 
 365      D382
 366 0a7f 0FDE5FB8 		.ascii	"\017\336_\270\320U\321\334U\027\355!\277wW=\266\353"
 366      D055D1DC 
 366      5517ED21 
 366      BF77573D 
 366      B6EB
 367 0a91 0908700A 		.ascii	"\011\010p\012\012Za\\$~i\224\226\256Xb\304K\203\214"
 367      0A5A615C 
 367      247E6994 
 367      96AE5862 
 367      C44B838C 
 368 0aa5 D2274B57 		.ascii	"\322'KW\032qP\220\021\033A\226\030\215\370\317\301A"
 368      1A715090 
 368      111B4196 
 368      188DF8CF 
 368      C141
 369 0ab7 38E88B95 		.ascii	"8\350\213\225RP\3202#\305\007\322\337\000\274l\271Q"
 369      5250D032 
 369      23C507D2 
 369      DF00BC6C 
 369      B951
 370 0ac9 0C86919F 		.ascii	"\014\206\221\237-3J\301+\000\035d\014\004\011\000\344"
 370      2D334AC1 
 370      2B001D64 
 370      0C040900 
 370      E4
 371 0ada 5F8C01BF 		.ascii	"_\214\001\277*\035f\313\032R\342\2105,\335\\1Y\336R"
 371      2A1D66CB 
 371      1A52E288 
 371      352CDD5C 
 371      3159DE52 
 372 0aee 126B3685 		.ascii	"\022k6\205\020\267M!\241\226\210\357\303\234L\237DG"
 372      10B74D21 
 372      A19688EF 
 372      C39C4C9F 
 372      4447
 373 0b00 477AF34E 		.ascii	"Gz\363N3I\011\353\377\315dS\364Z\3262Ci\011\263\330"
 373      334909EB 
 373      FFCD6453 
 373      F45AD632 
 373      436909B3 
 374 0b15 377CAB34 		.ascii	"7|\2534\374\013\216=\331'"
 374      FC0B8E3D 
 374      D927
 375              		.text
 376              		.section	.gnu.lto_.symtab.5aee5f58c76a6a64,"",%progbits
 377 0000 7374496E 		.ascii	"stInit\000"
 377      697400
 378 0007 00       		.ascii	"\000"
 379 0008 00       		.ascii	"\000"
 380 0009 00       		.ascii	"\000"
 381 000a 00000000 		.ascii	"\000\000\000\000\000\000\000\000"
 381      00000000 
ARM GAS  /tmp/ccMwY61l.s 			page 29


 382 0012 C1000000 		.ascii	"\301\000\000\000"
 383 0016 73745374 		.ascii	"stStartAlarm\000"
 383      61727441 
 383      6C61726D 
 383      00
 384 0023 00       		.ascii	"\000"
 385 0024 00       		.ascii	"\000"
 386 0025 00       		.ascii	"\000"
 387 0026 00000000 		.ascii	"\000\000\000\000\000\000\000\000"
 387      00000000 
 388 002e D0000000 		.ascii	"\320\000\000\000"
 389 0032 73745374 		.ascii	"stStopAlarm\000"
 389      6F70416C 
 389      61726D00 
 390 003e 00       		.ascii	"\000"
 391 003f 00       		.ascii	"\000"
 392 0040 00       		.ascii	"\000"
 393 0041 00000000 		.ascii	"\000\000\000\000\000\000\000\000"
 393      00000000 
 394 0049 D2000000 		.ascii	"\322\000\000\000"
 395 004d 73745365 		.ascii	"stSetAlarm\000"
 395      74416C61 
 395      726D00
 396 0058 00       		.ascii	"\000"
 397 0059 00       		.ascii	"\000"
 398 005a 00       		.ascii	"\000"
 399 005b 00000000 		.ascii	"\000\000\000\000\000\000\000\000"
 399      00000000 
 400 0063 D4000000 		.ascii	"\324\000\000\000"
 401 0067 73744765 		.ascii	"stGetAlarm\000"
 401      74416C61 
 401      726D00
 402 0072 00       		.ascii	"\000"
 403 0073 00       		.ascii	"\000"
 404 0074 00       		.ascii	"\000"
 405 0075 00000000 		.ascii	"\000\000\000\000\000\000\000\000"
 405      00000000 
 406 007d D7000000 		.ascii	"\327\000\000\000"
 407 0081 73745F6C 		.ascii	"st_lld_init\000"
 407      6C645F69 
 407      6E697400 
 408 008d 00       		.ascii	"\000"
 409 008e 02       		.ascii	"\002"
 410 008f 00       		.ascii	"\000"
 411 0090 00000000 		.ascii	"\000\000\000\000\000\000\000\000"
 411      00000000 
 412 0098 D9000000 		.ascii	"\331\000\000\000"
 413 009c 63685379 		.ascii	"chSysHalt\000"
 413      7348616C 
 413      7400
 414 00a6 00       		.ascii	"\000"
 415 00a7 02       		.ascii	"\002"
 416 00a8 00       		.ascii	"\000"
 417 00a9 00000000 		.ascii	"\000\000\000\000\000\000\000\000"
 417      00000000 
 418 00b1 DE000000 		.ascii	"\336\000\000\000"
 419              		.text
ARM GAS  /tmp/ccMwY61l.s 			page 30


 420              		.section	.gnu.lto_.opts,"",%progbits
 421 0000 272D6666 		.ascii	"'-ffp-contract=off' '-fmath-errno' '-fsigned-zeros'"
 421      702D636F 
 421      6E747261 
 421      63743D6F 
 421      66662720 
 422 0033 20272D66 		.ascii	" '-ftrapping-math' '-fno-trapv' '-fno-openmp' '-fno"
 422      74726170 
 422      70696E67 
 422      2D6D6174 
 422      68272027 
 423 0066 2D6F7065 		.ascii	"-openacc' '-mcpu=cortex-m4' '-mno-thumb-interwork' "
 423      6E616363 
 423      2720272D 
 423      6D637075 
 423      3D636F72 
 424 0099 272D6D74 		.ascii	"'-mthumb' '-ggdb' '-O2' '-fomit-frame-pointer' '-fa"
 424      68756D62 
 424      2720272D 
 424      67676462 
 424      2720272D 
 425 00cc 6C69676E 		.ascii	"lign-functions=16' '-ffunction-sections' '-fdata-se"
 425      2D66756E 
 425      6374696F 
 425      6E733D31 
 425      36272027 
 426 00ff 6374696F 		.ascii	"ctions' '-fno-common' '-flto'\000"
 426      6E732720 
 426      272D666E 
 426      6F2D636F 
 426      6D6D6F6E 
 427              		.text
 428              		.comm	__gnu_lto_v1,1,1
 429              		.comm	__gnu_lto_slim,1,1
 430              		.ident	"GCC: (GNU Tools for ARM Embedded Processors) 5.4.1 20160609 (release) [ARM/embedded-5-bran
ARM GAS  /tmp/ccMwY61l.s 			page 31


DEFINED SYMBOLS
                            *ABS*:00000000 hal_st.c
                            *COM*:00000001 __gnu_lto_v1
                            *COM*:00000001 __gnu_lto_slim

NO UNDEFINED SYMBOLS
