ARM GAS  /tmp/ccucuZ2i.s 			page 1


   1              		.syntax unified
   2              		.cpu cortex-m4
   3              		.fpu softvfp
   4              		.eabi_attribute 20, 1
   5              		.eabi_attribute 21, 1
   6              		.eabi_attribute 23, 3
   7              		.eabi_attribute 24, 1
   8              		.eabi_attribute 25, 1
   9              		.eabi_attribute 26, 1
  10              		.eabi_attribute 30, 2
  11              		.eabi_attribute 34, 1
  12              		.eabi_attribute 18, 4
  13              		.thumb
  14              		.syntax unified
  15              		.file	"hal_pal_lld.c"
  16              		.text
  17              	.Ltext0:
  18              		.section	.gnu.lto_.profile.35d3199ce711c495,"",%progbits
  19 0000 789C6361 		.ascii	"x\234ca`d`c`\000\222\227\031/2\002\000\005\206\001\263"
  19      60646063 
  19      60009297 
  19      192F3202 
  19      00058601 
  20              		.text
  21              		.section	.gnu.lto_.icf.35d3199ce711c495,"",%progbits
  22 0000 789C6361 		.ascii	"x\234ca`d\000\001>\006\004`b\270wbR\003+c\317\317\243"
  22      60640001 
  22      3E060460 
  22      62B87762 
  22      52032B63 
  23 0017 7BF91800 		.ascii	"{\371\030\000-A\005\351"
  23      2D4105E9 
  24              		.text
  25              		.section	.gnu.lto_.jmpfuncs.35d3199ce711c495,"",%progbits
  26 0000 789C6361 		.ascii	"x\234ca`d\000\001\001\006\004`b`dd\254gd\006\222\354"
  26      60640001 
  26      01060460 
  26      62606464 
  26      AC676406 
  27 0016 F5F5F50C 		.ascii	"\365\365\365\014\000\015&\002%"
  27      000D2602 
  27      25
  28              		.text
  29              		.section	.gnu.lto_.inline.35d3199ce711c495,"",%progbits
  30 0000 789C45CE 		.ascii	"x\234E\316\275\011\002A\020\005\340\367f\027\356\300"
  30      BD090241 
  30      1005E0F7 
  30      6617EEC0 
  31 0010 642331DC 		.ascii	"d#1\334JdK\261\202\253\341\002\321&.\260\216\003A,\300"
  31      4A644BB1 
  31      82ABE102 
  31      D1262EB0 
  31      8E03412C 
  32 0025 1FB00043 		.ascii	"\037\260\000C\301&\274y\0238\301\367\336D3\031\204\317"
  32      C126BC79 
  32      1338C1F7 
  32      DE443319 
ARM GAS  /tmp/ccucuZ2i.s 			page 2


  32      84CF
  33 0037 8CFF1870 		.ascii	"\214\377\030p\344\201\354P\211Te\223;9Rq\212\270D\240"
  33      E481EC50 
  33      89546593 
  33      3B395271 
  33      8AB844A0 
  34 004b 5CF9F8AE 		.ascii	"\\\371\370\256\260}\277\222\201\237.\207N\257\332;E"
  34      B07DBF92 
  34      819F2E87 
  34      4EAFDA3B 
  34      45
  35 005c B53855B5 		.ascii	"\2658U\265:M\2659#-BZ,\346o\0217\234\215\264\345\034"
  35      3A4DB539 
  35      232D425A 
  35      2CE66F11 
  35      379C8DB4 
  36 0072 D2B0BF57 		.ascii	"\322\260\277Wl\246\347rl=\315\226\365\371\017+\343 "
  36      6CA6E772 
  36      6C3DCD96 
  36      F5F90F2B 
  36      E320
  37 0084 C7       		.ascii	"\307"
  38              		.text
  39              		.section	.gnu.lto_.pureconst.35d3199ce711c495,"",%progbits
  40 0000 789C6361 		.ascii	"x\234ca`d`e```b\220b\224\002\000\000\355\000B"
  40      60646065 
  40      60606062 
  40      90629402 
  40      0000ED00 
  41              		.text
  42              		.section	.gnu.lto__pal_lld_init.35d3199ce711c495,"",%progbits
  43 0000 789CA599 		.ascii	"x\234\245\231yTT\347\031\207\347\273w\3307wM4\211Y\210"
  43      795454E7 
  43      1987E7BB 
  43      77D83777 
  43      4D348959 
  44 0015 5113714B 		.ascii	"Q\023qK4&1\213&&=i\3236\375\277\247M\333\304sr\252\247"
  44      3426318B 
  44      26263D69 
  44      D336FDBF 
  44      A74DDBC4 
  45 002d E9E9BF0E 		.ascii	"\351\351\277\016\233\340\216kT\342\026TP\224E\304\015"
  45      9BE08E6B 
  45      54E21654 
  45      509445C4 
  45      0D
  46 003e 51447041 		.ascii	"QDpAQ\021\024\025\027@\001Q#\233\250\2100\375\336\337"
  46      51111415 
  46      17400151 
  46      239BA888 
  46      30FDDEDF 
  47 0052 7C1FDF0C 		.ascii	"|\037\337\014\353\334\271\234\343+8\227\347>s\357\313"
  47      EBDCB99C 
  47      E32B3897 
  47      E73E73EF 
  47      CB
  48 0063 038C560B 		.ascii	"\003\214V\013\263\320[\310T\213e\006\377{8\377\303t"
ARM GAS  /tmp/ccucuZ2i.s 			page 3


  48      B3D05BC8 
  48      548B6506 
  48      FF7B38FF 
  48      C374
  49 0075 0BD3E2CE 		.ascii	"\013\323\342\316Y,\341\276\032c\364\216\315\227Y\346"
  49      592CE1BE 
  49      1A63F48E 
  49      CD9759E6 
  50 0085 696C1E6B 		.ascii	"il\036k\326\3324\226\033S}P\033\235h\343o\345\321\017"
  50      D6DA3496 
  50      1B537D50 
  50      1B9D68E3 
  50      6FE5D10F 
  51 0099 C7DB9272 		.ascii	"\307\333\222rX\264n\261\3305\220,,\221\215\346G\025"
  51      58B46EB1 
  51      D835902C 
  51      2C918DE6 
  51      4715
  52 00ab 45A5FDA2 		.ascii	"E\245\375\242?\322\242u\306\254\374\303\206\302\365"
  52      3FD2A275 
  52      C6ACFCC3 
  52      86C2F5
  53 00ba B783E943 		.ascii	"\267\203\351C\215\215\344\037\326\266\247\326X\365)"
  53      8D8DE41F 
  53      D6B6A7D6 
  53      58F529
  54 00c9 CCC2DFDF 		.ascii	"\314\302\337\337q3\376O\243\266\331l\0216[\374?m~\321"
  54      7133FE4F 
  54      A3B6D96C 
  54      11365BFC 
  54      3F6D7ED1 
  55 00dd BACE7632 		.ascii	"\272\316v2\235\343\330\0166\202%\261\021\026\376O\026"
  55      9DE3D80E 
  55      368225B1 
  55      1116FE4F 
  55      16
  56 00ee 96CC46D1 		.ascii	"\226\314F\321\321\225\351\355\253\203\274\243\350\354"
  56      D195E9ED 
  56      AB83BCA3 
  56      E8EC
  57 00fc 231DE764 		.ascii	"#\035\347d\273\2307=\213\324?\347\330\354\366H\233-"
  57      BB98373D 
  57      8BD43FE7 
  57      D8ECF648 
  57      9B2D
  58 010e 6B425268 		.ascii	"kBRh\014\323\370\247Yu\032^4\274i\3702\302\370\323\273"
  58      0CD3F8A7 
  58      59751A5E 
  58      34BC69F8 
  58      32C2F8D3 
  59 0123 01340269 		.ascii	"\0014\002i\004\321\010\246\021B\243\037\215\3764\006"
  59      04D108A6 
  59      1142A31F 
  59      8DFE3406 
  60 0133 D0184863 		.ascii	"\320\030Hc\020\215\3014\206\320\030Jc\030\215\027h\274"
  60      108DC134 
  60      86D0184A 
ARM GAS  /tmp/ccucuZ2i.s 			page 4


  60      63188D17 
  60      68BC
  61 0145 4863380D 		.ascii	"Hc8\015R\265\276D\343e\032\257\320\030I\343U\032\257"
  61      52B5BE44 
  61      E3651AAF 
  61      D01849E3 
  61      551AAF
  62 0158 D1789DC6 		.ascii	"\321x\235\306\0334Bi\274Ic\024\215\267h\214\2461\206"
  62      1B344269 
  62      BC496314 
  62      8DB7688C 
  62      A63186
  63 016b C6581A6F 		.ascii	"\306X\032o\323x\207\3068\032a4\306\323\230@c\"\215I"
  63      D37887C6 
  63      381A6134 
  63      C6D39840 
  63      63228D49 
  64 017f 3426D378 		.ascii	"4&\323x\227\306{4\246\320\230J\343}\032\323h|@\343C"
  64      97C67B34 
  64      A6D0984A 
  64      E37D1AD3 
  64      687C40E3 
  65 0194 1A1FD198 		.ascii	"\032\037\321\230N\343c\032\237\320\370\224\306g4f\320"
  65      4EE3631A 
  65      9FD0F894 
  65      C6673466 
  65      D0
  66 01a5 9849E373 		.ascii	"\230I\343s\032_\320\230E\343K\032\026K=\277\344\264"
  66      1A5FD098 
  66      45E34B1A 
  66      164B3DBF 
  66      E4B4
  67 01b7 130D9A46 		.ascii	"\023\015\232F\177\353\325,\367P\372\203-^t\027\"u\332"
  67      7FEBD52C 
  67      F750FA83 
  67      2D5E7417 
  67      2275DA
  68 01ca 8F35D1B9 		.ascii	"\2175\321\271\347}\350V{\341\366Fm\310\257\366s|h\253"
  68      E77DE856 
  68      7BE1F646 
  68      6DC8AFF6 
  68      737C68AB 
  69 01de 8FB5D132 		.ascii	"\217\265\3212\334\277\325z\320k\023\333\300\367\306"
  69      DCBFD57A 
  69      D06B13DB 
  69      C0F7C6
  70 01ed 9BA5F09B 		.ascii	"\233\245\360\233\274\233\337d:\266q\315\205\362\300"
  70      BC9BDF64 
  70      3AB671CD 
  70      85F2C0
  71 01fc B0DDB6A8 		.ascii	"\260\335\266\250p[\277h\335\207\245\262M\254\035{\305"
  71      705BBF68 
  71      DD87A5B2 
  71      4DAC1D7B 
  71      C5
  72 020d D25898A5 		.ascii	"\322X\230\245\232E>\365v\234Hw\234+\356\322\231%V\202"
  72      9A453EF5 
ARM GAS  /tmp/ccucuZ2i.s 			page 5


  72      769C4877 
  72      9C2BEED2 
  72      99255682 
  73 0221 5B995D67 		.ascii	"[\231]g\351\034\303}\3260:\306\310y\366\250\363d\260"
  73      E91CC37D 
  73      D6303AC6 
  73      C879F6A8 
  73      F364B0
  74 0234 304E27CC 		.ascii	"0N'\314\241\242\007\314q2/#\254\275`\321B\262LWg\"y"
  74      A1A207CC 
  74      71322F23 
  74      ACBD60D1 
  74      42B24C57 
  75 024b EEB84F71 		.ascii	"\356\270Oq\367\223\243\267\245\222E\344\024\235\224"
  75      F793A3B7 
  75      A59245E4 
  75      149D94
  76 025a A0D25F8F 		.ascii	"\240\322_\217\254\014\036\223D_\0309E\177X\267\3317"
  76      AC0C1E93 
  76      445F1839 
  76      457F58B7 
  76      D937
  77 026c 5AF7B588 		.ascii	"Z\367\265\210/\311\003l\214\363\215\321qc\236\234,\210"
  77      2FC9036C 
  77      8CF38DD1 
  77      71639E9C 
  77      2C88
  78 027e 0DE4670E 		.ascii	"\015\344g\016\307g\304\320\332\372E\352\276\354\240"
  78      C767C4D0 
  78      DAFA45EA 
  78      BEECA0
  79 028d 10D8B8F6 		.ascii	"\020\330\270\366@S0\027\340g\367g\207pv\272D\374\221"
  79      40533017 
  79      E067F767 
  79      877076BA 
  79      44FC91
  80 02a0 CCC379D3 		.ascii	"\314\303y\323\346\265\331\342\370'\372\360\263\260,"
  80      E6B5D9E2 
  80      F827FAF0 
  80      B3B02C
  81 02af 16461216 		.ascii	"\026F\022\026v\230\315\343V\2320ZT\225\024\256\351\323"
  81      7698CDE3 
  81      569A305A 
  81      549514AE 
  81      E9D3
  82 02c1 71B2BAA2 		.ascii	"q\262\272\242c\221,4\201\276\312s\032\346\353\353l9"
  82      63912C34 
  82      81BECA73 
  82      1AE6EBEB 
  82      6C39
  83 02d3 5123A3F5 		.ascii	"Q#\243\365\000\226\355\372\225\016\333#,\224\177\306"
  83      0096EDFA 
  83      950EDB23 
  83      2C947FC6 
  84 02e3 A3B2CA73 		.ascii	"\243\262\312s\214l\003\230\315\306\367\206\035\345\217"
  84      8C6C0398 
  84      CDC6F786 
ARM GAS  /tmp/ccucuZ2i.s 			page 6


  84      1DE58F
  85 02f2 BB3EE5D5 		.ascii	"\273>\345\325\355\321\211\376]\240\276\235\363\001h"
  85      EDD189FE 
  85      5DA0BE9D 
  85      F30168
  86 0301 0E0BA5CB 		.ascii	"\016\013\245\313\300\257}\304\241\206\243\323\\KbKX"
  86      C0AF7DC4 
  86      A186A3D3 
  86      5C4B624B 
  86      58
  87 0312 A6E3087E 		.ascii	"\246\343\010~j\364\304\256\261.\261a\307\370S\264\260"
  87      6AF4C4AE 
  87      B12EB161 
  87      C7F853B4 
  87      B0
  88 0323 5CBA95FE 		.ascii	"\\\272\225\376\316\227\323\267\313\345\344\227,\220"
  88      CE97D3B7 
  88      CBE5E497 
  88      2C90
  89 0331 2EE5F14E 		.ascii	".\345\361N\227\222_\261\034{-\277\325A,\017\027TwPY"
  89      97925FB1 
  89      1C7B2DBF 
  89      D5412C0F 
  89      17547750 
  90 0346 3E362577 		.ascii	">6%w\315\226\301\304w\206\007\000\036\236yg\271\277"
  90      CD96C1C4 
  90      77860700 
  90      1E9E7967 
  90      B9BF
  91 0358 8207D3C5 		.ascii	"\202\007\323\305`'\004\275\355i\305\362\020\307\246"
  91      602704BD 
  91      ED69C5F2 
  91      10C7A6
  92 0367 D826D0AA 		.ascii	"\330&\320\252\234\004\333*\330\247h[\374\361\304\323"
  92      9C04DB2A 
  92      D8A7685B 
  92      FCF1C4D3 
  93 0377 F3B6F838 		.ascii	"\363\266\3708\236\300\0147\215\373\221\353i\360\274"
  93      9EC00C37 
  93      8DFB91EB 
  93      69F0BC
  94 0386 04AFA0B3 		.ascii	"\004\257\240\263\2531\2713\200y\013\330Y\222\233\341"
  94      AB31B933 
  94      80790BD8 
  94      59929BE1 
  95 0396 B82B1D72 		.ascii	"\270+\035r3\215\310\025\202\347#x\347\314\311\235\007"
  95      338DC815 
  95      82E72378 
  95      E7CCC99D 
  95      07
  96 03a7 CC57C02E 		.ascii	"\314W\300.\220\334L\307\225\313\227r\237\033\221+\002"
  96      90DC4CC7 
  96      95CB9772 
  96      9F1B912B 
  96      02
  97 03b8 CF4FF02E 		.ascii	"\317O\360.\232\223+\006\314_\300JH\356s\307\225\353"
  97      9A932B06 
ARM GAS  /tmp/ccucuZ2i.s 			page 7


  97      CC5FC04A 
  97      48EE73C7 
  97      95EB
  98 03ca 90FBC288 		.ascii	"\220\373\302\210\334%\360\002\004\357\2629\271R\300"
  98      DC25F002 
  98      04EFB239 
  98      B952C0
  99 03d9 0205EC0A 		.ascii	"\002\005\354\012\311}\341\270r'\244\334,#rW\301\013"
  99      C97DE1B8 
  99      7227A4DC 
  99      2C237257 
  99      C10B
 100 03eb 12BC6BE6 		.ascii	"\022\274k\346\344\312\000\013\026\260\353$7\313q\345"
 100      E4CA000B 
 100      16B0EB24 
 100      37CB71E5 
 101 03fb 3AE4BE34 		.ascii	":\344\2764\"w\003\274\020\301\273iN\356\026`\375\004"
 101      227703BC 
 101      10C1BB69 
 101      4EEE1660 
 101      FD04
 102 040d AC9CE4BE 		.ascii	"\254\234\344\276t\016\035\242$\263J\225\262\340\321"
 102      740E1DA2 
 102      24B34A95 
 102      B2E0D1
 103 041c CB3E6E84 		.ascii	"\313>n\204\277\002\341w)}i\037\245\257\204N\377\356"
 103      BF02E177 
 103      297D691F 
 103      A5AF844E 
 103      FFEE
 104 042e 4B7F5B96 		.ascii	"K\177[\226\376\216K\351\215\324\275\012u_\237\333z\334"
 104      FE8E4BE9 
 104      8DD4BD0A 
 104      755F9FDB 
 104      7ADC
 105 0440 4FD43D96 		.ascii	"O\324=\226\352^-\352^\352Q\335kx\273+z\254{*\257;\035"
 105      EA5E2DEA 
 105      5EEA51DD 
 105      6B78BB2B 
 105      7AAC7B2A 
 106 0457 51D55BDD 		.ascii	"Q\325[\335\357\242\356\265\264\013\001\374\301\252\323"
 106      EFA2EEB5 
 106      B40B01FC 
 106      C1AAD3
 107 0466 2BE7073A 		.ascii	"+\347\007:\352>\202\177X\277\374X\023\353\264\032\367"
 107      EA3E827F 
 107      58BFFC58 
 107      13EBB41A 
 107      F7
 108 0477 C4E52B58 		.ascii	"\304\345+X\266u]\240k\335\357\313\272\023\225=P\013"
 108      B6755DA0 
 108      6BDDEFCB 
 108      BA13953D 
 108      500B
 109 0489 528BA716 		.ascii	"R\213\247\026qiC]\220\363\202T;-Hu^\314F\253\363\202"
 109      7169435D 
 109      90F38254 
ARM GAS  /tmp/ccucuZ2i.s 			page 8


 109      3B2D4875 
 109      5ECC46AB 
 110 049f FC26730E 		.ascii	"\374&s\016\330CZ\220\000\225s\030\177\344\246\"\266"
 110      D8435A90 
 110      00957318 
 110      7FE4A622 
 110      B6
 111 04b0 B74EE61C 		.ascii	"\267N\346\034\274zsr\0152\347\2005\222\334G*\347\220"
 111      BC7A7372 
 111      0D32E780 
 111      3592DC47 
 111      2AE790
 112 04c3 9B6E44AE 		.ascii	"\233nD\256I\346\034\274G\346\344\232e\316\001{Lr\323"
 112      49E61CBC 
 112      47E6E49A 
 112      65CE017B 
 112      4C72D3
 113 04d6 55CE21F7 		.ascii	"U\316!\367\261\021\271'2\347\340=5'\327\"s\016\3303"
 113      B111B927 
 113      32E7E03D 
 113      3527D722 
 113      730ED833 
 114 04ea 92FB58E5 		.ascii	"\222\373X\345\034r\237\030\221k\2259\007\357\2719\271"
 114      1C729F18 
 114      916B9539 
 114      07EFB939 
 114      B9
 115 04fb 369973C0 		.ascii	"6\231s\300\332I\356\023\225s\310}jD\316.s\016\236M3"
 115      DA49EE13 
 115      9573C87D 
 115      6A44CE2E 
 115      730E9E4D 
 116 0510 2517AE89 		.ascii	"%\027\256\211\234\003\026\241q\271OU\316!\367\231\021"
 116      9C0316A1 
 116      71B94F55 
 116      CE21F799 
 116      11
 117 0521 B9484DE4 		.ascii	"\271HM\344\034\274(sr\321\232\3109`\363I\3563\347\262"
 117      1CBC2873 
 117      72D19AC8 
 117      3960F349 
 117      EE33E7B2 
 118 0535 A1421D39 		.ascii	"\241B\0359\257\2219\277\356N\316c\264.9\277\321G\316"
 118      AF9139BF 
 118      EE4ECE63 
 118      B42E39BF 
 118      D147CE
 119 0548 63A133A0 		.ascii	"c\2413\240\373\234/\320D\316\027j\236\346|\221F9_\225"
 119      FB9C2FD0 
 119      44CE176A 
 119      9EE67C91 
 119      46395F95 
 120 055c BBAE2448 		.ascii	"\273\256$H\344<\216r\276Xs\344\374\206G9_\242\205\322"
 120      E43C8E72 
 120      BE5873E4 
 120      FC864739 
 120      5FA285D2 
ARM GAS  /tmp/ccucuZ2i.s 			page 9


 121 0570 73ED21E7 		.ascii	"s\355!\347Y<\347t\004?u\3179_\252Q\316\227i|\027\002"
 121      593CE774 
 121      043F75CF 
 121      395FAA51 
 121      CE97697C 
 122 0586 29E717F7 		.ascii	")\347\027\367\235\014v\344|*}\207\266\225m\353\374\235"
 122      9D0C76E4 
 122      7C2A7D87 
 122      B6956DEB 
 122      FC9D
 123 0598 3E4E735C 		.ascii	">Ns\\\276\005\2476>\014p\315\371rM\344\234\250l\205"
 123      BE05A736 
 123      3E0C70CD 
 123      F9724DE4 
 123      9CA86C85 
 124 05ac 5A10CEA7 		.ascii	"Z\020\316\247[V\235\340\372\375\236?\373\216\005\331"
 124      5B569DE0 
 124      FAFD9E3F 
 124      FB8E05D9 
 125 05bc F9687186 		.ascii	"\371hq\206\237\363\202\254\324D\316\001[E\013\022\250"
 125      9FF382AC 
 125      D444CE01 
 125      5B450B12 
 125      A8
 126 05cd 720EE329 		.ascii	"r\016\343)n*b{Wk\"\347\340\2551'\367\263&r\016\330Z"
 126      6E2A627B 
 126      576B22E7 
 126      E0AD3127 
 126      F7B32672 
 127 05e4 929BA272 		.ascii	"\222\233\242r\0169w\257\037\344\326i\"\347\340\2557"
 127      0E3977AF 
 127      1FE4D669 
 127      22E7E0AD 
 127      37
 128 05f5 2717AF89 		.ascii	"'\027\257\211\234\003\366\013\311MU9\207\334\373F\344"
 128      9C03F60B 
 128      C94D5539 
 128      87DCFB46 
 128      E4
 129 0606 366822E7 		.ascii	"6h\"\347\340m4'\267I\0239\007l3\311\275\257r\016\271"
 129      E06D3427 
 129      B7491339 
 129      076C33C9 
 129      BDAF720E 
 130 061b 6946E4B6 		.ascii	"iF\344\266h\"\347\340\375jN.A\0239\007l+\311MS9\207"
 130      6822E7E0 
 130      FD6A4E2E 
 130      41133907 
 130      6C2BC94D 
 131 0632 DC0746E4 		.ascii	"\334\007F\344\266i\"\347\340m7'\227(s\016X\022\311}"
 131      B66922E7 
 131      E06D3727 
 131      9728730E 
 131      5812C97D 
 132 0646 A0720EB9 		.ascii	"\240r\016\271\017\215\310\355\2209\007o\2479\271d\231"
 132      0F8DC8ED 
 132      9039076F 
ARM GAS  /tmp/ccucuZ2i.s 			page 10


 132      A739B964 
 132      99
 133 0657 73C07691 		.ascii	"s\300v\221\334\207\316eC\205:r\276D\0239ot'\347\273"
 133      DC87CE65 
 133      43853A72 
 133      BE441339 
 133      6F7427E7 
 134 066c BBE6BCA9 		.ascii	"\273\346\274\251\217\234\247@g`\3679O\2259O\3638\347"
 134      8F9CA740 
 134      6760F739 
 134      4F95394F 
 134      F338E7
 135 067f E9C8796C 		.ascii	"\351\310yl\362\252\004]\344|-\345|\217\310y\223G9\317"
 135      F2AA045D 
 135      E47C2DE5 
 135      7C8FC879 
 135      934739CF 
 136 0693 E0B1DEDD 		.ascii	"\340\261\336\335c\316kx\316\351\210\364\336r\276\027"
 136      63CE6B78 
 136      CEE988F4 
 136      DE72BE17 
 137 06a3 39CFA45D 		.ascii	"9\317\244]\010\342\017>\313H\251\025?\235\227\320\301"
 137      08E20F3E 
 137      CB48A915 
 137      3F9D97D0 
 137      C1
 138 06b4 C5CD19B5 		.ascii	"\305\315\031\265^\235vc\237\330\215{u{N\370\273\366"
 138      5E9D7663 
 138      9FD88D7B 
 138      757B4EF8 
 138      BBF6
 139 06c6 7CBFEC39 		.ascii	"|\277\3549a\331\001\265!\231\330\220\370E\355U\336\316"
 139      61D901B5 
 139      2199D890 
 139      F845ED55 
 139      DECE
 140 06d8 1BB2C769 		.ascii	"\033\262\307iC.5\035Y\346\355\274!\007e\317\001;D\033"
 140      432E351D 
 140      59E6EDBC 
 140      210765CF 
 140      013B441B 
 141 06ec 12A47A0E 		.ascii	"\022\244z\016\345\011n*b}\263d\317\301;lN.[\366\034"
 141      E5096E2A 
 141      627DB364 
 141      CFC13B6C 
 141      4E2E5BF6 
 142 0701 B0232437 		.ascii	"\260#$7A\365\034r\023\215\310\035\225=\007/\307\234"
 142      41F51C72 
 142      138DC81D 
 142      953D072F 
 142      C79C
 143 0713 DC31D973 		.ascii	"\3341\331s\300rIn\242\3529\344&\031\221;.{\016^\236"
 143      C072496E 
 143      A2EA39E4 
 143      2619913B 
 143      2E7B0E5E 
 144 0728 39B97CD9 		.ascii	"9\271|\331s\300N\220\334$\325s\310M6\"wR\366\034\274"
ARM GAS  /tmp/ccucuZ2i.s 			page 11


 144      73C04E90 
 144      DC24D573 
 144      C84D3622 
 144      7752F61C 
 145 073d 53E6E44E 		.ascii	"S\346\344N\313\236\003V@r\223U\317!\367\256\021\271"
 145      CB9E0356 
 145      40729355 
 145      CF21F7AE 
 145      11B9
 146 074f 33B2E7E0 		.ascii	"3\262\347\340\2355'W({\016\3309\222{W\365\034r\357\031"
 146      9D352757 
 146      287B0ED8 
 146      39927B57 
 146      F51C72EF 
 147 0764 913B2F7B 		.ascii	"\221;/{\016\336\005srE\262\347\200]$\271\367\234\323"
 147      0EDE0573 
 147      7245B2E7 
 147      805D24B9 
 147      F79CD3
 148 0777 860C75F4 		.ascii	"\206\014u\364<C\366\374\251;=/\356\332\363\226>z^\002"
 148      3C43F6FC 
 148      A93B3D2F 
 148      EEDAF396 
 148      3E7A5E02 
 149 078b 9D41DDF7 		.ascii	"\235A\335\367\374\222\354\371e\217{^\212\236\227\245"
 149      FC92ECF9 
 149      658F7B5E 
 149      8A9E97A5 
 150 079b 16DEF715 		.ascii	"\026\336\367\025=\337L=\277\"z\336\342Q\317\257\362"
 150      3DDF4C3D 
 150      BF227ADE 
 150      E251CFAF 
 150      F2
 151 07ac 5A17F7D8 		.ascii	"Z\027\367\330\363&\336s:\242\264\267\236_C\317\313h"
 151      F326DE73 
 151      3AA2B4B7 
 151      9E5F43CF 
 151      CB68
 152 07be 1782F983 		.ascii	"\027\202\371\203\025\341\347\357\0068z^\217+\221\276"
 152      15E1E7EF 
 152      06387A5E 
 152      8F2B91BE 
 153 07ce B5D8     		.ascii	"\265\330"
 154 07d0 B7D36E5C 		.ascii	"\267\323n\\\227\273Q\233r\307\333\265\3477d\317\011"
 154      97BB519B 
 154      72C7DBB5 
 154      E73764CF 
 154      09
 155 07e1 CB6EAA0D 		.ascii	"\313n\252\015)\303\206T\236Z\350\362\373\333\025\247"
 155      29C38654 
 155      9E5AE8F2 
 155      FBDB15A7 
 156 07f1 0539B6F4 		.ascii	"\0059\266\364\356\366 \227\227\343d\316\301*\247\005"
 156      EEF62097 
 156      97E364CE 
 156      C12AA705 
 157 0801 09563987 		.ascii	"\011V9\207\361X7\015\261\275\0252\347\340U\232r\273"
ARM GAS  /tmp/ccucuZ2i.s 			page 12


 157      F158370D 
 157      B1BD1532 
 157      E7E0559A 
 157      72BB
 158 0813 2D6B0ED6 		.ascii	"-k\016\326\035r\033\253j\016\267\267\215\270U\311\232"
 158      1D721BAB 
 158      6A0EB7B7 
 158      8DB855C9 
 158      9A
 159 0824 83576DCA 		.ascii	"\203Wm\312\255F\306\034\254\273\344\366\266\2129\334"
 159      AD46C61C 
 159      ACBBE4F6 
 159      B68A39DC 
 160 0834 DE31E256 		.ascii	"\3361\342V+c\016\336=Sn\367e\313\301z@n\357\250\226"
 160      2B630EDE 
 160      3D536EF7 
 160      65CBC17A 
 160      406EEFA8 
 161 0849 C36D9C11 		.ascii	"\303m\234\021\267\337d\313\301{h\312\255N\246\034\254"
 161      B7DF64CB 
 161      C17B68CA 
 161      AD4EA61C 
 161      AC
 162 085a 7A721BA7 		.ascii	"zr\033\247R\016\2670#n\0152\345\3405\232rk\222%\007"
 162      520EB730 
 162      236E0D32 
 162      E5E0359A 
 162      726B9225 
 163 086f EB11B985 		.ascii	"\353\021\271\205\251\222\303m\274\021\267fYr\360\036"
 163      A992C36D 
 163      BC11B766 
 163      5972F01E 
 164 087f 9B727B22 		.ascii	"\233r{\"C\016\326Sr\033\357\3344\364\247#\344We\310"
 164      430ED653 
 164      721BEFDC 
 164      34F4A723 
 164      E45765C8 
 165 0893 DBDD0979 		.ascii	"\333\335\011yK\327\220\333\373\010\3713\350\014\356"
 165      4BD790DB 
 165      FB08F933 
 165      E80CEE
 166 08a2 3EE4AD32 		.ascii	">\344\2552\344\317=\016y\033B~!\261&\326K\204<\211B"
 166      E4CF3D0E 
 166      791B427E 
 166      21B126D6 
 166      4B843C89 
 167 08b7 DE2E426E 		.ascii	"\336.Bn\367(\344v\236\351\226\036Cn\347!\247#\332z\013"
 167      F728E476 
 167      9EE9961E 
 167      436EE721 
 167      A723DA7A 
 168 08cc B94DA790 		.ascii	"\271M\247\220\207\323\177n\207\360\007S\236l?\315\034"
 168      87D37F6E 
 168      87F00753 
 168      9E6C3FCD 
 168      1C
 169 08dd 215FCCE8 		.ascii	"!_\314\350)f\237\260\205tZ\215\010\335q\375j\023V\354"
ARM GAS  /tmp/ccucuZ2i.s 			page 13


 169      29669FB0 
 169      85745A8D 
 169      08DD71FD 
 169      6A1356EC 
 170 08f1 EEF4424B 		.ascii	"\356\364BK\244.BNX\026\245w,\010?\001\275\330\266<\361"
 170      A42E424E 
 170      5816A577 
 170      2C083F01 
 170      BDD8B63C 
 171 0906 869FF386 		.ascii	"\206\237\363\206\264;mHcCi\241\257\313+q\272(9`\363"
 171      B43B6D48 
 171      634369A1 
 171      AFCB2B71 
 171      BA283960 
 172 091b 75BE2121 		.ascii	"u\276!!\252\344P\016uS\021\333\033\243\213\222\203\027"
 172      AAE4500E 
 172      755311DB 
 172      1BA38B92 
 172      8317
 173 092d 6B4E6E81 		.ascii	"kNn\201.R\016\330B\222\013U)\207\334\233F\344\026\351"
 173      2E520ED8 
 173      42920B55 
 173      2987DC9B 
 173      46E416E9 
 174 0941 22E5E02D 		.ascii	"\"\345\340-6'\267D\027-\007l)\311\275\251Z\016\271Q"
 174      3627B744 
 174      172D076C 
 174      29C9BDA9 
 174      5A0EB951 
 175 0955 46E496E9 		.ascii	"F\344\226\351\242\345\340\305\231\223[\256\213\230\003"
 175      A2E5E0C5 
 175      99935BAE 
 175      8B9803
 176 0964 B682E446 		.ascii	"\266\202\344F\251\230C\356-#r+u\021s\360V\231\223[\255"
 176      A99843EE 
 176      2D23722B 
 176      751173F0 
 176      5699935B 
 177 0979 8B9A03B6 		.ascii	"\213\232\003\266\206\344\336R5\207\334h#r?\353\242\346"
 177      86E4DE52 
 177      3587DC68 
 177      23723FEB 
 177      A2E6
 178 098b E0AD3527 		.ascii	"\340\2555'\267N\0279\007l=\311\215V9\207\334\030#r\361"
 178      B74E1739 
 178      076C3DC9 
 178      8D563987 
 178      DC182372 
 179 09a0 BAC83978 		.ascii	"\272\3109x\277\230\223\333\240\213\236\003\266\221\344"
 179      BF9893DB 
 179      A08B9E03 
 179      B691E4
 180 09af C638A70D 		.ascii	"\3068\247\015\031\352\350\271]\366|\225\277\033=\337"
 180      19EAE8B9 
 180      5DF67C95 
 180      BF1B3DDF 
 181 09bf A477E9F9 		.ascii	"\244w\351\371\352\205\275\367|3t\206t\337\363-\272\350"
ARM GAS  /tmp/ccucuZ2i.s 			page 14


 181      EA85BDF7 
 181      7C337486 
 181      74DFF32D 
 181      BAE8
 182 09d1 F9AFBAA7 		.ascii	"\371\257\272\247=O@{V6'V\310\236\247Q\317\267\352\216"
 182      3D4F407B 
 182      56362756 
 182      C89EA751 
 182      CFB7EA8E 
 183 09e5 9EAF2EF0 		.ascii	"\236\257.\360\244\347\333\364Pz\256=\364<y\225\216#"
 183      A4E7DBF4 
 183      507AAE3D 
 183      F43C7995 
 183      8E23
 184 09f7 F8A97BEE 		.ascii	"\370\251{\356\371v\364<\221v\241\037\177\260\312n\327"
 184      F976F43C 
 184      9176A11F 
 184      7FB0CA6E 
 184      D7
 185 0a08 1D394FA2 		.ascii	"\0359O\242\234\2674_H\363\357\264\032Ib5\236\257\277"
 185      9CB7345F 
 185      48F3EFB4 
 185      1A496235 
 185      9EAFBF
 186 0a1b 75D9C735 		.ascii	"u\331\3075\347;d\316\211\312v\252\005I\304\202d\257"
 186      E73B64CE 
 186      89CA76AA 
 186      0549C482 
 186      64AF
 187 0a2d C8D8E7F2 		.ascii	"\310\330\347\362J\034\177\366\035\013\222\320\270+\313"
 187      4A1C7FF6 
 187      1D0B92D0 
 187      B82BCB
 188 0a3c E537B764 		.ascii	"\3457\267d\231s\300v\321\202\364S9\207\361+n*b{w\313"
 188      9973C076 
 188      D182F453 
 188      3987F12B 
 188      6E2A627B 
 189 0a52 9C839762 		.ascii	"\234\203\227bN.U\346\034\2604\222{E\345\034r#\215\310"
 189      4E2E55E6 
 189      1CB03492 
 189      7B45E51C 
 189      72238DC8 
 190 0a66 A5CB9C83 		.ascii	"\245\313\234\203\267\307\234\\\206\3149`{In\244\312"
 190      B7C79C5C 
 190      86CC3960 
 190      7B496EA4 
 190      CA
 191 0a77 39E45E35 		.ascii	"9\344^5\"\227)s\016\336>sr\373e\316\001;@r\257\252\234"
 191      22972973 
 191      0EDE3E73 
 191      72FB65CE 
 191      013B4072 
 192 0a8e 43EE3523 		.ascii	"C\3565#r\007e\316\301;dN.K\346\034\260\303$\367\232"
 192      720765CE 
 192      C13B644E 
 192      2E4BE61C 
ARM GAS  /tmp/ccucuZ2i.s 			page 15


 192      B0C324F7 
 193 0aa3 CA39E45E 		.ascii	"\3129\344^7\"\227-s\016\336\021srGe\316\001\313!\271"
 193      3722972D 
 193      730EDE11 
 193      73724765 
 193      CE01CB21 
 194 0ab8 D755CE21 		.ascii	"\327U\316!\367\206\021\271c2\347\340\345\232\223;.s"
 194      F78611B9 
 194      6332E7E0 
 194      E59A933B 
 194      2E73
 195 0aca 0E581EC9 		.ascii	"\016X\036\311\275\341\\6T\250#\347\333t\221\363\365"
 195      BDE15C36 
 195      54A823E7 
 195      DB7491F3 
 195      F5
 196 0adb EEE43CBF 		.ascii	"\356\344<\277k\316\343\373\310\371\011\350\014\355>"
 196      6BCEE3FB 
 196      C8F909E8 
 196      0CED3E
 197 0aea E72765CE 		.ascii	"\347'e\316Oy\234\363\323\310y\376\336\344\022\231\363"
 197      4F799CF3 
 197      D3C879FE 
 197      DEE41299 
 197      F3
 198 0afb 0394F302 		.ascii	"\003\224\363\002\221\363x\217r~\206\307:\277\307\234"
 198      91F3788F 
 198      727E86C7 
 198      3ABFC79C 
 199 0b0b EFE739A7 		.ascii	"\357\3479\247#N\367\226\363\263\310y!\355B\177z9,9<"
 199      234EF796 
 199      F3B3C879 
 199      21ED427F 
 199      7A392C39 
 200 0b20 C3D7D1F3 		.ascii	"\303\327\321\363<\352\371\343\226\266\261\235V\343\234"
 200      3CEAF9E3 
 200      96B6B19D 
 200      56E39C
 201 0b2f 588D4D99 		.ascii	"X\215M\231\013\371/\312.9?/sNTvA-H!\026\344Akv\255\313"
 201      0BF92FCA 
 201      2E393F2F 
 201      734E5476 
 201      412D4821 
 202 0b4a 0B71054E 		.ascii	"\013q\005N\013\022\231RR\343\362\377\344E2\347\200]"
 202      0B129952 
 202      52E3F2FF 
 202      E44532E7 
 202      805D
 203 0b5c A405E9AF 		.ascii	"\244\005\351\257r\016\343\027\3343\304\362\026\313\232"
 203      720EE317 
 203      DC33C4F2 
 203      16CB9A
 204 0b6b 035762CE 		.ascii	"\003Wb\316\355\222\2549`\227\311\355\005Us\270\275h"
 204      ED92AC39 
 204      6097C9ED 
 204      055573B8 
 204      BD68
ARM GAS  /tmp/ccucuZ2i.s 			page 16


 205 0b7d C0AD54C6 		.ascii	"\300\255T\306\034\270+\346\334\256\312\230\003v\215"
 205      1CB82BE6 
 205      DCAECA98 
 205      03768D
 206 0b8c DC5E5431 		.ascii	"\334^T1\207\333p\003ne\262\345\300]7\347vC\266\034\260"
 206      87DB7003 
 206      6E65B2E5 
 206      C05D37E7 
 206      7643B61C 
 207 0ba1 9BE4365C 		.ascii	"\233\3446\\\265\034n#\014\270\335\222)\007\256\334\234"
 207      B51C6E23 
 207      0CB8DD92 
 207      2907AEDC 
 207      9C
 208 0bb2 5B854C39 		.ascii	"[\205L9`\225\3446B\245\034n/\031p\273-K\016\334\035"
 208      6095E436 
 208      42A51C6E 
 208      2F1970BB 
 208      2D4B0EDC 
 209 0bc7 736E55B2 		.ascii	"snU\262\344\200U\223\333K\252\344p{\331\200[\215\014"
 209      E4805593 
 209      DB4BAAE4 
 209      707BD980 
 209      5B8D0C
 210 0bda 397077CD 		.ascii	"9pw\315\271\325\312\220\003v\217\334^vn\032\372\323"
 210      B9D5CA90 
 210      03768FDC 
 210      5E766E1A 
 210      FAD3
 211 0bec 11F23332 		.ascii	"\021\36232\344i\356\204\374~\327\220\247\367\021\362"
 211      E469EE84 
 211      FC7ED790 
 211      A7F711F2 
 212 0bfc 07D019D6 		.ascii	"\007\320\031\326}\310\177\223!\177\350q\310\353\020"
 212      7DC87F93 
 212      217FE871 
 212      C8EB10
 213 0c0b F26755F9 		.ascii	"\362gU\371\213\344\013\3469\024\362z\021\362t\217B\336"
 213      8BE40BE6 
 213      3914F27A 
 213      11F2748F 
 213      42DE
 214 0c1d C0337DBF 		.ascii	"\3003}\277\307\220\337\346!\247#\352z\013y#B\336D\253"
 214      C790DFE6 
 214      21A723EA 
 214      7A0B7923 
 214      42DE44AB 
 215 0c31 30803F78 		.ascii	"0\200?x\271${\213x\235\245\234B^\234u\226~>v\331\215"
 215      B9247B8B 
 215      789DA59C 
 215      425E9C75 
 215      967E3E76 
 216 0c47 4762377E 		.ascii	"Gb7~N\275\026\336\351\007\363fYr\302\262\307jC\232\260"
 216      4EBD16DE 
 216      E907F366 
 216      5972C2B2 
 216      C76A439A 
ARM GAS  /tmp/ccucuZ2i.s 			page 17


 217 0c5c 21AB9FDF 		.ascii	"!\253\237\337\241\227\021\325\206\324;mHkly\224\313"
 217      A19711D5 
 217      86D43B6D 
 217      486B6C79 
 217      94CB
 218 0c6e 6F6E4F64 		.ascii	"onOd\311\001{J\0332@\225\034\312\003\335T\304\372\266"
 218      C9017B4A 
 218      1B324095 
 218      1CCA03DD 
 218      54C4FAB6 
 219 0c82 C89483F7 		.ascii	"\310\224\203\367\314\234\\\253L9`\317In\240J9\344\006"
 219      CC9C5CAB 
 219      4C3960CF 
 219      496EA04A 
 219      39E406
 220 0c95 19916B93 		.ascii	"\031\221k\223-\007\257\335\234\234]\266\0340\233\225"
 220      2D07AFDD 
 220      9C9C5DB6 
 220      1C309B95 
 221 0ca5 CB0D522D 		.ascii	"\313\015R-\207\334`#r\341V\021s\360\"\254\246\344\""
 221      87DC6023 
 221      72E15611 
 221      73F022AC 
 221      A6E422
 222 0cb8 AD22E680 		.ascii	"\255\"\346\200E\221\334`\025s\310\0151\"\027m\0255\007"
 222      4591DC60 
 222      1573C80D 
 222      3122176D 
 222      153507
 223 0ccb 6FBE39B9 		.ascii	"o\2769\271\030\253\2509`\261$7D\325\034rC\215\310-\260"
 223      18ABA839 
 223      60B12437 
 223      44D51C72 
 223      438DC82D 
 224 0ce0 8A9C83B7 		.ascii	"\212\234\203\267\320\234\334\"\253\3109`\213In\250\312"
 224      D09CDC22 
 224      ABC83960 
 224      8B496EA8 
 224      CA
 225 0cf1 39E48619 		.ascii	"9\344\206\031\221[b\025=\007o\2519\271eV\321s\300\342"
 225      915B6215 
 225      3D076FA9 
 225      39B96556 
 225      D173C0E2 
 226 0d05 486E9873 		.ascii	"Hn\230s\332\220\241\216\2367\320\007\367\370\243E\277"
 226      DA90A18E 
 226      9E37D007 
 226      F7F8A345 
 226      BF
 227 0d16 4359E9AD 		.ascii	"CY\351\255\236\367)\356\234E\263X&\317\370a\366\337"
 227      9EF729EE 
 227      9C45B358 
 227      26CFF861 
 227      F6DF
 228 0d28 677FF36D 		.ascii	"g\177\363m\330\234\237\302~\370\333\217as\347\374\347"
 228      D89C9FC2 
 228      7EF8DB8F 
ARM GAS  /tmp/ccucuZ2i.s 			page 18


 228      6173E7FC 
 228      E7
 229 0d39 BF3F857D 		.ascii	"\277?\205}\373\227\337O\232\030\366\365\3273\303f\375"
 229      FB97DF4F 
 229      9A18F6F5 
 229      D733C366 
 229      FD
 230 0d4a F1AB6FFE 		.ascii	"\361\253o\3767\221\036\372\353\\\376\347\307\037\377"
 230      37911EFA 
 230      EB5CFEE7 
 230      C71FFF
 231 0d59 31EE3B8B 		.ascii	"1\356;\213\367ws\376\375\257\331\337{}?w\366\234\271"
 231      F77773FE 
 231      FDAFD9DF 
 231      7B7D3F77 
 231      F69CB9
 232 0d6c FF074EEC 		.ascii	"\377\007N\354\177\233"
 232      7F9B
 233              		.text
 234              		.section	.gnu.lto__pal_lld_setgroupmode.35d3199ce711c495,"",%progbits
 235 0000 789C9D57 		.ascii	"x\234\235WkPU\327\025>\353\354s\037\334\027\032\215"
 235      6B5055D7 
 235      153EEBEC 
 235      731FDC17 
 235      1A8D
 236 0012 1A25863C 		.ascii	"\032%\206<\010\321\020\257\242Q\252\014\332\2505: \230"
 236      08D110AF 
 236      A251AA0C 
 236      DAA8353A 
 236      2098
 237 0024 3433ED4C 		.ascii	"43\355L;\215\006f\264\205\201\001\232\231L~\364\352"
 237      3B8D0666 
 237      B4858101 
 237      9A994C7E 
 237      F4EA
 238 0036 85AB8968 		.ascii	"\205\253\211hi\0355:\246&\315\003M@!h\025C\032\202("
 238      691D353A 
 238      A626CD03 
 238      4D402168 
 238      15431A82 
 239 004b 517CC468 		.ascii	"Q|\304h\214\257\032\021%\212D\341\202\217Lyt\255\265"
 239      8CAF1A11 
 239      258A44E1 
 239      828F4C79 
 239      74ADB5
 240 005e CF7D7AEB 		.ascii	"\317}z\35300s\026\347\254\375}\353\254o\355\265\367"
 240      30307316 
 240      E7ACFD7D 
 240      EBAC6FED 
 240      B5F7
 241 0070 D9575340 		.ascii	"\331WS@\241\277\336\241\212\362&\376\337\215\027D+\240"
 241      A1BFDEA1 
 241      8AF226FE 
 241      DF8D1744 
 241      2BA0
 242 0082 961E5394 		.ascii	"\226\036S\224\345f\025\204\274\021\252\266*^qYldm\232"
 242      E5661584 
ARM GAS  /tmp/ccucuZ2i.s 			page 19


 242      BC11AAB6 
 242      2A5E7159 
 242      6C646D9A 
 243 0096 6AE87818 		.ascii	"j\350x\030\237\242\336K\302'\203j\3441\023\217\031\301"
 243      9FA2DE4B 
 243      C227836A 
 243      E431138F 
 243      19C1
 244 00a8 2C2926DF 		.ascii	",)&\337\215\031l\362&J\2650\320\312@\213\317m\365\335"
 244      8D196CF2 
 244      264AB530 
 244      D0CA408B 
 244      CF6DF5DD 
 245 00bc D8544791 		.ascii	"\330TG\221\011\307\355%\215\012\002\354\362\345_\231"
 245      09C7ED25 
 245      8D0A02EC 
 245      F2E55F99 
 246 00cc 1D0074E3 		.ascii	"\035\000t\3432\203\362\027Uh\006\243\311\034e\261\332"
 246      3283F217 
 246      556806A3 
 246      C91C65B1 
 246      DA
 247 00dd EC0EC047 		.ascii	"\354\016\300GE\376\335V{U\250_\331Z\243\216+s\341\337"
 247      45FEDD56 
 247      7B55A85F 
 247      D95AA38E 
 247      2B73E1DF 
 248 00f1 A5AB3B27 		.ascii	"\245\253;'\271\266\325A1\002\372U\211\2012\030\207\250"
 248      B9B6D541 
 248      3102FA55 
 248      89813218 
 248      87A8
 249 0103 1345955B 		.ascii	"\023E\225[D\267Z,\0004|\354<\272\271\305A\217*\304\342"
 249      44B75A2C 
 249      00347CEC 
 249      3CBAB9C5 
 249      418F2AC4 
 250 0118 E3FE63FD 		.ascii	"\343\376c\375{-b\032(x\277\342\237\233\032\354\361\037"
 250      7B2D621A 
 250      2878BFE2 
 250      9F9B1AEC 
 250      F11F
 251 012a B95C2B5C 		.ascii	"\271\\+\\\256\255Y\256\250b!\340\023\020\030\017\266"
 251      AEAD59AE 
 251      A86221E0 
 251      1310180F 
 251      B6
 252 013b 430C6C83 		.ascii	"C\014l\203\030\005]\012|\012\361\210\356\377\270\362"
 252      18055D0A 
 252      7C0AF188 
 252      EEFFB8F2 
 253 014b 2DB34866 		.ascii	"-\263Hf\346\317\353\277~\027$\263\356oM\011\233\\uZ"
 253      E6CFEBBF 
 253      7E1724B3 
 253      EE6F4D09 
 253      9B5C755A 
 254 015f B1D0A03C 		.ascii	"\261\320\240<\234\254)P\301\344\256\352\217\326Y\305"
ARM GAS  /tmp/ccucuZ2i.s 			page 20


 254      9CAC2950 
 254      C1E4AEEA 
 254      8FD659C5 
 255 016f 2F99DCB4 		.ascii	"/\231\334\264\366\213\337\350\334uMOK\256\001v\204s"
 255      F68BDFE8 
 255      DC754D4F 
 255      4BAE0176 
 255      8473
 256 0181 0D0AEC84 		.ascii	"\015\012\354\204x\"\224,\337~I\210_1\371\352\311\226"
 256      7822942C 
 256      DF7E4988 
 256      5F31F9EA 
 256      C996
 257 0193 6B10F701 		.ascii	"k\020\367\001\263\253V;\220]\024[,\214P\031J\347IWa"
 257      B3AB563B 
 257      905D145B 
 257      2C8C5019 
 257      4AE74957 
 258 01a8 7BFFF1BF 		.ascii	"{\377\361\277\233\305\002f\376\367\233\036\217Yg\376"
 258      9BC50266 
 258      FEF79B1E 
 258      8F5967FE 
 259 01b8 A3C9E62A 		.ascii	"\243\311\346*]n&\342g\021\211\267\326\0358\252\212t"
 259      5D6E26E2 
 259      671189B7 
 259      D61D38AA 
 259      8A74
 260 01ca 26AEDD7A 		.ascii	"&\256\335z\264\331\241\023\267\004\210\273\"\022[\317"
 260      B4D9A113 
 260      B70488BB 
 260      22125BCF 
 261 01da B83719C5 		.ascii	"\2707\031\305+Ll[\273\353\244E'n\016\020\377\025\221"
 261      2B4C6C5B 
 261      BBEBA445 
 261      276E0E10 
 261      FF1591
 262 01ed 58DA7BD6 		.ascii	"X\332{\326e\024\277g\342\211\256\352O4\235\370N\200"
 262      6514BF67 
 262      E289AEEA 
 262      4F349DF8 
 262      4E80
 263 01ff B8372271 		.ascii	"\2707\"q\315\255{\357k\"\223\211\215\027N\\\363\245"
 263      CDAD7BEF 
 263      6B229389 
 263      8D174E5C 
 263      F3A5
 264 0211 BA2140DC 		.ascii	"\272!@\334\027\221x\271\252o\275\335XD\355\024\013\237"
 264      179178B9 
 264      AA6FBDDD 
 264      5844ED14 
 264      0B9F
 265 0223 431CD4E0 		.ascii	"C\034\324\340\265\007\257\335xU\343U\005q\262\271\240"
 265      B507AFDD 
 265      7855E355 
 265      0571B2B9 
 265      A0
 266 0234 168CB890 		.ascii	"\026\214\270\220,\377\017\205\301z\257W}j\021\177\344"
ARM GAS  /tmp/ccucuZ2i.s 			page 21


 266      2CFF0F85 
 266      C17AAF57 
 266      7D6A117F 
 266      E4
 267 0245 2C3EAEED 		.ascii	",>\256\355]\343\313b\317\352\341\3769\372\342\3764\340"
 267      5DE3CB62 
 267      CFEAE1FE 
 267      39FAE2FE 
 267      34E0
 268 0257 DFCC5E7F 		.ascii	"\337\314^\177\275\265J\023\005\314\366\366\035\374A"
 268      BDB54A13 
 268      05CCF6F6 
 268      1DFC41
 269 0266 9F61D7ED 		.ascii	"\237a\327\355L\327[\263\210\372e\004j\035S\327\334\370"
 269      4CD75BB3 
 269      88FA6504 
 269      6A1D53D7 
 269      DCF8
 270 0278 EB6A10AF 		.ascii	"\353j\020\2573\365G\317\015\267M\247\366\372\250_E\240"
 270      33F547CF 
 270      0DB74DA7 
 270      F6FAA85F 
 270      45A0
 271 028a D633B5A4 		.ascii	"\3263\265\244\371\275\262(\361\006S\337\336{\345i\235"
 271      F9BDB228 
 271      F10653DF 
 271      DE7BE569 
 271      9D
 272 029b B93E4B67 		.ascii	"\271>Kg\356\217\300l\200\270\235/\325\271\372\373\335"
 272      EE8FC06C 
 272      80B89D2F 
 272      D5B9FAFB 
 272      DD
 273 02ac D8BDD6F3 		.ascii	"\330\275\326\363\357\264E\275\004\334\344\010\304\352"
 273      EFB445BD 
 273      04DCE408 
 273      C4EA
 274 02ba E06AC1FA 		.ascii	"\340j\301\372`\333c\205\260\201\261FF\205*d\001jf+c"
 274      60DB6385 
 274      B081B146 
 274      46852A64 
 274      016A662B 
 275 02cf 6CD8DC26 		.ascii	"l\330\334&;\003\035t\033\315\350!t;\224)\017\321\355"
 275      3B031D74 
 275      1BCDE821 
 275      743B9429 
 275      0FD1ED
 276 02e2 3085AA3B 		.ascii	"0\205\252;\034(\366\010r\214$3\212\314#\\\266\321xk"
 276      1C28F608 
 276      728C2433 
 276      8ACC235C 
 276      B6D1786B 
 277 02f6 1EC365A0 		.ascii	"\036\303e\240\345bz\224\236\307\262\266\307\3506\226"
 277      E5627A94 
 277      9EC7B2B6 
 277      C7E83696 
 278 0306 937D1C68 		.ascii	"\223}\034h\371>A\200'\311<E&\216L<\231g\310\214#3\236"
ARM GAS  /tmp/ccucuZ2i.s 			page 22


 278      F93E4180 
 278      27C93C45 
 278      268E4C3C 
 278      9967C88C 
 279 031d 4C0299E7 		.ascii	"L\002\231\347\310L 3\221\314$2\211d&\223y\236\314T2"
 279      C84C2033 
 279      91CC2432 
 279      89642693 
 279      799ECC54 
 280 0332 D3C82491 		.ascii	"\323\310$\221\231Nf\006\231d2)df\222\231E\346\0052\263"
 280      994E6606 
 280      99643229 
 280      64669299 
 280      45E60532 
 281 0347 C9CC2133 		.ascii	"\311\314!3\227\314<2/\222\231Of\001\231T\256c\032\027"
 281      97CC3C32 
 281      2F92994F 
 281      66019954 
 281      AE631A17 
 282 035b 6621D724 		.ascii	"f!\327$\235\313\221\301U[\304uT\224\016lH\334F;U\025"
 282      9DCB91C1 
 282      555BC475 
 282      54940E6C 
 282      48DC463B 
 283 0371 FF895670 		.ascii	"\377\211Vp\367x.\226'Q\207\272\205\325-,\264Oz+\313"
 283      F7782E96 
 283      275187BA 
 283      85D52D2C 
 283      B44F7A2B 
 284 0386 6CB4E599 		.ascii	"l\264\345\231@\300\001\234\271\313\240r\013c\030\004"
 284      40C0019C 
 284      B9CBA072 
 284      0B631804 
 285 0396 2948F27A 		.ascii	")H\362zZ\313\317\200d\331$\353@\377\335\272hb\231\021"
 285      5ACBCF80 
 285      64D924EB 
 285      40FFDDBA 
 285      68629911 
 286 03aa 7D10591C 		.ascii	"}\020Y\034\373\212\016\262#\016A\273\032\032=f\031\032"
 286      FB8A0EB2 
 286      230E41BB 
 286      1A1A3D66 
 286      191A
 287 03bc A0312874 		.ascii	"\2401(t\015\205\266\313\3207\313\317\351,\007\206\206"
 287      0D85B6CB 
 287      D037CBCF 
 287      E92C0786 
 287      86
 288 03cd 84B050D1 		.ascii	"\204\260P\321\350\017Ik\017q\243%\367\216?\255!2\255"
 288      E80F496B 
 288      0F71A325 
 288      F78E3FAD 
 288      2132AD
 289 03e0 431FEEEB 		.ascii	"C\037\356\353\261\311\264\014\360uxZC\021\027\022k7"
 289      B1C9B40C 
 289      F075785A 
 289      43111712 
ARM GAS  /tmp/ccucuZ2i.s 			page 23


 289      6B37
 290 03f2 C51A2A63 		.ascii	"\305\032*c\365\225w\350\260\207d\254\356\267\213\357"
 290      F59577E8 
 290      B08764AC 
 290      EEB78BEF 
 291 0402 0A19CB04 		.ascii	"\012\031\313\004\207\302c\015C\034\202vx\273w\030\245"
 291      87C2630D 
 291      431C8276 
 291      78BB7718 
 291      A5
 292 0413 C468381C 		.ascii	"\304h8\034\024\272\232B\017\303\307\025u\225V\366\310"
 292      14BA9A42 
 292      0FC3C715 
 292      759556F6 
 292      C8
 293 0424 A5BFA1B8 		.ascii	"\245\277\241\270\376\270\211\010\270G@\023/\224N\374"
 293      FEB88908 
 293      B8474013 
 293      2F944EFC 
 294 0434 70E1374D 		.ascii	"p\3417M v\010\317\233[\030\025\371\300\011\032\364\007"
 294      207608CF 
 294      9B5B1815 
 294      F9C0091A 
 294      F407
 295 0446 56AEE90F 		.ascii	"V\256\351\017\\B\241?\360T\251\372\003\266\205[\200"
 295      5C42A13F 
 295      F054A9FA 
 295      03B6855B 
 295      80
 296 0457 CCF67445 		.ascii	"\314\366tE\212Lw\004\272x\012\232\241\350\274{\211\356"
 296      8A4C7704 
 296      BA780A9A 
 296      A1E8BC7B 
 296      89EE
 297 0469 C47C76B6 		.ascii	"\304|v\266\327\374l\227\002\0248\"\027\256\027\300-"
 297      D7FC6C97 
 297      02143822 
 297      17AE17C0 
 297      2D
 298 047a 86AB6852 		.ascii	"\206\253hR\355=\235K\275\240b#\250\265g\363\334\"\303"
 298      ED3D9D4B 
 298      BDA06223 
 298      A8B567F3 
 298      DC22C3
 299 048d 7EA12BDB 		.ascii	"~\241+\333\013\002\247O=B\2164\373\207\005^\320pJ\324"
 299      0B02A74F 
 299      3D428E34 
 299      FB87055E 
 299      D0704AD4 
 300 04a1 53BF758B 		.ascii	"S\277u\213\205\366\332\256B/\030\260\254j;\215\247\333"
 300      85F6DAAE 
 300      422F18B0 
 300      AC6A3B8D 
 300      A7DB
 301 04b3 8F10C148 		.ascii	"\217\020\301HZ\325\222\363\350Ydo\357z\025Ek\312\252"
 301      5AD592F3 
 301      E859646F 
ARM GAS  /tmp/ccucuZ2i.s 			page 24


 301      EF7A1545 
 301      6BCAAA
 302 04c6 78D99237 		.ascii	"x\331\2227+J!|\213\3055K\213\225\026(\255L\336UqG9J"
 302      2B4A217C 
 302      8BC5354B 
 302      8B951628 
 302      AD4CDE55 
 303 04de 798FC402 		.ascii	"y\217\304\002\005O\220\011'\350\230\234\240\315\236"
 303      054F9009 
 303      27E8989C 
 303      A0CD9E
 304 04ed 764D8246 		.ascii	"vM\202F!.\370\003o\002\015\216KP\207\247A\225\240Gx"
 304      212EF803 
 304      6F020D8E 
 304      4B5087A7 
 304      4195A047 
 305 0502 2247F1AC 		.ascii	"\"G\361\254\241\203\336\212N\211\271S\221,A\243\341"
 305      A183DE8A 
 305      4E89B953 
 305      912C41A3 
 305      E1
 306 0513 D9189A92 		.ascii	"\331\030\232\222VX\341]y\012\244s\014\372\375\264:\242"
 306      5658E15D 
 306      790AA473 
 306      0CFAFDB4 
 306      3AA2
 307 0525 8D91EFEF 		.ascii	"\215\221\357\357\253\370\235D\304\310,\375+\305\204"
 307      ABF89D44 
 307      C4C82CFD 
 307      2BC584
 308 0534 E06F7C09 		.ascii	"\340o|\011t\353a\036\305\206Ghh\354\261\350\367\307"
 308      74EB611E 
 308      C5864768 
 308      68ECB1E8 
 308      F7C7
 309 0546 AEA7D863 		.ascii	"\256\247\330c%\353\340\216\024\211x,\270\365\314\330"
 309      25EBE08E 
 309      1489782C 
 309      B8F5CCD8 
 310 0556 7A272086 		.ascii	"z' \206t\204\204\211E\234?L\003\205\211E@\375\276\316"
 310      74848489 
 310      459C3F4C 
 310      03858945 
 310      40FDBECE 
 311 056a EE7A9344 		.ascii	"\356z\223D<\021\334\220\202\267\366\273\215\207W\331"
 311      3C11DC90 
 311      82B7F6BB 
 311      8D8757D9 
 312 057a B6C2BB78 		.ascii	"\266\302\273xX\212r\213\307\341[j\011\364\177\357\365"
 312      588A728B 
 312      C7E15B6A 
 312      09F47FEF 
 312      F5
 313 058b EEB7392B 		.ascii	"\356\2679+\\E8`\201\223\260\025\372\370$\005\247\300"
 313      5C453860 
 313      8193B015 
 313      FAF82405 
ARM GAS  /tmp/ccucuZ2i.s 			page 25


 313      A7C0
 314 059d 49AFEDF3 		.ascii	"I\257\355\363\364\350\205\177R/E\217\177*\236\3027\241"
 314      F4E8857F 
 314      522F458F 
 314      7F2A9EC2 
 314      37A1
 315 05af 9F9CF73C 		.ascii	"\237\234\367<W\014\322I\355\213C\224\321\206\346\021"
 315      570CD249 
 315      ED8B4394 
 315      D186E611 
 316 05bf E40B7AFB 		.ascii	"\344\013z\373rj\002\3322\037\220\303w\201\034N\203\023"
 316      726A02DA 
 316      321F90C3 
 316      77811C4E 
 316      8313
 317 05d1 03B2B8AA 		.ascii	"\003\262\270\252\333>q\361\003V\363=G\242\303/\234\361"
 317      DB3E71F1 
 317      0356F33D 
 317      47A2C32F 
 317      9CF1
 318 05e3 A969D0D3 		.ascii	"\251i\320\323|F/~\217\247[W3\016C\243_\252i\327a\343"
 318      7C462F7E 
 318      8FA75B57 
 318      330E43A3 
 318      5FAA69D7 
 319 05f9 7165E2D0 		.ascii	"qe\342\320\340\325\234\015\344p\216\324\214\227S\345"
 319      E0D59C0D 
 319      E4708ED4 
 319      8C9753E5 
 320 0609 57933060 		.ascii	"W\2230`5\3479\022\237D.\260\032\332\265\364\334\237"
 320      35E73912 
 320      9F442EB0 
 320      1ADAB5F4 
 320      DC9F
 321 061b 63410932 		.ascii	"cA\0112\367\013z\356\023p\213\301\241\301\347\376\237"
 321      F70B7AEE 
 321      13708BC1 
 321      A1C1E7FE 
 321      9F
 322 062c C01B2F52 		.ascii	"\300\033/R\356\023h\2279\347\256\3368Z\276\300\312}"
 322      EE136897 
 322      39E7AEDE 
 322      385ABEC0 
 322      CA7D
 323 063e AFF05667 		.ascii	"\257\360VgP\356Y\004\016\037w\177\2711F\016\323\353"
 323      50EE5904 
 323      0E1F777F 
 323      B931460E 
 323      D3EB
 324 0650 0E1DDEB8 		.ascii	"\016\035\336\270\315&\267E\023\374\340G\033\225Z\203"
 324      CD26B745 
 324      13FCE047 
 324      1B955A83 
 325 0660 E069EDF9 		.ascii	"\340i\355\371V/\304\304\001\027\342\022\247E?\012\240"
 325      562FC4C4 
 325      0117E212 
 325      A7453F0A 
ARM GAS  /tmp/ccucuZ2i.s 			page 26


 325      A0
 326 0671 D937ADBE 		.ascii	"\3317\255\276I\234$\027CPi\02214\372CK3\231\267\210"
 326      499C2417 
 326      43506912 
 326      3134FA43 
 326      4B3399B7 
 327 0686 442ECDFB 		.ascii	"D.\315\373##\225f\346\203Ks9\220C\013\225f2\3132\371"
 327      23239566 
 327      E6834B73 
 327      3990430B 
 327      956632CB 
 328 069c 65F5FA64 		.ascii	"e\365\372d=?`YW8\244F!\257\206\313\232z\237\254i\030"
 328      3D3F6059 
 328      5738A446 
 328      21AF86CB 
 328      9A7A9FAC 
 329 06b2 1AFDA1B2 		.ascii	"\032\375\241\262\222X\326\264\301\313j\015\344\360#"
 329      9258D6B4 
 329      C1CB6A0D 
 329      E4F023
 330 06c1 C94A6259 		.ascii	"\311JbYf\232[n\333\336\313\272\254\351\003\226u\215"
 330      669A5B6E 
 330      DBDECBBA 
 330      ACE90396 
 330      758D
 331 06d3 431A28E4 		.ascii	"C\032(\344u_\333\372d\315\340\266\235\036\272\344\222"
 331      755FDBFA 
 331      64CDE0B6 
 331      9D1EBAE4 
 331      92
 332 06e4 F1938743 		.ascii	"\361\223\207C\262m#\212\230\361`\021m\2017\336 \021"
 332      B26D238A 
 332      98F16011 
 332      6D8137DE 
 332      2011
 333 06f6 C92C224A 		.ascii	"\311,\"J)\215\221s\323\320\242\213H\031\260\210\366"
 333      298D9173 
 333      D3D0A28B 
 333      4819B088 
 333      F6
 334 0707 40C89FC2 		.ascii	"@\310\237\302E\314d\021)\241\"f\261\210\231\203\027"
 334      45CC6411 
 334      29A12266 
 334      B1889983 
 334      17
 335 0718 7133F0C6 		.ascii	"q3\360\306[$b\226\302\213\253l\213oq\005\255&\213\262"
 335      5B246296 
 335      C28BAB6C 
 335      8B6F7105 
 335      AD268BB2 
 336 072c CA21A51D 		.ascii	"\312!\245\0358\251K{a\300\322:\002\235\334\031\336v"
 336      38A94B7B 
 336      61C0D23A 
 336      029DDC19 
 336      DE76
 337 073e B3EF6BBB 		.ascii	"\263\357k\2739\030\032\375\241m7\227\333n\316\340\333"
 337      39181AFD 
ARM GAS  /tmp/ccucuZ2i.s 			page 27


 337      A16D3797 
 337      DB6ECEE0 
 337      DB
 338 074f CE1BC8A1 		.ascii	"\316\033\310\241\213\304\316eYV\277\254\203>Y\363\006"
 338      8BC4CE65 
 338      5956BFAC 
 338      833E59F3 
 338      06
 339 0760 2CAB3BD0 		.ascii	",\253;\320\311\267\303e\275x\237\254\371\030\032\375"
 339      C9B7C365 
 339      BD789FAC 
 339      F9181AFD 
 340 0770 A1B216B0 		.ascii	"\241\262\026\260\254\371\203\227u'\220\303]\222\265"
 340      ACF98397 
 340      752790C3 
 340      5D92B5
 341 077f 8065D9F8 		.ascii	"\200e\331\370P(\317\246{\247\310\023[*\035\343\236\015"
 341      5028CFA6 
 341      7BA7C813 
 341      5B2A1DE3 
 341      9E0D
 342 0791 9C32F9AC 		.ascii	"\2342\371\254\227*\267\333\226-\243t\220\357\034\207"
 342      972AB7DB 
 342      962DA374 
 342      90EF1C87 
 343 07a1 41EC4A49 		.ascii	"A\354JI#\007\351\360\234\256\321\017\376i\370\345\015"
 343      2307E9F0 
 343      9CAED10F 
 343      FE69F8E5 
 343      0D
 344 07b2 0EC247C9 		.ascii	"\016\302G\3114y\302\270X3]\202\026\342\007\215\017\366"
 344      3479C2B8 
 344      58335D82 
 344      16E2078D 
 344      0FF6
 345 07c4 21E7EE85 		.ascii	"!\347\356\205\022\325Z3U\242\322\361"
 345      12D55A33 
 345      55A2D2F1 
 346 07d0 D31182E2 		.ascii	"\323\021\202\342\003k\272D\265\375B\2022\260\307C@|"
 346      036BBA44 
 346      B5FD4282 
 346      32B0C743 
 346      407C
 347 07e2 5CCD20D0 		.ascii	"\\\315 \320\006\317\235\232\211\022\265H~\010v\257<"
 347      06CF9D9A 
 347      8912B548 
 347      7E0876AF 
 347      3C
 348 07f3 5265911F 		.ascii	"Re\221\037\002\200{A$>\027/bQ\016\3721\323\206'\353"
 348      02807B41 
 348      243E172F 
 348      62510EFA 
 348      31D38627 
 349 0808 EA63429E 		.ascii	"\352cB\236\013\025\372\251\003\350\306\217\320\224\331"
 349      0B15FAA9 
 349      03E8C68F 
 349      D094D9
ARM GAS  /tmp/ccucuZ2i.s 			page 28


 350 0817 4B972D59 		.ascii	"K\227-Y\226\376\2623\267\300\271tq\2663/7\277\260\300"
 350      96FEB233 
 350      B7C0B974 
 350      71B6332F 
 350      37BFB0C0 
 351 082b F9F2AFD3 		.ascii	"\371\362\257\323&':SS\3478\347e\314O\177=\221\206\376"
 351      26273A53 
 351      53E738E7 
 351      65CC4F7F 
 351      3D9186FE 
 352 083f 90875776 		.ascii	"\220\207Wvv\346\204\327\024\215PZ\316\342\202?i9\271"
 352      76E684D7 
 352      148D505A 
 352      CEE2823F 
 352      6939B9
 353 0852 995962C9 		.ascii	"\231Yb\311\262Bmqva\276!\357\317y\231\371\246\334\202"
 353      B2426D71 
 353      7661BE21 
 353      EFCF7999 
 353      F9A6DC82 
 354 0866 BCACACCC 		.ascii	"\274\254\254\314|cn\341\033yY\371\006\202\344\233i\234"
 354      7C636EE1 
 354      1B7959F9 
 354      0682E49B 
 354      699C
 355 0878 186ACE24 		.ascii	"\030j\316$5'Q\315\231\362?\367c\330~"
 355      352751CD 
 355      99F23FF7 
 355      63D87E
 356              		.text
 357              		.section	.gnu.lto_.symbol_nodes.35d3199ce711c495,"",%progbits
 358 0000 789C6361 		.ascii	"x\234ca`dPc\000\002\246iL\365\014\014\023\31610\000"
 358      60645063 
 358      0002A669 
 358      4CF50C0C 
 358      13CE3130 
 359 0015 A95D0D8A 		.ascii	"\251]\015\212@\221\351L\365\214(\"\014\000\264G\010"
 359      4091E94C 
 359      F58C2822 
 359      0C00B447 
 359      08
 360 0026 D0       		.ascii	"\320"
 361              		.text
 362              		.section	.gnu.lto_.refs.35d3199ce711c495,"",%progbits
 363 0000 789C6361 		.ascii	"x\234ca`\004B \000\000\0009\000\007"
 363      60044220 
 363      00000039 
 363      0007
 364              		.text
 365              		.section	.gnu.lto_.decls.35d3199ce711c495,"",%progbits
 366 0000 789CCD59 		.ascii	"x\234\315YkPT\311\025\236\276=\014\3030\300\026\230"
 366      6B5054C9 
 366      159EBE3D 
 366      0CC330C0 
 366      1698
 367 0012 945B65A5 		.ascii	"\224[e\245,C\\\222Zw\004\335\335\354\237T\024P\334e"
 367      2C435C92 
ARM GAS  /tmp/ccucuZ2i.s 			page 29


 367      5A7704DD 
 367      DDEC9F54 
 367      1450DC65 
 368 0026 576A7037 		.ascii	"Wjp7I\325VMPP\251 \020\030S\356\257\014\357\227\274"
 368      49D5564D 
 368      5050A920 
 368      101853EE 
 368      AF0CEF97 
 369 003b 1141C407 		.ascii	"\021A\304\007\342\003AE\024\001A\031E\021T\344)\212"
 369      E2034145 
 369      14014119 
 369      451154E4 
 369      298A
 370 004d 200E022A 		.ascii	" \016\002**\010\242\362P$\247o\337\231{\3472T\314\356"
 370      2A08A2F2 
 370      5024A76F 
 370      DF997BE7 
 370      3254CCEE 
 371 0061 9FDCE24C 		.ascii	"\237\334\342L\367\271\375\3659\247O\237\356>}\221J\220"
 371      F7B9FDF5 
 371      39A74F9F 
 371      EE3E7D91 
 371      4A90
 372 0073 843C29BF 		.ascii	"\204<)\277\221H*\261D\362#\260\263\360@U\362\203\204"
 372      91482AB1 
 372      44F223B0 
 372      B3F04055 
 372      F28384
 373 0086 7F18A051 		.ascii	"\177\030\240Q\240/\221d\316C\336;pxG\240\005@\303@\237"
 373      A02F9164 
 373      CE43DE3B 
 373      707847A0 
 373      0540C340 
 374 009b 0025023E 		.ascii	"\000%\002>\036h\006\352;\241|\016e2\224\256@I@)@\313"
 374      1E6806EA 
 374      3BA17C0E 
 374      653294AE 
 374      40494029 
 375 00b1 813E86F7 		.ascii	"\201>\206\367Z(#\200\372\240\336\010\364)\324\257@\371"
 375      5A282380 
 375      FAA0DE08 
 375      F429D4AF 
 375      40F9
 376 00c3 0728AF43 		.ascii	"\007(\257C\351\002e\035\221\013\345\015(\177\017\345"
 376      E902651D 
 376      910BE50D 
 376      287F0FE5 
 377 00d3 35289741 		.ascii	"5(\227AY\017\345o\241|\010\345\000\320#\240A \003\320"
 377      590FE56F 
 377      A17C08E5 
 377      00D023A0 
 377      412003D0 
 378 00e7 63A07EA0 		.ascii	"c\240~\240\007\202qdZ\030\007\031\233\255h\034+\341"
 378      07827164 
 378      5A180719 
 378      9BAD681C 
 378      2BE1
ARM GAS  /tmp/ccucuZ2i.s 			page 30


 379 00f9 DD0494E3 		.ascii	"\335\004\224\343@\325\334\230|$\324f2&\031g'\261\221"
 379      40D5DC98 
 379      7C24D466 
 379      32261967 
 379      27B191
 380 010c D8476C22 		.ascii	"\330Gl\"\366\020[\320<\376\232a\320\373\262\253S\366"
 380      F6105BD0 
 380      3CFE9A61 
 380      D0FBB2AB 
 380      53F6
 381 011e DDA80B81 		.ascii	"\335\250\013\201=\350#\366-B\364\027\261$\241\304\262"
 381      3DE823F6 
 381      2D42F417 
 381      B124A1C4 
 381      B2
 382 012f 12FECFF4 		.ascii	"\022\376\317\364\012\031\201\034\317\030\253\022\223"
 382      0A19811C 
 382      CF18AB12 
 382      93
 383 013c 30F6CFD8 		.ascii	"0\366\317\330\177\326\370\260Bx\351\210\353Dy\256\263"
 383      7FD6F8B0 
 383      4278E988 
 383      EB4479AE 
 383      B3
 384 014d 04713CC3 		.ascii	"\004q<\303+@\2245v\020\310\243\346r\342x\233McB\306"
 384      2B409435 
 384      7610C8A3 
 384      E672E278 
 384      9B4D6342 
 385 0162 411F2FC9 		.ascii	"A\037/\311\035\264\301\014\"\365\226\3073\203\350\263"
 385      1DB4C10C 
 385      22F596C7 
 385      3383E8B3 
 386 0172 121D3C69 		.ascii	"\022\035<i:\035\343\302\273\2465\272t/~\305 G\005\222"
 386      3A1DE3C2 
 386      BBA635BA 
 386      742F7EC5 
 386      20470592 
 387 0186 023BD6B4 		.ascii	"\002;\326\264\247\337\036\330\005\012\264\030\330\363"
 387      A7DF1ED8 
 387      050AB418 
 387      D8F3
 388 0194 F7C7F4B6 		.ascii	"\367\307\364\266\264\325\200\200\257\2740\354F\331E"
 388      B4D58080 
 388      AFBC30EC 
 388      46D945
 389 01a3 82D6055C 		.ascii	"\202\326\005\\kiM\364\260=m\326\023>)&5\301\032\177"
 389      6B694DF4 
 389      B03D6DD6 
 389      133E2926 
 389      35C11A7F 
 390 01b7 CC5A3012 		.ascii	"\314Z0\022=h\340$-\004\266m\364f>\307~\004lOB\354>\031"
 390      3D68E024 
 390      2D04B66D 
 390      F4663EC7 
 390      7E046C4F 
 391 01cf 5ECC22EF 		.ascii	"^\314\"\3577\024\025\023\213>Q 2b\007xu\352y\325\224"
ARM GAS  /tmp/ccucuZ2i.s 			page 31


 391      37141513 
 391      8B3E5120 
 391      32620778 
 391      75EA79D5 
 392 01e4 1D7D4510 		.ascii	"\035}E\020m\251/\013\255\361\357H\235\251O>Sf\213\\"
 392      6DA92F0B 
 392      ADF1EF48 
 392      9DA94F3E 
 392      53668B5C 
 393 01f8 1447C8D8 		.ascii	"\024G\310\330\014\255\207\225U:\335G\250\022)\3209\204"
 393      0CAD8795 
 393      553ADD47 
 393      A81229D0 
 393      3984
 394 020a 5111FA8C 		.ascii	"Q\021\372\214\270\344\023\005\374\306\353t\221\272\264"
 394      B8E41305 
 394      FCC6EB74 
 394      91BAB4
 395 0219 289D6383 		.ascii	"(\235c\203\275\004\025\243E\3508Z$A\025\310\205\210"
 395      BD0415A3 
 395      45E8385A 
 395      244115C8 
 395      8588
 396 022b 2540540E 		.ascii	"%@T\016/\317\302KPQT\230^ \303\261\210\325\221{\366"
 396      2FCFC24B 
 396      50515498 
 396      5E20C3B1 
 396      88D5917B 
 397 0240 F884C2A4 		.ascii	"\370\204\302\244\2436qe\011\321Q\015:\252x\035\240r"
 397      A3367165 
 397      09D1510D 
 397      3AAA781D 
 397      A072
 398 0252 5E25E72D 		.ascii	"^%\347-+yx\276'\202\301\367X%hO\365\253\353V\324#r`"
 398      2B7978BE 
 398      2782C1F7 
 398      5825684F 
 398      F5ABEB56 
 399 026a 5F645E6D 		.ascii	"_d^mbp/m{t7*W\206\007(\2236\323\245\223\341\347\224"
 399      62702F6D 
 399      7B74372A 
 399      57860728 
 399      9336D3A5 
 400 0282 497E3179 		.ascii	"I~1yP\212\307)\323\0255\321i\207\247X\306\346\344T\322"
 400      508AC729 
 400      D31535D1 
 400      6987A758 
 400      C6E6E454 
 401 0297 8012393B 		.ascii	"\200\0229;;9;\2738;;\027\020\303\0143\315\377\316<\032"
 401      3B393BBB 
 401      383B3B17 
 401      10C30C33 
 401      CDFFCE3C 
 402 02ac AB4BF363 		.ascii	"\253K\363c\255\257\001\353\257\"'\336\3162\370\221 "
 402      ADAF01EB 
 402      AF2227DE 
 402      CE32F891 
ARM GAS  /tmp/ccucuZ2i.s 			page 32


 402      20
 403 02bd 57F891B0 		.ascii	"W\370\221\260x\375\233f\245\021\\+\006_\340\301\351"
 403      78FD9B66 
 403      A5115C2B 
 403      065FE0C1 
 403      E9
 404 02ce 5C60E990 		.ascii	"\\`\351\220V\202N\002\340\004\333F\3400f\324\000\303"
 404      56824E02 
 404      E004DB46 
 404      E03066D4 
 404      00C3
 405 02e0 AF47CEA8 		.ascii	"\257G\316\250\021\350\012\320u\240:\240\033@\327\220"
 405      11E80AD0 
 405      75A03AA0 
 405      1B40D790 
 406 02f0 331B8A54 		.ascii	"3\033\212T_/\257\357\222X\237Jd[v\233\011{Y\214=\315"
 406      5F2FAFEF 
 406      92589F4A 
 406      645B769B 
 406      097B598C 
 407 0306 DBC64E9A 		.ascii	"\333\306N\232\276\033\004\353\344\004$\341&\214W:\336"
 407      BE1B04EB 
 407      E40424E1 
 407      268C573A 
 407      DE
 408 0317 BC2857A7 		.ascii	"\274(W\247\217\306\254(\275E\265\305\210\327;\315\333"
 408      8FC6AC28 
 408      BD45B5C5 
 408      88D73BCD 
 408      DB
 409 0328 78D1B24F 		.ascii	"x\321\262O\204\350\014\336\3123\226\335M\3210}\265\357"
 409      84E80CDE 
 409      CA3396DD 
 409      4DD1307D 
 409      B5EF
 410 033a A35B64F8 		.ascii	"\243[d\370\014\273b\231\250\302\261t9rq\242\346\347"
 410      0CBB6299 
 410      A8C2B174 
 410      397271A2 
 410      E6E7
 411 034c B62162FE 		.ascii	"\266!b\376-\350}\223\01792\232y\234\217\232\300\347"
 411      2DE87D93 
 411      0F39329A 
 411      799C8F9A 
 411      C0E7
 412 035e FF8BFF41 		.ascii	"\377\213\377A\377\370\261\262}r\032\201\307\310\362"
 412      FFF8B1B2 
 412      7D721A81 
 412      C7C8F2
 413 036d 1D9AA97F 		.ascii	"\035\232\251\177f\205\353\351\016R\322t\255\207\333"
 413      6685EBE9 
 413      0E52D274 
 413      AD87DB
 414 037c 27E24963 		.ascii	"'\342Ic\373DK\234\0027\321\306\331\241\256C6\264q\224"
 414      FB444B9C 
 414      0237D1C6 
 414      D9A1AE43 
ARM GAS  /tmp/ccucuZ2i.s 			page 33


 414      36B47194 
 415 0390 F089E599 		.ascii	"\360\211\345\231\207\034p\007ml\177t0ZI\033[\010\237"
 415      871C7007 
 415      6D6C7F74 
 415      305A491B 
 415      5B089F
 416 03a3 927AE6B4 		.ascii	"\222z\346\264\002w\323\306c\217\366\246p\215\177\004"
 416      0277D3C6 
 416      638FF6A6 
 416      708D7F04 
 417 03b3 B6BCA9B2 		.ascii	"\266\274\251\262\327\012?\244m=/;\343l\361\020eN\275"
 417      D70A3FA4 
 417      6D3D2F3B 
 417      E36CF110 
 417      654EBD
 418 03c6 CB3A2AC3 		.ascii	"\313:*\303\243\224\271\3363\331gM{\275#\306<M\236\355"
 418      A394B9DE 
 418      33D9674D 
 418      7BBD23C6 
 418      3C4D9EED 
 419 03da 51721B11 		.ascii	"Qr\033\021\331/\342\232^\037e\360\004\013\266M\277\220"
 419      D92FE29A 
 419      5E1F65F0 
 419      040BB64D 
 419      BF90
 420 03ec 5F618760 		.ascii	"_a\207`\031p\217\213\231\303z\300a\335\354<\364r\336"
 420      19708F8B 
 420      99C37AC0 
 420      61DDEC3C 
 420      F472DE
 421 03ff 7A02DEEA 		.ascii	"z\002\336\352\003\317<\004\032\000z\0044\010d\000z\014"
 421      03CF3C04 
 421      1A007A04 
 421      34086400 
 421      7A0C
 422 0411 D40FF480 		.ascii	"\324\017\364\200\217Z\230\235\326\366E\021l\000\221"
 422      8F5A989D 
 422      D6F64511 
 422      6C0091
 423 0420 F9B90FF3 		.ascii	"\371\271\017\363CD\231f\242\304lQ\001<\307\227D\004"
 423      43449966 
 423      A2C46C51 
 423      013CC797 
 423      4404
 424 0432 C1B689B1 		.ascii	"\301\266\211\261\255\346\361\003\340\026\265\021|O\014"
 424      ADE6F103 
 424      E016B511 
 424      7C4F0C
 425 0441 5689E4DE 		.ascii	"V\211\344\3365A\273\304\320\323s\344V\232\214(\025\203"
 425      3541BBC4 
 425      D0D373E4 
 425      569A8C28 
 425      1583
 426 0453 4FCD018F 		.ascii	"O\315\001\217\232$\337\025\203\357\210G\227f\022\334"
 426      9A24DF15 
 426      83EF8847 
 426      976612DC 
ARM GAS  /tmp/ccucuZ2i.s 			page 34


 427 0463 21C6B68B 		.ascii	"!\306\266\213\261\223&\271\235b\354\3559F\224\232\004"
 427      B19326B9 
 427      9D62ECED 
 427      3946949A 
 427      04
 428 0474 B788C1CD 		.ascii	"\267\210\301\315\342\345^\335\306.\367^\363\345\016"
 428      E2E55EDD 
 428      C62EF75E 
 428      F3E50E
 429 0483 917169EA 		.ascii	"\221qi\352y\214\003~O\327X\313\245\324^{\344d9 \320"
 429      798C037E 
 429      4FD758CB 
 429      A5D45E7B 
 429      E4643920 
 430 0498 3388839F 		.ascii	"3\210\203\237\023\023\324\202\327\355\354\212}\012\002"
 430      1313D482 
 430      D7EDEC8A 
 430      7D0A02
 431 04a7 86F815DB 		.ascii	"\206\370\025\333\313\256X\260cw\374\236{\016N\234b\375"
 431      CBAE58B0 
 431      6377FC9E 
 431      7B0E4E9C 
 431      62FD
 432 04b9 BC8A251F 		.ascii	"\274\212%\037\254\025dV\357\334\223\253P&\362'\020z"
 432      AC156456 
 432      EFDC93AB 
 432      5026F227 
 432      107A
 433 04cb 2ED86D24 		.ascii	".\330m$h\030)\215\251AgN\231\235\224\241\357\320F)y"
 433      6818298D 
 433      A941674E 
 433      999D94A1 
 433      EFD04629 
 434 04e0 F776B6A8 		.ascii	"\367v\266\250\304fa6kQ\224n\261\024\375\360kA\337\027"
 434      C4666136 
 434      6B51946E 
 434      B114FDF0 
 434      6B41DF17 
 435 04f4 6821FC8E 		.ascii	"h!\374\216 )\025\220\236\222\273x\311\001\335\201R\235"
 435      20291590 
 435      9E92BB78 
 435      C901DD81 
 435      529D
 436 0506 E1F49E1F 		.ascii	"\341\364\236\037\373\312t\272\004\350'%0\330;L\303\205"
 436      FBCA74BA 
 436      04E82725 
 436      30D83B4C 
 436      C385
 437 0518 2A298EC2 		.ascii	"*)\216\302\270$h\024-\201\236\303\207\2432\035\360\005"
 437      B8246814 
 437      2D819EC3 
 437      87A3321D 
 437      F005
 438 052a CCAEE3E3 		.ascii	"\314\256\343\343ME\357\244\270\235e\230\310\351\244"
 438      4D45EFA4 
 438      B89D6598 
 438      C8E9A4
ARM GAS  /tmp/ccucuZ2i.s 			page 35


 439 0539 723952B8 		.ascii	"r9R\270X>B_Y8B\351y<\223\272\346p\014$5h\034\366\330"
 439      583E425F 
 439      593842E9 
 439      793C93BA 
 439      E6700C24 
 440 0552 97BCF26A 		.ascii	"\227\274\362j\366@\006-\023}q\215\230\035-A\320\321"
 440      F640062D 
 440      137D718D 
 440      981D2D41 
 440      D0D1
 441 0564 465F7993 		.ascii	"F_y\223n\207{\250\346\354\216\335\343\266\363j\236\234"
 441      6E877BA8 
 441      E6EC8EDD 
 441      E3B6F36A 
 441      9E9C
 442 0576 4FB3FEBD 		.ascii	"O\263\376\275\023h\235\000\231o,h}\273\367\325c\352"
 442      13689D00 
 442      996F2C68 
 442      7DBBF7D5 
 442      63EA
 443 0588 6382788D 		.ascii	"c\202x\215X\265y\343\367\207\270\215\322E\220m9\322"
 443      58B579E3 
 443      F787B88D 
 443      D245906D 
 443      39D2
 444 059a 6C6BF2E0 		.ascii	"lk\362\340@\006\203\207\250oZ\216\306\267`\005\230\024"
 444      40068387 
 444      A86F5A8E 
 444      C6B76005 
 444      9814
 445 05ac F5C1F944 		.ascii	"\365\301\371D\351l\226\301\016\217\320\376'&\037\234"
 445      E96C96C1 
 445      0E8FD0FE 
 445      27261F9C 
 446 05bc B3C2E394 		.ascii	"\263\302\343\224I\316\272|Y\212')s(7=\316\012\317P\246"
 446      49CEBA7C 
 446      598A2729 
 446      7328373D 
 446      CE0ACF50 
 447 05d1 2823AD54 		.ascii	"(#\255T\201g)c\314\312\026\320\254\354\352\354\204\336"
 447      81672963 
 447      CCCA16D0 
 447      ACECEAEC 
 447      84DE
 448 05e3 819AC700 		.ascii	"\201\232\307\000\233s\374\316\264\015\216\220\262\320"
 448      9B73FCCE 
 448      B40D8E90 
 448      B2D0
 449 05f1 C3D36F47 		.ascii	"\303\323oG\311y\260\224diX\220\243-\2459Z\355\215\306"
 449      C979B094 
 449      64695890 
 449      A32DA539 
 449      5AED8DC6 
 450 0605 234A1CC7 		.ascii	"#J\034\307\202\231B}d\0142:\030\006\2448\006\243\211"
 450      8299427D 
 450      640C323A 
 450      1806A438 
ARM GAS  /tmp/ccucuZ2i.s 			page 36


 450      06A389
 451 0618 6216A168 		.ascii	"b\026\241h\006F\223\310\270\220^\354h\342\340e,c\234"
 451      064693C8 
 451      B8905EEC 
 451      68E2E065 
 451      2C639C
 452 062b DAD6E1AF 		.ascii	"\332\326\341\257\243`U\242\004\006N\035\306\344\343"
 452      A36055A2 
 452      04064E1D 
 452      C6E4E3
 453 063a A59C8B2F 		.ascii	"\245\234\213/\246w?R\340\014\252\243h\364f\211\303\274"
 453      A6773F52 
 453      E00CAAA3 
 453      68F46689 
 453      C3BC
 454 064c 3A92E7D5 		.ascii	":\222\347\325Q\233\270\224M\347v\202\216$^\007\250\244"
 454      519BB894 
 454      4DE77682 
 454      8E245E07 
 454      A8A4
 455 065e 4A22270B 		.ascii	"J\"'\013j\3448\217U\"=\221\325\265_\206 \247r\341\362"
 455      6AE4388F 
 455      55223D91 
 455      D5B55F86 
 455      20A772E1 
 456 0673 A9D4A0CC 		.ascii	"\251\324\240\314\270X]\313\337\331\356)\320=\215q\342"
 456      B8585DCB 
 456      DFD9EE29 
 456      D03D8D71 
 456      E2
 457 0684 B5F23B34 		.ascii	"\265\362;4]\351z\030L\230D\260\254\010\232\354/\031"
 457      5DE97A18 
 457      4C9844B0 
 457      AC089AEC 
 457      2F19
 458 0696 605E2AE3 		.ascii	"`^*\343\214\322\031a6T\226\2524\212\216\261(\0328\323"
 458      8CD21961 
 458      365496AA 
 458      348A8EB1 
 458      281A38D3 
 459 06aa 86B3BF99 		.ascii	"\206\263\277\231!\033\016\200\314\267<iAA\375\0319Z"
 459      211B0E80 
 459      CCB73C69 
 459      4141FD19 
 459      395A
 460 06bc 00075F06 		.ascii	"\000\007_\006\267\270\331\355\2067\"\223Y\300\032\221"
 460      B7B8D9ED 
 460      86372293 
 460      59C01A91 
 461 06cc 0D46EC02 		.ascii	"\015F\354\002#\262\030\341\341V\336\214\341p\213\244"
 461      23B218E1 
 461      E156DE8C 
 461      E1708BA4 
 462 06dc EA23C10C 		.ascii	"\352#\301\014\002\2377)\313\027\346R\021\363\243\251"
 462      029F3729 
 462      CB17E652 
 462      11F3A3A9 
ARM GAS  /tmp/ccucuZ2i.s 			page 37


 463 06ec CD79A9F6 		.ascii	"\315y\251\366\304f\300\210\266\351\027/\363:\035\026"
 463      C466C088 
 463      B6E9172F 
 463      F33A1D16 
 464 06fc 80BD11F3 		.ascii	"\200\275\021\363\333+13\226\254\351\272\333\345J\274"
 464      DB2B3133 
 464      96ACE9BA 
 464      DBE54ABC 
 465 070c 9FC6E7E0 		.ascii	"\237\306\347\340\215S\221r|\2102\373\232N\336\260\302"
 465      8D539172 
 465      7C8832FB 
 465      9A4EDEB0 
 465      C2
 466 071d 4729535D 		.ascii	"G)S]|\262\215\301'(SR5\232\204p9e\306\342Niq\015\255"
 466      7CB28DC1 
 466      27285352 
 466      359A8470 
 466      3965C6E2 
 467 0736 47E7A735 		.ascii	"G\347\247534\366?\0056;a\257A\312e\030d-\224u\036\253"
 467      3334F63F 
 467      05363B61 
 467      AF41CA65 
 467      18642D94 
 468 074d 96E3CB2C 		.ascii	"\226\343\313,\326./\373t\007D\005y\3304\303\205\244"
 468      D62E2FFB 
 468      74074405 
 468      79D834C3 
 468      85A4
 469 075f DBD1513A 		.ascii	"\333\321Q:\375n\2437f\300\033\271\340\215#\314|\331"
 469      FD6EA337 
 469      66C01BB9 
 469      E08D23CC 
 469      7CD9
 470 0771 763438B9 		.ascii	"v48\271\242\231\241\360\3350B\235\030~\332\014\016\322"
 470      A299A1F0 
 470      DD30429D 
 470      187EDA0C 
 470      0ED2
 471 0783 676F09A4 		.ascii	"go\011\244\347\213\341*\021\372\"M[\011\366\200\030"
 471      E78BE12A 
 471      11FA224D 
 471      5B09F680 
 471      18
 472 0794 3B2D165D 		.ascii	";-\026]\311\203g\221E;\350\311lvr\356\207\330\334G\""
 472      C9836791 
 472      453BE8C9 
 472      6C7672EE 
 472      87D8DC47 
 473 07a9 92C59388 		.ascii	"\222\305\223\210*\206\210:\004\223T\002t\034\350\030"
 473      2A86883A 
 473      04935402 
 473      741CE818 
 474 07b9 D041A0A3 		.ascii	"\320A\240\243@\005@\207\201\212\200N\000\025\232\242"
 474      40054087 
 474      818A804E 
 474      00159AA2 
 475 07c9 8E1890C3 		.ascii	"\216\030\220\303\033\220c"
ARM GAS  /tmp/ccucuZ2i.s 			page 38


 475      1B9063
 476 07d0 D96FC6D4 		.ascii	"\331o\306\324\200\240\263x\364\0361\372\302\034\364"
 476      80A0B378 
 476      F41E31FA 
 476      C21CF4
 477 07df 791EFD5E 		.ascii	"y\036\375^<\270\267bOd\360\340<\313\242\005\361\374"
 477      3CB8B762 
 477      4F64F0E0 
 477      3CCBA205 
 477      F1FC
 478 07f1 F6169B76 		.ascii	"\366\026\233v\034aD\267\014\"(]\030\013{-\316\226\320"
 478      1C6144B7 
 478      0C22285D 
 478      180B7B2D 
 478      CE96D0
 479 0804 C81A5EEF 		.ascii	"\310\032^\357;\313F\232\356\015\372\246\311\263\220"
 479      3BCB469A 
 479      EE0DFAA6 
 479      C9B390
 480 0813 A7D36DB0 		.ascii	"\247\323m\260\277qz\024\233\356\015\255\315l\026R\012"
 480      BF717A14 
 480      9BEE0DAD 
 480      CD6C1652 
 480      0A
 481 0824 BD4FF27B 		.ascii	"\275O\362{\033\261o\236\271C\247`\312~\311\364\201="
 481      1BB16F9E 
 481      B943A760 
 481      CA7EC9F4 
 481      813D
 482 0836 4DF5772F 		.ascii	"M\365w/\311\315\362\220RF\230\207\234f\224\234%\000"
 482      C9CDF290 
 482      52469887 
 482      9C66949C 
 482      2500
 483 0848 AE48C879 		.ascii	"\256H\310yl\207\333\251\361\031=3\271`\274\222\032\337"
 483      6C87DBA9 
 483      F1193D33 
 483      B960BC92 
 483      1ADF
 484 085a 9EBD8818 		.ascii	"\236\275\210\030\177\026\340e\274\361\320\033\212\371"
 484      7F16E065 
 484      BCF1D01B 
 484      8AF9
 485 0868 A4A33360 		.ascii	"\244\2433`\263\231\202;q\321M\014{\016\023AS\364\034"
 485      B399823B 
 485      71D14D0C 
 485      7B0E1341 
 485      53F41C
 486 087b 1EBE97FA 		.ascii	"\036\276\227\372T9o\262s\216!\311N9\303%;5O\317\305"
 486      54396FB2 
 486      738E21C9 
 486      4E39C325 
 486      3B354FCF 
 487 0890 288DD9CE 		.ascii	"(\215\331\316=\315CS\266\00384\306\037\375c\302l\247"
 487      3DCD4353 
 487      B6033834 
 487      C61FFD63 
ARM GAS  /tmp/ccucuZ2i.s 			page 39


 487      C26CA7
 488 08a3 8221D9CE 		.ascii	"\202!\331\316\201\234\006\3302{\351\226r\356Qc\275\202"
 488      819C06D8 
 488      327BE996 
 488      72EE5163 
 488      BD82
 489 08b5 6E293A72 		.ascii	"n):rk)\2544\300\324\016\321F}\375\316a\204_Q&\276/\256"
 489      6B29AC34 
 489      C0D40ED1 
 489      467DFDCE 
 489      61845F51 
 490 08cd 9D434EB2 		.ascii	"\235CN\262N\032)\256\260\243\273\217\236\275o]\236\270"
 490      4E1A29AE 
 490      B0A3BB8F 
 490      9EBD6F5D 
 490      9EB8
 491 08df 6B87A729 		.ascii	"k\207\247)\270<\277s\237-I\024tF\207@7~0\265\344 \203"
 491      B83CBF73 
 491      9F2D4914 
 491      74468740 
 491      377E30B5 
 492 08f6 F842CBD9 		.ascii	"\370B\313\331\034!\257\353}\251\203c\032w\034\375Y\313"
 492      1C21AFEB 
 492      7DA98363 
 492      1A771CFD 
 492      59CB
 493 0908 6ED41760 		.ascii	"n\324\027`\366i0\353\031Gc\0376M\255z8j\217\243\255"
 493      F66930EB 
 493      1947631F 
 493      364DAD7A 
 493      386A8FA3 
 494 091d 5845E975 		.ascii	"XE\351u\257\307mq<ez\012\262\016K\251\211O\010\237\377"
 494      AFC76D71 
 494      3C657A0A 
 494      B20E4BA9 
 494      894F089F 
 495 0932 EE5DB414 		.ascii	"\356]\264\024'\323\306\310\352\256t.q0\260yEdf\241\014"
 495      27D3C6C8 
 495      EAAE742E 
 495      7130B079 
 495      456466A1 
 496 0947 EFA68D6F 		.ascii	"\357\246\215oG\216\216\312\360A\312T\364\355\252\345"
 496      478E8ECA 
 496      F041CA54 
 496      F4EDAAE5 
 497 0957 12A2BB84 		.ascii	"\022\242\273\204\257\033\337;\246\304\305\2641\246\260"
 497      AF1BDF3B 
 497      A6C4C5B4 
 497      31A6B0
 498 0966 63A7352E 		.ascii	"c\2475.\247\314xwr\275\022\327R\346JC\177\273\0347R"
 498      A7CC7877 
 498      72BD12D7 
 498      52E64A43 
 498      7FBB1C37 
 499 097b 26E96A79 		.ascii	"&\351jy=w5m |\304\223\3228\214\3339\005\234\353\034"
 499      3D77356D 
 499      207CC493 
ARM GAS  /tmp/ccucuZ2i.s 			page 40


 499      D2388CDB 
 499      39059CEB 
 500 0990 39D78DB5 		.ascii	"9\327\215\265\324%\332\340\373\264\261)!c\027\203\007"
 500      D425DAE0 
 500      FBB4B129 
 500      21631783 
 500      07
 501 09a1 29339B37 		.ascii	")3\2337\232\257\304\303\224\2519\024S$\307\023\224\251"
 501      9AAFC4C3 
 501      94A93914 
 501      5324C713 
 501      94A9
 502 09b3 AEA8A9E7 		.ascii	"\256\250\251\347>\315,'G\303\255\344\036%\236\245m'"
 502      3ECD2C27 
 502      47C3ADE4 
 502      1E259EA5 
 502      6D27
 503 09c5 9FC4E9AD 		.ascii	"\237\304\351\255q\234\214\366j\232*\261\307\251\034"
 503      719C8CF6 
 503      6A9A2AB1 
 503      C7A91C
 504 09d4 D35DAEC2 		.ascii	"\323]\256\302\271\264~\360I\025d\275\005\224\351\273"
 504      B9B47EF0 
 504      491564BD 
 504      0594E9BB 
 505 09e4 FF38D11E 		.ascii	"\3778\321\036\027S&\266v\327\005\033\\N\231+\206^\204"
 505      175326B6 
 505      76D7051B 
 505      5C4E992B 
 505      865E84
 506 09f7 2FD2FAB3 		.ascii	"/\322\372\263D}\027\203\257Q\246\250*\271\317\012\267"
 506      447D1783 
 506      AF51A6A8 
 506      2AB9CF0A 
 506      B7
 507 0a08 50A6BF22 		.ascii	"P\246\277\"\372\215\024wP\246\370\335\276\026\033\334"
 507      FA8D1477 
 507      50A6F8DD 
 507      BE161BDC 
 508 0a18 459996F3 		.ascii	"E\231\226\363\206A{\334G\231\361+\307\306\271IH#\341"
 508      86417BDC 
 508      4799F12B 
 508      C7C6B949 
 508      4823E1
 509 0a2b 763D3E6F 		.ascii	"v=>o9\215!\235\015\260G\332\367\214\311\360\000\213"
 509      398D219D 
 509      0DB047DA 
 509      F78CC9F0 
 509      008B
 510 0a3d 5DF2226D 		.ascii	"]\362\"mz\304\0019[x\350\275\331\205\343\330\224\300"
 510      7AC40139 
 510      5B78E8BD 
 510      D985E3D8 
 510      94C0
 511 0a4f 5035F1D7 		.ascii	"P5\361\327\363\207\256\353t\007.#\0220\350\016\254\316"
 511      F387AEEB 
 511      74072E23 
ARM GAS  /tmp/ccucuZ2i.s 			page 41


 511      1230E80E 
 511      ACCE
 512 0a61 295884C6 		.ascii	")X\204\3060\232{\236\274\017\346\367\276k\034\332\264"
 512      309A7B9E 
 512      BC0FE6F7 
 512      BE6B1CDA 
 512      B4
 513 0a72 64AF32E2 		.ascii	"d\2572\342\243J\200\356\026\243\315\216A\366:\035B/"
 513      A34A80EE 
 513      16A3CD8E 
 513      41F63A1D 
 513      422F
 514 0a84 DFC4928B 		.ascii	"\337\304\222\213bKj\304\262\367\204\360\262\253\305"
 514      624B6AC4 
 514      B2F784F0 
 514      B2ABC5
 515 0a93 B2AB1891 		.ascii	"\262\253\030\221\354\014\201\354+b\331ub\331g\005v\033"
 515      EC0C81EC 
 515      2B62D975 
 515      62D96705 
 515      761B
 516 0aa5 C4B2E7EC 		.ascii	"\304\262\347\354\360Y\002K.\213\321\355b\017\326\010"
 516      F059024B 
 516      2E8BD1ED 
 516      620FD608 
 517 0ab5 64F788D1 		.ascii	"d\367\210\321sO\304}\002\341\225bx\253X\370=\201\360"
 517      734FC47D 
 517      02E19562 
 517      78AB58F8 
 517      3D81F0
 518 0ac8 DB627407 		.ascii	"\333bt\007#\026>*\200\267\212\341\315f>\204\224\260"
 518      23163E2A 
 518      80B78AE1 
 518      CD663E84 
 518      94B0
 519 0ada 2598CF08 		.ascii	"%\230\317\010\357Y\236M\341\007\263^\001\274M\014\277"
 519      EF599E4D 
 519      E107B35E 
 519      01BC4D0C 
 519      BF
 520 0aeb 3367A095 		.ascii	"3g\240\225\002[z\305\360\271g\377]\001\274\323\362H"
 520      025B7AC5 
 520      F0B967FF 
 520      5D01BCD3 
 520      F248
 521 0afd 057EE911 		.ascii	"\005~\351\021\240\333-\333\"@g\013|~\311\362\204\012"
 521      A0DB2DDB 
 521      2240670B 
 521      7C7EC9F2 
 521      840A
 522 0b0f 4D2915C0 		.ascii	"M)\025\300\007,O\221\020>)\260\345\206\030.\374Zbv\256"
 522      072C4F91 
 522      103E29B0 
 522      E586182E 
 522      FC5A6276 
 523 0b24 F743B03E 		.ascii	"\367C\260>d\2075\305\035\352\263p@Fag\364\014\016\355"
 523      648735C5 
ARM GAS  /tmp/ccucuZ2i.s 			page 42


 523      1DEAB370 
 523      40466167 
 523      F40C0EED 
 524 0b38 7740E340 		.ascii	"w@\343@\357\201\206\201\036\003\215\001M\003\275\005"
 524      EF818681 
 524      1E038D01 
 524      4D03BD05 
 525 0b48 1A047A05 		.ascii	"\032\004z\005\364\002\3505\320K\240Q\240\031\240X\220"
 525      F402E835 
 525      D04BA051 
 525      A019A058 
 525      90
 526 0b59 11013409 		.ascii	"\021\0014\011\365h(u@\217\240\036\011\345S(\237\003"
 526      F5682875 
 526      408FA01E 
 526      09E55328 
 526      9F03
 527 0b6b BD017A02 		.ascii	"\275\001z\0024\004\024\003\357G\240\2340\313\363\332"
 527      34041403 
 527      EF47A09C 
 527      30CBF3DA 
 528 0b7b 04A3EA12 		.ascii	"\004\243\352\022\217jN2\326!@\337\265\214\026\272\354"
 528      8F6A4E32 
 528      D62140DF 
 528      B58C16BA 
 528      EC
 529 0b8c 9C00FEC0 		.ascii	"\234\000\376\300rl\010\204\277\024\240[,G\265Y\026)"
 529      726C0884 
 529      BF14A05B 
 529      2C47B559 
 529      1629
 530 0b9e 80DFB7BC 		.ascii	"\200\337\267\274 \005\231\341\376\021\257\010r\223\235"
 530      200599E1 
 530      FE11AF08 
 530      72939D
 531 0bad 12A78624 		.ascii	"\022\247\206$\344gF\2742\242t\015\313\331\230o\024\313"
 531      E46746BC 
 531      32A2740D 
 531      CBD9986F 
 531      14CB
 532 0bbf 6A98A3FA 		.ascii	"j\230\243\372\215@\365M\313\241 \030W\232 \316\352-"
 532      8D40F54D 
 532      CBA12018 
 532      579A20CE 
 532      EA2D
 533 0bd1 EFBD42E1 		.ascii	"\357\275B\341e\002\341}\02671\201\354i\001\370\272e"
 533      6502E17D 
 533      16373181 
 533      EC6901F8 
 533      BA65
 534 0be3 C305E8BD 		.ascii	"\303\005\350\275\002K\316[\336{\205\037\374^\005\363"
 534      024BCE5B 
 534      DE7B851F 
 534      FC5E05F3 
 535 0bf3 9BEF2DF1 		.ascii	"\233\357-\361\346\333\304\013\207\303\354uI\311}[\\"
 535      E6DBC40B 
 535      87C3EC75 
ARM GAS  /tmp/ccucuZ2i.s 			page 43


 535      49C97D5B 
 535      5C
 536 0c04 68CD6691 		.ascii	"h\315f\221\257N\326t+\305\237\365\214\013\001%`\227"
 536      AF4ED674 
 536      2BC59FF5 
 536      8C0B0125 
 536      6097
 537 0c16 FFBBB540 		.ascii	"\377\273\265@c\244\374\305B\222\357\306c'\004\371\213"
 537      63A4FCC5 
 537      4292EFC6 
 537      632704F9 
 537      8B
 538 0c27 31AB9C62 		.ascii	"1\253\234b\270O\206)\003\0067\263\254\232\000\371</"
 538      B84F8629 
 538      030637B3 
 538      AC9A00F9 
 538      3C2F
 539 0c39 11B35FF7 		.ascii	"\021\263_\367H\011\3407u1qv\346\337\027-\375k@\362!"
 539      4809E037 
 539      75317176 
 539      E6DF172D 
 539      FD6B40F2 
 540 0c4e FF17C8D6 		.ascii	"\377\027\310\326\267\306!3\315If\232wr\232w\262\232"
 540      B7C62133 
 540      CD49669A 
 540      77729A77 
 540      B29A
 541 0c60 4BE29F0E 		.ascii	"K\342\237\0169X\326,\371p\265(\031;\201\260\206\333"
 541      3958D62C 
 541      F970B528 
 541      193B81B0 
 541      86DB
 542 0c72 FD397205 		.ascii	"\3759r\005\367].\355\277\177\004C)XA\376\377\020\373"
 542      F75D2EED 
 542      BF7F0443 
 542      295841FE 
 542      FF10FB
 543 0c85 E20EC6A5 		.ascii	"\342\016\306\245\326\364\237\005\211%\267\024\354\005"
 543      D6F49F05 
 543      8925B714 
 543      EC05
 544 0c93 000CE43E 		.ascii	"\000\014\344>\377\035\270q\270\300\206}G\356\012i\230"
 544      FF1DB871 
 544      B8C0867D 
 544      47EE0A69 
 544      98
 545 0ca4 7DF9B42F 		.ascii	"}\371\264/\271H1\357\245 \003\223KA:\346.\005\027\253"
 545      B94831EF 
 545      A5200393 
 545      4B413AE6 
 545      2E0517AB 
 546 0cb8 B20C32B8 		.ascii	"\262\0142\270\024\350\331K\301\237\362\351\245 RJp("
 546      14E8D94B 
 546      C19FF2E9 
 546      A520524A 
 546      7028
 547 0cca 959F3EA8 		.ascii	"\225\237>\250\362\227\202L\274Db\247\011\365\013\322"
ARM GAS  /tmp/ccucuZ2i.s 			page 44


 547      F297824C 
 547      BC4462A7 
 547      09F50BD2 
 548 0cda 0405F96B 		.ascii	"\004\005\371k\002\203\003\265\362\265\337}\277\330\375"
 548      028303B5 
 548      F2B5DF7D 
 548      BFD8FD
 549 0ce9 ABAF2432 		.ascii	"\253\257$2\037/\017?\255\237\324osX\220B\243\331\036"
 549      1F2F0F3F 
 549      AD9FD46F 
 549      73589042 
 549      A3D91E
 550 0cfc 18AC5DE1 		.ascii	"\030\254]\341\246\321~\257\332\036\036\246\332\030\030"
 550      A6D17EAF 
 550      DA1E1EA6 
 550      DA1818
 551 0d0b ACDAB269 		.ascii	"\254\332\262i\3232\277\260m\313\202C\202\003\226\005"
 551      D332BFB0 
 551      6DCB8243 
 551      82039605 
 552 0d1b F86D0C5C 		.ascii	"\370m\014\\\366\271f\3452\267\345\256_\374\323Me\326"
 552      F6B966E5 
 552      32B7E5AE 
 552      5FFCD34D 
 552      65D6
 553 0d2d A00A0CDE 		.ascii	"\240\012\014\336\024\264\335?@\265\315o\323\326\300"
 553      14B4DD3F 
 553      40B5CD6F 
 553      D3D6C0
 554 0d3c E00095C6 		.ascii	"\340\000\225\306?`\263\337\366 \255F\373Sh@\370g[%r"
 554      3F60B3DF 
 554      F620AD46 
 554      FB536840 
 554      F8675B25 
 555 0d51 A3F8AF7F 		.ascii	"\243\370\257\177\211\370\360\237\302U\232p\255?\310"
 555      89F8F09F 
 555      C2559A70 
 555      AD3FC8
 556 0d60 029938C4 		.ascii	"\002\2318\304?\314*t{\250\177\230uHxh@\200\177\230,"
 556      3FCC2A74 
 556      7BA87F98 
 556      75487868 
 556      40807F98 
 557 0d75 84E80BB3 		.ascii	"\204\350\013\263\332\026\342\037\020F\006\266u\245\373"
 557      DA16E21F 
 557      104606B6 
 557      75A5FB
 558 0d84 D6C08D81 		.ascii	"\326\300\215\201\353}U!\341\252\255~A\252\320\2200m"
 558      EB7D5521 
 558      E1AAAD7E 
 558      41AAD090 
 558      306D
 559 0d96 B8CA77C3 		.ascii	"\270\312w\303\267+\334T\336\336\036\252\265>\353\326"
 559      B72BDC54 
 559      DEDE1EAA 
 559      B53EEBD6 
 560 0da6 FFCB8D34 		.ascii	"\377\313\2154\031\235\004\202\035\303\265\333\300\326"
ARM GAS  /tmp/ccucuZ2i.s 			page 45


 560      199D0482 
 560      1DC3B5DB 
 560      C0D6
 561 0db4 2DA18121 		.ascii	"-\241\201!\232\360\000\355\366P\215V\346\263\2268K\346"
 561      9AF000ED 
 561      F6508D56 
 561      E6B39638 
 561      4BE6
 562 0dc6 B386169E 		.ascii	"\263\206\026\236\264\360\240\205;-V\323b\025-\326\221"
 562      B4F0A085 
 562      3B2D56D3 
 562      62152DD6 
 562      91
 563 0dd7 C2C66795 		.ascii	"\302\306g\225\267{H\360\346\300-?\303\222M\222_\231"
 563      B77B48F0 
 563      E6C02D3F 
 563      C3924D92 
 563      5F99
 564 0de9 A60EECD8 		.ascii	"\246\016\354\330\022\026\262=\224\014M\036\030B\012"
 564      1216B23D 
 564      940C4D1E 
 564      18420A
 565 0df8 8D561918 		.ascii	"\215V\031\030B\304l\363\013\377\207F+]\265F\355E~\274"
 565      42C46CF3 
 565      0BFF8746 
 565      2B5DB546 
 565      ED457EBC 
 566 0e0c A5DEEEDF 		.ascii	"\245\336\356\337\250\245\253}\325j\364\027\344e\265"
 566      A8A5AB7D 
 566      D56AF417 
 566      E465B5
 567 0e1b 2928C02F 		.ascii	")(\300/\214\233a\327/4Z\271\261\202A(^\357\241\306\353"
 567      8C9B61D7 
 567      2F345AB9 
 567      B1824128 
 567      5EEFA1C6 
 568 0e30 3CD4563E 		.ascii	"<\324V>\337\373x\250\255\327\373\372xzz\250e\3537\374"
 568      DFFB78A8 
 568      ADD7FBFA 
 568      787A7AA8 
 568      65EB37FC 
 569 0e44 CDC7536D 		.ascii	"\315\307Sm\365\355z\017O5^\255V+\005.\321*\250\332@"
 569      F5ED7A0F 
 569      4F355EAD 
 569      562B052E 
 569      D12AA8DA 
 570 0e59 7FA8FA78 		.ascii	"\177\250\372x{\373\256Z\347\276f\255\232T\327\271\371"
 570      7BFBAE5A 
 570      E7BE66AD 
 570      9A54D7B9 
 570      F9
 571 0e6a 92AA95AF 		.ascii	"\222\252\225\257\257\373Z\265\215\332\323\327S\375\203"
 571      AFFB5AB5 
 571      8DDAD3D7 
 571      53FD83
 572 0e79 A7C717D8 		.ascii	"\247\307\027\330\335\027\354\361p\347_}n\263\312g\265"
 572      DD17ECF1 
ARM GAS  /tmp/ccucuZ2i.s 			page 46


 572      70E75F7D 
 572      6EB3CA67 
 572      B5
 573 0e8a 9BB78FE7 		.ascii	"\233\267\217\347wjRs\2455c\353J\233U^\253Wp\255^&\234"
 573      776A5273 
 573      A53563EB 
 573      4A9B555E 
 573      AB5770AD 
 574 0ea1 9718B7C2 		.ascii	"\227\030\267\302\232H\2017\244t\025\266\270Y\023\011"
 574      9A488137 
 574      A47415B6 
 574      B8591309 
 575 0eb1 6C8B1787 		.ascii	"l\213\027\207\3602G\270\312I_\265\357\0065\251\270\222"
 575      F03247B8 
 575      CA495FB5 
 575      EF0635A9 
 575      B892
 576 0ec3 8AA96DB9 		.ascii	"\212\251m\271\234\364\246m^F\220\027\005a\367uj)\031"
 576      9CF4A66D 
 576      5E469017 
 576      0561F775 
 576      6A2919
 577 0ed6 A4358C97 		.ascii	"\2445\214\227\224\214\273\332\332\303\375\033R\375R"
 577      948CBBDA 
 577      DAC3FD1B 
 577      52FD52
 578 0ee5 30C79B42 		.ascii	"0\307\233B\266m\013\011V\005\354\320\252\334\277\365"
 578      B66D0B09 
 578      5605ECD0 
 578      AADCBFF5 
 579 0ef5 5DE70B53 		.ascii	"]\347\013SMg{\315\312\035;T\254;7\257t\373j\307\016"
 579      4D677BCD 
 579      CA1D3B54 
 579      AC3B37AF 
 579      74FB6AC7 
 580 0f0a 08385BB5 		.ascii	"\0108[\265\273\273f\003\204\256G\300f9Y\244\304\317"
 580      BBBB6603 
 580      84AE47C0 
 580      663959A4 
 580      C4CF
 581 0f1c FF01FC76 		.ascii	"\377\001\374v\367\017"
 581      F70F
 582              		.text
 583              		.section	.gnu.lto_.symtab.35d3199ce711c495,"",%progbits
 584 0000 5F70616C 		.ascii	"_pal_lld_init\000"
 584      5F6C6C64 
 584      5F696E69 
 584      7400
 585 000e 00       		.ascii	"\000"
 586 000f 00       		.ascii	"\000"
 587 0010 00       		.ascii	"\000"
 588 0011 00000000 		.ascii	"\000\000\000\000\000\000\000\000"
 588      00000000 
 589 0019 F0000000 		.ascii	"\360\000\000\000"
 590 001d 5F70616C 		.ascii	"_pal_lld_setgroupmode\000"
 590      5F6C6C64 
 590      5F736574 
ARM GAS  /tmp/ccucuZ2i.s 			page 47


 590      67726F75 
 590      706D6F64 
 591 0033 00       		.ascii	"\000"
 592 0034 00       		.ascii	"\000"
 593 0035 00       		.ascii	"\000"
 594 0036 00000000 		.ascii	"\000\000\000\000\000\000\000\000"
 594      00000000 
 595 003e 37010000 		.ascii	"7\001\000\000"
 596              		.text
 597              		.section	.gnu.lto_.opts,"",%progbits
 598 0000 272D6666 		.ascii	"'-ffp-contract=off' '-fmath-errno' '-fsigned-zeros'"
 598      702D636F 
 598      6E747261 
 598      63743D6F 
 598      66662720 
 599 0033 20272D66 		.ascii	" '-ftrapping-math' '-fno-trapv' '-fno-openmp' '-fno"
 599      74726170 
 599      70696E67 
 599      2D6D6174 
 599      68272027 
 600 0066 2D6F7065 		.ascii	"-openacc' '-mcpu=cortex-m4' '-mno-thumb-interwork' "
 600      6E616363 
 600      2720272D 
 600      6D637075 
 600      3D636F72 
 601 0099 272D6D74 		.ascii	"'-mthumb' '-ggdb' '-O2' '-fomit-frame-pointer' '-fa"
 601      68756D62 
 601      2720272D 
 601      67676462 
 601      2720272D 
 602 00cc 6C69676E 		.ascii	"lign-functions=16' '-ffunction-sections' '-fdata-se"
 602      2D66756E 
 602      6374696F 
 602      6E733D31 
 602      36272027 
 603 00ff 6374696F 		.ascii	"ctions' '-fno-common' '-flto'\000"
 603      6E732720 
 603      272D666E 
 603      6F2D636F 
 603      6D6D6F6E 
 604              		.text
 605              		.comm	__gnu_lto_v1,1,1
 606              		.comm	__gnu_lto_slim,1,1
 607              		.ident	"GCC: (GNU Tools for ARM Embedded Processors) 5.4.1 20160609 (release) [ARM/embedded-5-bran
ARM GAS  /tmp/ccucuZ2i.s 			page 48


DEFINED SYMBOLS
                            *ABS*:00000000 hal_pal_lld.c
                            *COM*:00000001 __gnu_lto_v1
                            *COM*:00000001 __gnu_lto_slim

NO UNDEFINED SYMBOLS
