ARM GAS  /tmp/cchuAJJ4.s 			page 1


   1              		.syntax unified
   2              		.cpu cortex-m4
   3              		.fpu softvfp
   4              		.eabi_attribute 20, 1
   5              		.eabi_attribute 21, 1
   6              		.eabi_attribute 23, 3
   7              		.eabi_attribute 24, 1
   8              		.eabi_attribute 25, 1
   9              		.eabi_attribute 26, 1
  10              		.eabi_attribute 30, 2
  11              		.eabi_attribute 34, 1
  12              		.eabi_attribute 18, 4
  13              		.thumb
  14              		.syntax unified
  15              		.file	"hal_lld.c"
  16              		.text
  17              	.Ltext0:
  18              		.section	.gnu.lto_.profile.ff187567b4309adf,"",%progbits
  19 0000 789C6361 		.ascii	"x\234ca`d`e`\000\222m\214\205\000\002\203\001\004"
  19      60646065 
  19      6000926D 
  19      8C850002 
  19      830104
  20              		.text
  21              		.section	.gnu.lto_.icf.ff187567b4309adf,"",%progbits
  22 0000 789C6361 		.ascii	"x\234ca`d\000\001)\006\004`a\330\265b\337\034.\306\203"
  22      60640001 
  22      29060460 
  22      61D8B562 
  22      DF1C2EC6 
  23 0015 2D9BBB99 		.ascii	"-\233\273\231\2316\274\371\362\205\203yn\377\371\006"
  23      9936BCF9 
  23      F2858379 
  23      6EFFF906 
  24 0025 1606009D 		.ascii	"\026\006\000\235\332\013\201"
  24      DA0B81
  25              		.text
  26              		.section	.gnu.lto_.jmpfuncs.ff187567b4309adf,"",%progbits
  27 0000 789C6361 		.ascii	"x\234ca`d\000\001^\006\004`\006b\260(\023\020\003\000"
  27      60640001 
  27      5E060460 
  27      0662B028 
  27      13100300 
  28 0014 02410019 		.ascii	"\002A\000\031"
  29              		.text
  30              		.section	.gnu.lto_.inline.ff187567b4309adf,"",%progbits
  31 0000 789C6361 		.ascii	"x\234ca`d\000\001o\006\004`f`\220\024ed`\322\331\261"
  31      60640001 
  31      6F060460 
  31      66609014 
  31      656460D2 
  32 0016 8A89816D 		.ascii	"\212\211\201m\201<\023H\220\221AT\015(\246\320\360\213"
  32      813C1348 
  32      90914154 
  32      0D28A6D0 
  32      F08B
  33 0028 1121C605 		.ascii	"\021!\306\005#\230\030N2<`\002\312\3670~\273\255\005"
ARM GAS  /tmp/cchuAJJ4.s 			page 2


  33      2398184E 
  33      323C6002 
  33      CAF7307E 
  33      BBAD05
  34 003b 57C00000 		.ascii	"W\300\000\000\202t\012\222"
  34      82740A92 
  35              		.text
  36              		.section	.gnu.lto_.pureconst.ff187567b4309adf,"",%progbits
  37 0000 789C6361 		.ascii	"x\234ca`d`g```f\220b\224b\222\002\000\001\254\000a"
  37      60646067 
  37      60606066 
  37      90629462 
  37      92020001 
  38              		.text
  39              		.section	.gnu.lto_hal_lld_backup_domain_init.ff187567b4309adf,"",%progbits
  40 0000 789C9D54 		.ascii	"x\234\235T;LSa\024>\347\277\217\026h+\004t@\242&N,\336"
  40      3B4C5361 
  40      143EE7BF 
  40      8F16682B 
  40      047440A2 
  41 0018 A00E4C2E 		.ascii	"\240\016L.&:\021\023q7>\006HH0\342\300\306_\333\252"
  41      263A1113 
  41      71373E06 
  41      484830E2 
  41      C0C65FDB 
  42 002d 71510761 		.ascii	"qQ\007a\021\251\203\001Q^\212hyH\251\340\013\002\016"
  42      11A98301 
  42      515E8A68 
  42      7948A9E0 
  42      0B020E
  43 0040 25246022 		.ascii	"%$`\"\032\322\030\037I\2535J\260\324\377\374\377\205"
  43      1AD2181F 
  43      49AB354A 
  43      B0D4FFFC 
  43      FF85
  44 0052 0B0E06B8 		.ascii	"\013\016\006\270I\317m\377{\362\275\316\351\325\001"
  44      49CF6DFF 
  44      7BF2BDCE 
  44      E9D501
  45 0061 81AE3E03 		.ascii	"\201\256>\003\240L\334+\304\007]\200\354\372$\200\337"
  45      A04CDC2B 
  45      C4075D80 
  45      ECFA2480 
  45      DF
  46 0072 CD98162E 		.ascii	"\315\230\026.\007\236\253'\267\003\367h\250\253c\235"
  46      079EAB27 
  46      B703F768 
  46      A8AB639D 
  47 0082 19714B1C 		.ascii	"\031qK\034\233\203\273\304\261\201\246:6\021\351\013"
  47      9B83BBC4 
  47      B181A63A 
  47      3611E90B 
  48 0092 77233430 		.ascii	"w#40M7Ll\300\237,\3030v9\021a\245\255\\\\\363cs>\336"
  48      4D374C6C 
  48      C09F2CC3 
  48      30763911 
  48      61A5AD5C 
ARM GAS  /tmp/cchuAJJ4.s 			page 3


  49 00ac 16C59006 		.ascii	"\026\305\220\006\220e\222\033\260\025KA\264}\354Y\276"
  49      9065921B 
  49      B0154B41 
  49      B47DEC59 
  49      BE
  50 00bd E93583D4 		.ascii	"\3515\203\324\266G=\30464I`\327\361(\317f\003\234\017"
  50      B6473DC4 
  50      36344960 
  50      D7F128CF 
  50      66039C0F 
  51 00d1 958DEFDD 		.ascii	"\225\215\357\335\241CHC\203\212\213\212\233J\036\025"
  51      A1434843 
  51      838A8B8A 
  51      9B4A1E15 
  52 00e1 0F152F15 		.ascii	"\017\025/\025\037\225|*\005T\012\251\024Q\001H\012`"
  52      1F957C2A 
  52      05540AA9 
  52      14510148 
  52      0A60
  53 00f3 9299628C 		.ascii	"\222\231b\214\356Z\002c\375\251\301\235D\025\320t!\243"
  53      EE5A0263 
  53      FDA9C19D 
  53      4415D074 
  53      21A3
  54 0105 31149B72 		.ascii	"1\024\233r\245YHcH\252\356d\202\2359\352'\237\367s\352"
  54      A5594863 
  54      48AAEE64 
  54      829D39EA 
  54      279FF773 
  55 011a B83DF16E 		.ascii	"\270=\361n4\267\005\233\205\013\015\333\261\004\357"
  55      34B7059B 
  55      850B0DDB 
  55      B104EF
  56 0129 610950EF 		.ascii	"a\011P\357\344\324\325\264\313\352\340A?\317\017i:\336"
  56      E4D4D5B4 
  56      CBEAE041 
  56      3FCF0F69 
  56      3ADE
  57 013b C7165C96 		.ascii	"\307\026\\\226.\361\001Z\220\300\300oS\021\031\212\253"
  57      2EF1015A 
  57      90C0C06F 
  57      5311198A 
  57      AB
  58 014c F3D3F0AD 		.ascii	"\363\323\360\255\\\002G\344\014;\004\214\220\323\210"
  58      5C0247E4 
  58      0C3B048C 
  58      90D388
  59 015b D4B3199E 		.ascii	"\324\263\031\236N\207\247\013-\201N0\3757\016).\327"
  59      4E87A70B 
  59      2D814E30 
  59      FD370E29 
  59      2ED7
  60 016d 5A538634 		.ascii	"ZS\2064\025l\036K\344\250\237<yE\232\372\362~)b(2\023"
  60      156C1E4B 
  60      E4A89F3C 
  60      79459AFA 
  60      F27E2962 
ARM GAS  /tmp/cchuAJJ4.s 			page 4


  61 0184 7B0459B7 		.ascii	"{\004Y\267M\366\275\361\355\274\207\310\220\250\036"
  61      4DF6BDF1 
  61      EDBC87C8 
  61      90A81E
  62 0193 4A2A1A0A 		.ascii	"J*\032\012>R\226\376\\\2123E\344V\\\013w\027\3029\266"
  62      3E5296FE 
  62      5C8A3345 
  62      E4565C0B 
  62      7717C239 
  63 01a8 29137B05 		.ascii	")\023{\005\314\007\014\316\005\212\355&\321\321\364"
  63      CC070CCE 
  63      058AED26 
  63      D1D1F4
  64 01b7 6DB1D86E 		.ascii	"m\261\330n\320\3611\361\000\015D\203p9\315#\335=\274"
  64      D0F131F1 
  64      000D4483 
  64      7039CD23 
  64      DD3DBC
  65 01ca DB8E6045 		.ascii	"\333\216`E\225\237\266\242\014\376\257\255\317\321\366"
  65      959FB6A2 
  65      0CFEAFAD 
  65      CFD1F6
  66 01d9 042DF1B8 		.ascii	"\004-\361\270\375W\313\017\235\210t\344\202\351\251"
  66      FD57CB0F 
  66      9D8874E4 
  66      82E9A9
  67 01e8 CA379DDC 		.ascii	"\3127\235\334\032|\304\201\357\227\360\253\241\352\010"
  67      1A7CC481 
  67      EF97F0AB 
  67      A1EA08
  68 01f7 38206DA4 		.ascii	"8 m\244\230\356lU\274GS\236\3636\236\357\240C2\364o"
  68      98EE6C55 
  68      BC47539E 
  68      F3369EEF 
  68      A04332F4 
  69 020c BE1E8594 		.ascii	"\276\036\205\224\011\317f\014;>\2615\317T\300\263+\001"
  69      09CF660C 
  69      3B3EB135 
  69      CF54C0B3 
  69      2B01
  70 021e 7B444BD7 		.ascii	"{DK\327\327\310\242W\265\000\016\257\006l@\334R\322"
  70      D7C8A257 
  70      B5000EAF 
  70      066C40DC 
  70      52D2
  71 0230 A653B634 		.ascii	"\246S\2664\357\206\244\331{\026u\304\215\254\337g\237"
  71      EF86A4D9 
  71      7B1675C4 
  71      8DACDF67 
  71      9F
  72 0241 4092935C 		.ascii	"@\222\223\\\273\277\033\306\2159\270\317i\177}j\177"
  72      BBBF1BC6 
  72      8D39B8CF 
  72      697F7D6A 
  72      7F
  73 0252 675081E7 		.ascii	"gP\201\347o\006k\324\301\032[\257\261@ \311\264\266"
  73      6F066BD4 
ARM GAS  /tmp/cchuAJJ4.s 			page 5


  73      C11A5BAF 
  73      B14020C9 
  73      B4B6
  74 0264 A4F18583 		.ascii	"\244\361\205\203\373\2224\026\310DMg\332\013#v\244\205"
  74      FB923416 
  74      C8444D67 
  74      DA0B2376 
  74      A485
  75 0276 9BF9EBBE 		.ascii	"\233\371\353\276\222\260\362e\367\332\236\267-\267H"
  75      92B0F265 
  75      F7DA9EB7 
  75      2DB748
  76 0285 21F55E1B 		.ascii	"!\365^\033\230\266G\231]\312f\267\341\233\255\276%\306"
  76      98B64799 
  76      5DCA66B7 
  76      E19BADBE 
  76      25C6
  77 0297 1DAA0972 		.ascii	"\035\252\011rP\004\237\361b\264\351(\341\310\005I\012"
  77      50049FF1 
  77      62B4E928 
  77      E1C80549 
  77      0A
  78 02a8 7BC28EE8 		.ascii	"{\302\216\350\260\016WU\237\256>Vi\325\326YU\247j\254"
  78      B00E5755 
  78      9FAE3E56 
  78      69D5D659 
  78      55A76AAC 
  79 02bc 73B5E72F 		.ascii	"s\265\347/\324Y\225'*\016\354W\365\310\301\372zzr\262"
  79      D4599527 
  79      2A0EEC57 
  79      F5C8C1FA 
  79      7A7A72B2 
  80 02d0 A6E6ECBE 		.ascii	"\246\346\354\2763\360\027\210:\357o"
  80      33F01788 
  80      3AEF6F
  81              		.text
  82              		.section	.gnu.lto_hal_lld_init.ff187567b4309adf,"",%progbits
  83 0000 789C9D94 		.ascii	"x\234\235\224\273o\323P\024\306\357wm\247\011\012$\003"
  83      BB6FD350 
  83      14C6EF77 
  83      6DA7090A 
  83      2403
  84 0012 1B1D5818 		.ascii	"\033\035X\030\272p[\340?@b@BH\224\035\361\030Z)\250"
  84      BA705BE0 
  84      3F406240 
  84      4248941D 
  84      F1185A29 
  85 0027 8876E896 		.ascii	"\210v\350\226[\022\213.HT\202\014\210\252c[J)\345\355"
  85      5B128B2E 
  85      4854820C 
  85      88AA635B 
  85      4A29E5ED 
  86 003b F0720329 		.ascii	"\360r\003)\345!\0363B\255\030\"\004\014)\005\201\012"
  86      E5211E33 
  86      42AD1822 
  86      040C2905 
  86      810A
ARM GAS  /tmp/cchuAJJ4.s 			page 6


  87 004d 89B9E7DE 		.ascii	"\211\271\347\336\250\016\003\203}%\037\333\361\347\337"
  87      A80E0383 
  87      7D251FDB 
  87      F1E7DF
  88 005c 395F3EEB 		.ascii	"9_>\353\332\014\214\326I\207\261\036u\336\246\016X\014"
  88      DA0C8CD6 
  88      4987B11E 
  88      75DEA60E 
  88      580C
  89 006e FCFC6BC6 		.ascii	"\374\374k\306F\222\034\240\013\231\004\313s\344\361"
  89      46921CA0 
  89      0B9904CB 
  89      73E4F1
  90 007d 8337382A 		.ascii	"\20378*gk\036\357\232\224j\255T\327\273\345\224\017"
  90      676B1EEF 
  90      9A946AAD 
  90      54D7BBE5 
  90      940F
  91 008f D7622CE0 		.ascii	"\327b,\340\232\3040\211.\246d\037\347\233\0277'\212"
  91      9AC43089 
  91      2EA6641F 
  91      E79B1737 
  91      278A
  92 00a1 24DB6E1E 		.ascii	"$\333n\036b\012\011j7w\310\227AP\220r\255\373\362\216"
  92      620A096A 
  92      3777C897 
  92      41509072 
  92      ADFBF28E 
  93 00b5 AD9CB916 		.ascii	"\255\234\271\026\034*I*)*i*\031*Y*\214\325\325\3734"
  93      1C2A492A 
  93      292A692A 
  93      192A592A 
  93      8CD5D5FB 
  94 00ca C92AE774 		.ascii	"\311*\347t\266j\250\224W\177\366\020\261`\321P%\267"
  94      B66AA894 
  94      577FF610 
  94      B160D150 
  94      25B7
  95 00dc F2A6E33B 		.ascii	"\362\246\343;w-\016j^\034\257\326R\346V\326G\245\255"
  95      772D0E6A 
  95      5E1CAFD6 
  95      52E656D6 
  95      47A5AD
  96 00ef 7EFAB2FC 		.ascii	"~\372\262\374\333s&0\256\206\265p\005\235\230F'#\355"
  96      DB732630 
  96      AE86B570 
  96      059D9846 
  96      2723ED
  97 0102 B7D2DB95 		.ascii	"\267\322\333\225\264\230\225\305\021\231u-\0333\230"
  97      B49895C5 
  97      1199752D 
  97      1B3398
  98 0111 40539BC1 		.ascii	"@S\233\301U\010\246Z\015Q\237(\210\331\020q\015B\011"
  98      5508A65A 
  98      0D519F28 
  98      88D91071 
  98      0D4209
ARM GAS  /tmp/cchuAJJ4.s 			page 7


  99 0124 3E2C4DCF 		.ascii	">,M\317X4\017\020\250\225\301\234z3\022\031\304\275"
  99      58340F10 
  99      A895C19C 
  99      7A331219 
  99      C4BD
 100 0136 1E72E735 		.ascii	"\036r\3475w\303\266\015\206\033\206Y~\367\007\346\217"
 100      77C3B60D 
 100      861B8659 
 100      7EF707E6 
 100      8F
 101 0147 71A2CC7C 		.ascii	"q\242\314|S\263)\037\334\212i\373v\210\270\003\021\323"
 101      53B3291F 
 101      DC8A69FB 
 101      7688B803 
 101      11D3
 102 0159 E3DD1072 		.ascii	"\343\335\020rOA6L5Z\246\222Q&\3624L\177|em\252\360+"
 102      4F41364C 
 102      355AA692 
 102      5126F234 
 102      4C7F7C65 
 103 0171 61302943 		.ascii	"a0)C:\327X^h\013f\013\356\233~%D5\377 l\365\020B5\210"
 103      3AD7585E 
 103      680B660B 
 103      EE9B7E25 
 103      4435FF20 
 104 018b E1FD51C8 		.ascii	"\341\375Q\310x\334\346}\254\331\362\236\2162\220\257"
 104      78DCE67D 
 104      ACD9F29E 
 104      8E3290AF 
 105 019b 6116C116 		.ascii	"a\026\301\026b\006Z\011\021Ob\007\3724\204T\333\003"
 105      62065A09 
 105      114F6207 
 105      FA348454 
 105      DB03
 106 01ad 0D5AA632 		.ascii	"\015Z\2462Q&Z\3240\233`\317\376\0154kH\213\345\365\265"
 106      51265AD4 
 106      309B60CF 
 106      FE0D346B 
 106      488BE5F5 
 107 01c2 B40994B6 		.ascii	"\264\011\224\266\036`)n\240\317\303V/(\320,\373\204"
 107      1E60296E 
 107      A0CFC356 
 107      2F28D02C 
 107      FB84
 108 01d4 827F6113 		.ascii	"\202\177a\023qH\357y_\337w\344\033rT\222\336\011\350"
 108      7148EF79 
 108      5FDF77E4 
 108      1B725492 
 108      DE09E8
 109 01e7 9BC54BE4 		.ascii	"\233\305K\344\325\216\225\320\322K\377\227\252\210\361"
 109      D58E95D0 
 109      D24BFF97 
 109      AA88F1
 110 01f6 AA25FD8C 		.ascii	"\252%\375\2143\276\267_Ki\325\025GmqJ!\366\366\365\037"
 110      33BEB75F 
 110      4B69D515 
 110      476D714A 
ARM GAS  /tmp/cchuAJJ4.s 			page 8


 110      21F6F6F5 
 111 020b EB3FD82B 		.ascii	"\353?\330+\006\006E\337\321\23485pzhP\364\036>\260{"
 111      060645DF 
 111      D19C3835 
 111      707A6850 
 111      F41E3EB0 
 112 0220 97A9FBF6 		.ascii	"\227\251\373\366\014\017\323\223#\271\334\211\235\307"
 112      0C0FD393 
 112      23B9DC89 
 112      9DC7
 113 022e D95FA332 		.ascii	"\331_\2432\330*"
 113      D82A
 114              		.text
 115              		.section	.gnu.lto_stm32_clock_init.ff187567b4309adf,"",%progbits
 116 0000 789C9D58 		.ascii	"x\234\235XkLTG\024\276g\356\276\037\354\262\274A\215"
 116      6B4C5447 
 116      14BE67EE 
 116      BE1FECB2 
 116      BC418D
 117 0013 C6472455 		.ascii	"\306G$U\027(\246M\377\221&\375\3274\251M\3776}\244\325"
 117      1728A64D 
 117      FF9126FD 
 117      D734A94D 
 117      FF367DA4 
 118 0028 C4C4A636 		.ascii	"\304\304\2466\215\375\345]vW\251\245>\0224V\353\243"
 118      8DFDE55D 
 118      7657A9A5 
 118      3E123456 
 118      EBA3
 119 003a 3F5A6D7D 		.ascii	"?Zm}\000\326\252P\037\010\330U\264 \212\264>\252\240"
 119      00D6AA50 
 119      1F08D855 
 119      B4208AB4 
 119      3EAAA0
 120 004d 88161076 		.ascii	"\210\026\020v\021A\001\331\316\231\231{\357\262\246"
 120      114101D9 
 120      CE99997B 
 120      EFB2A6
 121 005c CDEEEE8F 		.ascii	"\315\356\356\2173{\347\334\373\235o\276s\346\334\331"
 121      337BE7DC 
 121      FB9D6FBE 
 121      73E6DCD9 
 122 006c 354820E1 		.ascii	"5H \341\347\023\267$\025\323\361Kz\0113$ \233[%\311"
 122      E713B724 
 122      15D3F14B 
 122      7A093324 
 122      209B5B25 
 123 0081 672120F3 		.ascii	"g! \363/2)\250\014I\222b3\004\314\222\342(\340\363e"
 123      2F3229A8 
 123      0C499262 
 123      3304CC92 
 123      E228E0F3 
 124 0096 063072BF 		.ascii	"\0060r\277\221\344s\277\211\371\363\371|\231\011\314"
 124      91E473BF 
 124      89F9F3F9 
 124      7C9909CC 
 125 00a6 DC6F2679 		.ascii	"\334o&y\334oa\376<>_f\001+\367[I.\367\333\230?\227\317"
ARM GAS  /tmp/cchuAJJ4.s 			page 9


 125      DC6F61FE 
 125      3C3E5F66 
 125      012BF75B 
 125      492EF7DB 
 126 00be 97D9C0CE 		.ascii	"\227\331\300\316\375v\222\303\375\016\346\317\341\363"
 126      FD7692C3 
 126      FD0EE6CF 
 126      E1F3
 127 00cc 650EC8C4 		.ascii	"e\016\310\304\0212I6w;\231;\233O\2279IZ8\213\316\272"
 127      11324936 
 127      773B993B 
 127      9B4F9739 
 127      495A388B 
 128 00e2 F7BE4A67 		.ascii	"\367\276Jg\323\210+\346\312\005\351\034\332\255~I\007"
 128      D3882BE6 
 128      CA05E91C 
 128      DAAD7E49 
 128      07
 129 00f3 0FFFE221 		.ascii	"\017\377\342!Y\034-\203\241e\361\371\262\014\000\034"
 129      591C2D83 
 129      A165F1F9 
 129      B20C001C 
 130 0103 150B486B 		.ascii	"\025\013Hk\211\\`0\346\233\314y\026k\256\315\236\343"
 130      895C6030 
 130      E69BCC79 
 130      166BAECD 
 130      9EE3
 131 0115 C8CC76A6 		.ascii	"\310\314v\246\271\334\351\236\254\014Xk\221%\3761\212"
 131      B9DCE99E 
 131      AC0C586B 
 131      9125FE31 
 131      8A
 132 0126 D12C46AB 		.ascii	"\321,F\253\030\355b\314\024\243G\214O\310s\002\215\353"
 132      18ED62CC 
 132      14A3478C 
 132      4FC87302 
 132      8DEB
 133 0138 7BEB48E1 		.ascii	"{\353H\341>\205~\272~8P\254\354o\200 \005\214\022~\017"
 133      3E857EBA 
 133      7E3850AC 
 133      EC6F8020 
 133      058C127E 
 134 014d EC834289 		.ascii	"\354\203B\211\336v\267vj\253\323\024\300\333fs'\354"
 134      DE76B776 
 134      6AABD314 
 134      C0DB6673 
 134      27EC
 135 015f 071326B3 		.ascii	"\007\023&\263\372\355\006%\032\365+\312DQ\305K\257\030"
 135      FAED0625 
 135      1AF52BCA 
 135      4451C54B 
 135      AF18
 136 0171 A5A00C26 		.ascii	"\245\240\014&4\0264V464v4N4.4n4\351h<h\262\320d\243"
 136      34163456 
 136      34363476 
 136      344E342E 
 136      346E34E9 
ARM GAS  /tmp/cchuAJJ4.s 			page 10


 137 018c C9459387 		.ascii	"\311E\223\207&\037M\001\232\231hf\241\231\215f\016\232"
 137      261F4D01 
 137      9A996866 
 137      A1998D66 
 137      0E9A
 138 019e B968E6A1 		.ascii	"\271h\346\241\231\217f\001\232\205h\012\321,B\263\030"
 138      998F6601 
 138      9A85680A 
 138      D12C42B3 
 138      18
 139 01af 8D174D11 		.ascii	"\215\027M\021\232b4%hJ\321,E#Ia\272\026*{\204\020:\310"
 139      9A623425 
 139      684AD12C 
 139      45234961 
 139      BA162A7B 
 140 01c7 BDD03852 		.ascii	"\275\3208Rs\273\334\210\213\243\253\336\026ll3\217\220"
 140      73BBDC88 
 140      8BA3ABDE 
 140      166C6C33 
 140      8F90
 141 01d9 A04C0045 		.ascii	"\240L\000E\010\354:\327k\345\227J\270B1\320\251\376"
 141      08EC3AD7 
 141      6BE5974A 
 141      B84231D0 
 141      A9FE
 142 01eb 3B1375C6 		.ascii	";\023u\306=\260\313\207\3128\203\262\014?\303\014\370"
 142      3DB0CB87 
 142      CA3883B2 
 142      0C3FC30C 
 142      F8
 143 01fc 89D6343E 		.ascii	"\211\3264>0\274\355r\227\303{H\011PM\015p\000\366\300"
 143      30BCED72 
 143      97C37B48 
 143      09504D0D 
 143      7000F6C0 
 144 0210 14D3150E 		.ascii	"\024\323\025\016\202\227\272\217_\333\321bD<\003\340"
 144      8297BA8F 
 144      5FDBD162 
 144      443C03E0 
 145 0220 E30087E8 		.ascii	"\343\000\207\350sH!\334sD\216\247`d\024\276\177\036"
 145      734821DC 
 145      73448EA7 
 145      606414BE 
 145      7F1E
 146 0232 386CE597 		.ascii	"8l\345\227J\227\217Q\330}\351V\263-\206\202\011\252"
 146      4A978F51 
 146      D87DE956 
 146      B32D8682 
 146      09AA
 147 0244 2985C382 		.ascii	")\205\303\202Bk\333\206\021\263F\241\206Q\300\264A-"
 147      426BDB86 
 147      11B346A1 
 147      8651C0B4 
 147      412D
 148 0256 A3101CDF 		.ascii	"\243\020\034\337z\307\245R\0008\302\011\324\327\016"
 148      7AC7A552 
 148      0038C209 
ARM GAS  /tmp/cchuAJJ4.s 			page 11


 148      D4D70E
 149 0265 70027ED9 		.ascii	"p\002~\331\030\263H\370\317\365\371\0247B\374\302\340"
 149      18B348F8 
 149      CFF5F914 
 149      3742FCC2 
 149      E0
 150 0276 59751CA5 		.ascii	"Yu\034\245\312\367\202\377\251\211\303\010\244\243\315"
 150      CAF782FF 
 150      A989C308 
 150      A4A3CD
 151 0285 A175160C 		.ascii	"\241u\026\014\007\364\363+\017\266\015\304R\023\016"
 151      07F4F32B 
 151      0FB60DC4 
 151      52130E
 152 0294 734C0F73 		.ascii	"sL\017s\034\274\024\234~\213\020Y\242\333\0053X\037"
 152      1CBC149C 
 152      7E8B1059 
 152      A2DB0533 
 152      581F
 153 02a6 191816EC 		.ascii	"\031\030\026\354-\011\3012iN\350\240u\234\373\344\272"
 153      2D09C132 
 153      694EE8A0 
 153      759CFBE4 
 153      BA
 154 02b7 1EC261AC 		.ascii	"\036\302a\254\034\351\\t\254\301\305\331\023\250\247"
 154      1CE95C74 
 154      ACC1C5D9 
 154      13A8A7
 155 02c6 28DD10B8 		.ascii	"(\335\020\270\341\377X\334Co\250\036\250{\346\3447H"
 155      E1FF58DC 
 155      436FA81E 
 155      A87BE6E4 
 155      3748
 156 02d8 F01B8691 		.ascii	"\360\033\206\221\260\302\012$\272\277!B\014\242\304"
 156      B0C20A24 
 156      BABF2142 
 156      0CA2C4
 157 02e7 EA234357 		.ascii	"\352#CW\004A[2\353>\311(\342v\207S\202\242\220\327\316"
 157      04415B32 
 157      EB3EC928 
 157      E2768753 
 157      82A290D7 
 158 02fc 914E8F06 		.ascii	"\221N\217\006\277\340\341'\243\321\250\013N\247\252"
 158      BFE0E127 
 158      A3D1A80B 
 158      4EA7AA
 159 030b F0193D52 		.ascii	"\360\031=R\003*lgU\261eD\350\341L\006\353\254\216\325"
 159      032A6C67 
 159      55B16544 
 159      E8E14C06 
 159      EBAC8ED5 
 160 031f C858A7C0 		.ascii	"\310X\247\300\247I\307hF>N\226q\243\236\361\221\273"
 160      A749C768 
 160      463E4E96 
 160      71A39EF1 
 160      91BB
 161 0331 425057E2 		.ascii	"BPW\342\031?\247\203\376\256f|@\254\320\315\221&\036"
ARM GAS  /tmp/cchuAJJ4.s 			page 12


 161      193FA783 
 161      FEAE667C 
 161      40ACD0CD 
 161      91261E
 162 0344 565D07AE 		.ascii	"V]\007\256\250\003B<\3437\325\214\273cR\234/Rl\322R"
 162      A803423C 
 162      E337D58C 
 162      BB63529C 
 162      2F526CD2 
 163 0359 3CAAEEA0 		.ascii	"<\252\356\240\364d\026z^\257\302\013\323S\354\341H\325"
 163      F464167A 
 163      5EAFC20B 
 163      D353ECE1 
 163      48D5
 164 036b 178221C1 		.ascii	"\027\202!\301\350\031@K\252\011\276\250\307\271\204"
 164      E819404B 
 164      AA09BEA8 
 164      C7B984
 165 037a 827A58DF 		.ascii	"\202zX\337\251\031\273\"\307!%\322\330\376\320\205l"
 165      A919BB22 
 165      C72125D2 
 165      D8FED085 
 165      6C
 166 038b 655D456B 		.ascii	"e]EkZ\006\272\017\332DO\211DUE\262\222azYg\332>\275"
 166      5A06BA0F 
 166      DA444F89 
 166      445545B2 
 166      92617A59 
 167 03a3 A76473A4 		.ascii	"\247ds\244\007\203\007+\315\\\021E1\300\225T%\271\252"
 167      0783072B 
 167      CD5C1145 
 167      31C09554 
 167      25B9AA
 168 03b6 07EA4049 		.ascii	"\007\352@I\262Y\215\231\365\032k\276'\370\347&^c\327"
 168      B2598D99 
 168      F51A6BBE 
 168      27F8E726 
 168      5E63D7
 169 03c9 74D04EB5 		.ascii	"t\320N\265\306n\211\032\313\343HM\273w\007\210\312\337"
 169      C66E891A 
 169      CBE3484D 
 169      BB770788 
 169      CADF
 170 03db 027FC6F5 		.ascii	"\002\177\306\365\225\274\230*\313\023Uf\321\252,\324"
 170      95BC982A 
 170      CB135566 
 170      D1AA2CD4 
 171 03eb 2438E527 		.ascii	"$8\345'\263\324\277\030+\003\262\272>]\323\002\212\224"
 171      B3D4BF18 
 171      2B03B2BA 
 171      3E5DD302 
 171      8A94
 172 03fd 7A63BEA1 		.ascii	"zc\276\241\343\336D\011\013\230\204VM\302\332K\252\204"
 172      E3DE4409 
 172      0B988456 
 172      4DC2DA4B 
 172      AA84
ARM GAS  /tmp/cchuAJJ4.s 			page 13


 173 040f 331397F0 		.ascii	"3\023\227\360\226\016\372w|c\236E\221^\350\304\263b"
 173      960EFA77 
 173      7C639E45 
 173      915EE8C4 
 173      B362
 174 0421 14CB158A 		.ascii	"\024\313\025\212\331\264\267{\233\337\230B\211\337f"
 174      D9B4B77B 
 174      9BDF9842 
 174      89DF66
 175 0430 24F08405 		.ascii	"$\360\204\005wX\211\267\354\354\277g\347%\276c\277\357"
 175      775889B7 
 175      ECECBF67 
 175      E725BE63 
 175      BFEF
 176 0442 35E852DF 		.ascii	"5\350R\337\234\035\277\210%\316NF\271n\275N\356N\317"
 176      9C1DBF88 
 176      25CE4E46 
 176      B96EBD4E 
 176      EE4ECF
 177 0455 C81C8ED4 		.ascii	"\310\034\216\324~\177\274\315\252V\011-\223{\251\346"
 177      7E7FBCCD 
 177      AA56092D 
 177      937BA9E6 
 178 0465 A8478F74 		.ascii	"\250G\217t\037s4\207\345\310\256\347\250S\315\321\334"
 178      1F733487 
 178      E5C8AEE7 
 178      A853CDD1 
 178      DC
 179 0476 98C305FC 		.ascii	"\230\303\005\374\377\271\242\227\201\342{\030\036\304"
 179      FFB9A297 
 179      81E27B18 
 179      1EC4
 180 0484 E7681E47 		.ascii	"\347h\036G\272\331r\242C\333\246\000\017\343\2226/&"
 180      BAD972A2 
 180      43DBA600 
 180      0FE39236 
 180      2F26
 181 0496 69392C69 		.ascii	"i9,ia\342\300\244EH&r\003\306\255\367\261\3406?\361"
 181      61E2C0A4 
 181      45482672 
 181      03C6ADF7 
 181      B1E0363F 
 182 04ab FAF9475F 		.ascii	"\372\371G_p_<\267\005\034\351b\264r\310\250\211\353"
 182      705F3CB7 
 182      051CE962 
 182      B472C8A8 
 182      89EB
 183 04bd 86FE3872 		.ascii	"\206\3768r\013b\310e\213\212r\252\025\025\216^M\245"
 183      0B62C865 
 183      8B8A72AA 
 183      15158E5E 
 183      4DA5
 184 04cf 690EE84D 		.ascii	"i\016\350M\363\021\253\250ppP\001\365(\266wT\206A\265"
 184      F311ABA8 
 184      70705001 
 184      F528B677 
 184      548641B5 
ARM GAS  /tmp/cchuAJJ4.s 			page 14


 185 04e3 713EEA11 		.ascii	"q>\352\021\253^\030\333[\315\354@\270\301\177\366\210"
 185      AB5E18DB 
 185      5BCDEC40 
 185      B8C17FF6 
 185      88
 186 04f4 855F2A0D 		.ascii	"\205_*\015\233\2254:u\371\366\211N\2213\013\204)\201"
 186      9B95343A 
 186      75F9F689 
 186      4E91330B 
 186      842981
 187 0507 2141E0D8 		.ascii	"!A\340\330\343\341M:\201\010#\200?\026`\230\352\302"
 187      E3E14D3A 
 187      81082380 
 187      3F166098 
 187      EAC2
 188 0519 D69BAFC7 		.ascii	"\326\233\257\307\271\320\244\324\245qM\266\234\367)"
 188      B9D0A4D4 
 188      A5714DB6 
 188      9CF729
 189 0528 041E0B09 		.ascii	"\004\036\013\011\"$M\232\004V+\335K\370\375\205\261"
 189      22244D9A 
 189      04562BDD 
 189      4BF8FD85 
 189      B1
 190 0539 BCAC8C97 		.ascii	"\274\254\214\227\257\356d\225\221_*7\374\214W\373\366"
 190      AFEE6495 
 190      915F2A37 
 190      FC8C57FB 
 190      F6
 191 054a F26E0BE7 		.ascii	"\362n\013\347e\203'\224\327\210\340\325\327\372\343"
 191      65832794 
 191      D788E0D5 
 191      D7FAE3
 192 0559 193BE555 		.ascii	"\031;\345UE=v\030e\274,\310kL\345UO\364@;\373vU\213"
 192      453D7618 
 192      65BC2CC8 
 192      6B4CE555 
 192      4FF4403B 
 193 0571 43D6D9C0 		.ascii	"C\326\331\300\231\012\003<\325\210\271\244\220\304w"
 193      990A033C 
 193      D588B9A4 
 193      90C477
 194 0580 F960E085 		.ascii	"\371`\340\2053\274\203\361zX\023\032w\362K\345)?\303"
 194      33BC83F1 
 194      7A58131A 
 194      77F24BE5 
 194      293FC3
 195 0593 87B62BB5 		.ascii	"\207\266+\265\332\001\032\177\0268a\234\262{&\330\005"
 195      DA011A7F 
 195      1638619C 
 195      B27B26D8 
 195      05
 196 05a4 46435526 		.ascii	"FCU&M\265\011\306\016\177Z\301$K\333Tg\377\2672O\233"
 196      4DB509C6 
 196      0E7F5AC1 
 196      244BDB54 
 196      67FFB732 
ARM GAS  /tmp/cchuAJJ4.s 			page 15


 197 05ba 8FC073C6 		.ascii	"\217\300s\306%B\334\322)\023g2\2441I*\316\224\036'\312"
 197      2542DCD2 
 197      29136732 
 197      A431492A 
 197      CE941E27 
 198 05cf E2B41FDA 		.ascii	"\342\264\037\332\270\225\2108i\240\020\036']{\023\214"
 198      B8958838 
 198      69A0101E 
 198      275D7B13 
 198      8C
 199 05e0 75882259 		.ascii	"u\210\"Y\224L7\360\021\255\012\313\311\264\276\263\230"
 199      944C37F0 
 199      11AD0ACB 
 199      C9B4BEB3 
 199      98
 200 05f1 22A5FE26 		.ascii	"\"\245\376&\360\353\270\001B\273\314b\306\326\243w\231"
 200      F0EBB801 
 200      42BBCC62 
 200      C6D6A377 
 200      99
 201 0602 49B5A6BD 		.ascii	"I\265\246\275\211\357\344\240\016\272\216\304\035\330"
 201      89EFE4A0 
 201      0EBA8EC4 
 201      1DD8
 202 0610 8A28D20B 		.ascii	"\212(\322\013'\264\"\324-P\363\235\314\313\305\000\353"
 202      27B422D4 
 202      2D50F39D 
 202      CCCBC500 
 202      EB
 203 0621 89BA8DB3 		.ascii	"\211\272\215\263\3046\316\320\004\214\226\362\207\212"
 203      C436CED0 
 203      048C96F2 
 203      878A
 204 062f 93596705 		.ascii	"\223Yg\005\243dCJ_M\327\257\204\"\261.\227\222~\033"
 204      A364434A 
 204      5F4DD7AF 
 204      8422B12E 
 204      97927E1B 
 205 0643 74DCAF51 		.ascii	"t\334\257Q\277\022\326\011\200C\227&\203T\311\220\360"
 205      BF12D609 
 205      80439726 
 205      8354C990 
 205      F0
 206 0654 3F00F866 		.ascii	"?\000\370f:\303\245\024)u\206\033u\334M\310p\251\324"
 206      3AC3A514 
 206      2975861B 
 206      75DC4DC8 
 206      70A9D4
 207 0667 07E50D5B 		.ascii	"\007\345\015[\336E\034\2411Pmi\337\365\276\276|\305"
 207      DE451CA1 
 207      31506D69 
 207      DFF5BEBE 
 207      7CC5
 208 0679 072BDE5A 		.ascii	"\007+\336Z\346]\265\332\273\374\375\225\336OW}\366\371"
 208      E65DB5DA 
 208      BBFCFD95 
 208      DE4F577D 
ARM GAS  /tmp/cchuAJJ4.s 			page 16


 208      F6F9
 209 068b 6AEFB277 		.ascii	"j\357\262w\336|\271\204\3337J\327\254A\317{+W~\264\344"
 209      DE7CB984 
 209      DB374AD7 
 209      AC41CF7B 
 209      2B577EB4 
 210 06a0 43E95F94 		.ascii	"C\351_\224\257\214\353"
 210      AF8CEB
 211              		.text
 212              		.section	.gnu.lto_.symbol_nodes.ff187567b4309adf,"",%progbits
 213 0000 789C6361 		.ascii	"x\234ca`dHa\000\002\246iL\365\014\014\023\31610\000"
 213      60644861 
 213      0002A669 
 213      4CF50C0C 
 213      13CE3130 
 214 0015 A99D0D0B 		.ascii	"\251\235\015\013\033\230\201b\323\231\352\031ab\273"
 214      1B988162 
 214      D399EA19 
 214      6162BB
 215 0024 1A148122 		.ascii	"\032\024\201\"3\230\352\231PDX\247214\012\001\015`\234"
 215      3398EA99 
 215      504458A7 
 215      3231340A 
 215      010D609C 
 216 0038 C954CF0C 		.ascii	"\311T\317\014\226b`hhP```fd`X\324\365F\236\231\221\205"
 216      96626068 
 216      68506060 
 216      60666460 
 216      58D4F546 
 217 0050 E1089066 		.ascii	"\341\010\220f\000\000\326\036\027\314"
 217      0000D61E 
 217      17CC
 218              		.text
 219              		.section	.gnu.lto_.refs.ff187567b4309adf,"",%progbits
 220 0000 789C6361 		.ascii	"x\234ca`\004B \000\000\0009\000\007"
 220      60044220 
 220      00000039 
 220      0007
 221              		.text
 222              		.section	.gnu.lto_.decls.ff187567b4309adf,"",%progbits
 223 0000 789CCD59 		.ascii	"x\234\315Y\177PT\307\226\236\276=\30300\202\245\346"
 223      7F5054C7 
 223      969EBE3D 
 223      C3303082 
 223      A5E6
 224 0012 C5DAA576 		.ascii	"\305\332\245v\363\362|\025\366\0173\202\276\274\344"
 224      F3F27C15 
 224      F60F3382 
 224      BEBCE4
 225 0021 8FAD0A0E 		.ascii	"\217\255\012\016\022x\321\304\2321\276z\251\255b\021"
 225      1278D1C4 
 225      9A31BE7A 
 225      A9AD6211 
 226 0031 C9868A40 		.ascii	"\311\206\212@^\300-S\365\336\326\025Q\320\210\002\242"
 226      5EC02D53 
 226      F5DED615 
 226      51D08802 
ARM GAS  /tmp/cchuAJJ4.s 			page 17


 226      A2
 227 0042 51107F00 		.ascii	"Q\020\177\000F\021\204\021DEQGE\002\250\004\221(\010"
 227      46118411 
 227      44455147 
 227      4502A804 
 227      912808
 228 0055 080A2246 		.ascii	"\010\012\"FE\020QQ\300=\335}\357\334\236;\027+[[\265"
 228      45105151 
 228      C03DDD7D 
 228      EFDC9E3B 
 228      172B5B5B 
 229 006a B5539CB9 		.ascii	"\265S\234\271\367L\177\375\235\323\247O\367=}\321\353"
 229      F74C7FFD 
 229      9DD3A74F 
 229      F73D7DD1 
 229      EB
 230 007b 908E7CA6 		.ascii	"\220\216|\246\376\263Nw\005\353t+@}\005\037=\374\266"
 230      FEB34E77 
 230      05EB742B 
 230      407D051F 
 230      3DFCB6
 231 008e 54A77C88 		.ascii	"T\247|\210~\010\244\014\3440H\005\010\351yZ\347\376"
 231      7E08A40C 
 231      E4304805 
 231      08E9795A 
 231      E7FE
 232 00a0 2118A3D4 		.ascii	"!\030\243\324\367\035\220\213 \015 N\220\337A\207\337"
 232      F71D908B 
 232      200D204E 
 232      90DF4187 
 232      DF
 233 00b1 828019DD 		.ascii	"\202\200\031\335\217 \006\270\257\225x\016\351<?e*."
 233      8F2006B8 
 233      AF95780E 
 233      E93C3F65 
 233      2A2E
 234 00c3 B93FE19A 		.ascii	"\271?\341\232\005\327\022\302\001\362&\334{\201L\007"
 234      05D712C2 
 234      01F226DC 
 234      7B814C07 
 235 00d3 99016292 		.ascii	"\231\001b\222l\224I\274\025\032\334d\014~\223p\313>"
 235      6C9449BC 
 235      151ADC64 
 235      0C7E9370 
 235      CB3E
 236 00e5 07831E04 		.ascii	"\007\203\036\004\362w\220\277\201\274\017\222\005\222"
 236      F27790BF 
 236      81BC0F92 
 236      0592
 237 00f3 0962D631 		.ascii	"\011b\3261;d\034\001p}\003\304\037D/\215\351_\340\232"
 237      3B641C01 
 237      707D03C4 
 237      1F442F8D 
 237      E95FE09A 
 238 0107 009206F2 		.ascii	"\000\222\006\362\033\220\177Dl\234\2075|\031\027\320"
 238      1B907F44 
 238      6C9C8735 
ARM GAS  /tmp/cchuAJJ4.s 			page 18


 238      7C1917D0 
 239 0117 44F98551 		.ascii	"D\371\205Q\277v\324\206\004\200M\245\277\"\304\276\021"
 239      BF76D486 
 239      04804DA5 
 239      BF22C4BE 
 239      11
 240 0128 151D13AA 		.ascii	"\025\035\023\252\352\224?\327OH\006J\272 \337\352\\"
 240      EA943FD7 
 240      4F48064A 
 240      BA20DFEA 
 240      5C
 241 0139 64F44FEE 		.ascii	"d\364O\356\377J\376P\022\205\035I\235\230.u\326!I\027"
 241      FF4AFE50 
 241      12851D49 
 241      9D982E75 
 241      D6214917 
 242 014d 140388A9 		.ascii	"\024\003\210\251r\007\216\217\271+\321)>\273\306\204"
 242      72078E8F 
 242      B92BD129 
 242      3EBBC684 
 243 015d E441E7B5 		.ascii	"\344A\347\265\346\237\026\260\200\310}\323\335\361;"
 243      E69F16B0 
 243      80C87DD3 
 243      DDF13B
 244 016c E8DD1211 		.ascii	"\350\335\022\021>\031\242(\374\253\022\232+)\216\235"
 244      3E19A228 
 244      FCAB129A 
 244      2B298E9D 
 245 017c F88980A6 		.ascii	"\370\211\200\246\371 =\250C\227sz\374@\235\341\203\336"
 245      F9203DA8 
 245      4397737A 
 245      FC409DE1 
 245      83DE
 246 018e 0275BC3E 		.ascii	"\002u\274>7G\230\271\215\366[#\276\245GK\177\203\212"
 246      374798B9 
 246      8DF65B23 
 246      BEA5474B 
 246      7F838A
 247 01a1 51003A88 		.ascii	"Q\000:\210\002\300R\011\232\011\337\313\364\214\311"
 247      02C05209 
 247      9A09DFCB 
 247      F48CC9
 248 01b0 E9EC396E 		.ascii	"\351\3549n~{\217\350t\210\335yU_e\256\021\353\240\333"
 248      7E7B8FE8 
 248      7488DD79 
 248      555F65AE 
 248      11EBA0DB 
 249 01c4 5B04850E 		.ascii	"[\004\205\016 \214\212\320\273\304=\270%\227\375\250"
 249      208C8AD0 
 249      BBC43DB8 
 249      2597FDA8 
 250 01d4 1DFC3E84 		.ascii	"\035\374>\204\336\206\236;vmv`\274\224zze\235\263\205"
 250      DE869E3B 
 250      766D7660 
 250      BC947A7A 
 250      659DB385 
 251 01e8 B0EC7188 		.ascii	"\260\354q\210\316\237S\361\016\321\231\002,\002e)UX"
ARM GAS  /tmp/cchuAJJ4.s 			page 19


 251      CE9F53F1 
 251      0ED19902 
 251      2C026529 
 251      5558
 252 01fa 4A799632 		.ascii	"Jy\2262\312\"\366\237\354\360\307\321\224\345\356\205"
 252      CA22F69F 
 252      ECF0C7D1 
 252      94E5EE85 
 253 020a AD0B2492 		.ascii	"\255\013$\222\033\015f1c\265(~H)\034\012\205\203\247"
 253      1B0D6631 
 253      63B5287E 
 253      48291C0A 
 253      8583A7
 254 021d 384C29EA 		.ascii	"8L)\352\357\236\273\211q\022\245\250l\034y\206\201\243"
 254      EF9EBB89 
 254      7112A5A8 
 254      6C1C7986 
 254      81A3
 255 022f 5B14BB47 		.ascii	"[\024\273GS\377-\307\321+\246M\243cF\345\012I9%\201"
 255      53FF2DC7 
 255      D12BA64D 
 255      A36346E5 
 255      0A493925 
 256 0244 9B0A4AD0 		.ascii	"\233\012J\320YWTL\242\371\216\017\"\263\345\017?\225"
 256      5957544C 
 256      A2F98E0F 
 256      22B3E50F 
 256      3F95
 257 0256 3DA81A9D 		.ascii	"=\250\032\235\302~\"\264\315\233\037\027\032q)\"\212"
 257      C27E22B4 
 257      CD9B1F17 
 257      1A712922 
 257      8A
 258 0267 509B5E51 		.ascii	"P\233^Q\356\213\002}~ \001\356\036\276\030\232\231J"
 258      EE8B027D 
 258      7E2001EE 
 258      1EBE189A 
 258      994A
 259 0279 C67A1CF9 		.ascii	"\306z\034\371\240\243\212\215w|\340;M\024\223\311\034"
 259      A0A38A8D 
 259      777CE03B 
 259      4D1493C9 
 259      1C
 260 028a 4CABF3D3 		.ascii	"L\253\363\323\271\246\000\035C\201\204\230\000Q%\374"
 260      B9A6001D 
 260      43818498 
 260      005125FC 
 261 029a 78047E04 		.ascii	"x\004~\004#E\205\231\371^x3\235{a\307\221\203\317|\\"
 261      23458599 
 261      F95E7833 
 261      9D7B61C7 
 261      9183CF7C 
 262 02af 4686B2E6 		.ascii	"F\206\262\346A\032LE'\301F\225b\003LNj\344\204\266\221"
 262      411A4C45 
 262      27C14695 
 262      62034C4E 
 262      6AE484B6 
ARM GAS  /tmp/cchuAJJ4.s 			page 20


 263 02c4 433BC54B 		.ascii	"C;\305K\37600\302$\216\224\233\341'G\341\235\337\341"
 263      FE3030C2 
 263      248E949B 
 263      E12747E1 
 263      9DDFE1
 264 02d7 1E96720D 		.ascii	"\036\226r\015\3177<\362\377}\201\270'\037\322\341\224"
 264      CF373CF2 
 264      FF7D81B8 
 264      271FD2E1 
 264      94
 265 02e8 0DD2219C 		.ascii	"\015\322!\234BO1\243\\\032\221_\252\211\241\323\350"
 265      424F31A3 
 265      5C1A915F 
 265      AA89A1D3 
 265      E8
 266 02f9 F724574F 		.ascii	"\367$WOt\337\361\303\303R\342\356Ok\302>\340\327\232"
 266      74DFF1C3 
 266      C352E2EE 
 266      4F6BC23E 
 266      E0D79A
 267 030c 5FED57CE 		.ascii	"_\355W\316\311'\015\006\226\321\336\240\036\033(>6\205"
 267      C9270D06 
 267      96D1DEA0 
 267      1E1B283E 
 267      3685
 268 031e 65B49334 		.ascii	"e\264\2234\177_u{\320\017?\245\364\372ME\005\003\002"
 268      7F5F757B 
 268      D00F3FA5 
 268      F4FA4D45 
 268      050302
 269 0331 9A1E386B 		.ascii	"\232\0368kV&\315q\247(\242$\035:\007lg\251o5h:\365\366"
 269      5626CD71 
 269      A728A224 
 269      1D3A076C 
 269      67A96F35 
 270 0349 02D8FA11 		.ascii	"\002\330\372\021\315B\265h\026\235o\026\314\221\353"
 270      CD42B568 
 270      169D6F16 
 270      CC91EB
 271 0358 FF95534E 		.ascii	"\377\225SNr\034`:)\224\344\223/\246\254\021\235\231"
 271      721C603A 
 271      2994E493 
 271      2FA6AC11 
 271      9D99
 272 036a 03E159B0 		.ascii	"\003\341Y\260\010\346 '\014\373<\014\222\220\271\274"
 272      08E62027 
 272      0CFB3C0C 
 272      9290B9BC 
 273 037a B710FA62 		.ascii	"\267\020\372bbD\202O|E\222\035S\364\031MtP\000[i9\345"
 273      6244824F 
 273      7C45921D 
 273      53F4194D 
 273      7450005B 
 274 0391 35678CB8 		.ascii	"5g\214\270\034\323\351=Q\376\350\260\011\005N\247\036"
 274      1CD3E93D 
 274      51FEE8B0 
 274      09054EA7 
ARM GAS  /tmp/cchuAJJ4.s 			page 21


 274      1E
 275 03a2 39B70CCC 		.ascii	"9\267\014\314\024Eo\324\000}\353\224\331%\356\301\306"
 275      14456FD4 
 275      007DEB94 
 275      D925EEC1 
 275      C6
 276 03b3 AA354454 		.ascii	"\2525DT\017#\233l\224`+\275 \177\213\331\274AI\014\312"
 276      0F239B6C 
 276      94602BBD 
 276      207F8BD9 
 276      BC41490C 
 277 03c8 AD4CDE45 		.ascii	"\255L\336Ed\246\371\017W@\227\\\376\261C\332M\322\020"
 277      64A6F90F 
 277      5740975C 
 277      FEB143DA 
 277      4DD210
 278 03db E87BB6D7 		.ascii	"\350{\266\327%\013\3704\365\024\035\355\253\257\365"
 278      250BF834 
 278      F5141DED 
 278      ABAFF5
 279 03ea 618D2269 		.ascii	"a\215\"i,<\336=\206p=kt\326n|\210p\013S\322n\245^\225"
 279      2C3CDE3D 
 279      86703D6B 
 279      74D66E7C 
 279      88700B53 
 280 0403 90CF89FE 		.ascii	"\220\317\211\376\352\334\263\326)\370\006k\254\314\273"
 280      EADCB3D6 
 280      29F8066B 
 280      ACCCBB
 281 0412 B6CB97A4 		.ascii	"\266\313\227\244\204({\0040\305\241\253$\223!^h\016"
 281      84287B04 
 281      30C5A1AB 
 281      2493215E 
 281      680E
 282 0424 CD86DCB6 		.ascii	"\315\206\334\266\011\207\377\264\014i\350\037&\321\034"
 282      0987FFB4 
 282      0C69E81F 
 282      26D11C
 283 0433 54E6B705 		.ascii	"T\346\267\005M\223\373PC\367\332\012L\314\360 \3213"
 283      4D93FB50 
 283      43F7DA0A 
 283      4CCCF020 
 283      D133
 284 0445 CF8F0CFB 		.ascii	"\317\217\014\373\342^f\270#?{\237\2365\366\323\015v"
 284      E25E66B8 
 284      233F7B9F 
 284      9E35F6D3 
 284      0D76
 285 0457 6C2C458F 		.ascii	"l,E\217\357\261\306\344\223m\231\376\254\261\233\256"
 285      EFB1C6E4 
 285      936D99FE 
 285      ACB19BAE 
 286 0467 F3E42D85 		.ascii	"\363\344-\205^x\2305\276\034\330?\350\205\307\231r\354"
 286      5E789835 
 286      BE1CD83F 
 286      E885C799 
 286      72EC
ARM GAS  /tmp/cchuAJJ4.s 			page 22


 287 0479 D6D63392 		.ascii	"\326\3263\222\215V\242\237\037\3369d\306\251z\332\270"
 287      8D56A29F 
 287      1FDE3964 
 287      C6A97ADA 
 287      B8
 288 048a B6B065A3 		.ascii	"\266\260e\243\021g2\345j\337\336\0243C6\021}\270=\275"
 288      116732E5 
 288      6ADFDE14 
 288      33433611 
 288      7DB83DBD 
 289 049e D68C7359 		.ascii	"\326\214sYcM]\317Uo\274\217)\337]\250\254\225\342^G"
 289      634D5DCF 
 289      556FBC8F 
 289      29DF5DA8 
 289      AC95E25E 
 290 04b3 F4D5FD8E 		.ascii	"\364\325\375\216T\214\313X\243\274\002\246I+`\250\351"
 290      548CCB58 
 290      A3BC02A6 
 290      492B60A8 
 290      E9
 291 04c4 FC0613AE 		.ascii	"\374\006\023\256b\215\227\327gm\025\360Y\246\034\350"
 291      628D97D7 
 291      676D15F0 
 291      59A61CE8 
 292 04d4 DBB94932 		.ascii	"\333\271I2\370>\211F\356`\236\031\327\263\266\352\202"
 292      F83E8946 
 292      EE609E19 
 292      D7B3B6EA 
 292      82
 293 04e5 B545DEF8 		.ascii	"\265E\336\370*SN\036\253\256\225\326\330\034PS\032\323"
 293      2A534E1E 
 293      ABAE95D6 
 293      D81C5053 
 293      1AD3
 294 04f7 3BCCB89D 		.ascii	";\314\270\235\265\225\366\247:\215\270\207)\271\303"
 294      B595F6A7 
 294      3A8DB887 
 294      29B9C3
 295 0506 9DF7A4C1 		.ascii	"\235\367\244\301\006\022\222\313\243%~\370>k\223\237"
 295      061292CB 
 295      A3257EF8 
 295      3E6B939F 
 296 0516 35D3D8B3 		.ascii	"5\323\330\263\246\272\275\322\202GX\323\336\376\252"
 296      A6BABDD2 
 296      824758D3 
 296      DEFEAA
 297 0525 2DFE7882 		.ascii	"-\376x\202)\003)w\272}\031n&\250\267:\357n\360\303\251"
 297      29032977 
 297      BA7D196E 
 297      26A8B73A 
 297      EF6EF0C3 
 298 053a 06DAB6EE 		.ascii	"\006\332\266\356\314\326S&\234\311\224\346\301Ky\022"
 298      CCD65326 
 298      9CC994E6 
 298      C14B7912 
 299 054a 702A8950 		.ascii	"p*\211P\367M\204sX\323\375\015\3166\001\0270\245\250"
 299      F74D8473 
ARM GAS  /tmp/cchuAJJ4.s 			page 23


 299      58D3FD0D 
 299      CE360117 
 299      30A5A8
 300 055d 2AFD9601 		.ascii	"*\375\226\001\2270\245\347X\312S=v0\245xlW\223\011W"
 300      9730A5E7 
 300      58CA533D 
 300      7630A578 
 300      6C579309 
 301 0572 3265B8E6 		.ascii	"2e\270\346\300\2604\245\031$_\033\322r\347\260\215D"
 301      C0B034A5 
 301      19245F1B 
 301      D272E7B0 
 301      8D44
 302 0584 3481FAC3 		.ascii	"4\201\372\303\325\234!/|\212b\337~\224\361b\300\037"
 302      D59C212F 
 302      7C8A62DF 
 302      7E94F162 
 302      C01F
 303 0596 CDD2F84C 		.ascii	"\315\322\370L\247\337\201\222\226OW\351u\330\031D\262"
 303      A7DF8192 
 303      964F57E9 
 303      75D81944 
 303      B2
 304 05a7 3340FAA1 		.ascii	"3@\372\241\001X\247Y\302teE>D\256\305.\355\014\361\312"
 304      0158A759 
 304      C2746545 
 304      3E44AEC5 
 304      2EED0CF1 
 305 05bc CED02EA1 		.ascii	"\316\320.\241];C\233\032}\232C?Q\243\037\363h\342\312"
 305      5D3B439B 
 305      1A7D9A43 
 305      3F51A31F 
 305      F368E2CA 
 306 05d0 F684D514 		.ascii	"\366\204\325\024M<iV{rE\315\235\223\240p7\251\271\033"
 306      4D3C6956 
 306      7B7245CD 
 306      9D93A070 
 306      37A9B91B 
 307 05e4 D5DC591C 		.ascii	"\325\334Y\034w\253\232\373\272\232\373\010\347\367\013"
 307      77AB9AFB 
 307      BA9AFB08 
 307      E7F70B
 308 05f3 35B7C76E 		.ascii	"5\267\307n\231\315yrM\215\376Y\315]\315q?U\243G\220"
 308      99CD7972 
 308      4D8DFE59 
 308      CD5DCD71 
 308      3F55A347 
 309 0608 9A7C1747 		.ascii	"\232|\027G~Y\015\277\244&\277\301\221\337W\243\177\361"
 309      7E590DBF 
 309      A426BFC1 
 309      91DF57A3 
 309      7FF1
 310 061a 201FE4E0 		.ascii	" \037\344\340}jx\257[\014\223Eg\223\204&\333\326\260"
 310      7D6A78AF 
 310      5B0C9345 
 310      67938426 
 310      DBD6B0
ARM GAS  /tmp/cchuAJJ4.s 			page 24


 311 062d F66CCAE4 		.ascii	"\366l\312\344\004~\223\203\367\253\341w=|9\316\371\362"
 311      047E9383 
 311      F7ABE177 
 311      3D7C39CE 
 311      F9F2
 312 063f 5C0D3FEB 		.ascii	"\\\015?\353\001o\345\340\017\264G\312\305\245\203C\337"
 312      016FE5E0 
 312      0FB447CA 
 312      C5A58343 
 312      DF
 313 0650 D3F68543 		.ascii	"\323\366\205Co\343b~^{ByW\034\034|\\{\212x\370s\316"
 313      6FE3627E 
 313      5E7B4279 
 313      571C1C7C 
 313      5C7B8A78 
 314 0667 976E35BC 		.ascii	"\227n5\274\213\203gJ52}H\216\001\342%m$x\362\204\334"
 314      8B83674A 
 314      35327D48 
 314      8E01E225 
 314      6D2478F2 
 315 067d 2E04A29D 		.ascii	".\004\242\235\302,\224\002\262\025d#\310\367 \353@D"
 315      C22C9402 
 315      B2156423 
 315      C8F720EB 
 315      4044
 316 068f 900D205B 		.ascii	"\220\015 [@\262A&\340I\232\016\3274\220M \337\201\254"
 316      40B24126 
 316      E0499A0E 
 316      D734904D 
 316      20DF81AC 
 317 06a3 07D906B2 		.ascii	"\007\331\006\262\033$\007$\023$\017d\007\310+\300\347"
 317      1B240724 
 317      13240F64 
 317      07C82BC0 
 317      E7
 318 06b4 C2750DC8 		.ascii	"\302u\015\310Z\220\315 \253A\222Av\201\244\202d\010"
 318      5A90CD20 
 318      AB419241 
 318      7681A482 
 318      6408
 319 06c6 B3B80AA3 		.ascii	"\263\270\012\243\231\033\325\220zT\217\324\021n\341"
 319      991BD590 
 319      7A548FD4 
 319      116EE1
 320 06d5 D083DA68 		.ascii	"\320\203\332h>dG9\370\250vnp\344\2179\364\035\355\254"
 320      3E644739 
 320      F8A8766E 
 320      70E48F39 
 320      F41DEDAC 
 321 06e9 E6C94F70 		.ascii	"\346\311Op\360g\332\013\222\222\263\252f\367@8T\360"
 321      F067DA0B 
 321      9292B3AA 
 321      66F74038 
 321      54F0
 322 06fb 88A0DCCB 		.ascii	"\210\240\334\313,\222\362\343r\231Er\276S\315\325\341"
 322      2C92F2E3 
 322      72994572 
ARM GAS  /tmp/cchuAJJ4.s 			page 25


 322      BE53CDD5 
 322      E1
 323 070c 61FA2967 		.ascii	"a\372)g\372\226v*p\343\312\340\362\354\206\366\336\313"
 323      FA96762A 
 323      70E3CAE0 
 323      F2EC86F6 
 323      DECB
 324 071e 9397C7BB 		.ascii	"\223\227\307\273\027q\236\233\030\307\375\202\003\337"
 324      17719E9B 
 324      18C7FD82 
 324      03DF
 325 072c D4769C43 		.ascii	"\324v\234C\357\344<\371I{\357u\355\004\020\263'\361"
 325      EFE43CF9 
 325      497BEF75 
 325      ED0410B3 
 325      27F1
 326 073e CAE6DBA3 		.ascii	"\312\346\333\243\336|o+\344\360$\033))\351\364\305\027"
 326      DE7C6F2B 
 326      E4F0241B 
 326      2929E9F4 
 326      C517
 327 0750 E8934C78 		.ascii	"\350\223LxRZ\335n\206\222Xs!\240|\310\377\377ok\201"
 327      525ADD6E 
 327      86925873 
 327      21A07CC8 
 327      FFFF6F6B 
 328 0765 E548E523 		.ascii	"\345H\345#Z\371\356\005\347\366\010\256\312\227d\014"
 328      5AF9EE05 
 328      E7F608AE 
 328      CA97640C 
 329 0775 1DE3A6DE 		.ascii	"\035\343\246\336\356`\2672v\257\300\227\261\005\002"
 329      EE60B732 
 329      76AFC097 
 329      B10502
 330 0784 2B63E14A 		.ascii	"+c\341J\352\265;ew\335\213^r\354S\320\205\202Y6PH;\214"
 330      EAB53B65 
 330      77DD8B5E 
 330      72EC53D0 
 330      85825936 
 331 079c 366F5A6B 		.ascii	"6oZk\300WX\335p\276\323\341\360\306\255\006\267\242"
 331      C05758DD 
 331      70BED3E1 
 331      F0C6AD06 
 331      B7A2
 332 07ae 778654F4 		.ascii	"w\206T\364\216\367\236\3516\341.\332\3505\270\241\260"
 332      8EF79EE9 
 332      36E12EDA 
 332      E835B8A1 
 332      B0
 333 07bf 19215A1E 		.ascii	"\031!Z\036Lg\223\334ym\2062\313?\3008J"
 333      4C6793DC 
 333      796D8632 
 333      CB3FC038 
 333      4A
 334 07d0 5F974083 		.ascii	"_\227@\203\327\340l\033E\261\373\324X\317\025\252\200"
 334      D7E06C1B 
 334      45B1FBD4 
ARM GAS  /tmp/cchuAJJ4.s 			page 26


 334      58CF15AA 
 334      80
 335 07e1 0F688359 		.ascii	"\017h\203Y\372\260p\266\001\032\302Y\252^q\204\251\213"
 335      FAB070B6 
 335      011AC259 
 335      AA5E7184 
 335      A98B
 336 07f3 779264B9 		.ascii	"w\222d\271\247\223\032\233\351~!@Z\331\245R\002\225"
 336      A7931A9B 
 336      E97E2140 
 336      5AD9A552 
 336      0295
 337 0805 400215C1 		.ascii	"@\002\025\301D\036\0029\010R,\270\216\035\333{\307a"
 337      441E0239 
 337      08522CB8 
 337      8E1DDB7B 
 337      C761
 338 0817 9BEE6329 		.ascii	"\233\356c)\231\365\342\340%o\327\021gd\033\"\236\035"
 338      99F5E2E0 
 338      256FD711 
 338      67641B22 
 338      9E1D
 339 0829 06923265 		.ascii	"\006\2222e\242K\205\351\223\031D\016\260\363+l\246\337"
 339      A24B85E9 
 339      9319440E 
 339      B0F32B6C 
 339      A6DF
 340 083b 6C7360B7 		.ascii	"ls`\267Y?\354\226#\345R\216\224\323)\037\032\313;&U"
 340      593FEC96 
 340      23E5528E 
 340      94D3291F 
 340      1ACB3B26 
 341 0850 B633C8BC 		.ascii	"\2663\310\274ved\030\331<\357!\363\334\3458\374\314"
 341      76656418 
 341      D93CEF21 
 341      F3DCE538 
 341      FCCC
 342 0862 30F929A5 		.ascii	"0\371)\245R\220N)\007\331\241\365@\362\336l\275tL\021"
 342      52904E29 
 342      07D9A1F5 
 342      40F2DE6C 
 342      BD744C11 
 343 0876 E563CA11 		.ascii	"\345c\312\021\030@\205@\340G\205ir'z\004j\276\376\324"
 343      18408540 
 343      E0478569 
 343      72277A04 
 343      6ABEFED4 
 344 088a 84475886 		.ascii	"\204GX\206\035j\025\327\233\344#r\306\257:\"gN\2647"
 344      1D6A15D7 
 344      9BE42372 
 344      C6AF3A22 
 344      674EB437 
 345 089e 19786BC7 		.ascii	"\031xk\307\205\327X;Y\333\\\217\360\013f\355\334c\307"
 345      85D7583B 
 345      59DB5C8F 
 345      F00B66ED 
 345      DC63C7
ARM GAS  /tmp/cchuAJJ4.s 			page 27


 346 08b1 7EE98880 		.ascii	"~\351\210\200A}\364,\177\275\367\344\303\254\226\207"
 346      417DF42C 
 346      7FBDF7E4 
 346      C3AC9687 
 347 08c1 7952A086 		.ascii	"yR\240\206S\363\272*\014\352a*\211q\212\032\256\226"
 347      53F3BA2A 
 347      0CEA612A 
 347      89718A1A 
 347      AE96
 348 08d3 0DD7AD3D 		.ascii	"\015\327\255=\363\275\207\233\223\242\373&*\032\214"
 348      F3BD879B 
 348      93A2FB26 
 348      2A1A8C
 349 08e2 F8157373 		.ascii	"\370\025ssK\326\363\006o\274\306\213\025\362\305\203"
 349      4BD6F306 
 349      6FBCC68B 
 349      15F2C583 
 350 08f2 FBBC702A 		.ascii	"\373\274p*S\332\206\033S1\177 $\244\223\036\010\267"
 350      53DA861B 
 350      53317F20 
 350      24A4931E 
 350      08B7
 351 0904 8FEEFD65 		.ascii	"\217\356\375e\012\376\216u}80V\346\2073\230R\\r\266"
 351      0AFE8E75 
 351      7D383056 
 351      E6873398 
 351      525C72B6 
 352 0918 D1176F65 		.ascii	"\321\027oe\312X\306\356\012\023\316e\312\271\202]Y&"
 352      CA58C6EE 
 352      0A13CE65 
 352      CAB9825D 
 352      5926
 353 092a BC8729AF 		.ascii	"\274\207)\2572\322v\030\361>\246d7f\027\370\342\203"
 353      32D27618 
 353      F13EA664 
 353      376617F8 
 353      E283
 354 093c 4C79D99F 		.ascii	"Ly\331\237\335\206X$\315\334\001r\206t\200,}\272\351"
 354      DD865824 
 354      CDDC0172 
 354      8674802C 
 354      7DBAE9
 355 094f 7B5FEC60 		.ascii	"{_\354`\330\353m)U\022\326\027\3245\355\023\347\374"
 355      D8EB6D29 
 355      5512D617 
 355      D435ED13 
 355      E7FC
 356 0961 278F7AA3 		.ascii	"'\217z\243\034\365\313,\352ek{\213\274\241w\200\017"
 356      1CF5CB2C 
 356      EA656B7B 
 356      8BBCA177 
 356      800F
 357 0973 ECABDC2B 		.ascii	"\354\253\334+\251\000\366J\352\210s\370\220\036\037"
 357      A900F64A 
 357      EA8873F8 
 357      901E1F
 358 0982 A196842B 		.ascii	"\241\226\204+\025m\027L\334+\251\177:N\336\026]\205"
ARM GAS  /tmp/cchuAJJ4.s 			page 28


 358      156D174C 
 358      DC2BA97F 
 358      3A4EDE16 
 358      5D85
 359 0994 185D5116 		.ascii	"\030]Q\026[\200\353e\321`\276\3505S\207\346\322\343"
 359      5B80EB65 
 359      D160BEE8 
 359      355387E6 
 359      D2E3
 360 09a6 366A86C5 		.ascii	"6j\206\305\025 \245[\023\314\323O\314~\321\356\0035"
 360      1520A55B 
 360      13CCD34F 
 360      CC7ED1EE 
 360      0335
 361 09b8 53F06966 		.ascii	"S\360if\340a\366\3754\314\275\216\012(&\006\256\201"
 361      E061F6FD 
 361      34CCBD8E 
 361      0A282606 
 361      AE81
 362 09ca 8116C5C0 		.ascii	"\201\026\305\300Ua\022\013?k[8\223vr\247Q\311\024D\371"
 362      5561120B 
 362      3F6B5B38 
 362      937672A7 
 362      51C91444 
 363 09df 2E427B03 		.ascii	".B{\003M\350\3534S\032\345L\331\273\276\"\303\207\255"
 363      4DE8EB34 
 363      531AE54C 
 363      D9BBBE22 
 363      C387AD
 364 09f2 985FC59E 		.ascii	"\230_\305\236\177\273\343\264\300\263\267\276\216\375"
 364      7FBBE3B4 
 364      C0B3B7BE 
 364      8EFD
 365 0a00 5473C787 		.ascii	"Ts\307\207\270\226\315\333Hc\007\224\030\015LI\271X"
 365      B896CDDB 
 365      48630794 
 365      180D4C49 
 365      B958
 366 0a12 BFDF881B 		.ascii	"\277\337\210\033\231\362\240\350r\235\027naJo\337\213"
 366      99F2A0E8 
 366      729D176E 
 366      614A6FDF 
 366      8B
 367 0a23 E318B731 		.ascii	"\343\030\2671\345\207\007\371\351&|S\352\323;\320(\035"
 367      E58707F9 
 367      E9267C53 
 367      EAD33BD0 
 367      281D
 368 0a35 693792A9 		.ascii	"i7\222\251{9x\264E\316\022\362v\353\227\221;\257\274"
 368      7B3978B4 
 368      45CE12F2 
 368      76EB9791 
 368      3BAFBC
 369 0a48 712F05BF 		.ascii	"q/\005\277\331\275k{\203\031\361\307N\351\023HO\236"
 369      D9BD6B7B 
 369      8319F1C7 
 369      4EE91348 
ARM GAS  /tmp/cchuAJJ4.s 			page 29


 369      4F9E
 370 0a5a B0757757 		.ascii	"\260uwW>[5\336\322+\212Yf\272y\327A\310\357\361\233"
 370      3E5B35DE 
 370      D22B8A59 
 370      66BA79D7 
 370      41C8EFF1 
 371 0a6f B7DBD993 		.ascii	"\267\333\331\223\226\021\221\344\241\001;\002=}\020"
 371      961191E4 
 371      A1013B02 
 371      3D7D10
 372 0a7e ACBC4F68 		.ascii	"\254\274Oh\024\345\315]\256GL\255\232\331\343x\320\244"
 372      14E5CD5D 
 372      AE474CAD 
 372      9AD9E378 
 372      D0A4
 373 0a90 807FD476 		.ascii	"\200\177\324v\303\255jS\320\267\325h\217\023\3315\005"
 373      C3AD6A53 
 373      D0B7D568 
 373      8F13D935 
 373      05
 374 0aa1 5CA30673 		.ascii	"\\\243\006s\007\017\267\247\305-\030V7\235\317{\322"
 374      070FB7A7 
 374      C52D1856 
 374      379DCF7B 
 374      D2
 375 0ab2 A3E22964 		.ascii	"\243\342)d\303#xD\214\202\214\200<\004\371\005d\030"
 375      C3237844 
 375      8C828C80 
 375      3C04F905 
 375      6418
 376 0ac4 E431C810 		.ascii	"\3441\310\020H\017H\037\310\035\220\373 \375 \003 \017"
 376      480F481F 
 376      C81D90FB 
 376      20FD2003 
 376      200F
 377 0ad6 409E810C 		.ascii	"@\236\201\014\202<\001y\016\322\013r\327\255~?\252\370"
 377      823C0179 
 377      0ED20B72 
 377      D7AD7E3F 
 377      AAF8
 378 0ae8 D9AEF673 		.ascii	"\331\256\366sD=\250\026\005|A;\270r\274\262\241\362"
 378      443DA816 
 378      057C413B 
 378      B872BCB2 
 378      A1F2
 379 0afa BB41E7ED 		.ascii	"\273A\347\355\034\314\333Y\011\354*\376z\325\314G\024"
 379      1CCCDB59 
 379      09EC2AFE 
 379      7AD5CC47 
 379      14
 380 0b0b E60E35B3 		.ascii	"\346\0165\263\306!PA\237\327\016\256\313\017r\224fh"
 380      C6215041 
 380      9FD70EAE 
 380      CB0F7294 
 380      6668
 381 0b1d B2C976A9 		.ascii	"\262\311v\251\321|9C\2607\025\354\0315\366\266\207\037"
 381      D17C3943 
ARM GAS  /tmp/cchuAJJ4.s 			page 30


 381      B03715EC 
 381      1935F6B6 
 381      871F
 382 0b2f D58A1FF5 		.ascii	"\325\212\037\365j\264\3524\003\3618\021):\376\035\265"
 382      6AB4EA34 
 382      03F13811 
 382      293AFE1D 
 382      B5
 383 0b40 413C2E49 		.ascii	"A<.I`y\001\273\277\023\241\247b\205\371\206\366\264"
 383      607901BB 
 383      BF13A1A7 
 383      6285F986 
 383      F6B4
 384 0b52 F0911EA4 		.ascii	"\360\221\036\244\221\206\015\002\235\220\300\256\302"
 384      91860D02 
 384      9D90C0AE 
 384      C2
 385 0b5f C3E33451 		.ascii	"\303\3434Q\2560wjG\232;\365\344v\321\022\354\236\272"
 385      AE30776A 
 385      479A3BF5 
 385      E476D112 
 385      EC9EBA
 386 0b72 0423A1EA 		.ascii	"\004#\241\352\334\375\006+\301H\260\234\332\301\012"
 386      DCFD062B 
 386      C148B09C 
 386      DAC10A
 387 0b81 527C7C4C 		.ascii	"R||L}\254\002\037\217\011\252U\354\361\376\310\241\370"
 387      7DAC021F 
 387      8F09AA55 
 387      ECF1FEC8 
 387      A1F8
 388 0b93 785373C6 		.ascii	"xSs\306\330\340a\363i\354\332\332\250\3079F\272\257"
 388      D8E061F3 
 388      69ECDADA 
 388      A8C73946 
 388      BAAF
 389 0ba5 F7D4943D 		.ascii	"\367\324\224=\360q\025i\243]\264H\033\203\316/\224m"
 389      F0711569 
 389      A35DB448 
 389      1B83CE2F 
 389      946D
 390 0bb7 FD9E6791 		.ascii	"\375\236g\221&/;\364\022V\333\377\305\312#o\245\007"
 390      262F3BF4 
 390      1256DBFF 
 390      C5CA236F 
 390      A507
 391 0bc9 FAB7F8BB 		.ascii	"\372\267\370\273\025zcn\205\336\270T\350\215\323B\357"
 391      157A636E 
 391      85DEB854 
 391      E88DD342 
 391      EF
 392 0bda DAC3BC2C 		.ascii	"\332\303\274,\003.\240\243D\217sj\357\373\340\"\246"
 392      032EA0A3 
 392      448F736A 
 392      EFFBE022 
 392      A6
 393 0beb E4961E4C 		.ascii	"\344\226\036L\301\270\204)\035\325\253k\374\360\021"
ARM GAS  /tmp/cchuAJJ4.s 			page 31


 393      C1B88429 
 393      1DD5AB6B 
 393      FCF011
 394 0bfa A6DCDA9D 		.ascii	"\246\334\332\235\334k\300UL9~\352a0\333\302\003@;\321"
 394      DC6BC055 
 394      4C397EEA 
 394      6130DBC2 
 394      03403BD1 
 395 0c0e 39E4F495 		.ascii	"9\344\364\225vp\262\243\357\276\337\337\355\213OQ\250"
 395      7670B2A3 
 395      EFBEDFDF 
 395      ED8B4F51 
 395      A8
 396 0c1f A9E5C5F3 		.ascii	"\251\345\305\363\237\374\220\353\235!\333\263G\256\207"
 396      9FFC90EB 
 396      9D21DBB3 
 396      47AE87
 397 0c2e 6D6F56F6 		.ascii	"moV\366\354W\020\317T<\311\022u\213m\012\016@k0i$x\022"
 397      EC5710CF 
 397      543CC912 
 397      758B6D0A 
 397      0E406B30 
 398 0c46 D8741C88 		.ascii	"\330t\034\210\3220\034\277@6\200\254\003\331\004\262"
 398      D2301CBF 
 398      403680AC 
 398      03D904B2 
 399 0c56 1E6423E6 		.ascii	"\036d#\346\267\246\354eJ\211\237\214U\026\325\347\220"
 399      B7A6EC65 
 399      4A899F8C 
 399      5516D5E7 
 399      90
 400 0c67 5D1C7842 		.ascii	"]\034xB\355\236\347\353\265\355\034\\Ts{\234[\266q\350"
 400      ED9EE7EB 
 400      B5ED1C5C 
 400      54737B9C 
 400      5BB671E8 
 401 0c7b D59A9EB8 		.ascii	"\325\232\236\270\275\027\342\320k\325\350\307\352%\226"
 401      BD17E2D0 
 401      6BD5E8C7 
 401      EA2596
 402 0c8a 799BBD58 		.ascii	"y\233\275X\000\224\3471'\3576\367\377\033r\314\321\030"
 402      0094E731 
 402      27EF36F7 
 402      FF1B72CC 
 402      D118
 403 0c9c 967C845E 		.ascii	"\226|\204^\327&\266\372\342\032\266\024\256\364}\267"
 403      D726B6FA 
 403      E21AB614 
 403      AEF47DB7 
 404 0cac D6CFB514 		.ascii	"\326\317\265\024*n\323\203i&t\336\214]K\201X\234d\272"
 404      2A6ED383 
 404      692674DE 
 404      8C5D4B81 
 404      589C64BA 
 405 0cc0 5006CCD2 		.ascii	"P\006\314\322\377d\306\310\377\311\252/\354pO\351L\314"
 405      FF64C6C8 
 405      FFC9AA2F 
ARM GAS  /tmp/cchuAJJ4.s 			page 32


 405      EC704FE9 
 405      4CCC
 406 0cd2 A7741666 		.ascii	"\247t\026f)M\256\377\360e\324\212\310\025+\226G.\213"
 406      294DAEFF 
 406      F065D48A 
 406      C8152B96 
 406      472E8B
 407 0ce5 8AFE6AE5 		.ascii	"\212\376j\345\327\221\313\023\342\242b\343#c\343c\223"
 407      D791CB13 
 407      E2A262E3 
 407      2363E363 
 407      93
 408 0cf6 BC3FFAE4 		.ascii	"\274?\372\344\263\267\254\037|\240\263X\277\214]\026"
 408      B3B7AC1F 
 408      7CA0B358 
 408      BF8C5D16 
 409 0d06 FBA9DD92 		.ascii	"\373\251\335\222\220h\001\270\345\353\204o\222\022-"
 409      906801B8 
 409      E5EB846F 
 409      92122D
 410 0d15 F6258BE6 		.ascii	"\366%\213\346\006\263\357\260y\253VY$\242w\243uf\231"
 410      06B3EFB0 
 410      79AB5659 
 410      24A277A3 
 410      756699
 411 0d28 93B04C4D 		.ascii	"\223\260LML\212\233\033\034\031\275\"!\372+\372\203"
 411      4C8A9B1B 
 411      1C19BD22 
 411      21FA2BFA 
 411      83
 412 0d39 71795C54 		.ascii	"qy\\T\004\\\203^\303\272pa\250%tQ\310\177\006[Xo\350"
 412      045C835E 
 412      C3BA7061 
 412      A8257451 
 412      C87F065B 
 413 0d50 F2EE973A 		.ascii	"\362\356\227:\237\310\310\225\261\361I\240'}fY\231\370"
 413      9FC8C895 
 413      B1F149A0 
 413      277D6659 
 413      99F8
 414 0d62 8D65596C 		.ascii	"\215eYl\274\345?\242\243gG}\0237;>!>fvL\324\262\330"
 414      BCE53FA2 
 414      A367477D 
 414      13373B3E 
 414      213E6676 
 415 0d7a D97F889C 		.ascii	"\331\177\210\2347;xN\320{\177\015\266\2705Xb\343\243"
 415      373B784E 
 415      D07B7F0D 
 415      B6B83558 
 415      62E3A3
 416 0d8d 57AC5C1E 		.ascii	"W\254\\\036c\211\213\212\37626>\306\022\271<\346\213"
 416      63898B8A 
 416      FE32363E 
 416      C612B93C 
 416      E68B
 417 0d9f A8952B92 		.ascii	"\250\225+\222\"\223\276\375:&\021\014x\313\364\177\372"
 417      2293BEFD 
ARM GAS  /tmp/cchuAJJ4.s 			page 33


 417      3A26110C 
 417      78CBF47F 
 417      FA
 418 0db0 DFD0277E 		.ascii	"\337\320'~\233h\211LLZ\016\\\300\351o\37761)&\316\232"
 418      9B68894C 
 418      4C5A0E5C 
 418      C0E96FFF 
 418      36312926 
 419 0dc6 F04D8C95 		.ascii	"\360M\214\225\304@\260\332\260\325n\373#7\372\350\204"
 419      C440B0DA 
 419      B0D56EFB 
 419      2337FAE8 
 419      84
 420 0dd7 B8B88478 		.ascii	"\270\270\204xK\314\252$\213u\221=\302\016A\340\342J"
 420      4BCCAA24 
 420      8B75913D 
 420      C20E41E0 
 420      E24A
 421 0de9 23F0C5BC 		.ascii	"#\360\305\274\340\017V\255\002:\337\305\177\266E.\001"
 421      E00F56AD 
 421      023ADFC5 
 421      7FB6452E 
 421      01
 422 0dfa 7F4363BE 		.ascii	"\177Cc\276\360Y\274p\241=$\302\032\366\221\215\334F"
 422      F059BC70 
 422      A13D24C2 
 422      1AF6918D 
 422      DC46
 423 0e0c 04DBC9AD 		.ascii	"\004\333\311\255\301n\267~d3\331\026\330\027\330\226"
 423      C16EB77E 
 423      6433D916 
 423      D817D896 
 424 0e1c 2E087D4F 		.ascii	".\010}O??\324\252\250\1770\205,\236\037\274p\361\202"
 424      3F3FD4AA 
 424      A87F3085 
 424      2C9E1FBC 
 424      70F182
 425 0e2f 4F6CE42E 		.ascii	"Ol\344.\210\335\311\255\363L!\341\363\347J\255\341."
 425      88DDC9AD 
 425      F34C21E1 
 425      F3E74AAD 
 425      E12E
 426 0e41 5CB81A37 		.ascii	"\\\270\0327\327HX\340\027r\015\342[\202\215\204\201"
 426      D74858E0 
 426      17720DE2 
 426      5B828D84 
 426      81
 427 0e52 B6844B88 		.ascii	"\266\204K\210pwD\2207\351k\263/\261\221\233 r\343j\233"
 427      70774490 
 427      37E96BB3 
 427      2FB1919B 
 427      2072E36A 
 428 0e67 E34D7AB3 		.ascii	"\343Mz\263\266p\031\024\316@\330\032a\323\223\001\032"
 428      B6701914 
 428      CE40D81A 
 428      61D39301 
 428      1A
ARM GAS  /tmp/cchuAJJ4.s 			page 34


 429 0e78 61ACF41A 		.ascii	"a\254\364\032j\375\230\\}mV\253\034\022/B\031\366\271"
 429      6AFD985C 
 429      7D6D56AB 
 429      1C122F42 
 429      19F6B9
 430 0e8b 5744A8F5 		.ascii	"WD\250\365\323\320\005D\013\016\373\334/t\376G\213\254"
 430      D3D00544 
 430      0B0EFBDC 
 430      2F74FE47 
 430      8BAC
 431 0e9d 9FC9187D 		.ascii	"\237\311\030}\204=\304\246_\264(\314\206CBm8\024\256"
 431      843DC4A6 
 431      5FB428CC 
 431      8643426D 
 431      3814AE
 432 0eb0 8BC36CFA 		.ascii	"\213\303l\372\2200\273M??,\304f\200&\000\204\022=\234"
 432      9030BB4D 
 432      3F3F2CC4 
 432      66802600 
 432      84123D9C 
 433 0ec4 7C59E1CB 		.ascii	"|Y\341\313`\017\207Y\303\366\360\305&\226\205\357G&"
 433      600F8759 
 433      C3F6F0C5 
 433      269685EF 
 433      4726
 434 0ed6 19A52BB6 		.ascii	"\031\245+\266\302\234\332\2556CH\204\315j\323/]\362"
 434      C29CDAAD 
 434      36434884 
 434      CD6AD32F 
 434      5DF2
 435 0ee8 A94D1F01 		.ascii	"\251M\037\001h\203u\361g\021\241\360\035b\265Y^7\337"
 435      688375F1 
 435      6711A1F0 
 435      1D62B559 
 435      5E37DF
 436 0efb 72E64443 		.ascii	"r\346DC\222DF\307\315#\251h\267\316\247\016\033>]\274"
 436      924446C7 
 436      CD23A968 
 436      B7CEA70E 
 436      1B3E5DBC 
 437 0f0f C46A13EC 		.ascii	"\304j\023\3546#\334|\274\340/6=\371\302@\351E[\202\246"
 437      3623DC7C 
 437      BCE02F36 
 437      3DF9C240 
 437      E9455B82 
 438 0f24 842D0CB1 		.ascii	"\204-\014\261\207\313\203\373o\015|\017\026"
 438      87CB83FB 
 438      6F0D7C0F 
 438      16
 439              		.text
 440              		.section	.gnu.lto_.symtab.ff187567b4309adf,"",%progbits
 441 0000 68616C5F 		.ascii	"hal_lld_init\000"
 441      6C6C645F 
 441      696E6974 
 441      00
 442 000d 00       		.ascii	"\000"
 443 000e 00       		.ascii	"\000"
ARM GAS  /tmp/cchuAJJ4.s 			page 35


 444 000f 00       		.ascii	"\000"
 445 0010 00000000 		.ascii	"\000\000\000\000\000\000\000\000"
 445      00000000 
 446 0018 AF000000 		.ascii	"\257\000\000\000"
 447 001c 73746D33 		.ascii	"stm32_clock_init\000"
 447      325F636C 
 447      6F636B5F 
 447      696E6974 
 447      00
 448 002d 00       		.ascii	"\000"
 449 002e 00       		.ascii	"\000"
 450 002f 00       		.ascii	"\000"
 451 0030 00000000 		.ascii	"\000\000\000\000\000\000\000\000"
 451      00000000 
 452 0038 B1000000 		.ascii	"\261\000\000\000"
 453 003c 53797374 		.ascii	"SystemCoreClock\000"
 453      656D436F 
 453      7265436C 
 453      6F636B00 
 454 004c 00       		.ascii	"\000"
 455 004d 00       		.ascii	"\000"
 456 004e 00       		.ascii	"\000"
 457 004f 00000000 		.ascii	"\000\000\000\000\000\000\000\000"
 457      00000000 
 458 0057 BE000000 		.ascii	"\276\000\000\000"
 459 005b 646D6149 		.ascii	"dmaInit\000"
 459      6E697400 
 460 0063 00       		.ascii	"\000"
 461 0064 02       		.ascii	"\002"
 462 0065 00       		.ascii	"\000"
 463 0066 00000000 		.ascii	"\000\000\000\000\000\000\000\000"
 463      00000000 
 464 006e B3000000 		.ascii	"\263\000\000\000"
 465              		.text
 466              		.section	.gnu.lto_.opts,"",%progbits
 467 0000 272D6666 		.ascii	"'-ffp-contract=off' '-fmath-errno' '-fsigned-zeros'"
 467      702D636F 
 467      6E747261 
 467      63743D6F 
 467      66662720 
 468 0033 20272D66 		.ascii	" '-ftrapping-math' '-fno-trapv' '-fno-openmp' '-fno"
 468      74726170 
 468      70696E67 
 468      2D6D6174 
 468      68272027 
 469 0066 2D6F7065 		.ascii	"-openacc' '-mcpu=cortex-m4' '-mno-thumb-interwork' "
 469      6E616363 
 469      2720272D 
 469      6D637075 
 469      3D636F72 
 470 0099 272D6D74 		.ascii	"'-mthumb' '-ggdb' '-O2' '-fomit-frame-pointer' '-fa"
 470      68756D62 
 470      2720272D 
 470      67676462 
 470      2720272D 
 471 00cc 6C69676E 		.ascii	"lign-functions=16' '-ffunction-sections' '-fdata-se"
 471      2D66756E 
ARM GAS  /tmp/cchuAJJ4.s 			page 36


 471      6374696F 
 471      6E733D31 
 471      36272027 
 472 00ff 6374696F 		.ascii	"ctions' '-fno-common' '-flto'\000"
 472      6E732720 
 472      272D666E 
 472      6F2D636F 
 472      6D6D6F6E 
 473              		.text
 474              		.comm	__gnu_lto_v1,1,1
 475              		.comm	__gnu_lto_slim,1,1
 476              		.ident	"GCC: (GNU Tools for ARM Embedded Processors) 5.4.1 20160609 (release) [ARM/embedded-5-bran
ARM GAS  /tmp/cchuAJJ4.s 			page 37


DEFINED SYMBOLS
                            *ABS*:00000000 hal_lld.c
                            *COM*:00000001 __gnu_lto_v1
                            *COM*:00000001 __gnu_lto_slim

NO UNDEFINED SYMBOLS
