ARM GAS  /tmp/ccTDIih2.s 			page 1


   1              		.syntax unified
   2              		.cpu cortex-m4
   3              		.fpu softvfp
   4              		.eabi_attribute 20, 1
   5              		.eabi_attribute 21, 1
   6              		.eabi_attribute 23, 3
   7              		.eabi_attribute 24, 1
   8              		.eabi_attribute 25, 1
   9              		.eabi_attribute 26, 1
  10              		.eabi_attribute 30, 2
  11              		.eabi_attribute 34, 1
  12              		.eabi_attribute 18, 4
  13              		.thumb
  14              		.syntax unified
  15              		.file	"helper.c"
  16              		.text
  17              	.Ltext0:
  18              		.section	.gnu.lto_.profile.968eadbb9e5864f,"",%progbits
  19 0000 789C6361 		.ascii	"x\234ca`d`a`\000\222\352\202\000\000\311\000C"
  19      60646061 
  19      600092EA 
  19      820000C9 
  19      0043
  20              		.text
  21              		.section	.gnu.lto_.icf.968eadbb9e5864f,"",%progbits
  22 0000 789C6361 		.ascii	"x\234ca`d\000\001\016\006\004`d\370\271\377H;7\003\000"
  22      60640001 
  22      0E060460 
  22      64F8B9FF 
  22      483B3703 
  23 0015 0F9A031D 		.ascii	"\017\232\003\035"
  24              		.text
  25              		.section	.gnu.lto_.jmpfuncs.968eadbb9e5864f,"",%progbits
  26 0000 789C6361 		.ascii	"x\234ca`d\000\001n\006\004`d`dd\254g`\250\027`\000\000"
  26      60640001 
  26      6E060460 
  26      64606464 
  26      AC6760A8 
  27 0018 066F0123 		.ascii	"\006o\001#"
  28              		.text
  29              		.section	.gnu.lto_.inline.968eadbb9e5864f,"",%progbits
  30 0000 789C6361 		.ascii	"x\234ca`d\000\001m\006\004\000\212\010\237a`ddP\000"
  30      60640001 
  30      6D060400 
  30      8A089F61 
  30      60646450 
  31 0015 B298C51A 		.ascii	"\262\230\305\032\336\2612\260-\220gb`\272\300\317\002"
  31      DEB132B0 
  31      2D906762 
  31      60BAC0CF 
  31      02
  32 0026 96E70212 		.ascii	"\226\347\002\022\314\374 &\000~\237\004\211"
  32      CCFC2026 
  32      007E9F04 
  32      89
  33              		.text
  34              		.section	.gnu.lto_.pureconst.968eadbb9e5864f,"",%progbits
ARM GAS  /tmp/ccTDIih2.s 			page 2


  35 0000 789C6361 		.ascii	"x\234ca`d`a`\000\222\273\030\001\001\337\000\306"
  35      60646061 
  35      600092BB 
  35      180101DF 
  35      00C6
  36              		.text
  37              		.section	.gnu.lto_flashJumpApplication.968eadbb9e5864f,"",%progbits
  38 0000 789C8555 		.ascii	"x\234\205U]LTW\020>s\317\275\354\025v\027\352CM,i\240"
  38      5D4C5457 
  38      103E73CF 
  38      BDEC1576 
  38      17EA434D 
  39 0017 29515BE2 		.ascii	")Q[\342\312\203\351C\323\007\343S\323\020\033x\350\243"
  39      CA83E943 
  39      D307E353 
  39      D3101B78 
  39      E8A3
  40 0029 A1CB5AB6 		.ascii	"\241\313Z\266e\331\315\336\305h\372\300a\177\212\261"
  40      65D9CDDE 
  40      C568FAC0 
  40      617F8AB1 
  41 0039 C6D81604 		.ascii	"\306\330\026\004M\015\261\326JQ\300E\332\002\002\256"
  41      4D0DB1D6 
  41      4A51C045 
  41      DA0202AE 
  42 0049 507F91A5 		.ascii	"P\177\221\245\376b\2641\212\251\032\177\250 \304\037"
  42      FE62B431 
  42      8AA91A7F 
  42      A820C41F 
  43 0059 AA74E6DC 		.ascii	"\252t\346\334K\345\307\2447\331\273{\346\31473\347;"
  43      4BE5C7A4 
  43      37D9BB7B 
  43      E6CC3733 
  43      E73B
  44 006b F3CDAA0C 		.ascii	"\363\315\252\014\030=\377\24406\202\337k\360\003)\014"
  44      183DFFA4 
  44      303682DF 
  44      6BF00329 
  44      0C
  45 007c 946D49C6 		.ascii	"\224mI\306*u\005T\363\0077\177\034\325U\205w\034cL\244"
  45      2A750554 
  45      F307377F 
  45      1CD55585 
  45      771C634C 
  46 0091 6A433A13 		.ascii	"jC:\023v\015\200\354B\007V\241pU\203\012Ee\220PA\227"
  46      760D80EC 
  46      420756A1 
  46      7055830A 
  46      45659050 
  47 00a7 2F0A3DA1 		.ascii	"/\012=\241<W\240\267\352V\207\262l\237\300\347\372\261"
  47      3C57A0B7 
  47      EA5687B2 
  47      6C9FC0E7 
  47      FAB1
  48 00b9 2A2E1A12 		.ascii	"*.\032\022\020\343\214M)2;\203}\260\014\275\316F\017"
  48      10E38C4D 
  48      29323B83 
ARM GAS  /tmp/ccTDIih2.s 			page 3


  48      7DB00CBD 
  48      CE460F
  49 00cc 7ECFC795 		.ascii	"~\317\307\225\030\007Pq9:\260\363\246\223\226\012d\341"
  49      18075071 
  49      393AB0F3 
  49      A693960A 
  49      64E1
  50 00de F242FCEF 		.ascii	"\362B\374\357\244\302\027\003\303\337\373G\216\237\327"
  50      A4C21703 
  50      C3DFFB47 
  50      8E9FD7
  51 00ed 97EC1522 		.ascii	"\227\354\025\",\304\016\217X\020\343\034\032\201c<\370"
  51      2CC40E8F 
  51      5810E31C 
  51      1A81633C 
  51      F8
  52 00fe 1932A101 		.ascii	"\0312\241\0012\031\232\030\354\207%\344\276\267\277"
  52      32199A18 
  52      EC8725E4 
  52      BEB7BF
  53 010d AFC7C9DF 		.ascii	"\257\307\311\337\222\320\273\311\370U=g\017\225\222"
  53      92D0BBC9 
  53      F8553D67 
  53      0F9592
  54 011c 785ABC43 		.ascii	"xZ\274C$\242Y1\256\302\201\331hz\320\271\353\331\256"
  54      24A25931 
  54      AEC281D9 
  54      687AD0B9 
  54      EBD9AE
  55 012f A4CEDF96 		.ascii	"\244\316\337\226\300\306X\274\031\010\030\026\211\241"
  55      C0C658BC 
  55      19081816 
  55      89A1
  56 013d 9005D4A0 		.ascii	"\220\005\324\240\371\225\300{7/_\341<W\002\037\034:"
  56      F995C07B 
  56      372F5FE1 
  56      3C57021F 
  56      1C3A
  57 014f 53330DBC 		.ascii	"S3\015\274\270\301\002r8\370J\340\201\357no\261\361"
  57      B8C10272 
  57      38F84AE0 
  57      81EF6E6F 
  57      B1F1
  58 0161 951218A9 		.ascii	"\225\022\030\251k{\301\227\376$K={\020\204\320)a\253"
  58      6B7BC197 
  58      FE244B3D 
  58      7B1084D0 
  58      2961AB
  59 0174 C4E113E3 		.ascii	"\304\341\023\343)&f8\376\242\306\221\022%\277,8\004"
  59      29266638 
  59      FEA2C691 
  59      1225BF2C 
  59      3804
  60 0186 4B210E39 		.ascii	"K!\0169\320\202\237&\31019\2066H\301\233\3463wZ\012"
  60      D0829F26 
  60      C8313986 
  60      3648C19B 
ARM GAS  /tmp/ccTDIih2.s 			page 4


  60      E633775A 
  61 019b 12626A2A 		.ascii	"\022bj*\"\022G\324&e!0\262!\363H\231\212\241m\032\276"
  61      221247D4 
  61      26652130 
  61      B221F348 
  61      998AA16D 
  62 01b1 741B2384 		.ascii	"t\033#\204\316\010\223FV\207ts\322^:\255\031{\210\361"
  62      CE089346 
  62      56877473 
  62      D25E3AAD 
  62      197B88F1 
  63 01c5 B1174615 		.ascii	"\261\027F\025\005\277\370-\210l\377\352\322p\032%\214"
  63      05BFF82D 
  63      886CFFEA 
  63      D2701A25 
  63      8C
  64 01d6 7035C2F9 		.ascii	"p5\302\371\314{\265\201\012\277\340YoAx\254\352\002"
  64      CC7BB581 
  64      0ABFE059 
  64      6F4178AC 
  64      EA02
  65 01e8 379D34F4 		.ascii	"7\2354\364#\313\263\315\343`Zl\210\331\036\353\035\264"
  65      23CBB3CD 
  65      E3605A6C 
  65      88D91EEB 
  65      1DB4
  66 01fa 11469754 		.ascii	"\021F\227T<>qz\223\275\036vU\322!\015\272\\\004\302"
  66      3C3E717A 
  66      93BD1E76 
  66      55D2210D 
  66      BA5C04C2 
  67 020e AFC41BFC 		.ascii	"\257\304\033\374\006\365\300\206!,>\220\307\304\202"
  67      06F5C086 
  67      212C3E90 
  67      C7C482
  68 021d 318499E3 		.ascii	"1\204\231\343\3329+\211N\246aP\244G\013y\350\3546T\016"
  68      DA392B89 
  68      4EA66150 
  68      A4470B79 
  68      E8EC3654 
  69 0232 4F766FE1 		.ascii	"Ovo\341\263\031L|]\253I\276\246\024\230K.\203vT\307"
  69      B3194C7C 
  69      5DAB49BE 
  69      A614984B 
  69      2E837654 
  70 0247 1C6B6272 		.ascii	"\034kbr\353.X\311\240\203 \312\334\315\211\352\006X"
  70      EB2E58C9 
  70      A08320CA 
  70      DCCD89EA 
  70      0658
  71 0259 CCA09336 		.ascii	"\314\240\2236\371\374x\207)\036t\3117\353\004\334o\350"
  71      F9FC7887 
  71      291E74C9 
  71      37EB04DC 
  71      6FE8
  72 026b E9FBCB9E 		.ascii	"\351\373\313\236\335\007\365\242\016\333d\001A\306\232"
  72      DD07F5A2 
ARM GAS  /tmp/ccTDIih2.s 			page 5


  72      0EDB6401 
  72      41C69A
  73 027a 5B2FA6A9 		.ascii	"[/\246\251\3103tC6\276{@ew r\275\253jP\243\264\344\323"
  73      C8337443 
  73      36BE7B40 
  73      65772072 
  73      BDAB6A50 
  74 0292 D171FFAA 		.ascii	"\321q\377\252\255\342\271\330$D\0066\306\224\242\312"
  74      ADE2B9D8 
  74      24440636 
  74      C694A2CA 
  75 02a2 5AE10854 		.ascii	"Z\341\010T [\251HG\357x\373\251G\222\216\231\364\246"
  75      205BA948 
  75      47EF78FB 
  75      A947928E 
  75      99F4A6
  76 02b5 C9435676 		.ascii	"\311CVvtUk\346R\\\211\010']Z]\370\206>\315x\036\306"
  76      74556BE6 
  76      525C8908 
  76      275D5A5D 
  76      F8863ECD 
  77 02cc B0C3516C 		.ascii	"\260\303Ql\325\004Q\216\333\367kN6\246\272\232D\024"
  77      D504518E 
  77      DBF76B4E 
  77      36A6BA9A 
  77      4414
  78 02de 85EC805E 		.ascii	"\205\354\200^\274\202\027\262)\241\017\\\270}r\":\352"
  78      BC8217B2 
  78      29A10F5C 
  78      B87D7222 
  78      3AEA
  79 02f0 A0800E78 		.ascii	"\240\200\016x\003~G\014\336Ob\262T\322\217\015\004\357"
  79      037E470C 
  79      DE4F62B2 
  79      54D28F0D 
  79      04EF
  80 0302 50C38F22 		.ascii	"P\303\217\"#8M\260iz{\342\365\037\2317\2256\263:\247"
  80      23384DB0 
  80      697A7BE2 
  80      F51F9937 
  80      9536B33A 
  81 0317 ACAE6DF7 		.ascii	"\254\256m\367\310\023\273\271\024\275fu\337>\030kwN"
  81      C813BBB9 
  81      14BD6675 
  81      DF3E186B 
  81      774E
  82 0329 57F72556 		.ascii	"W\367%V\227\016\307\261\272cVu\003\327Z\267\245[\325"
  82      970EC7B1 
  82      BA635675 
  82      03D75AB7 
  82      A55BD5
  83 033c 65C00959 		.ascii	"e\300\011Y\035\230bik\034o\340y-\"\212\320ZY\374IpE"
  83      1D986269 
  83      6B1C6FE0 
  83      792D228A 
  83      D05A59FC 
  84 0353 B89C8370 		.ascii	"\270\234\203p\012\362\210\251\3557\026Y<\315\312\363"
ARM GAS  /tmp/ccTDIih2.s 			page 6


  84      0AF288A9 
  84      ED371659 
  84      3CCDCAF3 
  85 0363 FEFFE439 		.ascii	"\376\377\3449-\363(\363\363|Bi\372_\2469\003yxP&\305"
  85      2DF328F3 
  85      F37C4269 
  85      FA5FA639 
  85      03797850 
  86 0379 32F24833 		.ascii	"2\362H3\017\356\300]x7\363\277.m\242.uH\232T\206S\226"
  86      0FEEC05D 
  86      7837F3BF 
  86      2E6DA22E 
  86      75489A54 
  87 0390 238519CC 		.ascii	"#\205\031\3144\003\273\001\321\301\310\353&\222\332"
  87      3403BB01 
  87      D1C1C8EB 
  87      2692DA
  88 039f 667C73EC 		.ascii	"f|s\354\261\324\230\0126\0300\347\311\030\000\022\255"
  88      B1D4980A 
  88      361830E7 
  88      C9180012 
  88      AD
  89 03b0 B4A3561C 		.ascii	"\264\243V\034\374\211\206\2014S\243\250\214d\324J\353"
  89      FC898681 
  89      3453A3A8 
  89      8C64D44A 
  89      EB
  90 03c1 448D9AF2 		.ascii	"D\215\232\362\3135\015\3513\344\006RhNKhISh\212\305"
  90      CB350DE9 
  90      33E40652 
  90      684E4B68 
  90      4953688A 
  91 03d6 4D7BE540 		.ascii	"M{\345@!\357\007yEu\337\214\026Y#\256\373\262]l\253"
  91      21EF0779 
  91      4575DF8C 
  91      165923AE 
  91      FBB25D6C 
  92 03eb D469C40D 		.ascii	"\324i\304\015\316\037q\360\007\325\237\216\342\013\017"
  92      CE1F71F0 
  92      07D59F8E 
  92      E20B0F
  93 03fa 4F3EAD9D 		.ascii	"O>\255\235+\276\376\0375\362\260\004\250\315\027\314"
  93      2BBEFE1F 
  93      35F2B004 
  93      A8CD17CC 
  94 040a 59299573 		.ascii	"Y)\225s4\316\200]\241\223\377P\337\372$5\373\216%\230"
  94      34CE805D 
  94      A193FF50 
  94      DFFA2435 
  94      FB8E2598 
  95 041e D708D274 		.ascii	"\327\010\322t\363\260\320\245`\316\223`\320\362\347"
  95      F3B0D0A5 
  95      60CE9360 
  95      D0F2E7
  96 042d CECEEA54 		.ascii	"\316\316\352T\264\300\005P)=\203\213\362?fO<|\306\236"
  96      B4C00550 
  96      293D838B 
ARM GAS  /tmp/ccTDIih2.s 			page 7


  96      F23F664F 
  96      3C7CC69E 
  97 0441 7DCF022F 		.ascii	"}\317\002/$\327\344\326\360n\273\004_\222j\033B\265"
  97      24D7E4D6 
  97      F06EBB04 
  97      5F926A1B 
  97      42B5
  98 0453 4DDF0995 		.ascii	"M\337\011\225F\322KT\313Q\305h\214\220\272\356bw\327"
  98      46D24B54 
  98      CB51C568 
  98      8C90BAEE 
  98      6277D7
  99 0466 4A42E521 		.ascii	"JB\345!\037b\263\015\351\030bQq\320\273\336\0234\\\353"
  99      1F62B30D 
  99      E9186251 
  99      71D0BBDE 
  99      13345CEB 
 100 047a 4A8B8C12 		.ascii	"J\213\214\022W\211\2474\340\011.w3[Qqq\320c\030\340"
 100      5789A734 
 100      E0092E77 
 100      335B5171 
 100      71D06318 
 101 048f B5951BC1 		.ascii	"\265\225\033\301\374\"o\231\376y\271/\260\012\255\266"
 101      FC226F99 
 101      FE79B92F 
 101      B00AADB6 
 102 049f 75E565EE 		.ascii	"u\345e\356\217C\301\025\253K\274\237z\327\024\272\374"
 102      8F43C115 
 102      AB4BBC9F 
 102      7AD714BA 
 102      FC
 103 04b0 86CBEDF7 		.ascii	"\206\313\355\367\371\374e.\317\206\220ku~\341\207\205"
 103      F9FC652E 
 103      CF86906B 
 103      757EE187 
 103      85
 104 04c1 2E6F99BB 		.ascii	".o\231\273\264\274\330\343r\373\014\257\261\3663\267"
 104      B4BCD8E3 
 104      72FB0CAF 
 104      B1F633B7 
 105 04d1 7B79097B 		.ascii	"{y\011{s\006 \030z\351Rbl4p;w~\274\200?\0302\\\253\012"
 105      73062018 
 105      7AE95262 
 105      6C34703B 
 105      777EBC80 
 106 04eb F257E76F 		.ascii	"\362W\347o@?\267?\350Y\273\376=\037:\353\356\200\341"
 106      403FB73F 
 106      E859BBFE 
 106      3D1F3AEB 
 106      EE80E1
 107 04fe 2DCEF232 		.ascii	"-\316\3622\233\317\343\363\00772g\310\037X\263\216\012"
 107      9BCFE3F3 
 107      07373267 
 107      C81F58B3 
 107      8E0A
 108 0510 2D0C15B9 		.ascii	"-\014\025\271\277p\344\027\026d\371\214@nV\316\212T"
 108      BF70E417 
ARM GAS  /tmp/ccTDIih2.s 			page 8


 108      1664F98C 
 108      406E56CE 
 108      8A54
 109 0522 A6041937 		.ascii	"\246\004\0317\002\354_\003+\230\347"
 109      02EC5F03 
 109      2B98E7
 110              		.text
 111              		.section	.gnu.lto_.symbol_nodes.968eadbb9e5864f,"",%progbits
 112 0000 789C6361 		.ascii	"x\234ca`d0e\000\002\246\251L\365\014\014\023\31610\000"
 112      60643065 
 112      0002A6A9 
 112      4CF50C0C 
 112      13CE3130 
 113 0015 A95D0D8A 		.ascii	"\251]\015\212\014\014\214\323\230\352\031\301\"\014"
 113      0C0C8CD3 
 113      98EA19C1 
 113      220C
 114 0023 0C0D0D0A 		.ascii	"\014\015\015\012\014\014\314@\265-mo\344Y\030\030>w"
 114      0C0CCC40 
 114      B52D6D6F 
 114      E4591818 
 114      3E77
 115 0035 BF916760 		.ascii	"\277\221g`\000\000P\374\014\310"
 115      000050FC 
 115      0CC8
 116              		.text
 117              		.section	.gnu.lto_.refs.968eadbb9e5864f,"",%progbits
 118 0000 789C6361 		.ascii	"x\234ca`\004B \000\000\0009\000\007"
 118      60044220 
 118      00000039 
 118      0007
 119              		.text
 120              		.section	.gnu.lto_.decls.968eadbb9e5864f,"",%progbits
 121 0000 789CBD58 		.ascii	"x\234\275XkP\024W\026\236\333wx\017\220B\262\261R\324"
 121      6B501457 
 121      169EDB77 
 121      780F9042 
 121      B2B152D4 
 122 0014 9665B91B 		.ascii	"\226e\271\033~D\307W6\311\237\335\020\324\225T\271\241"
 122      7E44C757 
 122      36C99FDD 
 122      10D49554 
 122      B9A1
 123 0026 8668EDAF 		.ascii	"\206h\355\257L\0001\220\345\025\300l\254\375\261\315"
 123      4C003190 
 123      E515C06C 
 123      ACFDB1CD 
 124 0036 43055F01 		.ascii	"C\005_\001%\361\001\"\017\011 \" \310CDG\024D\024D\024"
 124      25F10122 
 124      0F092022 
 124      20C84344 
 124      47144414 
 125 004c 648208F2 		.ascii	"d\202\010\362V\021QPD\021\366\334GO\017-cY\265[\333"
 125      56115150 
 125      4411F6DC 
 125      474F0F2D 
 125      6359B55B 
ARM GAS  /tmp/ccTDIih2.s 			page 9


 126 0061 3567BA4F 		.ascii	"5g\272O\337\357\236\363\235so\237{\273\325*\244\"\307"
 126      DFEF9EF3 
 126      9D736F9F 
 126      7BBBD52A 
 126      A422C7
 127 0074 9FDF57A9 		.ascii	"\237\337W\251\246\005\225\352\014\\\317\300\001\227"
 127      A60595EA 
 127      0C5CCFC0 
 127      0197
 128 0082 AA0D2AF9 		.ascii	"\252\015*\371 z\031H\245\352\365\203\334\237\307\361"
 128      207A1948 
 128      A5EAF583 
 128      DC9FC7F1 
 129 0092 2E20AE20 		.ascii	". \256 % \336*f\3574\310\007 gA\352A*@\376\010n\377"
 129      2520DE2A 
 129      66EF34C8 
 129      07206741 
 129      EA412A40 
 130 00aa 003204D7 		.ascii	"\0002\004\327\337\3019\020\304\023$\004$\034\004\303"
 130      DFC13910 
 130      C4132404 
 130      241C04C3 
 131 00ba FD8570FE 		.ascii	"\375\205p\376\006d\023\2105\367\023\001\327Q ?\"\306"
 131      06641388 
 131      35F71301 
 131      D751203F 
 131      22C6
 132 00cc E55FE875 		.ascii	"\345_\350u>\257\0044}\262v\322\251\003\031\021\360F"
 132      3EAF0434 
 132      7DB276D2 
 132      A9031911 
 132      F046
 133 00de EFD0BB08 		.ascii	"\357\320\273\010\261\177DE\305\204\252*\371g\272\205"
 133      B17F4445 
 133      C584AA2A 
 133      F967BA85 
 134 00ee 2420D705 		.ascii	"$ \327\005\351Re2F\177R\377\031\351\240Fd\353\210wb"
 134      E9526532 
 134      467F52FF 
 134      19E9A046 
 134      64EB8877 
 135 0103 3AEFAC42 		.ascii	":\357\254B\\\027d\007\210\251R\0073{\214.7's6\305\204"
 135      5C176407 
 135      88A95207 
 135      337B8C2E 
 135      37277336 
 136 0119 A4A0534A 		.ascii	"\244\240SJj.8c\001\221\353\346\301W\375h\311q\021\216"
 136      6A2E3863 
 136      0191EBE6 
 136      C157FD68 
 136      C971118E 
 137 012d 445114B4 		.ascii	"DQ\024\264rj:\353\363\362\361\270\200>\260G\304\276"
 137      726A3AEB 
 137      F3F2F1B8 
 137      803EB047 
 137      C4BE
 138 013f 33DC2A1C 		.ascii	"3\334*\034\256\234td\267\010\242\345\247'Gm\360\002"
ARM GAS  /tmp/ccTDIih2.s 			page 10


 138      AE9C7464 
 138      B708A2E5 
 138      A727476D 
 138      F002
 139 0151 7A7D3DAE 		.ascii	"z}=\256(\225\240]\354\221\032\324\307\215\207z\235@"
 139      2895A05D 
 139      EC911AD4 
 139      C78D877A 
 139      9D40
 140 0163 75B5470B 		.ascii	"u\265G\013^\011B\335\356\222\223\016\310\335\376W\342"
 140      5E0942DD 
 140      EE92930E 
 140      C8DDFE57 
 140      E2
 141 0174 A7BB3C5B 		.ascii	"\247\273<[S)\212\357\240\"d\217\216#\214\362\320\022"
 141      53298AEF 
 141      A022648F 
 141      8E238CF2 
 141      D012
 142 0186 42EF037B 		.ascii	"B\357\003{\370\217\027\305\03011Vt\251wR\241\023\310"
 142      F88F17C5 
 142      18313156 
 142      74A97752 
 142      A113C8
 143 0199 0D152037 		.ascii	"\015\025 7\025*D\356\304)\001\242|\270y\014n\202\227"
 143      152A44EE 
 143      C42901A2 
 143      7CB8790C 
 143      6E8297
 144 01ac BCA34999 		.ascii	"\274\243I\231\3268\032\021\006\302\301\322c\023\366"
 144      D6381A11 
 144      06C2C1D2 
 144      6313F6
 145 01bb 261FA776 		.ascii	"&\037\247v\254<N|\224\200\217b\331\007\270\264\350\344"
 145      AC3C4E7C 
 145      94808F62 
 145      D907B8B4 
 145      E8E4
 146 01cd E4DC4EB6 		.ascii	"\344\334N\266\017\037m\023\324d~\020[~jr\317\330\226"
 146      0F1F6D13 
 146      D4647E10 
 146      5B7E6A72 
 146      CFD896
 147 01e0 B962FE2F 		.ascii	"\271b\376/4i\261\342\0025\332\360;\223\031\025:\205"
 147      3469B1E2 
 147      0235DAF0 
 147      3B931915 
 147      3A85
 148 01f2 E6C37F29 		.ascii	"\346\303\177)R\263<\346\335\277x\333qa\272\230^$vw\354"
 148      52B33CE6 
 148      DDBF78DB 
 148      7161BA98 
 148      5E247677 
 149 0207 71FE2556 		.ascii	"q\376%V\254\207~\013\010\014\345\312\314\340\222\234"
 149      AC877E0B 
 149      080CE5CA 
 149      CCE0929C 
ARM GAS  /tmp/ccTDIih2.s 			page 11


 150 0217 7250078C 		.ascii	"rP\007\214Z\031Z\010=k\017f\225a\374\220\206\207^]N"
 150      5A195A08 
 150      3D6B0F66 
 150      9561FC90 
 150      86875E5D 
 151 022c 392458F4 		.ascii	"9$X\364YA}\372q\227\235\031I\345V\340\262\033\022\221"
 151      59417DFA 
 151      71979D19 
 151      49E556E0 
 151      B21B1291 
 152 0240 D4B23E26 		.ascii	"\324\262>&k\233!\021Q\020*\227=\226S\217pQI\275\275"
 152      6B9B2111 
 152      51102A97 
 152      3D96538F 
 152      705149BD 
 153 0255 EC2F1CD4 		.ascii	"\354/\034\324hv\310\251\241x\331\305i\244\341=\001|"
 153      6876C8A9 
 153      A178D9C5 
 153      69A4E13D 
 153      017C
 154 0267 7CDFE02E 		.ascii	"|\337\340.\033\234A\347\220\260\263\274?\030i\334-u"
 154      1B9C41E7 
 154      90B0B3BC 
 154      3F1869DC 
 154      2D75
 155 0279 45D59058 		.ascii	"E\325\220X\2717\033\237\216=\256t|\316\300\375*\340"
 155      B9371B9F 
 155      8E3DAE74 
 155      7CCEC0FD 
 155      2AE0
 156 028b 0411AB98 		.ascii	"\004\021\253\230\023r\202\273\340DlMs\235E\210\014\200"
 156      137282BB 
 156      E0446C4D 
 156      739D4588 
 156      0C80
 157 029d 4CE82CC5 		.ascii	"L\350,\305\3223\200\373^\026\234vb\023\320\032\324G"
 157      D23380FB 
 157      5E169C76 
 157      6213D01A 
 157      D447
 158 02af BD133DB6 		.ascii	"\275\023=\266\366\361<]\244\263\213y_\003\231\007H\353"
 158      F6F13C5D 
 158      A4B38B79 
 158      5F039907 
 158      48EB
 159 02c1 86CEB141 		.ascii	"\206\316\261A\036\337\261u\202O_\033Ps\007R\367h\330"
 159      1EDFB175 
 159      824F5F1B 
 159      50730752 
 159      F768D8
 160 02d4 F4FD04D4 		.ascii	"\364\375\004\324\326\347\325/48\217F\253.\211\351\312"
 160      D6E7D52F 
 160      34388F46 
 160      AB2E89E9 
 160      CA
 161 02e5 7042EE6E 		.ascii	"pB\356n\010\214!6\333\310\223\243B\227\200\335\005\236"
 161      088C2136 
ARM GAS  /tmp/ccTDIih2.s 			page 12


 161      DBC893A3 
 161      429780DD 
 161      059E
 162 02f7 53380E89 		.ascii	"S8\016\211\340}\364\337\3446\\\333\3223\235x\243\231"
 162      E07DF4DF 
 162      E4365CDB 
 162      D2339D78 
 162      A399
 163 0309 A2F57C15 		.ascii	"\242\365|\025Z\341\206\226Br.BrHO:\355\352\300f-c\264"
 163      5AE18696 
 163      42722E42 
 163      72484F3A 
 163      EDEAC066 
 164 0320 2DFD9747 		.ascii	"-\375\227G\016.\211\334\374g\210\202j\240\375<\015\240"
 164      0E2E89DC 
 164      FC678882 
 164      6AA0FD3C 
 164      0DA0
 165 0332 1EB94861 		.ascii	"\036\271HaP\205\214I\343\245\333<\206x\004\372\314="
 165      50858C49 
 165      E3A5DB3C 
 165      867804FA 
 165      CC3D
 166 0344 63961DD3 		.ascii	"c\226\035\323G\211\305\307S\207\313\271\356J&TWb\242"
 166      4789C5C7 
 166      5387CBB9 
 166      EE4A2654 
 166      5762A2
 167 0357 0D8B319D 		.ascii	"\015\2131\235\300\357v\016\356p\302'XY\350**\236\260"
 167      C0EF760E 
 167      EE70C227 
 167      5859E82A 
 167      2A9EB0
 168 036a B29CBE26 		.ascii	"\262\234\276&)}\005\214lnLF\262Z&\033EG\352*\300\257"
 168      297D058C 
 168      6C6E4C46 
 168      B25A261B 
 168      4547EA2A 
 169 0380 50F8354A 		.ascii	"P\3705J\226v\"\350\230*c\2223#\322M\364S-\267\236\331"
 169      967622E8 
 169      982A6392 
 169      3323D24D 
 169      F4532DB7 
 170 0396 E10AE6B9 		.ascii	"\341\012\346\271\240]L\260#\236c\301s\342[=\241I\323"
 170      A05D4CB0 
 170      239E63C1 
 170      73E25B3D 
 170      A149D3
 171 03a9 1DCD56E6 		.ascii	"\035\315V\346\336[\336\344\375\306@F\234\206yo\246U"
 171      DE5BDEE4 
 171      FDC64046 
 171      9C86796F 
 171      A655
 172 03bb 6CF4EA61 		.ascii	"l\364\352a\007\246\277\003j\331\300\345:{\226\026\221"
 172      07A6BF03 
 172      6AD9C0E5 
 172      3A7B9616 
ARM GAS  /tmp/ccTDIih2.s 			page 13


 172      91
 173 03cc A4A5AAAE 		.ascii	"\244\245\252\256\3452\302\325\214\\\315\223\242\034"
 173      E532C2D5 
 173      8C5CCD93 
 173      A21C
 174 03da DE179349 		.ascii	"\336\027\223I6\221\231\360\206If\224\262\324\316+\311"
 174      369199F0 
 174      86496694 
 174      B2D4CE2B 
 174      C9
 175 03eb E1AE122B 		.ascii	"\341\256\022+e\226\332\000\336J\341\277Q\236F\211g\375"
 175      6596DA00 
 175      DE4AE1BF 
 175      519E4689 
 175      67FD
 176 03fd D673FB5F 		.ascii	"\326s\373_\213\312\"zg\355\251:>\370\365D\037\230.i"
 176      8BCA227A 
 176      67EDA93A 
 176      3EF8F544 
 176      1F982E69 
 177 0411 B0C1358C 		.ascii	"\260\3015\214\366\276\275\317\033lq\035S\312G\362\313"
 177      F6BEBDCF 
 177      1B6C711D 
 177      53CA47F2 
 177      CB
 178 0422 1D19D240 		.ascii	"\035\031\322@\364CU\343\015VL\2675kv\345\315c\371\243"
 178      F44355E3 
 178      0D564CB7 
 178      356B76E5 
 178      CD63F9A3 
 179 0436 D9D6B881 		.ascii	"\331\326\270\201\365=u\270-\315\301r\300\275R\300Ki"
 179      F53D75B8 
 179      2DCDC172 
 179      C0BD52C0 
 179      4B69
 180 0448 BC29C6E9 		.ascii	"\274)\306\351\"g\036\201A\212\367.\240\273)\272\217"
 180      22671E81 
 180      418AF72E 
 180      A0BB29BA 
 180      8F
 181 0459 46D02B45 		.ascii	"F\320+E`\034k\332\216\315\321-oBKO\250\013{B\017Lf\334"
 181      601C6BDA 
 181      8ECDD12D 
 181      6F424B4F 
 181      A80B7B42 
 182 0471 77C44D7C 		.ascii	"w\304M|M\313\211o\306\322\024z\273\"\377pd\252\320\011"
 182      4DCB896F 
 182      C6D2147A 
 182      BB22FF70 
 182      64AAD009 
 183 0485 DF60FDAB 		.ascii	"\337`\375\253\312\317\324\361\214,\0055\377\370\371"
 183      CACFD4F1 
 183      8C2C0535 
 183      FFF8F9
 184 0494 2607DCCE 		.ascii	"&\007\334\316\332\246\022\217\224\330\341;LI\031\353"
 184      DAA6128F 
 184      94D8E13B 
ARM GAS  /tmp/ccTDIih2.s 			page 14


 184      4C4919EB 
 185 04a4 BCC79F28 		.ascii	"\274\307\237(w2;\262\322\366\332\341^\3266\223\030\177"
 185      77323BB2 
 185      D2F6DAE1 
 185      5ED63693 
 185      187F
 186 04b6 D0060F31 		.ascii	"\320\006\0171EZ\016]\350r\210\222\233\222\263\034\360"
 186      455A0E5D 
 186      E8728892 
 186      9B92B31C 
 186      F0
 187 04c7 43D63612 		.ascii	"C\3266\022\327\337\315\347\337|R\206\207\222\215\210"
 187      D7DFCDE7 
 187      DF7C5286 
 187      87928D88 
 188 04d7 A91AB367 		.ascii	"\251\032\263g\305\225?+'\236\355\331\357\200\307X\327"
 188      C5953F2B 
 188      279EEDD9 
 188      EF80C758 
 188      D7
 189 04e8 5BC6B84A 		.ascii	"[\306\270J\216u\0005\266c\272\306\331\362\350LH\243"
 189      8E750035 
 189      B663BAC6 
 189      D9F2E84C 
 189      48A3
 190 04fa F38CC55C 		.ascii	"\363\214\305\\\270\265/\317\026z\273\301\002\217\314"
 190      B8B52FCF 
 190      167ABBC1 
 190      028FCC
 191 0509 567737B6 		.ascii	"Vw7\266\272\227\032\306\012\324x\202\225\370\353%\306"
 191      BA971AC6 
 191      0AD47882 
 191      95F8EB25 
 191      C6
 192 051a 5A3B7901 		.ascii	"Z;y\001\177\352\021+\212\010M\301\010\275\220\027\024"
 192      7FEA112B 
 192      8A084DC1 
 192      08BD9017 
 192      14
 193 052b 37D3DA3A 		.ascii	"7\323\332:\273\304\275\204\234\273\361\234O\002\235"
 193      BBC4BD84 
 193      9CBBF19C 
 193      4F029D
 194 053a E77CF53E 		.ascii	"\347|\365>\222{\321\021Gc\352\340a\362\203xl\266z\273"
 194      927BD111 
 194      4763EAE0 
 194      61F28378 
 194      6CB67ABB 
 195 054e E593D561 		.ascii	"\345\223\325a\006\034\274\222\035L!\013\036\246\347"
 195      061CBC92 
 195      1D4C210B 
 195      1EA6E7
 196 055d F6702EBE 		.ascii	"\366p.\276*\325\306\274\206\022{\343\320>F\023\"\012"
 196      2AD5C6BC 
 196      86127BE3 
 196      D03E4613 
 196      220A
ARM GAS  /tmp/ccTDIih2.s 			page 15


 197 056f 2E525A08 		.ascii	".RZ\010:#\241$\321\236M\233\267\262\236\331s\373\254"
 197      3A23A124 
 197      D19E4D9B 
 197      B7B29ED9 
 197      73FBAC
 198 0582 606E3D5A 		.ascii	"`n=Zx\203\365\352\226\333\237\341\004\032,z\332t\373"
 198      7883F5EA 
 198      96DB9FE1 
 198      041A2C7A 
 198      DA74FB
 199 0595 2EC2BB99 		.ascii	".\302\273\231\022w\345r\216\015Nb\312p^c\2755\336\317"
 199      1277E572 
 199      8E0D4E62 
 199      CA705E63 
 199      BD35DECF 
 200 05a9 94BE8117 		.ascii	"\224\276\201\027\025\030\2472\345\327\341\314\335v8"
 200      1518A732 
 200      E5D7E1CC 
 200      DD7638
 201 05b8 83F7E91B 		.ascii	"\203\367\351\033i\342sf\027\031\272\227\243e7\245YB"
 201      69E27366 
 201      1719BA97 
 201      A36537A5 
 201      5942
 202 05ca 1EE2FB4F 		.ascii	"\036\342\373O\373glq\016\005\277\327\235v\240A\203\026"
 202      FB676C71 
 202      0E05BFD7 
 202      9D76A041 
 202      8316
 203 05dc D163DE22 		.ascii	"\321c\336\"\263\303\035$S\214\213\025\273\253:\302r"
 203      B3C31D24 
 203      538C8B15 
 203      BBAB3AC2 
 203      72
 204 05ed B2B78989 		.ascii	"\262\267\211\211\276h\0102\364\0102\276W\230'?4\017"
 204      BE680832 
 204      F40832BE 
 204      5798273F 
 204      340F
 205 05ff 6940CBE0 		.ascii	"i@\313\340O\225I\3025\214\353\011\026\012+j\344X\251"
 205      4F9549C2 
 205      358CEB09 
 205      160A2B6A 
 205      E458A9
 206 0612 DCA2068A 		.ascii	"\334\242\006\212=\201\030\030\214\033Z\2724\222\345"
 206      3D811818 
 206      8C1B5ABA 
 206      3492E5
 207 0621 61A5E5FB 		.ascii	"a\245\345\373\346\226\011\270Y\006\217\314M\303\334"
 207      E69609B8 
 207      59068FCC 
 207      4DC3DC
 208 0630 F43319BD 		.ascii	"\3643\031\275SP\240/+M\267\311\340{J\323\00328\211\017"
 208      5350A02F 
 208      2B4DB7C9 
 208      E07B4AD3 
 208      03323889 
ARM GAS  /tmp/ccTDIih2.s 			page 16


 209 0645 A888A254 		.ascii	"\250\210\242Th\207\340\206\022\004\322F\3400\003\320"
 209      6887E086 
 209      1204D246 
 209      E03003D0 
 210 0655 11C11D1D 		.ascii	"\021\301\035\035\020\026\241L\2204\220_@\366\201\244"
 210      1016A14C 
 210      9034905F 
 210      40F681A4 
 211 0665 82A4801C 		.ascii	"\202\244\200\034\002\331\005\362\023\310\036\220d\220"
 211      02D905F2 
 211      13C81E90 
 211      6490
 212 0673 2490FD20 		.ascii	"$\220\375 ?\203\244\203\034\0049\014\222\001\262\033"
 212      3F83A483 
 212      1C04390C 
 212      9201B21B 
 213 0683 24515844 		.ascii	"$QXD\267\014\214g\231\3143N\031T\2532\250\2332\370\301"
 213      B70C8C67 
 213      99CC334E 
 213      1954AB32 
 213      A89B32F8 
 214 0698 DCC995F2 		.ascii	"\334\311\225\362\225\034-\032~\243\343\326\017\343\326"
 214      951C2D1A 
 214      7EA3E3D6 
 214      0FE3D6
 215 06a7 C3C15281 		.ascii	"\303\301R\201E]J\313\245\262\345\255J\032\335\257\215"
 215      455D4ACB 
 215      A5B2E5AD 
 215      4A1ADDAF 
 215      8D
 216 06b8 44BB8C1E 		.ascii	"D\273\214\036\234;\271&\036\200NchR\341\343\225\266"
 216      9C3BB926 
 216      1E804E63 
 216      6852E1E3 
 216      95B6
 217 06ca B5663C08 		.ascii	"\265f<\010\366\216\214\355TZ\276\375\032\21732\217\307"
 217      F68E8CED 
 217      545ABEFD 
 217      1A8F3332 
 217      8FC7
 218 06dc 4AF4E86C 		.ascii	"J\364\350l4\344\343\264^,\372\006\305\010.\350)\007"
 218      34E4E3B4 
 218      5E2CFA06 
 218      C5082EE8 
 218      2907
 219 06ee 4BCF2F7A 		.ascii	"K\317/z\242\314G\205l9v\356a1\317\364(\315t\007d\372"
 219      A2CC4785 
 219      6C3976EE 
 219      6131CFF4 
 219      28CD7407 
 220 0704 16B72C2D 		.ascii	"\026\267,-\335\350\246\322\362I\331\362\266\2713M\301"
 220      DDE8A6D2 
 220      F249D9F2 
 220      B6B9334D 
 220      C1
 221 0715 B4341A52 		.ascii	"\2644\032R\000\014\273I\000\251xYT\231R\325y\344\335"
 221      000CBB49 
ARM GAS  /tmp/ccTDIih2.s 			page 17


 221      00A97859 
 221      549952D5 
 221      79E4DD
 222 0728 83A2210E 		.ascii	"\203\242!\016\323d\335\231;Y\313d\216O(\307\033\300"
 222      D364DD99 
 222      3B59CB64 
 222      8E4F28C7 
 222      1BC0
 223 073a F1BAF229 		.ascii	"\361\272\362)nVr,\2229n\237s\304X\360P{\232\272~nR\343"
 223      6E56722C 
 223      92396E9F 
 223      73C458F0 
 223      507B9ABA 
 224 0752 4E56D67B 		.ascii	"NV\326{/\026\016\303\3428\217q\237\354B\204{6t\316\022"
 224      2F160EC3 
 224      E2388F71 
 224      9FEC4284 
 224      7B3674CE 
 225 0767 4C559D84 		.ascii	"LU\235\204b\341\261CG\341i\373\177<y\300;}dh\237\363"
 225      62E1B143 
 225      47E169FB 
 225      7F3C79C0 
 225      3B7D6468 
 226 077d ACD78D6C 		.ascii	"\254\327\215l\263 U\350W\201\275n\300\231l\266[\217"
 226      B32055E8 
 226      5781BD6E 
 226      C0996CB6 
 226      5B8F
 227 078f 54F1FD87 		.ascii	"T\361\375\207\350FV\370\363\333K\271>J\336 \222\013"
 227      E84656F8 
 227      F3DB4BB9 
 227      3E4ADE20 
 227      920B
 228 07a1 7ACBF9D2 		.ascii	"z\313\371\322\234Hv\333C\2559\207\370\266J\314 %\373"
 228      9C4876DB 
 228      43AD3987 
 228      F8B64ACC 
 228      2025FB
 229 07b4 F0D4549C 		.ascii	"\360\324T\234\032\017\260z~\267m\372\012\337\275\305"
 229      1A0FB07A 
 229      7EB76DFA 
 229      0ADFBDC5 
 230 07c4 5A915D46 		.ascii	"Z\221]F{\354\204\223\345\225\274@"
 230      7BEC8493 
 230      E595BC40 
 231 07d0 E02BF971 		.ascii	"\340+\371q\201\255s\255\267r_\333X\036\203\034\346\321"
 231      81AD73AD 
 231      B7725FDB 
 231      581E831C 
 231      E6D1
 232 07e2 D27582AE 		.ascii	"\322u\202\256D\264\023]V\262\373\322\371\256E$\257J"
 232      44B4135D 
 232      56B2FBD2 
 232      F9AE4524 
 232      AF4A
 233 07f4 DB927AB2 		.ascii	"\333\222z\262\370\346d\2240kN\332\265O\315\251\222\267"
 233      F8E66494 
ARM GAS  /tmp/ccTDIih2.s 			page 18


 233      306B4EDA 
 233      B54FCDA9 
 233      92B7
 234 0806 FE3DB792 		.ascii	"\376=\267\222\376\202G\031\321\366\342}E|k\364\210`"
 234      FE824719 
 234      D1F6E27D 
 234      457C6BF4 
 234      8860
 235 0818 C7DB461B 		.ascii	"\307\333F\033\336\260\345(\225\210\2260\242\215\031"
 235      DEB0E528 
 235      95889630 
 235      A28D19
 236 0827 E537AC95 		.ascii	"\3457\254\225\013r1\020-\242DOQ\242\245\022\321\212"
 236      0B723110 
 236      2DA2444F 
 236      51A2A512 
 236      D18A
 237 0839 73CF77AB 		.ascii	"s\317w\253\225\013\254EtYWr\002\037\201t\362\011\342"
 237      950BAC45 
 237      74595772 
 237      021F8174 
 237      F209E2
 238 084c 74E76303 		.ascii	"t\347c\003_#\273\011\325\311\341\003\255\266<,'\320"
 238      5F23BB09 
 238      D5C9E103 
 238      ADB63C2C 
 238      27D0
 239 085e 2F8CA53E 		.ascii	"/\214\245>\326\3401\026WMGu<\217\353c28\215\205\206"
 239      D6E03116 
 239      574D4775 
 239      3C8FEB63 
 239      32388D85 
 240 0873 37EC73CF 		.ascii	"7\354s\317HaU\261\260:o\226=\261S\346\277\022\210VP"
 240      486155B1 
 240      B03A6F96 
 240      3DB153E6 
 240      BF128856 
 241 0888 A2D594E8 		.ascii	"\242\325\224\350\031\211\350\376\207\223\357\363\364"
 241      1989E8FE 
 241      8793EFF3 
 241      F4
 242 0895 139E2786 		.ascii	"\023\236'\206\316\245J/\034\002\341u#%\337\006\277b"
 242      CEA54A2F 
 242      1C02E175 
 242      2325DF06 
 242      BF62
 243 08a7 BCAA7A9A 		.ascii	"\274\252z\232c4\226\211\234\227\210\234g[\222\201\316"
 243      63349689 
 243      9C97889C 
 243      675B9281 
 243      CE
 244 08b8 03B98E4A 		.ascii	"\003\271\216J\"\347\200\010+}5\224\310y\211Hkj\366\210"
 244      22E78008 
 244      2B7D3594 
 244      C8798948 
 244      6B6AF688 
 245 08cc B3397AE8 		.ascii	"\2639z\350M\350\211\262\227\035|\232\244c\263i\344\312"
ARM GAS  /tmp/ccTDIih2.s 			page 19


 245      4DE889B2 
 245      971D7C9A 
 245      A463B369 
 245      E4CA
 246 08de A751F450 		.ascii	"\247Q\364P\321v\214c\324\224\367\330\376\255\011\266"
 246      D1768C63 
 246      D494F7D8 
 246      FEAD09B6 
 247 08ee 0CFC1EA8 		.ascii	"\014\374\036\250m\331\351\331\202\3450\352\2450.\261"
 247      6DD9E9D9 
 247      82E530EA 
 247      A5302EB1 
 248 08fe 7C361D18 		.ascii	"|6\035\0302\332*\303\250\005b\254,]\246\304\352%b\245"
 248      32DA2AC3 
 248      A80562AC 
 248      2C5DA6C4 
 248      EA2562A5 
 249 0912 D58FB3A5 		.ascii	"\325\217\263\245\371L\210\365\347\367d\331\343]\214"
 249      F94C88F5 
 249      E7F764D9 
 249      E35D8C
 250 0921 C831C3CE 		.ascii	"\3101\303\316z\376d\245\223\354\316\244\214\036\326"
 250      7AFE64A5 
 250      93ECCEA4 
 250      8C1ED6
 251 0930 E024D628 		.ascii	"\340$\326(\245\336\205\247\376\332\275\262b\001\247"
 251      A5DE85A7 
 251      FEDABDB2 
 251      6201A7
 252 093f B046E9FD 		.ascii	"\260F\351\375\330\205\277\037w\031[\21358\2355Jo\211"
 252      D885BF1F 
 252      77195B8B 
 252      35389D35 
 252      4A6F89
 253 0952 2EFC2D31 		.ascii	".\374-1\241\260g\247\025\316c\215\227\352b\276\303'"
 253      A1B067A7 
 253      15CE638D 
 253      97EA62BE 
 253      C327
 254 0964 D8F595DE 		.ascii	"\330\365\225\336\270\017\031.\216\224\211\332\243\305"
 254      B80F192E 
 254      8E9489DA 
 254      A3C5
 255 0972 47307FE9 		.ascii	"G0\177\351\246\263\262\344\374\216Xg\\B\301\316U\365"
 255      A6B3B2E4 
 255      FC8E5867 
 255      5C42C1CE 
 255      55F5
 256 0984 85179C91 		.ascii	"\205\027\234\221\371&\315\235\354\320H\351\254L{7\232"
 256      F926CD9D 
 256      ECD048E9 
 256      AC4C7B37 
 256      9A
 257 0995 9676081E 		.ascii	"\226v\010\036\325A\3614Bq\222R\202.\012so_\332\000\320"
 257      D541F134 
 257      42719252 
 257      822E0A73 
ARM GAS  /tmp/ccTDIih2.s 			page 20


 257      6F5FDA00 
 258 09aa 4ADB8CBC 		.ascii	"J\333\214\274\210\366A\021\355\201\302w\027d\000\244"
 258      88F64111 
 258      ED81C277 
 258      176400A4 
 259 09ba 17E43648 		.ascii	"\027\3446H?H\027H;H7\310\035\220N\220\016\220\337fm"
 259      3F481748 
 259      3B4837C8 
 259      1D904E90 
 259      0E90DF66 
 260 09cf 4F5AEE98 		.ascii	"OZ\356\230V\202[\234\207i%\310\021\314\226\015B\273"
 260      56825B9C 
 260      876925C8 
 260      11CC960D 
 260      42BB
 261 09e1 F96B8285 		.ascii	"\371k\202\205\002\204\3629V*K(\327\034K\026\343\223"
 261      0284F239 
 261      562A4B28 
 261      D71C4B16 
 261      E393
 262 09f3 147B01B0 		.ascii	"\024{\001\260\3278V\232\213\250I\211=\3735Y\270\313"
 262      D738569A 
 262      8BA84989 
 262      3DFB3559 
 262      B8CB
 263 0a05 007B9263 		.ascii	"\000{\222c\245\272\200\012\225\034\316P\273\360\020"
 263      A5BA800A 
 263      951CCE50 
 263      BBF010
 264 0a14 A2D31C2B 		.ascii	"\242\323\034+=\232\250\\i\267\314\304\341\212\222C\203"
 264      3D9AA85C 
 264      69B7CCC4 
 264      E18A9243 
 264      83
 265 0a25 127BDA84 		.ascii	"\022{\332\2045(\261g\225\034R)\226\214\035\3310\317"
 265      3528B167 
 265      951C5229 
 265      968C1DD9 
 265      30CF
 266 0a37 1ABB51A4 		.ascii	"\032\273Q\244\260{\310d\367\246\322\256Va\266\310d\366"
 266      B07BC864 
 266      F7A6D2AE 
 266      5661B6C8 
 266      64F6
 267 0a49 BA724A34 		.ascii	"\272rJ4\313\024\330\342\273\377\016\3358\030\225\033"
 267      CB14D8E2 
 267      BBFF0EDD 
 267      3818951B 
 268 0a59 07D276CA 		.ascii	"\007\322v\312|v5*M]UF\236fbxC\311\260E\306\302\354\236"
 268      7C76352A 
 268      4D5D5546 
 268      9E666278 
 268      43C9B045 
 269 0a71 6EEBBA88 		.ascii	"n\353\272\210p\005\235\335Be\343Q\243\035\232\347>\347"
 269      70059DDD 
 269      4265E351 
 269      A31D9AE7 
ARM GAS  /tmp/ccTDIih2.s 			page 21


 269      3EE7
 270 0a83 0C45F760 		.ascii	"\014E\367`b\376/&)\013\2665M \301\016\201\301Ay\247"
 270      62FE2F26 
 270      290BB635 
 270      4D20C10E 
 270      81C14179 
 271 0a98 61A43B0D 		.ascii	"a\244;\015\362\342\3762\275x\366\267\316\241Yk\375}"
 271      F2E2FE32 
 271      BD78F6B7 
 271      CEA1596B 
 271      FD7D
 272 0aaa BED6DFA7 		.ascii	"\276\326\337\247k}\355\314\204\201\177\257\022\314>"
 272      6B7DEDCC 
 272      84817FAF 
 272      12CC3E
 273 0ab9 18B9B20F 		.ascii	"\030\271\262\017F\355\023]\023\216\362w\013\366\241"
 273      46ED135D 
 273      138EF277 
 273      0BF6A1
 274 0ac8 6E18C27A 		.ascii	"n\030\302z@S\361P\220\277[\020\205,\000\243\315-\366"
 274      4053F150 
 274      90BF5B10 
 274      852C00A3 
 274      CD2DF6
 275 0adb 96ABE188 		.ascii	"\226\253\341\210T\015\037\260j(} pe\037\0102\177~~\027"
 275      540D1FB0 
 275      6A287D20 
 275      70651F08 
 275      327F7E7E 
 276 0af0 293F0C3E 		.ascii	")?\014>\022\330W&\230N\324\037\265A\025R\251\305\342"
 276      12D85726 
 276      984ED41F 
 276      B5411552 
 276      A9C5E2
 277 0b03 2A846B58 		.ascii	"*\204kXA\212/\273v\335za:\314\035\261\373\334\300\337"
 277      418A2FBB 
 277      76DD7A61 
 277      3ACC1DB1 
 277      FBDCC0DF 
 278 0b17 8DED7DA2 		.ascii	"\215\355}\242\270W\024\343\220\232~\264},g\013.\345"
 278      B85714E3 
 278      909A7EB4 
 278      7D2C670B 
 278      2EE5
 279 0b29 2FD24F04 		.ascii	"/\322O\004\362\2158vp\274\331\012\2170K\271I\325\217"
 279      F28D3876 
 279      70BCD90A 
 279      8F304BB9 
 279      49D58F
 280 0b3c 34DCD2B3 		.ascii	"4\334\322\263\301\360\274,x\201\214\026\323\327\262"
 280      C1F0BC2C 
 280      78818C16 
 280      D3D7B2
 281 0b4b 0FCD63B2 		.ascii	"\017\315c\262\2411sC\343\324\320x\364\276B[\234k\305"
 281      A1317343 
 281      E3D4D078 
 281      F4BE425B 
ARM GAS  /tmp/ccTDIih2.s 			page 22


 281      9C6BC5
 282 0b5e 6A74415A 		.ascii	"jtAZ\221\023.c\312\316\232\013\251\326jA\205\236\321"
 282      91132E63 
 282      CACE9A0B 
 282      A9D66A41 
 282      859ED1
 283 0b71 5E70E7C8 		.ascii	"^p\347\310\356\243\375\216\334\317\301\221\300\003O"
 283      EEA3FD8E 
 283      DCCFC191 
 283      C0034F
 284 0b80 FA396357 		.ascii	"\3729cW\352\350\251\344\010M\010j\242\311\276\236S_"
 284      EAE8A9E4 
 284      084D086A 
 284      A2C9BE9E 
 284      535F
 285 0b92 497D5356 		.ascii	"I}SV\370\251%\353\0257\013\256Z1\353\206\347W44\204"
 285      F8A925EB 
 285      15370BAE 
 285      5A31EB86 
 285      E7573434 
 286 0ba7 7A817E9D 		.ascii	"z\201~\235\2374Y~\001\226'\315-\277\024\026\252\\7\005"
 286      9F34597E 
 286      019627CD 
 286      2DBF1416 
 286      AA5C3705 
 287 0bbb FB46067E 		.ascii	"\373F\006~\2619$\334#<<8\310\3377*(,\324\366\257\177"
 287      B13924DC 
 287      233C3C38 
 287      C8DF372A 
 287      282CD4F6 
 288 0bd1 5BBFC0F3 		.ascii	"[\277\300\363\323OU\366z\375\346\240\320\250\025\313"
 288      D34F55F6 
 288      7AFDE6A0 
 288      D0A815CB 
 289 0be1 F551EBB5 		.ascii	"\365Q\353\265\233##\264~A\241\332o\375\375\027\373F"
 289      9B2323B4 
 289      7E41A1DA 
 289      6FFDFD17 
 289      FB46
 290 0bf3 842C0E0D 		.ascii	"\204,\016\015\013\015X\034\340\353\027\264\370#\375"
 290      0B0D581C 
 290      E0EB17B4 
 290      F823FD
 291 0c02 CAC5CB97 		.ascii	"\312\305\313\227.\373\323\367\313\265\263\032\264A\241"
 291      2EFBD3F7 
 291      CBB5B31A 
 291      B441A1
 292 0c11 FEC19B37 		.ascii	"\376\301\2337\006hC|\375\003\203B\003\264\372\215\001"
 292      0668437C 
 292      FD038342 
 292      03B4FA8D 
 292      01
 293 0c22 9B7C3707 		.ascii	"\233|7\007G\351\243\266\204\007D.\011T\331J\346\277"
 293      47E9A3B6 
 293      8407442E 
 293      0954D94A 
 293      E6BF
ARM GAS  /tmp/ccTDIih2.s 			page 23


 294 0c34 F86FCC47 		.ascii	"\370o\314Gn\211\324\352#\2436\202-\260\371\336\306\210"
 294      6E89D4EA 
 294      23A33682 
 294      2DB0F9DE 
 294      C688
 295 0c46 A01F0222 		.ascii	"\240\037\002\"\"\26544m`@px@\304\022\177\225\213~\243"
 295      22B53434 
 295      6D604070 
 295      7840C412 
 295      7F958B7E 
 296 0c5b DFB77AFF 		.ascii	"\337\267z\377\300\000\377\177\3507\006E\372\372\005"
 296      C000FF7F 
 296      E8370645 
 296      FAFA05
 297 0c6a 072CF00C 		.ascii	"\007,\360\014\014\362\013\372\322G\033\026\251\215\210"
 297      0CF20BFA 
 297      D2471B16 
 297      A98D88
 298 0c79 32D9F30F 		.ascii	"2\331\363\017\334\030\340\267\371[\260e\263is\250\277"
 298      DC18E0B7 
 298      F95BB065 
 298      B36973A8 
 298      BF
 299 0c8a 775484DA 		.ascii	"wT\204\332?\3207\302N\267\332g\265n\303\352UK\325^>"
 299      3FD037C2 
 299      4EB7DA67 
 299      B56EC3EA 
 299      554BD55E 
 300 0c9f 1E3AF5BA 		.ascii	"\036:\365\272ukt\330c\225\016\257\202\263\367\032\235"
 300      756B74D8 
 300      63950EAF 
 300      82B3F71A 
 300      9D
 301 0cb0 DA638D8F 		.ascii	"\332c\215\217N\375\371\032\017\235\0254\001`\025\321"
 301      4EFDF91A 
 301      0F9D1534 
 301      016015D1 
 302 0cc0 D7923F4F 		.ascii	"\327\222?O\370\263\362Y\353\351\243\303>k\275\355XZ"
 302      F8B3F259 
 302      EBE9A3C3 
 302      3E6BBDED 
 302      585A
 303 0cd2 3FD147D9 		.ascii	"?\321G\331\3603\366\364\204\026O\235\225\207\227\316"
 303      F033F6F4 
 303      84164F9D 
 303      958797CE 
 304 0ce2 53A7DEF0 		.ascii	"S\247\336\360\325\227:\265\027\240\255<\275\327{\255"
 304      D5973AB5 
 304      17A0AD3C 
 304      BDD77BAD 
 305 0cf2 827F0F4F 		.ascii	"\202\177\017O\235\326\214\254\177XHHX\2506\340\307("
 305      9DD68CAC 
 305      7F584848 
 305      58A836E0 
 305      C728
 306 0d04 ADE73A1F 		.ascii	"\255\347:\037/\037\231zXD\200\336?d%\311\255\217\347"
 306      2F1F997A 
ARM GAS  /tmp/ccTDIih2.s 			page 24


 306      584480DE 
 306      3F6425C9 
 306      AD8FE7
 307 0d17 E7FAAF20 		.ascii	"\347\372\257 \321&\336\037\011^\336&e\245\332\313\343"
 307      D126DE1F 
 307      095EDE26 
 307      65A5DACB 
 307      E3
 308 0d28 739D495D 		.ascii	"s\235I]\001\376\274eu9\204\350\255\263\3251m\0314\256"
 308      01FEBC65 
 308      753984E8 
 308      ADB3D531 
 308      6D1934AE 
 309 0d3c 0646A0A9 		.ascii	"\006F\240\251}\276\362\322\331\375m\203\227'\265\255"
 309      7DBEF2D2 
 309      D9FD6D83 
 309      9727B5AD 
 310 0d4c F10FF4D9 		.ascii	"\361\017\364\331\022\271\212\245\363\367\226\322\011"
 310      12B98AA5 
 310      F3F796D2 
 310      09
 311 0d59 03048434 		.ascii	"\003\004\2044\341a\021QR\352?|=\032\322\034\251\365"
 311      E1611151 
 311      52EA3F7C 
 311      3D1AD21C 
 311      A9F5
 312 0d6b D0ADF35C 		.ascii	"\320\255\363\\\367#t\242\241\374\360q\010\364t\324K"
 312      F72374A2 
 312      A1FCF071 
 312      08F474D4 
 312      4B
 313 0d7c DDF44111 		.ascii	"\335\364A\021\337;\372\006\377\323wK\244>(4\030&\325"
 313      DF3BFA06 
 313      FFD3774B 
 313      A43E2834 
 313      1826D5
 314 0d8f D2B74A4B 		.ascii	"\322\267JKHdP\244\036\246\026\030\203\354G\006D\351"
 314      486450A4 
 314      1EA61618 
 314      83EC4706 
 314      44E9
 315 0da1 D7F978FF 		.ascii	"\327\371x\377\007\352\033\240\227"
 315      07EA1BA0 
 315      97
 316              		.text
 317              		.section	.gnu.lto_.symtab.968eadbb9e5864f,"",%progbits
 318 0000 666C6173 		.ascii	"flashJumpApplication\000"
 318      684A756D 
 318      70417070 
 318      6C696361 
 318      74696F6E 
 319 0015 00       		.ascii	"\000"
 320 0016 00       		.ascii	"\000"
 321 0017 00       		.ascii	"\000"
 322 0018 00000000 		.ascii	"\000\000\000\000\000\000\000\000"
 322      00000000 
 323 0020 B6000000 		.ascii	"\266\000\000\000"
ARM GAS  /tmp/ccTDIih2.s 			page 25


 324 0024 5F646267 		.ascii	"_dbg_check_disable\000"
 324      5F636865 
 324      636B5F64 
 324      69736162 
 324      6C6500
 325 0037 00       		.ascii	"\000"
 326 0038 02       		.ascii	"\002"
 327 0039 00       		.ascii	"\000"
 328 003a 00000000 		.ascii	"\000\000\000\000\000\000\000\000"
 328      00000000 
 329 0042 B9000000 		.ascii	"\271\000\000\000"
 330              		.text
 331              		.section	.gnu.lto_.opts,"",%progbits
 332 0000 272D6666 		.ascii	"'-ffp-contract=off' '-fmath-errno' '-fsigned-zeros'"
 332      702D636F 
 332      6E747261 
 332      63743D6F 
 332      66662720 
 333 0033 20272D66 		.ascii	" '-ftrapping-math' '-fno-trapv' '-fno-openmp' '-fno"
 333      74726170 
 333      70696E67 
 333      2D6D6174 
 333      68272027 
 334 0066 2D6F7065 		.ascii	"-openacc' '-mcpu=cortex-m4' '-mno-thumb-interwork' "
 334      6E616363 
 334      2720272D 
 334      6D637075 
 334      3D636F72 
 335 0099 272D6D74 		.ascii	"'-mthumb' '-ggdb' '-O2' '-fomit-frame-pointer' '-fa"
 335      68756D62 
 335      2720272D 
 335      67676462 
 335      2720272D 
 336 00cc 6C69676E 		.ascii	"lign-functions=16' '-ffunction-sections' '-fdata-se"
 336      2D66756E 
 336      6374696F 
 336      6E733D31 
 336      36272027 
 337 00ff 6374696F 		.ascii	"ctions' '-fno-common' '-flto'\000"
 337      6E732720 
 337      272D666E 
 337      6F2D636F 
 337      6D6D6F6E 
 338              		.text
 339              		.comm	__gnu_lto_v1,1,1
 340              		.comm	__gnu_lto_slim,1,1
 341              		.ident	"GCC: (GNU Tools for ARM Embedded Processors) 5.4.1 20160609 (release) [ARM/embedded-5-bran
ARM GAS  /tmp/ccTDIih2.s 			page 26


DEFINED SYMBOLS
                            *ABS*:00000000 helper.c
                            *COM*:00000001 __gnu_lto_v1
                            *COM*:00000001 __gnu_lto_slim

NO UNDEFINED SYMBOLS
