ARM GAS  /tmp/ccDrN2na.s 			page 1


   1              		.syntax unified
   2              		.cpu cortex-m4
   3              		.fpu softvfp
   4              		.eabi_attribute 20, 1
   5              		.eabi_attribute 21, 1
   6              		.eabi_attribute 23, 3
   7              		.eabi_attribute 24, 1
   8              		.eabi_attribute 25, 1
   9              		.eabi_attribute 26, 1
  10              		.eabi_attribute 30, 2
  11              		.eabi_attribute 34, 1
  12              		.eabi_attribute 18, 4
  13              		.thumb
  14              		.syntax unified
  15              		.file	"ihex.c"
  16              		.text
  17              	.Ltext0:
  18              		.section	.gnu.lto_.profile.348d914427d998cc,"",%progbits
  19 0000 789C6361 		.ascii	"x\234ca`d`c`\000\222\253\231\0262\002\000\004\211\001"
  19      60646063 
  19      600092AB 
  19      99163202 
  19      00048901 
  20 0014 5C       		.ascii	"\\"
  21              		.text
  22              		.section	.gnu.lto_.icf.348d914427d998cc,"",%progbits
  23 0000 789C6361 		.ascii	"x\234ca`d\000\001\021\006\004`fx\370\260\3656?c\317"
  23      60640001 
  23      11060460 
  23      6678F8B0 
  23      F5363F63 
  24 0015 CA630738 		.ascii	"\312c\0078\230~\377>\377\202\233\001\000e\341\011\314"
  24      987EFF3E 
  24      FF829B01 
  24      0065E109 
  24      CC
  25              		.text
  26              		.section	.gnu.lto_.jmpfuncs.348d914427d998cc,"",%progbits
  27 0000 789C8D90 		.ascii	"x\234\215\220;\016\302@\014D=\336%|\322\344\000\221"
  27      3B0EC240 
  27      0C443DDE 
  27      257CD2E4 
  27      0091
  28 0012 E09AA996 		.ascii	"\340\232\251\226&\035\242\244C\320 \010\241\242\246"
  28      261DA2A4 
  28      43D02008 
  28      A1A2A6
  29 0021 811A0989 		.ascii	"\201\032\011\211\023P\344\000 \321\"\341]\023>\242\211"
  29      1350E400 
  29      20D122E1 
  29      5D133EA2 
  29      89
  30 0032 9B959EC7 		.ascii	"\233\225\236\307\343Y[\002\371\032\353\023\312P\013"
  30      E3595B02 
  30      F91AEB13 
  30      CA500B
  31 0041 BEFACEC1 		.ascii	"\276\372\316\301\271H\010g\254-0`<\003\222\007c\222"
ARM GAS  /tmp/ccDrN2na.s 			page 2


  31      B9480867 
  31      AC2D3060 
  31      3C039207 
  31      6392
  32 0053 1F4EED3B 		.ascii	"\037N\355;\347F\\\260D\012K\370\306\020\274BJ\350\004"
  32      E7465CB0 
  32      440A4BF8 
  32      C610BC42 
  32      4AE804
  33 0066 7EBE1EA7 		.ascii	"~\276\036\247\261\347\214\004\205p\022s\231Q_\021\354"
  33      B1E78C04 
  33      85701273 
  33      99515F11 
  33      EC
  34 0077 66A3A2E7 		.ascii	"f\243\242\347\005F\300Z\005\262\251\266~{\375\017\253"
  34      0546C05A 
  34      05B2A9B6 
  34      7E7BFD0F 
  34      AB
  35 0088 9A036934 		.ascii	"\232\003i4c\015>\033\006\015\324\022o\177\331\336b\215"
  35      630D3E1B 
  35      060DD412 
  35      6F7FD9DE 
  35      628D
  36 009a 6751368E 		.ascii	"gQ6\216g\177\343\325!\351u\255jQ\315\273z\225a\204M"
  36      677FE3D5 
  36      21E975AD 
  36      6A51CDBB 
  36      7A956184 
  37 00af 10667239 		.ascii	"\020fr9\362\337r\364\004r\3728$"
  37      F2DF72F4 
  37      0472FA38 
  37      24
  38              		.text
  39              		.section	.gnu.lto_.inline.348d914427d998cc,"",%progbits
  40 0000 789C6D51 		.ascii	"x\234mQ\261N\3030\020}\347s\034\213\206\342\001\201"
  40      B14EC330 
  40      107DE773 
  40      1C8B86E2 
  40      0181
  41 0012 8410F147 		.ascii	"\204\020\361G \346~A\276\201\271\371\211.A\214\221\220"
  41      20E67E41 
  41      BE81B9F9 
  41      892E418C 
  41      9190
  42 0024 983314C1 		.ascii	"\2303\024\301\306\206\272\201\370\001\030\231\350\332"
  42      C686BA81 
  42      F8011899 
  42      E8DA
  43 0032 91810D15 		.ascii	"\221\201\015\025q\347PD\245\234\245w\247g\337{>\333"
  43      71E75044 
  43      A59CA577 
  43      A767DF7B 
  43      3EDB
  44 0044 82A0F1D0 		.ascii	"\202\240\361\320\247\024\014\034}0e6N\327\206\256\233"
  44      A7140C1C 
  44      7D306536 
ARM GAS  /tmp/ccDrN2na.s 			page 3


  44      4ED786AE 
  44      9B
  45 0055 E797FCD3 		.ascii	"\347\227\374\3234l\011tK\307\260\261N\231\243\364X\005"
  45      346C0974 
  45      4BC7B0B1 
  45      4E99A3F4 
  45      5805
  46 0067 0A02B974 		.ascii	"\012\002\271t\272\2564\260]\031`/O\"\334\343w\346\015"
  46      BAAE34B0 
  46      5D19602F 
  46      4F22DCE3 
  46      77E60D
  47 007a 0EAEE6A7 		.ascii	"\016\256\346\247\036\346}<\361\010^\216\331]xp[\351"
  47      1EE67D3C 
  47      F1085E8E 
  47      D95D7870 
  47      5BE9
  48 008c A2C6ADB1 		.ascii	"\242\306\255\261\330'\2078M\262\370\225\247m\367L\334"
  48      D8278738 
  48      4DB2F895 
  48      A76DF74C 
  48      DC
  49 009d EF125DA7 		.ascii	"\357\022]\247\214d\254\340\376\031O\304\270\234\221"
  49      8C64ACE0 
  49      FE194FC4 
  49      B89C91
  50 00ac 477D7F71 		.ascii	"G}\177q\036=F\313\233<\312\025$\2621\204\340\336>Um"
  50      1E3D46CB 
  50      9B3CCA15 
  50      24B23184 
  50      E0DE3E55 
  51 00c1 2524FD91 		.ascii	"%$\375\221\264!\271\320}\032\350\030R\031\3466\032\\"
  51      B421B9D0 
  51      7D1AE818 
  51      5219E636 
  51      1A5C
  52 00d3 D0B6565B 		.ascii	"\320\266V[\031\204/&\326\001\270\013)=\005\310\0232"
  52      19842F26 
  52      D601B80B 
  52      293D05C8 
  52      1332
  53 00e5 7646ABE5 		.ascii	"vF\253\345\031\362\267\2713\240Un{T\360\251\224W|\335"
  53      19F2B7B9 
  53      33A0556E 
  53      7B54F0A9 
  53      94577CDD 
  54 00f9 2BB40A06 		.ascii	"+\264\012\006\2748\014:\263\374\210\316\367\003A\254"
  54      BC380C3A 
  54      B3FC88CE 
  54      F70341AC 
  55 0109 3BDB     		.ascii	";\333"
  56              		.text
  57              		.section	.gnu.lto_.pureconst.348d914427d998cc,"",%progbits
  58 0000 789C6361 		.ascii	"x\234ca`d`g```f\220b\224bb\005\000\001\227\000L"
  58      60646067 
  58      60606066 
  58      90629462 
ARM GAS  /tmp/ccDrN2na.s 			page 4


  58      62050001 
  59              		.text
  60              		.section	.gnu.lto_New_IHexRecord.348d914427d998cc,"",%progbits
  61 0000 789C9555 		.ascii	"x\234\225U[L\024W\030>\377\234\231\235YvYV.\312e\241"
  61      5B4C1457 
  61      183EFF9C 
  61      999D5976 
  61      59562ECA 
  62 0016 BC10A3BD 		.ascii	"\274\020\243\275l\355%1i\332>\366\245O\276\365\251!"
  62      6CED2531 
  62      69DA3EF6 
  62      A54FBEF5 
  62      A921
  63 0028 B00DA437 		.ascii	"\260\015\2447\003\266\265i\023\206\035\026\214\355\003"
  63      03B6B569 
  63      13861D16 
  63      8CED03
  64 0037 AD8A9720 		.ascii	"\255\212\227 \233F\210\333\252\340\202E\005\304E\024"
  64      9B4688DB 
  64      AAE08245 
  64      05C44514 
  65 0047 CA45EC5A 		.ascii	"\312E\354Z\233\230\022\323\026\211!\244A\026P\033\032"
  65      9B9812D3 
  65      168921A4 
  65      4116501B 
  65      1A
  66 0058 D9FEFF39 		.ascii	"\331\376\3779\243\262\264M\350$;{\3763\337\377\235\357"
  66      A3B2B44D 
  66      E8243B7B 
  66      FE33DFFF 
  66      9DEF
  67 006a FFE63F67 		.ascii	"\377\346?gT\006\214.\323`\354\015\374\377\014\177\340"
  67      54068C2E 
  67      D360EC0D 
  67      FCFF0C7F 
  67      E0
  68 007b 64A0344E 		.ascii	"d\2404N0Vk(\212\321\310\231\231\306\3151\304\270\271"
  68      30566B28 
  68      8AD1C899 
  68      99C6CD31 
  68      C4B8B9
  69 008e 62440143 		.ascii	"bD\001C\365\327q\012UpH\230&\007\003\206C\321N^\305"
  69      F5D7710A 
  69      55704898 
  69      26070386 
  69      43D14E5E 
  70 00a3 4769FA34 		.ascii	"Gi\3724\001t0$\300\000\240\201i\000\253Q\270\2529t\003"
  70      01743024 
  70      C000A081 
  70      6900AB51 
  70      B8AA3974 
  71 00b8 6A140783 		.ascii	"j\024\007\203\230\012\246\"\357$\343\236\362P\201x\335"
  71      980AA622 
  71      EF24E39E 
  71      F2508178 
  71      DD
  72 00c9 E966BEA4 		.ascii	"\351f\276\244\2048\003\025\303\304\325#\267=\024\002"
ARM GAS  /tmp/ccDrN2na.s 			page 5


  72      84380315 
  72      C3C4D523 
  72      B73D1402 
  73 00d9 1463F8F3 		.ascii	"\024c\370\363\376\366\023\356-\307M\274~k\033S\016G"
  73      FEF613EE 
  73      2DC74DBC 
  73      7E6B1B53 
  73      0E47
  74 00eb 626A882B 		.ascii	"bj\210+,\2510\210\200\017\216\203\217J\370\026\266 "
  74      2CA93088 
  74      800F8E83 
  74      8F4AF816 
  74      B620
  75 00fd F69BB353 		.ascii	"\366\233\263S\321\014\236\013\014\307\255\313\367wn"
  75      D10C9E0B 
  75      0CC7ADCB 
  75      F7776E
  76 010c 6EA33433 		.ascii	"n\24343Qn:1\007\276\003\276:\215h\340\004lF\360\225"
  76      516E3A31 
  76      07BE03BE 
  76      3A8D68E0 
  76      046C46F0 
  77 0121 E4835886 		.ascii	"\344\203X\206\224@\212\256\317\217\037uI\011^\014oD"
  77      94408AAE 
  77      CF8F1F75 
  77      49095E0C 
  77      6F44
  78 0133 EF4E28BC 		.ascii	"\357N(\274P\320\316\266L\006]\304\0334\315p\251\251"
  78      50D0CEB6 
  78      4C065DC4 
  78      1B34CD70 
  78      A9A9
  79 0145 85388776 		.ascii	"\2058\207v\311{\012yO\012^\244\351\020\274'\356\017"
  79      C97B0A79 
  79      4F0A5EA4 
  79      E910BC27 
  79      EE0F
  80 0157 F7012F11 		.ascii	"\367\001/\021\231\313_\254X\016;3\031 E*\234^\253He"
  80      99CB5FAC 
  80      580E3B33 
  80      1920452A 
  80      9C5EAB48 
  81 016c 101599B3 		.ascii	"\020\025\231\263\213u\255:\337*2\377\034\275\033Q\355"
  81      8B75AD3A 
  81      DF2A32FF 
  81      1CBD1B51 
  81      ED
  82 017d 5ABA86DC 		.ascii	"Z\272\206\334f#P5\235\377RM\227\310\215\354_\036\327"
  82      66235035 
  82      9DFF524D 
  82      97C88DEC 
  82      5F1ED7
  83 0190 F80B22B7 		.ascii	"\370\013\"\267\357L|\236\313Uc\267Z\341\260I\366ipf"
  83      EF4C7C9E 
  83      CB5563B7 
  83      5AE1B049 
  83      F6697066 
ARM GAS  /tmp/ccDrN2na.s 			page 6


  84 01a4 6DB2C6E0 		.ascii	"m\262\306\340{\330L\031S\321\225\003\351\216:Z\254\230"
  84      7BD84C19 
  84      53D19503 
  84      E98E3A5A 
  84      AC98
  85 01b6 6C4677BB 		.ascii	"lFw\273\301\201mC\316\264\215\015\366{\370\253\322\212"
  85      C1816D43 
  85      CEB48D0D 
  85      F67BF8AB 
  85      D28A
  86 01c8 89E8A451 		.ascii	"\211\350\244Qr\214\200\261{\303\034\251\353\212I\330"
  86      728C80B1 
  86      7BC31CA9 
  86      EB8A49D8 
  87 01d8 D9546EBA 		.ascii	"\331Tn\272\340\034\224`FG\327\301A\235\277.\262\255"
  87      E01C9460 
  87      4647D7C1 
  87      419DBF2E 
  87      B2AD
  88 01ea DE60979B 		.ascii	"\336`\227\233\262Q\330\342p\372A3V\213\331\0168/\263"
  88      B251D8E2 
  88      70FA4133 
  88      568BD90E 
  88      382FB3
  89 01fd 5FF4C1F3 		.ascii	"_\364\301\363vn\017\224t\354\210\231\311\244\205%\274"
  89      766E0F94 
  89      74EC8899 
  89      C9A48525 
  89      BC
  90 020e 3478407B 		.ascii	"4x@{\012\250Z|9X\256\212C]\003\022\257\003\275M'\220"
  90      0AA85A7C 
  90      3958AE8A 
  90      435D0312 
  90      AF03BD4D 
  91 0224 F72E9C36 		.ascii	"\367.\2346\334@fz\005\303\006J\311\304\2333K\304\331"
  91      DC40667A 
  91      05C3064A 
  91      C9C49B33 
  91      4BC4D9
  92 0237 34CC11C3 		.ascii	"4\314\021\303\2158L\333Dq\256\210\363\204\334|\232("
  92      8D384CDB 
  92      4471AE88 
  92      F384DC7C 
  92      9A28
  93 0249 10133E71 		.ascii	"\020\023>q/\024\323Eb\314\330<\0323\313XBQ\360\217\337"
  93      2F14D345 
  93      62CCD83C 
  93      1A33CB58 
  93      4251F08F 
  94 025e 81E042C3 		.ascii	"\201\340B\303P\227FNY\\\265\260\003~\207\272\233V\276"
  94      5097464E 
  94      595CB5B0 
  94      037E87BA 
  94      9B56BE
  95 0271 3D81F5B6 		.ascii	"=\201\365\266\317\\lN\243\236\322i\007\364\332\306$"
  95      CF5C6C4E 
  95      A39ED269 
ARM GAS  /tmp/ccDrN2na.s 			page 7


  95      07F4DAC6 
  95      24
  96 0282 14CEEE30 		.ascii	"\024\316\3560\216\340_\254\036.\321\032\242\233B\227"
  96      8EE05FAC 
  96      1E2ED11A 
  96      A29B4297 
  97 0292 AEE984D6 		.ascii	"\256\351\204\326\200A\337c\260\312\246\305bG\022G\237"
  97      8041DF63 
  97      B0CAA6C5 
  97      62471247 
  97      9F
  98 02a3 2130221F 		.ascii	"!0\"\037\014\217\356q\207\341h-\275\207WP\264\013\031"
  98      0C8FEE71 
  98      87E1682D 
  98      BD875750 
  98      B40B19
  99 02b6 640A3EBD 		.ascii	"d\012>\275u\341v7\367?K\257\345\002\204aE\354:\350\007"
  99      75E17637 
  99      F73F4BAF 
  99      E5028461 
  99      45EC3AE8 
 100 02cb BFC57546 		.ascii	"\277\305uFD\321\026\377\272\210\332\246\203\355:\021"
 100      44D116FF 
 100      BA88DAA6 
 100      83ED3A11 
 101 02db 71B82888 		.ascii	"q\270(\210\350\034\201\030\0219\211h\271a\356\230\255"
 101      E81C8118 
 101      11398968 
 101      B961EE98 
 101      AD
 102 02ec DFB596EC 		.ascii	"\337\265\226\354\255\377$s\303\200 #Y8?\331:\320\352"
 102      ADFF2473 
 102      C3802023 
 102      59383FD9 
 102      3AD0EA
 103 02ff AA79281A 		.ascii	"\252y(\032\375e|\201p\011\374\270\312 \324\260\031\250"
 103      FD657C81 
 103      7009FCB8 
 103      CA20D4B0 
 103      19A8
 104 0311 3775E227 		.ascii	"7u\342'\334\371\363\177L\352\210\333c\232\336\020OO"
 104      DCF9F37F 
 104      4CEA88DB 
 104      639ADE10 
 104      4F4F
 105 0323 9218B88C 		.ascii	"\222\030\270\214(\213\326q\243\341!\356\221\345\205"
 105      288BD671 
 105      A3E121EE 
 105      91E585
 106 0332 D757DE2A 		.ascii	"\327W\336*\237\256\010E\234\312\033\242\3628\233\202"
 106      9FAE0845 
 106      9CCA1BA2 
 106      F2389B82 
 107 0342 A0F9B64D 		.ascii	"\240\371\266M\323yk1\354\264\333v\362\006\356\305Z#"
 107      D3796B31 
 107      ECB4DB76 
 107      F206EEC5 
ARM GAS  /tmp/ccDrN2na.s 			page 8


 107      5A23
 108 0354 C433D6EE 		.ascii	"\3043\326\356'\341\3620\224\340\022L\364\306\\x{\352"
 108      27E1F230 
 108      94E0124C 
 108      F4C65C78 
 108      7BEA
 109 0366 D6329371 		.ascii	"\3262\223qN\010\261\271\222h\300\232\235G]F\375\306"
 109      4E08B1B9 
 109      9268C09A 
 109      9D475D46 
 109      FDC6
 110 0378 E007AC99 		.ascii	"\340\007\254\231\301\0109\353\265\325\304\376j\360\320"
 110      C10839EB 
 110      B5D5C4FE 
 110      6AF0D0
 111 0387 0C817096 		.ascii	"\014\201p\226\226\350\211&\277\322%j\303\352\376\311"
 111      96E88926 
 111      BFD2256A 
 111      C3EAFEC9 
 112 0397 109B6D75 		.ascii	"\020\233mu\361\350\230\227J\037\265Ko9tn\321\343?E\363"
 112      F1E89897 
 112      4A1FB54B 
 112      6F39746E 
 112      D1E33F45 
 113 03ac 1B60CC6E 		.ascii	"\033`\314n\022\261*\214\243\375B\3764H\352Ld\307\031"
 113      12B12A8C 
 113      A3FD42FE 
 113      3448EA4C 
 113      64C719
 114 03bf ABC921E3 		.ascii	"\253\311!\343,\241)\0235)O\364d\311\234\225\360k\022"
 114      2CA12913 
 114      35294FF4 
 114      64C99C95 
 114      F06B12
 115 03d2 942D5BC4 		.ascii	"\224-[\304j\252\177D\223#2\263S\323r\010\263P?\024Y"
 115      6AAA7F44 
 115      932332B3 
 115      53D37208 
 115      B3503F14 
 116 03e7 B0511B31 		.ascii	"\260Q\0331\017\365\035\351]\032\325\250\024\005\014"
 116      0FF51DE9 
 116      5D1AD5A8 
 116      14050C
 117 03f6 B88AA253 		.ascii	"\270\212\242S\024mB\334jE\271\202}S*u\2560m\337\336"
 117      146D42DC 
 117      6A45B982 
 117      7D532A75 
 117      AE306DDF 
 118 040b 743185AE 		.ascii	"t1\205\256\302V\237\330O\032\303\317\027m\250\376\350"
 118      C2569FD8 
 118      4F1AC3CF 
 118      176DA8FE 
 118      E8
 119 041c 95AF9D92 		.ascii	"\225\257\235\222!\177\235~5\342\263OB<\023&\354\026"
 119      217F9D7E 
 119      35E2B34F 
 119      423C1326 
ARM GAS  /tmp/ccDrN2na.s 			page 9


 119      EC16
 120 042e 169E2160 		.ascii	"\026\236!`d$qC\331\326!\000\373\360\250\316\202k\324"
 120      64247143 
 120      D9D62100 
 120      FBF0A8CE 
 120      826BD4
 121 0441 47798F5C 		.ascii	"Gy\217\\\375\021\266I;\226\354\032|\270\250\305\013"
 121      FD11B649 
 121      3B96EC1A 
 121      7CB8A8C5 
 121      0B
 122 0452 5235FB24 		.ascii	"R5\373$f\"\322i\243\012\221\002\236\366=F\235#T\241"
 122      6622D269 
 122      A30A9102 
 122      9EF63D46 
 122      9D2354A1 
 123 0466 28C3C1F0 		.ascii	"(\303\301\360k\313\261F/\223\323yL\006\202\251@\236"
 123      6BCBB146 
 123      2F93D379 
 123      4C0682A9 
 123      409E
 124 0478 451E49C3 		.ascii	"E\036I\303\205\022\306\026\240\000\215Q\277\214\357"
 124      8512C616 
 124      A0008D51 
 124      BF8CEF
 125 0487 C4B5B493 		.ascii	"\304\265\264\223\361\335\013\220\207\266\250\315\361"
 125      F1DD0B90 
 125      87B6A8CD 
 125      F1
 126 0494 0AA4D50E 		.ascii	"\012\244\325\016\271\220W\267\217\233\233\365s\221\355"
 126      B99057B7 
 126      8F9B9BF5 
 126      7391ED
 127 04a3 32BDE81F 		.ascii	"2\275\350\037B\213\204\271\311\031\020\237\011ji\361"
 127      428B84B9 
 127      C919109F 
 127      096A69F1 
 128 04b3 BC5B4A7C 		.ascii	"\274[J|\022\210c\023\311\256\357\275\314\377\337\221"
 128      12886313 
 128      C9AEEFBD 
 128      CCFFDF91 
 129 04c3 E380B8B0 		.ascii	"\343\200\270\260X\245]u\235\274,\022e\033t\364\316R"
 129      58A55D75 
 129      9DBC2C12 
 129      651B74F4 
 129      CE52
 130 04d5 A1160751 		.ascii	"\241\026\007Q\022`Z\367\375\231e\247\354\227\317\341"
 130      12605AF7 
 130      FD9965A7 
 130      EC97CFE1 
 131 04e5 27F0F1E6 		.ascii	"'\360\361\346\006\035\013\323\233G\034\024*\030\342"
 131      061D0BD3 
 131      9B471C14 
 131      2A18E2
 132 04f4 E90D988B 		.ascii	"\351\015\230\213}\236S^U\371q\240\252\332\377\316{\245"
 132      7D9E535E 
 132      55F971A0 
ARM GAS  /tmp/ccDrN2na.s 			page 10


 132      AADAFFCE 
 132      7BA5
 133 0506 D515FECA 		.ascii	"\325\025\376\312\212\300\356\347\312\230\272\353\323"
 133      8AC0EEE7 
 133      CA98BAEB 
 133      D3
 134 0513 9D01BDB4 		.ascii	"\235\001\275\264\274\274*P]\255\226\227\356*\325\351"
 134      BCBC2A50 
 134      5DAD9697 
 134      EE2AD5E9 
 135 0523 F666E083 		.ascii	"\366f\340\2034B\354\010\224}XU\016\225FYE\240\354\335"
 135      3442EC08 
 135      947D5855 
 135      0E954659 
 135      45A0ECDD 
 136 0537 EA8FDEFF 		.ascii	"\352\217\336\377\033\201K\307<"
 136      1B814BC7 
 136      3C
 137              		.text
 138              		.section	.gnu.lto_Read_IHexRecord.348d914427d998cc,"",%progbits
 139 0000 789C9558 		.ascii	"x\234\225X{p\224\325\025\277\347\336}?\222M\310k\351"
 139      7B7094D5 
 139      15BFE7DE 
 139      7D3F924D 
 139      C86BE9
 140 0013 A2B4C84B 		.ascii	"\242\264\310K\244!2H|0tT\304\007\202\320?:\235\216\235"
 140      A4213248 
 140      7C307454 
 140      C40782D0 
 140      3F3A9D8E 
 141 0028 A18803D3 		.ascii	"\241\210\003\323V\035\220\326\231V\363%\233\015\030"
 141      561D90D6 
 141      9956F325 
 141      9B0D18
 142 0037 4140303C 		.ascii	"A@0<\022D*)\241\204G\000\251\301\240K\220\004\344!\341"
 142      12442A29 
 142      A1844700 
 142      A9C1A04B 
 142      9004E421 
 143 004c 21200179 		.ascii	"! \001y\2441P*\331\200\206\362Hz\316\275w7\273\033\026"
 143      A431502A 
 143      D98086F2 
 143      487ACEBD 
 143      7737BB1B 
 144 0061 686672F7 		.ascii	"hfr\367;\367;\367\334\3379\347w\317\275\36731`\364\027"
 144      3BF73BF7 
 144      DCDF39E7 
 144      77CFBDF7 
 144      333160F4 
 145 0076 C860EC79 		.ascii	"\310`\354y\374\235\211\"\364d\300\347\355g,\337\306"
 145      FC9D8922 
 145      F464C0E7 
 145      ED672CDF 
 145      C6
 146 0087 B9773763 		.ascii	"\271w7c\206C\324\357\303\037\227\340\336*@\321\364\355"
 146      8643D4EF 
 146      C31F97E0 
ARM GAS  /tmp/ccDrN2na.s 			page 11


 146      DE2A40D1 
 146      F4ED
 147 0099 5E124DDC 		.ascii	"^\022M\334\322\350D\321\274\271\226D3\270h\024X\270"
 147      D2E844D1 
 147      BCB99644 
 147      33B86814 
 147      58B8
 148 00ab F7523A76 		.ascii	"\367R:v[W\344b\257\025\274\312\226\215;*9v\333\233\366"
 148      5B57E462 
 148      AF15BCCA 
 148      968D3B2A 
 148      3976DB9B 
 149 00c0 90B65D8B 		.ascii	"\220\266]\213N%:\300\255\324\234\312\312v\233\213\333"
 149      4E253AC0 
 149      ADD49CCA 
 149      CA769B8B 
 149      DB
 150 00d1 E42B879B 		.ascii	"\344+\207\233\364\\n\356\235'PJ2\244~\222\026\223\225"
 150      F45C6EEE 
 150      9D27504A 
 150      32A47E92 
 150      169395
 151 00e4 98CCBD1F 		.ascii	"\230\314\275\037xP\364\264\215@\311\243_\246\250\227"
 151      7850F4B4 
 151      8D40C9A3 
 151      5FA6A897 
 152 00f4 29D04302 		.ascii	")\320C\002KU\277\333m=xj%9\344Hk\242\367i\220\241\346"
 152      4B55BFDB 
 152      6D3D786A 
 152      2539E448 
 152      6BA2F769 
 153 010b 4E570FDB 		.ascii	"NW\017\333m\031<])dJ\205L\356\335eE)kW\035\211Ya\227"
 153      6D193C5D 
 153      29644A85 
 153      4CEEDD65 
 153      45296B57 
 154 0124 BC00F460 		.ascii	"\274\000\364`\330\200\345qa2[\2546\273\303\351r'%{R"
 154      D880E571 
 154      61325BAC 
 154      36BBC3E9 
 154      7227257B 
 155 0139 527BA4A5 		.ascii	"R{\244\245gdfy!\317\344b\0204\201aQ-\205\273\207\352"
 155      67646679 
 155      21CFE462 
 155      10348161 
 155      512D85BB 
 156 014f E1AAA59E 		.ascii	"\341\252\245\236\214n=?\360\233\034\032\0127\224\211"
 156      8C6E3D3F 
 156      F09B1C1A 
 156      0A379489 
 157 015f 2B3C2018 		.ascii	"+< \030\230P\014\355[z.\211D\200\336(\036Y\270n\215"
 157      98500CED 
 157      5B7A2E89 
 157      4480DE28 
 157      1E59B86E 
 158 0174 6BE02A03 		.ascii	"k\340*\003\377N\227\037\342K*\202\246\200\340\254\223"
 158      FF4E971F 
ARM GAS  /tmp/ccDrN2na.s 			page 12


 158      E24B2A82 
 158      A680E0AC 
 158      93
 159 0185 33A8001F 		.ascii	"3\250\000\037\254\002\037\332\201\3250\020u+\026^\333"
 159      AC021FDA 
 159      81D53010 
 159      752B165E 
 159      DB
 160 0196 6B1659C0 		.ascii	"k\026Y\300\360\271fsC\253\350_n\030\005\206\261`\262"
 160      F0B96673 
 160      43ABE85F 
 160      6E180586 
 160      B160B2
 161 01a9 610F0801 		.ascii	"a\017\010\001\377\000\021=\016\273\030\254\201\376\250"
 161      FF00113D 
 161      0EBB18AC 
 161      81FEA8
 162 01b8 5D5A79F0 		.ascii	"]Zy\360\272[\364\221#O\264\026\005,z\344\0219\322\004"
 162      BA5BF491 
 162      234FB416 
 162      052C7AE4 
 162      1139D204 
 163 01cc 95F1234D 		.ascii	"\225\361#M\014\326B\177R/\337\263\343\263$\321O\016"
 163      0CD6427F 
 163      522FDFB3 
 163      E3B324D1 
 163      4F0E
 164 01de BDB0BFEA 		.ascii	"\275\260\277\352\204\255\357G\0046\270i5,1\202\205\275"
 164      84ADEF47 
 164      0436B869 
 164      352C3182 
 164      85BD
 165 01f0 112DAC8B 		.ascii	"\021-\254\213\035N\177\250\375\316\301\302b\227\030"
 165      1D4E7FA8 
 165      FDCEC1C2 
 165      629718
 166 01ff 2047FA97 		.ascii	" G\372\2274\327\230\324Hc\275e\227AN\302\206[\016\333"
 166      34D798D4 
 166      4863BD65 
 166      97414EC2 
 166      865B0EDB 
 167 0213 BD72EB0D 		.ascii	"\275r\353\015\227\212\227\231\240_>y\336\256\3425\000"
 167      978A9799 
 167      A05F3E79 
 167      DEAEE235 
 167      00
 168 0224 C51F8F97 		.ascii	"\305\037\217\227\316s\213\007\245\321e\273\347\034p"
 168      CE738B07 
 168      A5D165BB 
 168      E71C70
 169 0233 A2D120C2 		.ascii	"\242\321 \302\251\232\230\257\320\230a\2632\273\011"
 169      A99A98AF 
 169      D09861B3 
 169      32BB09
 170 0242 CD6EEC32 		.ascii	"\315n\3542\333T\336\364\241]\2315,(\327\316\331UiQv"
 170      DB54DEF4 
 170      A15D9935 
ARM GAS  /tmp/ccDrN2na.s 			page 13


 170      2C28D7CE 
 170      D9556951 
 171 0257 8D212837 		.ascii	"\215!(7\356j[i\022\217H\303g\327\035\330n\321\206\313"
 171      EE6A5B69 
 171      128F48C3 
 171      67D71DD8 
 171      6ED186CB 
 172 026b CCC6DBBF 		.ascii	"\314\306\333\277\010\010\013|\242\314\376\023\315n\351"
 172      08080B7C 
 172      A2CCFE13 
 172      CD6EE9
 173 027a 327BB6AA 		.ascii	"2{\266\252\343}\267\245\220\374\352\015\325\320\027"
 173      E37DB7A5 
 173      90FCEA0D 
 173      D5D017
 174 0289 3EC6FF2A 		.ascii	">\306\377*\374_\017})\213\230\274\255`\301%i\211\177"
 174      FC5F0F7D 
 174      298B98BC 
 174      AD60C125 
 174      69897F
 175 029c 1B17CF1F 		.ascii	"\033\027\317\037\352\305\355\342\011\237\312\021\353"
 175      EAC5EDE2 
 175      099FCA11 
 175      EB
 176 02a9 372DDA61 		.ascii	"7-\332a\025\243TL?-\330\344\242\321\005F\360r\275{\221"
 176      15A3544C 
 176      3F2DD8E4 
 176      A2D10546 
 176      F072BD7B 
 177 02be 11CCC7D1 		.ascii	"\021\314\307\321V\250Q\243\207\372`\210\036\273\015"
 177      56A851A3 
 177      87FA6088 
 177      1EBB0D
 178 02cd FAAE9F10 		.ascii	"\372\256\237\0204:;\375F\260\364\341\272\023\243'\000"
 178      343A3BFD 
 178      46B0F4E1 
 178      BA13A327 
 178      00
 179 02de 23085CB6 		.ascii	"#\010\\\266\002\363\315\255@T\261\001\245\335\211\035"
 179      02F3CDAD 
 179      4054B101 
 179      A5DD891D 
 180 02ee 36173676 		.ascii	"6\0276v75I\3308\222I\311\203\2153E\016J\225m\032u\244"
 180      373549D8 
 180      389249C9 
 180      838D3345 
 180      0E4A956D 
 181 0305 D37B2F23 		.ascii	"\323{/#\277z\341\243\353\036l\334}\350\251/\275\351"
 181      BF7AE1A3 
 181      EB1E6CDC 
 181      7DE8A92F 
 181      BDE9
 182 0317 4723FB53 		.ascii	"G#\373S3\200\304\201\364t?6l\0205\017`\2234\204\224"
 182      3380C481 
 182      F4743F36 
 182      6C10350F 
 182      60933484 
ARM GAS  /tmp/ccDrN2na.s 			page 14


 183 032c 73B0491E 		.ascii	"s\260I\036*\315\016\223\355C\364~85\271\244\364\030"
 183      2ACD0E93 
 183      ED43F47E 
 183      3835B9A4 
 183      F418
 184 033e 298D20A5 		.ascii	")\215 \245\221d\342q\351\326\023\364\370$u\216\222\362"
 184      9164E271 
 184      E9D613F4 
 184      F824758E 
 184      92F2
 185 0350 5334F768 		.ascii	"S4\367h\222\237\226\3623$?K\362sR\036#\003\371<u\214"
 185      929F96F2 
 185      33243F4B 
 185      F273521E 
 185      2303F93C 
 186 0366 951DE364 		.ascii	"\225\035\343d\373\202\354\036/\237\031k\305\264U\002"
 186      FB82EC1E 
 186      2F9F196B 
 186      C5B45502 
 187 0376 0B718E3F 		.ascii	"\013q\216?\342\014\024~\343\277\374 \245\321/\254\030"
 187      E20C147E 
 187      E3BFFC20 
 187      A5D12FAC 
 187      18
 188 0387 F79240ED 		.ascii	"\367\222@\355WVb\216\300(~\246\363\023\342\202\255\321"
 188      5756628E 
 188      C0287EA6 
 188      F313E282 
 188      ADD1
 189 0399 CA174029 		.ascii	"\312\027@)\333\242\225M\250\374yD\331\304*@\264@Q\360"
 189      DBA2954D 
 189      A8FC7944 
 189      D9C42A40 
 189      B44051F0 
 190 03ad F35E4AD7 		.ascii	"\363^J\327\211\272\325\325\027OX\363n\032\263\014\303"
 190      89BAD5D5 
 190      174F58F3 
 190      6E1AB30C 
 190      C3
 191 03be 13109E4E 		.ascii	"\023\020\236NN\225<\010y\224\354\366\255s\2178\362\336"
 191      4E953C08 
 191      7994ECF6 
 191      AD738F38 
 191      F2DE
 192 03d0 0C8814C9 		.ascii	"\014\210\024\311#\034\303`;\344E\023\233S}\252\005\037"
 192      231CC360 
 192      3BE44513 
 192      9B537DAA 
 192      051F
 193 03e2 4E1C10A9 		.ascii	"N\034\020\251LB\351\331e=\202\004K\035\354\210 1\263"
 193      4C42E9D9 
 193      653D8204 
 193      4B1DEC88 
 193      2031B3
 194 03f5 B920581B 		.ascii	"\271 X\033\014\203\373}\246\033\373,\330ea^\321\014"
 194      0C83FB7D 
 194      A61BFB2C 
ARM GAS  /tmp/ccDrN2na.s 			page 15


 194      D865615E 
 194      D10C
 195 0407 055B439B 		.ascii	"\005[C\233\275j\270\213\000\324\1779\313\265\034\226"
 195      BD6AB88B 
 195      00D47F39 
 195      CBB51C96 
 196 0417 4140F4C0 		.ascii	"A@\364\300\031\224/T\037\232\012\326Y\263\007\007D\032"
 196      19942F54 
 196      1F9A0AD6 
 196      59B30707 
 196      441A
 197 0429 7C01CBA1 		.ascii	"|\001\313\241C\026>\330\011\331\214L\350H\270\357\316"
 197      43163ED8 
 197      09D98C4C 
 197      E848B8EF 
 197      CE
 198 043a 409D3440 		.ascii	"@\2354@\333\031\324\243\001\351\301\3574\0044\"\021"
 198      DB19D4A3 
 198      01E9C1EF 
 198      34043422 
 198      11
 199 044b B7722B4B 		.ascii	"\267r+K\025!ncU.B\371YU\315 \245\342Ac\263>9_\0139\331"
 199      15216E63 
 199      552E42F9 
 199      5955CD20 
 199      A5E24163 
 200 0466 C84A0A93 		.ascii	"\310J\012\223_\310\255\021vAN\2141\322\374\350B\365"
 200      5FC8AD11 
 200      76414E8C 
 200      31D2FCE8 
 200      42F5
 201 0478 0E338523 		.ascii	"\0163\205#\031\334\260;\022\016;\313w\251,v@\227\362"
 201      19DCB03B 
 201      120E3BCB 
 201      77A92C76 
 201      4097F2
 202 048b CDD60337 		.ascii	"\315\326\0037]J\331\001_F\224\035\354\024#\014WZk\006"
 202      5D4AD901 
 202      5F46941D 
 202      EC14230C 
 202      575A6B06 
 203 049f 937204C0 		.ascii	"\223r\004\300zY\350~\031\007c\017\344D\347\301\211y"
 203      7A59E87E 
 203      1907630F 
 203      E444E7C1 
 203      8979
 204 04b1 D82B6D85 		.ascii	"\330+m\205\270\223\035r\242%\177IQG\263S\315\233\212"
 204      B8931D72 
 204      A2257F49 
 204      5147B353 
 204      CD9B8A
 205 04c4 C360908F 		.ascii	"\303`\220\217\235\005.K\310z2\224*\265]\354\254\013"
 205      9D052E4B 
 205      C87A3294 
 205      2AB55DEC 
 205      AC0B
 206 04d6 CE428187 		.ascii	"\316B\201\207\251^`-PhLW\343\222\2721)\275\023\231\314"
ARM GAS  /tmp/ccDrN2na.s 			page 16


 206      A95E602D 
 206      50684C57 
 206      E392BA31 
 206      29BD1399 
 207 04eb 605F6226 		.ascii	"`_b&\355\207\274\200\310\240\214\265\315l\344\312N2"
 207      ED87BC80 
 207      C8A08CB5 
 207      CD6CE4CA 
 207      4E32
 208 04fd 9AA2A8ED 		.ascii	"\232\242\250\355\367'\251\016\300>\362\243\015\360i"
 208      F727A90E 
 208      C03EF2A3 
 208      0DF069
 209 050c 98199B54 		.ascii	"\230\031\233Tg\213\023\341\270\211B8\366Zq\307*\253"
 209      678B13E1 
 209      B8894238 
 209      F65A71C7 
 209      2AAB
 210 051e D24D8B76 		.ascii	"\322M\213v4\023\272\346\275)#3B\317.\011\320R\334^f"
 210      3413BAE6 
 210      BD292333 
 210      42CF2E09 
 210      D052DC5E 
 211 0533 4262E4D3 		.ascii	"Bb\344\323\233\031\2704\263\340\000\344\301W\024\032"
 211      9B19B834 
 211      B3E000E4 
 211      C157141A 
 212 0543 68404AC4 		.ascii	"h@J\304P9\3062\356\205p0\222\216$\3666-\252\302\340"
 212      5039C632 
 212      EE857030 
 212      928E24F6 
 212      362DAAC2 
 213 0558 A23AA194 		.ascii	"\242:\241\224\323\023\305\342P\342X\034V\261\3009\277"
 213      D313C5E2 
 213      50E2581C 
 213      56B1C039 
 213      BF
 214 0569 0ACF4966 		.ascii	"\012\317If\212\257\035}\327Fsz\301\006G\"s&3\277\\\365"
 214      8AAF1D7D 
 214      D746737A 
 214      C1064722 
 214      732633BF 
 215 057f 27FC675C 		.ascii	"'\374g\\]\0007\035\277z\324\244\370\362\010|\035Q\366"
 215      5D00371D 
 215      BF7AD4A4 
 215      F8F2087C 
 215      1D51F6
 216 0592 B0162657 		.ascii	"\260\026&W}u\235$\027\353\006\257g'\326\021\006G\025"
 216      7D759D24 
 216      17EB06AF 
 216      6727D611 
 216      064715
 217 05a5 BCF9A5C1 		.ascii	"\274\371\245\301mN\035\262\341\001\361\023\271}H\220"
 217      6D4E1DB2 
 217      E101F113 
 217      B97D4890 
 218 05b5 C7E4D2DF 		.ascii	"\307\344\322\337\374E}\221\304\344\003\210\213\360\257"
ARM GAS  /tmp/ccDrN2na.s 			page 17


 218      FC457D91 
 218      C4E40388 
 218      8BF0AF
 219 05c4 A323DC50 		.ascii	"\243#\334PRt\301\256#\354\241\275\354\033\214\357q\275"
 219      5274C1AE 
 219      23ECA1BD 
 219      EC1B8CEF 
 219      71BD
 220 05d6 FEFC85B3 		.ascii	"\376\374\205\263\233\315zT\036\215:\201!W\2634\312Y"
 220      9BCD7A54 
 220      1E8D3A81 
 220      2157B334 
 220      CA59
 221 05e8 6A96CF5E 		.ascii	"j\226\317^\355P\236s8\011\276\200\350\305$\351\367W"
 221      ED509E73 
 221      3809BE80 
 221      E8C524E9 
 221      F757
 222 05fa 5935EB77 		.ascii	"Y5\353wv\266\007\223U\015\242#\317\325sk+\270^\004\303"
 222      76B60793 
 222      550DA223 
 222      CFD5736B 
 222      2BB85E04 
 223 060f 88E884FB 		.ascii	"\210\350\204\373\224\012\003|\0139\222\366\024\207m"
 223      940A037C 
 223      0B3992F6 
 223      14876D
 224 061e 759A5BDE 		.ascii	"u\232[\336n\221\270\247\023\213$\203\323\335#\361bL"
 224      6E91B8A7 
 224      138B2483 
 224      D3DD23F1 
 224      624C
 225 0630 24CE488C 		.ascii	"$\316H\214\021F\334\213\2148\013>\354:\330\272w\231"
 225      1146DC8B 
 225      8C380B3E 
 225      EC3AD8BA 
 225      7799
 226 0642 5361F2C0 		.ascii	"Sa\362\3009\202\335\033\327R\201\361\250\\MU\264n\274"
 226      3982DD1B 
 226      D75281F1 
 226      A85C4D55 
 226      B46EBC
 227 0655 12C4A13B 		.ascii	"\022\304\241;$\243\351N\311\370\227\204P\333\266a\225"
 227      24A3E94E 
 227      C9F89784 
 227      50DBB661 
 227      95
 228 0666 4B2543DC 		.ascii	"K%C\334.\031\013\232n\2344G'\343;LF\263NF\301\365\216"
 228      2E190B9A 
 228      6E9C3447 
 228      27E33B4C 
 228      46B34E46 
 229 067d 5F45E7A2 		.ascii	"_E\347\242%\222\213\363r\222\355\2477\206\234*\027&"
 229      25928BF3 
 229      7292EDA7 
 229      37869C2A 
 229      1726
ARM GAS  /tmp/ccDrN2na.s 			page 18


 230 068f B8D0958B 		.ascii	"\270\320\225\213\015G\032\302\271\210\2347\271<o\356"
 230      0D471AC2 
 230      B9889C37 
 230      B93C6FEE 
 231 069f 5C7CACD2 		.ascii	"\\|\254\322\024\237\213\177\353\\\\\214\312\305\321"
 231      149F8B7F 
 231      EB5C5C8C 
 231      CAC5D1
 232 06ae A27E2A17 		.ascii	"\242~*\027\275\022\345\342?\321\201x3&\004\337\243\017"
 232      BD12E5E2 
 232      3FD18178 
 232      332604DF 
 232      A30F
 233 06c0 18F6709C 		.ascii	"\030\366p\234e!\331\253\027\341=~\005\262\344L\246\206"
 233      6521D9AB 
 233      17E13D7E 
 233      05B2E44C 
 233      A686
 234 06d2 18DE0AE4 		.ascii	"\030\336\012\344\212\177\024W\374OqgU[i\364\206\360"
 234      8A7F1457 
 234      FC4F7167 
 234      555B69F4 
 234      86F0
 235 06e4 33B82437 		.ascii	"3\270$7\004y\212j\205l4%\221\236\274C\302BwJX\233\214"
 235      04798A6A 
 235      856C3425 
 235      919EBC43 
 235      C242774A 
 236 06fb E595E240 		.ascii	"\345\225\342@\273P\011\263\336.a\327[*k\223\243\023"
 236      BB5009B3 
 236      DE2E61D7 
 236      5B2A6B93 
 236      A313
 237 070d 76059DBD 		.ascii	"v\005\235\275\254\301^\274\272)\337\035\235\261\037"
 237      ACC15EBC 
 237      BA29DF1D 
 237      9DB11F
 238 071c 2219FB11 		.ascii	"\"\031\373\021\325\242\227\313\321\025\341\024\335v"
 238      D5A297CB 
 238      D115E114 
 238      DD76
 239 072a 7DB447E5 		.ascii	"}\264G\345$T\224\251b\330'QN\256&\316\311\177\273\345"
 239      245494A9 
 239      62D82751 
 239      4EAE26CE 
 239      C97FBBE5 
 240 073e A46445C6 		.ascii	"\244dE\306]e\340\344\266s[\004e\200\3035\231\001A\300"
 240      5D65E0E4 
 240      B6735B04 
 240      6580C335 
 240      990141C0 
 241 0752 AE5306FA 		.ascii	"\256S\006\372\320V\023l\017\027\330\276\211\012\354"
 241      D056136C 
 241      0F17D8BE 
 241      890AEC
 242 0761 8DC405F6 		.ascii	"\215\304\005\366fx\263\361/-\372\276\364\267\312P?\\"
 242      6678B3F1 
ARM GAS  /tmp/ccDrN2na.s 			page 19


 242      2F2DFABE 
 242      F4B7CA50 
 242      3F5C
 243 0773 8D320472 		.ascii	"\2152\004r\023l\324\346\373\343\013\264r\364xa5(J;\241"
 243      136CD4E6 
 243      FBE30BB4 
 243      72F47861 
 243      35284A3B 
 244 0788 432A21BF 		.ascii	"C*!\277\232K\365\241l\000*\252\235\352\322\034\213\306"
 244      9A4BF5A1 
 244      6C002AAA 
 244      9DEAD21C 
 244      8BC6
 245 079a 85BDBAE8 		.ascii	"\205\275\272\350\246\260&F\007\234\024<\340x*\253\247"
 245      A6B02646 
 245      079C143C 
 245      E0782AAB 
 245      A7
 246 07ab 60572AC3 		.ascii	"`W*\303\253\241\220\000\232\313Z\365>?\320\217\346O"
 246      ABA19000 
 246      9ACB5AF5 
 246      3E3FD08F 
 246      E64F
 247 07bd 858D3769 		.ascii	"\205\2157iC\367\343\013\211I\313\203\260\013\021\255"
 247      43F7E30B 
 247      8949CB83 
 247      B00B11AD 
 248 07cd D952BE   		.ascii	"\331R\276"
 249 07d0 15D46DC2 		.ascii	"\025\324m\302\016\235\012v\231Vy \216L/F\310\204\327"
 249      0E9D0A76 
 249      99567920 
 249      8E4C2F46 
 249      C884D7
 250 07e3 C23C3441 		.ascii	"\302<4A\2515\234\267\245p>\357F\341Gc\222[@\226\036"
 250      A9359CB7 
 250      A5703EEF 
 250      46E14763 
 250      925B4096 
 251 07f8 88E6D786 		.ascii	"\210\346\327\206\357\316\330o\301\257\207\343\371\345"
 251      EFCED86F 
 251      C1AF87E3 
 251      F9E5
 252 0806 E75DFC5A 		.ascii	"\347]\374Z^\257\327\374\220D\374*\344\011\371\025\340"
 252      5EAFD7FC 
 252      9044FC2A 
 252      E409F915 
 252      E0
 253 0817 DDD77C38 		.ascii	"\335\327|8q9hR\255y\337\255\03072\341\232\357\003E\234"
 253      71396852 
 253      AD79DFAD 
 253      183732E1 
 253      9AEF0345 
 254 082c 186752D7 		.ascii	"\030gR\327\253\205\245[f\332\265'\277\241\313\315L\216"
 254      AB85A55B 
 254      66DAB527 
 254      BFA1CBCD 
 254      4C8E
ARM GAS  /tmp/ccDrN2na.s 			page 20


 255 083e 245467CC 		.ascii	"$Tg\314Y\034g\311Q\204\371\272\354-5\361P\312b\374\251"
 255      591C67C9 
 255      5184F9BA 
 255      EC2D35F1 
 255      50CA62FC 
 256 0853 69A82442 		.ascii	"i\250$B\017\2067\375\350c\023\2179\336p\332\017\344"
 256      0F8637FD 
 256      E863138F 
 256      39DE70DA 
 256      0FE4
 257 0865 F1069F52 		.ascii	"\361\006\237RR\360x34\365\252\025\307\245\021\201\310"
 257      52F07833 
 257      34F5AA15 
 257      C7A51181 
 257      C8
 258 0876 97D0C590 		.ascii	"\227\320\305\220\371\377]?oKo\314\204\267\230\240{5"
 258      F9FF5D3F 
 258      6F4B6FCC 
 258      84B798A0 
 258      7B35
 259 0888 77971DD6 		.ascii	"w\227\035\326\264{\010)\036M\260\341\330\025\317\250"
 259      B47B0829 
 259      1E4DB0E1 
 259      D815CFA8 
 260 0898 DC84E509 		.ascii	"\334\204\345\011\336!\036\014\227\214\262\336\226Q\263"
 260      DE211E0C 
 260      978CB2DE 
 260      9651B3
 261 08a7 BB332AB6 		.ascii	"\2733*\266(\316!K\2711\214\272t\346\256*\326\273Q\214"
 261      28CE214B 
 261      B9318CBA 
 261      74E6AE2A 
 261      D6BB518C 
 262 08bb FA7CA666 		.ascii	"\372|\246f\324c\211\030571\243\346\335\202Q\2075\243"
 262      D4638918 
 262      353731A3 
 262      E6DD8251 
 262      8735A3
 263 08ce 46A04955 		.ascii	"F\240IU\303n\311\250\304\273\210\025\346\313\034\320"
 263      C36EC9A8 
 263      C4BB8815 
 263      E6CB1CD0 
 264 08de 571B788F 		.ascii	"W\033x\217r0\202\316\001\301C\365i\332\320\306\223\227"
 264      723082CE 
 264      01C143F5 
 264      69DAD0C6 
 264      9397
 265 08f0 97DBF545 		.ascii	"\227\333\365E\272\364\210\313\230\227\217\027\250\373"
 265      BAF488CB 
 265      98978F17 
 265      A8FB
 266 08fe E23FA748 		.ascii	"\342?\247HW\027p\344\215U^mB\035\371\326\330\017\000"
 266      571770E4 
 266      8D555E6D 
 266      421DF9D6 
 266      D80F00
 267 0911 C6AAB923 		.ascii	"\306\252\271#IC^\371;1\351\361\337\007\360vI\367L\006"
ARM GAS  /tmp/ccDrN2na.s 			page 21


 267      49435EF9 
 267      3B31E9F1 
 267      DF07F076 
 267      49F74C06 
 268 0925 0B090DBC 		.ascii	"\013\011\015\274\317\321\257\221\321\247\227\373\324"
 268      CFD1AF91 
 268      D1A797FB 
 268      D4
 269 0932 4939CA31 		.ascii	"I9\3121\214\033\315\010%\\\271\365\301\342O.'e\2575"
 269      8C1BCD08 
 269      255CB9F5 
 269      C1E24F2E 
 269      2765AF35 
 270 0946 E61946F0 		.ascii	"\346\031F\360\372L\014S?X\244)&\255\302b\236\255+\030"
 270      FA4C0C53 
 270      3F58A429 
 270      26ADC262 
 270      9EAD2B18 
 271 095a A8091EC7 		.ascii	"\250\011\036\3079\344r@\211\020`\217\304_\3259\337\252"
 271      39E47240 
 271      8910608F 
 271      C45FD539 
 271      DFAA
 272 096c 349EB8CB 		.ascii	"4\236\270\3139=4\333\022\2566\0045\333\322\370\331\236"
 272      393D34DB 
 272      12AE3604 
 272      35DBD2F8 
 272      D99E
 273 097e 44739ACE 		.ascii	"Ds\232\316R\036%\001<\031\013`\224\012`g\225])=u\367"
 273      521E2501 
 273      3C190B60 
 273      940A6067 
 273      955D293D 
 274 0994 00FA4329 		.ascii	"\000\372C)Wg\002\005\240,\014\340\206\0060\032\315\251"
 274      57670205 
 274      A02C0CE0 
 274      8606301A 
 274      CDA9
 275 09a6 9A1086F4 		.ascii	"\232\020\206\364\264D1:\026\302\323\244\323VTW\321\246"
 275      B444313A 
 275      16C2D3A4 
 275      D3565457 
 275      D1A6
 276 09b8 B59E5130 		.ascii	"\265\236Q0\226~z\345K\263\332jl\260\214\373b\275{\026"
 276      967E7AE5 
 276      4BB3DA6A 
 276      6CB08CFB 
 276      62BD7B16 
 277 09cc F5A2BD7B 		.ascii	"\365\242\275{NZ\1776\326\364s\222^\013\212\335\262\013"
 277      4E5A7F36 
 277      D6F47392 
 277      5E0B8ADD 
 277      B20B
 278 09de F38D1B8F 		.ascii	"\363\215\033\217,@\351z\333\301;\353\316\367\264\353"
 278      2C40E97A 
 278      DBC13BEB 
 278      CEF7B4EB 
ARM GAS  /tmp/ccDrN2na.s 			page 22


 279 09ee CFDF7DBE 		.ascii	"\317\337}\276\215?\007\304\000\370@\227G\351>}.\333"
 279      8D3F07C4 
 279      00F84097 
 279      47E93E7D 
 279      2EDB
 280 0a00 1D3A4C2B 		.ascii	"\035:L+\223\024\026\340\335z ,'\216\217a:@\037r]\"\257"
 280      931416E0 
 280      DD7A202C 
 280      278E8F61 
 280      3A401F72 
 281 0a17 681FC6E1 		.ascii	"h\037\306\341\244~16\026\3638\245\263\277b\243\326z"
 281      A47E3136 
 281      16F338A5 
 281      B3BF62A3 
 281      D67A
 282 0a29 014D84EB 		.ascii	"\001M\204\353\250v\003;\245\033\031TG\205\252\243\262"
 282      A876033B 
 282      A51B1954 
 282      4785AAA3 
 282      B2
 283 0a3a 7B0C5382 		.ascii	"{\014S\202\2644\226\212\3521,\252\212\335\022\011\025"
 283      B434968A 
 283      EA312CAA 
 283      8ADD1209 
 283      15
 284 0a4b D5B11898 		.ascii	"\325\261\030\230\264\331\015\257\341\\\351\225\015o"
 284      B4D90DAF 
 284      E15CE995 
 284      0D6F
 285 0a59 B4C1180C 		.ascii	"\264\301\030\014KZY\303\0244\233\276\230\256\221\231"
 285      4B5A59C3 
 285      14349BBE 
 285      98AE9199 
 286 0a69 BACE1E2B 		.ascii	"\272\316\036+\372\276\"W\015\037\337\015\350x\275v\357"
 286      FABE2257 
 286      0D1FDF0D 
 286      E878BD76 
 286      EF
 287 0a7a 95D59D16 		.ascii	"\225\325\235\026[\244\324\323\312\212\010\362C\216\274"
 287      5BA4D4D3 
 287      CA8A08F2 
 287      438EBC
 288 0a89 97F58CD4 		.ascii	"\227\365\214\324\217\361\372\003B\026\373\206\211\020"
 288      8FF1FA03 
 288      4216FB86 
 288      8910
 289 0a97 F7D2D79D 		.ascii	"\367\322\327\235f\250m\224E\235\352)\206s\311\351\340"
 289      66A86D94 
 289      459DEA29 
 289      8673C9E9 
 289      E0
 290 0aa8 7BE6DC2D 		.ascii	"{\346\334-\306,\014%Fo\005\317e]*\037wS\301U\3677T\271"
 290      C62C0C25 
 290      466F05CF 
 290      655D2A1F 
 290      7753C155 
 291 0ac0 40FEFB85 		.ascii	"@\376\373\205\220\236\322\351\177\313\217-\327\364G"
ARM GAS  /tmp/ccDrN2na.s 			page 23


 291      909ED2E9 
 291      7FCB8F2D 
 291      D7F447
 292 0acf 99BFC247 		.ascii	"\231\277\302G\334'\032\337\241bQ\263qN\273>\310\274"
 292      DC271ADF 
 292      A16251B3 
 292      714EBB3E 
 292      C8BC
 293 0ae1 052BB9CF 		.ascii	"\005+\271\317R\271\317\012\203}\326/\344\007\222\352"
 293      52B9CF0A 
 293      837DD62F 
 293      E40792EA 
 294 0af1 F9E56EF5 		.ascii	"\371\345n\365\362/P\316}\356\331U\257a\367\201\222\366"
 294      F22F50CE 
 294      7DEED955 
 294      AF61F781 
 294      92F6
 295 0b03 D95C75BF 		.ascii	"\331\\u\277\011\177\347\276\244\3039\364\223\274p(\375"
 295      097FE7BE 
 295      A4C339F4 
 295      93BC7028 
 295      FD
 296 0b14 789A86D3 		.ascii	"x\232\206\323O\346\312\021\030\316\254\275\333\246\320"
 296      4FE6CA11 
 296      18CEACBD 
 296      DBA6D0
 297 0b23 6C1C6743 		.ascii	"l\034gC?\001\035\304\2552\375\245iS\3774y\332\364\354"
 297      3F011DC4 
 297      AD32FDA5 
 297      6953FF34 
 297      79DAF4EC 
 298 0b37 97FF3071 		.ascii	"\227\3770q\372\224\354\251S&\277\361\363I\314A\277\023"
 298      FA94ECA9 
 298      5326BFF1 
 298      F349CC41 
 298      BF13
 299 0b49 264F7A75 		.ascii	"&Ozu\332K|\352+0\325\376\322\304\327'>\361\352\214W"
 299      DA4B7CEA 
 299      2B30D5FE 
 299      D2C4D727 
 299      3EF1EA8C 
 300 0b5e 5EB7E28B 		.ascii	"^\267\342\213\307g\274\374\262c\232|K\217\266IS&O\372"
 300      C767BCFC 
 300      B2639A7C 
 300      4B8FB649 
 300      53264FFA 
 301 0b72 FDF4197F 		.ascii	"\375\364\031\177\374\0374T~|"
 301      FC1F3454 
 301      7E7C
 302              		.text
 303              		.section	.gnu.lto_Checksum_IHexRecord.348d914427d998cc,"",%progbits
 304 0000 789C8D54 		.ascii	"x\234\215T\317OSA\020\336\331}\257}\375I\001M8\364@"
 304      CF4F5341 
 304      10DED97D 
 304      AF7DFD49 
 304      014D38F4 
 305 0015 620801A3 		.ascii	"b\010\001\243\225x\361O\360*\377\201)5%j4\020\225\033"
ARM GAS  /tmp/ccDrN2na.s 			page 24


 305      9578F14F 
 305      F02AFF81 
 305      2935256A 
 305      3410951B 
 306 0029 8FB60F8D 		.ascii	"\217\266\017\215\341\200\242\200\004\345`\220\252`)"
 306      E180A280 
 306      04E56090 
 306      AA6029
 307 0038 A02218AC 		.ascii	"\240\"\030\254\022E@0M<\230\230\030E\342\201\203\241"
 307      12454030 
 307      4D3C9898 
 307      1845E281 
 307      83A1
 308 004a 0542E28F 		.ascii	"\005B\342\217\326\231\335b\254\211\011\233\364\355\314"
 308      D699DD62 
 308      AC89099B 
 308      F4EDCC
 309 0059 BC99EF9B 		.ascii	"\274\231\357\233ov_5\006\214\326G\215\261\003\270\037"
 309      6F765F35 
 309      068CD647 
 309      8DB103B8 
 309      1F
 310 006a C31FD818 		.ascii	"\303\037\330\030\360\316e\306\332\014\016\2322\2042"
 310      F0CE65C6 
 310      DA0C0E9A 
 310      328432
 311 0079 9E1B1A17 		.ascii	"\236\033\032\027\303K\214\231N}\025\237n\035\200\342"
 311      C34B8C99 
 311      4E7D159F 
 311      6E1D80E2 
 312 0089 A601AC95 		.ascii	"\246\001\254\225\013M\207V\2561Hi`r\365$\360-\376\213"
 312      0B4D8756 
 312      AE314869 
 312      6072F524 
 312      F02DFE8B 
 313 009d C3E2F6EB 		.ascii	"\303\342\366\353\016g\315\220iF\314OV\356h&bUX\202\261"
 313      0E67CD90 
 313      6946CC4F 
 313      56EE6826 
 313      62555882 
 314 00b2 3C6770D8 		.ascii	"<gp\330\017\207\374D<\0045\230\231\216\215\366\213M"
 314      0F87FC44 
 314      3C043598 
 314      998E8DF6 
 314      8B4D
 315 00c4 6E09000D 		.ascii	"n\011\000\015\335\314R\337\027/\271\034*\321\215_\373"
 315      DDCC52DF 
 315      172FB91C 
 315      2AD18D5F 
 315      FB
 316 00d5 FE461715 		.ascii	"\376F\027\025\300\320~:\221^\027\325\203\204i>\013\231"
 316      C0D07E3A 
 316      915E17D5 
 316      8384693E 
 316      0B99
 317 00e7 0E4B08B8 		.ascii	"\016K\010\270\007\2020\357\202\037\342\340g\030bp\037"
 317      078230EF 
ARM GAS  /tmp/ccDrN2na.s 			page 25


 317      821FE2E0 
 317      67186270 
 317      1F
 318 00f8 AA297D70 		.ascii	"\252)}pqv\306+\366\311\322\265\345\344\007\243\352\266"
 318      7176C62B 
 318      F6C9D2B5 
 318      E5E407A3 
 318      EAB6
 319 010a 892BB535 		.ascii	"\211+\2655'n\230\251X\245%4\030..\247\205\331\211\361"
 319      276E98A9 
 319      58A52534 
 319      182E2EA7 
 319      85D989F1 
 320 011e 9E59BBA8 		.ascii	"\236Y\273\250\222\225\321\351\310\270\233*#fjc\316\323"
 320      9295D1E9 
 320      C8B89B2A 
 320      23666A63 
 320      CED3
 321 0130 63A6DAB0 		.ascii	"c\246\332\260\222\301\003U\271#F\326\255$s\327=\266"
 321      92C10355 
 321      B92346D6 
 321      AD2473D7 
 321      3DB6
 322 0142 18B15442 		.ascii	"\030\261TB\002\252`\004\252H2j\035\005\033\216\236\357"
 322      02AA6004 
 322      AA48326A 
 322      1D051B8E 
 322      9EEF
 323 0154 4413F529 		.ascii	"D\023\365)3\237\217\232\251\214\375G\357\035\307\036"
 323      339F8F9A 
 323      A98CFD47 
 323      EF1DC71E 
 324 0164 60F406F1 		.ascii	"`\364\006\361\360\235\006\244@G-\232M\206\355d\032\370"
 324      F09D06A4 
 324      40472D9A 
 324      4D86ED64 
 324      1AF8
 325 0176 D01DD277 		.ascii	"\320\035\322w\242is\221\357\226\276\207|/\371%\322\367"
 325      A2697391 
 325      EF96BE87 
 325      7C2FF925 
 325      D2F7
 326 0188 91592ACD 		.ascii	"\221Y*\3152\211X.m\306\326\261\025<\307\014\347\270"
 326      3289582E 
 326      6DC6D6B1 
 326      153CC70C 
 326      E7B8
 327 019a 89AF1099 		.ascii	"\211\257\020\231\312\344\332\354\324[T\350\330\177\267"
 327      CAE4DAEC 
 327      D45B54E8 
 327      D87FB7
 328 01a9 F5E2AD9D 		.ascii	"\365\342\255\235f/\244\364\355\271\205K\356\001\270"
 328      662FA4F4 
 328      EDB9854B 
 328      EE01B8
 329 01b8 0996B047 		.ascii	"\011\226\260GqXI\232\020\306o\365Nnx\003#\246\317\022"
 329      7158499A 
ARM GAS  /tmp/ccDrN2na.s 			page 26


 329      10C66FF5 
 329      4E6E7803 
 329      23A6CF12 
 330 01cc 068CC100 		.ascii	"\006\214\301\000\344\344\271\3038\004\030\202f/\256"
 330      E4E4B9C3 
 330      38041882 
 330      662FAE
 331 01db 82C22458 		.ascii	"\202\302$X\266\002\\\252\307\0160B\011S\311\374\225"
 331      B6025CAA 
 331      C70E3042 
 331      0953C9FC 
 331      95
 332 01ec 02AB7DB7 		.ascii	"\002\253}\2674\023\222\206n/<\374\227\306@\034\214D"
 332      34139286 
 332      6E2F3CFC 
 332      97C6401C 
 332      8C44
 333 01fe BB6DCA77 		.ascii	"\273m\312wHf\243\230\331!\2313\371\244C%9w\307\354\200"
 333      4866A398 
 333      D9219933 
 333      F9A44325 
 333      3977C7EC 
 334 0213 4792591E 		.ascii	"G\222Y\036\342\343\035\346\237\005f\027\342H\346\366"
 334      E2E31DE6 
 334      9F056617 
 334      E248E6F6 
 335 0223 9D5EDC92 		.ascii	"\235^\334\222\336U\314\355\246\234l\373\253x\266\220"
 335      DE55CCED 
 335      A69C6CFB 
 335      AB78B690 
 336 0233 E551FC7D 		.ascii	"\345Q\374}\323\233\013:\315[\003\003&\221\274H\226\027"
 336      D39B0B3A 
 336      CD5B0303 
 336      2691BC48 
 336      9617
 337 0245 F3FE9655 		.ascii	"\363\376\226U\"\321\275\305\320%\350FR]\227=2\204g\015"
 337      22D1BDC5 
 337      D025E846 
 337      525D973D 
 337      3284670D 
 338 0259 B5741D33 		.ascii	"\265t\0353\\0\374p\351\214g\222/\257\0264\373\376\322"
 338      5C30FC70 
 338      E98C6792 
 338      2FAF1634 
 338      FBFED2
 339 026c DC46B7F4 		.ascii	"\334F\267\364\002\373\277r'<\221\312\205\272\333\363"
 339      02FBBF72 
 339      273C91CA 
 339      85BADBF3 
 340 027c F39977BC 		.ascii	"\363\231w\274.avbY\027\016\314\005S\020\210\012u\362"
 340      2E617662 
 340      59170ECC 
 340      05531088 
 340      0A75F2
 341 028f D350A7C6 		.ascii	"\323P\247\306\260Y\350\2754*\000\371\212{-U9\313\361"
 341      B059E8BD 
 341      342A00F9 
ARM GAS  /tmp/ccDrN2na.s 			page 27


 341      8A7B2D55 
 341      39CBF1
 342 02a2 B1425619 		.ascii	"\261BV\031\326\303~\377\237\254\021\312*\223\355k\014"
 342      D6C37EFF 
 342      9FAC11CA 
 342      2A93ED6B 
 342      0C
 343 02b3 FF68046A 		.ascii	"\377h\004j\3631\025\346L9\022\011\330g\210-G\275\012"
 343      F33115E6 
 343      4C391209 
 343      D867882D 
 343      47BD0A
 344 02c6 86D335C3 		.ascii	"\206\3235\303\205\323\305\201\360\216\364Y\344\022\303"
 344      85D3C581 
 344      F08EF459 
 344      E412C3
 345 02d5 E9962CE2 		.ascii	"\351\226,\342\326\372y\177:\214\260\242\327\205\270"
 345      D6FA797F 
 345      3A8CB0A2 
 345      D785B8
 346 02e4 7AE1E6BF 		.ascii	"z\341\346\277o\377\026?\242\312\313\011\257\250\321"
 346      6FFF163F 
 346      A2CACB09 
 346      AFA8D1
 347 02f3 72B68643 		.ascii	"r\266\206C\035PC%\227\321\267\003X\212r\367645\236\017"
 347      1D504325 
 347      97D1B703 
 347      588A72F7 
 347      3634359E 
 348 0308 3535074E 		.ascii	"55\007N\234:\336\034\0164\206C-\007\203\314I{}(x\246"
 348      9C3ADE1C 
 348      0E348643 
 348      2D0783CC 
 348      497B7D28 
 349 031e A9011A8D 		.ascii	"\251\001\032\215`8\024<\331|\356\364o\346K\207,"
 349      6038143C 
 349      D97CEEF4 
 349      6FE64B87 
 349      2C
 350              		.text
 351              		.section	.gnu.lto_.symbol_nodes.348d914427d998cc,"",%progbits
 352 0000 789C55CB 		.ascii	"x\234U\313=\016\202@\020\005\340\367X~\342\021L,\364"
 352      3D0E8240 
 352      1005E0F7 
 352      587EE211 
 352      4C2CF4
 353 0013 209E6D28 		.ascii	" \236m(\250$\021#\215\261\262\240\364\004\326\304\322"
 353      A8241123 
 353      8DB1B2A0 
 353      F404D6C4 
 353      D2
 354 0024 D60E1343 		.ascii	"\326\016\023C\341\011\360\227\304Y\326\302\315\026o"
 354      E109F097 
 354      C459D6C2 
 354      CD166F
 355 0033 DEB73321 		.ascii	"\336\2673!\210\021\001\004\035\005X\235\000\215C:S\271"
 355      88110104 
ARM GAS  /tmp/ccDrN2na.s 			page 28


 355      1D05589D 
 355      008D433A 
 355      53B9
 356 0045 53E8CB83 		.ascii	"S\350\313\203\022x\302'\305\014\002\244\351T\241\247"
 356      1278C227 
 356      C50C02A4 
 356      E954A1A7 
 357 0055 841E7C28 		.ascii	"\204\036|(\221\007oJ\354\301\213\222\374\203\321\327"
 357      91076F4A 
 357      ECC18B92 
 357      FC83D1D7 
 358 0065 F61D0D13 		.ascii	"\366\035\015\023\264\273^3F\265h\366\221\035\352\274"
 358      B4BB5E33 
 358      46B568F6 
 358      911DEABC 
 359 0075 991846A8 		.ascii	"\231\030F\250\226\315\3300D;\244\366\342\327\013\327"
 359      96CDD830 
 359      443BA4F6 
 359      E2D70BD7 
 360 0085 EBB5EB59 		.ascii	"\353\265\353YiS\357J\347\331\366\234\317\355G\355\006"
 360      6953EF4A 
 360      E7D9F69C 
 360      CFED47ED 
 360      06
 361 0096 DDBC1CDD 		.ascii	"\335\274\034\335\346\365\2661\370\002\225eG\371"
 361      E6F5B631 
 361      F8029565 
 361      47F9
 362              		.text
 363              		.section	.gnu.lto_.refs.348d914427d998cc,"",%progbits
 364 0000 789C6361 		.ascii	"x\234ca`\004B \000\000\0009\000\007"
 364      60044220 
 364      00000039 
 364      0007
 365              		.text
 366              		.section	.gnu.lto_.decls.348d914427d998cc,"",%progbits
 367 0000 789CB559 		.ascii	"x\234\265Y{PTW\232\357sO?\240i\300E'\233\232b\267\314"
 367      7B505457 
 367      9AEF734F 
 367      3FA069C0 
 367      45279B9A 
 368 0017 ACABD456 		.ascii	"\254\253\324V)q23;\263S5\2653\311d&\251LbebR\273\377"
 368      29713233 
 368      3BB35335 
 368      B533C964 
 368      26A94C62 
 369 0030 30088DB0 		.ascii	"0\010\215\260Qt\272\333\304L\325T\256\210\200(\212\240"
 369      5174BADB 
 369      C44CD554 
 369      AE888028 
 369      8AA0
 370 0042 BC95B7F2 		.ascii	"\274\225\267\362~?\224\227\255(o\025\037(\010\004\024"
 370      7E3F9497 
 370      AD286F15 
 370      1F280804 
 370      14
 371 0053 04455410 		.ascii	"\004ET\020|!\310~\347\234{\373\336\333t'\251JM\027\037"
ARM GAS  /tmp/ccDrN2na.s 			page 29


 371      7C21C87E 
 371      E79C7BFB 
 371      DEDB7427 
 371      A94A4D17 
 372 0068 F79E737F 		.ascii	"\367\236s\177\347{\374\316w\276s\037j\025R\221\337["
 372      E77BFCCE 
 372      77BE731F 
 372      6A155291 
 372      DF5B
 373 007a 6FA854A9 		.ascii	"o\250T\251X\245\372\200S\251\026\341\247\206\276OA\264"
 373      58A5FA80 
 373      53A916E1 
 373      A786BE4F 
 373      41B4
 374 008c 20452065 		.ascii	" E e \033@\252A\206@\336a\303T. \037\301\371' \377\013"
 374      201B40AA 
 374      418640DE 
 374      61C3542E 
 374      201FC1F9 
 375 00a4 F239C80E 		.ascii	"\3629\310\016\220\257A\242@\342\004\234\374G\360+\340"
 375      90AF41A2 
 375      40E2049C 
 375      FC47F02B 
 375      E0
 376 00b5 E8A56247 		.ascii	"\350\245bG\242\267\033\344}\304t\267\200|\006\022\017"
 376      A2B71BE4 
 376      7DC474B7 
 376      807C0612 
 376      0F
 377 00c6 6D6F38AE 		.ascii	"mo8\256\006\031\004i\0059\014}) \237\201|\012\222\016"
 377      06190469 
 377      05390C7D 
 377      29209F81 
 377      7C0A920E 
 378 00da 9201F21E 		.ascii	"\222\001\362\036\210\006\256\337\000\271\016\322\013"
 378      8806AEDF 
 378      00B90ED2 
 378      0B
 379 00e7 D207D203 		.ascii	"\322\007\322\003\202\005\233\237\013>\332\377\210\357"
 379      82059B9F 
 379      0B3EDAFF 
 379      88EF
 380 00f5 FF61E78F 		.ascii	"\377a\347\217\030c6H\036b>\035\204\343\032\242K\340"
 380      18633648 
 380      1E623E1D 
 380      84E31AA2 
 380      4BE0
 381 0107 442BF856 		.ascii	"D+\370V\252b~\346\303\365\002\220C \277\003y\010}\205"
 381      AA627EE6 
 381      C3F50290 
 381      4320BF03 
 381      79087D85 
 382 011b 708C04F9 		.ascii	"p\214\004\371+\310v\304\370+\202c1\310F8\257\200c%b"
 382      2BC876C4 
 382      F82B8263 
 382      31C84638 
 382      AF806325 
ARM GAS  /tmp/ccDrN2na.s 			page 30


 383 0130 FC5A108B 		.ascii	"\374Z\020\213\263[\210U\036c\225,N\035\\\373O8\376\027"
 383      B35B8855 
 383      1E63952C 
 383      4E1D5CFB 
 383      4F38FE17 
 384 0144 62B1DEB0 		.ascii	"b\261\336\260\213W+\304\024'\314\301\327\302\2348\212"
 384      8B572BC4 
 384      1427CCC1 
 384      D7C29C38 
 384      8A
 385 0155 9DF41904 		.ascii	"\235\364\031\004\316\305\370\211\335\015*\211{G>\250"
 385      CEC5F889 
 385      DD0D2A89 
 385      7B473EA8 
 386 0165 057B72BE 		.ascii	"\005{r\276\221\312\261\215\005\016u\217/\334A\353\212"
 386      91CAB18D 
 386      050E758F 
 386      2FDC41EB 
 386      8A
 387 0176 78F8C5F2 		.ascii	"x\370\305\362<\307IWz\2367\316\031\260\033\202sue\330"
 387      3CC74957 
 387      7A9E37CE 
 387      19B01B82 
 387      737565D8 
 388 018a 50A607F2 		.ascii	"P\246\007\362\361F\010\376\364\307E\264\012\025!=\312"
 388      F14608FE 
 388      F4C745B4 
 388      0A15213D 
 388      CA
 389 019b 43585498 		.ascii	"CXT\230\302G\361\374\324\327\244\033\316]\350\021z\302"
 389      C247F1FC 
 389      D4D7A41B 
 389      CE5DE811 
 389      7AC2
 390 01ad F8A92C5E 		.ascii	"\370\251,^\373\272\012\275\345\215\336\364V\241|\344"
 390      FBBA0ABD 
 390      E58DDEF4 
 390      56A17CE4 
 391 01bd 43479E40 		.ascii	"CG\236@\353T\250\020t\026 o\252\013\314^\016/K\303\263"
 391      EB54A810 
 391      7416206F 
 391      AA0BCC5E 
 391      0E2F4BC3 
 392 01d2 1CF2D223 		.ascii	"\034\362\322#54\247/\244\214x@s\205\036\255\204f|y\316"
 392      3534A72F 
 392      A48C7840 
 392      73851EAD 
 392      84667C79 
 393 01e7 5E8D219A 		.ascii	"^\215!\232\250\214\335\315{\265yP=%\240\242\030T\250"
 393      A88CDDCD 
 393      7BB57950 
 393      3D25A0A2 
 393      1854A8
 394 01fa 50293250 		.ascii	"P)2P\2554\202}\331\021\2738\005\230\\\226\300e\210\020"
 394      AD34827D 
 394      D911BB38 
 394      05985C96 
ARM GAS  /tmp/ccDrN2na.s 			page 31


 394      C0658810 
 395 020e 4C8F801E 		.ascii	"L\217\200\036l\313/$\206?\322#\262\316<\241\253t\362"
 395      6CCB2F24 
 395      863FD223 
 395      B2CE3CA1 
 395      AB74F2
 396 0221 D40B77D6 		.ascii	"\324\013w\326E\364\345\274xTk\300\313\3109\227\021S"
 396      45F4E5BC 
 396      78546BC0 
 396      CBC83997 
 396      1153
 397 0233 7C4F837C 		.ascii	"|O\203|\030\027\303C\303\377R\312\363\313P58S\211\260"
 397      1817C343 
 397      C3FF52CA 
 397      F3CB5035 
 397      385389B0 
 398 0247 E0028C83 		.ascii	"\340\002\214\203\377Q\222}\225\3158\252\002\012>\022"
 398      FF51927D 
 398      95CD38AA 
 398      020A3E12 
 399 0257 18A880CE 		.ascii	"\030\250\200\316r\322YM\031h\036{~\337\2051\020\305"
 399      72D2594D 
 399      19681E7B 
 399      7EDF8531 
 399      10C5
 400 0269 413BB3F6 		.ascii	"A;\263\366v\271'\376\234\272Pr\367t\232\236]\343\311"
 400      76B927FE 
 400      9CBA5072 
 400      F7749A9E 
 400      5DE3C9
 401 027c B58999F0 		.ascii	"\265\211\231\360\034\035\336N\257]\231\352:\352\306"
 401      1C1DDE4E 
 401      AF5D99EA 
 401      3AEAC6
 402 028b A85A06CD 		.ascii	"\250Z\006\315\007]w\262\324\254\311\223v\341\323\326"
 402      075D77B2 
 402      D4ACC993 
 402      76E1D3D6 
 403 029b 06847752 		.ascii	"\006\204wRh\351\236\321|\301\304\"\202vn\177n\005\247"
 403      68E99ED1 
 403      7CC1C422 
 403      82766E7F 
 403      6E05A7
 404 02ae 8FA2F3CA 		.ascii	"\217\242\363\312\230\362\222\263\332\004\323\250B\276"
 404      98F292B3 
 404      DA04D3A8 
 404      42BE
 405 02bc DEA8119A 		.ascii	"\336\250\021\232\262\341\336\302p\221'o\306S\225u\246"
 405      B2E1DEC2 
 405      7091276F 
 405      C6539575 
 405      A6
 406 02cd 588DFF4E 		.ascii	"X\215\377Ny\272\\\331w\336\325\306Sz\307\277\236$<5"
 406      79BA5CD9 
 406      77DED5C6 
 406      537AC7BF 
 406      9E243C35 
ARM GAS  /tmp/ccDrN2na.s 			page 32


 407 02e1 034F6724 		.ascii	"\003Og$\236\274m<)\363\344,\220\344-\220d\005oN3\363"
 407      9EBC6D3C 
 407      29F3E42C 
 407      90E42D90 
 407      64056F4E 
 408 02f7 F9E979E7 		.ascii	"\371\351y\347\334\361 \242\006\036\034\276\037\205m"
 408      DCF120A2 
 408      061E1CBE 
 408      1F856D
 409 0306 06520F7A 		.ascii	"\006R\017z\027\022\003-`\340\234d\240\0319\261p\336"
 409      1712032D 
 409      60E09C64 
 409      A01939B1 
 409      70DE
 410 0318 B1858799 		.ascii	"\261\205\207\231\275\223j\257X!\317\377\033Q}\365p\375"
 410      BD936AAF 
 410      5821CFFF 
 410      1B517DF5 
 410      70FD
 411 032a 24E5A315 		.ascii	"$\345\243\025y\211\254\020\364\371\305gVO\306&\231\223"
 411      7989AC10 
 411      F4F9C567 
 411      564FC626 
 411      9993
 412 033c 6BE58F2E 		.ascii	"k\345\217.r\270\214\243\\\344\316\275\234\"Y\265\232"
 412      72B88CA3 
 412      5CE4CEBD 
 412      9C2259B5 
 412      9A
 413 034d 64159671 		.ascii	"d\025\226q\265\232qu\272\263\375\270\001\237\244`.\307"
 413      B59A7175 
 413      BAB3FDB8 
 413      019FA460 
 413      2EC7
 414 035f 1AB607D6 		.ascii	"\032\266\007\326\227\017u\224\337\315\353\363 e\352"
 414      970F7594 
 414      DFCDEBF3 
 414      2065EA
 415 036e C06C1BC9 		.ascii	"\300l\033\311\216\213\340\353j\301\327N\350\354\200"
 415      8E8BE0EB 
 415      6AC1D74E 
 415      E8EC80
 416 037d 4E91D6B5 		.ascii	"N\221\326\265\247H\324\027\300\313.)\352\325\202\177"
 416      A748D417 
 416      C0CB2E29 
 416      EAD5827F 
 417 038d 4D87FAC7 		.ascii	"M\207\372\307\364\270\231\331\310\237\352*\362tj\343"
 417      F4B899D9 
 417      C89FEA2A 
 417      F2746AE3 
 418 039d B2531BA9 		.ascii	"\262S\033\251\007W\027\021\033\335`\343\222d\343\202"
 418      07571711 
 418      1BDD60E3 
 418      9264E382 
 419 03ad 48427D66 		.ascii	"HB}fE\211;#!\226\2600?\177\252\232\023\322\357\237H"
 419      45893B23 
 419      2196B030 
ARM GAS  /tmp/ccDrN2na.s 			page 33


 419      3F7FAA9A 
 419      13D2EF9F 
 420 03c2 DC9589CD 		.ascii	"\334\225\211\315:\334E\235\320U\314V\314y\242U\344\267"
 420      3ADC459D 
 420      D055CC56 
 420      CC79A255 
 420      E4B7
 421 03d4 DC278B78 		.ascii	"\334'\213x2\334\177\375\303\314\221=|\331_(\327\327"
 421      32DC7FFD 
 421      C3CC913D 
 421      7CD95F28 
 421      D7D7
 422 03e6 C0C24DB4 		.ascii	"\300\302M\264\\\234\246\032J{\011\371\257\242pke\213"
 422      5C9CA61A 
 422      4A7B09F9 
 422      AFA2706B 
 422      658B
 423 03f8 7B126F0D 		.ascii	"{\022o\015\303\324\237v\001m\013\303\227\300\327\013"
 423      C3D49F76 
 423      016D0BC3 
 423      97C0D70B 
 424 0408 689EB79E 		.ascii	"h\236\267\236\212\300\311\2745\034\243\015zT+\200mK"
 424      8AC0C9BC 
 424      351CA30D 
 424      7A542B80 
 424      6D4B
 425 041a 912997A1 		.ascii	"\221)\227\241\253#\334w\361\326]\230\3143j\020\340\342"
 425      AB23DC77 
 425      F1D65D98 
 425      CC336A10 
 425      E0E2
 426 042c EC33DD75 		.ascii	"\3543\335uH\202\327\312\224\237\262W~R\346\371!!\237"
 426      4882D7CA 
 426      949FB257 
 426      7E52E6F9 
 426      21219F
 427 043f 786451A1 		.ascii	"xdQ\241\253\200\270B/\022<\260\211\372\201\373\353h"
 427      AB80B842 
 427      2F123CB0 
 427      89FA81FB 
 427      EB68
 428 0451 15EA05E9 		.ascii	"\025\352\005\351\003\271\001\322\203V\321\302J\347\300"
 428      03B901D2 
 428      8356D1C2 
 428      4AE7C0
 429 0460 5ADE62E0 		.ascii	"Z\336b\340\241\252\302\000\225\300\277P\253Sj\313\323"
 429      A1AAC200 
 429      95C0BF50 
 429      AB536ACB 
 429      D3
 430 0471 74F83E9B 		.ascii	"t\370>\233\341\342\260\216BO\264\334\307\2419\364\015"
 430      E1E2B08E 
 430      424FB4DC 
 430      C7A139F4 
 430      0D
 431 0482 58F9FE16 		.ascii	"X\371\376\026\033[\020\2618\010\003\006\244I'\016P\273"
 431      1B5B10B1 
ARM GAS  /tmp/ccDrN2na.s 			page 34


 431      38080306 
 431      A449270E 
 431      50BB
 432 0494 CD370B2A 		.ascii	"\3157\013*\225\025vP\026\274\012\015\011\025v\210VX"
 432      95157650 
 432      16BC0A0D 
 432      09157688 
 432      5658
 433 04a6 B1967BB1 		.ascii	"\261\226{\261Z\236\370\340\305\217\205RF*\375\271s\213"
 433      5A9EF8E0 
 433      C58F8552 
 433      462AFDB9 
 433      738B
 434 04b8 97909030 		.ascii	"\227\220\2200\344rC\331\330C-~\312\226QE\374X\232\033"
 434      E47243D9 
 434      D8432D7E 
 434      CA965145 
 434      FC589A1B 
 435 04cc 7EC5029C 		.ascii	"~\305\002\234\313*m\325\331\226|b\312\012Z{\307 \021"
 435      CB2A6DD5 
 435      D9967C62 
 435      CA0A5A7B 
 435      C72011
 436 04df 46BFBBA6 		.ascii	"F\277\273\246\334q\274\342\033c\3072\364\212H\306\024"
 436      DC71BCE2 
 436      1B63C732 
 436      F48A48C6 
 436      14
 437 04f0 1BCB388B 		.ascii	"\033\3138\213\204\324\206\360;\303n\314\357\327\241"
 437      84D486F0 
 437      3BC36ECC 
 437      EFD7A1
 438 04ff 393094DF 		.ascii	"90\224\337\250\307I\230\272)\356!k\226\356!k\330z\217"
 438      A8C74998 
 438      BA29EE21 
 438      6B96EE21 
 438      6BD87A8F 
 439 0513 1B684B74 		.ascii	"\033hKt\303\231\024\316=:2Ul+\216\326\277-C\017\301"
 439      C39914CE 
 439      3D3A3255 
 439      6C2B8ED6 
 439      BF2D430F 
 440 0528 E6A414C3 		.ascii	"\346\244\024\303\032\347\373\307\003\010c\215\020\306"
 440      1AE7FBC7 
 440      0308638D 
 440      10C6
 441 0536 7DE89C60 		.ascii	"}\350\234`a\034\211\272\237\304\341\023X\261!x\261\015"
 441      611C89BA 
 441      9FC4E113 
 441      58B12178 
 441      B10D
 442 0548 213BBA38 		.ascii	"!;\2728\231\303\305\354\332}\353\310\202\032W\262FJ"
 442      99C3C5EC 
 442      DA7DEBC8 
 442      821A57B2 
 442      464A
 443 055a FD6C8786 		.ascii	"\375l\207\206\001]\240\031\331\220;\350\202\353\330"
ARM GAS  /tmp/ccDrN2na.s 			page 35


 443      015DA019 
 443      D9903BE8 
 443      82EBD8
 444 0569 B584EC85 		.ascii	"\265\204\354\205\004\204\255\254\2217\226v\300\300\346"
 444      0484ADAC 
 444      91379676 
 444      C0C0E6
 445 0578 E897D06C 		.ascii	"\350\227\320l\311h\355\320\341\363\354Z}mC\213\206]"
 445      C968EDD0 
 445      E1F3EC5A 
 445      7D6D438B 
 445      865D
 446 058a 7B934007 		.ascii	"{\223@\007\253\277\306\355\354R\315\211\230\011\214"
 446      ABBFC6ED 
 446      EC52CD89 
 446      98098C
 447 0599 2FB246C5 		.ascii	"/\262F\305DB\242\001_f\014$\035\251<\353\274\032-8\253"
 447      4442A201 
 447      5F660C24 
 447      1DA93CEB 
 447      BC1A2D38 
 448 05ae 46D6BE61 		.ascii	"F\326\276a\232\227\363\300\327\313\245\005/\265\255"
 448      9A97F3C0 
 448      D7CBA505 
 448      2FB5AD
 449 05bd 275D8FAF 		.ascii	"']\217\257+\375\362b~\245\316\014\336seM\037h\316\246"
 449      2BFDF262 
 449      7EA5CE0C 
 449      DE73654D 
 449      1F68CEA6 
 450 05d1 4DDC76C7 		.ascii	"M\334v\307}\014\032w\317\332\200\361-\326\350\237\037"
 450      7D0C1A77 
 450      CFDA80F1 
 450      2DD6E89F 
 450      1F
 451 05e2 2E76C713 		.ascii	".v\307\023\254\3211ya\322\035?f\215\346\323\321\267"
 451      ACD13179 
 451      61D21D3F 
 451      668DE6D3 
 451      D1B7
 452 05f4 5CF01C6B 		.ascii	"\\\360\034k,tU\237t\305ajV\315\013\017\374\037\336\307"
 452      2C74559F 
 452      74C5616A 
 452      56CD0B0F 
 452      FC1FDEC7 
 453 0608 CEFBF6B5 		.ascii	"\316\373\366\265\2351\340\004\326\210\274>^\216q&k\210"
 453      9D31E004 
 453      D688BC3E 
 453      5E8E7126 
 453      6B88
 454 061a 2EAC602E 		.ascii	".\254`.\0245_:\357\206\013\331\265\244\321\222\0315"
 454      14355F3A 
 454      EF860BD9 
 454      B5A4D192 
 454      1935
 455 062c AE620D31 		.ascii	"\256b\0151\325V\260TK\274\272{J\207\353\330\265\210"
 455      D556B054 
ARM GAS  /tmp/ccDrN2na.s 			page 36


 455      4BBCBA7B 
 455      4A87EBD8 
 455      B588
 456 063e 933703F0 		.ascii	"\2237\003\360\031v~`l\244_\217[Y\243\354L\342\015\035"
 456      19767E60 
 456      6CA45F8F 
 456      5B59A3EC 
 456      4CE20D1D 
 457 0652 EE648DBA 		.ascii	"\356d\215\272\234\266\373\302\326TF\026\331\251\350"
 457      9CB6FBC2 
 457      D6544616 
 457      D9A9E8
 458 0661 E1AB7A61 		.ascii	"\341\253za\221\375\033\271Ez\234v\330\023_e\340\330"
 458      91FD1BB9 
 458      457A9C76 
 458      D8135F65 
 458      E0D8
 459 0673 9ECE18B5 		.ascii	"\236\316\030\265pW@\266\252\224\374\366\026\235\363"
 459      705740B6 
 459      AA94FCF6 
 459      169DF3
 460 0682 BB82044E 		.ascii	"\273\202\004N\270+8\302\321\334\033\034\217\031\367"
 460      B82B38C2 
 460      D1DC1B1C 
 460      8F19F7
 461 0691 906F9A64 		.ascii	"\220o\232d\005\335\006\370-\012O\344\274\304A\200^\361"
 461      05DD06F8 
 461      2D0A4FE4 
 461      BCC44180 
 461      5EF1
 462 06a3 307A6254 		.ascii	"0zbT\203\226\257\222\377|\350\177E\335\212\347\274Q"
 462      8396AF92 
 462      FF7CE87F 
 462      45DD8AE7 
 462      BC51
 463 06b5 1C47C627 		.ascii	"\034G\306'q\254h\035\347|\320Qn\025\312\006\311\001"
 463      71AC681D 
 463      E77CD051 
 463      6E15CA06 
 463      C901
 464 06c7 C9072900 		.ascii	"\311\007)\000\311\003I\003\311\004I\006\311\000I\001"
 464      C9034903 
 464      C9044906 
 464      C9004901 
 465 06d7 49072904 		.ascii	"I\007)\0049\001\222\013r\014$\025$\213c\205\216m?Cc"
 465      3901920B 
 465      720C2415 
 465      248B6385 
 465      8E6D3F43 
 466 06ec C1A965A3 		.ascii	"\301\251e\243<\037g\240\2130\212\303\324\240m\275\315"
 466      3C1F67A0 
 466      8B308AC3 
 466      D4A06DBD 
 466      CD
 467 06fd 2CD98112 		.ascii	",\331\201\022Z\015|\254?EG\330\243\247\226\240+$\364"
 467      5A0D7CAC 
 467      3F4547D8 
ARM GAS  /tmp/ccDrN2na.s 			page 37


 467      A3A796A0 
 467      2B24F4
 468 0710 2E7B34CF 		.ascii	".{4\317\331\243\373Z0\333\335H\202\317!\206W\356n\317"
 468      D9A3FB5A 
 468      30DBDD48 
 468      82CF2186 
 468      57EE6ECF 
 469 0724 65F08616 		.ascii	"e\360\206\0267\262q\022\276\017\011\312\205j\247\330"
 469      37B27112 
 469      BE0F09CA 
 469      856AA7D8 
 470 0734 0801591E 		.ascii	"\010\001Y\036i`{\025q$\314\261#2x\222\344\365,\262\003"
 470      69607B15 
 470      7124CCB1 
 470      23327892 
 470      E4F52CB2 
 471 0749 DF4576E0 		.ascii	"\337Ev\340\371\026\0338\3221!2p\277<\302\275\234]\204"
 471      F9161B38 
 471      D2312132 
 471      70BF3CC2 
 471      BD9C5D84 
 472 075d 33F65B72 		.ascii	"3\366[r\325\037H\200\220B\350\260\200\025\023\013\356"
 472      D51F4880 
 472      9042E8B0 
 472      8015130B 
 472      EE
 473 076e 40ED5437 		.ascii	"@\355T7Il\304:`\343-\011\331-!\017:@\326\311(N\227\023"
 473      496CC43A 
 473      60E32D09 
 473      D92D210F 
 473      3A40D6C9 
 474 0786 B7DB3EBC 		.ascii	"\267\333>\274a\331|\263\002U\317\266j@\311\267j\246"
 474      61D97CB3 
 474      0255CFB6 
 474      6A40C9B7 
 474      6AA6
 475 0798 EBA85C57 		.ascii	"\353\250\\W\270c]\262xn\264\340Dz;B\374\334\347\300"
 475      B8635DB2 
 475      786EB4E0 
 475      447A3B42 
 475      FCDCE7C0 
 476 07ac CF684E02 		.ascii	"\317hN\002_\221B:\340\000\032#\203^\223\240\373\035"
 476      5F91423A 
 476      E0001A23 
 476      835E93A0 
 476      FB1D
 477 07be 40E5F998 		.ascii	"@\345\371\230*\367x\217\275\307we\321\223}\346\356\265"
 477      2AF7788F 
 477      BDC77765 
 477      D1937DE6 
 477      EEB5
 478 07d0 05173C4E 		.ascii	"\005\027<Nk\012\327\2220\232b\260\277\031\021\0275*"
 478      6B0AD792 
 478      309A62B0 
 478      BF191117 
 478      352A
 479 07e2 81B5FC8F 		.ascii	"\201\265\374\217Z\327l\036j[\351FQ\014F\2128\333FA\246"
ARM GAS  /tmp/ccDrN2na.s 			page 38


 479      5AD76C1E 
 479      6A5BE946 
 479      510C468A 
 479      38DB4641 
 480 07f7 85FA9A75 		.ascii	"\205\372\232u\374\34097\305\266_\314\311o`J9q\333\357"
 480      FCE03937 
 480      C5B65FCC 
 480      C96F604A 
 480      3971DBEF 
 481 080b 2CC9F967 		.ascii	",\311\371gV\033sH!=t\2446\327\223\025\322\214\237\220"
 481      561B7348 
 481      213D74A4 
 481      36D79315 
 481      D28C9F90 
 482 081f A7ABD985 		.ascii	"\247\253\331\205N5~@\203\366\030\337\377\352\200\032"
 482      4E357E40 
 482      83F618DF 
 482      FFEA801A 
 483 082f AD5A2EAF 		.ascii	"\255Z.\257k\214\310\227\"\221p?\201F`IU9\231z\005_\345"
 483      6B8CC897 
 483      2291703F 
 483      81466049 
 483      5539997A 
 484 0846 C057195D 		.ascii	"\300W\031]\233U\002Y\215@\326i\010\266\001\344$\210"
 484      9B550259 
 484      8D40D669 
 484      08B601E4 
 484      2488
 485 0858 15A416A4 		.ascii	"\025\244\026\244\016\244\006\244\011\244\036\244\032"
 485      0EA406A4 
 485      09A41EA4 
 485      1A
 486 0865 A412E494 		.ascii	"\244\022\344\224\274\330Y\237K\313\372\236\275\017w"
 486      BCD8599F 
 486      4BCBFA9E 
 486      BD0F77
 487 0874 9794AE29 		.ascii	"\227\224\256)\011\375\330\036\275d]\017H\340'\366\340"
 487      09FDD81E 
 487      BD645D0F 
 487      48E027F6 
 487      E0
 488 0885 197B705F 		.ascii	"\031{p_\253,\263_\010py\016\332\212\034\314d\332\373"
 488      AB2CB35F 
 488      0870790E 
 488      DA8A1CCC 
 488      64DAFB
 489 0898 6209A8E0 		.ascii	"b\011\250\340\030\322V\002\206\227\370<$O\330Y\307\216"
 489      18D25602 
 489      8697F83C 
 489      244FD859 
 489      C78E
 490 08aa C8F1B392 		.ascii	"\310\361\263\222\333\217\0343\"_\220\255v\325\271jI"
 490      DB8F1C33 
 490      225F90AD 
 490      76D5B96A 
 490      49
 491 08bb 75969782 		.ascii	"u\226\227\202\253\255\264\024T9*\0053r?\247\035\263"
ARM GAS  /tmp/ccDrN2na.s 			page 39


 491      ABADB414 
 491      54392A05 
 491      33723FA7 
 491      1DB3
 492 08cd 2BF7B3A7 		.ascii	"+\367\263\247U\300Cb\242W\366x\373j\337/\347\367\231"
 492      55C04362 
 492      A257F678 
 492      FB6ADF2F 
 492      E7F799
 493 08e0 037E9F8A 		.ascii	"\003~\237\212kv\254\273`D\217\247\331\232\215\314\310"
 493      6B76ACBB 
 493      60448FA7 
 493      D99A8DCC 
 493      C8
 494 08f1 7AB4E401 		.ascii	"z\264\344\001B\314A\324\014\251\367C\323Px\234\351\240"
 494      42CC41D4 
 494      0CA9F743 
 494      D350789C 
 494      E9A0
 495 0903 6BF32C28 		.ascii	"k\363,(;#\255\315*qmf'\215\316#\305\332<\253X\233\347"
 495      3B23ADCD 
 495      2A716D66 
 495      278DCE23 
 495      C5DA3CAB 
 496 091a D8DA2447 		.ascii	"\330\332$G@\277\2528\377\302\243\037\036c8\350ZF\255"
 496      40BFAA38 
 496      FFC2A31F 
 496      1E6338E8 
 496      5A46AD
 497 092d 20C4FE23 		.ascii	" \304\376#**&\264\251\222\376l]H\004\012mN<U\331\224"
 497      2A2A26B4 
 497      A992FE6C 
 497      5D48040A 
 497      6D4E3C55 
 498 0943 D13F71FC 		.ascii	"\321?q\374\242\370\243J$\355H\030\304\332\302`\025\022"
 498      A2F8A34A 
 498      24ED4818 
 498      C4DAC260 
 498      1512
 499 0955 DA9C6400 		.ascii	"\332\234d\000\261\2468@\246\217\271+\250\223|\266\305"
 499      B1A63840 
 499      A68FB92B 
 499      A8937CB6 
 499      C5
 500 0966 84C4E7BE 		.ascii	"\204\304\347\276\346\230\213\303Z\374\204\335\276Ug"
 500      E6988BC3 
 500      5AFC84DD 
 500      BE5567
 501 0975 2EDE7153 		.ascii	".\336qSs\354q\013mR\223\276\326\313\315\331:\332\007"
 501      73EC710B 
 501      6D5293BE 
 501      D6CBCDD9 
 501      3ADA07
 502 0988 0FA7AD1C 		.ascii	"\017\247\255\034\355;\332s;\326U/<\032\305~\367\313"
 502      ED3BDA73 
 502      3BD6552F 
 502      3C1AC57E 
ARM GAS  /tmp/ccDrN2na.s 			page 40


 502      F7CB
 503 099a 907B03B5 		.ascii	"\220{\003\265\363\006\305<\264s\362\373\300\016[\215"
 503      F306C53C 
 503      B473F2FB 
 503      C00E5B8D 
 504 09aa 6CAC8CEF 		.ascii	"l\254\214\357s\241\326\240\017\2651sm]a{\231\013\344"
 504      73A1D6A0 
 504      0FB53173 
 504      6D5D617B 
 504      990BE4
 505 09bd 51BD9375 		.ascii	"Q\275\223u>o\212_\364\024\375\352b}\247\366u\3340\274"
 505      3E6F8A5F 
 505      F414FDEA 
 505      627DA7F6 
 505      75DC30BC 
 506 09d1 9E20DC6E 		.ascii	"\236 \334n\256T\223K\222\225\213\334\353\344u\003\247"
 506      AE54934B 
 506      92958BDC 
 506      EBE47503 
 506      A7
 507 09e2 66A622F2 		.ascii	"f\246\"\362\357\227{\376$\203\317(\343\207\223'\202"
 507      EF977BFE 
 507      2483CF28 
 507      E3879327 
 507      82
 508 09f3 AF54F0FC 		.ascii	"\257T\360\374^\030\250&8\324\"e\023\234\222\303y\256"
 508      5E18A826 
 508      38D42265 
 508      139C92C3 
 508      79AE
 509 0a05 1F28BCC4 		.ascii	"\037(\274\304\221R\035U\230~\211\303)\032J\332\245\375"
 509      91521D55 
 509      987E89C3 
 509      291A4ADA 
 509      A5FD
 510 0a17 BD11CC3B 		.ascii	"\275\021\314;H#\201\264\364\273c5\032\033\221\227\231"
 510      482381B4 
 510      F4BB6335 
 510      1A1B9197 
 510      99
 511 0a28 7723917C 		.ascii	"w#\221|>\347\324\273\253\324\273+\242w\003\003\027N"
 511      3EE7D4BB 
 511      ABD4BB2B 
 511      A2770303 
 511      174E
 512 0a3a 60E69D35 		.ascii	"`\346\2355\305(x\006\030\324-y\326-\367\354\032\365"
 512      C5287806 
 512      18D42D79 
 512      D62DF7EC 
 512      1AF5
 513 0a4c ECF2F388 		.ascii	"\354\362\363\210N\035.`\236\335\\\034/\321.\027\326"
 513      4E1D2E60 
 513      9EDD5C1C 
 513      2FD12E17 
 513      D6
 514 0a5d A0D5E943 		.ascii	"\240\325\351C\274\312\351\023<\3508XP9\351\256\230\272"
 514      BCCAE913 
ARM GAS  /tmp/ccDrN2na.s 			page 41


 514      3CE83858 
 514      5039E9AE 
 514      98BA
 515 0a6f EB8A2574 		.ascii	"\353\212%t\3036u\223\011\331\033i\3107l4\224\315\325"
 515      C3367593 
 515      09D91B69 
 515      C8376C34 
 515      94CDD5
 516 0a82 E528226E 		.ascii	"\345(\"nQ<\021\367\321\220{\305\220'ZnUh!\344a\010y"
 516      513C11F7 
 516      D1907BC5 
 516      90275A6E 
 516      556821E4 
 517 0a99 9A55299E 		.ascii	"\232U)\236\337\345E`\250G\212\272G\036\365M\032ujA}"
 517      DFE54560 
 517      A8478ABA 
 517      471EF54D 
 517      1A756A41 
 518 0aae A51637B1 		.ascii	"\245\0267\261\250/\224\336\333\247\305\347Y\243,u\254"
 518      A82F94DE 
 518      DBA7C5E7 
 518      59A32C75 
 518      AC
 519 0abf 834C0E1A 		.ascii	"\203L\016\032\240\243H\317.\353\011w\334\301.g\345\036"
 519      A0A348CF 
 519      2EEB0977 
 519      DCC12E67 
 519      E51E
 520 0ad1 BBE24A2E 		.ascii	"\273\342J.\177\003\227\321 \233\247\222\242\227ez\032"
 520      7F0397D1 
 520      209BA792 
 520      A297657A 
 520      1A
 521 0ae2 C9A7AFD1 		.ascii	"\311\247\257\321!\355G\017\345\263\031&og\207\031\352"
 521      21ED470F 
 521      E5B31926 
 521      6F678719 
 521      EA
 522 0af3 E67CFC1C 		.ascii	"\346|\374\034\313\324?\031\320-\326\027\335\327\024"
 522      CBD43F19 
 522      D02DD617 
 522      DDD714
 523 0b02 A7A57D1B 		.ascii	"\247\245}\033\015\3506\353\273\276{\377S\2177\256h\322"
 523      0DE836EB 
 523      BBBE7BFF 
 523      538F37AE 
 523      68D2
 524 0b14 791796E1 		.ascii	"y\027\226\341\311\367*\325\0243\312\275A{\236\336\216"
 524      C9F72AD5 
 524      1433CABD 
 524      417B9EDE 
 524      8E
 525 0b25 89D7E16B 		.ascii	"\211\327\341k\314\243\351\364\231\343D\005\032\203\210"
 525      CCA3E9F4 
 525      99E34405 
 525      1A8388
 526 0b34 EF106AC8 		.ascii	"\357\020j\310#\346@r\203\006\0170DabN7\015\351.\361"
ARM GAS  /tmp/ccDrN2na.s 			page 42


 526      23E64072 
 526      83060F30 
 526      4461624E 
 526      370DE92E 
 527 0b49 799C5979 		.ascii	"y\234Yy\03131\342&gz\243\35555\272\007\0204A\271\036"
 527      193331E2 
 527      26677AA3 
 527      ED3535BA 
 527      07103441 
 528 0b5f 11B9EE3D 		.ascii	"\021\271\356=\035\375XG\270\216\205\344\177\2643,;\302"
 528      1DFD5847 
 528      B88E85E4 
 528      7FB4332C 
 528      3BC2
 529 0b71 1ABB8BC7 		.ascii	"\032\273\213\307\275?\"@\324/\262\215\20685i\261\302"
 529      BD3F2240 
 529      D42FB28D 
 529      86383569 
 529      B1C2
 530 0b83 719F92DD 		.ascii	"q\237\222\335\330\2657\335\035\027h\221\222+Hf6\351"
 530      D8B537DD 
 530      1D176891 
 530      922B4866 
 530      36E9
 531 0b95 B1A59991 		.ascii	"\261\245\231\221\266\033\242p\247\357\314\311\012\254"
 531      B61BA270 
 531      A7EFCCC9 
 531      0AAC
 532 0ba3 287D88E9 		.ascii	"(}\210\351\340\207\2202\017\004^[\273\302\265\216j\213"
 532      E0879032 
 532      0F045E5B 
 532      BBC2B58E 
 532      6A8B
 533 0bb5 C357FEE4 		.ascii	"\303W\376\344=D\341\330u\017E\206N)\212\313\264-C/\325"
 533      3D44E1D8 
 533      750F4586 
 533      4E298ACB 
 533      B42D432F 
 534 0bca 4D3D7055 		.ascii	"M=pUx\346\014\031w,\255\305\225z\366\030<{\304<k\312"
 534      78E60C19 
 534      772CADC5 
 534      957AF618 
 534      3C7BC43C 
 535 0be0 EEB46AE4 		.ascii	"\356\264j\344\034k\345\203g)\3013\"\301\307f\037wk\010"
 535      1C6BE583 
 535      6729C133 
 535      22C1C766 
 535      1F776B08 
 536 0bf4 C13C3F7C 		.ascii	"\301<?|ufCQ\021\020\214(\012MJ\271<)R\373\204R\333}"
 536      75664351 
 536      11108C28 
 536      0A4D4AB9 
 536      3C2952FB 
 537 0c0c 2BF621C2 		.ascii	"+\366!\302\317\264NRW\231\255\317\276W\266\276`\250"
 537      CFB44E52 
 537      5799ADCF 
 537      BE57B6BE 
ARM GAS  /tmp/ccDrN2na.s 			page 43


 537      60A8
 538 0c1e 89BAE616 		.ascii	"\211\272\346\026F5\004\211\346Xgn\315\330#VB\311\014"
 538      46350489 
 538      E658676E 
 538      CDD82356 
 538      42C90C
 539 0c31 BD649D8D 		.ascii	"\275d\235\215O\006\33391\275\250\302\271\232\210.E\334"
 539      4F06DB39 
 539      31BDA8C2 
 539      B99A882E 
 539      45DC
 540 0c43 B2F9440B 		.ascii	"\262\371D\013$\271^\321\330\347\305\330;\0374>7\330"
 540      24B95ED1 
 540      D8E7C5D8 
 540      3B1F343E 
 540      37D8
 541 0c55 92EB2FE1 		.ascii	"\222\353/\341BrM\275F\200\350\251-\271\236Cr=\025\031"
 541      42724DBD 
 541      4680E8A9 
 541      2DB99E43 
 541      723D1519 
 542 0c69 58A40CBC 		.ascii	"X\244\014\274\030i.\367\300\213\214\201=\211\321]\030"
 542      18692EF7 
 542      C08B8C81 
 542      3D89D15D 
 542      18
 543 0c7a 47E868A3 		.ascii	"G\350h\243 \241h\332@\374\332\205\005\277n\017\0378"
 543      20A168DA 
 543      40FCDA85 
 543      05BF6E0F 
 543      1F38
 544 0c8c 8E448250 		.ascii	"\216D\202P\030fE6\242\247\311\315\306\321n\326\331\336"
 544      18664536 
 544      A2A7C9CD 
 544      C6D16ED6 
 544      D9DE
 545 0c9e DC192645 		.ascii	"\334\031&E\277\311I\234'\216\036\373\265<\314j\251X"
 545      BFC9499C 
 545      278E1EFB 
 545      B53CCC6A 
 545      A958
 546 0cb0 A1085084 		.ascii	"\241\010P\204\"1\011s\017\026\302L\032\352M\022\302"
 546      22310973 
 546      0F16C24C 
 546      1AEA4D12 
 546      C2
 547 0cc1 B4C61B93 		.ascii	"\264\306\033\223\371\263\341\374~~\331\004Gp\210\307"
 547      F9B3E1FC 
 547      7E7ED904 
 547      477088C7 
 548 0cd1 6294E158 		.ascii	"b\224\341XMZ,\312(L\242L\356\215+\344\360>\235\323\375"
 548      4D5A2CCA 
 548      284CA24C 
 548      EE8D2BE4 
 548      F03E9DD3 
 549 0ce6 E35CD740 		.ascii	"\343\\\327@\265\207\270\254\242Y\020\326#1\032\034G"
 549      B587B8AC 
ARM GAS  /tmp/ccDrN2na.s 			page 44


 549      A25910D6 
 549      23311A1C 
 549      47
 550 0cf7 C770DF84 		.ascii	"\307p\337\204W\374F\372t4\266!\251\201\347W\242\003"
 550      57FC46FA 
 550      7434B621 
 550      A981E757 
 550      A203
 551 0d09 189EC3B0 		.ascii	"\030\236\303\260-\271\212\234}\262\210\301\216W\322"
 551      2DB98A9C 
 551      7DB288C1 
 551      8E57D2
 552 0d18 9D92AE08 		.ascii	"\235\222\256\010e\255'\032\245\024?\210\305\365Qv\373"
 552      65AD271A 
 552      A5143F88 
 552      C5F55176 
 552      FB
 553 0d29 6613F30F 		.ascii	"f\023\363\017\372\320>\346\340\374\313\270<E\236\220"
 553      FAD03EE6 
 553      E0FCCBB8 
 553      3C459E90 
 554 0d39 6BD2E843 		.ascii	"k\322\350C\224\275X\221\275\361\270\262L\017\266@\254"
 554      94BD5891 
 554      BDF1B8B2 
 554      4C0FB640 
 554      AC
 555 0d4a F507A1DA 		.ascii	"\365\007\241\332\237U\023\010\332+\005\260Wd-\216\262"
 555      9F551308 
 555      DA2B05B0 
 555      57642D8E 
 555      B2
 556 0d5b D6BAE76E 		.ascii	"\326\272\347n\216r\241\223\267\353\222\201x\346\036"
 556      8E72A193 
 556      B7EB9281 
 556      78E61E
 557 0d6a 39126F9E 		.ascii	"9\022o\236^\316P\276X&\225MB\037\026\320\207)\272\267"
 557      5ECE50BE 
 557      5826954D 
 557      421F16D0 
 557      8729BAB7 
 558 0d7e A16B16DB 		.ascii	"\241k\026\333\026\015\233\204\375w\206*4\212r\361\341"
 558      160D9B84 
 558      FD77862A 
 558      348A72F1 
 558      E1
 559 0d8f 6B32057F 		.ascii	"k2\005\177\022\311\210~\2305\311\306&@\300G\260\223"
 559      12C9887E 
 559      9835C9C6 
 559      2640C047 
 559      B093
 560 0da1 C19FCA07 		.ascii	"\301\237\312\007o\224}d\334\323\333\333\313\022 \011"
 560      6F947D64 
 560      DCD3DBDB 
 560      CB122009 
 561 0db1 C627B2F1 		.ascii	"\306'\262\361\243UW\026<\276\255\240\247P:\223)\235"
 561      A3555716 
 561      3CBEADA0 
ARM GAS  /tmp/ccDrN2na.s 			page 45


 561      A7503A93 
 561      299D
 562 0dc3 A44114C5 		.ascii	"\244A\024\305\024'\222Ws\033\330\273c\035Q35W\243f]"
 562      14279257 
 562      731BD8BB 
 562      631D5133 
 562      3557A366 
 563 0dd8 44D54EE8 		.ascii	"D\325N\350\032J<k\345p\022K\276\232\274c\367\220\217"
 563      1A4A3C6B 
 563      E570124B 
 563      BE9ABC63 
 563      F7908F
 564 0deb EC732C00 		.ascii	"\354s,\000\217b\333\327X@,\366\247\\w\025_\341\305*"
 564      8F62DBD7 
 564      58402CF6 
 564      A75C7715 
 564      5FE1C52A 
 565 0dff 5F211F83 		.ascii	"_!\037\203D\332 \344Q\032\366F\251\030:\3231\371\004"
 565      44DA20E4 
 565      511AF646 
 565      A9183AD3 
 565      31F904
 566 0e12 C90FBC78 		.ascii	"\311\017\274x\211\344\257\362\310\035\237\343\357_("
 566      89E4AFF2 
 566      C81D9FE3 
 566      EF5F28
 567 0e21 037B11BF 		.ascii	"\003{\021\277\312\312\237i\234\277+\314\304\302\273"
 567      CACA9F69 
 567      9CBF2BCC 
 567      C4C2BB
 568 0e30 C26296AC 		.ascii	"\302b\226\254\3559u\363\006\3668\255!\273~Fw\204\342"
 568      ED3975F3 
 568      06F638AD 
 568      21BB7E46 
 568      7784E2
 569 0e43 D52149F0 		.ascii	"\325!I\360hx\342\310\302dt6\366\022u\320\006\214\310"
 569      6878E2C8 
 569      C2647436 
 569      F61275D0 
 569      068CC8
 570 0e56 BB917653 		.ascii	"\273\221vS'\274\253$\032\356\326\214\306x:\267\237+"
 570      27BCAB24 
 570      1AEED68C 
 570      C6783AB7 
 570      9F2B
 571 0e68 DACFC1D4 		.ascii	"\332\317\301\324\376h\356h\206\360\026\230\327B\373"
 571      FE68EE68 
 571      86F01698 
 571      D742FB
 572 0e77 6C4C5B91 		.ascii	"lL[\221Vx/J\336\022\237\231n\177\254\261w\350\004\220"
 572      56782F4A 
 572      DE129F99 
 572      6E7FACB1 
 572      77E80490 
 573 0e8b 749C3A94 		.ascii	"t\234:\224G\035\312e\016\345Q\207j\322s\272]\025\031"
 573      471DCA65 
 573      0EE55187 
ARM GAS  /tmp/ccDrN2na.s 			page 46


 573      6AD273BA 
 573      5D1519
 574 0e9e 4BD683E4 		.ascii	"K\326\203\344A\276\220\261\3714cs\252\277\231V\336S"
 574      41BE90B1 
 574      F9346373 
 574      AABF9956 
 574      DE53
 575 0eb0 831619BA 		.ascii	"\203\026\031\272@@\027P4\377\244(Y\211\216T\350.\024"
 575      40401750 
 575      34FFA428 
 575      59898E54 
 575      E82E14
 576 0ec3 D085143D 		.ascii	"\320\205\024=u~\376\270\022\375J\261v\212\004t\021E"
 576      757EFEB8 
 576      12FD4AB1 
 576      768A0474 
 576      1145
 577 0ed5 1FCE1D98 		.ascii	"\037\316\035\230\306\012t\266\302\223b\001]\354t\245"
 577      C60A74B6 
 577      C2936201 
 577      5DEC74A5 
 578 0ee5 CD473EEA 		.ascii	"\315G>\3524\330\266\333\022\266\002\346\212\323\333"
 578      34D8B6DB 
 578      12B602E6 
 578      8AD3DB
 579 0ef4 9062057D 		.ascii	"\220b\005}\313\207\372K=\273\263\331\235W\031\254\241"
 579      CB87FA4B 
 579      3DBBB3D9 
 579      9D5719AC 
 579      A1
 580 0f05 52A6816F 		.ascii	"R\246\201o\253\354\364\370\326\215\253\202.\242r\266"
 580      ABECF4F8 
 580      D68DAB82 
 580      2EA272B6 
 581 0f15 882AE822 		.ascii	"\210*\350\":\266P\377\357\212`f\025\241W\012\301T\322"
 581      3AB650FF 
 581      EF8A6066 
 581      15A1570A 
 581      C154D2
 582 0f28 60FA53CE 		.ascii	"`\372S\316\024{\350\205O\017\261\337\375!\024U\301\204"
 582      147BE885 
 582      4F0FB1DF 
 582      FD211455 
 582      C184
 583 0f3a BBFCE1C3 		.ascii	"\273\374\341\303\215+\337\376\325\257T\352\200`\177"
 583      8D2BDFFE 
 583      D5AF54EA 
 583      80607F
 584 0f49 93D61CF2 		.ascii	"\223\326\034\3627\243\237\345\317\276;\314&\337M!\241"
 584      37A39FE5 
 584      CFBE3BCC 
 584      26DF4D21 
 584      A1
 585 0f5a BE9B0302 		.ascii	"\276\233\003\002\326\372\233\266\256\015\335\026j\\"
 585      D6FA9BB6 
 585      AE0DDD16 
 585      6A5C
ARM GAS  /tmp/ccDrN2na.s 			page 47


 586 0f68 6BF4DF14 		.ascii	"k\364\337\024\262\366\347~?[\373\3237\327\377\342\257"
 586      B2F6E77E 
 586      3F5BFBD3 
 586      37D7FFE2 
 586      AF
 587 0f79 3FF5DD12 		.ascii	"?\365\335\022\262\211\000|\025\000\337\237\257\373\331"
 587      B289007C 
 587      1500DF9F 
 587      AFFBD9
 588 0f88 BAF5BE21 		.ascii	"\272\365\276!\241\001[v\004\032}\315\226\300@c\320\272"
 588      A1015B76 
 588      041A7DCD 
 588      96C04063 
 588      D0BA
 589 0f9a 6095DAF2 		.ascii	"`\225\332\362\325v"
 589      D576
 590 0fa0 A32ED0DF 		.ascii	"\243.\320\337\342\377\2011TM\216\256~~;BB-\277\364\263"
 590      E2FF8131 
 590      544D8EAE 
 590      7E7E3B42 
 590      422DBFF4 
 591 0fb5 6CFC7EF6 		.ascii	"l\374~\366\224vD\013[\375\003\202CB\215\276~`\307\177"
 591      9476440B 
 591      5BFD0382 
 591      43428DBE 
 591      7E60C77F 
 592 0fc9 C7168B1F 		.ascii	"\307\026\213\0371d\006\213:A\373\373?D\273\371+\263"
 592      3164068B 
 592      3A41FBFB 
 592      3F44BBF9 
 592      2BB3
 593 0fdb AF1F0401 		.ascii	"\257\037\004\001\252\210J\377\300@\223\321l\3263\327"
 593      AA884AFF 
 593      C04093D1 
 593      6CD633D7 
 594 0feb D7FFC2CF 		.ascii	"\327\377\302\317\342b;\011\0106\006|n\336\261\365G\201"
 594      E2623B09 
 594      0836067C 
 594      6EDEB1F5 
 594      4781
 595 0ffd A6902F   		.ascii	"\246\220/"
 596 1000 8C26B36F 		.ascii	"\214&\263o\320\026\177s\260oH\260q'\014\325\277\367"
 596      D0167F73 
 596      B06F48B0 
 596      71270CD5 
 596      BFF7
 597 1012 47E3CE8F 		.ascii	"G\343\316\217\215\001\333L\201\272\300\020\223\337v"
 597      8D01DB4C 
 597      81BAC010 
 597      93DF76
 598 1021 8B49FDBB 		.ascii	"\213I\375\273\377\371\344\367+\202\374-Af_\263)\000"
 598      FFF9E4F7 
 598      2B82FC2D 
 598      41665FB3 
 598      2900
 599 1033 6C5A8C9B 		.ascii	"lZ\214\233\215&\000\273\020\204\331\030`\321\274\363"
 599      8D2600BB 
ARM GAS  /tmp/ccDrN2na.s 			page 48


 599      1084D918 
 599      60D1BCF3 
 600 1043 D9471FBF 		.ascii	"\331G\037\277\243\011\244\347\340\221\331\2425\323\203"
 600      A309A4E7 
 600      E091D9A2 
 600      35D383
 601 1052 26884C95 		.ascii	"&\210L\225:\010\324`\243\311\244\006[\233\271\220@5"
 601      3A08D460 
 601      A3C9A406 
 601      5B9BB990 
 601      4035
 602 1064 81734166 		.ascii	"\201sAf\335\227!\241d\214\013!z\223\277\331Hl\322#\230"
 602      DD9721A1 
 602      648C0B21 
 602      7A93BFD9 
 602      486CD223 
 603 1079 A3C72FB6 		.ascii	"\243\307/\266m!G\227P?\3501\206Z\364A&\243\321\217\352"
 603      6D214797 
 603      503FE831 
 603      865AF441 
 603      26A3D18F 
 604 108e D683DF16 		.ascii	"\326\203\337\026v\352\032\352g\332\266\015\3027\271"
 604      76EA1AEA 
 604      67DAB60D 
 604      C237B9
 605 109d 80413F62 		.ascii	"\200A?bE\363%\371\257\245\343\314\232\000\342\006\016"
 605      45F325F9 
 605      AFA5E3CC 
 605      9A00E206 
 605      0E
 606 10ae 347DA10B 		.ascii	"4}\241\0132S\3461X\366\224b\012\"s\257y\367\267\237"
 606      3253E631 
 606      58F69462 
 606      0A2273AF 
 606      79F7B79F 
 607 10c2 BCFB67BC 		.ascii	"\274\373g\274iG\020~\367\275\017<>4~\351'\261\341\210"
 607      6947107E 
 607      F7BD0F3C 
 607      3E347EE9 
 607      27B1E188 
 608 10d6 AE0095E7 		.ascii	"\256\000\225\347\307F\377@\031j\371\333\002\273\262"
 608      C746FF40 
 608      196AF9DB 
 608      02BBB2
 609 10e5 3EED56E3 		.ascii	">\355V\343\326\200\355_\251\267\030\375\203t\241\333"
 609      D680ED5F 
 609      A9B718FD 
 609      8374A1DB 
 610 10f5 2CC1A66D 		.ascii	",\301\246m_\242\365\272\240\320\225\346\355\306\000"
 610      5FA2F5BA 
 610      A0D095E6 
 610      EDC600
 611 1104 E8090DDD 		.ascii	"\350\011\015\335\261e\313\357\177\320\364[L!\241\233"
 611      B165CBEF 
 611      7FD0F45B 
 611      4C21A19B 
 612 1114 21042D9C 		.ascii	"!\004-\234Y\266\375Pe\201\260dH\032\201\262P\360\234"
ARM GAS  /tmp/ccDrN2na.s 			page 49


 612      59B6FD50 
 612      6581B064 
 612      481A81B2 
 612      50F09C
 613 1127 28DD02AB 		.ascii	"(\335\002\253a\373\016\223Q\033\344\267\331\010\204"
 613      61FB0E93 
 613      511BE4B7 
 613      D90884
 614 1136 7EF2F61F 		.ascii	"~\362\366\037\177\3731\206T\370\177\354\341\355\255"
 614      7FFB3186 
 614      54F87FEC 
 614      E1EDAD
 615              		.text
 616              		.section	.gnu.lto_.symtab.348d914427d998cc,"",%progbits
 617 0000 4E65775F 		.ascii	"New_IHexRecord\000"
 617      49486578 
 617      5265636F 
 617      726400
 618 000f 00       		.ascii	"\000"
 619 0010 00       		.ascii	"\000"
 620 0011 00       		.ascii	"\000"
 621 0012 00000000 		.ascii	"\000\000\000\000\000\000\000\000"
 621      00000000 
 622 001a 4F010000 		.ascii	"O\001\000\000"
 623 001e 52656164 		.ascii	"Read_IHexRecord\000"
 623      5F494865 
 623      78526563 
 623      6F726400 
 624 002e 00       		.ascii	"\000"
 625 002f 00       		.ascii	"\000"
 626 0030 00       		.ascii	"\000"
 627 0031 00000000 		.ascii	"\000\000\000\000\000\000\000\000"
 627      00000000 
 628 0039 54010000 		.ascii	"T\001\000\000"
 629 003d 43686563 		.ascii	"Checksum_IHexRecord\000"
 629      6B73756D 
 629      5F494865 
 629      78526563 
 629      6F726400 
 630 0051 00       		.ascii	"\000"
 631 0052 00       		.ascii	"\000"
 632 0053 00       		.ascii	"\000"
 633 0054 00000000 		.ascii	"\000\000\000\000\000\000\000\000"
 633      00000000 
 634 005c 5A010000 		.ascii	"Z\001\000\000"
 635 0060 73747274 		.ascii	"strtol\000"
 635      6F6C00
 636 0067 00       		.ascii	"\000"
 637 0068 02       		.ascii	"\002"
 638 0069 00       		.ascii	"\000"
 639 006a 00000000 		.ascii	"\000\000\000\000\000\000\000\000"
 639      00000000 
 640 0072 75010000 		.ascii	"u\001\000\000"
 641 0076 665F6765 		.ascii	"f_gets\000"
 641      747300
 642 007d 00       		.ascii	"\000"
 643 007e 02       		.ascii	"\002"
ARM GAS  /tmp/ccDrN2na.s 			page 50


 644 007f 00       		.ascii	"\000"
 645 0080 00000000 		.ascii	"\000\000\000\000\000\000\000\000"
 645      00000000 
 646 0088 92010000 		.ascii	"\222\001\000\000"
 647              		.text
 648              		.section	.gnu.lto_.opts,"",%progbits
 649 0000 272D6666 		.ascii	"'-ffp-contract=off' '-fmath-errno' '-fsigned-zeros'"
 649      702D636F 
 649      6E747261 
 649      63743D6F 
 649      66662720 
 650 0033 20272D66 		.ascii	" '-ftrapping-math' '-fno-trapv' '-fno-openmp' '-fno"
 650      74726170 
 650      70696E67 
 650      2D6D6174 
 650      68272027 
 651 0066 2D6F7065 		.ascii	"-openacc' '-mcpu=cortex-m4' '-mno-thumb-interwork' "
 651      6E616363 
 651      2720272D 
 651      6D637075 
 651      3D636F72 
 652 0099 272D6D74 		.ascii	"'-mthumb' '-ggdb' '-O2' '-fomit-frame-pointer' '-fa"
 652      68756D62 
 652      2720272D 
 652      67676462 
 652      2720272D 
 653 00cc 6C69676E 		.ascii	"lign-functions=16' '-ffunction-sections' '-fdata-se"
 653      2D66756E 
 653      6374696F 
 653      6E733D31 
 653      36272027 
 654 00ff 6374696F 		.ascii	"ctions' '-fno-common' '-flto'\000"
 654      6E732720 
 654      272D666E 
 654      6F2D636F 
 654      6D6D6F6E 
 655              		.text
 656              		.comm	__gnu_lto_v1,1,1
 657              		.comm	__gnu_lto_slim,1,1
 658              		.ident	"GCC: (GNU Tools for ARM Embedded Processors) 5.4.1 20160609 (release) [ARM/embedded-5-bran
ARM GAS  /tmp/ccDrN2na.s 			page 51


DEFINED SYMBOLS
                            *ABS*:00000000 ihex.c
                            *COM*:00000001 __gnu_lto_v1
                            *COM*:00000001 __gnu_lto_slim

NO UNDEFINED SYMBOLS
