ARM GAS  /tmp/ccnnm8Hf.s 			page 1


   1              		.syntax unified
   2              		.cpu cortex-m4
   3              		.fpu softvfp
   4              		.eabi_attribute 20, 1
   5              		.eabi_attribute 21, 1
   6              		.eabi_attribute 23, 3
   7              		.eabi_attribute 24, 1
   8              		.eabi_attribute 25, 1
   9              		.eabi_attribute 26, 1
  10              		.eabi_attribute 30, 2
  11              		.eabi_attribute 34, 1
  12              		.eabi_attribute 18, 4
  13              		.thumb
  14              		.syntax unified
  15              		.file	"ihexhelper.c"
  16              		.text
  17              	.Ltext0:
  18              		.section	.gnu.lto_.profile.437ee28808885365,"",%progbits
  19 0000 789C6361 		.ascii	"x\234ca`d`e`\000\222\275\214^\000\002q\000\344"
  19      60646065 
  19      600092BD 
  19      8C5E0002 
  19      7100E4
  20              		.text
  21              		.section	.gnu.lto_.icf.437ee28808885365,"",%progbits
  22 0000 789C6361 		.ascii	"x\234ca`d\000\001\016\006\004`d\370\267\365N\027'\003"
  22      60640001 
  22      0E060460 
  22      64F8B7F5 
  22      4E172703 
  23 0014 000FEB03 		.ascii	"\000\017\353\0031"
  23      31
  24              		.text
  25              		.section	.gnu.lto_.jmpfuncs.437ee28808885365,"",%progbits
  26 0000 789C6361 		.ascii	"x\234ca`d\000\001+\006\004`d`dd\254g\0012X\030\230*"
  26      60640001 
  26      2B060460 
  26      64606464 
  26      AC670132 
  27 0018 41226C10 		.ascii	"A\"l\020q\026& \011\303,\020\305\310B\014\000F\376\001"
  27      71162620 
  27      09C32C10 
  27      C5C8420C 
  27      0046FE01 
  28 002c 62       		.ascii	"b"
  29              		.text
  30              		.section	.gnu.lto_.inline.437ee28808885365,"",%progbits
  31 0000 789C6361 		.ascii	"x\234ca`d\000\201p\006\004`d\230\303t\206\3417\023#"
  31      60640081 
  31      70060460 
  31      6498C374 
  31      86E13713 
  32 0015 0353C489 		.ascii	"\003S\304\211\365|\014\034\353\324\230@\342,\274@\021"
  32      F57C0C1C 
  32      EBD49840 
  32      E22CBC40 
  32      11
ARM GAS  /tmp/ccnnm8Hf.s 			page 2


  33 0026 86738AAC 		.ascii	"\206s\212\254|\214\014\314\023\374\030&\3701\363010"
  33      7C8C0CCC 
  33      13FC1826 
  33      F831F330 
  33      3130
  34 0038 C229165E 		.ascii	"\302)\026^&\006\246\011~\350\302\314<\214 \212\001\000"
  34      2606A609 
  34      7EE8C2CC 
  34      3C8C208A 
  34      0100
  35 004a D3DA0ED9 		.ascii	"\323\332\016\331"
  36              		.text
  37              		.section	.gnu.lto_.pureconst.437ee28808885365,"",%progbits
  38 0000 789C6361 		.ascii	"x\234ca`d`f`\000\222\226\000\000\221\000C"
  38      60646066 
  38      60009296 
  38      00009100 
  38      43
  39              		.text
  40              		.section	.gnu.lto_flashIHexFile.437ee28808885365,"",%progbits
  41 0000 789C8D56 		.ascii	"x\234\215V}LTW\026\277\347\3367\037\314\274\231af\000"
  41      7D4C5457 
  41      16BFE7DE 
  41      371FCCBC 
  41      99616600 
  42 0014 3FC0AF1A 		.ascii	"?\300\257\032\252\245V\326bR\223\376\263\375c\377\353"
  42      AAA556D6 
  42      625293FE 
  42      B3FD63FF 
  42      EB
  43 0025 6637DBFE 		.ascii	"f7\333\376\263\177\2722\215&fk\240i\366\237\015\017"
  43      B37FBA32 
  43      8D26666B 
  43      A069F69F 
  43      0D0F
  44 0037 86A136BB 		.ascii	"\206\2416\273\315\226\256\265\305\305~\201\261[\213"
  44      CD96AEB5 
  44      C5C57E81 
  44      B15B8B
  45 0046 305AB002 		.ascii	"0Z\260\002\266\017\252+\002b\245jA\261\242\005k?\322"
  45      B60FAA2B 
  45      0262A56A 
  45      41B1A205 
  45      6B3FD2
  46 0059 8271D334 		.ascii	"\202q\3234R\337\236s\356\033\030\300&\373\222w\337\273"
  46      52DF9E73 
  46      EE1B18C0 
  46      26FB9277 
  46      DFBB
  47 006b E7FECEB9 		.ascii	"\347\376\316\271\277\363q\317{\206\000AW\302\024\342"
  47      BFF371CF 
  47      7B860041 
  47      57C214E2 
  48 007b F7F8CCC1 		.ascii	"\367\370\314\301)\344\011\220/\017\011Q\355\227\020"
  48      29E40990 
  48      2F0F0951 
  48      ED9710
ARM GAS  /tmp/ccnnm8Hf.s 			page 3


  49 008a D72FCA13 		.ascii	"\327/\312\023\3754\",\277\301c\230\307\030\217!-\207"
  49      FD34222C 
  49      BFC16398 
  49      C7188F21 
  49      2D87
  50 009c A0067AA4 		.ascii	"\240\006z\244\267\3731a\005|\027\012\204ez!\240\305"
  50      B7FB3161 
  50      057C170A 
  50      84657A21 
  50      A0C5
  51 00ae 3EE96741 		.ascii	">\351gA\016/\372e\254W\3413g\250_\2200\203\012h+=\376"
  51      0E2FFA65 
  51      AC57E133 
  51      67A85F90 
  51      30830A68 
  52 00c5 A0F4F052 		.ascii	"\240\364\360R\300$\234i\312X\037\340,\3327H\370\020"
  52      C0249C69 
  52      CA581FE0 
  52      2CDA3748 
  52      F810
  53 00d7 44353E8C 		.ascii	"D5>\214r\023\345\221\276\036\222G \246\345QM\373\211"
  53      7213E591 
  53      BE1E9247 
  53      20A6E551 
  53      4DFB89
  54 00ea B854AC11 		.ascii	"\270T\254\021`u3\006@b\313\017\242J*\303\343\365\371"
  54      60753306 
  54      4062CB0F 
  54      A24A2AC3 
  54      E3F5F9
  55 00fd 73024133 		.ascii	"s\002A3\024\216D\3431\250Rq\241\257\240\373\374\257"
  55      148E44E3 
  55      31A85271 
  55      A1AFA0FB 
  55      FCAF
  56 010f FC59C2F9 		.ascii	"\374Y\302\371\332\266FuG\246\224\000\003\247\323g\367"
  56      DAB64675 
  56      47A69400 
  56      03A7D367 
  56      F7
  57 0120 7D19A629 		.ascii	"}\031\246)\300j\234^\334s\370\220\371\320A\013\257\361"
  57      C06A9C5E 
  57      DC73F890 
  57      F9D0410B 
  57      AFF1
  58 0132 D469D9F0 		.ascii	"\324i\331\360\256m\244\224\024\216\024\360.\024\301"
  58      AE6DA494 
  58      148E14F0 
  58      2E14C1
  59 0141 4128423B 		.ascii	"A(B;\360ox\010\261o\235\252\337\242V\202\300\327}\237"
  59      F06F7808 
  59      B16F9DAA 
  59      DFA25682 
  59      C0D77D9F 
  60 0155 38F59E75 		.ascii	"8\365\236u\007,\253\306\262\246\313\255\234\224R\360"
  60      072CABC6 
  60      B2A6CBAD 
ARM GAS  /tmp/ccnnm8Hf.s 			page 4


  60      9C9452F0 
  61 0165 1EA86C35 		.ascii	"\036\250l5\024\0118\004\353\010~!\375\303\220TkY\365"
  61      14093804 
  61      EB087E21 
  61      FDC39054 
  61      6B59F5
  62 0178 9B86B657 		.ascii	"\233\206\266W\002\305M\244j_l\206\006\313\256]\235R"
  62      02C54DA4 
  62      6A5F6C86 
  62      06CBAE5D 
  62      9D52
  63 018a 06BC3F5F 		.ascii	"\006\274?_\235.D\357\371g\357\301\240z\2305G>\354\377"
  63      9D2E44EF 
  63      F967EFC1 
  63      A07A9835 
  63      473EECFF 
  64 019e 49BA9AC3 		.ascii	"I\272\232\303\345\326\213\277&\265\303\367U\273{k\317"
  64      E5D68BBF 
  64      26B5C3F7 
  64      55BB7B6B 
  64      CF
  65 01af 2868A74D 		.ascii	"(h\247M\234\326t\215\326G\264\323\343\264\\\177n\340"
  65      9CD6748D 
  65      D647B4D3 
  65      E3B45C7F 
  65      6EE0
  66 01c1 50503DC6 		.ascii	"PP=\306V'\277\030\376\334GV-\313>\277\275Z\323\361\300"
  66      5627BF18 
  66      FEDC4756 
  66      2DCB3EBF 
  66      BD5AD3F1 
  67 01d6 116D378D 		.ascii	"\021m7\215v\333\346\354^\263kj\015\365\033V\354\353"
  67      76DBE6EC 
  67      5EB36B6A 
  67      0DF51B56 
  67      ECEB
  68 01e8 18B89671 		.ascii	"\030\270\226q\344\343\367\3415\313\256FM/|\2405\313"
  68      E4E3F7E1 
  68      35CBAE46 
  68      4D2F7CA0 
  68      35CB
  69 01fa 8AE057B3 		.ascii	"\212\340W\263z]o\0379\034\322|^\246\244\314\314\034"
  69      7A5D6F1F 
  69      391CD27C 
  69      5EA6A4CC 
  69      CC1C
  70 020c 6F979A90 		.ascii	"o\227\232\220\025\245\000M]JE\324\223l\367\215\341\246"
  70      15A5004D 
  70      5D4A45D4 
  70      936CF78D 
  70      E1A6
  71 021e 57C9AE8D 		.ascii	"W\311\256\215\204N\274\005.#\037|\250\355\036CF\035"
  71      844EBC05 
  71      2E231F7C 
  71      A8ED1E43 
  71      461D
  72 0230 738C6EA4 		.ascii	"s\214n\244\357\275\032\362\326\022\375\325p\034\212"
ARM GAS  /tmp/ccnnm8Hf.s 			page 5


  72      EFBD1AF2 
  72      D612FDD5 
  72      701C8A
  73 023f A11DEFA3 		.ascii	"\241\035\357\243x\267\342\335\002\305\224J\314`'x\361"
  73      78B7E2DD 
  73      02C5944A 
  73      CC602778 
  73      F1
  74 0250 6478EE87 		.ascii	"dx\356\207h\375\203m9N\322\262\273\214\237L\214\011"
  74      68FD836D 
  74      394ED2B2 
  74      BB8C9F4C 
  74      8C09
  75 0262 ADE33EB8 		.ascii	"\255\343>\270\2520\211\322\340W\023(\227a\022Dh\310"
  75      AA3089D2 
  75      E0571328 
  75      97611244 
  75      68C8
  76 0274 C5C11FE5 		.ascii	"\305\301\037\345\245\030\217q\022\344\341\220\223\317"
  76      A5188F71 
  76      12E4E190 
  76      93CF
  77 0282 F3021E97 		.ascii	"\363\002\036\227\240 \260\224\244\313\004\355U\310\326"
  77      A020B094 
  77      A4CB04ED 
  77      55C8D6
  78 0291 A938E40A 		.ascii	"\2518\344\012\222\256\244a\025\015kH\377\001ZXK\323"
  78      92AEA461 
  78      150D6B48 
  78      FF015A58 
  78      4BD3
  79 02a3 627A7B90 		.ascii	"bz{\220\206u8\004\327\263^\011\255l\240a#\011\037\245"
  79      86753804 
  79      D7B35E09 
  79      AD6CA061 
  79      23091FA5 
  80 02b7 E5321CCC 		.ascii	"\3452\034\314\3154\0101\205\256\036\362\213i)\361\241"
  80      CD340831 
  80      85AE1EF2 
  80      8B6929F1 
  80      A1
  81 02c8 6E42CD58 		.ascii	"nB\315Xz\317rv\035\335\305X\365\217\237\275\004[:\254"
  81      7ACF7276 
  81      1DDDC558 
  81      F58F9FBD 
  81      045B3AAC 
  82 02dc DD946101 		.ascii	"\335\224a\001]\260E\334\200\032\373\263f`P+\203\366"
  82      5DB045DC 
  82      801AFBB3 
  82      6660502B 
  82      83F6
  83 02ee A67ACFF9 		.ascii	"\246z\317\371(5\006\206\242\033\003M\220\247\031\200"
  83      28350686 
  83      A21B034D 
  83      90A71980 
  84 02fe 0EB044E0 		.ascii	"\016\260D\340\026J81\332\2423\375\332#\264\230T\021"
  84      164A3831 
ARM GAS  /tmp/ccnnm8Hf.s 			page 6


  84      DAA233FD 
  84      DA23B498 
  84      5411
  85 0310 54AEEB7E 		.ascii	"T\256\353~\343%Y\372\010\362\242H\337\243\320\0138\001"
  85      E32559FA 
  85      08F2A248 
  85      DFA3D00B 
  85      3801
  86 0322 A56212EA 		.ascii	"\245b\022\352\254\2629\334\336\321\346[\236z\370G5&"
  86      ACB239DC 
  86      DED1E65B 
  86      9E7AF847 
  86      3526
  87 0334 2E37A542 		.ascii	".7\245Bx\250\025c?\202zX\260n\357B\000\224\024!\204"
  87      78A81563 
  87      3F827A58 
  87      B06EEF42 
  87      00941421 
  88 0349 7A1D7C7C 		.ascii	"z\035||\037\310\014\020\346a\302p\272m\2159\345\374"
  88      1FC80C10 
  88      E661C270 
  88      BA6D8D39 
  88      E5FC
  89 035b 6873DD4B 		.ascii	"hs\335K\240\252{\347\332\200\343\317\2504zI\245\007"
  89      A0AA7BE7 
  89      DA80E3CF 
  89      A8347A49 
  89      A507
  90 036d AB694391 		.ascii	"\253iC\221\245hw\350\325Z\263\035Cr\307\030\336\353"
  90      A56877E8 
  90      D55AB31D 
  90      4372C718 
  90      DEEB
  91 037f 3866466B 		.ascii	"8fFk\2147\372\004h'\203tN\242\016\007\304\0207\225\232"
  91      8C37FA04 
  91      68278374 
  91      4EA20E07 
  91      C4103795 
  92 0394 80EA5CF2 		.ascii	"\200\352\\\362\222\250rp\366\377Q;\275\004\015\335j"
  92      92A87270 
  92      F6FF513B 
  92      BD040DDD 
  92      6A
  93 03a5 7AFB8CA2 		.ascii	"z\373\214\242\340\204up\330\233S\030\034D\336~a\314"
  93      E0847570 
  93      D89B5318 
  93      1C44DE7E 
  93      61CC
  94 03b7 D0C8A508 		.ascii	"\320\310\245\010FIro\335wRK\226%\225D9&Bf\322\200Bq"
  94      4649726F 
  94      DD77524B 
  94      96259544 
  94      39264266 
  95 03cf 0B6AEDBB 		.ascii	"\013j\355\273\023\2401\205h\377\370\361\357\256\370"
  95      13A03185 
  95      68FFF8F1 
  95      EFAEF8
ARM GAS  /tmp/ccnnm8Hf.s 			page 7


  96 03de AA7EB676 		.ascii	"\252~\266vsL#\016m\000\377\201*\201\350\224\312\235"
  96      734C230E 
  96      6D00FF81 
  96      2A81E894 
  96      CA9D
  97 03f0 D56F27FD 		.ascii	"\325o'\375B&\355\021\330\246\025\357?\324\234\243M="
  97      4226ED11 
  97      D8A615EF 
  97      3FD49CA3 
  97      4D3D
  98 0402 98D4E43F 		.ascii	"\230\324\344?rM\257C\323'\257\0164E6\225b\321Q)!\206"
  98      724DAF43 
  98      D327AF0E 
  98      34453695 
  98      62D15129 
  99 0418 93751A36 		.ascii	"\223u\0326\211\353P{%y$\013:[?A\254\237>\367\240NK\257"
  99      89EB507B 
  99      2579240B 
  99      3A5B3F41 
  99      AC9F3EF7 
 100 0430 98D9ACEA 		.ascii	"\230\331\254\352\244\32502\\@`\026\372\304\371|E~\354"
 100      A4D53032 
 100      5C406016 
 100      FAC4F97C 
 100      457EEC
 101 0443 730D942C 		.ascii	"s\015\224,r#\352`5\0138\303n`\360c\350\267\033\251\015"
 101      7223EA60 
 101      350B38C3 
 101      6E60F063 
 101      E8B71BA9 
 102 0458 8BC07107 		.ascii	"\213\300q\007\353R@\177\006\234\207`\217\006o\\\004"
 102      EB52407F 
 102      069C8760 
 102      8F066F5C 
 102      04
 103 0469 CE773067 		.ascii	"\316w0g\002\006\030\\\202\346R\252`\276;\033\263\370"
 103      0206185C 
 103      82E652AA 
 103      60BE3B1B 
 103      B3F8
 104 047b FB459397 		.ascii	"\373E\223\227\251\246'\335\325G\027Y\\\342`@\005\014"
 104      A9A627DD 
 104      D5471759 
 104      5CE26040 
 104      050C
 105 048d 66B65FAA 		.ascii	"f\266_\252\315\335\310(P\201jk9\242%\237\302~\247\255"
 105      CDDDC828 
 105      50816A6B 
 105      39A2259F 
 105      C27EA7AD 
 106 04a1 F577B438 		.ascii	"\365w\2648\033\342Vjd\326_\027\004\372,lBD\373\013\203"
 106      1BE2566A 
 106      64D65F17 
 106      04FA2C6C 
 106      4244FB0B 
 107 04b6 E9808E2C 		.ascii	"\351\200\216,\300\220{\016\003\342=\316 \326\313\367"
 107      C0907B0E 
ARM GAS  /tmp/ccnnm8Hf.s 			page 8


 107      03E23DCE 
 107      20D6CBF7 
 108 04c6 C9C7F546 		.ascii	"\311\307\365F\353q\367l\274\027\361\347\370$g\025\300"
 108      EB71F76C 
 108      BC17F1E7 
 108      F8246715 
 108      C0
 109 04d7 7A560F0A 		.ascii	"zV\017\012\374\242*<\342\271B\213u\335^\037s9\027\335"
 109      FCA22A3C 
 109      E2B9428B 
 109      75DD5E1F 
 109      733917DD 
 110 04eb E750F309 		.ascii	"\347P\363\011\373t\266n\227k\344\012\004s\335z\365|"
 110      FB74B66E 
 110      976BE40A 
 110      0473DD7A 
 110      F57C
 111 04fd 2517EE0A 		.ascii	"%\027\356\012\267\224}Z\270\012\345h\361\333\356\266"
 111      B7947D5A 
 111      B80AE568 
 111      F1DBEEB6 
 112 050d 118FEE31 		.ascii	"\021\217\3561\016^\0218\217\354f\363\272\346\227jy\230"
 112      0E5E1138 
 112      8FEC66F3 
 112      BAE6976A 
 112      7998
 113 051f 03BB8A6A 		.ascii	"\003\273\212j\031\003{.\371\274\306\003\252P\230n\003"
 113      19037B2E 
 113      F9BCC603 
 113      AA50986E 
 113      03
 114 0530 BE151AAF 		.ascii	"\276\025\032\257\373\320\271\300\356\307\321;S\364*"
 114      FBD0B9C0 
 114      EEC7D13B 
 114      53F42A
 115 053f DDA4DA5F 		.ascii	"\335\244\332_T\032\374\300/9\364Y\306\241A\367\330\255"
 115      541AFCC0 
 115      2F39F459 
 115      C6A141F7 
 115      D8AD
 116 0551 45309272 		.ascii	"E0\222r\335)^Dj\231\203E-\340\202>`\263\347\273\205"
 116      DD295E44 
 116      6A998345 
 116      2DE0823E 
 116      60B3E7BB 
 117 0566 337815D3 		.ascii	"3x\025\323\277\\[W\372Cul\344\253c\001T\246\353\251"
 117      BF5C5B57 
 117      FA43756C 
 117      E4AB6301 
 117      54A6EBA9 
 118 057a 942A848B 		.ascii	"\224*\204\213P\312\007\001.A\025\356\226\302\360q\271"
 118      50CA0701 
 118      2E4115EE 
 118      96C2F071 
 118      B9
 119 058b BCE386BE 		.ascii	"\274\343\206\276x\256\\B\363{\213\301\3073\335\375\244"
 119      78AE5C42 
ARM GAS  /tmp/ccnnm8Hf.s 			page 9


 119      F37B8BC1 
 119      C733DDFD 
 119      A4
 120 059c 06E62ED8 		.ascii	"\006\346.\330\273j\341\326\223\027[:\274ni5 \261\025"
 120      BB6AE1D6 
 120      93175B3A 
 120      BC6E6935 
 120      20B115
 121 05af F039EE5D 		.ascii	"\3609\356]\302\326a\004\017\261\366\333\215P4\231\325"
 121      C2D66104 
 121      0FB1F6DB 
 121      8D503499 
 121      D5
 122 05c0 2B5AA926 		.ascii	"+Z\251&\242\224\304\251\272~7\2111\224\320?P\327\235"
 122      A294C4A9 
 122      BA7E3789 
 122      3194D03F 
 122      50D79D
 123 05d3 7E8F6E93 		.ascii	"~\217n\223~\030\315*/\326\211i\216'~\253u\342\0138\326"
 123      7E18CD2A 
 123      2FD68969 
 123      8E277EAB 
 123      75E20B38 
 124 05e8 2F8A4F36 		.ascii	"/\212O6\311\1771\311\313HR\207\000\256,$\231\207&\263"
 124      C97F31C9 
 124      CB485287 
 124      00AE2C24 
 124      998726B3 
 125 05fc AB2D9F69 		.ascii	"\253-\237i\345\315\347\220\257y_vy\027\240\204\372\371"
 125      E5CDE790 
 125      AF795F76 
 125      7917A084 
 125      FAF9
 126 060e D4E0FEA0 		.ascii	"\324\340\376\240\346\235\013c\013y\027p\300\303\363"
 126      E69D0B63 
 126      0B791770 
 126      C0C3F3
 127 061d 032E7533 		.ascii	"\003.u3?\331\3436\223\262\354>\247\370\257\345\307\323"
 127      3FD9E336 
 127      93B2EC3E 
 127      A7F8AFE5 
 127      C7D3
 128 062f FDBBCD37 		.ascii	"\375\273\3157a?2\307\3127\341*\235O\224\037\230\250"
 128      613F32C7 
 128      CA37E12A 
 128      9D4F941F 
 128      98A8
 129 0641 39ECA35A 		.ascii	"9\354\243Z[\005_\300\233pO\362W\343\232.\266N7\325\233"
 129      5B055FC0 
 129      9B704FF2 
 129      57E39A2E 
 129      B64E37D5 
 130 0656 FF3F03E3 		.ascii	"\377?\003\343l\300C\006\256\243\001\254\226\313\311"
 130      6CC04306 
 130      AEA301AC 
 130      96CBC9
 131 0665 0E372065 		.ascii	"\0167 eh\205\253e\012\177P^WjZFE*\230\345\003\037\020"
ARM GAS  /tmp/ccnnm8Hf.s 			page 10


 131      6885AB65 
 131      0A7F505E 
 131      576A5A46 
 131      452A98E5 
 132 067c 031D0C75 		.ascii	"\003\035\014u\267\206\361\213B\307F\232\200\316\306"
 132      B786F18B 
 132      42C7469A 
 132      80CEC6
 133 068b 455B1C74 		.ascii	"E[\034t\013\340\020H\254\372\224=\272K\033\016/*\374"
 133      0BE01048 
 133      ACFA943D 
 133      BA4B1B0E 
 133      2F2AFC
 134 069e D50E366E 		.ascii	"\325\0166n\201\032U\304\357k\273\347\230\257\012;\326"
 134      811A55C4 
 134      EF6BBBE7 
 134      98AF0A3B 
 134      D6
 135 06af 1AFEB9E2 		.ascii	"\032\376\271\342\212\376\222*\332L\341\371a\216\177"
 135      8AFE922A 
 135      DA4CE1F9 
 135      618E7F
 136 06be 762DB925 		.ascii	"v-\271%w\033\360sfD\201\376%d\343\201\000R\210\321\017"
 136      771BF073 
 136      664481FE 
 136      2564E381 
 136      005288D1 
 137 06d3 0B7115F4 		.ascii	"\013q\025\364)\276\011\275c\034i\262\210[4\214\333\257"
 137      29BE09BD 
 137      631C69B2 
 137      885B348C 
 137      DBAF
 138 06e5 78E8BF05 		.ascii	"x\350\277\005c\343\0230\201\377-s\220\243\213 \370k"
 138      63E31330 
 138      81FF2D73 
 138      90A38B20 
 138      F86B
 139 06f7 3389906F 		.ascii	"3\211\220o\310\243\244\322\216+\304L\334m\351\014\353"
 139      C8A3A4D2 
 139      8E2BC44C 
 139      DC6DE90C 
 139      EB
 140 0708 C47BE126 		.ascii	"\304{\341&\024\371\033\377\026\243\247\331\375\0229"
 140      14F91BFF 
 140      16A3A7D9 
 140      FD1239
 141 0717 79A6B973 		.ascii	"y\246\271s\306\324\313\036\370\012\212\"\177O\177\240"
 141      C6D4CB1E 
 141      F80A8A22 
 141      7F4F7FA0 
 142 0727 E845351E 		.ascii	"\350E5\036m\003z\211\217\035\335\205>\204i\001\343\014"
 142      6D037A89 
 142      8F1DDD85 
 142      3E846901 
 142      E30C
 143 0739 481A5B47 		.ascii	"H\032[Gay\305\216\347\023\025\225\245\317\354\334Z\271"
 143      6179C58E 
ARM GAS  /tmp/ccnnm8Hf.s 			page 11


 143      E7131595 
 143      A5CFECDC 
 143      5AB9
 144 074b BD74C7F6 		.ascii	"\275t\307\366\304_\266'v\356JTl\334&\214gv\354L\370"
 144      C45FB627 
 144      76EE4A54 
 144      6CDC268C 
 144      6776EC4C 
 145 0760 B6969757 		.ascii	"\266\226\227W$*+\203\177\332Z\231xB\277\207\022\025"
 145      242A2B83 
 145      7FDA5A99 
 145      7842BF87 
 145      1215
 146 0772 38297F2A 		.ascii	"8)\177*\261\355\271g+*\275\225\3744vT$\266\375\017N"
 146      B1EDB967 
 146      2B2ABD95 
 146      FC347654 
 146      24B6FD0F 
 147 0787 0E09E9   		.ascii	"\016\011\351"
 148              		.text
 149              		.section	.gnu.lto_.symbol_nodes.437ee28808885365,"",%progbits
 150 0000 789C55CF 		.ascii	"x\234U\317\275\011\002A\020\206\341o\277\331\237\"."
 150      BD090241 
 150      1086E16F 
 150      BFD99F22 
 150      2E
 151 0011 D17E2CC0 		.ascii	"\321~,\300nf\203\313L\344\300\1771\272\310\022\214\217"
 151      6E6683CB 
 151      4CE4C07F 
 151      31BAC812 
 151      8C8F
 152 0023 13444C04 		.ascii	"\023DL\004C\243\323\012,\300u#w&x\341a\222\2610\270"
 152      43A3D30A 
 152      2CC07523 
 152      772678E1 
 152      6192B130 
 153 0038 220D1754 		.ascii	"\"\015\027T`~\003RNq\014\230=\325d\001b\034%\330QY\300"
 153      607E0352 
 153      4E710C98 
 153      3DD56401 
 153      621C25D8 
 154 004f 922A056C 		.ascii	"\222*\005l\251\266\200\015\325\025\260\246\372\002V"
 154      A9B6800D 
 154      D515B0A6 
 154      FA0256
 155 005e D4F00F92 		.ascii	"\324\360\017\222v\350\317A\020\320^^S\201G\227\3530"
 155      76E8CF41 
 155      10D05E5E 
 155      53814797 
 155      EB30
 156 0070 E45AB4B3 		.ascii	"\344Z\264\263O\365\273\253\233\347\321\011\210\372\376"
 156      4FF5BBAB 
 156      9BE7D109 
 156      88FAFE
 157 007f F6925EE9 		.ascii	"\366\222^\351\016\217\011\276-\2363%"
 157      0E8F09BE 
 157      2D9E3325 
ARM GAS  /tmp/ccnnm8Hf.s 			page 12


 158              		.text
 159              		.section	.gnu.lto_.refs.437ee28808885365,"",%progbits
 160 0000 789C6361 		.ascii	"x\234ca`\004B \000\000\0009\000\007"
 160      60044220 
 160      00000039 
 160      0007
 161              		.text
 162              		.section	.gnu.lto_.decls.437ee28808885365,"",%progbits
 163 0000 789CB558 		.ascii	"x\234\265X\011P\024\331\031\236\327o\206\201a\000\203"
 163      095014D9 
 163      199ED76F 
 163      86816100 
 163      83
 164 0011 64E32654 		.ascii	"d\343&TbVKI\252\024\335+\273\225\244\2225\273nvk\023"
 164      62564B49 
 164      AA14DD2B 
 164      BB95A492 
 164      35BB6E76 
 165 0027 B7D63DB2 		.ascii	"\267\326=\262U\331L\020\006!A\324\231\321]\267R\265"
 165      55D94C10 
 165      062141D4 
 165      99D15DB7 
 165      52B5
 166 0039 CD8D782C 		.ascii	"\315\215x,(\012\012\256x\240\"\207\\\212\\:\010\002"
 166      280A0AAE 
 166      78A02287 
 166      5C8A5C3A 
 166      0802
 167 004b 0A8A2788 		.ascii	"\012\212'\210\234\012\002\242\"\012\036\250H\376\367"
 167      9C0A02A2 
 167      220A1EA8 
 167      48FEF7
 168 005a 5EF774F7 		.ascii	"^\367t\3670S\331\252\255t\315?\335\177\277\357\275\377"
 168      3053D9AA 
 168      AD74CD3F 
 168      DD7FBFEF 
 168      BDFF
 169 006c 78FFFBFA 		.ascii	"x\377\373\372u\253UHE\216r_\225\352c\254R\375\016\324"
 169      75AB5548 
 169      458E725F 
 169      95EA63AC 
 169      52FD0ED4 
 170 0080 093838B8 		.ascii	"\01188\270\367\251J:\\A^\204\266\005 _\200\004\201\204"
 170      F7A94A3A 
 170      5C415E84 
 170      B605205F 
 170      80048184 
 171 0094 80984056 		.ascii	"\200\230@V\203|\215T\223\016\202\237\001go\020\037\220"
 171      837C8D54 
 171      930E829F 
 171      01676F10 
 171      1F90
 172 00a6 0F415E80 		.ascii	"\017A^\200{\237\203|\003\262\004\344\367 `Z\265\010"
 172      7B9F837C 
 172      03B204E4 
 172      F720605A 
 172      B508
ARM GAS  /tmp/ccnnm8Hf.s 			page 13


 173 00b8 6416C832 		.ascii	"d\026\3102\320g\013\266\347\3015\017\022\010\022\001"
 173      D0670BB6 
 173      E7C1350F 
 173      12081201 
 174 00c8 B2062412 		.ascii	"\262\006$\022d\025H\024\310J\220h\220\245 1 \277\006"
 174      64154814 
 174      C84A9068 
 174      90A52031 
 174      20BF06
 175 00db 8905F93B 		.ascii	"\211\005\371;\310\257@|@*`\23488\377\001\344-\020\027"
 175      C8AF407C 
 175      402A609C 
 175      3838FF01 
 175      E42D1017 
 176 00ef D07F03E7 		.ascii	"\320\177\003\347\327A\336\004y\003\304\015D\217\244"
 176      D741DE04 
 176      7903C40D 
 176      448FA4
 177 00fe 18838478 		.ascii	"\030\203\204xV\013\361\205\0101\223\3305\200\211\207"
 177      560BF185 
 177      083193D8 
 177      35808987 
 178 010e F35A9004 		.ascii	"\363Z\220\004\220u \353\355b\037\347\320\363\302\223"
 178      907520EB 
 178      ED621FE7 
 178      D0F3C293 
 179 011e 639E6DA8 		.ascii	"c\236m\250\025A\036\321\024z\027!\366\217\250\250\230"
 179      15411ED1 
 179      147A1721 
 179      F68FA8A8 
 179      98
 180 012f 505525FD 		.ascii	"PU%\375l\267\220\010\024tN\274T\331\006\243?\261\377"
 180      6CB79008 
 180      14744EBC 
 180      54D906A3 
 180      3FB1FF
 181 0142 8478D041 		.ascii	"\204x\320A\244\321\221\320\211\351Bg\025\022tN2\200"
 181      A4D191D0 
 181      89E94267 
 181      1512744E 
 181      3280
 182 0154 982A7690 		.ascii	"\230*v\220\215\307\334\025\206\223|\266\305\204\304"
 182      8DC7DC15 
 182      86937CB6 
 182      C584C4
 183 0163 A0739EDE 		.ascii	"\240s\236\336\015\303\034\"\227\347\372\307o\240\271"
 183      0DC31C22 
 183      97E7FAC7 
 183      6FA0B9
 184 0172 393C1C89 		.ascii	"9<\034\211<\317\371I\2319\037\235\237\216G9\344\255"
 184      3CCFF949 
 184      99391F9D 
 184      9F8E4739 
 184      E4AD
 185 0184 436A50EF 		.ascii	"CjP\357\235\331\336\343\011\252\217\016M\227\251\336"
 185      9DD9DEE3 
 185      09AA8F0E 
ARM GAS  /tmp/ccnnm8Hf.s 			page 14


 185      4D97A9DE 
 186 0194 4C4DB933 		.ascii	"LM\2713\366S\246\361\004\\S3\321\204\030\230'\315\025"
 186      F653A6F1 
 186      045C5333 
 186      D1841898 
 186      27CD15
 187 01a7 F97D432E 		.ascii	"\371}C.\370Ej\361PLo\226+\264\371\352\320\004\"\372"
 187      F8456AF1 
 187      504C6F96 
 187      2BB4F9EA 
 187      D00422FA 
 188 01bb EDD2310F 		.ascii	"\355\3221\017\246\223\346\302\315}\351\356\370\227\344"
 188      A693E6C2 
 188      CD7DE9EE 
 188      F897E4
 189 01ca 9A7BB2FB 		.ascii	"\232{\262\373P\235\026\371\351\366\021\367\272w\354"
 189      509D16F9 
 189      E9F611F7 
 189      BA77EC
 190 01d9 5A13C9F3 		.ascii	"Z\023\311\363\010\025#\035*D\030e\241\271$(_\035\231"
 190      0815231D 
 190      2A441865 
 190      A1B92428 
 190      5F1D99
 191 01ec 699E8FE4 		.ascii	"i\236\217\344\207w\363.\323T\350\025_4\317W\205\212"
 191      8777F32E 
 191      D354E815 
 191      5F34CF57 
 191      858A
 192 01fe 901F1993 		.ascii	"\220\037\031\223\240P\001\362E\371\310\227\214_\231"
 192      A05001F2 
 192      45F9C897 
 192      8C5F99
 193 020d D897A1D3 		.ascii	"\330\227\241\323'\020|b\024\357]\357I\307\313\006\300"
 193      27107C62 
 193      14EF5DEF 
 193      49C7CB06 
 193      C0
 194 021e 4100A8D0 		.ascii	"A\000\250\320a\244\027\0220\024}\243\333\235\0055\015"
 194      61A41712 
 194      30147DA3 
 194      DB9D0535 
 194      0D
 195 022f D4F6AEAC 		.ascii	"\324\366\256\254J\035\376-u\262\243>+\233\344f6\304"
 195      4A1DFE2D 
 195      75B2A33E 
 195      2B9BE466 
 195      36C4
 196 0241 0087972C 		.ascii	"\000\207\227,\214\331,\214M\355\365)\356\370m\032\306"
 196      8CD92C8C 
 196      4DEDF529 
 196      EEF86D1A 
 196      C6
 197 0252 DD2DC3B9 		.ascii	"\335-\303\271nb\030\326\257\247\240\012\260X&E0\333"
 197      6E6218D6 
 197      AFA7A00A 
 197      B0582645 
ARM GAS  /tmp/ccnnm8Hf.s 			page 15


 197      30DB
 198 0264 1601F348 		.ascii	"\026\001\363Hes\007\225C\020\263\205 J\341\346Q\026"
 198      65730795 
 198      4310B385 
 198      204AE1E6 
 198      5116
 199 0276 C496F85B 		.ascii	"\304\226\370[\251\034~\237Z\2720\334\270Cps\012\250"
 199      A91C7E9F 
 199      5ABA30DC 
 199      B8437073 
 199      0AA8
 200 0288 7B1272B7 		.ascii	"{\022r\267q\370C\332t\313\3323\256\306\237\322\353\355"
 200      71F843DA 
 200      74CBDA33 
 200      AEC69FD2 
 200      EBED
 201 029a E5A3A735 		.ascii	"\345\243\2475\014\346\012j\\Ef\207+\376\2026m\3353\276"
 201      0CE60A6A 
 201      5C456687 
 201      2BFE8236 
 201      6DDD33BE 
 202 02ae 15E1407A 		.ascii	"\025\341@z}\240/}\243\236\315\334\033\240\326f\324\235"
 202      7DA02F7D 
 202      A39ECDDC 
 202      1BA0D666 
 202      D49D
 203 02c0 D6E210DA 		.ascii	"\326\342\020\332T^RQ\253aM\363\010\262\343\36078\214"
 203      545E5251 
 203      AB614DF3 
 203      08B2E3F0 
 203      37388C
 204 02d3 B69C9C78 		.ascii	"\266\234\234xd\365bcs2\217|\230GG\366o\030\304x%Ef>"
 204      64F56263 
 204      73328F7C 
 204      984747F6 
 204      6F18C478 
 205 02eb 793A4C12 		.ascii	"y:L\0227\213$\016\313\3226K\230\375\301\255)zl\241i"
 205      378B240E 
 205      CBD2364B 
 205      98FDC1AD 
 205      297A6CA1 
 206 0300 4BDD5274 		.ascii	"K\335Rt\302\013\351\374hf\370(^w\0002s\012\222PO2\323"
 206      C20BE9FC 
 206      6866F828 
 206      5E770032 
 206      730A9250 
 207 0317 04999925 		.ascii	"\004\231\231%d\246\021n6\300M\226\340\326n\304\363\256"
 207      64A6116E 
 207      36C04D96 
 207      E0D66EC4 
 207      F3AE
 208 0329 E82C24F9 		.ascii	"\350,$\371\214\224\344Y:6\253i\365\227w\352\360\032"
 208      8C94E459 
 208      3A36AB69 
 208      F59777EA 
 208      F01A
 209 033b 4544DE2C 		.ascii	"ED\336,\242\264\221\216\233nL\365\003u4}\360\272\007"
ARM GAS  /tmp/ccnnm8Hf.s 			page 16


 209      A2B4918E 
 209      9B6E4CF5 
 209      0375347D 
 209      F0BA07
 210 034e FE0F9BCE 		.ascii	"\376\017\233\316\233\326\012\214\243\021U\332\236u\347"
 210      9BD60A8C 
 210      A31155DA 
 210      9E75E7
 211 035d 7AE00D4C 		.ascii	"z\340\015L9}\373\314m\017\274\205)\325\307\023\256\271"
 211      397DFBCC 
 211      6D0FBC85 
 211      29D5C713 
 211      AEB9
 212 036f E21D4C19 		.ascii	"\342\035L\031o<|\324\015g2\345x\366\306\177\341<v\335"
 212      6F3C7CD4 
 212      0D6732E5 
 212      78F6C67F 
 212      E13C76DD 
 213 0383 BAAEBE4A 		.ascii	"\272\256\276J\217K\231\022\327\334_\200q\015SD\017|"
 213      8F4B9912 
 213      D7DC5F80 
 213      710D5344 
 213      0F7C
 214 0395 980739D5 		.ascii	"\230\0079\325M'\335\361Y\326\226\332\2337\242\306-L"
 214      4D27DDF1 
 214      59D696DA 
 214      9B37A2C6 
 214      2D4C
 215 03a7 116BD387 		.ascii	"\021k\323\207\325f\312\305\250a-\356`m\261G\257\006"
 215      D566CAC5 
 215      A8612DEE 
 215      606DB147 
 215      AF06
 216 03b9 E25E76BD 		.ascii	"\342^v\275\261\257\247M\207\007\231\222_\225\322\242"
 216      B1AFA74D 
 216      87079992 
 216      5F95D2A2 
 217 03c9 C5434C29 		.ascii	"\305CL)\333[\177K\230\263|\262dK\023\272/\352\204%;"
 217      DB5B7F4B 
 217      98B37CB2 
 217      644B13BA 
 217      2FEA8425 
 218 03de 03F475F7 		.ascii	"\003\364u\367\323\223\275\360C\006N\274\334\260A\315"
 218      D393BDF0 
 218      43064EBC 
 218      DCB041CD 
 219 03ee C074D6B6 		.ascii	"\300t\326\266g\235\252\325\352\342)k\260E\344-_C\003"
 219      679DAAD5 
 219      EAE2296B 
 219      B045E42D 
 219      5F4303
 220 0401 08928DFC 		.ascii	"\010\222\215\374}Q?+\327\216\376\015\375\236\336\211"
 220      7D513F2B 
 220      D78EFE0D 
 220      FD9EDE89 
 221 0411 02C9FC91 		.ascii	"\002\311\374\221-\341<\200\347R\370M\344-v\002\264\317"
 221      2DE13C80 
ARM GAS  /tmp/ccnnm8Hf.s 			page 17


 221      E752F84D 
 221      E42D7602 
 221      B4CF
 222 0423 50C260AF 		.ascii	"P\302`\257\006M\235)?\374\350\177\2220\002\217,*t\003"
 222      064D9D29 
 222      3FFCE87F 
 222      9230028F 
 222      2C2A7403 
 223 0437 FAF7D2FE 		.ascii	"\372\367\322\376\203h*\231e\364\030J\342.\232\211\036"
 223      83682A99 
 223      65F4184A 
 223      E22E9A89 
 223      1E
 224 0448 803C0479 		.ascii	"\200<\004y\012\362\014\344\011\310\020\310\010\310-"
 224      0AF20CE4 
 224      09C810C8 
 224      08C82D
 225 0457 90FB20B7 		.ascii	"\220\373 \267A\356\201\214\203\214\201<\002\031\006"
 225      41EE818C 
 225      838C813C 
 225      021906
 226 0466 B903328A 		.ascii	"\271\0032\212fR\022\334M\012\257\373A\323?\"\366\304"
 226      665212DC 
 226      4D0AAFFB 
 226      41D33F22 
 226      F6C4
 227 0478 F2890174 		.ascii	"\362\211\001t\331^\205\212\"\366l+\264\212\272\220M"
 227      D95E858A 
 227      22F66C2B 
 227      B48ABA90 
 227      4D
 228 0489 FE5907EB 		.ascii	"\376Y\007\353\326:\275\210\276b\217>6\011](\241/\332"
 228      D63ABD88 
 228      BE628F3E 
 228      36095D28 
 228      A12FDA
 229 049c A32F4C42 		.ascii	"\243/LB\267\326\342T\336\032\211iu\237\026\360\2665"
 229      B7D6E254 
 229      DE1A8969 
 229      759F16F0 
 229      B635
 230 04ae E14FE0B5 		.ascii	"\341O\340\2652xE\255;\237\377O\232\356\036\001,\260"
 230      327845AD 
 230      3B9FFF4F 
 230      9AEE1E01 
 230      2CB0
 231 04c0 2385CE97 		.ascii	"#\205\316\227\220\005q\372m\2745\032SG.9vD\006O\225"
 231      900571FA 
 231      6DBC351A 
 231      53472E39 
 231      7644064F 
 232 04d5 BC3E610F 		.ascii	"\274>a\017>b\017~Vk\003\267:N\210\014\334&\217\260\315"
 232      3E620F7E 
 232      566B03B7 
 232      3A4E880C 
 232      DC268FB0 
 233 04ea 3EC22A05 		.ascii	">\302*\005\034\026{\361\273$@\250 \324'`\305\272B\347"
ARM GAS  /tmp/ccnnm8Hf.s 			page 18


 233      1C167BF1 
 233      BB2440A8 
 233      20D42760 
 233      C5BA42E7 
 234 04fe ED873E26 		.ascii	"\355\207>&e\343\272\203l\274\"!\317I\310k\016\220\247"
 234      65E3BA83 
 234      6CBC2221 
 234      CF49C86B 
 234      0E90A7
 235 0511 6429DE29 		.ascii	"d)\336)O\334e\373\360rd3\310\330\251\034\222\001\354"
 235      4FDC65FB 
 235      F0726433 
 235      C8D8A91C 
 235      9201EC
 236 0524 04289540 		.ascii	"\004(\225@M\266R\263\356\220\217\325\354x,Y<-\2658\205"
 236      4DB652B3 
 236      EE908FD5 
 236      EC782C59 
 236      3C2DB538 
 237 0539 B74660EA 		.ascii	"\267F`\352g\207\003?\333e~^\220B\352v\000\355\222A/"
 237      6787033F 
 237      DB657E5E 
 237      9042EA76 
 237      00ED9241 
 238 054e 49D04E07 		.ascii	"I\320N\007Py=\246\311=nq\\\011\014O\036M\003\227\306"
 238      50793DA6 
 238      C93D6E71 
 238      5C090C4F 
 238      1E4D0397 
 239 0563 5D7102DD 		.ascii	"]q\002\335xp\265[{\267\353\321T?\207k\032\301N\344\377"
 239      7870B55B 
 239      7BB7EBD1 
 239      543F876B 
 239      1AC14EE4 
 240 0578 B6ACD93C 		.ascii	"\266\254\331<\224\324\321\247\304\004\030y.=%\310\264"
 240      94D4D1A7 
 240      C4041879 
 240      2E3D25C8 
 240      B4
 241 0589 505F77EF 		.ascii	"P_w\357\373\266\306]\261M\230\220E\246B\021\234\270"
 241      FBB6C65D 
 241      B14D9890 
 241      45A64211 
 241      9CB8
 242 059b 4D68C8DB 		.ascii	"Mh\310\333\373\023F\215{\011\217&m)\311\364b<\232\361"
 242      FB13468D 
 242      7B098F26 
 242      6D29C9F4 
 242      623C9AF1 
 243 05af 12E8D9A3 		.ascii	"\022\350\331\243\343\015j\234H\203\366\354_\377|\243"
 243      E30D6A9C 
 243      4883F6EC 
 243      5FFF7CA3 
 244 05bf 1ACD9C2A 		.ascii	"\032\315\234*\2475\226\310\247b\"a\377\201\016\201C"
 244      A73596C8 
 244      A7622261 
 244      FF810E81 
ARM GAS  /tmp/ccnnm8Hf.s 			page 19


 244      43
 245 05d0 B19CE3A9 		.ascii	"\261\234\343\251W\344+\212\363E\221\034i#p\222\254o"
 245      57E42B8A 
 245      F345911C 
 245      69237092 
 245      AC6F
 246 05e2 217149DC 		.ascii	"!qI\334L\264\021$\001d\023\310Z\220\365 \361 \211 \033"
 246      4CB41124 
 246      016413C8 
 246      5A90F520 
 246      F1208920 
 247 05f7 40E24062 		.ascii	"@\342@b@\326q2\256\263>\226\226u\211\275\017G&\221\321"
 247      40D67132 
 247      AEB33E96 
 247      967589BD 
 247      0F472691 
 248 060c B084B6DA 		.ascii	"\260\204\266\332\243'\255\353v\011\\m\017\256\262\007"
 248      A327ADEB 
 248      76095C6D 
 248      0FAEB207 
 249 061c B7D6C92A 		.ascii	"\267\326\311*\273N\200\313k\320Fr0\223\351\357\213\024"
 249      BB4E80CB 
 249      6BD04672 
 249      3093E9EF 
 249      8B14
 250 062e 10CD31A4 		.ascii	"\020\3151\244\215\002r&\371\334%/\330\023\216\035\221"
 250      8D027226 
 250      F9DC252F 
 250      D8138E1D 
 250      91
 251 063f E34725B7 		.ascii	"\343G%\267+\035gD\276 \353\354\330\231\300\225\354,"
 251      2B1D6744 
 251      BE20EBEC 
 251      D899C095 
 251      EC2C
 252 0651 A7828B75 		.ascii	"\247\202\213u\224\012\0004\231\012F\344~\036w\234]\271"
 252      940A0034 
 252      990A46E4 
 252      7E1E779C 
 252      5DB9
 253 0663 9F97EB04 		.ascii	"\237\227\353\004<\024&:g\217\267g\3736y~O:\310o\215"
 253      3C14263A 
 253      678FB767 
 253      FB36797E 
 253      4F3AC86F 
 254 0678 B866FBCE 		.ascii	"\270f\373\316\035\354\321\341d\266f\3432v\337\365\262"
 254      1DECD1E1 
 254      64B666E3 
 254      3276DFF5 
 254      B2
 255 0689 5FB3620D 		.ascii	"_\263b\015\242-Pz?\264\014Yb\012N\323\265\231\014\203"
 255      A22D507A 
 255      3FB40C59 
 255      620A4ED3 
 255      B5990C83 
 256 069d 6DE66C6B 		.ascii	"m\346lk\223\344\211\361Hj\3573\244X\233\311\234|mn\265"
 256      93E489F1 
ARM GAS  /tmp/ccnnm8Hf.s 			page 20


 256      486AEF33 
 256      A4589BC9 
 256      9C7C6D6E 
 257 06b2 ADCDA6F5 		.ascii	"\255\315\246\365Wb\265j\216\335CK\324\344\336@Ls\265"
 257      5762B56A 
 257      8EDD434B 
 257      D4E4DE40 
 257      4C73B5
 258 06c5 66DA5661 		.ascii	"f\332Va\3572]\215>\224o]R\271i\360\237\302\251\331\000"
 258      EF325D8D 
 258      3E946F5D 
 258      52B969F0 
 258      9FC2A9D9 
 259 06da F14D5DE3 		.ascii	"\361M]\343\352\2272\370\214|\276\373\336&\317-Q|=\364"
 259      EA9732F8 
 259      8C7CBEFB 
 259      DE26CF2D 
 259      517C3DF4 
 260 06ee 9B4E60E8 		.ascii	"\233N`\350\200D\033pIN\373\341\201\245B\3338\262\356"
 260      80441B70 
 260      494EFBE1 
 260      81A542DB 
 260      38B2EE
 261 0701 E3B37736 		.ascii	"\343\263w6q\270\230\275e9\362\243\272\357\361-WF\034"
 261      71B898BD 
 261      6539F2A3 
 261      BAEFF12D 
 261      57461C
 262 0714 F164D7BC 		.ascii	"\361d\327\274\253\344z\201\027\256a\035\362\006\216"
 262      ABE47A81 
 262      17AE611D 
 262      F2068E
 263 0723 A7EB8417 		.ascii	"\247\353\204\027*\32288\022\275W\213O\261\306;\2157"
 263      2AD23838 
 263      12BD578B 
 263      4FB1C63B 
 263      8D37
 264 0735 76AB85AD 		.ascii	"v\253\205\255\032\331`g?\254\253@\370<\247x\275\362"
 264      1AD96067 
 264      3FACAB40 
 264      F83CA778 
 264      BDF2
 265 0747 165EAF32 		.ascii	"\026^\2572\3332\0139\347[\265=\234\260U\333\315\321"
 265      DB320B39 
 265      E75BB53D 
 265      9CB055DB 
 265      CDD1
 266 0759 AD5AB175 		.ascii	"\255Z\261u$W\215\233\331|\237/j=i{q\351Nj\371\371Q\236"
 266      24578D9B 
 266      D97C9F2F 
 266      6A3D697B 
 266      71E94E6A 
 267 0771 9F82F671 		.ascii	"\237\202\366q@u\334\377|\377\312\344\034\276\177e\355"
 267      4075DCFF 
 267      7CFFCAE4 
 267      1CBE7F65 
 267      ED
ARM GAS  /tmp/ccnnm8Hf.s 			page 21


 268 0782 3C50E381 		.ascii	"<P\343\201\217`j\340N\362\255xl30\236\346\233M\014d"
 268      8F606AE0 
 268      4EF2AD78 
 268      6C33309E 
 268      E69B4D0C 
 269 0797 8181FD92 		.ascii	"\201\201\375\222\201}\234\023\013\007\034[\030\332u"
 269      817D9C13 
 269      0B071C5B 
 269      18DA75
 270 07a6 E5B65ABE 		.ascii	"\345\266Z\276\333$\343e@\225~G\231\362 \347-\306M\320"
 270      DB24E365 
 270      40957E47 
 270      99F220E7 
 270      2DC64DD0 
 271 07ba 970AEE9E 		.ascii	"\227\012\356\236\345\360Z5\333\2457\234\332\247\307"
 271      E5F05A35 
 271      DBA5379C 
 271      DAA7C7
 272 07c9 4954E1F6 		.ascii	"IT\341\366Z#c"
 272      5A2363
 273 07d0 90D3F78F 		.ascii	"\220\323\367\217<\316\311\373\007\344iN)\011#\027\314"
 273      3CCEC9FB 
 273      07E4694E 
 273      29092317 
 273      CC
 274 07e1 E670935E 		.ascii	"\346p\223^@\216%\265\365\351p:\263\2215\334\230\343"
 274      408E25B5 
 274      F5E9703A 
 274      B39135DC 
 274      98E3
 275 07f3 FC1DA7C0 		.ascii	"\374\035\247\300\251\215\361\264Y9\304F>\3308$\331\310"
 275      A98DF1B4 
 275      5939C446 
 275      3ED83824 
 275      D9C8
 276 0805 15A32ADF 		.ascii	"\025\243*\337U\230\347\301\252 \221\324\317\263g\245"
 276      5598E7C1 
 276      AA2091D4 
 276      CFB367A5 
 277 0815 8739A164 		.ascii	"\2079\241d~D\252\244(\245Z\2133\251\023\332\302\321"
 277      7E44AAA4 
 277      28A55A8B 
 277      33A913DA 
 277      C2D1
 278 0827 C2275E88 		.ascii	"\302'^\210>\220\246\372\261MoeO\310\266\342v\236\217"
 278      3E90A6FA 
 278      B14D6F65 
 278      4FC8B6E2 
 278      769E8F
 279 083a D5D3EC15 		.ascii	"\325\323\354\025\203\2112\211\"\3229{\372)\252\365`"
 279      83893289 
 279      22D2397B 
 279      FA29AAF5 
 279      60
 280 084b CC471CCA 		.ascii	"\314G\034\312\026\320J\346\223m\332Jc1#+Xz;\004\260"
 280      16D04AE6 
 280      936DDA4A 
ARM GAS  /tmp/ccnnm8Hf.s 			page 22


 280      6331232B 
 280      587A3B04 
 281 0860 8DABD8E0 		.ascii	"\215\253\330\3402\364\341X\217\010JV0sh\227\000\027"
 281      32F4E158 
 281      8F084A56 
 281      30736897 
 281      0017
 282 0872 E7D36E43 		.ascii	"\347\323nCF\036\354\262\301w\332\017\376\235\314s\005"
 282      461EECB2 
 282      C177DA0F 
 282      FE9DCC73 
 282      05
 283 0883 8B15C178 		.ascii	"\213\025\301x\205\264\261L\240\260rH\376\021\240\246"
 283      85B4B14C 
 283      A0B07248 
 283      FE11A0A6 
 284 0893 A320A520 		.ascii	"\243 \245 % \207\2254\305\266reJ\376&\257G%\005\351"
 284      25208795 
 284      34C5B672 
 284      654AFE26 
 284      AF472505 
 285 08a8 5A5CC3A6 		.ascii	"Z\\\303\24687\362t\366$\322\024\315\241c`\345\373[\254"
 285      3837F274 
 285      F624D214 
 285      CDA16360 
 285      E5FB5BAC 
 286 08bc ACA5C458 		.ascii	"\254\245\304X\011\035*\244Y/\023\211\261\372\352\301"
 286      091D2AA4 
 286      592F1389 
 286      B1FAEAC1 
 287 08cc 224E418C 		.ascii	"\"NA\214\225\012b<n#\306\235\003}G4\224\220\340\036"
 287      950A623C 
 287      6E23C69D 
 287      037D4734 
 287      9490E01E 
 288 08e0 4AE32823 		.ascii	"J\343(#\365\304\361Y\234Sf\254\242\314h\025\231\261"
 288      F5C4F159 
 288      9C5366AC 
 288      A2CC6815 
 288      99B1
 289 08f2 B02C623B 		.ascii	"\260,b;\002f\354&\211\250\343\266\361'\324\004\202\266"
 289      0266EC26 
 289      89A8E3B6 
 289      F127D404 
 289      82B6
 290 0904 4B7EC125 		.ascii	"K~\301%\373\370t\2022\342\241\210\346H7\334\244V|AY"
 290      FBF87482 
 290      32E2A188 
 290      E64837DC 
 290      A4567C41 
 291 0919 34F90BCA 		.ascii	"4\371\013\312\"\366)`\357\330\335\022=\276\312\222\230"
 291      22F62960 
 291      EFD8DD12 
 291      3DBECA92 
 291      98
 292 092a B121F7A6 		.ascii	"\261!\367\246\306F\024\233\373\377X\336Ih\270\036\252"
 292      C646149B 
ARM GAS  /tmp/ccnnm8Hf.s 			page 23


 292      FBFF58DE 
 292      4968B81E 
 292      AA
 293 093b AD5632B8 		.ascii	"\255V2\270\310\371\207\224:\310\355\"a)\235\204\344"
 293      C8F98794 
 293      3AC8ED22 
 293      61299D84 
 293      E4
 294 094c D730BABB 		.ascii	"\3270\272\273R\3218\212i\036\310P\214\230/?\256|\242"
 294      52D1388A 
 294      691EC850 
 294      8C982F3F 
 294      AE7CA2
 295 095f C78735C4 		.ascii	"\307\2075\304\260\272(\262k\227'\362\363E0\020b\346"
 295      B0BA28B2 
 295      6B9727F2 
 295      F3453010 
 295      62E6
 296 0971 C9773215 		.ascii	"\311w2\025:\013\370\323B\200pl\347\301\356\3607\344"
 296      3A0BF8D3 
 296      4280706C 
 296      E7C1EEF0 
 296      37E4
 297 0983 365CBBD2 		.ascii	"6\\\273\322\263\003\312j\0007HO\352\307\031\360\243"
 297      B303CA6A 
 297      0037484F 
 297      EAC719F0 
 297      A3
 298 0994 91F971B5 		.ascii	"\221\371q\265\2561\332E'tH\374\036\035ne\3675{*\246"
 298      AE31DA45 
 298      277448FC 
 298      1E1D6E65 
 298      F7357B2A 
 299 09a9 BA8993CF 		.ascii	"\272\211\223\317\3269\333T\217\245gw\261\251\206{\350"
 299      D639DB54 
 299      8FA56777 
 299      B1A9867B 
 299      E8
 300 09ba 149BEAD6 		.ascii	"\024\233\352\326\221\236c\030\227\321\030\271+\353\256"
 300      919E6318 
 300      97D118B9 
 300      2BEBAE
 301 09c9 777A8A24 		.ascii	"wz\212$4)s\227\034dN \272\224\277\354\211\203d\240\213"
 301      34297397 
 301      1C644E20 
 301      BA94BFEC 
 301      898364A0 
 302 09de 60FA82DD 		.ascii	"`\372\202\3354\200\221\256\033\335i^\270\226\031)\037"
 302      348091AE 
 302      1BDD695E 
 302      B8961929 
 302      1F
 303 09ef B996C539 		.ascii	"\271\226\30595\322\342\324\310x\332\007\347c\210\221"
 303      35D2E2D4 
 303      C878DA07 
 303      E7638891 
 304 09ff 66307259 		.ascii	"f0rY2rQ\244\272\336\326\323\235\236\370\034\263r\350"
ARM GAS  /tmp/ccnnm8Hf.s 			page 24


 304      327251A4 
 304      BADED6D3 
 304      9D9EF81C 
 304      B372E8
 305 0a12 CA44A3BB 		.ascii	"\312D\243\273S+W\235Z\031\033Z\221\332L*\252\025\254"
 305      532B579D 
 305      5A191B5A 
 305      91DA4C2A 
 305      AA15AC
 306 0a25 5C91AC34 		.ascii	"\\\221\2544\213V\252G/\335\325\321,\022\304y\226\305"
 306      8B56AA47 
 306      2FDDD5D1 
 306      2C12C479 
 306      96C5
 307 0a37 6BC3259D 		.ascii	"k\303%\235\316\267\022\355t\301\264\211\013&\263w\367"
 307      CEB712ED 
 307      74C1B489 
 307      0B26B377 
 307      F7
 308 0a48 DF84F552 		.ascii	"\337\204\365R\322\300\326\013 P\265d\254Z\\/\035t\275"
 308      D2C0D60B 
 308      2050B564 
 308      AC5A5C2F 
 308      1D74BD
 309 0a5b 0C143EBF 		.ascii	"\014\024>\277\344\206Gh`(r\355\301\307j\233}V\250\005"
 309      E4864768 
 309      602872ED 
 309      C1C76A9B 
 309      7D56A805 
 310 0a6f 0D3B4E6A 		.ascii	"\015;Njq\204\013\215|\375`Y\243\316\366\221\261\250"
 310      71840B8D 
 310      7CFD6059 
 310      A3CEF691 
 310      B1A8
 311 0a81 D68710C5 		.ascii	"\326\207\020\305u\300vK\006\262\234=I\2579~\222\266"
 311      75C0764B 
 311      06B29C3D 
 311      49AF397E 
 311      92B6
 312 0a93 1D3CD5AD 		.ascii	"\035<\325\255\227\307w]Qc=4\300.1\300\374\373\367[t"
 312      97C7775D 
 312      51633D34 
 312      C02E31C0 
 312      FCFBF75B 
 313 0aa8 42846975 		.ascii	"B\204iu^4B\200\240N\311\201N1\302^\032a\372\235\230"
 313      5E344280 
 313      A04EC981 
 313      4E31C25E 
 313      1A61FA9D 
 314 0abd 3677FC2D 		.ascii	"6w\374-\015\000\235\330\220\266\237Ex\335\026\341\326"
 314      0D009DD8 
 314      90B69F45 
 314      78DD16E1 
 314      D6
 315 0ace C62D7E4E 		.ascii	"\306-~N\363\333O\315\367\211\346\357\347l\332%\022\322"
 315      F3DB4FCD 
 315      F789E6EF 
ARM GAS  /tmp/ccnnm8Hf.s 			page 25


 315      E76CDA25 
 315      12D2
 316 0ae0 45819000 		.ascii	"E\201\220\000\202nH\346o\210\346\007\250\371\210\313"
 316      826E48E6 
 316      6F88E607 
 316      A8F988CB 
 317 0af0 2DEBD538 		.ascii	"-\353\3258\203\231w\304\004\203\343\235\305R\322\007"
 317      839977C4 
 317      0483E39D 
 317      C552D207 
 318 0b00 D9A49F39 		.ascii	"\331\244\2379y1U\213\363h/uo^q3Fn\214\036\374\342hf"
 318      7931558B 
 318      F3682F75 
 318      6F5E7133 
 318      466E8C1E 
 319 0b18 2333A6AF 		.ascii	"#3\246\257\264ev\0302{\207s\203!\206\240\340\356B\301"
 319      B4657618 
 319      327B8773 
 319      832186A0 
 319      E0EE42C1 
 320 0b2c 11762077 		.ascii	"\021v w(cL\241\2272Z\001\025\335\226h\205\260r}v\226"
 320      28634CA1 
 320      97325A01 
 320      15DD9668 
 320      85B0727D 
 321 0b42 AB3C0904 		.ascii	"\253<\011\004\"e\341\036\315\302-1\013W6\\\370\026\213"
 321      2265E11E 
 321      CDC22D31 
 321      0B57365C 
 321      F8168B
 322 0b55 65968069 		.ascii	"e\226\200i\026\000\202nJY\270)f\341>\315\302\215\021"
 322      1600826E 
 322      4A59B829 
 322      66E13ECD 
 322      C28D11
 323 0b68 6B930B2E 		.ascii	"k\223\013.v>\011\235\233S\263\261\334\201zE\025<\240"
 323      763E099D 
 323      9B53B3B1 
 323      DC817A45 
 323      153CA0
 324 0b7b 0E8C8A0E 		.ascii	"\016\214\212\0164<~\220,V\301\361X=u\000 hDr`Dt\340"
 324      343C7E90 
 324      2C56C1F1 
 324      583D7500 
 324      20684472 
 325 0b93 2175E060 		.ascii	"!u\340`WJ\231\006\3278w\240udm\231\213\334\201V\205"
 325      574A9906 
 325      D73877A0 
 325      75646D99 
 325      8BDC8156 
 326 0ba8 0363D481 		.ascii	"\003c\324\201\307\266\007\223\365\301}\265\340@G\255"
 326      C7B60793 
 326      F5C17DB5 
 326      E04047AD 
 327 0bb8 27750020 		.ascii	"'u\000 \350\221\344\300#\321\201'\324\201\226\326\350"
 327      E891E4C0 
 327      23D18127 
ARM GAS  /tmp/ccnnm8Hf.s 			page 26


 327      D48196D6 
 327      E8
 328 0bc9 52C4364B 		.ascii	"R\3046K\356\240F\265=?\341\345|\307\374L\3341?eL\374"
 328      EEA046B5 
 328      3D3FE1E5 
 328      7CC7FC4C 
 328      DC313F65 
 329 0bdf 7420B955 		.ascii	"t \271U\350\255'\013\265\2745Ix\377\357&\315\335e\023"
 329      E8AD270B 
 329      B5BC3549 
 329      78FFEF26 
 329      CDDD6513 
 330 0bf3 5548DA8D 		.ascii	"UH\332\215\256\244\323\367\034ja\234\3566&\350n\224"
 330      AEA4D3F7 
 330      1C6A619C 
 330      EE3626E8 
 330      6E94
 331 0c05 8E4915F2 		.ascii	"\216I\025\362\315\366\371\201_(\230\235,\"\311>\217"
 331      CDF6F981 
 331      5F28989D 
 331      2C22C93E 
 331      8F
 332 0c16 29B39333 		.ascii	")\263\2233Y\242G\223\262]\024\3501\005:B@GPt\177\354"
 332      59A24793 
 332      B25D14E8 
 332      31053A42 
 332      40475074 
 333 0c2c 4DABF2A9 		.ascii	"M\253\362\251\361@\201\216\024\320\221\024\315\327$"
 333      F140818E 
 333      14D09114 
 333      CDD724
 334 0c3b 77B829D0 		.ascii	"w\270)\320\367\024\350(\001\035E\321\023CU\355Jt\277"
 334      F714E828 
 334      011D45D1 
 334      134355ED 
 334      4A74BF
 335 0c4e 021D2DA0 		.ascii	"\002\035-\240\243)\272\331\272\255^\351I\273\002\035"
 335      A329BAD9 
 335      BAAD5EE9 
 335      49BB021D 
 336 0c5e 23A06328 		.ascii	"#\240c(\272.f`\257\022M\366\202\022:V@\307Rt\326\346"
 336      BA2E6660 
 336      AF124DF6 
 336      82123A56 
 336      40C75274 
 337 0c74 D6648D02 		.ascii	"\326d\215\002]\245\030;N@\307QtF\305\272\247\372\031"
 337      5DA5183B 
 337      4E40C751 
 337      7446C5BA 
 337      A7FA19
 338 0c87 BBD80425 		.ascii	"\273\330\004%\300\022\374\364\005\372\016\307*$\036"
 338      C012FCF4 
 338      05FA0EC7 
 338      2A241E
 339 0c96 938FE19B 		.ascii	"\223\217\341\233\023\277\353\342\030\006^\003}\267\361"
 339      13BFEBE2 
 339      18065E03 
ARM GAS  /tmp/ccnnm8Hf.s 			page 27


 339      7DB7F1
 340 0ca5 E7A62861 		.ascii	"\347\246(ak)\354RFe\274'\203Y\237Ed ;P\002\005=\255"
 340      6B29EC52 
 340      4665BC27 
 340      83599F45 
 340      64203B50 
 341 0cbd 7BB05FEB 		.ascii	"{\260_\353\324\336:\212y2\226m\365\020\006j\237<\320"
 341      D4DE3A8A 
 341      7932966D 
 341      F510066A 
 341      9F3CD0
 342 0cd0 7A3C43E5 		.ascii	"z<C\345\021\034\026`\016y\357\317\306\257\026\206\206"
 342      111C1660 
 342      0E79EFCF 
 342      C6AF1686 
 342      86
 343 0ce1 195DDFFD 		.ascii	"\031]\337\375\353'\323\377\364\346\233*mP\250\311\260"
 343      EB27D3FF 
 343      F4E69B2A 
 343      6D50A8C9 
 343      B0
 344 0cf2 C262522F 		.ascii	"\302bR/\370\374\343w|\202\003,\301f\177\263)\320?4\334"
 344      F8FCE377 
 344      7C82032C 
 344      C1667FB3 
 344      29D03F34 
 345 0d07 625C6A34 		.ascii	"b\\j4\315\015Q\271\022\204\331\030h\321\274\375\331"
 345      CD0D51B9 
 345      1284D918 
 345      68D1BCFD 
 345      D9
 346 0d18 A28FDED6 		.ascii	"\242\217\336\326\004\321\353\300\260Uf\213\213\231\236"
 346      04D1EBC0 
 346      B055668B 
 346      8B999E
 347 0d27 34C1E6D0 		.ascii	"4\301\346\320\257\215\352`\030\006\033M&5XZ\312\205"
 347      AF8DEA60 
 347      18061B4D 
 347      2635585A 
 347      CA85
 348 0d39 06A9099C 		.ascii	"\006\251\011\234\0136k\277\014\015'}\\\203\002,\001"
 348      0B366BBF 
 348      0C0D277D 
 348      5C83022C 
 348      01
 349 0d4a 4B02CC46 		.ascii	"K\002\314Fb\223\236\301\034=\257^\036F\316\256\341\006"
 349      62939EC1 
 349      1C3DAF5E 
 349      1E46CEAE 
 349      E106
 350 0d5c B8630CB7 		.ascii	"\270c\014\267\350\202MF\243\201\216\255\003\257-\354"
 350      E8824D46 
 350      A3818EAD 
 350      03AF2DEC 
 351 0d6c D22DDC60 		.ascii	"\322-\334`Z\276\334\002\235]\301\240\201X\321|I\376"
 351      5ABEDC02 
 351      9D5DC1A0 
ARM GAS  /tmp/ccnnm8Hf.s 			page 28


 351      8158D17C 
 351      49FE
 352 0d7e 5D683FB3 		.ascii	"]h?\263&\220\270\201\203L\253\265\301f\203e\315\012"
 352      2690B881 
 352      834CABB5 
 352      C1668365 
 352      CD0A
 353 0d90 2306CB5E 		.ascii	"#\006\313^RL\301\301\020\216f\341[\037/\\\214\227\254"
 353      524CC1C1 
 353      108E66E1 
 353      5B1F2F5C 
 353      8C97AC
 354 0da3 0AC60BDF 		.ascii	"\012\306\013\337\373\340gA\246\320\325F\223\331\237"
 354      FBE06741 
 354      A6D0D546 
 354      93D99F
 355 0db2 66C73F34 		.ascii	"f\307?4\304\370U\2101l\005\004\036\250\362\372\310\030"
 355      C4F85588 
 355      316C0504 
 355      1EA8F2FA 
 355      C818
 356 0dc4 10642019 		.ascii	"\020d \031\373\310\030\270\334\024\244&CjI\020\037\030"
 356      FBC818B8 
 356      DC14A426 
 356      436A4910 
 356      1F18
 357 0dd6 C3D5E4EC 		.ascii	"\303\325\344\354f0\254\202D\275a\260|\342\277\312l\362"
 357      6630AC82 
 357      44BD61B0 
 357      7CE2BFCA 
 357      6CF2
 358 0de8 5F121AEE 		.ascii	"_\022\032\356\27740pN\200i\331\234\360\345\341\3069"
 358      BF343070 
 358      4E8069D9 
 358      9CF0E5E1 
 358      C639
 359 0dfa C68025A1 		.ascii	"\306\200%\241s^3\274:\347\345y\363__\371\262\277\242"
 359      735E33BC 
 359      3AE7E579 
 359      F35F5FF9 
 359      B2BFA2
 360 0e0d 01720C71 		.ascii	"\001r\014q\005\031\375\227\005\004\206\204\206\033\375"
 360      0519FD97 
 360      05048684 
 360      861BFD
 361 0e1c 0D41C6E0 		.ascii	"\015A\306\340\200Ua\026\352\273\031|\325\012\243\277"
 361      80556116 
 361      EABB197C 
 361      D50AA3BF 
 362 0e2c FF434637 		.ascii	"\377CF7\2571\373\033\314\220\266p\013\0312 (\310d4\233"
 362      AF31FB1B 
 362      CC90B670 
 362      0B193220 
 362      28C86434 
 363 0e41 75CCF5F9 		.ascii	"u\314\365\371\257\033,\256\266\213\300\020c\340\277"
 363      AF1B2CAE 
 363      B68BC010 
ARM GAS  /tmp/ccnnm8Hf.s 			page 29


 363      63E0BF
 364 0e50 CDAB96FD 		.ascii	"\315\253\226\375xrV\240\253NJ\205\2166|f\012\265\030"
 364      787256A0 
 364      AB4E4A85 
 364      8E367C66 
 364      0AB518
 365 0e63 5D48D20D 		.ascii	"]H\322\015\226\305\337\317\305\260\320%\004`\347\352"
 365      96C5DFCF 
 365      C5B0D025 
 365      0460E7EA 
 366 0e73 6B735F9D 		.ascii	"ks_\235;_r\330\022\004\211\000\203\352\300\220\000\223"
 366      3B5F72D8 
 366      12048900 
 366      83EAC090 
 366      0093
 367 0e85 3B73146A 		.ascii	";s\024j\313`q\263]\271S\007H,\006\313\013Jo\351?\364"
 367      CB6071B3 
 367      5DB95307 
 367      482C06CB 
 367      0B4A6FE9 
 368 0e9b 6605BF18 		.ascii	"f\005\277\030\012o\271\351-\013\323\314T3X\246\310\332"
 368      0A6FB9E9 
 368      2D0BD3CC 
 368      543358A6 
 368      C8DA
 369 0ead DE3141E9 		.ascii	"\3361A\351\011\253\303L\225 \215a\301\362\345a^2\320"
 369      09ABC34C 
 369      95208D61 
 369      C1F2E561 
 369      5E32D0
 370 0ec0 620852DE 		.ascii	"b\010R\336i\201qih\370\177\001\332\327q\000"
 370      69817169 
 370      68F87F01 
 370      DAD77100 
 371              		.text
 372              		.section	.gnu.lto_.symtab.437ee28808885365,"",%progbits
 373 0000 666C6173 		.ascii	"flashIHexFile\000"
 373      68494865 
 373      7846696C 
 373      6500
 374 000e 00       		.ascii	"\000"
 375 000f 00       		.ascii	"\000"
 376 0010 00       		.ascii	"\000"
 377 0011 00000000 		.ascii	"\000\000\000\000\000\000\000\000"
 377      00000000 
 378 0019 19010000 		.ascii	"\031\001\000\000"
 379 001d 52656164 		.ascii	"Read_IHexRecord\000"
 379      5F494865 
 379      78526563 
 379      6F726400 
 380 002d 00       		.ascii	"\000"
 381 002e 02       		.ascii	"\002"
 382 002f 00       		.ascii	"\000"
 383 0030 00000000 		.ascii	"\000\000\000\000\000\000\000\000"
 383      00000000 
 384 0038 42010000 		.ascii	"B\001\000\000"
 385 003c 666C6173 		.ascii	"flashWrite\000"
ARM GAS  /tmp/ccnnm8Hf.s 			page 30


 385      68577269 
 385      746500
 386 0047 00       		.ascii	"\000"
 387 0048 02       		.ascii	"\002"
 388 0049 00       		.ascii	"\000"
 389 004a 00000000 		.ascii	"\000\000\000\000\000\000\000\000"
 389      00000000 
 390 0052 5D010000 		.ascii	"]\001\000\000"
 391 0056 666C6173 		.ascii	"flashSectorAt\000"
 391      68536563 
 391      746F7241 
 391      7400
 392 0064 00       		.ascii	"\000"
 393 0065 02       		.ascii	"\002"
 394 0066 00       		.ascii	"\000"
 395 0067 00000000 		.ascii	"\000\000\000\000\000\000\000\000"
 395      00000000 
 396 006f 64010000 		.ascii	"d\001\000\000"
 397 0073 666C6173 		.ascii	"flashSectorErase\000"
 397      68536563 
 397      746F7245 
 397      72617365 
 397      00
 398 0084 00       		.ascii	"\000"
 399 0085 02       		.ascii	"\002"
 400 0086 00       		.ascii	"\000"
 401 0087 00000000 		.ascii	"\000\000\000\000\000\000\000\000"
 401      00000000 
 402 008f 68010000 		.ascii	"h\001\000\000"
 403 0093 666C6173 		.ascii	"flashIsErased\000"
 403      68497345 
 403      72617365 
 403      6400
 404 00a1 00       		.ascii	"\000"
 405 00a2 02       		.ascii	"\002"
 406 00a3 00       		.ascii	"\000"
 407 00a4 00000000 		.ascii	"\000\000\000\000\000\000\000\000"
 407      00000000 
 408 00ac 72010000 		.ascii	"r\001\000\000"
 409 00b0 666C6173 		.ascii	"flashSectorSize\000"
 409      68536563 
 409      746F7253 
 409      697A6500 
 410 00c0 00       		.ascii	"\000"
 411 00c1 02       		.ascii	"\002"
 412 00c2 00       		.ascii	"\000"
 413 00c3 00000000 		.ascii	"\000\000\000\000\000\000\000\000"
 413      00000000 
 414 00cb 76010000 		.ascii	"v\001\000\000"
 415 00cf 666C6173 		.ascii	"flashSectorBegin\000"
 415      68536563 
 415      746F7242 
 415      6567696E 
 415      00
 416 00e0 00       		.ascii	"\000"
 417 00e1 02       		.ascii	"\002"
 418 00e2 00       		.ascii	"\000"
ARM GAS  /tmp/ccnnm8Hf.s 			page 31


 419 00e3 00000000 		.ascii	"\000\000\000\000\000\000\000\000"
 419      00000000 
 420 00eb 7A010000 		.ascii	"z\001\000\000"
 421              		.text
 422              		.section	.gnu.lto_.opts,"",%progbits
 423 0000 272D6666 		.ascii	"'-ffp-contract=off' '-fmath-errno' '-fsigned-zeros'"
 423      702D636F 
 423      6E747261 
 423      63743D6F 
 423      66662720 
 424 0033 20272D66 		.ascii	" '-ftrapping-math' '-fno-trapv' '-fno-openmp' '-fno"
 424      74726170 
 424      70696E67 
 424      2D6D6174 
 424      68272027 
 425 0066 2D6F7065 		.ascii	"-openacc' '-mcpu=cortex-m4' '-mno-thumb-interwork' "
 425      6E616363 
 425      2720272D 
 425      6D637075 
 425      3D636F72 
 426 0099 272D6D74 		.ascii	"'-mthumb' '-ggdb' '-O2' '-fomit-frame-pointer' '-fa"
 426      68756D62 
 426      2720272D 
 426      67676462 
 426      2720272D 
 427 00cc 6C69676E 		.ascii	"lign-functions=16' '-ffunction-sections' '-fdata-se"
 427      2D66756E 
 427      6374696F 
 427      6E733D31 
 427      36272027 
 428 00ff 6374696F 		.ascii	"ctions' '-fno-common' '-flto'\000"
 428      6E732720 
 428      272D666E 
 428      6F2D636F 
 428      6D6D6F6E 
 429              		.text
 430              		.comm	__gnu_lto_v1,1,1
 431              		.comm	__gnu_lto_slim,1,1
 432              		.ident	"GCC: (GNU Tools for ARM Embedded Processors) 5.4.1 20160609 (release) [ARM/embedded-5-bran
ARM GAS  /tmp/ccnnm8Hf.s 			page 32


DEFINED SYMBOLS
                            *ABS*:00000000 ihexhelper.c
                            *COM*:00000001 __gnu_lto_v1
                            *COM*:00000001 __gnu_lto_slim

NO UNDEFINED SYMBOLS
