ARM GAS  /tmp/ccbcc45o.s 			page 1


   1              		.syntax unified
   2              		.cpu cortex-m4
   3              		.fpu softvfp
   4              		.eabi_attribute 20, 1
   5              		.eabi_attribute 21, 1
   6              		.eabi_attribute 23, 3
   7              		.eabi_attribute 24, 1
   8              		.eabi_attribute 25, 1
   9              		.eabi_attribute 26, 1
  10              		.eabi_attribute 30, 2
  11              		.eabi_attribute 34, 1
  12              		.eabi_attribute 18, 4
  13              		.thumb
  14              		.syntax unified
  15              		.file	"memstreams.c"
  16              		.text
  17              	.Ltext0:
  18              		.section	.gnu.lto_.profile.8e24f676b7818942,"",%progbits
  19 0000 789C6361 		.ascii	"x\234ca`d`a`\000\222\001\226\000\001C\000\224"
  19      60646061 
  19      60009201 
  19      96000143 
  19      0094
  20              		.text
  21              		.section	.gnu.lto_.icf.8e24f676b7818942,"",%progbits
  22 0000 789C6361 		.ascii	"x\234ca`d\000\0015\006\004`c8\364q\376af\306\331\015"
  22      60640001 
  22      35060460 
  22      6338F471 
  22      FE6166C6 
  23 0016 DFDB3898 		.ascii	"\337\3338\230\376\356\273\277\226\221\031L\262L\233"
  23      FEEEBBBF 
  23      9691194C 
  23      B24C9B
  24 0025 D5BE8E8B 		.ascii	"\325\276\216\213\365\353\215\345o\330\030\000i\224\022"
  24      F5EB8DE5 
  24      6FD81800 
  24      699412
  25 0034 5E       		.ascii	"^"
  26              		.text
  27              		.section	.gnu.lto_.jmpfuncs.8e24f676b7818942,"",%progbits
  28 0000 789C458B 		.ascii	"x\234E\213\273\021\000 \010C\023@-\235\312\241\254\262"
  28      BB110020 
  28      08431340 
  28      2D9DCAA1 
  28      ACB2
  29 0012 BA5888AF 		.ascii	"\272X\210\257\310]~\001\342\262\360i0\322%&2O\035\242"
  29      C85D7E01 
  29      E2B2F069 
  29      30D22526 
  29      324F1DA2 
  30 0026 BA6DF24D 		.ascii	"\272m\362M\274\3224UD\334\313T\202\003\3606\007\022"
  30      BCD23455 
  30      44DCCB54 
  30      8203F036 
  30      0712
  31              		.text
ARM GAS  /tmp/ccbcc45o.s 			page 2


  32              		.section	.gnu.lto_.inline.8e24f676b7818942,"",%progbits
  33 0000 789CB591 		.ascii	"x\234\265\221=\016\3020\014F?;)\211h\252\302T\220\220"
  33      3D0EC230 
  33      0C463F3B 
  33      298968AA 
  33      C2549090 
  34 0014 C8044C3D 		.ascii	"\310\004L=\003\023#g\340(t\353\330\221\221\221\221\243"
  34      03132367 
  34      E02874EB 
  34      D8919191 
  34      91A3
  35 0026 74E4088C 		.ascii	"t\344\010\214\214\214`\267\022B\242#\216\364\222X\362"
  35      8C8C60B7 
  35      1242A223 
  35      8EF49258 
  35      F2
  36 0037 737E2C08 		.ascii	"s~,\010\022U7i$@\026\310 \022\314VyP\306\361\250)\341"
  36      12553769 
  36      244016C8 
  36      2012CC56 
  36      7950C6F1 
  37 004e DB924177 		.ascii	"\333\222Awg;\012\274.=\354y\031@77a%\370\232\317DH\010"
  37      673B0ABC 
  37      2E3DEC79 
  37      19403737 
  37      6125F89A 
  38 0066 69EFEB4C 		.ascii	"i\357\353LG\352\205\246.\340\236\253\037Bs*\206\205"
  38      47EA85A6 
  38      2EE09EAB 
  38      1F42732A 
  38      8685
  39 0078 8CE99CEC 		.ascii	"\214\351\234\354\227\220\243\334@\255\351\273\014\376"
  39      9790A3DC 
  39      40ADE9BB 
  39      0CFE
  40 0086 31784C6E 		.ascii	"1xLn\363 \352\205l\243&\243$7\242\266\031`\232\275\014"
  40      F320EA85 
  40      6CA326A3 
  40      2437A2B6 
  40      19609ABD 
  41 009b F3E9D23F 		.ascii	"\363\351\322?\303\037\232XxG\340\244^#\275\354X?\340"
  41      C31F9A58 
  41      7847E0A4 
  41      5E23BDEC 
  41      583FE0
  42 00ae 05C57735 		.ascii	"\005\305w5\213"
  42      8B
  43              		.text
  44              		.section	.gnu.lto_.pureconst.8e24f676b7818942,"",%progbits
  45 0000 789C6361 		.ascii	"x\234ca`d\340f```e\220b\224b\222b\226b\221\002\000\003"
  45      6064E066 
  45      60606065 
  45      90629462 
  45      92629662 
  46 0018 FE00A2   		.ascii	"\376\000\242"
  47              		.text
  48              		.section	.gnu.lto__put.8e24f676b7818942,"",%progbits
ARM GAS  /tmp/ccbcc45o.s 			page 3


  49 0000 789C8D52 		.ascii	"x\234\215R\315O\023A\024\237\337\274m\267\205Z9\230"
  49      CD4F1341 
  49      149FDFBC 
  49      6DB7855A 
  49      3998
  50 0012 9898C670 		.ascii	"\230\230\306p!H\214,\206\370\027x\361f\242g\017\240"
  50      21488C2C 
  50      86F81778 
  50      F166A267 
  50      0FA0
  51 0024 2434A191 		.ascii	"$4\241\221X\317\262t\273\225#\036\300\2105\225\030\202"
  51      58CFB274 
  51      BB95231E 
  51      C0883595 
  51      1882
  52 0036 A27C5440 		.ascii	"\242|T@\001\277\252\211\020\265h\214!!\236\024\221\203"
  52      01BFAA89 
  52      10B5688C 
  52      21219E14 
  52      9183
  53 0048 C68F82C6 		.ascii	"\306\217\202\306\223\340{\273M\200\223L\322\331\231"
  53      93E07BBB 
  53      4D80934C 
  53      D2D999
  54 0057 D7F97DBD 		.ascii	"\327\371}\275\031CA\311xAJ5\362\367\010\377\020P\320"
  54      194341C9 
  54      78414A35 
  54      F2F708FF 
  54      1050D0
  55 006a DDAF95EA 		.ascii	"\335\257\225\352\014im\344\240\354\012*\025\225\262"
  55      0C696DE4 
  55      A0EC0A2A 
  55      1595B2
  56 0079 2304C3AF 		.ascii	"#\004\303\257\033\200,\354\020T\207&\003\035\370\255"
  56      1B802CEC 
  56      10548726 
  56      031DF8AD 
  57 0089 FF6ABC4D 		.ascii	"\377j\274M\217e\351\227vI\301\340mi\276\357ST\266@5"
  57      8F65E997 
  57      7649C1E0 
  57      6D69BEEF 
  57      5354B640 
  58 009e 6F97A733 		.ascii	"o\227\2473\337\214\272A\233\307\207\347K\355\227\034"
  58      DF8CBA41 
  58      9BC787E7 
  58      4BED971C 
  59 00ae F7984B5A 		.ascii	"\367\230KZmh\205\233\210a\0201\021\277\205:>\373n~\241"
  59      6D68859B 
  59      88611031 
  59      11BF853A 
  59      3EFB6E7E 
  60 00c3 DBA48350 		.ascii	"\333\244\203P\274\036\357\272>\035\251\035\260\355\224"
  60      BC1EEFBA 
  60      3E1DA91D 
  60      B0ED94
  61 00d2 6DAF9DB1 		.ascii	"m\257\235\261\303.\021\206@[q\\R\270\215Z>\235\315\014"
  61      C32E1186 
ARM GAS  /tmp/ccbcc45o.s 			page 4


  61      405B715C 
  61      52B88D5A 
  61      3E9DCD0C 
  62 00e6 7D26AAF7 		.ascii	"}&\252\367\220_3\253\337\243e\344\325S6\271l\365\216"
  62      905F33AB 
  62      DFA365E4 
  62      D55336B9 
  62      6CF58E
  63 00f9 8F6C8CA1 		.ascii	"\217l\214\241Ap\206\3020j\345\360\332\217\205Waj\360"
  63      417086C2 
  63      306AE5F0 
  63      DA8F8557 
  63      616AF0
  64 010c 80B929A7 		.ascii	"\200\271)\247/ZsC\200\205\313\263{\256\330\205t\265"
  64      2F5A7343 
  64      8085CBB3 
  64      7BAED885 
  64      74B5
  65 011e 4B018C6C 		.ascii	"K\001\214l\227\225\301\247\227\362\353=\273\202i\011"
  65      9795C1A7 
  65      97F2EB3D 
  65      BB826909 
  66 012e 568D51D4 		.ascii	"V\215Q\324H$N2\206\2404w\364D\301\336\330p\354BOpqq"
  66      48244E32 
  66      86A03477 
  66      F444C1DE 
  66      D870EC42 
  67 0146 251405AB 		.ascii	"%\024\005\253jn\011\333\015\3602\030\224\311\344\311"
  67      6A6E09DB 
  67      0DF03218 
  67      94C9E4C9 
  68 0156 0CC91486 		.ascii	"\014\311\024\206\030\252\224bD&\245~2\233t\273\244\265"
  68      18AA9462 
  68      4426A57E 
  68      329B74BB 
  68      A4B5
  69 0168 7C690929 		.ascii	"|i\011)1\345\361\263\232\303\331W\220\232)\315\366\223"
  69      31E5F1B3 
  69      9AC3D957 
  69      909A29CD 
  69      F693
  70 017a D41C0AB0 		.ascii	"\324\034\012\260\247^\367\331\033Sz\037\360\002\375"
  70      A75EF7D9 
  70      1B537A1F 
  70      F002FD
  71 0189 997BD915 		.ascii	"\231{\331\025\311\341\032\\\0121\000yq\317\365\201\345"
  71      C9E11A5C 
  71      0A310079 
  71      71CFF581 
  71      E5
  72 019a D488691D 		.ascii	"\324\210i\035r)\214\273\310a]\214+\214\303\362(\373"
  72      72298CBB 
  72      C8615D8C 
  72      2B8CC3F2 
  72      28FB
  73 01ac F7FA84C1 		.ascii	"\367\372\204\301\2351Lx\014\222\031\223\314\360\021"
  73      9D314C78 
ARM GAS  /tmp/ccbcc45o.s 			page 5


  73      0C921993 
  73      CCF011
  74 01bb E9F7CEBE 		.ascii	"\351\367\316\276\262%G\222(\011A\212\037\023y\216\347"
  74      B2254792 
  74      2809418A 
  74      1F13798E 
  74      E7
  75 01cc 3ACB8ECD 		.ascii	":\313\216\315\235\010\230\270\347\011x\315\275\357Y"
  75      9D0898B8 
  75      E70978CD 
  75      BDEF59
  76 01db 74B299A2 		.ascii	"t\262\231\242\366)\030c\212\010\023\367}\334/\265\255"
  76      F6291863 
  76      8A0813F7 
  76      7DDC2FB5 
  76      AD
  77 01ec 5D30B775 		.ascii	"]0\267u\241S\256\312\344\313g\030\246D\007\323L\355"
  77      A153AECA 
  77      E4CB6718 
  77      A64407D3 
  77      4CED
  78 01fe 50D88B9D 		.ascii	"P\330\213\235/>-\373\252\374\257\257a\241\252\222\364"
  78      2F3E2DFB 
  78      AAFCAFAF 
  78      61A1AA92 
  78      F4
  79 020f 339BE91F 		.ascii	"3\233\351\037\370\346z\203>K\304'\232\274X\314W\210"
  79      F8E67A83 
  79      3E4BC427 
  79      9ABC58CC 
  79      5788
  80 0221 19BE623C 		.ascii	"\031\276b<d\026\326\352E\331\351NU\036m\252<\206\305"
  80      6416D6EA 
  80      45D9E94E 
  80      551E6DAA 
  80      3C86C5
  81 0234 DC5E4F0D 		.ascii	"\334^O\015\357a|A\252J9$\177\256\002\014^\311N\314\356"
  81      EF617C41 
  81      AA4A3924 
  81      7FAE020C 
  81      5EC94ECC 
  82 0249 16458D0B 		.ascii	"\026E\215\013x\202\230^>\274\265)L\203\002b\224\035"
  82      7882985E 
  82      3EBCB529 
  82      4C830262 
  82      941D
  83 025b 6FE54706 		.ascii	"o\345G\006\341\340\336\0368\332\032o\216\037?i\235M"
  83      E1E0DE1E 
  83      38DA1A6F 
  83      8E1F3F69 
  83      9D4D
  84 026d 5AAD4D6D 		.ascii	"Z\255MmV[\274\331J\236?\327\322\224HZ\211\226DyY\177"
  84      565BBCD9 
  84      4A9E3FD7 
  84      D294485A 
  84      89964479 
  85 0283 5AE9783B 		.ascii	"Z\351x;\232)\221l\377\007\003\235Db"
ARM GAS  /tmp/ccbcc45o.s 			page 6


  85      9A29916C 
  85      FF07039D 
  85      4462
  86              		.text
  87              		.section	.gnu.lto__get.8e24f676b7818942,"",%progbits
  88 0000 789C8D52 		.ascii	"x\234\215R\313O\023A\030\237\337\314\266\333\255\345"
  88      CB4F1341 
  88      189FDFCC 
  88      B6DBADE5 
  89 0010 71301E4C 		.ascii	"q0\036L\017\\\010\022\2255\242W/^\274\231\350_\000J"
  89      0F5C0812 
  89      9535A257 
  89      2F5EBC99 
  89      E85F004A 
  90 0024 42131A1B 		.ascii	"B\023\032\033\353Y\226n\267\020Ox\020cSS\214!(\312\243"
  90      EB59966E 
  90      B7104F78 
  90      10635353 
  90      8C2128CA 
  91 0039 42958224 		.ascii	"B\225\202$\325DH\0244F9\350\301\310CL|D\013\032\023"
  91      D5444814 
  91      344639E8 
  91      C1C8434C 
  91      7C440B1A 
  92 004e A3E0F7ED 		.ascii	"\243\340\367\3556\012'\231dgg\276\314\357\361\375f4"
  92      360A2799 
  92      646767BE 
  92      CCEFF1FD 
  92      6634
  93 0060 01C1A357 		.ascii	"\001\301\243W\011\321H\377\303\364\301' \273\237\012"
  93      09D148FF 
  93      C3F4C127 
  93      20BB9F0A 
  94 0070 D1119052 		.ascii	"\321\021\220R\313BXAU\232\025\302\012)h^]\003xa\005"
  94      CB425841 
  94      559A15C2 
  94      0A29685E 
  94      5D037861 
  95 0085 20DAA5D2 		.ascii	" \332\245\322\320\216\357\362\267\304\363\344HF}\223"
  95      D08EEFF2 
  95      B7C4F3E4 
  95      48467D93 
  96 0095 8E12D068 		.ascii	"\216\022\320h[\232K/U\362\026\250\241\355r!\365Y\253"
  96      5B9A4B2F 
  96      55F216A8 
  96      A1ED7221 
  96      F559AB
  97 00a8 EFB768BC 		.ascii	"\357\267h\274u\336\307.\332\3161GI\261!\005n \214~\204"
  97      75DEC72E 
  97      DACE3147 
  97      49B12105 
  97      6E208C7E 
  98 00bd 59FC26EA 		.ascii	"Y\374&\352\351\354\213\271\371n]\355\205\240\365hWo"
  98      E9EC8BB9 
  98      F96E5DED 
  98      85A0F568 
  98      576F
ARM GAS  /tmp/ccbcc45o.s 			page 7


  99 00cf 2154D767 		.ascii	"!T\327gY\011\313Z;m\031\216R\030\200\332\214\243\222"
  99      5909CB5A 
  99      3B6D198E 
  99      521880DA 
  99      8CA392
 100 00e2 C02DD4F1 		.ascii	"\300-\324\361\361\265/\363O\014\325\340B\263\343v\272"
 100      F1B52FF3 
 100      4F0CD5E0 
 100      42B3E376 
 100      BA
 101 00f3 B2F63A43 		.ascii	"\262\366:C\213S\323;\257X\305d\215C~oo\205\363\240\323"
 101      8B53D33B 
 101      AF58C564 
 101      8D437E6F 
 101      6F85F3A0 
 102 0108 99D4C03B 		.ascii	"\231\324\300;\245\016\272\310G\277^\315\004\313\310"
 102      A50EBAC8 
 102      47BF5ECD 
 102      04CBC8
 103 0117 C9E98ACB 		.ascii	"\311\351\212\313V\261\203\220>\014y\310\3060\016\374"
 103      56B18390 
 103      3E0C79C8 
 103      C6300EFC 
 104 0127 C52DE6D6 		.ascii	"\305-\346\326/U\370\223\334X\015\206Q\213A\324r[\324"
 104      2F55F893 
 104      DC580D86 
 104      518B41D4 
 104      725BD4
 105 013a CD08FC14 		.ascii	"\315\010\374\0240\270:|\242hml\330V\261\340\237\032"
 105      30B83A7C 
 105      A2686D6C 
 105      D856B1E0 
 105      9F1A
 106 014c FF18A800 		.ascii	"\377\030\250\000\271\226\024\015\331\366\321\322\357"
 106      B996140D 
 106      D9F6D1D2 
 106      EF
 107 0159 E749A749 		.ascii	"\347I\247I\017\360d\010\006\005\271\030\342\223B|\245"
 107      0FF06408 
 107      0605B918 
 107      E293427C 
 107      A5
 108 016a 8F532F49 		.ascii	"\217S/I\311\177\265\210\0047\345j\220\242M\031\254 "
 108      C97FB588 
 108      0437E56A 
 108      90A24D19 
 108      AC20
 109 017c 31917B79 		.ascii	"1\221{yMq\315V>\362\326\343<|\246\363\035hn[?f\036w"
 109      4D71CD56 
 109      3EF2D6E3 
 109      3C7CA6F3 
 109      1D686E5B 
 110 0194 85B2B80A 		.ascii	"\205\262\270\012G\005\010\200\034wO\365\276\345\304"
 110      47050880 
 110      1C774FF5 
 110      BEE5C4
 111 01a3 906EEE77 		.ascii	"\220n\356w\224\201;\310b\235\315\013\214\302t)\027v"
ARM GAS  /tmp/ccbcc45o.s 			page 8


 111      94813BC8 
 111      629DCD0B 
 111      8CC27429 
 111      1776
 112 01b5 7984FEED 		.ascii	"y\204\376\3551\214\271\014\374\260\220'\206\005$_\333"
 112      318CB90C 
 112      FCB09027 
 112      8605245F 
 112      DB
 113 01c6 BBCB9688 		.ascii	"\273\313\226\210\304\215\255$\225\240G\245\\\307\363"
 113      C48DAD24 
 113      95A047A5 
 113      5CC7F3
 114 01d5 0FCA8EF5 		.ascii	"\017\312\216\365\355\010\350\270\353\012\270\001\337"
 114      ED08E8B8 
 114      EB0AB801 
 114      DF
 115 01e2 732DDA99 		.ascii	"s-\332\231\324'\351Q\020Fg\021\"\376ya\237W36\007\241"
 115      D427E951 
 115      10466711 
 115      22FE7961 
 115      9F573336 
 116 01f8 6F09A283 		.ascii	"o\011\242\203o\255\312ac\001\214\263\024\012\304.(\\"
 116      6FADCA61 
 116      63018CB3 
 116      140AC42E 
 116      285C
 117 020a 6B871BED 		.ascii	"k\207\033\3550Gk\260HO\352M\372\210\307\030\364\302"
 117      30476BB0 
 117      484FEA4D 
 117      FA88C718 
 117      F4C2
 118 021c C877CEE6 		.ascii	"\310w\316\346\202Lj\000\230 4\251\366\200\217\374\267"
 118      824C6A00 
 118      982034A9 
 118      F6808FFC 
 118      B7
 119 022d 914116AE 		.ascii	"\221A\026\256f\344\344\277\270\356\303$nfY\355\\I\037"
 119      66E4E4BF 
 119      B8EEC324 
 119      6E6659ED 
 119      5C491F
 120 0240 F2B4422C 		.ascii	"\362\264B,\317\211i\356\265\177@\242Z\330\212\317\257"
 120      CF8969EE 
 120      B57F40A2 
 120      5AD88ACF 
 120      AF
 121 0251 02C4B792 		.ascii	"\002\304\267\222\031\233\256b\023\022\3471\205\260\314"
 121      199BAE62 
 121      1312E731 
 121      85B0CC
 122 0260 E4638452 		.ascii	"\344c\204R\263\371Vz3`\020E\265\347hk\2449r\374\244"
 122      B3F9567A 
 122      33601045 
 122      B5E7686B 
 122      A43972FC 
 123 0275 79266EB6 		.ascii	"y&n\2666\265\231m\221f3~\356lKS4nF[\242\345e\303)!#"
ARM GAS  /tmp/ccbcc45o.s 			page 9


 123      36B5996D 
 123      9166337E 
 123      EE6C4B53 
 123      346E465B 
 124 0290 31158DC7 		.ascii	"1\025\215\307\320\374\007\034\32381"
 124      D0FC071C 
 124      D33831
 125              		.text
 126              		.section	.gnu.lto__reads.8e24f676b7818942,"",%progbits
 127 0000 789C9592 		.ascii	"x\234\225\222\337KTA\024\307\347;sw\357\256\354\252"
 127      DF4B5441 
 127      14C7E73B 
 127      7377EFAE 
 127      ECAA
 128 0012 4F3D8895 		.ascii	"O=\210\225/b\022y\211\242\267\236\202^\203\372\013\264"
 128      2F621279 
 128      89A2B79E 
 128      825E83FA 
 128      0BB4
 129 0024 0417DC92 		.ascii	"\004\027\334\222\266\367\035\367\272b\364b\220K\232"
 129      B6F71DF7 
 129      BA62F462 
 129      904B9A
 130 0033 B1412CDA 		.ascii	"\261A,\332\017\177e\231kj\213DA\245Q\351C\010\221\026"
 130      0F7F6599 
 130      6B6A8B44 
 130      41A551E9 
 130      43089116 
 131 0047 1111D866 		.ascii	"\021\021\330f\021\022\272\2353\327\262|\311\006\356"
 131      1112BA9D 
 131      33D7B27C 
 131      C906EE
 132 0056 DC3B67E6 		.ascii	"\334;g\346\373\231\363=\347Z\002\202G\300\022\342\000"
 132      FB99F33D 
 132      E75A0282 
 132      47C012E2 
 132      00
 133 0067 BDF7D303 		.ascii	"\275\367\323\003\237\200l\237\021\2429 \245\232u\204"
 133      9F806C9F 
 133      11A23920 
 133      A59A7584 
 134 0077 2EB2C677 		.ascii	".\262\306w\010\035R\260\274\260\005\360\207\016@\304"
 134      081D52B0 
 134      BCB005F0 
 134      870E40C4 
 135 0087 A5B210C7 		.ascii	"\245\262\020\3077\271*\361\274e\260[}\225I%`\3212?\335"
 135      37B92AF1 
 135      BC65B05B 
 135      7D954925 
 135      60D1323F 
 136 009c F5B69897 		.ascii	"\365\266\230\227@\005-/\351\027g\355\352\036\255\023"
 136      40052D2F 
 136      E91767ED 
 136      EA1EAD13 
 137 00ac FA4DF275 		.ascii	"\372M\362uIgo\316J*)\012R\240\027\345\350A9\337}\015"
 137      49676FCE 
 137      4A2A290A 
ARM GAS  /tmp/ccbcc45o.s 			page 10


 137      52A017E5 
 137      E84139DF 
 138 00c2 D574F6E5 		.ascii	"\325t\366\345\364\\\273\255vC\320\367p\333\225l\250"
 138      F45CBBAD 
 138      7643D0F7 
 138      70DB956C 
 138      A8
 139 00d3 2AC33ABD 		.ascii	"*\303:\275rB\007\223J\341:\324\237:\012\011\334@\025"
 139      72420793 
 139      4AE13AD4 
 139      9F3A0A09 
 139      DC4015
 140 00e6 9DFE716E 		.ascii	"\235\376qn.\025T5F\331\234\031I\313u\345p=+-\334\334"
 140      2E155435 
 140      46D99C19 
 140      49CB75E5 
 140      703D2B2D 
 141 00fc ACB404FA 		.ascii	"\254\264\004\372\214rU_H\025\253\275F\3319\3251\037"
 141      8C72555F 
 141      4815ABBD 
 141      46D939D5 
 141      311F
 142 010e 5E57BE32 		.ascii	"^W\2762J\211\376\315JZ\014\240\212\217//\315=\011\252"
 142      4A89FECD 
 142      4A5A0CA0 
 142      8A8F2F2F 
 142      CD3D09AA 
 143 0122 7D469A1E 		.ascii	"}F\232\036u\273\212+\257\2624\267\234A\247\316\265T"
 143      75BB8A2B 
 143      AFB234B7 
 143      9C41A7CE 
 143      B554
 144 0134 24950F83 		.ascii	"$\225\017\203\177\313y\320\351\305\241\265\216\260\277"
 144      7FCB79D0 
 144      E9C5A1B5 
 144      8EB0BF
 145 0143 45D3A8C0 		.ascii	"E\323\250\300\020*\271\034T\205[\360s_\006\216\346t"
 145      102AB91C 
 145      54855BF0 
 145      735F068E 
 145      E674
 146 0155 A1E0EA5C 		.ascii	"\241\340\352\\\376\340\303\363\207K`.\224`\253\026%"
 146      FEE0C3F3 
 146      874B602E 
 146      9460AB16 
 146      25
 147 0166 E0F7F1E4 		.ascii	"\340\367\361\344\347\311\006o\005\330O\220\247\"\260"
 147      E7C9066F 
 147      05D84F90 
 147      A722B0
 148 0175 AB106F85 		.ascii	"\253\020o\205y\022\3423\201\271iy)\371\255\026\221\340"
 148      7912E233 
 148      81B96979 
 148      29F9AD16 
 148      91E0
 149 0187 FCCC5574 		.ascii	"\374\314Ut\261Kv\336#1\226\237(\343\220\253\270\203"
 149      B14B76DE 
ARM GAS  /tmp/ccbcc45o.s 			page 11


 149      2331969F 
 149      28E390AB 
 149      B883
 150 0199 A9E4D433 		.ascii	"\251\344\3243\233;\3503\326\276?z\334\026J\3432\222"
 150      9B3BE833 
 150      D6BE3F7A 
 150      DC164AE3 
 150      3292
 151 01ab CAA6F318 		.ascii	"\312\246\363\030f\037\024\317\274K\364\333\316\036."
 151      661F14CF 
 151      BC4BF4DB 
 151      CE1E2E
 152 01ba D26DA4B1 		.ascii	"\322m\244\261\306\026\004\356\3001\304\205m\036\320"
 152      C61604EE 
 152      C031C485 
 152      6D1ED0
 153 01c9 B735C288 		.ascii	"\2675\302\210!\260{\3345\004\367b\353\003\351!8-\002"
 153      21B07BDC 
 153      3504F762 
 153      EB03E921 
 153      382D02
 154 01dc 8905B4CC 		.ascii	"\211\005\264\314\270e\277c\266\251f^*1\353\030_+\333"
 154      B865BF63 
 154      B6A9665E 
 154      2A31EB18 
 154      5F2BDB
 155 01ef 8D2DAA88 		.ascii	"\215-\252\210\313\326i\313\372\345\271Txaxn'\253=J`"
 155      CBD669CB 
 155      FAE5B954 
 155      7861786E 
 155      27AB3D4A 
 156 0204 2BC95918 		.ascii	"+\311Y\0305\311\231\026e\275\344\272[g\225\207\010\022"
 156      35C99916 
 156      65BDE4BA 
 156      5B679587 
 156      0812
 157 0216 8593FB80 		.ascii	"\205\223\373\200Vms\210\265\331\354\247y;\276\252\333"
 157      566D7388 
 157      B5D9ECA7 
 157      793BBEAA 
 157      DB
 158 0227 B42E4DAA 		.ascii	"\264.M\252@\201\215a\014q\341\252\"#\241\313\202&\225"
 158      40818D61 
 158      0C71E1AA 
 158      2223A1CB 
 158      822695
 159 023a A1FB3B3D 		.ascii	"\241\373;=N\350\237\251\364\361\357R\312\305\272\267"
 159      4EE89FA9 
 159      F4F1EF52 
 159      CAC5BAB7 
 160 024a 51AC712F 		.ascii	"Q\254q/\237\224\337\243\204\011M,F\247L\223\377\203"
 160      9F94DFA3 
 160      84094D2C 
 160      46A74C93 
 160      FF83
 161 025c 3AB1419D 		.ascii	":\261A\235\204C,\361\221\212Z\210xd\216\177\001\301"
 161      84432CF1 
ARM GAS  /tmp/ccbcc45o.s 			page 12


 161      918A5A88 
 161      78648E7F 
 161      01C1
 162 026e 6D49935F 		.ascii	"mI\223_=]\002\375\\\340\002Sav\035j\210\324E\216\034"
 162      3D5D02FD 
 162      5CE00253 
 162      61761D6A 
 162      88D4458E 
 163 0283 734EC59C 		.ascii	"sN\305\234\206\332F\2471R\347\304\316\234\256\257\215"
 163      86DA46A7 
 163      3152E7C4 
 163      CE9CAEAF 
 163      8D
 164 0294 C69C687D 		.ascii	"\306\234h}t\375\263\346\270\220\221&Y\327\204\223*\032"
 164      74FDB3E6 
 164      B8909126 
 164      59D78493 
 164      2A1A
 165 02a6 6BFA0989 		.ascii	"k\372\011\211>M\355"
 165      3E4DED
 166              		.text
 167              		.section	.gnu.lto__writes.8e24f676b7818942,"",%progbits
 168 0000 789C9552 		.ascii	"x\234\225R\337KTA\024>g\346\336\275\273\313\256\371"
 168      DF4B5441 
 168      143E67E6 
 168      DEBDBBCB 
 168      AEF9
 169 0012 1688862F 		.ascii	"\026\210\206/b\022y\211\"\350\271? \250\277@Kp\301-"
 169      62127989 
 169      22E8B93F 
 169      20A8BF40 
 169      4B70C12D 
 170 0026 697BDF71 		.ascii	"i{\337q\357^1z\361!\2274c\213X\264\362g\376\3105\255"
 170      EF5E317A 
 170      F1219734 
 170      638B58B4 
 170      F267FEC8 
 171 003c 4508A1D2 		.ascii	"E\010\241\322\260\\z\220\240,\"\242\250-\303\007\321"
 171      B05C7A90 
 171      A02C22A2 
 171      A82DC307 
 171      D1
 172 004d ED9CB95B 		.ascii	"\355\234\271[\226/\331\300\235;s\346|\337|\3379c\000"
 172      962FD9C0 
 172      9D3B73E6 
 172      7CDF7CDF 
 172      396300
 173 0060 020FBF01 		.ascii	"\002\017\277\001p\224\376G\350C\023Pt.\002\264\371\205"
 173      7094FE47 
 173      E8431350 
 173      742E02B4 
 173      F985
 174 0072 90CB36A8 		.ascii	"\220\3136\250\2401\263\017TH\242\341\205\015D^(?B\\"
 174      A031B30F 
 174      5448A2E1 
 174      850D445E 
 174      283F425C 
ARM GAS  /tmp/ccbcc45o.s 			page 13


 175 0086 4803E3F8 		.ascii	"H\003\343\370Cl\012\\J\216\364\3125\341J@\203\266\205"
 175      436C0A5C 
 175      4A8EF4CA 
 175      35E14A40 
 175      83B685
 176 0099 859EB765 		.ascii	"\205\236\267e\274E\254\246\355U\365\374\242U\327\247"
 176      BC45ACA6 
 176      ED55F5FC 
 176      A255D7A7 
 177 00a9 5442BD7E 		.ascii	"TB\275~\364rOw\177\316p\245\200\242\000\354\307J\354"
 177      F4724F77 
 177      7FCE70A5 
 177      80A200EC 
 177      C74AEC
 178 00bc C34ABEFB 		.ascii	"\303J\276\373\026\326Q\356\213\205|\247%\017 \320z\254"
 178      16D651EE 
 178      8B857CA7 
 178      250F20D0 
 178      7AAC
 179 00ce E37A3654 		.ascii	"\343z6T\233a\234\3328\243\002\256\224x\033\345\2378"
 179      9B619CDA 
 179      38A302AE 
 179      94781BE5 
 179      9F38
 180 00e0 0A01DEC1 		.ascii	"\012\001\336\301Z\312\336\270\224O\005d\275F\266e&\323"
 180      5ACADEB8 
 180      944F0564 
 180      BD46B665 
 180      26D3
 181 00f2 A2845C6A 		.ascii	"\242\204\\jb\244\201\003;\221\006\340\240Fn\252\313"
 181      62A48103 
 181      3B9106E0 
 181      A0466EAA 
 181      CB
 182 0103 A9327948 		.ascii	"\2512yH#\273\347\272V\302%\344\272F\012\034\332\211"
 182      23BBE7BA 
 182      56C225E4 
 182      BA460A1C 
 182      DA89
 183 0115 A4CD30D6 		.ascii	"\244\3150\326r\372\367/\371'\001yXC\323SNOY\315M\206"
 183      72FAF72F 
 183      F9270179 
 183      5843D353 
 183      4E4F59CD 
 184 012b E61E66B0 		.ascii	"\346\036f\260[\345\222\325\2564q\344o8\017\312^\035"
 184      5BE592D5 
 184      AE3471E4 
 184      6F380FCA 
 184      5E1D
 185 013d DDEA0AFB 		.ascii	"\335\352\012\373\222\212F5\216b\015\227\203\252p\027"
 185      928A4635 
 185      8E620D97 
 185      83AA7017 
 186 014d 7DDC97E1 		.ascii	"}\334\227\341\2239U,:*7{l\376\225\271\007\365\205\002"
 186      9339552C 
 186      3A2A377B 
 186      6CFE95B9 
ARM GAS  /tmp/ccbcc45o.s 			page 14


 186      07F58502 
 187 0161 D9AA4102 		.ascii	"\331\252A\002|&O>\236,\344#?-\255\000OAdW!>\012\363"
 187      7C264F3E 
 187      9E2CE423 
 187      3F2DAD00 
 187      4F416457 
 188 0179 04F09588 		.ascii	"\004\360\225\210\271i\005!\370/W1\301\372\364Ut\261"
 188      B9690521 
 188      F82F5731 
 188      C1FAF455 
 188      74B1
 189 018b 4376DE63 		.ascii	"Cv\336cb\2720^\301!Gr\007S\356\3343\213;hjk\353\363"
 189      62BA305E 
 189      C1214772 
 189      0753EEDC 
 189      338B3B68 
 190 01a3 8F3B4269 		.ascii	"\217;Bi\274\206\256\364S>\216\261\017\212g\336%\206"
 190      BC86AEF4 
 190      533E8EB1 
 190      0F8A67DE 
 190      2586
 191 01b5 2CFB2017 		.ascii	",\373 \027i\034\323\270\305\026\000'\320\326\2147\366"
 191      691CD3B8 
 191      C5160027 
 191      D0D68C37 
 191      F6
 192 01c6 7A84E6EE 		.ascii	"z\204\346\356\030&5\003\273\307{\232\301\271\322\376"
 192      18263503 
 192      BBC77B9A 
 192      C1B9D2FE 
 193 01d6 5478142C 		.ascii	"Tx\024,\213\210\340\015&\027\235\212\3371KW\263 $,\333"
 193      8B88E00D 
 193      26179D8A 
 193      DF314B57 
 193      B320242C 
 194 01eb DA57BE4A 		.ascii	"\332W\276J\333\242\2128l\235\216\214_\236\313\301\013"
 194      DBA28A38 
 194      6C9D8E8C 
 194      5F9ECBC1 
 194      0B
 195 01fc A3E776A2 		.ascii	"\243\347v\242\312c\361\357F\234\205SZ\234nQ\326\023"
 195      CA63F1EF 
 195      469C8553 
 195      5A9C6E51 
 195      D613
 196 020e D7DBBE56 		.ascii	"\327\333\276V\022\027p\030f\302\007lW\026\207\030\233"
 196      12177018 
 196      66C2076C 
 196      57168718 
 196      9B
 197 021f CD7E5AB1 		.ascii	"\315~Z\261\342\233\252C\251rW\006\212l\014\2471\016"
 197      E29BAA43 
 197      A9725706 
 197      8A6C0CA7 
 197      310E
 198 0231 3A3F483A 		.ascii	":?H:\\\031\324RF'+=\236\320?\245\014\362s)\347b\335"
 198      5C19D452 
ARM GAS  /tmp/ccbcc45o.s 			page 15


 198      46272B3D 
 198      9ED03FA5 
 198      0CF27329 
 199 0248 DF2ED68C 		.ascii	"\337.\326\214\247'\345\363X\302DM\\L\235\322M\376\017"
 199      A727E5F3 
 199      58C2444D 
 199      5C4C9DD2 
 199      4DFE0F
 200 025b D6D96DD6 		.ascii	"\326\331m\326\007h\023\027|\244\242\256D<f\216\177C"
 200      07681317 
 200      7CA4A2AE 
 200      443C668E 
 200      7F43
 201 026d 22B7044D 		.ascii	"\"\267\004M>9\360\031\351q!\027\230\012\263\377xs\244"
 201      3E39F019 
 201      E9712117 
 201      980AB3FF 
 201      7873A4
 202 0280 3172E294 		.ascii	"1r\342\224}.f77\264\330-\221F;v\341|SC4fG\233\242\245"
 202      7D2E6637 
 202      37B4D82D 
 202      91463B76 
 202      E17C5343 
 203 029a 65FD6910 		.ascii	"e\375i\020\221V\321\330\212ge4\326\372\023\335\030M"
 203      9156D1D8 
 203      8A676534 
 203      D6FA13DD 
 203      184D
 204 02ac 34       		.ascii	"4"
 205              		.text
 206              		.section	.gnu.lto_msObjectInit.8e24f676b7818942,"",%progbits
 207 0000 789C9593 		.ascii	"x\234\225\223\313kSA\024\306\347\273s\363\322\246\270"
 207      CB6B5341 
 207      14C6E7BB 
 207      73F3D2A6 
 207      B8
 208 0011 B742C145 		.ascii	"\267B\301E,\242W7n\204n\\\270\024\354_\320HJ\203\015"
 208      2CA25737 
 208      6E846E5C 
 208      B814EC5F 
 208      D0484A83 
 209 0026 9546376E 		.ascii	"\225F7n2y\\\242\033\251\370@\203% \224\324\326\244I"
 209      32795CA2 
 209      1BA9F840 
 209      83252094 
 209      D4D6A449 
 210 003a 7DD65A13 		.ascii	"}\326Z\023\003\"\266\250\010VpU\361\021\260\240mH\245"
 210      0322B6A8 
 210      08567055 
 210      F111B0A0 
 210      6D48A5
 211 004d 5068E339 		.ascii	"Ph\3439\223\273\320\342\302\016\\f\346\334\371~\347"
 211      93BBD0E2 
 211      C20E5C66 
 211      E6DCF97E 
 211      E7
 212 005e CC77EE35 		.ascii	"\314w\3565\005\004\217\264\024\242\233\346\335\364@"
ARM GAS  /tmp/ccbcc45o.s 			page 16


 212      05048FB4 
 212      14A29BE6 
 212      DDF440
 213 006d 0A18C36F 		.ascii	"\012\030\303o\204\210{\015\200\027\312\013\0213\020"
 213      84887B0D 
 213      8017CA0B 
 213      113310
 214 007c C32F63C3 		.ascii	"\303/c\303@5]\2336\272r\212\306\247o\215Cj\254\002\233"
 214      40355D9B 
 214      36BA728A 
 214      C6A76F8D 
 214      436AAC02 
 215 0091 E44D4393 		.ascii	"\344MC\223\004r\350\242S\357R\305[r\325\260%`\322\266"
 215      0472E8A2 
 215      53EF52C5 
 215      5B72D5B0 
 215      2560D2B6 
 216 00a5 FE3AF3A5 		.ascii	"\376:\363\245\235\267\006:i\333X^\230\367\311\375\020"
 216      9DB7063A 
 216      69DB585E 
 216      98F7C9FD 
 216      10
 217 00b6 B41EBF9A 		.ascii	"\264\036\277\232o\017\214*\225P\352JH\371l)1\016I8\334"
 217      6F0F8C2A 
 217      9550EA4A 
 217      48F96C29 
 217      310E4938 
 218 00cb 4107C6D0 		.ascii	"A\007\306\320!($0\201\000\035\316\245f>\372\244\245"
 218      21282430 
 218      81001DCE 
 218      A5663EFA 
 218      A4A5
 219 00dd 85EF6B23 		.ascii	"\205\357k#\2716GY\326J\023w\267*M\201\274V\336\216/"
 219      B9364759 
 219      D64A1377 
 219      B72A4D81 
 219      BC56DE8E 
 220 00f2 CCFBE511 		.ascii	"\314\373\345\021\255L\347g\277;9+\245\364\236\233\252"
 220      AD4CE767 
 220      BF3B392B 
 220      A5F49E9B 
 220      AA
 221 0103 62DAD285 		.ascii	"b\332\322\205\302V\261K`R\213\327r\325\027\246<\252"
 221      C256B14B 
 221      60528BD7 
 221      72D517A6 
 221      3CAA
 222 0115 C58B7397 		.ascii	"\305\213s\227.\357p\322fuZ\027\212\377P\226\020\340"
 222      2EEF70D2 
 222      66755A17 
 222      8AFF5096 
 222      10E0
 223 0127 E39F4B9B 		.ascii	"\343\237K\233\327\374\356\024\333\325\3312\011Sp\263"
 223      D7FCEE14 
 223      DBD5D932 
 223      095370B3 
 224 0137 ED93272B 		.ascii	"\355\223'+\252\331L*5}xq\357N\362\232\256h\202\313u"
ARM GAS  /tmp/ccbcc45o.s 			page 17


 224      AAD94C2A 
 224      357D7871 
 224      EF4EF29A 
 224      AE6882CB 
 225 014c 83F37AA1 		.ascii	"\203\363z\241\031b\205D\334\206\272a\360,kH\254\247"
 225      19628544 
 225      DC86BA61 
 225      F02C6B48 
 225      ACA7
 226 015e 3F8C7433 		.ascii	"?\214t3\207\022\\\267\253o=l\255\324\345\255\275\234"
 226      87125CB7 
 226      AB6F3D6C 
 226      ADD4E5AD 
 226      BD9C
 227 0170 BBD096C5 		.ascii	"\273\320\226\305H\2343\372m\351N\222\347\367\250(~9"
 227      489C33FA 
 227      6DE94E92 
 227      E7F7A828 
 227      7E39
 228 0182 FA3551F0 		.ascii	"\3725Q\360X\007l\351\301}d\261\251{\206\007\260\376"
 228      58076CE9 
 228      C17D64B1 
 228      A97B8607 
 228      B0FE
 229 0194 E4783427 		.ascii	"\344x4'\271^n\264\3076\324\015\245vQ\354\"\265\230\303"
 229      B95E6EB4 
 229      C736D40D 
 229      A57651EC 
 229      22B598C3 
 230 01a8 AF3213A7 		.ascii	"\2572\023\247\231>\254\303^<\242\317\342\241Co.M\025"
 230      993EACC3 
 230      5E3CA2CF 
 230      E2A1436F 
 230      2E4D15
 231 01bb 7C2D89EA 		.ascii	"|-\211\352a\316c\312A\374i\304\004\025\235\251\377\250"
 231      61CE63CA 
 231      41FC69C4 
 231      04159DA9 
 231      FFA8
 232 01cd 4BA7E8FF 		.ascii	"K\247\350\377\253\322\304\023]%\273\205\031XIj'\203"
 232      ABD2C413 
 232      5D25BB85 
 232      1958496A 
 232      2783
 233 01df 4A3FB709 		.ascii	"J?\267\011r\341\251\006i\373g\031\344nU\264}\3203\015"
 233      72E1A906 
 233      69FB6719 
 233      E46E55B4 
 233      7DD0330D 
 234 01f3 62375066 		.ascii	"b7Pf\220\227A\253\305\345m\203*\032d2\350\371\337\015"
 234      909741AB 
 234      C5E56D83 
 234      2A1A6432 
 234      E8F9DF0D 
 235 0207 7041A04A 		.ascii	"pA\240J\202%$*\345\343\214\325\177\326\012\371@\375"
 235      8225242A 
 235      E5E38CD5 
ARM GAS  /tmp/ccbcc45o.s 			page 18


 235      7FD60AF9 
 235      40FD
 236 0219 A73BEC3B 		.ascii	"\247;\354;\326\037\016\206O\364X\203Q\253\277w\300\032"
 236      D61F0E86 
 236      4FF45883 
 236      51ABBF77 
 236      C01A
 237 022b 0807ADE8 		.ascii	"\010\007\255\350\331\241Po$jEB\021gy\360\224\220\221"
 237      D9A1506F 
 237      246A4542 
 237      116779F0 
 237      949091
 238 023e E81977F0 		.ascii	"\350\031w\360\\__h\310\214\206\317\207dh0\372\033\026"
 238      5C5F5F68 
 238      C88C86CF 
 238      87646830 
 238      FA1B16
 239 0251 6842B5   		.ascii	"hB\265"
 240              		.text
 241              		.section	.gnu.lto_vmt.8e24f676b7818942,"",%progbits
 242 0000 789C6361 		.ascii	"x\234ca`d\000\201\231@\254\305\000\001\177\231\030w"
 242      60640081 
 242      9940ACC5 
 242      00017F99 
 242      1877
 243 0012 EE7C739B 		.ascii	"\356|s\233\275\376oCGC\303\203\247\257\035$Z\231\031"
 243      BDFE6F43 
 243      4743C383 
 243      A7AF1D24 
 243      5A9919
 244 0025 FE336148 		.ascii	"\3763aH5|elef\374\317\304\210!q\025(\301\364\237\211"
 244      357C656C 
 244      6566FCCF 
 244      C4882171 
 244      1528C1F4 
 245 003b 09436233 		.ascii	"\011Cb3P\202\371?\0233X\342\353\263'\3739,\2665t,hp"
 245      5082F93F 
 245      133358E2 
 245      EBB327FB 
 245      392CB635 
 246 0053 686566F9 		.ascii	"hef\371\307\304\300\270\212\261\376\037\023#\343J\020"
 246      C7C4C0B8 
 246      8AB1FE1F 
 246      1323E34A 
 246      10
 247 0064 C5C4B802 		.ascii	"\305\304\270\002D13.g\254g`\\\315h\301\240\341\234\221"
 247      4431332E 
 247      67AC6760 
 247      5CCD68C1 
 247      A0E19C91 
 248 0078 9994E91F 		.ascii	"\231\224\351\037\254\237_\254\237\221\230\243\237\223"
 248      AC9F5FAC 
 248      9F9198A3 
 248      9F93
 249 0086 99A45F5C 		.ascii	"\231\244_\\R\224\232\230[\254\237\233\232\013e\352%"
 249      52949A98 
 249      5BAC9F9B 
ARM GAS  /tmp/ccbcc45o.s 			page 19


 249      9A0B65EA 
 249      25
 250 0097 3300007B 		.ascii	"3\000\000{`M\272"
 250      604DBA
 251              		.text
 252              		.section	.gnu.lto_.symbol_nodes.8e24f676b7818942,"",%progbits
 253 0000 789C5DC9 		.ascii	"x\234]\311\273\015\2000\020\203a\307\2270\000\013\000"
 253      BB0D8030 
 253      108361C7 
 253      9730000B 
 253      00
 254 0011 93DE5594 		.ascii	"\223\336U\224\210\206w\003[ \206`\012J\206 \002\321"
 254      88867703 
 254      5B208660 
 254      0A4A8620 
 254      02D1
 255 0023 C4CD2F7D 		.ascii	"\304\315/}\366ph\020\307\201\012\264'\020\263\257\233"
 255      F6706810 
 255      C7810AB4 
 255      2710B3AF 
 255      9B
 256 0034 49B491EA 		.ascii	"I\264\221\352R\353\251L\255\243Jj3\325\377vX\005\204"
 256      52EBA94C 
 256      ADA34A6A 
 256      33D5FF76 
 256      580584
 257 0047 89B01C10 		.ascii	"\211\260\034\020\267P\303{\001fe\024f\270\352\273\020"
 257      B750C37B 
 257      01666514 
 257      66B8EABB 
 257      10
 258 0058 F98A079C 		.ascii	"\371\212\007\234\027$\223"
 258      172493
 259              		.text
 260              		.section	.gnu.lto_.refs.8e24f676b7818942,"",%progbits
 261 0000 789C05C1 		.ascii	"x\234\005\301\261\001\000\000\010\303\2404\326\335\377"
 261      B1010000 
 261      08C3A034 
 261      D6DDFF
 262 000f AF154A38 		.ascii	"\257\025J8 u\323uT\014\017\0037\000:"
 262      2075D375 
 262      540C0F03 
 262      37003A
 263              		.text
 264              		.section	.gnu.lto_.decls.8e24f676b7818942,"",%progbits
 265 0000 789CA557 		.ascii	"x\234\245W{LT\351\025\277\347\336;\017\206q4b7\266!"
 265      7B4C54E9 
 265      15BFE7DE 
 265      3B0F8671 
 265      346237B6 
 266 0015 A9BB6113 		.ascii	"\251\273a\023\376\221Qw\267\255I\223vC7\2336aI\352j"
 266      FE915177 
 266      B7AD4993 
 266      7643379B 
 266      366149EA 
 267 002a FF693205 		.ascii	"\377i2\005\034d\032f\240\314P\265\177]\025|\240vQ\024"
 267      1C641A66 
ARM GAS  /tmp/ccbcc45o.s 			page 20


 267      A0CC50B5 
 267      7F5D157C 
 267      A0765114 
 268 003e 454410AC 		.ascii	"ED\020\254\212\210 \370\026d\024y\350\"+(\312\303\007"
 268      8A8820F8 
 268      16641479 
 268      E8222B28 
 268      CAC307
 269 0051 283E5096 		.ascii	"(>P\226\207 \210\200\364|\337w\347\336\031\034\266\333"
 269      87208880 
 269      F47CDF77 
 269      E7DE191C 
 269      B6DB
 270 0063 EC0D67EE 		.ascii	"\354\015g\356\375\316\234\363;\347\374\316\371\276;"
 270      FDCE9CF3 
 270      3BE7FCCE 
 270      F9BE3B
 271 0072 881C70E4 		.ascii	"\210\034p\344Z:\233\343v\361\034\3677\224)\274t\250"
 271      5A3A9BE3 
 271      76F11CF7 
 271      379429BC 
 271      74A8
 272 0084 5BC1A997 		.ascii	"[\301\251\227\026\345\012J-J3J;\212\016]\347\243\020"
 272      16E50A4A 
 272      2D4A334A 
 272      3B8A0E5D 
 272      E7A310
 273 0097 849F03E7 		.ascii	"\204\237\003\347s\021[\003\312\\\224y(U(\313QN\242\210"
 273      73115B03 
 273      CA5C9479 
 273      285528CB 
 273      514EA288 
 274 00ab 681B89F7 		.ascii	"h\033\211\367F\024\036\237\033\360.\020'|\036\307\333"
 274      46141E9F 
 274      1BF02E10 
 274      277C1EC7 
 274      DB
 275 00bc 047BA418 		.ascii	"\004{\244\030\323\257\332\031p\011&\301\366\207K0\247"
 275      D3AFDA19 
 275      700926C1 
 275      F6874B30 
 275      A7
 276 00cd BC706BFD 		.ascii	"\274pk\375\3406O\303m\220q\033\275\362%\230\277@Y\000"
 276      E0364FC3 
 276      6D90711B 
 276      BDF22598 
 276      BF405900 
 277 00e1 EFE3F232 		.ascii	"\357\343\3622\306|x\037\233p\025\350\007\373\216\037"
 277      C67C781F 
 277      9B7015E8 
 277      07FB8E1F 
 278 00f1 2EBCF1BD 		.ascii	".\274\361\275\371\340e\034\177\370\244\017\001\034\353"
 278      F9E0651C 
 278      7FF8A40F 
 278      011CEB
 279 0100 972706C1 		.ascii	"\227'\006\301m\224c\021\334\021\274\277F\321\240\274"
 279      6D946311 
ARM GAS  /tmp/ccbcc45o.s 			page 21


 279      DC11BCBF 
 279      46D1A0BC 
 280 0110 95313DF8 		.ascii	"\2251=\370S2/\272\031zI\326\304\257\017\345)\312s\224"
 280      53322FBA 
 280      197A49D6 
 280      C4AF0FE5 
 280      29CA7394 
 281 0124 17329E88 		.ascii	"\0272\236\2102\210\362\012e\010\245_\326\021\216\257"
 281      3288F20A 
 281      6508A55F 
 281      D6118EAF 
 282 0134 70EAAC4C 		.ascii	"p\352\254L\277&yxWV3f\352\2006\300\332`\016\325\002"
 282      BF267978 
 282      57563366 
 282      EA8036C0 
 282      DA600ED5 
 283 0149 B04FA0C2 		.ascii	"\260O\240\3021\241KN\375ST\3401\224\327\274\347\221"
 283      31A14B4E 
 283      FD5354E0 
 283      3194D7BC 
 283      E791
 284 015b 53C0E89F 		.ascii	"S\300\350\237\307\177\312sQ\020\025\035d'\266\226\235"
 284      C77FCA73 
 284      5110151D 
 284      6427B696 
 284      9D
 285 016c 3990D7BC 		.ascii	"9\220\327\274\032\000\330\322\343\340\205\307\322\225"
 285      1A00D8D2 
 285      E3E085C7 
 285      D295
 286 017a E1D49C95 		.ascii	"\341\324\234\225\232\300St]\345\376\253\263\005\354"
 286      9AC05374 
 286      5DE5FEAB 
 286      B305EC
 287 0189 083EDF7C 		.ascii	"\010>\337|6\371\004\302\216Kx\245K\022\257S\251)I\355"
 287      36F904C2 
 287      8E4B78A5 
 287      4B12AF53 
 287      A92949ED 
 288 019d 2ED40FF3 		.ascii	".\324\017\363\020l\200) \353\336\363c\263\330\232|}"
 288      106C8029 
 288      20EBDEF3 
 288      63B3D89A 
 288      7C7D
 289 01af CA3D542C 		.ascii	"\312=T,\012s\3103\337T\336V\023\000\241\206\303\004"
 289      0A73C833 
 289      DF54DE56 
 289      1300A186 
 289      C304
 290 01c1 A6F3F5F0 		.ascii	"\246\363\365\360\347\033$\011\340\004\030\3408\010P"
 290      E71B2409 
 290      E00418E0 
 290      380850
 291 01d0 0861247A 		.ascii	"\010a$z0\031\355\315\222\264^\032\310\227\264\3639\370"
 291      3019EDCD 
 291      92B45E1A 
 291      C897B4F3 
ARM GAS  /tmp/ccbcc45o.s 			page 22


 291      39F8
 292 01e2 24181605 		.ascii	"$\030\026\005sP\014\241\004\223XA\021\004\3031\010&"
 292      73500CA1 
 292      04935841 
 292      1104C331 
 292      0826
 293 01f4 F885B947 		.ascii	"\370\205\271G\257\316\022\022)\376\367\273^n\026\024"
 293      AFCE1212 
 293      29FEF7BB 
 293      5E6E1614 
 294 0204 FCC14DC1 		.ascii	"\374\301M\301E\2224\007N\"~\211\212\217\341\374\007"
 294      45923407 
 294      4E227E89 
 294      8A8FE1FC 
 294      07
 295 0215 28F51FA0 		.ascii	"(\365\037\240\253\2772K'\222\276\023\240h\221\3502\257"
 295      ABBF324B 
 295      2792BE13 
 295      A06891E8 
 295      32AF
 296 0227 B5A76AA8 		.ascii	"\265\247j\250n\271\021\312\200\352\232RJ\367\013X\367"
 296      6EB911CA 
 296      80EA9A52 
 296      4AF70B58 
 296      F7
 297 0238 5C0388B8 		.ascii	"\\\003\210\270\034\274\261\357\261\011\227\363\014\260"
 297      1CBCB1EF 
 297      B10997F3 
 297      0CB0
 298 0246 0097A9DB 		.ascii	"\000\227\251\333\213\367\030p\251E\226\310\221\205\252"
 298      8BF71870 
 298      A94596C8 
 298      9185AA
 299 0255 EE81B767 		.ascii	"\356\201\267gD\246\"\371\256AUN\326\275\223&\241\032"
 299      44A622F9 
 299      AE41554E 
 299      D6BD9326 
 299      A11A
 300 0267 683555A3 		.ascii	"h5U\243%\265z\225\255\211p\312\326\005L\342\234Z\215"
 300      25B57A95 
 300      AD8970CA 
 300      D6054CE2 
 300      9C5A8D
 301 027a 562E06DB 		.ascii	"V.\006\333\262A\232[o\342\3404\246~\012S\207\363X\217"
 301      B2419A5B 
 301      6FE2E034 
 301      A67E0A53 
 301      87F3588F 
 302 028e 56AEE72C 		.ascii	"V\256\347,*\317\260z^\215\015\234\022\205\033,FeZoe"
 302      2ACFB07A 
 302      5E8D0D9C 
 302      12851B2C 
 302      46655A6F 
 303 02a3 80176361 		.ascii	"\200\027ca\224\261J\214qQ\215q\001f\016R\341?\310\335"
 303      94B14A8C 
 303      71518D71 
 303      01660E52 
ARM GAS  /tmp/ccbcc45o.s 			page 23


 303      E13FC8DD 
 304 02b7 6DB73AB4 		.ascii	"m\267:\264B\013\013R\266\245-K\003\206P\377\010n?\010"
 304      420B0B52 
 304      B6A52D4B 
 304      038650FF 
 304      086E3F08 
 305 02cb 2C9DD1C6 		.ascii	",\235\321\306?4m\302a\203*\314\347\222\232O%\315\007"
 305      3F346DC2 
 305      61832ACC 
 305      E7929A4F 
 305      25CD07
 306 02de A364A47E 		.ascii	"\243d\244~w[7?S\206] RC\0170\007\227a>~\226\203\310"
 306      775B373F 
 306      53865D20 
 306      52430F30 
 306      0797613E 
 307 02f6 AC5FB617 		.ascii	"\254_\266\027G~\224'\271K\245\316\273;\277\350*\330"
 307      477E9427 
 307      B94BA5CE 
 307      BB3BBFE8 
 307      2AD8
 308 0308 28A5AF93 		.ascii	"(\245\257\223\244\337S;8\252\302\343#\271\035\201\016"
 308      A4DF533B 
 308      38AAC2E3 
 308      23B91D81 
 308      0E
 309 0319 DC1757E0 		.ascii	"\334\027W\340#tMyT\224\252\027*\330V8q|\274\324\340"
 309      23744D79 
 309      5494AA17 
 309      2AD85638 
 309      717CBCD4 
 310 032e 693E9B87 		.ascii	"i>\233\207\354\2567#\372\231\023\251\241\211\\U\022"
 310      ECAE3723 
 310      FA9913A9 
 310      A1895C55 
 310      12
 311 033f C9BE3028 		.ascii	"\311\2760(\260L\334\347j\215,\015b\004\325j\026\325"
 311      B04CDCE7 
 311      6A8D2C0D 
 311      6204D56A 
 311      16D5
 312 0351 DE59D4D2 		.ascii	"\336Y\324\322,j;\236\215i\205\313,\213\373\365\205E"
 312      2C6A3B9E 
 312      8D6985CB 
 312      2C8BFBF5 
 312      8545
 313 0363 64DC22D9 		.ascii	"d\334\"\331@\315\366\332y\221l\347\035\032\353?k\024"
 313      40CDF6DA 
 313      79916CE7 
 313      1D1AEB3F 
 313      6B14
 314 0375 EAA9399F 		.ascii	"\352\2519\237\267\275\270G\2434\272*\363\257C\251\204"
 314      B7BDB847 
 314      A334BA2A 
 314      F3AF43A9 
 314      84
 315 0386 D906CCF3 		.ascii	"\331\006\314\363\272\0324R\331\032\357\265\351[lS\244"
ARM GAS  /tmp/ccbcc45o.s 			page 24


 315      BA1A3452 
 315      D91AEFB5 
 315      E95B6C53 
 315      A4
 316 0397 DCA66BA8 		.ascii	"\334\246k\250\254g\215n\255h\030\026(\031\015\312\356"
 316      AC678D6E 
 316      AD681816 
 316      28190DCA 
 316      EE
 317 03a8 D8F5BC2E 		.ascii	"\330\365\274.\300\230\246\242\320\215\243\262\321\010"
 317      C098A6A2 
 317      D08DA3B2 
 317      D108
 318 03b6 46F9E828 		.ascii	"F\371\350(m\334\333e\242\316\250\203\033l\037\355\316"
 318      6DDCDB65 
 318      A2CEA883 
 318      1B6C1FED 
 318      CE
 319 03c7 DABA4DD9 		.ascii	"\332\272M\331[\3371]\312TS>x\363\333\340\203\330D\371"
 319      5BDF315D 
 319      CA54533E 
 319      78F3DBE0 
 319      83D844F9 
 320 03db BDE9E1F7 		.ascii	"\275\351\341\367x\336\211&\243\322\351\337\346\226I"
 320      78DE8926 
 320      A3D2E9DF 
 320      E69649
 321 03ea D216F414 		.ascii	"\322\026\364\024\211\035\324\251\325\326yS\334L)\276"
 321      891DD4A9 
 321      D5D67953 
 321      DC4C29BE 
 322 03fa 75AC224E 		.ascii	"u\254\"N(\020`\246\322rZ\036\245\007\030\344\303#\375"
 322      281060A6 
 322      D2725A1E 
 322      A50718E4 
 322      C323FD
 323 040d 7F1F1E3D 		.ascii	"\177\037\036=\367\316N\030}\270h\361\311\374\216\302"
 323      F7CE4E18 
 323      7DB868F1 
 323      C9FC8EC2 
 324 041d 45C9D137 		.ascii	"E\311\3217\343\214\013\324\301mVwI\377\353M\312\250"
 324      E38C0BD4 
 324      C16D5677 
 324      49FFEB4D 
 324      CAA8
 325 042f DD65BA43 		.ascii	"\335e\272C\331\215\01743s\321F\271h\365p1P\334T.s\341"
 325      D98D0F34 
 325      3373D146 
 325      B968F570 
 325      3150DC54 
 326 0446 AEB0CA3C 		.ascii	"\256\260\312<\240\015\334Ry\270\345\315C;\345\341@\346"
 326      A00DDC52 
 326      79B8E5CD 
 326      433BE5E1 
 326      40E6
 327 0458 CE778142 		.ascii	"\316w\201B\321\314D\324\027\324\244i\024\335=\226Z\346"
 327      D1CC44D4 
ARM GAS  /tmp/ccbcc45o.s 			page 25


 327      17D4A469 
 327      14DD3D96 
 327      5AE6
 328 046a 8EF3A901 		.ascii	"\216\363\251\001J?\3573e\363@CN ;\027\347\340r\337\305"
 328      4A3FEF33 
 328      65F34043 
 328      4E203B17 
 328      E7E072DF 
 329 047f E1EB1AB6 		.ascii	"\341\353\032\266\324\343r\364\310\225\032Q8\307\002"
 329      D4E372F4 
 329      C8951A51 
 329      38C702
 330 048e E5AF6BF9 		.ascii	"\345\257k\371v\226P\301\026GR.\266\005\010\227\331b"
 330      769650C1 
 330      1647522E 
 330      B6050897 
 330      D962
 331 04a0 C7D4A1DB 		.ascii	"\307\324\241\333\001B=[L\365\017=0\012\015\362\342`"
 331      01423D5B 
 331      4CF50F3D 
 331      300A0DF2 
 331      E260
 332 04b2 EB6A1F82 		.ascii	"\353j\037\202\311nV\351x\252\020\334\267\361\302}\223"
 332      C96E56E9 
 332      78AA10DC 
 332      B7F1C27D 
 332      93
 333 04c3 709379F5 		.ascii	"p\223y\365\035\256\334$\370\2705\371\270=W\334Z\236"
 333      1DAEDC24 
 333      F8B835F9 
 333      B83D57DC 
 333      5A9E
 334 04d5 9D1F0914 		.ascii	"\235\037\011\024Z\230\333\255{\245\273x\037\2676\037"
 334      5A98DBAD 
 334      7BA5BB78 
 334      1FB7361F 
 335 04e5 B7178A5B 		.ascii	"\267\027\212[sEQ\243I\350`ng\236^\2535\260w\201D_\221"
 335      734551A3 
 335      49E8606E 
 335      679E5EAB 
 335      35B07781 
 336 04fc F7F337CF 		.ascii	"\367\3637\317\022\236\263/;r\333\332\301\007\263\306"
 336      129EB32F 
 336      3B72DBDA 
 336      C107B3C6 
 337 050c 07B3CF83 		.ascii	"\007\263\317\203\251}w)\307\255\207\220\240\220\220"
 337      A97D7729 
 337      C7AD8790 
 337      A09090
 338 051b 90D07C62 		.ascii	"\220\320|b\337y>\367w\031\033\244\372E\304\010\276\307"
 338      DF793EF7 
 338      77191BA4 
 338      FA45C408 
 338      BEC7
 339 052d 8E0E4090 		.ascii	"\216\016@\220\272e;\251\377i\362\311\355\220\337\334"
 339      BA653BA9 
 339      FF69F2C9 
ARM GAS  /tmp/ccbcc45o.s 			page 26


 339      ED90DFDC 
 340 053d 12B838E8 		.ascii	"\022\2708\350E\213\207\304\342\245\354\202\203\000\303"
 340      458B87C4 
 340      E2A5EC82 
 340      8300C3
 341 054c 38C18310 		.ascii	"8\301\203\020\002\257P\206P\372!\204\276\342i$\011\367"
 341      02AF5086 
 341      50FA2184 
 341      BEE26924 
 341      09F7
 342 055e 10A408A4 		.ascii	"\020\244\010\244@\350\231\036\307L\302,\016\236n\213"
 342      40E8991E 
 342      C74CC22C 
 342      0E9E6E8B 
 343 056e 1CC233BF 		.ascii	"\034\3023\277\266,%\037c\354\023<\361_\000E\246\347"
 343      B62C251F 
 343      63EC133C 
 343      F15F0045 
 343      A6E7
 344 0580 967B3C4A 		.ascii	"\226{<J\222\364\304\206\223gWf\373\370\376\256\243\306"
 344      92F4C486 
 344      93675766 
 344      FBF8FEAE 
 344      A3C6
 345 0592 20B946F7 		.ascii	" \271F\367\2145r~\013$Cy\260\372\271\311\247\007\257"
 345      8C35727E 
 345      0B244379 
 345      B0FAB9C9 
 345      A707AF
 346 05a5 BDF2E060 		.ascii	"\275\362\340`D\351\353\340D\316\331\0006\276\363p9\371"
 346      44E9EBE0 
 346      44CED900 
 346      36BEF370 
 346      39F9
 347 05b7 303D5DC7 		.ascii	"0=]\307:\233G:;\234\321\376\320$\354\026Igu{^5\013\200"
 347      3A9B473A 
 347      3B9CD1FE 
 347      D024EC16 
 347      4967757B 
 348 05cf CD0A0A0D 		.ascii	"\315\012\012\015\011\241\305\272On\374e\226\344\306"
 348      09A1C5BA 
 348      4F6EFC65 
 348      96E4C6
 349 05de 721110BA 		.ascii	"r\021\020\2721\261\311\037\340\321]^\013\314\232l\261"
 349      31B1C91F 
 349      E0D15D5E 
 349      0BCC9A6C 
 349      B1
 350 05ef AEE9D6DE 		.ascii	"\256\351\326\336\335\365\241\222\354\275\307~\261\375"
 350      DDF5A192 
 350      ECBDC77E 
 350      B1FD
 351 05fd 8CC21B34 		.ascii	"\214\302\0334\030\245H\223\362\034\274\3039x\213\364"
 351      18A54893 
 351      F21CBCC3 
 351      39788BF4 
 352 060d 4CA0487C 		.ascii	"L\240H|\010\214\343}J\246\212u!\007\337Y\330\206I\337"
ARM GAS  /tmp/ccbcc45o.s 			page 27


 352      088CE37D 
 352      4AA68A75 
 352      2107DF59 
 352      D88649DF 
 353 0621 36F8C979 		.ascii	"6\370\311ylz\026\017\301\377\250\020\343G\376\013\244"
 353      6C7A160F 
 353      C1FFA810 
 353      E347FE0B 
 353      A4
 354 0632 C6E4B570 		.ascii	"\306\344\265p\354\316]\275\260\2372\313\367T\247\216"
 354      ECCE5DBD 
 354      B09F32CB 
 354      F754A78E 
 355 0642 CE86A050 		.ascii	"\316\206\240P\277\245\300\006>\364\377\250\346\224\026"
 355      BFA5C006 
 355      3EF4FFA8 
 355      E69416
 356 0651 DF83EBF9 		.ascii	"\337\203\353\371 X\307+'\")\215F-\270\177\265O\3533"
 356      2058C72B 
 356      2722298D 
 356      462DB87F 
 356      B54FEB33 
 357 0665 18C4521D 		.ascii	"\030\304R\035\214\024\3363\030e\305\275\207\003\351"
 357      8C14DE33 
 357      1865C5BD 
 357      8703E9
 358 0674 D9873A78 		.ascii	"\331\207:x\300\316\276}\243[\366\372\374.X\361\201\227"
 358      C0CEBE7D 
 358      A35BF6FA 
 358      FC2E58F1 
 358      8197
 359 0686 F3469E1C 		.ascii	"\363F\236\034\325\251\274|T\357\254\376\346\234\011"
 359      D5A9BC7C 
 359      54EFACFE 
 359      E69C09
 360 0695 8FEA3CF2 		.ascii	"\217\352<\362\332j^\325\245\274\266\320\016\217f%\271"
 360      DA6A5ED5 
 360      A5BCB6D0 
 360      0E8F6625 
 360      B9
 361 06a6 0EEFE37A 		.ascii	"\016\357\343z\023O\216\353\354c\027\313\265B!%\007n"
 361      134F8EEB 
 361      EC6317CB 
 361      B5422125 
 361      076E
 362 06b8 94F46CD5 		.ascii	"\224\364l\325\012\245lQ\232\375\364:\371\365\012[xA"
 362      0AA56C51 
 362      9AFDF43A 
 362      F9F50A5B 
 362      7841
 363 06ca 7EE9AE73 		.ascii	"~\351\256s\037\231%\234f_\347\377\347@39\261a+~\015"
 363      1F99259C 
 363      665FE7FF 
 363      E7403339 
 363      B1612B7E 
 364 06df 69BCE8FB 		.ascii	"i\274\350\373\003g\305\007\324\345Z\316\216B\235r\330"
 364      0367C507 
ARM GAS  /tmp/ccbcc45o.s 			page 28


 364      D4E55ACE 
 364      8E429D72 
 364      D8
 365 06f0 6F6756ED 		.ascii	"ogV\355\023\031o\365T\031a\204\1773]Z\333\245\235Z\317"
 365      13196FF5 
 365      54196184 
 365      7F335D5A 
 365      DBA59D5A 
 366 0705 FBEA1BA6 		.ascii	"\373\352\033\246\273\263a\333\210\351\303J1W\322S\260"
 366      BBB361DB 
 366      88E9C34A 
 366      3157D253 
 366      B0
 367 0716 CAAC9E72 		.ascii	"\312\254\236r\221\332\354\340?\244\232\221G\3333tB\025"
 367      91DAECE0 
 367      3FA49A91 
 367      47DB3374 
 367      4215
 368 0728 CB683077 		.ascii	"\313h0w\3500\201\200\014l\307N\302\015\331V\367\262"
 368      E8308180 
 368      0C6CC74E 
 368      C20DD956 
 368      F7B2
 369 073a 2A34421D 		.ascii	"*4B\035\263(\332s\350&-i7\311y\027\2132\276\375\305"
 369      B328DA73 
 369      E8262D69 
 369      37C97917 
 369      8B32BEFD 
 370 074f E3406FA6 		.ascii	"\343@o\2461\001\231i\310D\023\330C\311N\367\220\335"
 370      31019969 
 370      C84413D8 
 370      43C94EF7 
 370      90DD
 371 0761 5A95F64A 		.ascii	"Z\225\366J\207dw\246\343\257\241\247k\326\027lt\343"
 371      876477A6 
 371      E3AFA1A7 
 371      6BD6176C 
 371      74E3
 372 0773 CF30A1F5 		.ascii	"\3170\241\365g\304\0206{F\001\266\361\"Y\261\377\216"
 372      67C41036 
 372      7B4601B6 
 372      F12259B1 
 372      FF8E
 373 0785 F652B23B 		.ascii	"\366R\262;3\273+\014\037\027H7\363H\237\376r\260\020"
 373      33BB2B0C 
 373      1F174837 
 373      F3489FFE 
 373      72B010
 374 0798 43023D30 		.ascii	"C\002=0\272Y\223\224\263\207\243\232\2571\325,\376c"
 374      BA599394 
 374      B387A39A 
 374      AF31D52C 
 374      FE63
 375 07aa F49C1869 		.ascii	"\364\234\030i\312\363}}\220`\352@\354c\323D\3563\274"
 375      CAF37D7D 
 375      9060EA40 
 375      EC63D344 
ARM GAS  /tmp/ccbcc45o.s 			page 29


 375      EE33BC
 376 07bd 76B73D79 		.ascii	"v\267=yX\246\361 \244\020\204\257\274'*\3023\215i"
 376      58A6F120 
 376      A41084AF 
 376      BC272AC2 
 376      338D69
 377 07d0 7DF9BDCC 		.ascii	"}\371\275\314w?Nc6?\203\263\3178\"cl\302\310\277+\255"
 377      773F4E63 
 377      363F83B3 
 377      CF382263 
 377      6CC2C8BF 
 378 07e6 ADADACE3 		.ascii	"\255\255\254\343\007\320?\207\371w\237j\2364\375\020"
 378      07D03F87 
 378      F9779F6A 
 378      9E34FD10 
 379 07f6 C77994E3 		.ascii	"\307y\224\343\\\3121]\210\226\304d\227\376\313\257\226"
 379      5CCA315D 
 379      8896C464 
 379      97FECBAF 
 379      96
 380 0807 2F085FBA 		.ascii	"/\010_\272\224\013\260X\222m\016\327o,\256\345\346d"
 380      940BB058 
 380      926D0ED7 
 380      6F2CAEE5 
 380      E664
 381 0819 679239DA 		.ascii	"g\2229\332\3460\257\212\211Y\030\225d_\350HpX\027Z\243"
 381      E630AF8A 
 381      89591895 
 381      645FE848 
 381      7058175A 
 382 082e A26D0B3F 		.ascii	"\242m\013?\263|\272p\311\242\305\277\372\307\022\263"
 382      B37CBA70 
 382      C9A2C5BF 
 382      FAC712B3 
 383 083e CF17669B 		.ascii	"\317\027f\233#&>y\245\325l\217\212\211\2639\254f\313"
 383      23263E79 
 383      A5D56C8F 
 383      8A89B339 
 383      AC66CB
 384 0851 4A6B6C54 		.ascii	"JklTr\274\313\342Z\233hu\206\305q:\031\375O?\005\335"
 384      72BCCBE2 
 384      5A9B6875 
 384      86C5713A 
 384      19FD4F3F 
 385 0867 B9D669B6 		.ascii	"\271\326i\2668]+\021\012!1e|\370d\211\305\245\223\357"
 385      385D2B11 
 385      0A213165 
 385      7CF86489 
 385      C5A593EF 
 386 087b 1ABB7395 		.ascii	"\032\273s\225\305\365\353\3608[\264-r\2319\301i\216"
 386      C5F5EBF0 
 386      385BB42D 
 386      729939C1 
 386      698E
 387 088d 49B0DB13 		.ascii	"I\260\333\023\034\346\304\204$\227\323\374\371\237#"
 387      1CE6C484 
 387      2497D3FC 
ARM GAS  /tmp/ccbcc45o.s 			page 30


 387      F99F23
 388 089c C223D610 		.ascii	"\302#\326\020]\242-\336\232\3444\177\031\036n\216\211"
 388      5DA22DDE 
 388      9AE4347F 
 388      191E6E8E 
 388      89
 389 08ad F3A418EA 		.ascii	"\363\244\030\352\345\027\027\025o\216\267E\233\235\256"
 389      E5171715 
 389      6F8EB745 
 389      9B9DAE
 390 08bc 246B94DD 		.ascii	"$k\224\335i\266[\355\362cX\0142\267\312\352\322Zp\271"
 390      69B65BED 
 390      F263580C 
 390      32B7CAEA 
 390      D25A70B9 
 391 08d0 D2A975DA 		.ascii	"\322\251u\332\376e\265\270\226\375\270\262\010$\032"
 391      FE65B5B8 
 391      96FDB8B2 
 391      08241A
 392 08df 4C2BEFB3 		.ascii	"L+\357\263\260O\303\026\253E\272V\"y\2042\313\352$\233"
 392      B04FC316 
 392      AB45BA56 
 392      22798432 
 392      CBEA249B 
 393 08f3 CBEA34DA 		.ascii	"\313\3524\332\235\221\321\177\267\306\270\376\350\260"
 393      9D91D17F 
 393      B7C6B8FE 
 393      E8B0
 394 0901 B9046B82 		.ascii	"\271\004k\202S$1\265\321\311\261\261\326$\341\237v\227"
 394      532431B5 
 394      D1C9B1B1 
 394      D624E19F 
 394      7697
 395 0913 808D1449 		.ascii	"\200\215\024I6\032\352`\214\260\332\227\321dWD|-`\252"
 395      361AEA60 
 395      8CB0DA97 
 395      D1645744 
 395      7C2D60AA 
 396 0927 3FB2B038 		.ascii	"?\262\2608N\233\020\033\353\264\272\010@B\322Z\206\241"
 396      4E9B101B 
 396      EBB4BA08 
 396      4042D25A 
 396      86A1
 397 0939 458B98C4 		.ascii	"E\213\230\304\265b\2745*V\347Hp\305%%\254\206\305\272"
 397      B562BC35 
 397      2A56E748 
 397      70C52525 
 397      AC86C5BA 
 398 094d 58C70267 		.ascii	"X\307\002g\2425\0065\016Gr|\374\027?\251\255\256$\233"
 398      A2350635 
 398      0E47727C 
 398      FC173FA9 
 398      ADAE249B 
 399 0961 6315C6FF 		.ascii	"c\025\306\377/\232\356o\362"
 399      2F9AEE6F 
 399      F2
 400              		.text
ARM GAS  /tmp/ccbcc45o.s 			page 31


 401              		.section	.gnu.lto_.symtab.8e24f676b7818942,"",%progbits
 402 0000 6D734F62 		.ascii	"msObjectInit\000"
 402      6A656374 
 402      496E6974 
 402      00
 403 000d 00       		.ascii	"\000"
 404 000e 00       		.ascii	"\000"
 405 000f 00       		.ascii	"\000"
 406 0010 00000000 		.ascii	"\000\000\000\000\000\000\000\000"
 406      00000000 
 407 0018 07010000 		.ascii	"\007\001\000\000"
 408              		.text
 409              		.section	.gnu.lto_.opts,"",%progbits
 410 0000 272D6666 		.ascii	"'-ffp-contract=off' '-fmath-errno' '-fsigned-zeros'"
 410      702D636F 
 410      6E747261 
 410      63743D6F 
 410      66662720 
 411 0033 20272D66 		.ascii	" '-ftrapping-math' '-fno-trapv' '-fno-openmp' '-fno"
 411      74726170 
 411      70696E67 
 411      2D6D6174 
 411      68272027 
 412 0066 2D6F7065 		.ascii	"-openacc' '-mcpu=cortex-m4' '-mno-thumb-interwork' "
 412      6E616363 
 412      2720272D 
 412      6D637075 
 412      3D636F72 
 413 0099 272D6D74 		.ascii	"'-mthumb' '-ggdb' '-O2' '-fomit-frame-pointer' '-fa"
 413      68756D62 
 413      2720272D 
 413      67676462 
 413      2720272D 
 414 00cc 6C69676E 		.ascii	"lign-functions=16' '-ffunction-sections' '-fdata-se"
 414      2D66756E 
 414      6374696F 
 414      6E733D31 
 414      36272027 
 415 00ff 6374696F 		.ascii	"ctions' '-fno-common' '-flto'\000"
 415      6E732720 
 415      272D666E 
 415      6F2D636F 
 415      6D6D6F6E 
 416              		.text
 417              		.comm	__gnu_lto_v1,1,1
 418              		.comm	__gnu_lto_slim,1,1
 419              		.ident	"GCC: (GNU Tools for ARM Embedded Processors) 5.4.1 20160609 (release) [ARM/embedded-5-bran
ARM GAS  /tmp/ccbcc45o.s 			page 32


DEFINED SYMBOLS
                            *ABS*:00000000 memstreams.c
                            *COM*:00000001 __gnu_lto_v1
                            *COM*:00000001 __gnu_lto_slim

NO UNDEFINED SYMBOLS
