ARM GAS  /tmp/ccSydHsz.s 			page 1


   1              		.syntax unified
   2              		.cpu cortex-m4
   3              		.fpu softvfp
   4              		.eabi_attribute 20, 1
   5              		.eabi_attribute 21, 1
   6              		.eabi_attribute 23, 3
   7              		.eabi_attribute 24, 1
   8              		.eabi_attribute 25, 1
   9              		.eabi_attribute 26, 1
  10              		.eabi_attribute 30, 2
  11              		.eabi_attribute 34, 1
  12              		.eabi_attribute 18, 4
  13              		.thumb
  14              		.syntax unified
  15              		.file	"modules.c"
  16              		.text
  17              	.Ltext0:
  18              		.section	.gnu.lto_.profile.124755413086a72d,"",%progbits
  19 0000 789C6361 		.ascii	"x\234ca`\004B \000\000\0009\000\007"
  19      60044220 
  19      00000039 
  19      0007
  20              		.text
  21              		.section	.gnu.lto_.icf.124755413086a72d,"",%progbits
  22 0000 789C6361 		.ascii	"x\234ca`d\000\001\005\006\004`e\330\373\360];+\343\243"
  22      60640001 
  22      05060460 
  22      65D8FBF0 
  22      5D3B2BE3 
  23 0015 9F5D6BF8 		.ascii	"\237]k\370\231\216\257\331~\221\207\371\305\272\205"
  23      998EAFD9 
  23      7E9187F9 
  23      C5BA85
  24 0024 AFD859A6 		.ascii	"\257\330Y\246/\330\272\215\211\001\000\005\177\017@"
  24      2FD8BA8D 
  24      89010005 
  24      7F0F40
  25              		.text
  26              		.section	.gnu.lto_.jmpfuncs.124755413086a72d,"",%progbits
  27 0000 789C6361 		.ascii	"x\234ca`d\000\001&\006d\000\000\000\236\000\010"
  27      60640001 
  27      26066400 
  27      00009E00 
  27      08
  28              		.text
  29              		.section	.gnu.lto_.inline.124755413086a72d,"",%progbits
  30 0000 789C6361 		.ascii	"x\234ca`d\000\001&\006d\000\000\000\236\000\010"
  30      60640001 
  30      26066400 
  30      00009E00 
  30      08
  31              		.text
  32              		.section	.gnu.lto_.pureconst.124755413086a72d,"",%progbits
  33 0000 789C6361 		.ascii	"x\234ca`\004B \000\000\0009\000\007"
  33      60044220 
  33      00000039 
  33      0007
ARM GAS  /tmp/ccSydHsz.s 			page 2


  34              		.text
  35              		.section	.gnu.lto_MOULATION_STRING.124755413086a72d,"",%progbits
  36 0000 789C6361 		.ascii	"x\234ca`d\000\001s e\301\000\001\177\231\030\177mo\370"
  36      60640001 
  36      732065C1 
  36      00017F99 
  36      187F6D6F 
  37 0015 C0A4C834 		.ascii	"\300\244\3104\277a\206B+3Xd\337\342\246\327|\365\177"
  37      BF618642 
  37      2B335864 
  37      DFE2A6D7 
  37      7CF57F
  38 0028 1B663434 		.ascii	"\033f44<\330\271\204\263\225\231\221q9\243\"X\352b\313"
  38      3CD8B984 
  38      B3959991 
  38      7139A322 
  38      58EA62CB 
  39 003c 8639CC5F 		.ascii	"\2069\314_\230Z\231\231\030Y\200\334\255\227V\275\347"
  39      985A9999 
  39      185980DC 
  39      AD9756BD 
  39      E7
  40 004d 551487E8 		.ascii	"U\024\207\350e\006)8\263{\235$D\353\201\213\034\255"
  40      65062938 
  40      B37B9D24 
  40      44EB818B 
  40      1CAD
  41 005f CC2C8CAB 		.ascii	"\314,\214\253\240:\017}\332\260\234\007\242\223\031"
  41      A03A0F7D 
  41      DAB09C07 
  41      A29319
  42 006e C8BDBFF2 		.ascii	"\310\275\277\362\334-\016Ee\210NV\220\202\251/NM\344"
  42      DC2D0E45 
  42      65884E56 
  42      9082A92F 
  42      4E4DE4
  43 0081 046A9568 		.ascii	"\004j\225hefc\\\013\325u\364\377\367\003\374\020]L@"
  43      6566635C 
  43      0BD575F4 
  43      FFF703FC 
  43      105D4C40 
  44 0095 EE8A86CE 		.ascii	"\356\212\206\316\373\\\212z\020]\354 \005\363_\256="
  44      FB5C8A7A 
  44      105DEC20 
  44      05F35FAE 
  44      3D
  45 00a6 CD0BD1C5 		.ascii	"\315\013\321\305\301\270\001\252\253\243\257u5\257\242"
  45      C1B801AA 
  45      ABA3AF75 
  45      35AFA2
  46 00b5 09441927 		.ascii	"\011D\031'Hd\361\313\265\263\241\312\270\0307A\225-"
  46      4864F1CB 
  46      B5B3A1CA 
  46      B8183741 
  46      952D
  47 00c7 6F383B85 		.ascii	"o8;\205\305b[C\307\202\206\200VfnFC\031\306\315\214"
  47      C5625B43 
ARM GAS  /tmp/ccSydHsz.s 			page 3


  47      C7828680 
  47      56666E46 
  47      4319C6CD 
  48 00dc F58C4632 		.ascii	"\365\214F2\214\033\201\324zF\031\306u@z\015\220^\015"
  48      8C1B81D4 
  48      7A4619C6 
  48      75407A0D 
  48      905E0D
  49 00ef A45702E9 		.ascii	"\244W\002\351\025\214\365\014\214[\030-\0308\035\335"
  49      158CF50C 
  49      8C5B182D 
  49      18381DDD 
  50 00ff 82BD150C 		.ascii	"\202\275\025\014\263\215\030\270r\363SJsR\213\365\222"
  50      B38D18B8 
  50      72F3534A 
  50      73528BF5 
  50      92
  51 0110 19B85DFC 		.ascii	"\031\270]\374}=\375\374]#\014\315\030\270\214\334A*"
  51      7D3DFDFC 
  51      5D230CCD 
  51      18B88CDC 
  51      412A
  52 0122 2CB3CD18 		.ascii	",\263\315\030X\215\200,\006\026\177\177o\006\000\315"
  52      588D802C 
  52      06167F7F 
  52      6F0600CD 
  53 0132 397B48   		.ascii	"9{H"
  54              		.text
  55              		.section	.gnu.lto_PROTOCOL_STRING.124755413086a72d,"",%progbits
  56 0000 789C6D8F 		.ascii	"x\234m\217\337KSa\034\306\337\3579\333\334\357\243e"
  56      DF4B5361 
  56      1CC6DFEF 
  56      39DBDCEF 
  56      A365
  57 0012 E4C52ECE 		.ascii	"\344\305.\316\373\007\024n\301X\227#\217\026f\312\216"
  57      FB07146E 
  57      C1589723 
  57      8F1666CA 
  57      8E
  58 0023 455D5717 		.ascii	"E]W\027Q:(\272\336\241:\022\226B\256`d\324\212\211\225"
  58      513A28BA 
  58      DEA13A12 
  58      9642AE60 
  58      64D48A89 
  59 0038 D956DAAA 		.ascii	"\331V\332\252-m[\330\017\353fIB\220\324\305\020b\210"
  59      2D6D5BD8 
  59      0FEB6649 
  59      4290D4C5 
  59      106288
  60 004b 54A68199 		.ascii	"T\246\201\231}\317\336W*\351\334<<\317\373|\336\347"
  60      7DCFDE57 
  60      2AE9DC3C 
  60      3CCFFB7C 
  60      DEE7
  61 005d 3D2602C4 		.ascii	"=&\002\304\370\216\012\204\024\011\373V\004\270<7\376"
  61      F88E0A84 
  61      1409FB56 
ARM GAS  /tmp/ccSydHsz.s 			page 4


  61      04B83C37 
  61      FE
  62 006e C245856B 		.ascii	"\302E\205kZL\326\305JR*\017\350\346\310\212\026\323"
  62      5A4CD6C5 
  62      4A522A0F 
  62      E8E6C88A 
  62      16D3
  63 0080 B44F233F 		.ascii	"\264O#?\254\272\0100\010\264r4\224\036\310\300\202\240"
  63      ACBA0830 
  63      08B47234 
  63      941EC8C0 
  63      82A0
  64 0092 8B02D8D0 		.ascii	"\213\002\330\320~\316OE%Z\313X\321(,\277\351\277*06"
  64      7ECE4F45 
  64      255ACB58 
  64      D1282CBF 
  64      E9BF2A30 
  65 00a7 9745D404 		.ascii	"\227E\324\004\2679\232\232\357\353\221\350\026\3265"
  65      B7399A9A 
  65      EFEB91E8 
  65      16D635
  66 00b6 1B497C36 		.ascii	"\033I|6\226\224\260[\247\213\026\270\303k\013\335\372"
  66      9694B05B 
  66      A78B16B8 
  66      C36B0BDD 
  66      FA
  67 00c7 92C816AA 		.ascii	"\222\310\026\252\320^X\354\375b\245\012\243\252\214"
  67      D05E58EC 
  67      FD62A50A 
  67      A3AA8C
  68 00d6 42B93B3E 		.ascii	"B\271;>mb\224\025\222\234*-\017g\334\214\262\240-\274"
  68      6D629415 
  68      929C2A2D 
  68      0F67DC8C 
  68      B2A02DBC 
  69 00ea 4F956DB4 		.ascii	"O\225m\264\215Q6\2430Y\210\316\254\275+\240\213v\270"
  69      8D5136A3 
  69      305988CE 
  69      ACBD2BA0 
  69      8B76B8
  70 00fd CFC95789 		.ascii	"\317\311W\211\314O'#\315h\273\246\276\317\011\3648#"
  70      CC4F2723 
  70      CD68BBA6 
  70      BECF09F4 
  70      3823
  71 010f 1D4661F1 		.ascii	"\035Fa\361t\337)`{Nx\300\251\342\231\324\025\376J\023"
  71      74DF2960 
  71      7B4E78C0 
  71      A9E299D4 
  71      15FE4A13 
  72 0123 DA67D9C2 		.ascii	"\332g\331\302\007'\215\002\303\\F\343\306\364\245o\300"
  72      07278D02 
  72      C35C46E3 
  72      C6F4A56F 
  72      C0
  73 0134 07FDBAE8 		.ascii	"\007\375\272\350\206G\034-|M\015\362A\021\355\374\313"
  73      86471C2D 
ARM GAS  /tmp/ccSydHsz.s 			page 5


  73      7C4D0DF2 
  73      4111EDFC 
  73      CB
  74 0145 D5A29926 		.ascii	"\325\242\231&8*\031\215s\347?\216Y\331b5d96\261\272"
  74      382A198D 
  74      73E73F8E 
  74      59D96235 
  74      643936B1 
  75 015a 94931826 		.ascii	"\224\223\030&\240\315&'\263V:\312\261\032\243\321\365"
  75      A0CD2627 
  75      B3563ACA 
  75      B11AA3D1 
  75      F5
  76 016b ABF7BA8B 		.ascii	"\253\367\272\213a\033`|m\255\247\364\316M\237\363\336"
  76      611B607C 
  76      6DADA7F4 
  76      CE4D9FF3 
  76      DE
  77 017c 4623EA7F 		.ascii	"F#\352\177;\363\232\377P-\344x\357\342l\"\357\010\244"
  77      3BF39AFF 
  77      502DE478 
  77      EFE26C22 
  77      EF08A4
  78 018f B5B3712D 		.ascii	"\265\263q-.\352\342&\360z \017\021\360y\340)\312\030"
  78      2EEAE226 
  78      F07A200F 
  78      11F079E0 
  78      29CA18
  79 01a2 78E0096A 		.ascii	"x\340\011j\006\3651\352C\3244\352(\352\010\352=\324"
  79      06F531EA 
  79      43D434EA 
  79      28EA08EA 
  79      3DD4
  80 01b4 14EA5DD4 		.ascii	"\024\352]\324a\324m\036\030B\271\205\366&D\010\024 "
  80      61D46D1E 
  80      1842B985 
  80      F6264408 
  80      1420
  81 01c6 402C2DAD 		.ascii	"@,-\255!U!\366\216\360\241\223\307\016\237\330z\220"
  81      215521F6 
  81      8EF0A193 
  81      C70E9FD8 
  81      7A90
  82 01d8 D4A96AC3 		.ascii	"\324\251j\303>9\334)\007\333B\252\354kjT\233\345\355"
  82      3E39DC29 
  82      07DB42AA 
  82      EC6B6A54 
  82      9BE5ED
  83 01eb FEFA7AB2 		.ascii	"\376\372z\262\371\237\203\240\221{}\230\333+\271\017"
  83      F99F83A0 
  83      917B7D98 
  83      DB2BB90F 
  84 01fb 3DA195A3 		.ascii	"=\241\225\243ve\267\322\242\264\207\016\310;Z\3674\356"
  84      7665B7D2 
  84      A2B4870E 
  84      C83B5AF7 
  84      34EE
ARM GAS  /tmp/ccSydHsz.s 			page 6


  85 020d 6AFAFB12 		.ascii	"j\372\373\022\371\377\215?\267U\257\237\225\326\315"
  85      F9FF8D3F 
  85      B755AF9F 
  85      95D6CD
  86 021c D5EC6DDE 		.ascii	"\325\354m\336\031T\345\206p\307\221\316\260\262\337"
  86      1954E586 
  86      70C791CE 
  86      B0B2DF
  87 022b EB270E96 		.ascii	"\353'\016\226T^\360\033\212\317\024&"
  87      545EF01B 
  87      8ACF1426 
  88              		.text
  89              		.section	.gnu.lto_SMODE_STRING.124755413086a72d,"",%progbits
  90 0000 789C6361 		.ascii	"x\234ca`d\000\201: \226f\200\200\277L\214\313\273\317"
  90      60640081 
  90      3A209666 
  90      8080BF4C 
  90      8CCBBBCF 
  91 0014 5E625264 		.ascii	"^bRd\232\3370C\241\225\031,\322\323\276\3624_\375\337"
  91      9ADF3043 
  91      A195192C 
  91      D2D3BEF2 
  91      345FFDDF 
  92 0028 86190D0D 		.ascii	"\206\031\015\015\0176?\341hefd\\\316\250\010\226jZ4"
  92      0F363FE1 
  92      68656664 
  92      5CCEA808 
  92      966A5A34 
  93 003c E321ABA2 		.ascii	"\343!\253\242\010D1\023Hd\341\341]\1778 \212\017l\004"
  93      08443113 
  93      4864E1E1 
  93      5D7F3820 
  93      8A0F6C04 
  94 0050 AA65665C 		.ascii	"\252ef\\\011U{`\372\315\267\374\026\333\032:\0264\000"
  94      09557B60 
  94      FACDB7FC 
  94      16DB1A3A 
  94      163400
  95 0063 15B3301A 		.ascii	"\025\2630\032\3120\256b\254g4\222a\\\301X\317\300\270"
  95      CA30AE62 
  95      AC673492 
  95      615CC158 
  95      CFC0B8
  96 0076 9AD18281 		.ascii	"\232\321\202\201-\330\307\3255\200\201+7?\2454'\265"
  96      2DD8C7D5 
  96      3580812B 
  96      373FA534 
  96      27B5
  97 0088 582F9981 		.ascii	"X/\231\201\335\3219\3043\314\225\001\000\31685G"
  97      DDD139C4 
  97      33CC9501 
  97      00CE3835 
  97      47
  98              		.text
  99              		.section	.gnu.lto_.symbol_nodes.124755413086a72d,"",%progbits
 100 0000 789C6361 		.ascii	"x\234ca`d\320g\000\002\326\231L\014\215B \306\014&F"
 100      6064D067 
ARM GAS  /tmp/ccSydHsz.s 			page 7


 100      0002D699 
 100      4C0C8D42 
 100      20C60C26 
 101 0015 08633A13 		.ascii	"\010c:\023\023\2041\215\211\031\302\230\312\304\002"
 101      1384318D 
 101      8919C298 
 101      CAC402
 102 0024 66300000 		.ascii	"f0\000\000\243\216\0064"
 102      A38E0634 
 103              		.text
 104              		.section	.gnu.lto_.refs.124755413086a72d,"",%progbits
 105 0000 789C6361 		.ascii	"x\234ca`\004B \000\000\0009\000\007"
 105      60044220 
 105      00000039 
 105      0007
 106              		.text
 107              		.section	.gnu.lto_.decls.124755413086a72d,"",%progbits
 108 0000 789CB55A 		.ascii	"x\234\265Z{PTg\226\357\357~M\3234\0158\206\315\346\017"
 108      7B505467 
 108      96EFEF7E 
 108      4DD3340D 
 108      3886CDE6 
 109 0015 66273B6B 		.ascii	"f';kj\371c\014\346\235Tm\355L\312\331\311\316T\022S"
 109      6AF9630C 
 109      E69D546D 
 109      ED4CCAD9 
 109      C9CE5412 
 110 002a 89999A3F 		.ascii	"\211\231\232?\246\252C\260#LxM\3675\232\177v\256\210"
 110      A6AA43B0 
 110      234C784D 
 110      F7359A7F 
 110      76AE88
 111 003d 0AA8E1A5 		.ascii	"\012\250\341\245 /A\004\001\001y\203\362\220V\221\207"
 111      202F4104 
 111      01017983 
 111      F2905691 
 111      87
 112 004e 20F25014 		.ascii	" \362P\024\345\351\003\215\242\"\030\036\012\270\347"
 112      E5E9038D 
 112      A222181E 
 112      0AB8E7
 113 005d 7B34B76F 		.ascii	"{4\267o\323\215\251\332Z\364\364\355s\357\371\316\357"
 113      D38DA9DA 
 113      5AF4F4ED 
 113      73EFF9CE 
 113      EF
 114 006e 77CE77BE 		.ascii	"w\316w\276\307\275\267\325*\244\"\177\005\257\251T\357"
 114      C7BDB7D5 
 114      2AA4227F 
 114      05AFA954 
 114      EF
 115 007f A855AAB7 		.ascii	"\250U\252\267A}\016\177\360U\365g\225\362\317\005\244"
 115      417D0E7F 
 115      F055F567 
 115      95F2CF05 
 115      A4
 116 0090 1A24026C 		.ascii	"\032$\002l\242AbA\022\221\322\206\234\327\3031\011\216"
ARM GAS  /tmp/ccSydHsz.s 			page 8


 116      A2416241 
 116      1291D286 
 116      9CD7C331 
 116      098E
 117 00a2 C920DEF0 		.ascii	"\311 \336\360=\035\216\031 \231 Y G@r@\362@\362A\242"
 117      3D1D8E19 
 117      20992059 
 117      20474072 
 117      40F240F2 
 118 00b8 EC7CD8FE 		.ascii	"\354|\330\376\021\214\227\341X\004\307b\356\257\014"
 118      118C97E1 
 118      5804C762 
 118      EEAF0C
 119 00c7 8EE520D5 		.ascii	"\216\345 \325 56~\353@\352A, \247A\232@\316\201\264"
 119      2035367E 
 119      EB40EA41 
 119      2C20A741 
 119      9A40CE81 
 120 00dc 819C07E9 		.ascii	"\201\234\007\351\004\271\210d>?\254\200K\342r\261\301"
 120      04B98864 
 120      3E3FAC80 
 120      4BE272B1 
 120      C1
 121 00ed ED05B904 		.ascii	"\355\005\271\004\222\260B\233\005\001=\315\230}\342"
 121      92B0429B 
 121      05013DCD 
 121      987DE2
 122 00fc 860544BE 		.ascii	"\206\005D\276wG\226\246\343'\002Z\255CjP\037_H\275\351"
 122      774796A6 
 122      E327025A 
 122      AD436A50 
 122      1F5F48BD 
 123 0111 09AAB70E 		.ascii	"\011\252\267\016\275\012j\327\235\205\333\350\365\""
 123      BD0A6AD7 
 123      9D85DBE8 
 123      F522
 124 011f 09FEE224 		.ascii	"\011\376\342$I\370\215\354c\260\265\240\220\264\373"
 124      49F88DEC 
 124      63B0B5A0 
 124      90B4FB
 125 012e 771D223D 		.ascii	"w\035\"=\341\005\247J\306O\316y\260S\304\242'v2\307"
 125      E105A74A 
 125      C64FCE79 
 125      B053C4A2 
 125      277632C7 
 126 0142 15FF927C 		.ascii	"\025\377\222|\027\232\367U\224\273#_\335Q\342i\244,"
 126      179AF755 
 126      94BB235F 
 126      DD51E269 
 126      A42C
 127 0154 577F5292 		.ascii	"W\177R\222V\241\022\244C\305\010\243c\350up\012\355"
 127      56A112A4 
 127      43C508A3 
 127      63E87570 
 127      0AED
 128 0166 E0334A92 		.ascii	"\3403J\222\"\244\270\035\322\352VO\025*@>(\037\371\250"
 128      22A4B81D 
ARM GAS  /tmp/ccSydHsz.s 			page 9


 128      D2EA564F 
 128      152A403E 
 128      281FF9A8 
 129 017a D071E44B 		.ascii	"\320q\344K\334\022CT\004'\013\341$@\024\344\304gk\360"
 129      DC124354 
 129      04270BE1 
 129      244014E4 
 129      C4676BF0 
 130 018e FF508894 		.ascii	"\377P\210\224\312c3\272%\210\314\230\267\213\010D9@"
 130      CA6333BA 
 130      2588CC98 
 130      B78B0844 
 130      3940
 131 01a0 94CA1080 		.ascii	"\224\312\020\200\350\024\243\3141Fl\325\365y/\334\203"
 131      E814A3CC 
 131      31466CD5 
 131      F5792FDC 
 131      83
 132 01b1 28C8F3E9 		.ascii	"(\310\363\351\261*\035\322\371:\366P\345\300\003\243"
 132      B12A1DD2 
 132      F93AF650 
 132      E5C003A3 
 133 01c1 33D7F9CE 		.ascii	"3\327\371\3161B\247\022\350T\310t\312)\035\000)\353"
 133      3142A712 
 133      E854C874 
 133      CA291D00 
 133      29EB
 134 01d3 2AFAFCB5 		.ascii	"*\372\374\265#RV\2664\022\337\363rZ\271$\271Q\333<f"
 134      235256B6 
 134      3412DFF3 
 134      725AB924 
 134      B951DB3C 
 135 01e8 BB04A122 		.ascii	"\273\004\241\"g\340\263\032\275\006\255Z\317%uk\360"
 135      67E0B31A 
 135      BD06AD5A 
 135      CF25756B 
 135      F0
 136 01f9 1ED6913D 		.ascii	"\036\326\221=\023\035\031\356\254#W\201Z=\326\326\254"
 136      131D19EE 
 136      AC235781 
 136      5A3DD6D6 
 136      AC
 137 020a 631D2921 		.ascii	"c\035)!\320S\353\236\234wa\227\265\240\026\316DVy\341"
 137      D053EB9E 
 137      9C776197 
 137      B5A016CE 
 137      445679E1 
 138 021e 74D6B4E6 		.ascii	"t\326\264\346aa\215\007\273f!z\376X\372\017z\246\277"
 138      61618D07 
 138      BB66217A 
 138      FE58FA0F 
 138      7AA6BF
 139 0231 0FEAA5AE 		.ascii	"\017\352\245\256\241\\\214\263\231\255\264\377Y\246"
 139      A15C8CB3 
 139      99ADB4FF 
 139      59A6
 140 023f 072EA48A 		.ascii	"\007.\244\212\220\226\334\330\340\3424\035\247\235\246"
ARM GAS  /tmp/ccSydHsz.s 			page 10


 140      9096DCD8 
 140      E0E2341D 
 140      A79DA6
 141 024e E34AE2EF 		.ascii	"\343J\342\357\273wC=!\013\304\330\350 \037\003\025\373"
 141      BB77433D 
 141      210BC4D8 
 141      E8201F03 
 141      15FB
 142 0260 CE6AF17D 		.ascii	"\316j\361}\006YWS\337\314\251\257\003u\307\255\214Q"
 142      06595753 
 142      DFCCA9AF 
 142      0375C7AD 
 142      8C51
 143 0272 4F3CC5AE 		.ascii	"O<\305\2565\307F\356\325\341yF\247|,-\303\315Z\002\226"
 143      35C746EE 
 143      D5E17946 
 143      A77C2C2D 
 143      C3CD5A02 
 144 0287 240D00B4 		.ascii	"$\015\000\264\000\3009{\000\307t\233\035\367\177\332"
 144      00C0397B 
 144      00C7749B 
 144      1DF77FDA 
 145 0297 D4E08F6E 		.ascii	"\324\340\217n\014\335\327&W\336<W\005\265S\271\032\034"
 145      0CDDD726 
 145      57DE3C57 
 145      05B553B9 
 145      1A1C
 146 02a9 85299BB8 		.ascii	"\205)\233\270\201\271zw\034\317\224\246\233\275\255"
 146      81B97A77 
 146      1CCF94A6 
 146      9BBDAD
 147 02b8 2E388929 		.ascii	".8\211)YgF\327\342<\366\275\366@\375\003-.b\312\215"
 147      596746D7 
 147      E23CF6BD 
 147      F640FD03 
 147      2D2E62CA 
 148 02cd E78B7FC3 		.ascii	"\347\213\177\303\365\354{tQt\263'nbJvc\335\270+\276"
 148      F5EC7B74 
 148      5174B327 
 148      6E624A76 
 148      63DDB82B 
 149 02e2 C414EBB0 		.ascii	"\304\024\353\260\\\315\206e\376\275\341y\214o\262k\243"
 149      5CCD8665 
 149      FEBDE179 
 149      8C6FB26B 
 149      A3
 150 02f3 032DA59E 		.ascii	"\003-\245\236\3706S\352f\322\352\274\3608S.\334|>\251"
 150      F83653EA 
 150      66D2EABC 
 150      F038532E 
 150      DC7C3EA9 
 151 0307 C3534CA9 		.ascii	"\303SL\251I]\264\250\361S\246\354\334W\234L\252C\303"
 151      495DB4A8 
 151      F153A6EC 
 151      DC579C4C 
 151      AA43C3
 152 031a 46AF2B9C 		.ascii	"F\257+\234\2725\361\264Z\315N\221\364m\203S\031)\003"
ARM GAS  /tmp/ccSydHsz.s 			page 11


 152      BA35F1B4 
 152      5ACD4E91 
 152      F46D8353 
 152      192903
 153 032d 659E7891 		.ascii	"e\236x\2216\021\032gJ\232\265\362\020^X\277C\222\020"
 153      36111A67 
 153      4A9AB5F2 
 153      105E58BF 
 153      439210
 154 0340 1A80FC5E 		.ascii	"\032\200\374^\223\363\253\341\351\225\226\247\367:\244"
 154      93F3ABE1 
 154      E99596A7 
 154      F73AA4
 155 034f 57C3D3DB 		.ascii	"W\303\323\333\017'\257\262\364N\316MT\252q\224\232b"
 155      0F27AFB2 
 155      F44ECE4D 
 155      54AA7194 
 155      9A62
 156 0361 34C48C37 		.ascii	"4\304\2147\270\331\214\341\327\013\311\240\031\006\214"
 156      B8D98CE1 
 156      D70BC9A0 
 156      19068C
 157 0370 41196300 		.ascii	"A\031c\0009\007\031r\0142*=K\321\3438\006R\02738\250"
 157      39071972 
 157      0C322A3D 
 157      4BD1E338 
 157      06521733 
 158 0386 6645EBC0 		.ascii	"fE\353\300\303\015\007\036x\321\366\376\201\025\355"
 158      C30D071E 
 158      78D1F6FE 
 158      8115ED
 159 0395 28F01991 		.ascii	"(\360\031\221\371\014[\213\366i\342\311*w\234DQ\320"
 159      F90C5B8B 
 159      F669E2C9 
 159      2A779C44 
 159      51D0
 160 03a7 9E030F8E 		.ascii	"\236\003\017\216z\342t\246<\273\273\277\037\261\356"
 160      7AE274A6 
 160      3CBBBBBF 
 160      1FB1EE
 161 03b6 D3831A51 		.ascii	"\323\203\032Q\327\037\357\305jh\204\016\335\247Q\213"
 161      D71FEFC5 
 161      6A68840E 
 161      DDA7518B 
 162 03c6 6A5CC06C 		.ascii	"j\\\300l\257\354\355\275\256\301e\214kyt\177\212\213"
 162      AFECEDBD 
 162      AEC1658C 
 162      6B79747F 
 162      8A8B
 163 03d8 53AEF79C 		.ascii	"S\256\367\234q\265$\220\332\377\021x\336u\300\263\371"
 163      71B52490 
 163      DAFF1178 
 163      DE75C0B3 
 163      F9
 164 03e9 62D69416 		.ascii	"b\326\224\026\3270\270\223\361\011P\214\015L\031:\270"
 164      D730B893 
 164      F109508C 
ARM GAS  /tmp/ccSydHsz.s 			page 12


 164      0D4C193A 
 164      B8
 165 03fa A7CE1D77 		.ascii	"\247\316\035w1\345T\354\344\0117|\205)\273go\224z\341"
 165      31E554EC 
 165      E409377C 
 165      8529BB67 
 165      6F947AE1 
 166 040e 11B562AA 		.ascii	"\021\265b\252\361fS\315\275\035\226Q5\276\303\256\225"
 166      F16653CD 
 166      BD1D9651 
 166      35BEC3AE 
 166      95
 167 041f ECBC55A0 		.ascii	"\354\274U\240\205k>PY\310fQ\360a\213B\245e\252X\215"
 167      856B3E50 
 167      59C86651 
 167      F0618B42 
 167      A565AA58 
 168 0434 C75974DD 		.ascii	"\307Yt\335\025\375\347\344\356.\373\351CZR\323@\373"
 168      15FDE7E4 
 168      EE2EFBE9 
 168      435A52D3 
 168      40FB
 169 0446 894CDB67 		.ascii	"\211L\333gi\304NdK\232WT\350-\037\264\016\202\377\011"
 169      69C44E64 
 169      4B9A5754 
 169      E82D1FB4 
 169      0E82FF09 
 170 045a 82F7E1C1 		.ascii	"\202\367\341\301OA\360\223|I\310\314o\362\300\323\014"
 170      4F41F093 
 170      7C49C8CC 
 170      6FF2C0D3 
 170      0C
 171 046b E0C1FEFB 		.ascii	"\340\301\376\37302\345z\362\241\3654\007\00032\3004"
 171      3032E57A 
 171      F2A1F534 
 171      07003332 
 171      C034
 172 047d 728230EB 		.ascii	"r\2020\353\030!\"\261\267\310\015/2\204\375\305\305"
 172      182122B1 
 172      B7C80D2F 
 172      3284FDC5 
 172      C5
 173 048e 85F2A8B8 		.ascii	"\205\362\250\270\222\370\333\006\2020\017\010Oe\204"
 173      92F8DB06 
 173      82300F08 
 173      4F6584
 174 049d 396708CF 		.ascii	"9g\010\317\034#\034H\035{\005\357rau\264w\261\004\343"
 174      1C231C48 
 174      1D7B05EF 
 174      726175B4 
 174      77B104E3 
 175 04b1 BD541166 		.ascii	"\275T\021f\032\216T\312\023\334,Z\205$A\207\026\177"
 175      1A8E54CA 
 175      13DC2C5A 
 175      85244187 
 175      167F
 176 04c3 06D273C7 		.ascii	"\006\322s\307H\203\031\217\246\324x?\203\3129[\322\355"
ARM GAS  /tmp/ccSydHsz.s 			page 13


 176      4883198F 
 176      A6D4783F 
 176      83CA395B 
 176      D2ED
 177 04d5 8A5319D4 		.ascii	"\212S\031\324\302\360\203\032\317%\250\247\000\025\011"
 177      C2F0831A 
 177      CF25A8A7 
 177      001509
 178 04e4 5011C28B 		.ascii	"P\021\302\213\241v\010\016\241\036F\336\036\341\353"
 178      A176080E 
 178      A11E46DE 
 178      1EE1EB
 179 04f3 D32B64B0 		.ascii	"\323+d\260\354?\370\026>\302\200\037\344v\226\223)\326"
 179      EC3FF816 
 179      3EC2801F 
 179      E4769693 
 179      29D6
 180 0505 5787FE61 		.ascii	"W\207\376aS2\276\254d\322\343o$\273\341c\214\326\201"
 180      5332BEAC 
 180      64D2E36F 
 180      24BBE163 
 180      8CD681
 181 0518 82595888 		.ascii	"\202YX\210\370\212\223\265C\372\365\3662\200l\003\230"
 181      F88A93B5 
 181      43FAF5F6 
 181      32806C03 
 181      98
 182 0529 5A3222F6 		.ascii	"Z2\"\366\000\266/\307\216\022|\320n\301:z\313\036x\320"
 182      00B62FC7 
 182      8E127CD0 
 182      6EC13A7A 
 182      CB1E78D0 
 183 053d 3D470C44 		.ascii	"=G\014D\021-G\341\313\307\304\356\310\374Xw\\\305@\016"
 183      112D47E1 
 183      CBC7C4EE 
 183      C8FC5877 
 183      5CC5400E 
 184 0551 C54FD7E9 		.ascii	"\305O\327\351\234\203\374\340\024$3\346?\351\256c\037"
 184      9C83FCE0 
 184      142433E6 
 184      3FE9AE63 
 184      1F
 185 0562 80EC9541 		.ascii	"\200\354\225A\000\223\241\014\225\\oR\343S\014\345L"
 185      0093A10C 
 185      955C6F52 
 185      E3530CE5 
 185      4C
 186 0573 75FF638D 		.ascii	"u\377c\215s\224x\247(\025\017\0033.I\322\253(\016`b"
 186      739478A7 
 186      28150F03 
 186      332E49D2 
 186      AB280E60 
 187 0588 65987D56 		.ascii	"e\230}V\230\243\335\343\011\202>F^\345\250\245\274\207"
 187      98A3DDE3 
 187      09823E46 
 187      5EE5A8A5 
 187      BC87
ARM GAS  /tmp/ccSydHsz.s 			page 14


 188 059a 808B7C17 		.ascii	"\200\213|\027\027q\243\272\017\341I\326\015\227g\033"
 188      1771A3BA 
 188      0FE149D6 
 188      0D97671B 
 189 05aa 9EEAF10C 		.ascii	"\236\352\361\014U\324\025\021\303\207\241\377}\020\264"
 189      55D41511 
 189      C387A1FF 
 189      7D10B4
 190 05b9 42AC0AC8 		.ascii	"B\254\012\310\016P\205\016\202\253\375\002\266n'S%\340"
 190      0E50850E 
 190      82ABFD02 
 190      B66E2753 
 190      25E0
 191 05cb 3FF10F72 		.ascii	"?\361\017r\032\276k\351\321AQ\034\200h\310%\025J\206"
 191      1ABE6BE9 
 191      D141511C 
 191      8068C825 
 191      154A86
 192 05de 5892045A 		.ascii	"X\222\004Z\022\327Z:\"5:n\035\367\"\353\373\205c}\236"
 192      12D75A3A 
 192      22353A6E 
 192      1DF722EB 
 192      FB85637D 
 193 05f3 8AA85214 		.ascii	"\212\250R\024Q\245.Eu\372\302\216\002w<\317\242\272"
 193      51A52E45 
 193      75FAC28E 
 193      02773CCF 
 193      A2BA
 194 0605 B170F896 		.ascii	"\261p\370\226+\216\320Pe\366`[\216\007\216bJBQ\327\025"
 194      2B8ED050 
 194      65F6605B 
 194      8E078E62 
 194      4A4251D7 
 195 061a 0DDECB94 		.ascii	"\015\336\313\224\241\343\213\365\032\034\313\224\314"
 195      A1E38BF5 
 195      1A1CCB94 
 195      CC
 196 0627 81C7C5AE 		.ascii	"\201\307\305\2568\201*\302\235\370\243\0250o\373\332"
 196      38812AC2 
 196      9DF8A315 
 196      306FFBDA 
 197 0637 22FFF965 		.ascii	"\"\377\371ey\026\316\006\262_\352y'\260\341\222\326"
 197      7916CE06 
 197      B25FEA79 
 197      27B0E192 
 197      D6
 198 0648 E225412E 		.ascii	"\342%A.\016\013z\224%\367\317\227zFo$\242\271W\213\323"
 198      0E0B7A94 
 198      25F7CF97 
 198      7A466F24 
 198      A2B9578B 
 199 065d 18D4E387 		.ascii	"\030\324\343\207\227\346=p&S\244\271S\3274\370\010S"
 199      97E63D70 
 199      2653A4B9 
 199      53D734F8 
 199      0853
 200 066f AE1F981D 		.ascii	"\256\037\230\035q\303G\231\322zyO#,\021L\311k\037\221"
ARM GAS  /tmp/ccSydHsz.s 			page 15


 200      71C34799 
 200      D27A794F 
 200      232C114C 
 200      C96B1F91 
 201 0683 5C701153 		.ascii	"\\p\021S\352c\332\347\265\270\204)\251\265\273#t\270"
 201      EA63DAE7 
 201      B5B88429 
 201      A9B5BB23 
 201      74B8
 202 0695 9C2985CF 		.ascii	"\234)\205\317\247b\365\270\212G^\337\235-\260\341\267"
 202      A762F5B8 
 202      8A475EDF 
 202      9D2DB0E1 
 202      B7
 203 06a6 06D46396 		.ascii	"\006\324c\226=\255\230M\341Y\302\202\340\276\267\267"
 203      3DAD984D 
 203      E159C282 
 203      E0BEB7B7 
 204 06b6 EF9080D6 		.ascii	"\357\220\200\326\320\277\227|\341#\233D;\2228\375\325"
 204      D0BF977C 
 204      E1239B44 
 204      3B9238FD 
 204      D5
 205 06c7 50CF2D49 		.ascii	"P\317-IJ\320\323`2!\230J\341%9\366\036\232\3717\340"
 205      4AD0D360 
 205      3221984A 
 205      E12539F6 
 205      1E9AF937 
 206 06dc 43451B58 		.ascii	"CE\033XN]\321Kq\376\3248\317\336\270\226\032\027 \331"
 206      4E5DD14B 
 206      71FED438 
 206      CFDEB896 
 206      1A1720D9 
 207 06f0 FA926C9D 		.ascii	"\372\222l\235co\275S\260s\335'\033\037qll\353\272V\266"
 207      636FBD53 
 207      B073DD27 
 207      1B1F716C 
 207      6CEBBA56 
 208 0705 2EB0B7F6 		.ascii	".\260\267\366\2637\356\221\215s\355\215O\330\260\216"
 208      B337EE91 
 208      8D73ED8D 
 208      4FD8B08E 
 209 0715 E7C34042 		.ascii	"\347\303@B\242\012\025Ci\026\001.*\344M\310F\275\012"
 209      A20A1543 
 209      6916012E 
 209      2AE44DC8 
 209      46BD0A
 210 0728 8AA15A58 		.ascii	"\212\241ZX\203\312AN\200\224\200\324\200T\200\224\202"
 210      83CA414E 
 210      809480D4 
 210      80548094 
 210      82
 211 0739 94811C17 		.ascii	"\224\201\034\027\326\320\241\303je*IOj\005\034\250x"
 211      D6D0A1C3 
 211      6A652A49 
 211      4F6A051C 
 211      A878
ARM GAS  /tmp/ccSydHsz.s 			page 16


 212 074b A1A89678 		.ascii	"\241\250\226x\235\274\342\235\"Y\"1ev\314a\0306\011"
 212      9DBCE29D 
 212      22592231 
 212      6576CC61 
 212      183609
 213 075e EA92A338 		.ascii	"\352\222\2438\3528\012\033\343z\3318\337qGQc(\225\206"
 213      EA380A1B 
 213      E37AD938 
 213      DF714751 
 213      63289586 
 214 0772 D9D44437 		.ascii	"\331\324D7\305\270\2635V\241\223K\343n\250>{\306\003"
 214      C5B8B335 
 214      56A1934B 
 214      E36EA83E 
 214      7BC603
 215 0785 3FA40587 		.ascii	"?\244\005\207S\212\206\247\335\320\032\337\227X%U<\374"
 215      538A86A7 
 215      DDD01ADF 
 215      97582555 
 215      3CFC
 216 0797 AC608855 		.ascii	"\254`\210U\0224@\207\000\263\301q0,-\02514-\015\312"
 216      12344087 
 216      00B3C171 
 216      302C2D15 
 216      31342D0D 
 217 07ac B4C4F37D 		.ascii	"\264\304\363}\020\355\000\231/wF:\240\036:\240\216'"
 217      10ED0099 
 217      2F77463A 
 217      A01E3AA0 
 217      8E27
 218 07be 988C8188 		.ascii	"\230\214\201\210;\0170~\306\306\300\375\261\302>\001"
 218      3B0F307E 
 218      C6C6C0FD 
 218      B1C23E01 
 219 07ce 4BAE     		.ascii	"K\256"
 220 07d0 6C59193E 		.ascii	"lY\031>3\304\367\365MD\257\036\336\037\255\347#\202"
 220      33C4F7F5 
 220      4D44AF1E 
 220      DE1FADE7 
 220      2382
 221 07e2 DC09DF99 		.ascii	"\334\011\337\231\236\356\323\340\030f\\\361\274`\027"
 221      9EEED3E0 
 221      18665CF1 
 221      BC6017
 222 07f1 C6714C99 		.ascii	"\306qL\231\317\275xU\213S\230rz\241?]\207\263\251\362"
 222      CFBD7855 
 222      8B539872 
 222      7AA13F5D 
 222      87B3A9F2 
 223 0805 1F4F7F8C 		.ascii	"\037O\177\214|\344\201\326\274\004\343G\377\022\377"
 223      7CE481D6 
 223      BC04E347 
 223      FF12FF
 224 0814 4FFEF9FA 		.ascii	"O\376\371\372\222\003|z\263+k`\204\351\365d\230\371"
 224      92037C7A 
 224      B32B6B60 
 224      84E9F564 
ARM GAS  /tmp/ccSydHsz.s 			page 17


 224      98F9
 225 0826 AE59FA83 		.ascii	"\256Y\372\203\313\276\276,YU\317~\3271\311\222En`\232"
 225      CBBEBE2C 
 225      5955CF7E 
 225      D731C992 
 225      456E609A 
 226 083a 60816FB1 		.ascii	"`\201o\261M\326Yg5y\032j\322Bj\262Q`MHJ\026 %\363Pw"
 226      4DD65967 
 226      35791A6A 
 226      D2426AB2 
 226      51604D48 
 227 0855 CF409E82 		.ascii	"\317@\236\202\314\201\314\202\314\200L\203\374\004\362"
 227      CC81CC82 
 227      CC804C83 
 227      FC04F2
 228 0864 04640A64 		.ascii	"\004d\012d\004\344\032H/H3\310y\2206\220V\236RV<\227"
 228      04E41A48 
 228      2F4833C8 
 228      79903690 
 228      569E5256 
 229 087a 137FC9EA 		.ascii	"\023\177\311\352\022\346\2753\202\035\271z\373R\253"
 229      12E6BD33 
 229      821DB97A 
 229      FB52AB
 230 0889 E9F561D6 		.ascii	"\351\365a\326\344n\357\224},\015\313f\205L\253\367v"
 230      E46EEF94 
 230      7D2C0DCB 
 230      66854CAB 
 230      F776
 231 089b 2894338E 		.ascii	"(\2243\216\355\251{\333\232\354P\324d;\253IEnN\302U"
 231      EDA97BDB 
 231      9AEC50D4 
 231      643BAB49 
 231      456E4EC2 
 232 08b0 320C5013 		.ascii	"2\014P\0230\356\340\271\221\260/z\016\361u\201\\\260"
 232      30EEE0B9 
 232      91B02F7A 
 232      0EF17581 
 232      5CB0
 233 08c2 8D71A472 		.ascii	"\215q\244r1<y\207\324\272\016u\002\213v\204\025\010"
 233      313C7987 
 233      D4BA0E75 
 233      028B7684 
 233      1508
 234 08d4 8AB9CC96 		.ascii	"\212\271\314\226\306E\005\215\316\225hl\007\350\027"
 234      C645058D 
 234      CE95686C 
 234      07E817
 235 08e3 D2B0CC1A 		.ascii	"\322\260\314\032\245h\015\352\006\016u\2169,\313D\217"
 235      A5680DEA 
 235      060E758E 
 235      392CCB44 
 235      8F
 236 08f4 820269C9 		.ascii	"\202\002i\311\306\217\343BY\204\342\370\177*\024\211"
 236      C68FE342 
 236      5984E2F8 
 236      7F2A1489 
ARM GAS  /tmp/ccSydHsz.s 			page 18


 237 0904 14F267ED 		.ascii	"\024\362g\355\223\221\264\220/\001\310y\336\231K\233"
 237      9391B490 
 237      2F01C879 
 237      DE994B9B 
 238 0914 9C566785 		.ascii	"\234Vg\205\274d\321\017\234\3728\277\253\360\375\012"
 238      BC64D10F 
 238      9CFA38BF 
 238      ABF0FD0A 
 239 0924 605C5664 		.ascii	"`\\Vd\2507\206\227\013\011\365\002 \3649\231\353\031"
 239      A8378697 
 239      0B09F502 
 239      20F43999 
 239      EB19
 240 0936 80C50EA0 		.ascii	"\200\305\016\240\203\267p\016\320u\236N\225\335\274"
 240      83B7700E 
 240      D0759E4E 
 240      95DDBC
 241 0945 0E96BBB7 		.ascii	"\016\226\273\267\231\266\032\331\264\325\247\234\266"
 241      99B61AD9 
 241      B4D5A79C 
 241      B6
 242 0952 F843A01F 		.ascii	"\370C\240\0376\306G\223\033H\222\212Ny\323N\214\345"
 242      36C64793 
 242      1B48928A 
 242      4E79D34E 
 242      8CE5
 243 0964 847D759E 		.ascii	"\204}u\236\217\374\353`u\321\276\372[\345>w<\027\016"
 243      8FFCEB60 
 243      75D1BEFA 
 243      5BE53E77 
 243      3C170E
 244 0977 4308833C 		.ascii	"C\010\203<\234!\370>\240\010\245\3026W$\230A\307\301"
 244      9C21F83E 
 244      A008A5C2 
 244      36572498 
 244      41C7C1
 245 098a 38F6DDC5 		.ascii	"8\366\335\305\033\330\373f\241\227\261\320\007\035\206"
 245      1BD8FB66 
 245      A197B1D0 
 245      071D86
 246 0999 DEF9F176 		.ascii	"\336\371\361v\032:\011\252[\016}P\021\372\2666\036\372"
 246      1A3A09AA 
 246      5B0E7D50 
 246      11FAB636 
 246      1EFA
 247 09ab A8E08D7A 		.ascii	"\250\340\215z\355C\357\261\251\225\004G\374T\264\035"
 247      ED43EFB1 
 247      A9950447 
 247      FC54B41D 
 248 09bb 213709E4 		.ascii	"!7\011\344\036C?N\200<\002\271\017r\017\344\026\310"
 248      1E433F4E 
 248      803C02B9 
 248      0F720FE4 
 248      16C8
 249 09cd 4D901B8A 		.ascii	"M\220\033\212\244\324\366\320\376%3\355%\000%N\234\256"
 249      A4D4F6D0 
 249      FE2533ED 
ARM GAS  /tmp/ccSydHsz.s 			page 19


 249      2500254E 
 249      9CAE
 250 09df B1690936 		.ascii	"\261i\0116s\323\345\027Y\317^\244\236o\203m\237s[\333"
 250      73D3E517 
 250      59CF5EA4 
 250      9E6F836D 
 250      9F735BDB 
 251 09f3 C13BA618 		.ascii	"\301;\246\030\274\267\035\314\037cp\3656qp\013<\216"
 251      BCB71DCC 
 251      1F6370F5 
 251      3671700B 
 251      3C8E
 252 0a05 F1DEF811 		.ascii	"\361\336\370\021\002\276\013\201\335Q\214\276\212\347"
 252      02BE0B81 
 252      DD518CBE 
 252      8AE7
 253 0a13 DB92F276 		.ascii	"\333\222\362v\021\006\344\221\305\025n\357h\376\240"
 253      1106E491 
 253      C5156EEF 
 253      68FEA0
 254 0a22 F6966B2E 		.ascii	"\366\226k.d\256!\325y\223\333.\215\022\373:\357?\214"
 254      64AE21D5 
 254      7993DB2E 
 254      8D12FB3A 
 254      EF3F8C
 255 0a35 48678F2D 		.ascii	"Hg\217-\333\265\320\216\374\313)\336\221\344\021\304"
 255      DBB5D08E 
 255      FCCB29DE 
 255      91E411C4 
 256 0a45 9D1765A9 		.ascii	"\235\027e\251!\226\347t\034\362t\377\347\345\351\001"
 256      2196E774 
 256      1CF274FF 
 256      E7E5E901 
 257 0a55 D9D72DE5 		.ascii	"\331\327-\345i\234\345\311\331,\210\036Bz\344\211\320"
 257      699CE5C9 
 257      D92C881E 
 257      427AE489 
 257      D0
 258 0a66 3A1AFF70 		.ascii	":\032\377pz')I\342j\\.\311n\352\313\272\016o\253\177"
 258      7A272949 
 258      E26A5C2E 
 258      C96EEACB 
 258      BA0E6FAB 
 259 0a7b C2228195 		.ascii	"\302\"\201\225\356\301\212\201@R\342/\362\205\216\204"
 259      EEC18A81 
 259      4052E22F 
 259      F2858E84 
 260 0a8b FDF045D6 		.ascii	"\375\360E\326\223\235\2648\210\355#\347\266,\335\227"
 260      939DB438 
 260      88ED23E7 
 260      B62CDD97 
 261 0a9b 3B69BAC1 		.ascii	";i\272\301f\371&q\241\335'Y\262l\307\364\251\303c>j"
 261      66F92671 
 261      A1DD2759 
 261      B26CC7F4 
 261      A9C3633E 
 262 0ab0 F88D141B 		.ascii	"\370\215\024\0333\0236\213\353d\273\273T\372\025}n\260"
ARM GAS  /tmp/ccSydHsz.s 			page 20


 262      3313368B 
 262      EB64BBBB 
 262      54FA157D 
 262      6EB0
 263 0ac2 E0C8F62D 		.ascii	"\340\310\366-\331\364\0323%\367\375\333\005\007\246"
 263      D9F41A33 
 263      25F7FDDB 
 263      0507A6
 264 0ad1 365DD8BD 		.ascii	"6]\330\275\207w!\334Z\242]\366;\202\345\273\363C\355"
 264      877721DC 
 264      5AA25DF6 
 264      3B82E5BB 
 264      F343ED
 265 0ae4 3476B865 		.ascii	"4v\270eC\211\216\255m\234\307\265/\315\277i\366\306"
 265      43898EAD 
 265      6D9CC7B5 
 265      2FCDBF69 
 265      F6C6
 266 0af6 B6BB7366 		.ascii	"\266\273sf\275(\317\326\351\216\255m\372\340\331y\336"
 266      BD28CFD6 
 266      E98EAD6D 
 266      FAE0D979 
 266      DE
 267 0b07 6364FB98 		.ascii	"cd\373\230ao\276\374\206e\2269\247\033\031\307\3266"
 267      616FBEFC 
 267      86659639 
 267      A71B19C7 
 267      D636
 268 0b19 CEA7FF44 		.ascii	"\316\247\377Dl\255\303\251e\245\341\364\023\233;[\034"
 268      6CADC3A9 
 268      65A5E1F4 
 268      139B3B5B 
 268      1C
 269 0b2a CF9DBFAD 		.ascii	"\317\235\277\255%\017\025HE\237\225\357&[l\247\316\305"
 269      250F1548 
 269      459F95EF 
 269      265B6CA7 
 269      CEC5
 270 0b3c CF92F324 		.ascii	"\317\222\363$[\264\216\225\320\246\374\011X\207\003"
 270      5BB48E95 
 270      D0A6FC09 
 270      588703
 271 0b4b 304BFF6D 		.ascii	"0K\377mZhd\033sN\306\352\240X\260\333\275]?R\350E^T"
 271      5A68641B 
 271      734EC6EA 
 271      A058B0DB 
 271      BD5D3F52 
 272 0b63 64911715 		.ascii	"d\221\027\025\377\224\022A^T\020\343\032\376\242\302"
 272      FF941241 
 272      5E5410E3 
 272      1AFEA2C2 
 273 0b73 BABB5191 		.ascii	"\272\273Q\2213\360\031\201\311\213\212\274\033\217\036"
 273      33F01981 
 273      C98B8ABC 
 273      1B8F1E
 274 0b82 BAE2282D 		.ascii	"\272\342(-\273\343\235\317\250\341\033ooP\027\206\343"
 274      BBE39DCF 
ARM GAS  /tmp/ccSydHsz.s 			page 21


 274      A8E11B6F 
 274      6F501786 
 274      E3
 275 0b93 E25CF9BE 		.ascii	"\342\\\371\276\233<0\034.-\233q\321\331<\360$\206\362"
 275      9B3C301C 
 275      2E2D9B71 
 275      D1D93CF0 
 275      2486F2
 276 0ba6 50DF85C9 		.ascii	"P\337\205\311c\001?\246\202ybYN\264\213\342\356\344"
 276      63013FA6 
 276      82796259 
 276      4EB48BE2 
 276      EEE4
 277 0bb8 A0E2A9C0 		.ascii	"\240\342\251\300nl\035\366`|(3bA\275:\216O\247\277\023"
 277      6E6C1DF6 
 277      607C2833 
 277      6241BD3A 
 277      8E4FA7BF 
 278 0bcd E9D59DD8 		.ascii	"\351\325\235\330\007Ebb\033\205W[\021\210\365\256\271"
 278      07456262 
 278      1B85575B 
 278      1188F5AE 
 278      B9
 279 0bde F23ACC82 		.ascii	"\362:\314\202\2654\376U\212C\304\000\355\300,R\271\031"
 279      B534FE55 
 279      8A43C400 
 279      EDC02C52 
 279      B919
 280 0bf0 39B35150 		.ascii	"9\263QP\241h\032k\321B\307\202\032\247\260Xc\2732\257"
 280      A1681A6B 
 280      D142C782 
 280      1AA7B058 
 280      63BB32AF 
 281 0c04 6BF9DB02 		.ascii	"k\371\333\002\201\334\216T\347\326\362\007\301n\240"
 281      81DC8E54 
 281      E7D6F207 
 281      C16EA0
 282 0c13 F62F6467 		.ascii	"\366/dg\271;\217u\2375\326\275\230\306zl\370\352\021"
 282      B93B8F75 
 282      9F35D6BD 
 282      98C67A6C 
 282      F8EA11
 283 0c26 8D3DFD3D 		.ascii	"\215=\375=\300\203\355\012~\240\364\367Y\351\217\326"
 283      C083ED0A 
 283      7EA0F4F7 
 283      59E98FD6 
 284 0c36 D7347872 		.ascii	"\3274xr\372\225j\350'\270\216b8{\271U\014g\037K\331"
 284      FA956AE8 
 284      27B88E62 
 284      387BB955 
 284      0C671F4B 
 285 0c4b 1FB9784C 		.ascii	"\037\271xLr\305\005\214}UF\337\241\025\350\305[\351"
 285      72C5058C 
 285      7D5546DF 
 285      A115E8C5 
 285      5BE9
 286 0c5d ADA3ECFA 		.ascii	"\255\243\354\372\3166\305{rv\026+;k\015\252P\002e\027"
ARM GAS  /tmp/ccSydHsz.s 			page 22


 286      CE36C57B 
 286      7276162B 
 286      3B6B0DAA 
 286      50026517 
 287 0c71 6F651757 		.ascii	"oe\027W9\261\335\235\263{\375\277\311U\024\307\271\311"
 287      39B1DD9D 
 287      B37BFDBF 
 287      C95514C7 
 287      B9C9
 288 0c83 6DE238B7 		.ascii	"m\3428\267D\312\255m\262\277\323\3039\235\375V:\265"
 288      44CAAD6D 
 288      B2BFD3C3 
 288      399DFD56 
 288      3AB5
 289 0c95 AC32F69C 		.ascii	"\2542\366\234\253j\346\2178Z\351\255`\321\371\021W9"
 289      AB6AE68F 
 289      385AE9AD 
 289      60D1F911 
 289      5739
 290 0ca7 7B8816CA 		.ascii	"{\210\026\312\001\314\262\253BI\224\037uB\025hq\346"
 290      01CCB2AB 
 290      4249941F 
 290      75421568 
 290      71E6
 291 0cb9 68C4A497 		.ascii	"h\304\244\227\242\266\340\274\015b2\246\313\0169\222"
 291      A2B6E0BC 
 291      0D6232A6 
 291      CB0E3992 
 292 0cc9 429EE85A 		.ascii	"B\236\350Z\340o\315t\344\341V\341\363j\215s\266)V\266"
 292      E06FCD74 
 292      E4E156E1 
 292      F36A8D73 
 292      B62956B6 
 293 0cdd 0759DF5E 		.ascii	"\007Y\337^\351\217<\311+\303\235\274\255\031=\320\350"
 293      E98F3CC9 
 293      2BC39DBC 
 293      AD193DD0 
 293      E8
 294 0cee C6C85FA5 		.ascii	"\306\310_\245\311\035O\336\215\354\311\247\001\371T"
 294      C91D4FDE 
 294      8DECC9A7 
 294      01F954
 295 0cfd 4A3E9D92 		.ascii	"J>\235\222Oa\344\323)\371>\313\344\015\345\343\262t"
 295      4F61E4D3 
 295      29F93ECB 
 295      E40DE5E3 
 295      B274
 296 0d0f 05F90C4E 		.ascii	"\005\371\014N>\203\222\357\035;\034\311\357~\273\350"
 296      3E8392EF 
 296      1D3B1CC9 
 296      EF7EBBE8 
 297 0d1f 83C18395 		.ascii	"\203\301\203\2253\202=\336!\314\350\252P\246M\251\021"
 297      33823DDE 
 297      21CCE8AA 
 297      50A64DA9 
 297      11
 298 0d30 853C3DEC 		.ascii	"\205<=\354/\234\323*\3602\025xY\034/\213\342\265\345"
ARM GAS  /tmp/ccSydHsz.s 			page 23


 298      2F9CD32A 
 298      F0321578 
 298      591C2F8B 
 298      E2B5E5
 299 0d43 D4CEF364 		.ascii	"\324\316\363d\271\330\274d\363f/\331.du\355\362\264"
 299      B9D8BC64 
 299      F3662FD9 
 299      2E6475ED 
 299      F2B4
 300 0d55 47CF06F4 		.ascii	"G\317\006\364\303\024\375\210\3158%\012\264\330\237"
 300      C314FD88 
 300      CD38250A 
 300      B4D89F
 301 0d64 3BF0182B 		.ascii	";\360\030+\320\217(\320s8z\016E?3Y\232\307\3211\250"
 301      D08F28D0 
 301      73387A0E 
 301      453F3359 
 301      9AC7D131 
 302 0d79 8F66B2A3 		.ascii	"\217f\262\243\265\316\273\352\250\265\253rYW\225&\226"
 302      B5CEBBEA 
 302      A8B5AB72 
 302      59579526 
 302      96
 303 0d8a 36B8CA85 		.ascii	"6\270\312\205\216\354f\234<\312\356(c\227G\331\365\304"
 303      8EEC669C 
 303      3CCAEE28 
 303      639747D9 
 303      F5C4
 304 0d9c 17A7BB2A 		.ascii	"\027\247\273*\330\345)\330\345sv\371\224\335\241\330"
 304      D8E529D8 
 304      E57376F9 
 304      94DDA1D8 
 305 0dac 13B93AE7 		.ascii	"\023\271:\347t\012\254t\0163:\267\236\025\327\362w\203"
 305      740AAC74 
 305      0E333AB7 
 305      9E15D7F2 
 305      7783
 306 0dbe 1A9BB7A5 		.ascii	"\032\233\267\245\336\354m\351\275\321\037\023\365\366"
 306      DEEC6DE9 
 306      BDD11F13 
 306      F5F6
 307 0dcc A92C8454 		.ascii	"\251,\204T\036\243\251,\242d\013\030\331\"J\366@}y\251"
 307      1EA3A92C 
 307      A2640B18 
 307      D9224AF6 
 307      407D79A9 
 308 0de0 4E41B648 		.ascii	"NA\266HA\266\230\223-\246d\247\222wFk\031\372?\223\252"
 308      41B69893 
 308      2DA664A7 
 308      9277466B 
 308      19FA3F93 
 309 0df5 CBCDCA15 		.ascii	"\313\315\312\025\234s/\261r?\316SY\037\371\200\377\334"
 309      9C732FB1 
 309      723FCE53 
 309      591FF980 
 309      FFDC
 310 0e07 C04226FF 		.ascii	"\300B&\377\374\344\344\233\036\366lK\201-\333\024\224"
ARM GAS  /tmp/ccSydHsz.s 			page 24


 310      FCE4E49B 
 310      1EF66C4B 
 310      812DDB14 
 310      94
 311 0e18 51B6258C 		.ascii	"Q\266%\214m\031e;xa6I\243`[\246`[\316\331\226S\266?"
 311      6D19653B 
 311      78613649 
 311      A3605BA6 
 311      605BCED9 
 312 0e30 CDC53CE4 		.ascii	"\315\305<\344k\317\313\240\336-\272\332\260\302\030"
 312      6BCFCBA0 
 312      DE2DBADA 
 312      B0C218
 313 0e3f ADB4B2AD 		.ascii	"\255\264\262\255`lS\242\243\325\214\354\011Bv1?-g\031"
 313      606C53A2 
 313      A3D58CEC 
 313      09427631 
 313      3F2D6719 
 314 0e53 D92ACC82 		.ascii	"\331*\314\202S\241jJ\266\222\221\255\246do\365\365$"
 314      53A16A4A 
 314      B69291AD 
 314      A6646FF5 
 314      F524
 315 0e65 2927946A 		.ascii	")'\224j\005\331\032N\266\206\222=\2200X\200\234\263"
 315      05D91A4E 
 315      B686923D 
 315      90305880 
 315      9CB3
 316 0e77 3B6165D7 		.ascii	";ae\327\303\346\273\250\353\343OxQ\377+\250g\307f\357"
 316      C3E6BBA8 
 316      EBE34F78 
 316      51FF2BA8 
 316      67C766EF 
 317 0e8b F3A5278A 		.ascii	"\363\245'\212,=\227\232[#\274\354\331\326\002\333\223"
 317      2C3D979A 
 317      5B23BCEC 
 317      D9D602DB 
 317      93
 318 0e9c 946D1D65 		.ascii	"\224m\035e{\202\261\255\243l\247g\233\223\225\017\376"
 318      7B82B1AD 
 318      A36CA767 
 318      9B93950F 
 318      FE
 319 0ead EA146CEB 		.ascii	"\352\024l\3539\333z\31261\347\370I\376#\202_\221!f\231"
 319      39DB7ACA 
 319      3631E7F8 
 319      49FE2382 
 319      5F912166 
 320 0ec2 FCD039F7 		.ascii	"\374\3209\367SV\356\015,\263\307\3576\246[\177\255@"
 320      5356EE0D 
 320      2CB3C7EF 
 320      36A65B7F 
 320      AD40
 321 0ed4 C8EE785C 		.ascii	"\310\356x\\R\276\214l#\366\341;O\013%{\212\221\265P"
 321      52BE8C6C 
 321      23F6E13B 
 321      4F0B257B 
ARM GAS  /tmp/ccSydHsz.s 			page 25


 321      8A91B550 
 322 0ee8 B20D03F9 		.ascii	"\262\015\003\371\367\224\323\217EA\3664'{\232\222=>"
 322      F794D38F 
 322      4541F634 
 322      277B9A92 
 322      3D3E
 323 0efa F9E4B886 		.ascii	"\371\344\270\206\221%\277\\\031k}<\277\302Bw\326\312"
 323      9125BF5C 
 323      196B7D3C 
 323      BFC24277 
 323      D6CA
 324 0f0c F60C639B 		.ascii	"\366\014c\233u\357Z\211\332\236\235\274\363i\242\354"
 324      75EF5A89 
 324      DA9E9DBC 
 324      F369A2EC 
 325 0f1c CE32764D 		.ascii	"\3162vM\224]\367\335\305;\356\012vM\012v\3478\273sl"
 325      945DF7DD 
 325      C53BEE0A 
 325      764D0A76 
 325      E738BB73 
 326 0f31 2519D8BE 		.ascii	"%\031\330\276\310\237\325{\202\032\177\367\360\304\012"
 326      C89FD57B 
 326      821A7FF7 
 326      F0C40A
 327 0f40 F3418B95 		.ascii	"\363A\213\225]3c\0275\272\273\227\347r\226\276M\274"
 327      5D336317 
 327      35BABB97 
 327      E77296BE 
 327      4DBC
 328 0f52 D3D5B88C 		.ascii	"\323\325\270\214m+f\321\250P\033e\333\302\330\266Q\266"
 328      6D2B66D1 
 328      A8501B65 
 328      DBC2D8B6 
 328      51B6
 329 0f64 D71AF65C 		.ascii	"\327\032\366\\W+\330\266)\330\236\347l\317S\266\251"
 329      572BD8B6 
 329      29D89EE7 
 329      6CCF53B6 
 329      A9
 330 0f75 D2AEE3D8 		.ascii	"\322\256\343\3309\275v+\275\023\274L[\206.\363\205\356"
 330      39BD762B 
 330      BD13BC4C 
 330      5B862EF3 
 330      85EE
 331 0f87 1764BB74 		.ascii	"\027d\273t\241e\200\257\322QdP\235>81\275l\352\277\000"
 331      A16580AF 
 331      D2516450 
 331      9D3E3831 
 331      BD6CEABF 
 332 0f9c 6C3B28DB 		.ascii	"l;(\333"
 333 0fa0 4ECAB69D 		.ascii	"N\312\266\235\261\355\244l\367\315Z\026<\024l;\025l"
 333      B1EDA46C 
 333      F7CD5A16 
 333      3C146C3B 
 333      156C
 334 0fb2 2F72B617 		.ascii	"/r\266\027)\333G7gn\2540\327wY\331\036c\311|\022\263"
 334      29DB4737 
ARM GAS  /tmp/ccSydHsz.s 			page 26


 334      676EAC30 
 334      D77759D9 
 334      1E63C97C 
 335 0fc8 7386FF3C 		.ascii	"s\206\377<\212\374H\302\372\313\030o\366\313\230]YI"
 335      8AFC48C2 
 335      FACB186F 
 335      F6CB985D 
 335      5949
 336 0fda 8FDCEDC9 		.ascii	"\217\334\355\311\366\000\331nJ\266\227\222\355bd{)\331"
 336      F600D96E 
 336      4AB69792 
 336      ED62647B 
 336      29D9
 337 0fec CA82BA5B 		.ascii	"\312\202\272[\312\031\240WA\366\022'K\216\277\330\352"
 337      CA19A057 
 337      41F61227 
 337      4B8EBFD8 
 337      EA
 338 0ffd 2F0604   		.ascii	"/\006\004"
 339 1000 6E0ADB6C 		.ascii	"n\012\333l\020M\376\001\337\006\205n\326~\364\351\227"
 339      104DFE01 
 339      DF06856E 
 339      D67EF4E9 
 339      97
 340 1011 AFAEFFE0 		.ascii	"\257\256\377\340\003\225\316`\330\022\024*\276\365\246"
 340      0395CE60 
 340      D812142A 
 340      BEF5A6
 341 1020 41FCD26F 		.ascii	"A\374\322o\213\331\344\367uP\250\337\346\200\200\265"
 341      8BD9E4F7 
 341      7550A8DF 
 341      E68080B5 
 342 1030 FEA690B5 		.ascii	"\376\246\220\265\241a\241\306\265F\377\257\203\326\276"
 342      A161A1C6 
 342      B546FFAF 
 342      83D6BE
 343 103f 63787BED 		.ascii	"cx{\355\233\353\336x\367\357o\372).\370\005\205\006"
 343      9BEBDE78 
 343      F7EF6FFA 
 343      292EF805 
 343      8506
 344 1051 046FD964 		.ascii	"\004o\331d\364\013\361\017\010\014\0125\372\0316\031"
 344      F40BF10F 
 344      080C0A35 
 344      FA193619 
 345 1061 BFF1DF12 		.ascii	"\277\361\337\022,\032\304\357\303\215\346\327\003UZ"
 345      2C1AC4EF 
 345      C38DE6D7 
 345      03555A
 346 1070 ABFB3FFD 		.ascii	"\253\373?\375_\334\233\2777\373\031\314\342&\360\005"
 346      5FDC9BBF 
 346      37FB19CC 
 346      E226F005 
 347 1080 3EDD4015 		.ascii	">\335@\025\203B\214\006\361\337\326\007\006}\035\264"
 347      83428C06 
 347      F1DFD607 
 347      067D1DB4 
ARM GAS  /tmp/ccSydHsz.s 			page 27


 348 1090 E10BBF30 		.ascii	"\341\013\2770\263\237I\\2\017\010$\026\234\201.$l\323"
 348      B39F495C 
 348      320F0824 
 348      169C812E 
 348      246CD3
 349 10a3 9660F81A 		.ascii	"\226`\370\032\240Z\005\355\215\246o\214&ch\200\321\020"
 349      A05A05ED 
 349      8DA66F8C 
 349      26636880 
 349      D110
 350 10b5 226E7309 		.ascii	"\"ns\011\333\032j4iMF\377\340pSP\230\253H>\015\342{"
 350      DB1A6A34 
 350      694D46FF 
 350      E0705350 
 350      98AB483E 
 351 10cc 366E03C2 		.ascii	"6n\003\302BB\302B\375\302\303L\242\331\357\303\317?"
 351      4242C242 
 351      FDC2C34C 
 351      A2D9EFC3 
 351      CF3F
 352 10de 59FFC936 		.ascii	"Y\377\3116r.<(\330h2\373}\264~=\240Y\241\\\301ep\220"
 352      722E3C28 
 352      D86832FB 
 352      7DB47E3D 
 352      A059A15C 
 353 10f6 59D41AC3 		.ascii	"Y\324\032\303\215\241@v\263\273\361;c\250\030\342o\376"
 353      8DA14076 
 353      B3BBF13B 
 353      63A818E2 
 353      6FFE
 354 1108 D6206A43 		.ascii	"\326 jC\314\233\377\276\305\270\305\250\0165n\023W\005"
 354      CC9BFFBE 
 354      C5B8C5A8 
 354      0E356E13 
 354      5705
 355 111a 041AC440 		.ascii	"\004\032\304@\000\336d6\260\263\341&\343w^\212S\006"
 355      00DE6436 
 355      B0B3E126 
 355      E3775E8A 
 355      5306
 356 112c D175AB7F 		.ascii	"\321u\253\177\220\010~\274l\254\011\200\247\255b\020"
 356      90087EBC 
 356      6CAC0980 
 356      A7AD6210 
 357 113c D1168D71 		.ascii	"\321\026\215q+A\321l\025\201B8\034\314\306\220p\034"
 357      2B41D16C 
 357      15814238 
 357      1CCCC690 
 357      701C
 358 114e 102ABA19 		.ascii	"\020*\272\031\014\274\003\\\371\321\005\316\302'E\320"
 358      0CBC035C 
 358      F9D105CE 
 358      C22745D0 
 359 115e 835FB0F4 		.ascii	"\203_\260\364\017\017\0143\031]\315\204\253y\263\013"
 359      0F0F0C33 
 359      195DCD84 
 359      AB79B30B 
ARM GAS  /tmp/ccSydHsz.s 			page 28


 360 116e 08186C15 		.ascii	"\010\030l\025ES\370j\006d0\031\255Y\023\301y\330\327"
 360      4553F86A 
 360      06643019 
 360      AD5913C1 
 360      79D8D7
 361 1181 7F0BD71A 		.ascii	"\177\013\327\032\267\005\211\001a\233\214\032\323\246"
 361      B7058901 
 361      619B8C1A 
 361      D3A6
 362 118f EFA1851A 		.ascii	"\357\241\205\032L\314n\254\234\336\0074\353Q$\347\301"
 362      4CCC6EAC 
 362      9CDE0734 
 362      EB5124E7 
 362      C1
 363 11a0 DD37C1FE 		.ascii	"\3357\301\376\233\315\256\"t\006\370p1\213\376\242Q"
 363      9BCDAE22 
 363      7406F870 
 363      318BFEA2 
 363      51
 364 11b1 2BD20371 		.ascii	"+\322\003q\351\377\265\277\331\310\213\361\335\267!"
 364      E9FFB5BF 
 364      D9C88BF1 
 364      DDB721
 365 11c0 59D62F3A 		.ascii	"Y\326/:\263\370\255\177p\320\346P\203\350\373\242^\011"
 365      B3F8AD7F 
 365      70D0E650 
 365      83E8FBA2 
 365      5E09
 366 11d2 0C8028A0 		.ascii	"\014\200(\240\033\324\241\376!Fu@\240\277\311%,x\223"
 366      1BD4A1FE 
 366      21467540 
 366      A0BFC925 
 366      2C7893
 367 11e5 D1E4126A 		.ascii	"\321\344\022j\334j4\341\000q\233`\016\027\202I\177o"
 367      DC6A34E1 
 367      00719B60 
 367      0E178249 
 367      7F6F
 368 11f7 863A3388 		.ascii	"\206:3\210\330\364\306\033 \353\004\323\007\202\351"
 368      D8F4C61B 
 368      20EB04D3 
 368      0782E9
 369 1206 7DC1F49E 		.ascii	"}\301\364\236`zW0\275#\230\336v'\236I\346\240\321o~"
 369      607A5730 
 369      BD2398DE 
 369      76279E49 
 369      E6A0D16F 
 370 121b 16AEE1BB 		.ascii	"\026\256\341\273\367B\000[O\033\006\204A\241m\023\325"
 370      F742005B 
 370      4F1B0684 
 370      41A16D13 
 370      D5
 371 122c A49CDC96 		.ascii	"\244\234\334\226\372\316%$<,,X\313S*j\341B\310\026\260"
 371      FACE2524 
 371      3C2C2C58 
 371      CB532A6A 
 371      E142C816 
ARM GAS  /tmp/ccSydHsz.s 			page 29


 372 1241 73A59F06 		.ascii	"s\245\237\006\361WN\253\031F/\370\376\027g\327\241\317"
 372      F1574EAB 
 372      19462FF8 
 372      FE1767D7 
 372      A1CF
 373 1253 57BA0C3D 		.ascii	"W\272\014=\014\227W}\262\341\313\217?\334\370\307\015"
 373      0C97577D 
 373      B2E1CB8F 
 373      3FDCF8C7 
 373      0D
 374 1264 9F1ABED8 		.ascii	"\237\032\276\330\370\371\037?\375\310\353\263\3177l"
 374      F8F91F3F 
 374      FDC8EBB3 
 374      CF376C
 375 1273 DCB07EC3 		.ascii	"\334\260~\303\307\\\327\177\361\311\206\337\377\027"
 375      C75CD77F 
 375      F1C986DF 
 375      FF17
 376 1281 57FE17CA 		.ascii	"W\376\027\312{x\241"
 376      7B78A1
 377              		.text
 378              		.section	.gnu.lto_.symtab.124755413086a72d,"",%progbits
 379 0000 77617463 		.ascii	"watchdog_tracking\000"
 379      68646F67 
 379      5F747261 
 379      636B696E 
 379      6700
 380 0012 00       		.ascii	"\000"
 381 0013 00       		.ascii	"\000"
 382 0014 00       		.ascii	"\000"
 383 0015 00000000 		.ascii	"\000\000\000\000\000\000\000\000"
 383      00000000 
 384 001d B6000000 		.ascii	"\266\000\000\000"
 385 0021 696E7465 		.ascii	"interference_mtx\000"
 385      72666572 
 385      656E6365 
 385      5F6D7478 
 385      00
 386 0032 00       		.ascii	"\000"
 387 0033 00       		.ascii	"\000"
 388 0034 00       		.ascii	"\000"
 389 0035 00000000 		.ascii	"\000\000\000\000\000\000\000\000"
 389      00000000 
 390 003d 82010000 		.ascii	"\202\001\000\000"
 391 0041 4D4F554C 		.ascii	"MOULATION_STRING\000"
 391      4154494F 
 391      4E5F5354 
 391      52494E47 
 391      00
 392 0052 00       		.ascii	"\000"
 393 0053 00       		.ascii	"\000"
 394 0054 00       		.ascii	"\000"
 395 0055 00000000 		.ascii	"\000\000\000\000\000\000\000\000"
 395      00000000 
 396 005d 89010000 		.ascii	"\211\001\000\000"
 397 0061 50524F54 		.ascii	"PROTOCOL_STRING\000"
 397      4F434F4C 
ARM GAS  /tmp/ccSydHsz.s 			page 30


 397      5F535452 
 397      494E4700 
 398 0071 00       		.ascii	"\000"
 399 0072 00       		.ascii	"\000"
 400 0073 00       		.ascii	"\000"
 401 0074 00000000 		.ascii	"\000\000\000\000\000\000\000\000"
 401      00000000 
 402 007c 8F010000 		.ascii	"\217\001\000\000"
 403 0080 534D4F44 		.ascii	"SMODE_STRING\000"
 403      455F5354 
 403      52494E47 
 403      00
 404 008d 00       		.ascii	"\000"
 405 008e 00       		.ascii	"\000"
 406 008f 00       		.ascii	"\000"
 407 0090 00000000 		.ascii	"\000\000\000\000\000\000\000\000"
 407      00000000 
 408 0098 93010000 		.ascii	"\223\001\000\000"
 409              		.text
 410              		.section	.gnu.lto_.opts,"",%progbits
 411 0000 272D6666 		.ascii	"'-ffp-contract=off' '-fmath-errno' '-fsigned-zeros'"
 411      702D636F 
 411      6E747261 
 411      63743D6F 
 411      66662720 
 412 0033 20272D66 		.ascii	" '-ftrapping-math' '-fno-trapv' '-fno-openmp' '-fno"
 412      74726170 
 412      70696E67 
 412      2D6D6174 
 412      68272027 
 413 0066 2D6F7065 		.ascii	"-openacc' '-mcpu=cortex-m4' '-mno-thumb-interwork' "
 413      6E616363 
 413      2720272D 
 413      6D637075 
 413      3D636F72 
 414 0099 272D6D74 		.ascii	"'-mthumb' '-ggdb' '-O2' '-fomit-frame-pointer' '-fa"
 414      68756D62 
 414      2720272D 
 414      67676462 
 414      2720272D 
 415 00cc 6C69676E 		.ascii	"lign-functions=16' '-ffunction-sections' '-fdata-se"
 415      2D66756E 
 415      6374696F 
 415      6E733D31 
 415      36272027 
 416 00ff 6374696F 		.ascii	"ctions' '-fno-common' '-flto'\000"
 416      6E732720 
 416      272D666E 
 416      6F2D636F 
 416      6D6D6F6E 
 417              		.text
 418              		.comm	__gnu_lto_v1,1,1
 419              		.comm	__gnu_lto_slim,1,1
 420              		.ident	"GCC: (GNU Tools for ARM Embedded Processors) 5.4.1 20160609 (release) [ARM/embedded-5-bran
ARM GAS  /tmp/ccSydHsz.s 			page 31


DEFINED SYMBOLS
                            *ABS*:00000000 modules.c
                            *COM*:00000001 __gnu_lto_v1
                            *COM*:00000001 __gnu_lto_slim

NO UNDEFINED SYMBOLS
