ARM GAS  /tmp/ccrP7ar1.s 			page 1


   1              		.syntax unified
   2              		.cpu cortex-m4
   3              		.fpu softvfp
   4              		.eabi_attribute 20, 1
   5              		.eabi_attribute 21, 1
   6              		.eabi_attribute 23, 3
   7              		.eabi_attribute 24, 1
   8              		.eabi_attribute 25, 1
   9              		.eabi_attribute 26, 1
  10              		.eabi_attribute 30, 2
  11              		.eabi_attribute 34, 1
  12              		.eabi_attribute 18, 4
  13              		.thumb
  14              		.syntax unified
  15              		.file	"nvic.c"
  16              		.text
  17              	.Ltext0:
  18              		.section	.gnu.lto_.profile.483f52bebb95fc7c,"",%progbits
  19 0000 789C6361 		.ascii	"x\234ca`d`a`\000\222\352R\000\000\322\000L"
  19      60646061 
  19      600092EA 
  19      520000D2 
  19      004C
  20              		.text
  21              		.section	.gnu.lto_.icf.483f52bebb95fc7c,"",%progbits
  22 0000 789C6361 		.ascii	"x\234ca`d\000\001\005\006\004`ex:\377\316>f\306eS\316"
  22      60640001 
  22      05060460 
  22      65783AFF 
  22      CE3E66C6 
  23 0017 7473309D 		.ascii	"ts0\235}\334\372\217\203y\346\221\235\375\\,\333\276"
  23      7DDCFA8F 
  23      8379E691 
  23      9DFD5C2C 
  23      DBBE
  24 0029 2F7CC6CE 		.ascii	"/|\306\316\000\000\373'\017\024"
  24      0000FB27 
  24      0F14
  25              		.text
  26              		.section	.gnu.lto_.jmpfuncs.483f52bebb95fc7c,"",%progbits
  27 0000 789C6361 		.ascii	"x\234ca`d\000\001k\006\004`a`bdd\256\257g\004\202z&"
  27      60640001 
  27      6B060460 
  27      61606264 
  27      64AEAF67 
  28 0018 089B89F1 		.ascii	"\010\233\211\361/\023c\363\257\375\237\371\352\3776"
  28      2F1363F3 
  28      AFFD9FF9 
  28      EAFF36
  29 0027 CC686810 		.ascii	"\314hh\020hef\350d\006*f\\\316X\317\300\310\302\300"
  29      686566E8 
  29      64062A66 
  29      5CCE58CF 
  29      C0C8C2C0 
  30 003b 0252CC00 		.ascii	"\002R\314\000\000\236\356\015\177"
  30      009EEE0D 
  30      7F
ARM GAS  /tmp/ccrP7ar1.s 			page 2


  31              		.text
  32              		.section	.gnu.lto_.inline.483f52bebb95fc7c,"",%progbits
  33 0000 789C458E 		.ascii	"x\234E\216\321\015\3020\014D\357\\+I\333\017\030\000"
  33      D10DC230 
  33      0C44EF5C 
  33      2B49DB0F 
  33      1800
  34 0012 A99980B5 		.ascii	"\251\231\200\265\350\"\354\321?\006\340\233\025\020"
  34      E822ECD1 
  34      3F06E09B 
  34      1510
  35 0020 A3F0C107 		.ascii	"\243\360\301\007\022B\352%\245\305\222cYw~\027\007Q"
  35      1242EA25 
  35      A5C59263 
  35      59777E17 
  35      0751
  36 0032 EA8A7F39 		.ascii	"\352\212\1779\320\2654\346\"\225\307\303\363\2100\015"
  36      D0B534E6 
  36      2295C7C3 
  36      F388300D 
  37 0042 067BEC1C 		.ascii	"\006{\354\034\332\222\224\244\323\024\311ji|\032\026"
  37      DA9294A4 
  37      D314C96A 
  37      697C1A16 
  38 0052 8B54AF10 		.ascii	"\213T\257\020C\333\321\221\307\257\361\363\276\337\342"
  38      43DBD191 
  38      C7AFF1F3 
  38      BEDFE2
  39 0061 CBCE0DD9 		.ascii	"\313\316\015\331\363\302\203\270\247\337\324qMr\261"
  39      F3C283B8 
  39      A7DFD471 
  39      4D72B1
  40 0070 178250FB 		.ascii	"\027\202P\373\222\224\313g\254\027\212\352\030\326\250"
  40      9294CB67 
  40      AC178AEA 
  40      18D6A8
  41 007f CDB84561 		.ascii	"\315\270Ea\006\242\017\027\255"
  41      06A20F17 
  41      AD
  42              		.text
  43              		.section	.gnu.lto_.pureconst.483f52bebb95fc7c,"",%progbits
  44 0000 789C6361 		.ascii	"x\234ca`d\340d```a\220b\224b\222b\221\002\000\002\263"
  44      6064E064 
  44      60606061 
  44      90629462 
  44      92629102 
  45 0017 0082     		.ascii	"\000\202"
  46              		.text
  47              		.section	.gnu.lto_nvicEnableVector.483f52bebb95fc7c,"",%progbits
  48 0000 789C9D53 		.ascii	"x\234\235S\317k\023A\030\2357\223\315n4I\217\036\014"
  48      CF6B1341 
  48      189D3793 
  48      CD6E3449 
  48      8F1E0C
  49 0013 58F0102A 		.ascii	"X\360\020*\350\022<\210x\222\202\267\242\324\277@\203"
  49      E8123C88 
  49      789282B7 
ARM GAS  /tmp/ccrP7ar1.s 			page 3


  49      A2D4BF40 
  49      83
  50 0024 D0804D4A 		.ascii	"\320\200MJ+\342\255\323l6E\274\324\037\215?P\213\320"
  50      2BE2ADD3 
  50      6C3645BC 
  50      D41F8D3F 
  50      508BD0
  51 0037 D2D8DAA6 		.ascii	"\322\330\332\246\251U\233\252\020\202\"=\264\"\350I"
  51      A9559BAA 
  51      1082223D 
  51      B422E849 
  52 0047 10B52582 		.ascii	"\020\265%\202PIBE\017M\3427\273\001\005\025\304\201"
  52      50494245 
  52      0F4DE237 
  52      BB010515 
  52      C481
  53 0059 9D9D6FE6 		.ascii	"\235\235o\346{\337{\357\233]\017\003S\343\240`l?\275"
  53      7BDF7BEF 
  53      9B5D0F03 
  53      53E3A060 
  53      6C3FBD
  54 006c 77D203C1 		.ascii	"w\322\003\301\300GV\031\03328\240\026\322\000\033\344"
  54      C0475619 
  54      1B3238A0 
  54      16D2001B 
  54      E4
  55 007d 18C4575E 		.ascii	"\030\304W^\347(\015\227\013\274cR\322x?q[\310l\0216"
  55      E7280D97 
  55      0BBC6352 
  55      D2783F71 
  55      5BC86C11 
  56 0092 C19BDCA9 		.ascii	"\301\233\334\251\3040\211\016\312z\225\232\273)6\271"
  56      C430890E 
  56      CA7A959A 
  56      BB2936B9 
  57 00a2 2D000F85 		.ascii	"-\000\017\205\325\225\033kA\025r\264SX\227W2A\261\027"
  57      D5951B6B 
  57      411572B4 
  57      53589757 
  57      3241B117 
  58 00b6 8CD6D74B 		.ascii	"\214\326\327K\243o\003\341\011)\223R^<%}\266\020\230"
  58      A36F03E1 
  58      09299352 
  58      5E3C257D 
  58      B61098
  59 00c9 82A07AB8 		.ascii	"\202\240z\270\213\020\262\0101\332b\230F\230\262\247"
  59      8B10B208 
  59      31DA6298 
  59      4698B2A7 
  60 00d9 939F3684 		.ascii	"\223\2376\2040\035\344\371\345\372\232\336B\026Z\310"
  60      301DE4F9 
  60      E5FA9ADE 
  60      42165AC8 
  61 00e9 7B7F40CE 		.ascii	"{\177@\316 \254\322?\346\033\243\001oJ\011ow\345b\026"
  61      20ACD23F 
  61      E61BA301 
  61      6F4A096F 
ARM GAS  /tmp/ccrP7ar1.s 			page 4


  61      77E56216 
  62 00fd 5ED5805C 		.ascii	"^\325\200\\wQ6\233\226\224o\"\027v\373\001\205\340\204"
  62      7751369B 
  62      96946F22 
  62      1776FB01 
  62      85E084
  63 0110 F5083569 		.ascii	"\365\0105iP\334:-5CM>\232\274\214U\250\202\352N\225"
  63      50DC3A2D 
  63      35434D3E 
  63      9ABC8C55 
  63      A882EA4E 
  64 0125 73F51665 		.ascii	"s\365\026e$k\303\215oB\025\265\004\267\004X\031V\305"
  64      246BC38D 
  64      6F4215B5 
  64      04B70458 
  64      1956C5
  65 0138 EBC682B6 		.ascii	"\353\306\202\266~m\213\027\036\344H`\031\245\014T\012"
  65      7E6D8B17 
  65      1EE44860 
  65      19A50C54 
  65      0A
  66 0149 1D66ECD2 		.ascii	"\035f\354\322K]\035\352\216\275\205;_\276\373\335P\226"
  66      4B5D1DEA 
  66      8EBD853B 
  66      5FBEFBDD 
  66      5096
  67 015b 2C19A4AD 		.ascii	",\031\244\255K\033\265\305\340\030n\015)\023m\2660\220"
  67      4B1BB5C5 
  67      E0186E0D 
  67      29136DB6 
  67      3090
  68 016d 27A37354 		.ascii	"'\243sTG\001V\336\315\217\264\23132E\027\342\303<\306"
  68      470156DE 
  68      CD8FB499 
  68      33324517 
  68      E2C33CC6 
  69 0181 D0702E45 		.ascii	"\320p.E\325\232\332\314\212HN\246\010y\300\026\333p"
  69      D59ADACC 
  69      8A484EA6 
  69      0879C016 
  69      DB70
  70 0193 1FA62534 		.ascii	"\037\246%4\347\302\026\020!}Jl-\275z\355\230\253W\247"
  70      E7C21610 
  70      217D4A6C 
  70      2DBD7AED 
  70      98AB57A7 
  71 01a7 53C22D8F 		.ascii	"S\302-\217/m\371]\275\032\0368z\255\255\364k\217\233"
  71      2F6DF95D 
  71      BD1A1E38 
  71      7AADADF4 
  71      6B8F9B
  72 01ba 64B84997 		.ascii	"d\270I\227\307g\013\001\225\244a\027\036\272I\225\364"
  72      C7670B01 
  72      95A46117 
  72      1EBA4995 
  72      F4
  73 01cb 7AAB133E 		.ascii	"z\253\023>E\377\354E\332p\313\000\217\020\"\250\343"
ARM GAS  /tmp/ccrP7ar1.s 			page 5


  73      45FFEC45 
  73      DA70CB00 
  73      8F1022A8 
  73      E3
  74 01dc FCC38E96 		.ascii	"\374\303\216\226\365\1777\266\035\213\2161\374n\354"
  74      F57F37B6 
  74      1D8B8E31 
  74      FC6EEC
  75 01eb 902DFC28 		.ascii	"\220-\374((c\272clI\031\3639D\371\347U\355?\250\036"
  75      2863BA63 
  75      6C4919F3 
  75      3944F9E7 
  75      55ED3FA8 
  76 0200 3B54FC2F 		.ascii	";T\374/TO~R=u\251>#Y\274zD\0219\377B\205T\322\247A\370"
  76      544F7E52 
  76      3D75A93E 
  76      2359BC7A 
  76      441139FF 
  77 021b 3D9D3DB1 		.ascii	"=\235=\261\223\261\243\307\315\304\200\331s\342\264"
  77      93B1A3C7 
  77      CDC480D9 
  77      73E2B4
  78 022a D997E83F 		.ascii	"\331\227\350?3`F\023\275\275\211\270y\270\273\253\263"
  78      33604613 
  78      BDBD89B8 
  78      79B8BBAB 
  78      B3
  79 023b EB9C193F 		.ascii	"\353\234\031?\033\213\356\2132\304=}\375\261\304\017"
  79      1B8BEE8B 
  79      32C43D7D 
  79      FDB1C40F 
  80 024b CB881C48 		.ascii	"\313\210\034H"
  81              		.text
  82              		.section	.gnu.lto_nvicDisableVector.483f52bebb95fc7c,"",%progbits
  83 0000 789C8D52 		.ascii	"x\234\215R\315k\023A\024\237\337\274M\272\265Mz\364"
  83      CD6B1341 
  83      149FDFBC 
  83      4DBAB54D 
  83      7AF4
  84 0012 60C08287 		.ascii	"`\300\202\207R\301\2569y\360$\005oE\251\177A\015B\003"
  84      52C1AE39 
  84      79F02405 
  84      6F45A97F 
  84      410D4203 
  85 0026 36112BE2 		.ascii	"6\021+\342\255\323n6^\213m\003\021\245\010\225\306h"
  85      ADD36E36 
  85      5E8B6D03 
  85      11A50895 
  85      C668
  86 0038 9BB4466D 		.ascii	"\233\264Fm=\205E\021\017U\204z\022\304/r\020\224\244"
  86      3D854511 
  86      0F55847A 
  86      12C42F72 
  86      1094A4
  87 004b 44F0D036 		.ascii	"D\360\3206\276\267\353\241\340\305\201\371x\303\357"
  87      BEB7EBA1 
  87      E0C581F9 
ARM GAS  /tmp/ccrP7ar1.s 			page 6


  87      78C3EF
  88 005a E3BD7963 		.ascii	"\343\275yc)(\031cZ\251!\336\217\360\004)\350\3317JM"
  88      29281963 
  88      5AA921DE 
  88      8FF00429 
  88      E8D9374A 
  89 006f DB1A9083 		.ascii	"\333\032\220\203\261\241\2464\246\360K\357i\3707\033"
  89      B1A1A634 
  89      A6F04BEF 
  89      69F8371B 
  90 007f 9B7A70D9 		.ascii	"\233zp\331\360\370\364\262q\322\224\352\360H\251\216"
  90      F0F8F4B2 
  90      71D294EA 
  90      F048A98E 
  91 008f 0E941496 		.ascii	"\016\224\024\2261\310\250w\271\352\035jk\217\000\213"
  91      31C8A877 
  91      B9EA1D6A 
  91      6B8F008B 
  92 009f C3D6D6ED 		.ascii	"\303\326\326\355\257q\0115\3729\3343\363\2058\235\200"
  92      AF710935 
  92      FA39DC33 
  92      F385389D 
  92      80
  93 00b0 E273D15F 		.ascii	"\342s\321_\370\020\033\270o\314\2141s\227L\267G\204"
  93      F8101BB8 
  93      6FCC8C31 
  93      73974CB7 
  93      4784
  94 00c2 3288F5F0 		.ascii	"2\210\365\360\000\011\224\220P|\245\360\020\003\002"
  94      00099490 
  94      507CA5F0 
  94      100302
  95 00d1 FFB2B6BF 		.ascii	"\377\262\266\277\020\213\346\304\276?4\305#D\245\214"
  95      108BE6C4 
  95      BE3F34C5 
  95      2344A58C 
  96 00e1 CA68DD74 		.ascii	"\312h\335t:\2561\305d\371\230\015\010C3\327\"Y,^\"J"
  96      3AAE31C5 
  96      64F9980D 
  96      084333D7 
  96      22592C5E 
  97 00f7 35992135 		.ascii	"5\231!5\265\264\226\235\032pw\362\215\342y\021qI\273"
  97      B5B4969D 
  97      1A7077F2 
  97      8DE27911 
  97      7149BB
  98 010a 04F678BD 		.ascii	"\004\366x\275\364|\267W\262\215 \202\025N\200Q\273\371"
  98      F47CB757 
  98      B28D2082 
  98      154E8051 
  98      BBF9
  99 011c 6D2B0451 		.ascii	"m+\004Q\010\232[Z\335\214\011\310\302Q\254\206\240f"
  99      089A5B5A 
  99      DD8C09C8 
  99      C251AC86 
  99      A066
 100 012e FE1B8520 		.ascii	"\376\033\205 )\272\366\342U\336\016e\200\012\022Le\220"
ARM GAS  /tmp/ccrP7ar1.s 			page 7


 100      29BAF6E2 
 100      55DE0E65 
 100      800A124C 
 100      6590
 101 0140 5FF87C58 		.ascii	"_\370|X0\014(x\376\333.\001D\203\227\250\335\373\371"
 101      300C2878 
 101      FEDB2E01 
 101      448397A8 
 101      DDFBF9
 102 0153 BB370C8D 		.ascii	"\2737\014\215\357\2328_\335\372\261\263\021_\304\335"
 102      EF9A385F 
 102      DDFAB1B3 
 102      115FC4DD 
 103 0163 69A9B7CF 		.ascii	"i\251\267\317\243.\254\361\233T\331M\010[\037\327g\373"
 103      A32EACF1 
 103      9B54D94D 
 103      085B1FD7 
 103      67FB
 104 0175 9C1593E3 		.ascii	"\234\025\223\343\016\330X\307\"\366\203.\210V\271]\242"
 104      0ED858C7 
 104      22F6832E 
 104      8856B95D 
 104      A2
 105 0186 64C5E498 		.ascii	"d\305\344\230y\332\243n<\206\303\365\005\035\252!\311"
 105      79DAA36E 
 105      3C86C3F5 
 105      051DAA21 
 105      C9
 106 0197 094A2AED 		.ascii	"\011J*\355\352v\213\376&\363\377V\207\360$\260\302\277"
 106      EA768BFE 
 106      26F3FF56 
 106      87F024B0 
 106      C2BF
 107 01a9 56A73CEA 		.ascii	"V\247<\352\301S\261\012>\026\236!y\260\316\036(l\260"
 107      C153B10A 
 107      3E169E21 
 107      79B0CE1E 
 107      286CB0
 108 01bc E277CCD4 		.ascii	"\342w\314\324\337\237\025\343\340\3174Y\212\233\301"
 108      DF9F15E3 
 108      E0CF3459 
 108      8A9BC1
 109 01cb D91D1F1E 		.ascii	"\331\035\037\036O_L\237\273\340d'\235\361\261\313\316"
 109      4F5F4C9F 
 109      BBE06427 
 109      9DF1B1CB 
 109      CE
 110 01dc 95ECD56B 		.ascii	"\225\354\325k\223N*;1\221\3158gFG\206Gn8\231\353\351"
 110      934E2A3B 
 110      3191CD38 
 110      67464786 
 110      476E3899 
 111 01f2 D4504A21 		.ascii	"\324PJ!\363\007\244R\332\177"
 111      F307A452 
 111      DA7F
 112              		.text
 113              		.section	.gnu.lto_nvicSetSystemHandlerPriority.483f52bebb95fc7c,"",%progbits
ARM GAS  /tmp/ccrP7ar1.s 			page 8


 114 0000 789C6D92 		.ascii	"x\234m\222MHTQ\024\307\357\377\3367\357\315\370E\313"
 114      4D485451 
 114      14C7EFFF 
 114      DE37EFCD 
 114      F845CB
 115 0013 1622EEC4 		.ascii	"\026\"\356\304\240^B\021-\303E+\011l\327\316LpHgd\214"
 115      A05E4211 
 115      2DC3452B 
 115      096CD7CE 
 115      4C704867 
 116 0029 683777E6 		.ascii	"h7w\346\315\303\\\024R)&\212\213\010\315\311\317>g\262"
 116      CDC35C14 
 116      5229268A 
 116      8B08CDC9 
 116      CF3E67B2 
 117 003d 92812017 		.ascii	"\222\201 \027\031m\"j\223\011\223\210\306\230\005Q\214"
 117      196D226A 
 117      93099388 
 117      C6980551 
 117      8C
 118 004e D339770C 		.ascii	"\3239w\014\\ty\357\335w\316=\377s~\367\334k\011\010"
 118      5C7479EF 
 118      DD77CE3D 
 118      FF737EF7 
 118      DC6B0908 
 119 0062 1E6929C4 		.ascii	"\036i)\304I\232\217\321\213\200\200\034X\021\"\021\224"
 119      499A8FD1 
 119      8B80801C 
 119      58112211 
 119      94
 120 0073 5265EB84 		.ascii	"Re\353\204\256\260\336\273BW)Xe\267\005\360\217\016"
 120      AEB0DEBB 
 120      42572958 
 120      65B705F0 
 120      8F0E
 121 0085 42C4A5B2 		.ascii	"B\304\245\262\020\307OY\224\310\365\3453\262qB\323\370"
 121      10C74F59 
 121      94C8F5E5 
 121      33B27142 
 121      D3F8
 122 0097 FCEADB51 		.ascii	"\374\352\333Q=\271\004_\011Q\222\246\204\300\004\032"
 122      3DB9045F 
 122      095192A6 
 122      84C0041A 
 123 00a7 29EA5D6A 		.ascii	")\352]jnT\375\220\276\002,2\267\337\214\254\325\260"
 123      6E54FD90 
 123      BE022C32 
 123      B7DF8CAC 
 123      D5B0
 124 00b9 29514FA6 		.ascii	")QO\246w\363\305bP\035\206\240\377-\275\234\260\033"
 124      77F3C562 
 124      501D86A0 
 124      FF2DBD9C 
 124      B01B
 125 00cb EE6A9DD4 		.ascii	"\356j\235\324:\323\241C\276R\230\202\242|\270\207ZL"
 125      3AD3A143 
 125      BE529882 
ARM GAS  /tmp/ccrP7ar1.s 			page 9


 125      A27CB887 
 125      5A4C
 126 00dd A256904B 		.ascii	"\242V\220K \215\006\212N'\277n)u\334(\373\227\213k\316"
 126      208D068A 
 126      4E27BF6E 
 126      2975DC28 
 126      FB978B6B 
 127 00f2 9EB2B8A7 		.ascii	"\236\262\270\247\274\377\037\3454\0328\374\313\374\356"
 127      BCFF1FE5 
 127      341A38FC 
 127      CBFCEE
 128 0101 60B59D62 		.ascii	"`\265\235b\360\372\376\177\304\230\201M\315\0019f[\227"
 128      F0FAFE7F 
 128      C498814D 
 128      CD013966 
 128      5B97
 129 0113 74A9E469 		.ascii	"t\251\344i}\333~v\035!\011.\031\000\313mJd9\374\021"
 129      7DDB7E76 
 129      1D21092E 
 129      1900CB6D 
 129      4A6439FC 
 130 0128 A24032EE 		.ascii	"\242@2\356\313\266\224<\253U\244>x;\327\024g\362\024"
 130      CBB6943C 
 130      AB55A43E 
 130      783BD714 
 130      67F214
 131 013b 77E8CFAF 		.ascii	"w\350\317\257\225\347\016oV\241\022\263D\301c[*\221"
 131      95E70E6F 
 131      56A112B3 
 131      44C1635B 
 131      2A91
 132 014d AD53EBB0 		.ascii	"\255S\353\2608\220y2\231\315ON\274\250\257j}\300W\201"
 132      38907932 
 132      99CD4F4E 
 132      BCA8AF6A 
 132      7DC05781 
 133 0161 92648E39 		.ascii	"\222d\2169\304ym\310\317\2755)l\263S\357\367\313\235"
 133      C4796DC8 
 133      CFBD3529 
 133      6CB353EF 
 133      F7CB9D
 134 0174 1A0A1D36 		.ascii	"\032\012\0356\2416\323\263{y$}q\034c\211\001\343v\260"
 134      A136D3B3 
 134      7B79247D 
 134      711C6389 
 134      01E376B0 
 135 0188 406734CF 		.ascii	"@g4\317\365h\255\264\2610\023\"\311A\316\361\000\343"
 135      F568ADB4 
 135      B1301322 
 135      C941CEF1 
 135      00E3
 136 019a 3065F110 		.ascii	"0e\361\020q_\005\015\217e\360\363H~\357\313\217\236"
 136      715F050D 
 136      8F65F0F3 
 136      487EEFCB 
 136      8F9E
 137 01ac 2BE3D313 		.ascii	"+\343\323\023\020yx\005\273l;\344\332\177\232!\302\177"
ARM GAS  /tmp/ccrP7ar1.s 			page 10


 137      10797805 
 137      BB6C3BE4 
 137      DA7F9A21 
 137      C27F
 138 01be 4415F2C8 		.ascii	"D\025\362\310\015\231\214\373Y+\014k\"\263x+P6\365G"
 138      0D998CFB 
 138      592B0C6B 
 138      22B3782B 
 138      5036F547 
 139 01d2 4FD7B07C 		.ascii	"O\327\260|8\271\032dP\356}\265\257*\361\204\316\347"
 139      38B91A64 
 139      50EE7DB5 
 139      AF2AF184 
 139      CEE7
 140 01e4 F11EE9E6 		.ascii	"\361\036\351\346\340\353\251\012wZ\247\350\036U\341"
 140      E0EBA90A 
 140      775AA7E8 
 140      1E55E1
 141 01f3 29A1EE9A 		.ascii	")\241\356\232\273DKwn\21457\315\352\024\011O\370\252"
 141      BB444B77 
 141      6E8C3537 
 141      CDEA1409 
 141      4FF8AA
 142 0206 1A19B8D4 		.ascii	"\032\031\270\324bs\315\262h\"<\261\201\344\322\330i"
 142      6273CDB2 
 142      68223CB1 
 142      81E4D2D8 
 142      69
 143 0217 B3371E05 		.ascii	"\2637\036\005j\"\355\212B\0165w\206\317\207\317\234"
 143      6A22ED8A 
 143      420E3577 
 143      86CF87CF 
 143      9C
 144 0228 75A3BD6E 		.ascii	"u\243\275ng[\227\333\023\215]\352u\333\243\335\335\321"
 144      675B97DB 
 144      138D5DEA 
 144      75DBA3DD 
 144      DDD1
 145 023a 887BAAB5 		.ascii	"\210{\252\265\245\271\345\212\033\271\034n?\322.\234"
 145      A5B9E58A 
 145      1BB91C6E 
 145      3FD22E9C 
 146 024a CEB6C885 		.ascii	"\316\266\310\205\256\216\230\325\023\013G\377\002Z\031"
 146      AE8E98D5 
 146      130B47FF 
 146      025A19
 147 0259 F807     		.ascii	"\370\007"
 148              		.text
 149              		.section	.gnu.lto_nvicClearPending.483f52bebb95fc7c,"",%progbits
 150 0000 789C2551 		.ascii	"x\234%QAK\033Q\020~\337\233\335\030\301\304\037\320"
 150      414B1B51 
 150      107EDF9B 
 150      DD18C1C4 
 150      1FD0
 151 0012 40851E44 		.ascii	"@\205\036D\213\2569\367T<\364$\212\375\005m(\030\250"
 151      8BAE39F7 
 151      543CF424 
ARM GAS  /tmp/ccrP7ar1.s 			page 11


 151      8AFD056D 
 151      2818A8
 152 0025 495129DE 		.ascii	"IQ)\336|f\263\361\252m\215X*RPLm5j=\250\247\260\364"
 152      7C66B3F1 
 152      AA6D8D58 
 152      2A52504C 
 152      6D356A3D 
 153 003d D2832D82 		.ascii	"\322\203-\202\267\202\210\005)\242%\206\224\366\240"
 153      B7828805 
 153      29A22586 
 153      94F6A0
 154 004c 4967761F 		.ascii	"Igv\037\27473\037\337|3\363\306RPr.\331\364\262\275"
 154      BC37331F 
 154      DF7C33F3 
 154      C6525072 
 154      2ED9F4B2 
 155 0061 C317A4A0 		.ascii	"\303\027\244\240g\277)5\035\325\2008&\0125\2451\205"
 155      67BF2935 
 155      1DD58038 
 155      260A35A5 
 155      3185
 156 0073 3FFA56C3 		.ascii	"?\372V\303\2379\337\327]k\206\317\351\352\337>S\252"
 156      9F39DFD7 
 156      5D6B86CF 
 156      E9EADF3E 
 156      53AA
 157 0085 C023A59A 		.ascii	"\300#\245\232:PRXC\027\263\216\362[\357\250\256=\002"
 157      3A505258 
 157      4317B38E 
 157      F25BEFA8 
 157      AE3D02
 158 0098 2C0EAF0F 		.ascii	",\016\257\017\337\376\214K\250\321\301\341\255yS\214"
 158      DFFE8C4B 
 158      A8D1C1E1 
 158      AD79538C 
 159 00a8 530F14FB 		.ascii	"S\017\024\373\213\376\374\217X\347\25219c\346\236\231"
 159      8BFEFC8F 
 159      58E7AA31 
 159      3963E69E 
 159      99
 160 00b9 568F08EB 		.ascii	"V\217\010\353 \326\303\007$PBB1\244\360\021\235B?\333"
 160      20D6C307 
 160      24504242 
 160      31A4F011 
 160      9D423FDB 
 161 00cd 6ECCC722 		.ascii	"n\314\307\"y)\337\021\026\305'Dd\214\362p\3054\233\256"
 161      7929DF11 
 161      16C52744 
 161      648CF270 
 161      C5349BAE 
 162 00e1 310BC95F 		.ascii	"1\013\311_\367\242\200dh\316\265H\036\213\037\333\026"
 162      F7A28064 
 162      68CEB548 
 162      1E8B1FDB 
 162      16
 163 00f2 4FA92AA7 		.ascii	"O\251*\247\311`\327Z\213\245s\270\265BciH\224\\\322"
 163      C960D75A 
ARM GAS  /tmp/ccrP7ar1.s 			page 12


 163      8BA573B8 
 163      B5426369 
 163      48945CD2 
 164 0106 2E810B7D 		.ascii	".\201\013}]9\270i\223\226m\330\330\340.\230uS\370b\205"
 164      5D39B869 
 164      93966DD8 
 164      D8E02E98 
 164      7553F862 
 165 011b 240A49AF 		.ascii	"$\012I\257W6\367cB\262p\027\233!\251Z8\246\220d\341"
 165      5736F763 
 165      42B27017 
 165      9B21A95A 
 165      38A69064 
 166 0130 7E82A90C 		.ascii	"~\202\251\014\346j3u\035\2026\343\214\370EH\314\032"
 166      E66A3375 
 166      1D8236E3 
 166      8CF84548 
 166      CC1A
 167 0142 45CFFFDE 		.ascii	"E\317\377\336\"\032\221\340?v\337\377\376\327\026\206"
 167      221A91E0 
 167      3F76DFFF 
 167      FED71686 
 168 0152 C6774D9C 		.ascii	"\306wM\234\241WW\265\275\3702\226\246e\352v\217Z\260"
 168      A15757B5 
 168      BDF83296 
 168      A665EA76 
 168      8F5AB0
 169 0165 C53F53E6 		.ascii	"\305?S\346r\222px\2623\333\356l\230<\357!\212m,\243"
 169      72927078 
 169      B233DBEE 
 169      6C983CEF 
 169      218A6D2C 
 170 017a 11EC42B4 		.ascii	"\021\354B\264\326\353%J\226M\2363\037x\324\212\0358"
 170      D6EB254A 
 170      964D9E33 
 170      1F78D48A 
 170      1D38
 171 018c 3C60B0A7 		.ascii	"<`\260\247\317Hr3\352\002\271\312\321#i%X_UC\276\204"
 171      CF487233 
 171      EA02B9CA 
 171      D1236925 
 171      585F5543 
 172 01a2 29DDFD23 		.ascii	")\335\375#\351\247\351\301\307Nv\334\031y\362\334y\221"
 172      E9A7E9C1 
 172      C74E76DC 
 172      1979F2DC 
 172      7991
 173 01b4 1D9B1877 		.ascii	"\035\233\030wR\331\321\321l\306y8<\320?0\351d^\246S"
 173      52D9D1D1 
 173      6CC67938 
 173      3CD03F30 
 173      E9645EA6 
 174 01c9 BD2985CC 		.ascii	"\275)\205\314\1773\006\2616"
 174      7F3306B1 
 174      36
 175              		.text
 176              		.section	.gnu.lto_.symbol_nodes.483f52bebb95fc7c,"",%progbits
ARM GAS  /tmp/ccrP7ar1.s 			page 13


 177 0000 789C6361 		.ascii	"x\234ca`d\310f\000\002\246\251L\365\014\014\023\316"
 177      6064C866 
 177      0002A6A9 
 177      4CF50C0C 
 177      13CE
 178 0012 313000A9 		.ascii	"10\000\251]\015\212@\221iL\365\214\250\"\323\231\352"
 178      5D0D8A40 
 178      91694CF5 
 178      8CA822D3 
 178      99EA
 179 0024 99504458 		.ascii	"\231PDXg114\0101003\315`\252gF\221b\234\311T\317\002"
 179      67313134 
 179      08313030 
 179      33CD60AA 
 179      67469162 
 180 003d 16616068 		.ascii	"\026a`hhP\000\251ae8\262\305\204\001\000X\351\030F"
 180      685000A9 
 180      616538B2 
 180      C5840100 
 180      58E91846 
 181              		.text
 182              		.section	.gnu.lto_.refs.483f52bebb95fc7c,"",%progbits
 183 0000 789C6361 		.ascii	"x\234ca`d`c```dbbfb\000\000\000\263\000\026"
 183      60646063 
 183      60606064 
 183      62626662 
 183      000000B3 
 184              		.text
 185              		.section	.gnu.lto_.decls.483f52bebb95fc7c,"",%progbits
 186 0000 789CBD57 		.ascii	"x\234\275WkPTG\026\236\276=\010\214<\\$\03375\3315Y"
 186      6B505447 
 186      169EBE3D 
 186      088C3C5C 
 186      241B3735 
 187 0017 53525BAB 		.ascii	"SR[\253\343+\331\244j\2536d\324\225\2552\241\206\350"
 187      E32BD9A4 
 187      6AAB3664 
 187      D495AD32 
 187      A186E8
 188 002a CF104412 		.ascii	"\317\020D\022\331RH\000\267\342\257\035a\024\320\310"
 188      D9524800 
 188      B7E2AF1D 
 188      6114D0C8 
 189 003a 0E4AC407 		.ascii	"\016J\304\007\357G@A\001AP\021\031T\020P\020Q\320\221"
 189      EF474041 
 189      01415011 
 189      19541050 
 189      1051D091 
 190 004e A7BC4479 		.ascii	"\247\274Dy\004\004E\"\342\236~\334\271\303\225aS\265"
 190      04044522 
 190      E29E7EDC 
 190      B9C39561 
 190      53B5
 191 0060 5B7B8B33 		.ascii	"[{\2133\227\323\375\3659_\237\356>\247\257R\201\024"
 191      97D3FDF5 
 191      395F9FEE 
 191      3EA7AF52 
ARM GAS  /tmp/ccrP7ar1.s 			page 14


 191      8114
 192 0072 E419FF8D 		.ascii	"\344\031\377\215BqFP(.\202\372\012\036;h\333\014\002"
 192      42714650 
 192      282E82FA 
 192      0A1E3B68 
 192      DB0C02
 193 0085 4D8AB320 		.ascii	"M\212\263 \227\024\354!\355WA\252AjAn\200\334\002!V"
 193      9714EC21 
 193      ED5741AA 
 193      416A416E 
 193      80DC0221 
 194 009a 9A14331F 		.ascii	"\232\0243\037\202s\346v\334@\334\271\0355\310R\220\317"
 194      8273E676 
 194      DC40DCB9 
 194      1D35C852 
 194      90CF
 195 00ac C81B06BE 		.ascii	"\310\033\006\276\0072\014\377\017\201L\203\274\004\301"
 195      07320CFF 
 195      0F814C83 
 195      BC04C1
 196 00bb 206F41BB 		.ascii	" oA\273\032\344w\210\331\277\252x\375!<\234f\361!\267"
 196      1AE47788 
 196      D9BFAA78 
 196      FD213C9C 
 196      66F121B7 
 197 00cf 2FDA15FD 		.ascii	"/\332\025\375\220y\375\0361\037\210\333\221?d~.6\370"
 197      9079FD1E 
 197      311F88DB 
 197      913F647E 
 197      2E36F8
 198 00e2 7B201697 		.ascii	"{ \026\227\"\220\006\356k\027\264}\007\262\0111\037"
 198      229006EE 
 198      6B17B47D 
 198      07B20931 
 198      1F
 199 00f3 C46E1062 		.ascii	"\304n\020b\276j\347\210\023\211\241\312\306\034\274"
 199      BE6AE788 
 199      1389A1CA 
 199      C61CBC
 200 0102 679903B1 		.ascii	"g\231\003\261\241\346\274o\314\302\373\245\200n\031"
 200      A1E6BC6F 
 200      CCC2FBA5 
 200      806E19
 201 0111 F213F0B8 		.ascii	"\362\023\360\270\200\334TH\011\352h\335\261n\027P\335"
 201      80DC5448 
 201      09EA68DD 
 201      B16E1750 
 201      DD
 202 0122 556831A8 		.ascii	"Uh1\250\347\312\206V\261N5h\247\006b\227\252\242\364"
 202      E7CA8656 
 202      B14E3568 
 202      A7066297 
 202      AAA2F4
 203 0135 F01823F4 		.ascii	"\360\030#\364n\325.\244=\033\251Q\026\202\211\242\223"
 203      6ED52EA4 
 203      3D1BA951 
 203      168289A2 
ARM GAS  /tmp/ccrP7ar1.s 			page 15


 203      93
 204 0146 08A8218D 		.ascii	"\010\250!\215\032\235\000\025\320i\375u5vl\360\333\240"
 204      1A9D0015 
 204      D069FD75 
 204      35766CF0 
 204      DBA0
 205 0158 361D1A8C 		.ascii	"6\035\032\214A\314r?\"\372\363\262\237\235\260\200\000"
 205      41CC723F 
 205      22FAF3B2 
 205      9F9DB080 
 205      00
 206 0169 AA2C0CEF 		.ascii	"\252,\014\357HuA\036j\004\306\220\352G\352A\257\027"
 206      4875411E 
 206      6A04C690 
 206      EA47EA41 
 206      AF17
 207 017b 14A800A9 		.ascii	"\024\250\000\251\320)\204E\276\307\364\340}\344\237"
 207      D0298445 
 207      BEC7F4E0 
 207      7DE49F
 208 018a A419FE77 		.ascii	"\244\031\376w\240oh\011\327\217\244\351\347-R\240\325"
 208      A06F6809 
 208      D78FA4E9 
 208      E72D52A0 
 208      D5
 209 019b 6AB442AD 		.ascii	"j\264B\255@\247\221\007\355R\240|0\230\307\350\030k"
 209      40A79107 
 209      ED52A07C 
 209      3098C7E8 
 209      186B
 210 01ad 2E976137 		.ascii	".\227a7#\267\3751\242\266s\241?\207\262?\203\334\304"
 210      23B7FD31 
 210      A2B673A1 
 210      3F87B23F 
 210      83DCC4
 211 01c0 3910F4FD 		.ascii	"9\020\364\375k7\014\363T\334\266\361?\331\216I\211\214"
 211      6B370CF3 
 211      54DCB6F1 
 211      3FD98E49 
 211      898C
 212 01d2 77B4B65D 		.ascii	"w\264\266]8\227\355\207\306j\243\235\323>b\233\307\261"
 212      3897ED87 
 212      C66AA39D 
 212      D33E629B 
 212      C7B1
 213 01e4 08B95905 		.ascii	"\010\271Y\005\362,\"\373\224\276\001\335V}\"\207,\320"
 213      F22C22FB 
 213      94BE01DD 
 213      567D2287 
 213      2CD0
 214 01f6 521522C7 		.ascii	"R\025\"\307\315\025\232\362\006\317O:\263&b\257\341"
 214      CD159AF2 
 214      06CF4F3A 
 214      B32662AF 
 214      E1
 215 0207 E1CB5EB4 		.ascii	"\341\313^\264<W\214\232\275\264\270\215\377z\222a\217"
 215      3C578C9A 
ARM GAS  /tmp/ccrP7ar1.s 			page 16


 215      BDB4B88D 
 215      FF7A9261 
 215      8F
 216 0218 17109450 		.ascii	"\027\020\224Pu\240\360\314|\344\301\242\3339\221\341"
 216      75A0F0CC 
 216      7CE4C1A2 
 216      DB3991E1 
 217 0228 745EAF5F 		.ascii	"t^\257_\200J\201\350y\204\3219\264\234\270\\J(FI\314"
 217      804A81E8 
 217      7984D139 
 217      B49CB85C 
 217      4A284649 
 218 023d 14165AE8 		.ascii	"\024\026Z\350\002L\034\034\022 *\201\306b6\365\023\031"
 218      024C1C1C 
 218      12202A81 
 218      C66236F5 
 218      1319
 219 024f B169F3F0 		.ascii	"\261i\363\360\267\324\305\321\242\223\023*\213\213\247"
 219      B7D4C5D1 
 219      A293132A 
 219      8B8BA7
 220 025e 916B7289 		.ascii	"\221kr\211\213K\340\342\242\344\242\024\331\366Q6\213"
 220      8B4BE0E2 
 220      A2E4A214 
 220      D9F65136 
 220      8B
 221 026f 0F321EFC 		.ascii	"\0172\036\374L\237\251\234tiAf\004g\004-\240\023D\210"
 221      4C9FA99C 
 221      74694166 
 221      0467042D 
 221      A0134488 
 222 0283 FD222A0A 		.ascii	"\375\"*\012&TUH\177\226&$\002\271.\210\377*,\306\350"
 222      26545548 
 222      7F962624 
 222      02B92E88 
 222      FF2A2CC6 
 223 0298 9F38FE95 		.ascii	"\2378\376\225\370P#\222u\304\0071\235\017V \256\013"
 223      F8502392 
 223      75C40731 
 223      9D0F5620 
 223      AE0B
 224 02aa 9203C454 		.ascii	"\222\003\304Tq\200\225=F\227\233\2238[\346\204\304\365"
 224      7180953D 
 224      46979B93 
 224      385BE684 
 224      C4F5
 225 02bc 3B7EA72B 		.ascii	";~\247+]\300\225\210.s\344`F\263\240$\323'\021\335\242"
 225      5DC09588 
 225      2E73E460 
 225      46B3A024 
 225      D32711DD 
 226 02d1 246D3DAD 		.ascii	"$m=\255\025fWK[\005\242\215\361\207\177xj\277\3500?"
 226      1566574B 
 226      5B05A28D 
 226      F1877F78 
 226      6ABFE830 
 227 02e6 A78B9568 		.ascii	"\247\213\225h\363\257\255v\327\025\264\010~/\003\224"
ARM GAS  /tmp/ccrP7ar1.s 			page 17


 227      F3AFAD76 
 227      D715B408 
 227      7E2F0394 
 228 02f6 BA1868EC 		.ascii	"\272\030h\3546;\275\233\242O\311\327w\266\325\377\371"
 228      363BBD9B 
 228      A24FC9D7 
 228      77B6D5FF 
 228      F9
 229 0307 7084BE1A 		.ascii	"p\204\276\032\306-&0d\222V\315D\017!*G-@\365*z\227\034"
 229      C62D2630 
 229      649256CD 
 229      440F212A 
 229      472D40F5 
 230 031f E0F6B211 		.ascii	"\340\366\262\021\214w\0136\311\231\233\323V\333\244"
 230      8C770B36 
 230      C9999BD3 
 230      56DBA4
 231 032e 718DD2A8 		.ascii	"q\215\322\250\022it\2455e(\031\015SQ\225\223\336\270"
 231      126974A5 
 231      35652819 
 231      0D535195 
 231      93DEB8
 232 0341 9B9C2300 		.ascii	"\233\234#\000\241J\211D\2455\211jJ\242\340\371@\004"
 232      A14A8944 
 232      A535896A 
 232      4AA2E0F9 
 232      4004
 233 0353 C6871889 		.ascii	"\306\207\030\211}\323\025\355|.\246q\213\0212\223\032"
 233      7DD315ED 
 233      7C2EA671 
 233      8B113293 
 233      1A
 234 0364 C9488DB5 		.ascii	"\311H\215\265\221Zj\244,+\336\013\3473\033\205\306\242"
 234      915A6AA4 
 234      2C2BDE0B 
 234      E7331B85 
 234      C6A2
 235 0376 A3CEDCC6 		.ascii	"\243\316\334\306\205k\326D\256K6\256[\333\270Am\230"
 235      856BD644 
 235      AE4B36AE 
 235      5BDBB841 
 235      6D98
 236 0388 46328E60 		.ascii	"F2\216`\\\301\214\014\344\3645\273\3148\341$!H\223\257"
 236      5CC18C0C 
 236      E4F435BB 
 236      CC38E124 
 236      214893AF 
 237 039c 67271C90 		.ascii	"g'\034\2205W\256\207c\0327h\343q\333[\226\330\256\264"
 237      3557AE87 
 237      631A3768 
 237      E371DB5B 
 237      96D8AEB4 
 238 03b0 19B8061A 		.ascii	"\031\270\006\032\270\233b\340\272\013\022FT\300\267"
 238      B89B62E0 
 238      BA0B1246 
 238      54C0B7
 239 03bf 134E5CC9 		.ascii	"\023N\\\311\341\235\206\364\275&#\242(T'\021\256\343"
ARM GAS  /tmp/ccrP7ar1.s 			page 18


 239      E19D86F4 
 239      BD2623A2 
 239      28542711 
 239      AEE3
 240 03d1 3914DDA2 		.ascii	"9\024\335\242d\317wE\033T\357<\026\222!\207B\356!v\306"
 240      64CF7745 
 240      1B54EF3C 
 240      16922187 
 240      42EE2176 
 241 03e6 4CC3371D 		.ascii	"L\3037\035q\024\246\374S\353\306\016\253\360a\2464\265"
 241      7114A6FC 
 241      53EBC60E 
 241      ABF061A6 
 241      34B5
 242 03f8 47DF747D 		.ascii	"G\337t}/]\337\000N\332b\276(\0107\351\243?\246)\353"
 242      2F5DDF00 
 242      4EDA62BE 
 242      280837E9 
 242      A33FA629 
 243 040d 0E388008 		.ascii	"\0168\200\010Ze\272\333\320\322\210\336Q\240&\364\036"
 243      5A65BADB 
 243      D0D288DE 
 243      51A026F4 
 243      1E
 244 041e 0CCD6D4A 		.ascii	"\014\315mJ.ub%@O\012\310hEd\021\327G\354A\217;\325]"
 244      2E756225 
 244      404F0AC8 
 244      68456411 
 244      D747EC41 
 245 0436 82986E74 		.ascii	"\202\230nt\007\275\277)\353\2303\253\021\372TR$\022"
 245      07BDBF29 
 245      EB9833AB 
 245      11FA5452 
 245      2412
 246 0448 A7A60C4A 		.ascii	"\247\246\014J\234\314\210<h\236\276\316KU\204\035\350"
 246      9CCC883C 
 246      689EBECE 
 246      4B55841D 
 246      E8
 247 0459 53F72226 		.ascii	"S\367\"&\\l\327\243V\261\036\265\260LU\336t7\333NJ\322"
 247      5C6CD7A3 
 247      56B11EB5 
 247      B04C55DE 
 247      7437DB4E 
 248 046f 6174A79A 		.ascii	"at\247\232\001~\217\302\333h\222n\025\223tOfO\212#\247"
 248      017E8FC2 
 248      DB68926E 
 248      1593744F 
 248      664F8A23 
 249 0484 3E8F2C4A 		.ascii	">\217,JlW\272\013\247N\2305\304~\177H\311\251\222\234"
 249      6C57BA0B 
 249      A74E9835 
 249      C47E7F48 
 249      C9A9929C 
 250 0498 1C7337F6 		.ascii	"\034s7\366/\370\004#z\257\340P>\257|?\021\354x\363H"
 250      2FF80423 
 250      7AAFE050 
ARM GAS  /tmp/ccrP7ar1.s 			page 19


 250      3EAF7C3F 
 250      11EC78F3 
 251 04ad ADAB6DA2 		.ascii	"\255\253m\242\335\"\321.F4oO\317\011\007\030\256\206"
 251      DD22D12E 
 251      46346F4F 
 251      CF090718 
 251      AE86
 252 04bf 8C8FACD2 		.ascii	"\214\217\254\322\275\232\245\373\"\323\330)%\316\245"
 252      BD9AA5FB 
 252      22D3D829 
 252      25CEA5
 253 04ce AE845B85 		.ascii	"\256\204[\205\346JG)\253\217{F\350\365\010\012\254\012"
 253      E64A4729 
 253      AB8F7B46 
 253      E8F5080A 
 253      AC0A
 254 04e0 F549ABAF 		.ascii	"\365I\253\257\266d\334\231u\362!\244[5O\267\275@\247"
 254      B664DC99 
 254      75F221A4 
 254      5B354FB7 
 254      BD40A7
 255 04f3 87A7F4E4 		.ascii	"\207\247\364\344\354\253\316\270\2309\030\212\033\200"
 255      ECABCEB8 
 255      9839188A 
 255      1B80
 256 0501 4D21E574 		.ascii	"M!\345tu\016\311\351\003\340\340\221\344\240\037\331"
 256      750EC9E9 
 256      03E0E091 
 256      E4A01FD9 
 257 0511 F0F07876 		.ascii	"\360\360xv\017u\251%\267\347Y\327Kb\257\023\372;h@\006"
 257      0F75A925 
 257      B7E759D7 
 257      4B62AF13 
 257      FA3B6840 
 258 0526 E952748B 		.ascii	"\351Rt\213K\221\032]hT\221\360E\3742\353\347\312\237"
 258      4B911A5D 
 258      685491F0 
 258      45FC32EB 
 258      E7CA9F
 259 0539 1F505A5B 		.ascii	"\037PZ[\037\232\313zqG\\4\337\223)\344\006t\241m\324"
 259      1F9ACB7A 
 259      71475C34 
 259      DF9329E4 
 259      0674A16D 
 260 054e 349FE99D 		.ascii	"4\237\351\235$\372\223\203G\232\034\370B\273\200~e,"
 260      24FA9383 
 260      479A1CF8 
 260      42BB807E 
 260      652C
 261 0560 61D4095F 		.ascii	"a\324\011_b+}\271\245,\212\257\364\237\310v\255\313"
 261      622B7DB9 
 261      A52C8AAF 
 261      F49FC876 
 261      ADCB
 262 0572 33CDB7BD 		.ascii	"3\315\267\275\320\343\342B\2171\242mw\212\2378\312w"
 262      D0E3E242 
 262      8F31A26D 
ARM GAS  /tmp/ccrP7ar1.s 			page 20


 262      778A9F38 
 262      CA77
 263 0584 E428C047 		.ascii	"\344(\300G(\374)%:.\022\215\037\232|\213oH\353\233\232"
 263      28FC2925 
 263      3A2E128D 
 263      1F9A7C8B 
 263      6F48EB9B 
 264 0599 1BBBA99D 		.ascii	"\033\273\251\235\356/OPq\232\002\241y\373x\216=\256"
 264      EE2F4F50 
 264      719A02A1 
 264      79FB788E 
 264      3DAE
 265 05ab 6634C7F7 		.ascii	"f4\307\367\355\231\340'\207\034\273\322\256\206p'\333"
 265      ED99E027 
 265      871CBBD2 
 265      AE867027 
 265      DB
 266 05bc 345F8834 		.ascii	"4_\2104\177f4\373\332\216d;\313i>\007\370\004\205OQ"
 266      7F6634FB 
 266      DA8E643B 
 266      CB693E07 
 266      F804854F 
 267 05d1 9A2F449A 		.ascii	"\232/D\232\015YQ\015\230\255\326/\252\357$\303$d\016"
 267      0D59510D 
 267      98ADD62F 
 267      AAEF24C3 
 267      24640E
 268 05e4 BB5A3B78 		.ascii	"\273Z;x9\227\203\211\342\027-|\342)\030\364\360Rs\254"
 268      39978389 
 268      E2172D7C 
 268      E22918F4 
 268      F05273AC 
 269 05f8 2B5F30EB 		.ascii	"+_0\353\223\353\316O\356\356\376\374H\214\353X$\306"
 269      93EBCE4F 
 269      EEEEFEFC 
 269      488CEB58 
 269      24C6
 270 060a E2F7443B 		.ascii	"\342\367D;0\360\233\2406g\246d\012\266#a\020x$\"\004"
 270      30F09BA0 
 270      3667A664 
 270      0AB62361 
 270      10782422 
 271 061f 4AB4FE48 		.ascii	"J\264\376H\277\331A\036\211\335\202\032BN\340{\0047"
 271      BFD9411E 
 271      89DD821A 
 271      424EE07B 
 271      0437
 272 0631 71103DA8 		.ascii	"q\020=\250e\243\231b\012!D{s\272\322U\370.#r\322\264"
 272      65A39962 
 272      0A21447B 
 272      73BAD255 
 272      F82E2372 
 273 0647 BF9A2F49 		.ascii	"\277\232/I\012Y\257W\307G\022\235p+\353\024\027\323"
 273      0A59AF57 
 273      C747129D 
 273      702BEB14 
 273      17D3
ARM GAS  /tmp/ccrP7ar1.s 			page 21


 274 0659 8D2FE6CD 		.ascii	"\215/\346\315G\305\005\002\356c\235/;\214F{>\222l\320"
 274      47C50502 
 274      EE639D2F 
 274      3B8C467B 
 274      3E926CD0 
 275 066d 0E735381 		.ascii	"\016sS\201\023\036`\235\305}5U\342H\322\031\235\327"
 275      131E609D 
 275      C57D3555 
 275      E248D219 
 275      9DD7
 276 067f B5DF0E8F 		.ascii	"\265\337\016\217\363\004\332\366p\237\013\236d\312\265"
 276      F304DAF6 
 276      709F0B9E 
 276      64CAB5
 277 068e AAF0BFE3 		.ascii	"\252\360\277\343\010%\375\377z\267\341\217l\220\201"
 277      0825FDFF 
 277      7AB7E18F 
 277      6C9081
 278 069d A4E9CA8C 		.ascii	"\244\351\312\214\202d\314\"\230B\317@a\305\276\010W"
 278      8264CC22 
 278      9842CF40 
 278      61C5BE08 
 278      57
 279 06ae 1C45C1AE 		.ascii	"\034E\301\256\245\325yW\\\321\222\205K,\217\307\222"
 279      A5D57957 
 279      5CD19285 
 279      4B2C8FC7 
 279      92
 280 06bf 2569343D 		.ascii	"%i4=\224v}9y\307\240\327\037t\"\261@\341\002F\207\205"
 280      94767D39 
 280      79C7A0D7 
 280      1F7422B1 
 280      40E10246 
 281 06d5 85960841 		.ascii	"\205\226\010A:#aZI>\213by\020\365(L\201\016\001\340"
 281      3A23615A 
 281      493E8B62 
 281      7910F528 
 281      4C810E01 
 282 06ea 200D2181 		.ascii	" \015!\201\303\366@\251\202\007J\026\226\240$\220t\220"
 282      C3F640A9 
 282      82074A16 
 282      96A02490 
 282      7490
 283 06fc 1490A320 		.ascii	"\024\220\243 i \011 ?\200$\202\034\0079\006r\004$^X"
 283      69200920 
 283      3F802482 
 283      1C073906 
 283      7204245E 
 284 0711 428B5C9A 		.ascii	"B\213\\\232\336\020\24175\266C\361\366\243[)\216\363"
 284      DE10A137 
 284      35B643F1 
 284      F6A35B29 
 284      8EF3
 285 0723 B0ECC366 		.ascii	"\260\354\303f\211\007%nj\370\202`\241\004\240\373\210"
 285      8907256E 
 285      6AF88260 
 285      A104A0FB 
ARM GAS  /tmp/ccrP7ar1.s 			page 22


 285      88
 286 0734 61C5C280 		.ascii	"a\305\302\200\356Zc\015\273\365\2463\024;\015\330\375"
 286      EE5A630D 
 286      BBF5A633 
 286      143B0DD8 
 286      FD
 287 0745 DCAEB855 		.ascii	"\334\256\270U\321>A\206\275\364\205>\377K4\014\330\007"
 287      D13E4186 
 287      BDF4853E 
 287      FF4B340C 
 287      D807
 288 0757 DCAE9887 		.ascii	"\334\256\230\207P\273\234\303Ej\027\016=z\302\261b*"
 288      50BB9CC3 
 288      456A170E 
 288      3D7AC2B1 
 288      622A
 289 0769 802A22B3 		.ascii	"\200*\"\263[l\341\020)\347\260W\316\341\202\005;\211"
 289      5B6CE110 
 289      29E7B057 
 289      CEE18205 
 289      3B89
 290 077b 64D86772 		.ascii	"d\330gr\016\011\024K\326\316(_\273\0119\207c\026\273"
 290      0E09144B 
 290      D6CE285F 
 290      BB093987 
 290      6316BB
 291 078e B1720E1A 		.ascii	"\261r\016\032\231\331|\213\331\003r\263\337Kti\2111"
 291      99D97C8B 
 291      D90372B3 
 291      DF4B7469 
 291      8931
 292 07a0 C5C3BAC1 		.ascii	"\305\303\272\301\265\004@\012^^\024\026;g\223\336\000"
 292      B504400A 
 292      5E5E1416 
 292      3B6793DE 
 292      00
 293 07b1 C7064C4D 		.ascii	"\307\006LME\313ME\311g\236da\370/9\303\030\011K>.\232"
 293      45CB4D45 
 293      C9679E64 
 293      61F82F39 
 293      C318094B 
 294 07c8 3BAE225C 		.ascii	";\256\"\\F\367\267p"
 294      46F7B770 
 295 07d0 BE2EC3EC 		.ascii	"\276.\303\354\210\026z\314\272C\321\217\2601\377\027"
 295      88167ACC 
 295      BA43D18F 
 295      B031FF17 
 296 07e0 9B944DB6 		.ascii	"\233\224M\266)I \223\315\004\203\031\202\245\234\222"
 296      29492093 
 296      CD048319 
 296      82A59C92 
 297 07f0 B9B3FBFF 		.ascii	"\271\263\373\377\213\224\002\247\031\367\310L\253m\254"
 297      8B9402A7 
 297      19F7C84C 
 297      AB6DAC
 298 07ff 405902FB 		.ascii	"@Y\002\373R\2047\371f-=\367\300u\006\232\334\002%t6"
 298      528437F9 
ARM GAS  /tmp/ccrP7ar1.s 			page 23


 298      662D3DF7 
 298      C075069A 
 298      DC022574 
 299 0814 47675374 		.ascii	"GgStn\335\265V\236\200\242\310\031\177\365\310\234\316"
 299      6EDDB556 
 299      9E80A2C8 
 299      197FF5C8 
 299      9CCE
 300 0826 B3D508F1 		.ascii	"\263\325\010\361=:\225X\302uw\253\254\343.f\235\374"
 300      3D3A9558 
 300      C27577AB 
 300      ACE32E66 
 300      9DFC
 301 0838 82093BDB 		.ascii	"\202\011;\333\231\363\224\2309\263X\212\317\016O\215"
 301      99F39498 
 301      39B3588A 
 301      CF0E4F8D 
 302 0848 53CA3367 		.ascii	"S\3123g.\0045\207.\304i\2329O\211\231\363l\343\335g"
 302      2E043587 
 302      2EC4699A 
 302      394F8999 
 302      F36CE3DD 
 303 085d 8EF81A4B 		.ascii	"\216\370\032KN\247\356\351\243\035\305\202b\374E\005"
 303      4EA7EEE9 
 303      A31DC582 
 303      62FC4505 
 304 086d 2576BAA5 		.ascii	"%v\272\245a\306U/_\230\303\333\355\276T\003\277\001"
 304      61C6552F 
 304      5F98C3DB 
 304      EDBE5403 
 304      BF01
 305 087f 34D0AFE6 		.ascii	"4\320\257\346\221\033\211\374\006\260\300*\245\272\363"
 305      911B89FC 
 305      06B0C02A 
 305      A5BAF3
 306 088e 945A5AD5 		.ascii	"\224ZZ\325\010\337\0207\030\271\313O\362\263\370X\222"
 306      08DF1037 
 306      18B9CB4F 
 306      F2B3F858 
 306      92
 307 089f E27F9A48 		.ascii	"\342\177\232H\213v\260\035\225\0221*\305\254\236D&v"
 307      8B76B01D 
 307      9512312A 
 307      C5AC9E44 
 307      2676
 308 08b1 14BE7625 		.ascii	"\024\276v%-\002\236\205\224\3479\312\263D\344Y\275\247"
 308      2D029E85 
 308      94E739CA 
 308      B344E459 
 308      BDA7
 309 08c3 3CFEB559 		.ascii	"<\376\265Y\331D\357\257<[\305\327\267\232V\361\351\302"
 309      D944EFAF 
 309      3C5BC5D7 
 309      B79A56F1 
 309      E9C2
 310 08d5 5A7B7C8B 		.ascii	"Z{|\213\321>t\360y\255\003nbJ\311pN\2113C\232\210~\254"
 310      D13E74F0 
ARM GAS  /tmp/ccrP7ar1.s 			page 24


 310      79AD036E 
 310      624AC970 
 310      4E893343 
 311 08ed 74BC965F 		.ascii	"t\274\226_j\034\254\272\335y\367X\316H\346<lfc\317&"
 311      6A1CACBA 
 311      DD79F758 
 311      CE48E63C 
 311      6C6663CF 
 312 0902 3627CD71 		.ascii	"6'\315q\343\251\020'\274\202\316\367\270y:_,\364&q\276"
 312      E3A91027 
 312      BC82CEF7 
 312      B8793A5F 
 312      2CF42671 
 313 0917 E530834B 		.ascii	"\3450\203Kt\006\227\351\014*\304\031\230\307\352#\261"
 313      740697E9 
 313      0C2AC419 
 313      98C7EA23 
 313      B1
 314 0928 359ACCD7 		.ascii	"5\232\314\327&:\273/!\206\257\304\207\240\036\231L}"
 314      263ABB2F 
 314      2186AFC4 
 314      87A01E99 
 314      4C7D
 315 093a EC8CDB18 		.ascii	"\354\214\333\030\313\241\341\251<\027\334\305\224\322"
 315      CBA1E1A9 
 315      3C17DCC5 
 315      94D2
 316 0948 928B557C 		.ascii	"\222\213U|z+@\315\311\255\250\237\217\037\262\276)c"
 316      7A2B40CD 
 316      C9ADA89F 
 316      8F1FB2BE 
 316      2963
 317 095a 72A1231E 		.ascii	"r\241#\036b\312\361\261\266G\374\004x\220\245NO:\350"
 317      62CAF1B1 
 317      B647FC04 
 317      7890A54E 
 317      4F3AE8
 318 096d 889FB0BE 		.ascii	"\210\237\260\276W\306\250\243\366x\202)q\365q\351\363"
 318      57C6A8A3 
 318      F6788229 
 318      71F571E9 
 318      F3
 319 097e F1145386 		.ascii	"\361\024S\206\015\275\235|\367,\002\365E\177\234\231"
 319      0DBD9D7C 
 319      F72C02F5 
 319      457F9C99 
 320 098e 7FE23859 		.ascii	"\177\3428Y]V\334\371e\345\364\263\230\370\3718\334\216"
 320      5D56DCF9 
 320      65E5F4B3 
 320      98F8F938 
 320      DC8E
 321 09a0 0EBD6B36 		.ascii	"\016\275k6\234\347\330\371\240F\264L_\236\343\263\341"
 321      9CE7D8F9 
 321      A046B44C 
 321      5F9EE3B3 
 321      E1
 322 09b1 B618DB46 		.ascii	"\266\030\333F\266\231\312\243J\023\354\345\227\352\006"
ARM GAS  /tmp/ccrP7ar1.s 			page 25


 322      B699CAA3 
 322      4A13ECE5 
 322      97EA06
 323 09c0 08D74D1A 		.ascii	"\010\327M\032\256;4\\\267\305p\245u\265^\022\344\227"
 323      AE3B345C 
 323      B7C570A5 
 323      75B55E12 
 323      E497
 324 09d2 649BE8B2 		.ascii	"d\233\350\262\306\326\217\361^\306\362i}+\024\263}L"
 324      C6D68FF1 
 324      5EC6F269 
 324      7D2B14B3 
 324      7D4C
 325 09e4 315CAFC9 		.ascii	"1\\\257\311\262\3071L\031<QW=\017\3071\245\247\357\347"
 325      B2C7314C 
 325      193C5157 
 325      3D0FC731 
 325      A5A7EFE7 
 326 09f8 73181F65 		.ascii	"s\030\037e\312\217\203i\007\034q\022\037\3233\\\317"
 326      CA8F8369 
 326      071C7112 
 326      1FD3335C 
 326      CF
 327 0a09 23F43D39 		.ascii	"#\364=9P/F\212\357\2101!\033\356\361\323\336W\0168\203"
 327      502F468A 
 327      EF883121 
 327      1BEEF1D3 
 327      DE570E38 
 328 0a1e 82DFEC4C 		.ascii	"\202\337\354L:R\353\204\330=\303\352\312A/\035KX\245"
 328      3A52EB84 
 328      D83DC3EA 
 328      CA412F1D 
 328      4B58A5
 329 0a31 2F4F7EE3 		.ascii	"/O~\343(\255\012\244\326\337\2004\332k]\353k\005Y1\032"
 329      28AD0AA4 
 329      D6DF8034 
 329      DA6B5DEB 
 329      6B055931 
 330 0a46 F72555E1 		.ascii	"\367%U\3414\257q\004+f\006t\222b\263\221Z\272EtXn\021"
 330      34AF7104 
 330      2B660674 
 330      9262B391 
 330      5ABA4574 
 331 0a5d 3572CBD7 		.ascii	"5r\313\327f\324\033\0007H\340\353\263\323\2606\375L"
 331      66D41B00 
 331      3748E0EB 
 331      B3D3B036 
 331      FD4C
 332 0a6f 42B7CBD1 		.ascii	"B\267\313\321'\344\246\233%p\225\034|U\002\317\250Y"
 332      27E4A69B 
 332      2570951C 
 332      7C5502CF 
 332      A859
 333 0a81 6D30AD56 		.ascii	"m0\255V\332\327\313\013\326\023(X\003P\204\236\202\214"
 333      DAD7CB0B 
 333      D6132858 
 333      0350849E 
ARM GAS  /tmp/ccrP7ar1.s 			page 26


 333      828C
 334 0a93 823C02E9 		.ascii	"\202<\002\351\003\371\011d\030d\010\244\003\244\013"
 334      03F90964 
 334      186408A4 
 334      03A40B
 335 0aa2 E401C843 		.ascii	"\344\001\310C\220\036\220\307 \375 c \203 # \343 \235"
 335      901E90C7 
 335      20FD2063 
 335      20832023 
 335      20E3209D 
 336 0ab6 20DD336E 		.ascii	" \3353n]\305\022\317\273r\236\205\362I\335\221\300\325"
 336      5DC512CF 
 336      BB729E85 
 336      F249DD91 
 336      C0D5
 337 0ac8 B307578C 		.ascii	"\263\007W\214W\034T\363\373t\335\256\300\272\2318X\314"
 337      571C54F3 
 337      FB74DDAE 
 337      C0BA9938 
 337      58CC
 338 0ada 05A84C6E 		.ascii	"\005\250Ln\271H\262|On\371\322k+qOBW\316\036\\\013\017"
 338      B948B27C 
 338      4F6EF9D2 
 338      6B2B714F 
 338      4257CE1E 
 339 0af1 40273134 		.ascii	"@'14IF-r\264\365\305\207`\333%l\251\034{\3415\036\027"
 339      49462D72 
 339      B4F5C587 
 339      60DB256C 
 339      A91C7BE1 
 340 0b08 251E7572 		.ascii	"%\036ur4\273~Y\320\344^\347K\356\226M\020\217[\034,"
 340      34BB7E59 
 340      D0E45EE7 
 340      4BEE964D 
 340      108F5B1C 
 341 0b1d 1E5F542F 		.ascii	"\036_T/\217\3079\311r\363\354\313b\035\351\021\032\351"
 341      8FC739C9 
 341      72F3ECCB 
 341      621DE911 
 341      1AE9
 342 0b2f F360F92C 		.ascii	"\363`\371,\007\213U\006\235\221[>#Y6\317\036i\253\273"
 342      078B5506 
 342      9D915B3E 
 342      235936CF 
 342      1E69ABBB 
 343 0b43 DDF10E7A 		.ascii	"\335\361\016z\267\353\225\337\355H\250\332\304SL\202"
 343      B7EB95DF 
 343      ED48A8DA 
 343      C4534C82 
 344 0b53 7571F660 		.ascii	"uq\366`\255\2248>\241\034\013\200c\236\374\024\353\345"
 344      AD94383E 
 344      A11C0B80 
 344      639EFC14 
 344      EBE5
 345 0b65 1CF3258E 		.ascii	"\034\363%\216\367g]16y\362\201\327\361C\275\022\237"
 345      F7675D31 
 345      3679F281 
ARM GAS  /tmp/ccrP7ar1.s 			page 27


 345      D7F143BD 
 345      129F
 346 0b77 A4A947E8 		.ascii	"\244\251G\350\276\2327\010\251\177!\343>\331\201\010"
 346      BE9A3708 
 346      A97F21E3 
 346      3ED98108 
 347 0b87 F7E730F8 		.ascii	"\367\3470\370\231tU\353\245W\265Y\217\035\232\200\323"
 347      997455EB 
 347      A557B559 
 347      8F1D9A80 
 347      D3
 348 0b98 F6FF3879 		.ascii	"\366\3778y\300;e\270\377\320\314\253\337\363\031\027"
 348      C03B65B8 
 348      FFD0CCAB 
 348      DFF31917 
 349 0ba8 C5497EF5 		.ascii	"\305I~\365#o\245\3776\277\020\207\277~\272i\261\366"
 349      236FA5FF 
 349      36BF1087 
 349      BF7EBA69 
 349      B1F6
 350 0bba A38F142A 		.ascii	"\243\217\024*_\337\235\201Aa\253W\371\206m\322\354\014"
 350      5FDF9D81 
 350      4161AB57 
 350      F9866DD2 
 350      EC0C
 351 0bcc 0DD16C09 		.ascii	"\015\321l\011\014\322|\355\357\277\314/d\307\262\240"
 351      0CD27CED 
 351      EFBFCC2F 
 351      64C7B2A0 
 352 0bdc E0A08065 		.ascii	"\340\240\200e\001~[\002\227\275\357\273f\331\252\025"
 352      017E5B02 
 352      97BDEFBB 
 352      66D9AA15 
 353 0bec 2B3FF876 		.ascii	"+?\370v\225fF\207&0\310\177\373\316\255\001\232\035"
 353      95664687 
 353      2630C87F 
 353      FBCEAD01 
 353      9A1D
 354 0bfe 7EFEDB02 		.ascii	"~\376\333\002\203\0024\276[\003\276\362\333\271=\314"
 354      830234BE 
 354      5B03BEF2 
 354      DBB93DCC 
 355 0c0e 376CD737 		.ascii	"7l\3277\001\241\313\267)\034D\363\177\373o\314\207\356"
 355      01A1CBB7 
 355      291C44F3 
 355      7FFB6FCC 
 355      87EE
 356 0c20 0AD5F886 		.ascii	"\012\325\370\206\206m\005[`sA\320?\002\375\327\005\371"
 356      866D055B 
 356      607341D0 
 356      3F02FDD7 
 356      05F9
 357 0c32 6DD91EB0 		.ascii	"m\331\036\2609\300?,8\344\017\332m\201[\002?\363\321"
 357      39C03F2C 
 357      38E40FDA 
 357      6D815B02 
 357      3FF3D1
ARM GAS  /tmp/ccrP7ar1.s 			page 28


 358 0c45 04876AB6 		.ascii	"\004\207j\266\371m\327|\023\034\022\026\252\361\017"
 358      F96DD77C 
 358      131C1216 
 358      AAF10F
 359 0c54 DEB12338 		.ascii	"\336\261#8H\343\251\333\250\335\370\235\206\214Y\356"
 359      48E3A9DB 
 359      A8DDF89D 
 359      868C59EE 
 360 0c64 AFF81579 		.ascii	"\257\370\025y\257\015\014\225\006\253I\213O@\230\317"
 360      AF0D0C95 
 360      06AB498B 
 360      4F4098CF 
 361 0c74 AED0B080 		.ascii	"\256\320\260\200\035\033\374\202\266n\017\010\361\016"
 361      1D1BFC82 
 361      B66E0F08 
 361      F10E
 362 0c82 090C0E09 		.ascii	"\011\014\016\011\014\333E]i\267\007\370\205x\007\004"
 362      0CDB455D 
 362      69B707F8 
 362      85780704 
 363 0c92 81FBAF1D 		.ascii	"\201\373\257\035\375\267\001p\203\337\366\260\337Z9"
 363      FDB70170 
 363      83DFF6B0 
 363      DF5A39
 364 0ca1 0D09B350 		.ascii	"\015\011\263P\365\337\006d\201\344\333s\231U8\373\372"
 364      F5DF0664 
 364      81E4DB73 
 364      995538FB 
 364      FA
 365 0cb2 7EB533C8 		.ascii	"~\2653\310\337\327w\371\207\037\254x\337A\324\034u\353"
 365      DFD777F9 
 365      871FAC78 
 365      DF41D41C 
 365      75EB
 366 0cc4 7CD6E936 		.ascii	"|\326\3516\257[\373\276\340\345\355\310\326\346C\337"
 366      AF5BFBBE 
 366      E0E5EDC8 
 366      D6E643DF 
 367 0cd4 307BFEB6 		.ascii	"0{\376\266t\257Qzy~\242\263\250\253\225^ZoI]\245\364"
 367      74AF517A 
 367      797EA2B3 
 367      A8AB955E 
 367      5A6F495D 
 368 0cea F2F1D639 		.ascii	"\362\361\3269\350\230\266\022:\327I\235+\240s\235N\351"
 368      E898B612 
 368      3AD7499D 
 368      2BA0739D 
 368      4EE9
 369 0cfc F3B9974E 		.ascii	"\363\271\227Nc5\003\036\254\200\357\3024\332\215>^>"
 369      6335031E 
 369      AC80EFC2 
 369      34DA8D3E 
 369      5E3E
 370 0d0e D27C8243 		.ascii	"\322|\202C\002|\375w\254\201)9~\272\331K\353\3739\254"
 370      027CFD77 
 370      AC812939 
 370      7EBAD94B 
ARM GAS  /tmp/ccrP7ar1.s 			page 29


 370      EBFB39AC 
 371 0d22 2CD8F0D4 		.ascii	",\330\360\324)7n\\\257\303\236kux-\274\275\327\353\224"
 371      29376E5C 
 371      AFC39E6B 
 371      75782DBC 
 371      BDD7EB94 
 372 0d36 9EEB7D74 		.ascii	"\236\353}t\312O\326{\352\354\240\013\000k\211\276\201"
 372      CA4FD67B 
 372      EAECA00B 
 372      006B89BE 
 372      81
 373 0d47 FC68E1C7 		.ascii	"\374h\341\307\316g\203\326G\207}6xc\255\026\336Z\235"
 373      CE6783D6 
 373      47877D36 
 373      7863AD16 
 373      DE5A9D
 374 0d5a 9DA7974E 		.ascii	"\235\247\227N\253Sn\376\3743\035\220\004\204\326{\223"
 374      AB536EFE 
 374      FC331D90 
 374      0484D67B 
 374      93
 375 0d6b D75AF8F5 		.ascii	"\327Z\370\365\324\352\034|\264\237P_\377\006\014\037"
 375      D4EA1C7C 
 375      B49F505F 
 375      FF060C1F 
 376 0d7b 863D     		.ascii	"\206="
 377              		.text
 378              		.section	.gnu.lto_.symtab.483f52bebb95fc7c,"",%progbits
 379 0000 6E766963 		.ascii	"nvicEnableVector\000"
 379      456E6162 
 379      6C655665 
 379      63746F72 
 379      00
 380 0011 00       		.ascii	"\000"
 381 0012 00       		.ascii	"\000"
 382 0013 00       		.ascii	"\000"
 383 0014 00000000 		.ascii	"\000\000\000\000\000\000\000\000"
 383      00000000 
 384 001c C4000000 		.ascii	"\304\000\000\000"
 385 0020 6E766963 		.ascii	"nvicDisableVector\000"
 385      44697361 
 385      626C6556 
 385      6563746F 
 385      7200
 386 0032 00       		.ascii	"\000"
 387 0033 00       		.ascii	"\000"
 388 0034 00       		.ascii	"\000"
 389 0035 00000000 		.ascii	"\000\000\000\000\000\000\000\000"
 389      00000000 
 390 003d C8000000 		.ascii	"\310\000\000\000"
 391 0041 6E766963 		.ascii	"nvicSetSystemHandlerPriority\000"
 391      53657453 
 391      79737465 
 391      6D48616E 
 391      646C6572 
 392 005e 00       		.ascii	"\000"
 393 005f 00       		.ascii	"\000"
ARM GAS  /tmp/ccrP7ar1.s 			page 30


 394 0060 00       		.ascii	"\000"
 395 0061 00000000 		.ascii	"\000\000\000\000\000\000\000\000"
 395      00000000 
 396 0069 CA000000 		.ascii	"\312\000\000\000"
 397 006d 6E766963 		.ascii	"nvicClearPending\000"
 397      436C6561 
 397      7250656E 
 397      64696E67 
 397      00
 398 007e 00       		.ascii	"\000"
 399 007f 00       		.ascii	"\000"
 400 0080 00       		.ascii	"\000"
 401 0081 00000000 		.ascii	"\000\000\000\000\000\000\000\000"
 401      00000000 
 402 0089 CC000000 		.ascii	"\314\000\000\000"
 403 008d 63685379 		.ascii	"chSysHalt\000"
 403      7348616C 
 403      7400
 404 0097 00       		.ascii	"\000"
 405 0098 02       		.ascii	"\002"
 406 0099 00       		.ascii	"\000"
 407 009a 00000000 		.ascii	"\000\000\000\000\000\000\000\000"
 407      00000000 
 408 00a2 D1000000 		.ascii	"\321\000\000\000"
 409              		.text
 410              		.section	.gnu.lto_.opts,"",%progbits
 411 0000 272D6666 		.ascii	"'-ffp-contract=off' '-fmath-errno' '-fsigned-zeros'"
 411      702D636F 
 411      6E747261 
 411      63743D6F 
 411      66662720 
 412 0033 20272D66 		.ascii	" '-ftrapping-math' '-fno-trapv' '-fno-openmp' '-fno"
 412      74726170 
 412      70696E67 
 412      2D6D6174 
 412      68272027 
 413 0066 2D6F7065 		.ascii	"-openacc' '-mcpu=cortex-m4' '-mno-thumb-interwork' "
 413      6E616363 
 413      2720272D 
 413      6D637075 
 413      3D636F72 
 414 0099 272D6D74 		.ascii	"'-mthumb' '-ggdb' '-O2' '-fomit-frame-pointer' '-fa"
 414      68756D62 
 414      2720272D 
 414      67676462 
 414      2720272D 
 415 00cc 6C69676E 		.ascii	"lign-functions=16' '-ffunction-sections' '-fdata-se"
 415      2D66756E 
 415      6374696F 
 415      6E733D31 
 415      36272027 
 416 00ff 6374696F 		.ascii	"ctions' '-fno-common' '-flto'\000"
 416      6E732720 
 416      272D666E 
 416      6F2D636F 
 416      6D6D6F6E 
 417              		.text
ARM GAS  /tmp/ccrP7ar1.s 			page 31


 418              		.comm	__gnu_lto_v1,1,1
 419              		.comm	__gnu_lto_slim,1,1
 420              		.ident	"GCC: (GNU Tools for ARM Embedded Processors) 5.4.1 20160609 (release) [ARM/embedded-5-bran
ARM GAS  /tmp/ccrP7ar1.s 			page 32


DEFINED SYMBOLS
                            *ABS*:00000000 nvic.c
                            *COM*:00000001 __gnu_lto_v1
                            *COM*:00000001 __gnu_lto_slim

NO UNDEFINED SYMBOLS
