ARM GAS  /tmp/cc0ed4VJ.s 			page 1


   1              		.syntax unified
   2              		.cpu cortex-m4
   3              		.fpu softvfp
   4              		.eabi_attribute 20, 1
   5              		.eabi_attribute 21, 1
   6              		.eabi_attribute 23, 3
   7              		.eabi_attribute 24, 1
   8              		.eabi_attribute 25, 1
   9              		.eabi_attribute 26, 1
  10              		.eabi_attribute 30, 2
  11              		.eabi_attribute 34, 1
  12              		.eabi_attribute 18, 4
  13              		.thumb
  14              		.syntax unified
  15              		.file	"sgp4.c"
  16              		.text
  17              	.Ltext0:
  18              		.section	.gnu.lto_.profile.94fb4394faf64d6a,"",%progbits
  19 0000 789C6361 		.ascii	"x\234ca`d`a`\000\222L\214\000\000o\000\016"
  19      60646061 
  19      6000924C 
  19      8C00006F 
  19      000E
  20              		.text
  21              		.section	.gnu.lto_.icf.94fb4394faf64d6a,"",%progbits
  22 0000 789C6361 		.ascii	"x\234ca`d\000\001\016\006\004`d\270\262k\363i\016\006"
  22      60640001 
  22      0E060460 
  22      64B8B26B 
  22      F3690E06 
  23 0014 000F2503 		.ascii	"\000\017%\003#"
  23      23
  24              		.text
  25              		.section	.gnu.lto_.jmpfuncs.94fb4394faf64d6a,"",%progbits
  26 0000 789C6361 		.ascii	"x\234ca`d\000\001N\006\004`d`b\004\213\002\000\001\213"
  26      60640001 
  26      4E060460 
  26      64606204 
  26      8B020001 
  27 0015 0014     		.ascii	"\000\024"
  28              		.text
  29              		.section	.gnu.lto_.inline.94fb4394faf64d6a,"",%progbits
  30 0000 789C6361 		.ascii	"x\234ca`d\000\001\021\006\004\000\21203120\001\231l"
  30      60640001 
  30      11060400 
  30      8A303331 
  30      32300199 
  31 0015 0BE499C0 		.ascii	"\013\344\231\300b\000\012\031\000\352"
  31      62000A19 
  31      00EA
  32              		.text
  33              		.section	.gnu.lto_.pureconst.94fb4394faf64d6a,"",%progbits
  34 0000 789C6361 		.ascii	"x\234ca`d`f`\000\222\014\000\000X\000\012"
  34      60646066 
  34      6000920C 
  34      00005800 
  34      0A
ARM GAS  /tmp/cc0ed4VJ.s 			page 2


  35              		.text
  36              		.section	.gnu.lto_sgp4_visible.94fb4394faf64d6a,"",%progbits
  37 0000 789C6361 		.ascii	"x\234ca`d\000\001. %\001\244\245\201\230\221\231\201"
  37      60640001 
  37      2E202501 
  37      A4A58198 
  37      919981
  38 0013 9169C239 		.ascii	"\221i\3029\006\206F\016&FF\020\243\201\203\221\241\236"
  38      0686460E 
  38      26464610 
  38      A3818391 
  38      A19E
  39 0025 89B19EF1 		.ascii	"\211\261\236\361+\323_&\306C\355\317v2i.o\000\202\007"
  39      2BD35F26 
  39      C643EDCF 
  39      7632692E 
  39      6F008207 
  40 0039 AD925D06 		.ascii	"\255\222]\006\255\314\014\014\377\231\300\30600.g\324"
  40      ADCC0C0C 
  40      FF99C0C6 
  40      30302E67 
  40      D4
  41 004a 042AB9D8 		.ascii	"\004*\271\330\262a\016\363\027\246VfFF\026 \367\343"
  41      B2610EF3 
  41      17A65666 
  41      46461620 
  41      F7E3
  42 005c D9598FF9 		.ascii	"\331Y\217\371@\\&F\005 w\355\263\027;\330\230\371\031"
  42      405C2646 
  42      052077ED 
  42      B3173BD8 
  42      98F919
  43 006f 1980EC49 		.ascii	"\031\200\354I7\216\315\341P_\332\320\320\324\320\360"
  43      378ECDE1 
  43      505FDAD0 
  43      D0D4D0F0 
  44 007f 39A581B3 		.ascii	"9\245\201\263\225\231\231q\025#3\320<\306\225\2142\214"
  44      95999971 
  44      152333D0 
  44      3CC6958C 
  44      328C
  45 0091 2B186518 		.ascii	"+\030e\030\200B\014\214\253\031\325\201\252OL9\266\202"
  45      80420C8C 
  45      AB19D581 
  45      AA4F4C39 
  45      B682
  46 00a3 975904AC 		.ascii	"\227Y\004\254s\356\262)\253\371\241:g\247Bt\256\301"
  46      73EEB229 
  46      ABF9A13A 
  46      67A74274 
  46      AEC1
  47 00b5 A2732DA3 		.ascii	"\242s-\243:H\371\243\215\377\246\362\262\265\200\\\255"
  47      3A48F9A3 
  47      8DFFA6F2 
  47      B2B5805C 
  47      AD
  48 00c6 00712EE3 		.ascii	"\000q.\343:F6\220\357\327\007\035h\370\377\277\271\241"
ARM GAS  /tmp/cc0ed4VJ.s 			page 3


  48      3A463690 
  48      EFD7071D 
  48      68F8FFBF 
  48      B9A1
  49 00d8 61BBE10C 		.ascii	"a\273\341\014&\240\304\007 \006\371\372#\220\003\244"
  49      26A0C407 
  49      2006F9FA 
  49      239003A4 
  50 00e8 995F3132 		.ascii	"\231_12\201\224\202\375\367\201\211\021$\006T\301\223"
  50      819482FD 
  50      F7818911 
  50      240654C1 
  50      93
  51 00f9 9B5892A1 		.ascii	"\233X\222\241_\234^`\242\227\314\300R\222\223j\010\""
  51      5F9C5E60 
  51      A297CCC0 
  51      5292936A 
  51      0822
  52 010b 8C000750 		.ascii	"\214\000\007P_\314"
  52      5FCC
  53              		.text
  54              		.section	.gnu.lto_.symbol_nodes.94fb4394faf64d6a,"",%progbits
  55 0000 789C6361 		.ascii	"x\234ca`d\020a\000\002\246\251L\365\014\014\023\316"
  55      60641061 
  55      0002A6A9 
  55      4CF50C0C 
  55      13CE
  56 0012 313000A9 		.ascii	"10\000\251]\015\212@!\0002\007\004j"
  56      5D0D8A40 
  56      21003207 
  56      046A
  57              		.text
  58              		.section	.gnu.lto_.refs.94fb4394faf64d6a,"",%progbits
  59 0000 789C6361 		.ascii	"x\234ca`\004B \000\000\0009\000\007"
  59      60044220 
  59      00000039 
  59      0007
  60              		.text
  61              		.section	.gnu.lto_.decls.94fb4394faf64d6a,"",%progbits
  62 0000 789C8550 		.ascii	"x\234\205P;H\\A\024\275g\336\270\352\343\261\310\"\262"
  62      3B485C41 
  62      14BD67DE 
  62      B8EAE3B1 
  62      C822B2
  63 0013 C54216AB 		.ascii	"\305B\026\253\265Y\005\323X[\330\245\213\225 \272\030"
  63      B55905D3 
  63      585BD8A5 
  63      8B9520BA 
  63      18
  64 0024 15121015 		.ascii	"\025\022\020\025[\007\2650V\013\242\240I\261\011\242"
  64      5B07B530 
  64      560BA2A0 
  64      49B109A2 
  65 0034 26D9E8AE 		.ascii	"&\331\350\256\253X\005\322\004\322\004\262\205\250,"
  65      AB5805D2 
  65      04D204B2 
  65      85A82C
ARM GAS  /tmp/cc0ed4VJ.s 			page 4


  66 0043 A8201AEC 		.ascii	"\250 \032\354\014\244H\"~\356\314{\263O\260\3602wf\316"
  66      0CA44822 
  66      7EEECC7B 
  66      B34FB0F0 
  66      327766CE 
  67 0057 9973CFDC 		.ascii	"\231s\317\334\031I \035/\004Q\013\257=\234\267\034\014"
  67      1949201D 
  67      2F04510B 
  67      AF3D9CB7 
  67      1C0C
  68 0069 A99BC2D0 		.ascii	"\251\233\302\320\252\035z\030\232\223\2016\306\331\310"
  68      AA1D7A18 
  68      9A938136 
  68      C6D9C8
  69 0078 597CA4E6 		.ascii	"Y|\244\346Z\340f\353\333\277h\005\207\340{\320\340\253"
  69      5AE066EB 
  69      DBBF6805 
  69      87E07BD0 
  69      E0AB
  70 008a E1CF3049 		.ascii	"\341\3170I~\032H\341\250R\260\302\000\013\273\245\252"
  70      7E1A48E1 
  70      A852B0C2 
  70      000BBBA5 
  70      AA
  71 009b 9919B6FE 		.ascii	"\231\031\266\376\326\2061\011\335\021\024\371\330\366"
  71      D6863109 
  71      DD1114F9 
  71      D8F6
  72 00a9 8D008BF0 		.ascii	"\215\000\213\360\002\370\320\026\334\363\363\333\015"
  72      02F8D016 
  72      DCF3F3DB 
  72      0D
  73 00b6 ECC29EAB 		.ascii	"\354\302\236\253o\202}t\256rqQ\357\010\350\375\317_"
  73      6F827D74 
  73      AE727151 
  73      EF08E8FD 
  73      CF5F
  74 00c8 D76748E7 		.ascii	"\327gH\347\025GV)\361$\374\232\362L\341\255\363G \346"
  74      15475629 
  74      F124FC9A 
  74      F24CE1AD 
  74      F34720E6 
  75 00dc 4232FCFD 		.ascii	"B2\374\375c\3714\312\260\321E\222\341\336\337/\377="
  75      63F934CA 
  75      B0D14592 
  75      E1DEDF2F 
  75      FF3D
  76 00ee 27AE3D64 		.ascii	"'\256=di\352\370]\024\251\004\300\303]\265^\204\002"
  76      69EAF85D 
  76      14A904C0 
  76      C35DB55E 
  76      8402
  77 0100 5CE4E1D8 		.ascii	"\\\344\341\330\377^V\263J]Nj\232\367ufefJ]\276W\221"
  77      FF5E56B3 
  77      4A5D4E6A 
  77      9AF77566 
  77      65664A5D 
ARM GAS  /tmp/cc0ed4VJ.s 			page 5


  78 0117 38A13D81 		.ascii	"8\241=\201\266\004\3413R\346\210\260\311\206\033H\350"
  78      B604E133 
  78      52E688B0 
  78      C9861B48 
  78      E8
  79 0128 6EE68B2B 		.ascii	"n\346\213+\257k\2749\255\316N\253\330\367\2501\377\304"
  79      AF6BBC39 
  79      ADCE4EAB 
  79      D8F7A831 
  79      FFC4
  80 013a 828F2C20 		.ascii	"\202\217, \024\341\341\003\322~\353Gor\345Z)\002\272"
  80      14E1E103 
  80      D27EEB47 
  80      6F72E55A 
  80      2902BA
  81 014d 5F6A6E73 		.ascii	"_jns\177\376 R\345\266`\310\363\225\322\252\033_4\035"
  81      7FFE2052 
  81      E5B660C8 
  81      F395D2AA 
  81      1B5F341D 
  82 0161 4FABA444 		.ascii	"O\253\244Dw\323=\317m\304y.A\372\256\273\007\013K\221"
  82      77D33DCF 
  82      6DC4792E 
  82      41FAAEBB 
  82      070B4B91 
  83 0175 E69C2A14 		.ascii	"\346\234*\024\324\311U\326YR_g\270Nh\031\326\341\004"
  83      D4C955D6 
  83      59525F67 
  83      B84E6819 
  83      D6E104
  84 0188 D7EBAD5E 		.ascii	"\327\353\255^\326P\341\357\337A3yc\203#O{'\206\307\206"
  84      D650E1EF 
  84      DF413379 
  84      6383234F 
  84      7B2786C7 
  85 019d FB5F0ED4 		.ascii	"\373_\016\324u={\236\354\354\350 \231\031\352\033\365"
  85      753D7B9E 
  85      ECECE820 
  85      9919EA1B 
  85      F5
  86 01ae 5EF58D0F 		.ascii	"^\365\215\017\265\352\363t\206\356\000iX\230O"
  86      B5EAF374 
  86      86EE0069 
  86      58984F
  87              		.text
  88              		.section	.gnu.lto_.symtab.94fb4394faf64d6a,"",%progbits
  89 0000 73677034 		.ascii	"sgp4_visible\000"
  89      5F766973 
  89      69626C65 
  89      00
  90 000d 00       		.ascii	"\000"
  91 000e 00       		.ascii	"\000"
  92 000f 00       		.ascii	"\000"
  93 0010 00000000 		.ascii	"\000\000\000\000\000\000\000\000"
  93      00000000 
  94 0018 B5000000 		.ascii	"\265\000\000\000"
  95              		.text
ARM GAS  /tmp/cc0ed4VJ.s 			page 6


  96              		.section	.gnu.lto_.opts,"",%progbits
  97 0000 272D6666 		.ascii	"'-ffp-contract=off' '-fmath-errno' '-fsigned-zeros'"
  97      702D636F 
  97      6E747261 
  97      63743D6F 
  97      66662720 
  98 0033 20272D66 		.ascii	" '-ftrapping-math' '-fno-trapv' '-fno-openmp' '-fno"
  98      74726170 
  98      70696E67 
  98      2D6D6174 
  98      68272027 
  99 0066 2D6F7065 		.ascii	"-openacc' '-mcpu=cortex-m4' '-mno-thumb-interwork' "
  99      6E616363 
  99      2720272D 
  99      6D637075 
  99      3D636F72 
 100 0099 272D6D74 		.ascii	"'-mthumb' '-ggdb' '-O2' '-fomit-frame-pointer' '-fa"
 100      68756D62 
 100      2720272D 
 100      67676462 
 100      2720272D 
 101 00cc 6C69676E 		.ascii	"lign-functions=16' '-ffunction-sections' '-fdata-se"
 101      2D66756E 
 101      6374696F 
 101      6E733D31 
 101      36272027 
 102 00ff 6374696F 		.ascii	"ctions' '-fno-common' '-flto'\000"
 102      6E732720 
 102      272D666E 
 102      6F2D636F 
 102      6D6D6F6E 
 103              		.text
 104              		.comm	__gnu_lto_v1,1,1
 105              		.comm	__gnu_lto_slim,1,1
 106              		.ident	"GCC: (GNU Tools for ARM Embedded Processors) 5.4.1 20160609 (release) [ARM/embedded-5-bran
ARM GAS  /tmp/cc0ed4VJ.s 			page 7


DEFINED SYMBOLS
                            *ABS*:00000000 sgp4.c
                            *COM*:00000001 __gnu_lto_v1
                            *COM*:00000001 __gnu_lto_slim

NO UNDEFINED SYMBOLS
